INFO:root:run_master: Namespace(arms='10', hidden='8', layers='1', max_gen='200', message='', mutation_mag='0.01', name='smpl_diffEnv_v2', noise=True, pop_size='50', save_result=True, trials='100')
INFO:root:run_master: Namespace(arms='10', hidden='8', layers='1', max_gen='200', message='', mutation_mag='0.01', name='smpl_diffEnv_v2', noise=False, pop_size='50', save_result=True, trials='100')
INFO:root:Generation: 0
INFO:root:pop fitness: 0.0996
INFO:root:elite fitness: 0.11431999999999999
INFO:root:Generation: 0
INFO:root:pop fitness: 0.10072
INFO:root:elite fitness: 0.11564
INFO:root:Generation: 1
INFO:root:pop fitness: 0.10018
INFO:root:elite fitness: 0.11747999999999999
INFO:root:Generation: 1
INFO:root:pop fitness: 0.09820000000000001
INFO:root:elite fitness: 0.11199999999999999
INFO:root:Generation: 2
INFO:root:pop fitness: 0.09729999999999998
INFO:root:elite fitness: 0.11496
INFO:root:Generation: 2
INFO:root:pop fitness: 0.10286000000000001
INFO:root:elite fitness: 0.12119999999999999
INFO:root:Generation: 3
INFO:root:pop fitness: 0.09808
INFO:root:elite fitness: 0.11571999999999998
INFO:root:Generation: 3
INFO:root:pop fitness: 0.10056
INFO:root:elite fitness: 0.11796
INFO:root:Generation: 4
INFO:root:pop fitness: 0.09858
INFO:root:elite fitness: 0.11728000000000001
INFO:root:Generation: 4
INFO:root:pop fitness: 0.10325999999999999
INFO:root:elite fitness: 0.12356000000000002
INFO:root:Generation: 5
INFO:root:pop fitness: 0.0974
INFO:root:elite fitness: 0.12348
INFO:root:Generation: 5
INFO:root:pop fitness: 0.10174000000000001
INFO:root:elite fitness: 0.127
INFO:root:Generation: 6
INFO:root:pop fitness: 0.10090000000000002
INFO:root:elite fitness: 0.12532
INFO:root:Generation: 6
INFO:root:pop fitness: 0.10628
INFO:root:elite fitness: 0.12940000000000002
INFO:root:Generation: 7
INFO:root:pop fitness: 0.09754
INFO:root:elite fitness: 0.11728
INFO:root:Generation: 7
INFO:root:pop fitness: 0.10065999999999999
INFO:root:elite fitness: 0.1324
INFO:root:Generation: 8
INFO:root:pop fitness: 0.09794
INFO:root:elite fitness: 0.12459999999999999
INFO:root:Generation: 9
INFO:root:pop fitness: 0.09814
INFO:root:elite fitness: 0.12732000000000002
INFO:root:Generation: 8
INFO:root:pop fitness: 0.10852000000000002
INFO:root:elite fitness: 0.14503999999999997
INFO:root:Generation: 9
INFO:root:pop fitness: 0.10268
INFO:root:elite fitness: 0.131
INFO:root:Generation: 10
INFO:root:pop fitness: 0.10758
INFO:root:elite fitness: 0.13956000000000002
INFO:root:Generation: 10
INFO:root:pop fitness: 0.10827999999999999
INFO:root:elite fitness: 0.1414
INFO:root:Generation: 11
INFO:root:pop fitness: 0.11364
INFO:root:elite fitness: 0.13824000000000003
INFO:root:Generation: 11
INFO:root:pop fitness: 0.1122
INFO:root:elite fitness: 0.14448
INFO:root:Generation: 12
INFO:root:pop fitness: 0.10973999999999999
INFO:root:elite fitness: 0.1444
INFO:root:Generation: 12
INFO:root:pop fitness: 0.09945999999999999
INFO:root:elite fitness: 0.13028
INFO:root:Generation: 13
INFO:root:pop fitness: 0.10661999999999999
INFO:root:elite fitness: 0.13724
INFO:root:Generation: 13
INFO:root:pop fitness: 0.10392
INFO:root:elite fitness: 0.14264000000000002
INFO:root:Generation: 14
INFO:root:pop fitness: 0.10392
INFO:root:elite fitness: 0.15011999999999998
INFO:root:Generation: 14
INFO:root:pop fitness: 0.10611999999999998
INFO:root:elite fitness: 0.14684
INFO:root:Generation: 15
INFO:root:pop fitness: 0.10251999999999999
INFO:root:elite fitness: 0.14452
INFO:root:Generation: 15
INFO:root:pop fitness: 0.09663999999999998
INFO:root:elite fitness: 0.13399999999999998
INFO:root:Generation: 16
INFO:root:pop fitness: 0.10548
INFO:root:elite fitness: 0.13644
INFO:root:Generation: 16
INFO:root:pop fitness: 0.11146
INFO:root:elite fitness: 0.1416
INFO:root:Generation: 17
INFO:root:pop fitness: 0.10354
INFO:root:elite fitness: 0.13436
INFO:root:Generation: 18
INFO:root:pop fitness: 0.11091999999999999
INFO:root:elite fitness: 0.15532
INFO:root:Generation: 17
INFO:root:pop fitness: 0.10794000000000001
INFO:root:elite fitness: 0.15344000000000002
INFO:root:Generation: 19
INFO:root:pop fitness: 0.10438
INFO:root:elite fitness: 0.15747999999999998
INFO:root:Generation: 18
INFO:root:pop fitness: 0.10458
INFO:root:elite fitness: 0.14795999999999998
INFO:root:Generation: 20
INFO:root:pop fitness: 0.11038
INFO:root:elite fitness: 0.16292
INFO:root:Generation: 19
INFO:root:pop fitness: 0.11590000000000002
INFO:root:elite fitness: 0.16748000000000002
INFO:root:Generation: 20
INFO:root:pop fitness: 0.12395999999999999
INFO:root:elite fitness: 0.17119999999999996
INFO:root:Generation: 21
INFO:root:pop fitness: 0.10490000000000001
INFO:root:elite fitness: 0.14808000000000002
INFO:root:Generation: 22
INFO:root:pop fitness: 0.11989999999999998
INFO:root:elite fitness: 0.17567999999999998
INFO:root:Generation: 21
INFO:root:pop fitness: 0.11426000000000001
INFO:root:elite fitness: 0.17012
INFO:root:Generation: 23
INFO:root:pop fitness: 0.11598000000000001
INFO:root:elite fitness: 0.15276
INFO:root:Generation: 22
INFO:root:pop fitness: 0.1288
INFO:root:elite fitness: 0.20032
INFO:root:Generation: 24
INFO:root:pop fitness: 0.11304
INFO:root:elite fitness: 0.16924
INFO:root:Generation: 25
INFO:root:pop fitness: 0.11338
INFO:root:elite fitness: 0.15828
INFO:root:Generation: 23
INFO:root:pop fitness: 0.13074
INFO:root:elite fitness: 0.19951999999999998
INFO:root:Generation: 26
INFO:root:pop fitness: 0.11712
INFO:root:elite fitness: 0.16643999999999998
INFO:root:Generation: 24
INFO:root:pop fitness: 0.13702000000000003
INFO:root:elite fitness: 0.21864
INFO:root:Generation: 27
INFO:root:pop fitness: 0.10764000000000001
INFO:root:elite fitness: 0.16736
INFO:root:Generation: 25
INFO:root:pop fitness: 0.13723999999999997
INFO:root:elite fitness: 0.20867999999999998
INFO:root:Generation: 28
INFO:root:pop fitness: 0.12416000000000002
INFO:root:elite fitness: 0.17672000000000002
INFO:root:Generation: 26
INFO:root:pop fitness: 0.12433999999999999
INFO:root:elite fitness: 0.19655999999999998
INFO:root:Generation: 29
INFO:root:pop fitness: 0.12260000000000001
INFO:root:elite fitness: 0.17368000000000003
INFO:root:Generation: 27
INFO:root:pop fitness: 0.13582
INFO:root:elite fitness: 0.19820000000000002
INFO:root:Generation: 30
INFO:root:pop fitness: 0.13086
INFO:root:elite fitness: 0.18899999999999997
INFO:root:Generation: 28
INFO:root:pop fitness: 0.12882
INFO:root:elite fitness: 0.20123999999999995
INFO:root:Generation: 31
INFO:root:pop fitness: 0.11832000000000001
INFO:root:elite fitness: 0.1858
INFO:root:Generation: 29
INFO:root:pop fitness: 0.12686
INFO:root:elite fitness: 0.20184000000000002
INFO:root:Generation: 32
INFO:root:pop fitness: 0.12712
INFO:root:elite fitness: 0.19292
INFO:root:Generation: 33
INFO:root:pop fitness: 0.12691999999999998
INFO:root:elite fitness: 0.18588000000000002
INFO:root:Generation: 30
INFO:root:pop fitness: 0.1414
INFO:root:elite fitness: 0.196
INFO:root:Generation: 34
INFO:root:pop fitness: 0.11248
INFO:root:elite fitness: 0.18836000000000003
INFO:root:Generation: 31
INFO:root:pop fitness: 0.12924
INFO:root:elite fitness: 0.19152000000000002
INFO:root:Generation: 35
INFO:root:pop fitness: 0.11618
INFO:root:elite fitness: 0.18672
INFO:root:Generation: 32
INFO:root:pop fitness: 0.13964000000000001
INFO:root:elite fitness: 0.20636
INFO:root:Generation: 36
INFO:root:pop fitness: 0.11941999999999998
INFO:root:elite fitness: 0.18983999999999998
INFO:root:Generation: 33
INFO:root:pop fitness: 0.13528
INFO:root:elite fitness: 0.21696
INFO:root:Generation: 37
INFO:root:pop fitness: 0.13014
INFO:root:elite fitness: 0.20524
INFO:root:Generation: 34
INFO:root:pop fitness: 0.13842
INFO:root:elite fitness: 0.22659999999999997
INFO:root:Generation: 38
INFO:root:pop fitness: 0.127
INFO:root:elite fitness: 0.18955999999999995
INFO:root:Generation: 35
INFO:root:pop fitness: 0.1425
INFO:root:elite fitness: 0.22643999999999997
INFO:root:Generation: 39
INFO:root:pop fitness: 0.12378000000000002
INFO:root:elite fitness: 0.21276
INFO:root:Generation: 40
INFO:root:pop fitness: 0.12378
INFO:root:elite fitness: 0.22868
INFO:root:Generation: 36
INFO:root:pop fitness: 0.13369999999999999
INFO:root:elite fitness: 0.20828
INFO:root:Generation: 41
INFO:root:pop fitness: 0.12420000000000002
INFO:root:elite fitness: 0.20552
INFO:root:Generation: 37
INFO:root:pop fitness: 0.14288
INFO:root:elite fitness: 0.20412
INFO:root:Generation: 42
INFO:root:pop fitness: 0.12359999999999999
INFO:root:elite fitness: 0.22068
INFO:root:Generation: 38
INFO:root:pop fitness: 0.13014
INFO:root:elite fitness: 0.21355999999999997
INFO:root:Generation: 43
INFO:root:pop fitness: 0.12596
INFO:root:elite fitness: 0.23315999999999998
INFO:root:Generation: 39
INFO:root:pop fitness: 0.13513999999999998
INFO:root:elite fitness: 0.21316
INFO:root:Generation: 44
INFO:root:pop fitness: 0.11513999999999999
INFO:root:elite fitness: 0.21496
INFO:root:Generation: 40
INFO:root:pop fitness: 0.14715999999999999
INFO:root:elite fitness: 0.25148
INFO:root:Generation: 45
INFO:root:pop fitness: 0.1254
INFO:root:elite fitness: 0.21108000000000002
INFO:root:Generation: 41
INFO:root:pop fitness: 0.14416
INFO:root:elite fitness: 0.21352000000000002
INFO:root:Generation: 46
INFO:root:pop fitness: 0.12423999999999999
INFO:root:elite fitness: 0.22072
INFO:root:Generation: 42
INFO:root:pop fitness: 0.13862
INFO:root:elite fitness: 0.24088000000000004
INFO:root:Generation: 47
INFO:root:pop fitness: 0.12825999999999999
INFO:root:elite fitness: 0.22876000000000002
INFO:root:Generation: 43
INFO:root:pop fitness: 0.1339
INFO:root:elite fitness: 0.20488
INFO:root:Generation: 48
INFO:root:pop fitness: 0.11926000000000002
INFO:root:elite fitness: 0.20207999999999998
INFO:root:Generation: 44
INFO:root:pop fitness: 0.13976
INFO:root:elite fitness: 0.20872
INFO:root:Generation: 49
INFO:root:pop fitness: 0.12362000000000002
INFO:root:elite fitness: 0.23308
INFO:root:Generation: 50
INFO:root:pop fitness: 0.11543999999999999
INFO:root:elite fitness: 0.2026
INFO:root:Generation: 45
INFO:root:pop fitness: 0.12886
INFO:root:elite fitness: 0.22048
INFO:root:Generation: 51
INFO:root:pop fitness: 0.12036000000000004
INFO:root:elite fitness: 0.18343999999999996
INFO:root:Generation: 46
INFO:root:pop fitness: 0.13408
INFO:root:elite fitness: 0.22444
INFO:root:Generation: 52
INFO:root:pop fitness: 0.13785999999999998
INFO:root:elite fitness: 0.22692
INFO:root:Generation: 47
INFO:root:pop fitness: 0.13267999999999996
INFO:root:elite fitness: 0.21364
INFO:root:Generation: 53
INFO:root:pop fitness: 0.11728000000000001
INFO:root:elite fitness: 0.20168
INFO:root:Generation: 48
INFO:root:pop fitness: 0.12971999999999997
INFO:root:elite fitness: 0.19848000000000002
INFO:root:Generation: 54
INFO:root:pop fitness: 0.1158
INFO:root:elite fitness: 0.19272000000000003
INFO:root:Generation: 49
INFO:root:pop fitness: 0.14257999999999998
INFO:root:elite fitness: 0.25204
INFO:root:Generation: 55
INFO:root:pop fitness: 0.14117999999999997
INFO:root:elite fitness: 0.24864
INFO:root:Generation: 50
INFO:root:pop fitness: 0.13954
INFO:root:elite fitness: 0.21963999999999997
INFO:root:Generation: 56
INFO:root:pop fitness: 0.12480000000000001
INFO:root:elite fitness: 0.21195999999999998
INFO:root:Generation: 51
INFO:root:pop fitness: 0.12968
INFO:root:elite fitness: 0.20668
INFO:root:Generation: 57
INFO:root:pop fitness: 0.13541999999999998
INFO:root:elite fitness: 0.231
INFO:root:Generation: 52
INFO:root:pop fitness: 0.14151999999999998
INFO:root:elite fitness: 0.24156000000000002
INFO:root:Generation: 58
INFO:root:pop fitness: 0.13785999999999998
INFO:root:elite fitness: 0.22427999999999998
INFO:root:Generation: 59
INFO:root:pop fitness: 0.1301
INFO:root:elite fitness: 0.2336
INFO:root:Generation: 53
INFO:root:pop fitness: 0.14068
INFO:root:elite fitness: 0.22272000000000003
INFO:root:Generation: 60
INFO:root:pop fitness: 0.14042
INFO:root:elite fitness: 0.25456
INFO:root:Generation: 54
INFO:root:pop fitness: 0.13646
INFO:root:elite fitness: 0.22664
INFO:root:Generation: 61
INFO:root:pop fitness: 0.11916
INFO:root:elite fitness: 0.23732
INFO:root:Generation: 55
INFO:root:pop fitness: 0.14064
INFO:root:elite fitness: 0.22279999999999997
INFO:root:Generation: 62
INFO:root:pop fitness: 0.14150000000000001
INFO:root:elite fitness: 0.24144
INFO:root:Generation: 56
INFO:root:pop fitness: 0.13988
INFO:root:elite fitness: 0.24084
INFO:root:Generation: 63
INFO:root:pop fitness: 0.14466000000000004
INFO:root:elite fitness: 0.2506
INFO:root:Generation: 57
INFO:root:pop fitness: 0.1395
INFO:root:elite fitness: 0.21184
INFO:root:Generation: 64
INFO:root:pop fitness: 0.14242
INFO:root:elite fitness: 0.23756000000000005
INFO:root:Generation: 58
INFO:root:pop fitness: 0.1427
INFO:root:elite fitness: 0.21956
INFO:root:Generation: 65
INFO:root:pop fitness: 0.14429999999999998
INFO:root:elite fitness: 0.26775999999999994
INFO:root:Generation: 59
INFO:root:pop fitness: 0.13868
INFO:root:elite fitness: 0.2202
INFO:root:Generation: 66
INFO:root:pop fitness: 0.14992
INFO:root:elite fitness: 0.24259999999999998
INFO:root:Generation: 60
INFO:root:pop fitness: 0.14248000000000002
INFO:root:elite fitness: 0.24396
INFO:root:Generation: 67
INFO:root:pop fitness: 0.13456
INFO:root:elite fitness: 0.2084
INFO:root:Generation: 68
INFO:root:pop fitness: 0.15004
INFO:root:elite fitness: 0.24896000000000001
INFO:root:Generation: 61
INFO:root:pop fitness: 0.14372
INFO:root:elite fitness: 0.22299999999999998
INFO:root:Generation: 69
INFO:root:pop fitness: 0.14022
INFO:root:elite fitness: 0.24324
INFO:root:Generation: 62
INFO:root:pop fitness: 0.14368000000000003
INFO:root:elite fitness: 0.22728
INFO:root:Generation: 70
INFO:root:pop fitness: 0.1443
INFO:root:elite fitness: 0.23263999999999999
INFO:root:Generation: 63
INFO:root:pop fitness: 0.14278000000000002
INFO:root:elite fitness: 0.22651999999999997
INFO:root:Generation: 71
INFO:root:pop fitness: 0.14638
INFO:root:elite fitness: 0.23544
INFO:root:Generation: 64
INFO:root:pop fitness: 0.1407
INFO:root:elite fitness: 0.22183999999999998
INFO:root:Generation: 72
INFO:root:pop fitness: 0.14136
INFO:root:elite fitness: 0.24900000000000003
INFO:root:Generation: 65
INFO:root:pop fitness: 0.14626
INFO:root:elite fitness: 0.24420000000000003
INFO:root:Generation: 73
INFO:root:pop fitness: 0.15206
INFO:root:elite fitness: 0.25284
INFO:root:Generation: 66
INFO:root:pop fitness: 0.13478
INFO:root:elite fitness: 0.1984
INFO:root:Generation: 74
INFO:root:pop fitness: 0.16114
INFO:root:elite fitness: 0.26092
INFO:root:Generation: 67
INFO:root:pop fitness: 0.14894
INFO:root:elite fitness: 0.24607999999999997
INFO:root:Generation: 75
INFO:root:pop fitness: 0.14370000000000002
INFO:root:elite fitness: 0.24471999999999997
INFO:root:Generation: 68
INFO:root:pop fitness: 0.14850000000000002
INFO:root:elite fitness: 0.22656
INFO:root:Generation: 76
INFO:root:pop fitness: 0.14428
INFO:root:elite fitness: 0.23856000000000002
INFO:root:Generation: 69
INFO:root:pop fitness: 0.14168
INFO:root:elite fitness: 0.21867999999999999
INFO:root:Generation: 77
INFO:root:pop fitness: 0.16560000000000002
INFO:root:elite fitness: 0.2678
INFO:root:Generation: 78
INFO:root:pop fitness: 0.15242
INFO:root:elite fitness: 0.25052
INFO:root:Generation: 70
INFO:root:pop fitness: 0.1511
INFO:root:elite fitness: 0.2336
INFO:root:Generation: 79
INFO:root:pop fitness: 0.15524000000000002
INFO:root:elite fitness: 0.25864
INFO:root:Generation: 80
INFO:root:pop fitness: 0.14614000000000002
INFO:root:elite fitness: 0.22956000000000004
INFO:root:Generation: 71
INFO:root:pop fitness: 0.14343999999999998
INFO:root:elite fitness: 0.24712
INFO:root:Generation: 81
INFO:root:pop fitness: 0.15758
INFO:root:elite fitness: 0.26924
INFO:root:Generation: 82
INFO:root:pop fitness: 0.15118
INFO:root:elite fitness: 0.27024000000000004
INFO:root:Generation: 72
INFO:root:pop fitness: 0.14400000000000002
INFO:root:elite fitness: 0.25384
INFO:root:Generation: 83
INFO:root:pop fitness: 0.15926
INFO:root:elite fitness: 0.2612
INFO:root:Generation: 73
INFO:root:pop fitness: 0.13948
INFO:root:elite fitness: 0.22335999999999998
INFO:root:Generation: 84
INFO:root:pop fitness: 0.14584000000000003
INFO:root:elite fitness: 0.24064
INFO:root:Generation: 74
INFO:root:pop fitness: 0.14662
INFO:root:elite fitness: 0.25184
INFO:root:Generation: 85
INFO:root:pop fitness: 0.14014000000000001
INFO:root:elite fitness: 0.27996000000000004
INFO:root:run_master: Namespace(arms='10', hidden='8', layers='1', max_gen='200', message='', mutation_mag='0.01', name='smpl_diffEnv_v2', noise=False, pop_size='50', save_result=True, trials='100')
INFO:root:Generation: 0
INFO:root:pop fitness: 0.09626
INFO:root:elite fitness: 0.11412000000000001
INFO:root:Generation: 75
INFO:root:pop fitness: 0.14022
INFO:root:elite fitness: 0.23976000000000003
INFO:root:Generation: 86
INFO:root:pop fitness: 0.15988000000000002
INFO:root:elite fitness: 0.2462
INFO:root:Generation: 76
INFO:root:pop fitness: 0.15048
INFO:root:elite fitness: 0.22108
INFO:root:run_master: Namespace(arms='10', hidden='8', layers='1', max_gen='200', message='', mutation_mag='0.01', name='smpl_diffEnv_v2', noise=True, pop_size='50', save_result=True, trials='100')
INFO:root:Generation: 87
INFO:root:pop fitness: 0.1421
INFO:root:elite fitness: 0.26308
INFO:root:Generation: 1
INFO:root:pop fitness: 0.0975
INFO:root:elite fitness: 0.1124
INFO:root:Generation: 0
INFO:root:pop fitness: 0.10074
INFO:root:elite fitness: 0.115
INFO:root:Generation: 77
INFO:root:pop fitness: 0.14686000000000002
INFO:root:elite fitness: 0.24667999999999998
INFO:root:Generation: 88
INFO:root:pop fitness: 0.15769999999999998
INFO:root:elite fitness: 0.30704
INFO:root:Generation: 2
INFO:root:pop fitness: 0.10085999999999999
INFO:root:elite fitness: 0.11624000000000001
INFO:root:Generation: 78
INFO:root:pop fitness: 0.14642
INFO:root:elite fitness: 0.24295999999999998
INFO:root:Generation: 89
INFO:root:pop fitness: 0.1539
INFO:root:elite fitness: 0.25744
INFO:root:Generation: 1
INFO:root:pop fitness: 0.10034000000000001
INFO:root:elite fitness: 0.11507999999999999
INFO:root:Generation: 90
INFO:root:pop fitness: 0.14076
INFO:root:elite fitness: 0.24295999999999998
INFO:root:Generation: 79
INFO:root:pop fitness: 0.14876
INFO:root:elite fitness: 0.26236
INFO:root:Generation: 3
INFO:root:pop fitness: 0.09758000000000001
INFO:root:elite fitness: 0.11155999999999999
INFO:root:Generation: 91
INFO:root:pop fitness: 0.15938000000000002
INFO:root:elite fitness: 0.27056
INFO:root:Generation: 2
INFO:root:pop fitness: 0.10332000000000001
INFO:root:elite fitness: 0.12000000000000002
INFO:root:Generation: 80
INFO:root:pop fitness: 0.15086
INFO:root:elite fitness: 0.23887999999999998
INFO:root:Generation: 4
INFO:root:pop fitness: 0.09883999999999998
INFO:root:elite fitness: 0.1152
INFO:root:Generation: 92
INFO:root:pop fitness: 0.14856000000000003
INFO:root:elite fitness: 0.25012000000000006
INFO:root:Generation: 81
INFO:root:pop fitness: 0.15096
INFO:root:elite fitness: 0.27636
INFO:root:Generation: 3
INFO:root:pop fitness: 0.09618
INFO:root:elite fitness: 0.10868
INFO:root:Generation: 5
INFO:root:pop fitness: 0.09902
INFO:root:elite fitness: 0.11520000000000001
INFO:root:Generation: 93
INFO:root:pop fitness: 0.15016
INFO:root:elite fitness: 0.23707999999999999
INFO:root:Generation: 82
INFO:root:pop fitness: 0.16937999999999998
INFO:root:elite fitness: 0.27484000000000003
INFO:root:Generation: 4
INFO:root:pop fitness: 0.10038
INFO:root:elite fitness: 0.12416
INFO:root:Generation: 6
INFO:root:pop fitness: 0.10146
INFO:root:elite fitness: 0.12240000000000001
INFO:root:Generation: 94
INFO:root:pop fitness: 0.15642
INFO:root:elite fitness: 0.25992
INFO:root:Generation: 83
INFO:root:pop fitness: 0.14832
INFO:root:elite fitness: 0.24200000000000002
INFO:root:Generation: 5
INFO:root:pop fitness: 0.09874
INFO:root:elite fitness: 0.11764
INFO:root:Generation: 95
INFO:root:pop fitness: 0.15934
INFO:root:elite fitness: 0.25748
INFO:root:Generation: 7
INFO:root:pop fitness: 0.10076000000000002
INFO:root:elite fitness: 0.12544
INFO:root:Generation: 84
INFO:root:pop fitness: 0.16707999999999998
INFO:root:elite fitness: 0.278
INFO:root:Generation: 96
INFO:root:pop fitness: 0.15724
INFO:root:elite fitness: 0.25448
INFO:root:Generation: 6
INFO:root:pop fitness: 0.10028000000000001
INFO:root:elite fitness: 0.1226
INFO:root:Generation: 8
INFO:root:pop fitness: 0.10373999999999999
INFO:root:elite fitness: 0.12856
INFO:root:Generation: 85
INFO:root:pop fitness: 0.15918000000000002
INFO:root:elite fitness: 0.24208000000000002
INFO:root:Generation: 97
INFO:root:pop fitness: 0.15586
INFO:root:elite fitness: 0.2508
INFO:root:Generation: 7
INFO:root:pop fitness: 0.09981999999999999
INFO:root:elite fitness: 0.11984
INFO:root:Generation: 98
INFO:root:pop fitness: 0.16214000000000003
INFO:root:elite fitness: 0.24760000000000001
INFO:root:Generation: 9
INFO:root:pop fitness: 0.10462000000000002
INFO:root:elite fitness: 0.12875999999999999
INFO:root:Generation: 86
INFO:root:pop fitness: 0.1591
INFO:root:elite fitness: 0.24291999999999997
INFO:root:Generation: 99
INFO:root:pop fitness: 0.1703
INFO:root:elite fitness: 0.27596
INFO:root:Generation: 87
INFO:root:pop fitness: 0.16091999999999998
INFO:root:elite fitness: 0.25048000000000004
INFO:root:Generation: 8
INFO:root:pop fitness: 0.09994
INFO:root:elite fitness: 0.12196
INFO:root:Generation: 10
INFO:root:pop fitness: 0.10244
INFO:root:elite fitness: 0.1346
INFO:root:Generation: 100
INFO:root:pop fitness: 0.14762
INFO:root:elite fitness: 0.22452000000000003
INFO:root:Generation: 88
INFO:root:pop fitness: 0.15746
INFO:root:elite fitness: 0.25451999999999997
INFO:root:Generation: 9
INFO:root:pop fitness: 0.10349999999999998
INFO:root:elite fitness: 0.12292000000000002
INFO:root:Generation: 101
INFO:root:pop fitness: 0.14916
INFO:root:elite fitness: 0.2396
INFO:root:Generation: 11
INFO:root:pop fitness: 0.10461999999999998
INFO:root:elite fitness: 0.14695999999999998
INFO:root:Generation: 89
INFO:root:pop fitness: 0.1573
INFO:root:elite fitness: 0.25416
INFO:root:Generation: 10
INFO:root:pop fitness: 0.09969999999999998
INFO:root:elite fitness: 0.13192
INFO:root:Generation: 12
INFO:root:pop fitness: 0.10454000000000001
INFO:root:elite fitness: 0.13196000000000002
INFO:root:Generation: 102
INFO:root:pop fitness: 0.14673999999999998
INFO:root:elite fitness: 0.21867999999999999
INFO:root:Generation: 90
INFO:root:pop fitness: 0.15334
INFO:root:elite fitness: 0.23739999999999997
INFO:root:Generation: 11
INFO:root:pop fitness: 0.09953999999999999
INFO:root:elite fitness: 0.1318
INFO:root:Generation: 103
INFO:root:pop fitness: 0.16616
INFO:root:elite fitness: 0.24172000000000002
INFO:root:Generation: 13
INFO:root:pop fitness: 0.10609999999999997
INFO:root:elite fitness: 0.14244
INFO:root:Generation: 91
INFO:root:pop fitness: 0.15378
INFO:root:elite fitness: 0.27643999999999996
INFO:root:Generation: 12
INFO:root:pop fitness: 0.10274
INFO:root:elite fitness: 0.13124
INFO:root:Generation: 104
INFO:root:pop fitness: 0.14679999999999999
INFO:root:elite fitness: 0.25567999999999996
INFO:root:Generation: 14
INFO:root:pop fitness: 0.10424
INFO:root:elite fitness: 0.14592
INFO:root:Generation: 92
INFO:root:pop fitness: 0.16024000000000002
INFO:root:elite fitness: 0.27448
INFO:root:Generation: 13
INFO:root:pop fitness: 0.10972
INFO:root:elite fitness: 0.14684
INFO:root:Generation: 105
INFO:root:pop fitness: 0.16326000000000002
INFO:root:elite fitness: 0.27183999999999997
INFO:root:Generation: 15
INFO:root:pop fitness: 0.10244
INFO:root:elite fitness: 0.14184000000000002
INFO:root:Generation: 93
INFO:root:pop fitness: 0.16883999999999996
INFO:root:elite fitness: 0.27127999999999997
INFO:root:Generation: 106
INFO:root:pop fitness: 0.1612
INFO:root:elite fitness: 0.27404
INFO:root:Generation: 94
INFO:root:pop fitness: 0.18066
INFO:root:elite fitness: 0.29212
INFO:root:Generation: 14
INFO:root:pop fitness: 0.10852
INFO:root:elite fitness: 0.14956
INFO:root:Generation: 16
INFO:root:pop fitness: 0.10726000000000002
INFO:root:elite fitness: 0.15055999999999997
INFO:root:Generation: 95
INFO:root:pop fitness: 0.17590000000000003
INFO:root:elite fitness: 0.32308
INFO:root:Generation: 107
INFO:root:pop fitness: 0.15755999999999998
INFO:root:elite fitness: 0.26808000000000004
INFO:root:Generation: 15
INFO:root:pop fitness: 0.10927999999999999
INFO:root:elite fitness: 0.14116
INFO:root:Generation: 17
INFO:root:pop fitness: 0.10863999999999999
INFO:root:elite fitness: 0.15416
INFO:root:Generation: 96
INFO:root:pop fitness: 0.16572000000000003
INFO:root:elite fitness: 0.29767999999999994
INFO:root:Generation: 108
INFO:root:pop fitness: 0.1465
INFO:root:elite fitness: 0.24636
INFO:root:Generation: 16
INFO:root:pop fitness: 0.10691999999999999
INFO:root:elite fitness: 0.14356000000000002
INFO:root:Generation: 97
INFO:root:pop fitness: 0.18600000000000003
INFO:root:elite fitness: 0.33608
INFO:root:Generation: 18
INFO:root:pop fitness: 0.10784
INFO:root:elite fitness: 0.16416
INFO:root:Generation: 109
INFO:root:pop fitness: 0.16794
INFO:root:elite fitness: 0.28679999999999994
INFO:root:Generation: 98
INFO:root:pop fitness: 0.17087999999999998
INFO:root:elite fitness: 0.26844
INFO:root:Generation: 110
INFO:root:pop fitness: 0.1374
INFO:root:elite fitness: 0.271
INFO:root:Generation: 19
INFO:root:pop fitness: 0.10684
INFO:root:elite fitness: 0.15604
INFO:root:Generation: 17
INFO:root:pop fitness: 0.11284000000000001
INFO:root:elite fitness: 0.13724
INFO:root:Generation: 111
INFO:root:pop fitness: 0.16246000000000002
INFO:root:elite fitness: 0.26852
INFO:root:Generation: 99
INFO:root:pop fitness: 0.17921999999999996
INFO:root:elite fitness: 0.3132
INFO:root:Generation: 20
INFO:root:pop fitness: 0.1134
INFO:root:elite fitness: 0.16876000000000002
INFO:root:Generation: 112
INFO:root:pop fitness: 0.15888
INFO:root:elite fitness: 0.26388
INFO:root:Generation: 100
INFO:root:pop fitness: 0.18134000000000003
INFO:root:elite fitness: 0.32676
INFO:root:Generation: 18
INFO:root:pop fitness: 0.10932000000000003
INFO:root:elite fitness: 0.14328
INFO:root:Generation: 113
INFO:root:pop fitness: 0.16742
INFO:root:elite fitness: 0.27643999999999996
INFO:root:Generation: 101
INFO:root:pop fitness: 0.1824
INFO:root:elite fitness: 0.28472000000000003
INFO:root:Generation: 21
INFO:root:pop fitness: 0.10647999999999999
INFO:root:elite fitness: 0.1516
INFO:root:Generation: 19
INFO:root:pop fitness: 0.12234
INFO:root:elite fitness: 0.16112
INFO:root:Generation: 114
INFO:root:pop fitness: 0.17114000000000004
INFO:root:elite fitness: 0.31948000000000004
INFO:root:Generation: 102
INFO:root:pop fitness: 0.18313999999999997
INFO:root:elite fitness: 0.31448000000000004
INFO:root:Generation: 22
INFO:root:pop fitness: 0.10969999999999999
INFO:root:elite fitness: 0.17031999999999997
INFO:root:Generation: 115
INFO:root:pop fitness: 0.159
INFO:root:elite fitness: 0.26044
INFO:root:Generation: 20
INFO:root:pop fitness: 0.11631999999999999
INFO:root:elite fitness: 0.1642
INFO:root:Generation: 103
INFO:root:pop fitness: 0.17808
INFO:root:elite fitness: 0.28772000000000003
INFO:root:Generation: 116
INFO:root:pop fitness: 0.15664
INFO:root:elite fitness: 0.26072
INFO:root:Generation: 23
INFO:root:pop fitness: 0.10724
INFO:root:elite fitness: 0.15612
INFO:root:Generation: 21
INFO:root:pop fitness: 0.11382000000000002
INFO:root:elite fitness: 0.1592
INFO:root:Generation: 117
INFO:root:pop fitness: 0.16879999999999998
INFO:root:elite fitness: 0.25344
INFO:root:Generation: 104
INFO:root:pop fitness: 0.18634000000000003
INFO:root:elite fitness: 0.27899999999999997
INFO:root:Generation: 24
INFO:root:pop fitness: 0.11225999999999998
INFO:root:elite fitness: 0.18344000000000002
INFO:root:Generation: 118
INFO:root:pop fitness: 0.16875999999999997
INFO:root:elite fitness: 0.29116000000000003
INFO:root:Generation: 105
INFO:root:pop fitness: 0.18584
INFO:root:elite fitness: 0.30276
INFO:root:Generation: 22
INFO:root:pop fitness: 0.11548
INFO:root:elite fitness: 0.14948
INFO:root:Generation: 25
INFO:root:pop fitness: 0.11878
INFO:root:elite fitness: 0.17244
INFO:root:Generation: 119
INFO:root:pop fitness: 0.16326000000000002
INFO:root:elite fitness: 0.26567999999999997
INFO:root:Generation: 106
INFO:root:pop fitness: 0.19709999999999997
INFO:root:elite fitness: 0.33471999999999996
INFO:root:Generation: 120
INFO:root:pop fitness: 0.15872
INFO:root:elite fitness: 0.24752000000000002
INFO:root:Generation: 23
INFO:root:pop fitness: 0.12446
INFO:root:elite fitness: 0.17567999999999998
INFO:root:Generation: 26
INFO:root:pop fitness: 0.11467999999999998
INFO:root:elite fitness: 0.19227999999999998
INFO:root:Generation: 107
INFO:root:pop fitness: 0.18412000000000003
INFO:root:elite fitness: 0.2958
INFO:root:Generation: 121
INFO:root:pop fitness: 0.17039999999999997
INFO:root:elite fitness: 0.28387999999999997
INFO:root:Generation: 24
INFO:root:pop fitness: 0.11714000000000001
INFO:root:elite fitness: 0.16088000000000002
INFO:root:Generation: 108
INFO:root:pop fitness: 0.17712
INFO:root:elite fitness: 0.29808
INFO:root:Generation: 27
INFO:root:pop fitness: 0.11358
INFO:root:elite fitness: 0.19227999999999998
INFO:root:Generation: 122
INFO:root:pop fitness: 0.17509999999999998
INFO:root:elite fitness: 0.28976
INFO:root:Generation: 109
INFO:root:pop fitness: 0.20435999999999999
INFO:root:elite fitness: 0.3514
INFO:root:Generation: 28
INFO:root:pop fitness: 0.12034000000000003
INFO:root:elite fitness: 0.18516
INFO:root:Generation: 25
INFO:root:pop fitness: 0.1284
INFO:root:elite fitness: 0.17724000000000004
INFO:root:Generation: 123
INFO:root:pop fitness: 0.16504000000000002
INFO:root:elite fitness: 0.26696000000000003
INFO:root:Generation: 110
INFO:root:pop fitness: 0.19628000000000004
INFO:root:elite fitness: 0.30472
INFO:root:Generation: 29
INFO:root:pop fitness: 0.12194
INFO:root:elite fitness: 0.18231999999999998
INFO:root:Generation: 124
INFO:root:pop fitness: 0.15633999999999998
INFO:root:elite fitness: 0.26592
INFO:root:Generation: 26
INFO:root:pop fitness: 0.13566
INFO:root:elite fitness: 0.1892
INFO:root:Generation: 111
INFO:root:pop fitness: 0.19765999999999997
INFO:root:elite fitness: 0.31376000000000004
INFO:root:Generation: 30
INFO:root:pop fitness: 0.11625999999999999
INFO:root:elite fitness: 0.19548
INFO:root:Generation: 125
INFO:root:pop fitness: 0.17516
INFO:root:elite fitness: 0.2602
INFO:root:Generation: 27
INFO:root:pop fitness: 0.14042
INFO:root:elite fitness: 0.20007999999999998
INFO:root:Generation: 112
INFO:root:pop fitness: 0.18746000000000002
INFO:root:elite fitness: 0.27884
INFO:root:Generation: 31
INFO:root:pop fitness: 0.11757999999999999
INFO:root:elite fitness: 0.18007999999999996
INFO:root:Generation: 126
INFO:root:pop fitness: 0.18136
INFO:root:elite fitness: 0.29952
INFO:root:Generation: 28
INFO:root:pop fitness: 0.13055999999999998
INFO:root:elite fitness: 0.17644
INFO:root:Generation: 113
INFO:root:pop fitness: 0.20796
INFO:root:elite fitness: 0.36591999999999997
INFO:root:Generation: 32
INFO:root:pop fitness: 0.11128000000000002
INFO:root:elite fitness: 0.17552
INFO:root:Generation: 127
INFO:root:pop fitness: 0.1895
INFO:root:elite fitness: 0.29768
INFO:root:Generation: 114
INFO:root:pop fitness: 0.20755999999999997
INFO:root:elite fitness: 0.34504000000000007
INFO:root:Generation: 29
INFO:root:pop fitness: 0.13236
INFO:root:elite fitness: 0.19399999999999998
INFO:root:Generation: 128
INFO:root:pop fitness: 0.16770000000000004
INFO:root:elite fitness: 0.28032
INFO:root:Generation: 33
INFO:root:pop fitness: 0.12686
INFO:root:elite fitness: 0.21688000000000002
INFO:root:Generation: 115
INFO:root:pop fitness: 0.20058
INFO:root:elite fitness: 0.33832
INFO:root:Generation: 129
INFO:root:pop fitness: 0.1604
INFO:root:elite fitness: 0.28192
INFO:root:Generation: 30
INFO:root:pop fitness: 0.12455999999999999
INFO:root:elite fitness: 0.18604000000000004
INFO:root:Generation: 34
INFO:root:pop fitness: 0.11972000000000001
INFO:root:elite fitness: 0.19340000000000004
INFO:root:Generation: 116
INFO:root:pop fitness: 0.19526
INFO:root:elite fitness: 0.3048
INFO:root:Generation: 130
INFO:root:pop fitness: 0.15975999999999999
INFO:root:elite fitness: 0.23276000000000002
INFO:root:Generation: 31
INFO:root:pop fitness: 0.13762
INFO:root:elite fitness: 0.20168000000000003
INFO:root:Generation: 117
INFO:root:pop fitness: 0.18930000000000002
INFO:root:elite fitness: 0.31708000000000003
INFO:root:Generation: 35
INFO:root:pop fitness: 0.12832000000000002
INFO:root:elite fitness: 0.19672000000000003
INFO:root:Generation: 131
INFO:root:pop fitness: 0.17653999999999997
INFO:root:elite fitness: 0.28728000000000004
INFO:root:Generation: 132
INFO:root:pop fitness: 0.1724
INFO:root:elite fitness: 0.2664
INFO:root:Generation: 118
INFO:root:pop fitness: 0.20352000000000003
INFO:root:elite fitness: 0.34940000000000004
INFO:root:Generation: 32
INFO:root:pop fitness: 0.1309
INFO:root:elite fitness: 0.20123999999999997
INFO:root:Generation: 36
INFO:root:pop fitness: 0.13033999999999998
INFO:root:elite fitness: 0.20687999999999998
INFO:root:Generation: 119
INFO:root:pop fitness: 0.22061999999999998
INFO:root:elite fitness: 0.35592
INFO:root:Generation: 133
INFO:root:pop fitness: 0.17640000000000003
INFO:root:elite fitness: 0.29652
INFO:root:Generation: 33
INFO:root:pop fitness: 0.12552000000000002
INFO:root:elite fitness: 0.18468
INFO:root:Generation: 37
INFO:root:pop fitness: 0.11958
INFO:root:elite fitness: 0.17251999999999995
INFO:root:Generation: 120
INFO:root:pop fitness: 0.1924
INFO:root:elite fitness: 0.2766
INFO:root:Generation: 134
INFO:root:pop fitness: 0.15722000000000003
INFO:root:elite fitness: 0.27775999999999995
INFO:root:Generation: 38
INFO:root:pop fitness: 0.13022000000000003
INFO:root:elite fitness: 0.21364
INFO:root:Generation: 34
INFO:root:pop fitness: 0.13348000000000002
INFO:root:elite fitness: 0.20120000000000002
INFO:root:Generation: 121
INFO:root:pop fitness: 0.20852
INFO:root:elite fitness: 0.32248
INFO:root:Generation: 135
INFO:root:pop fitness: 0.17436
INFO:root:elite fitness: 0.29232
INFO:root:Generation: 39
INFO:root:pop fitness: 0.14114
INFO:root:elite fitness: 0.21888
INFO:root:Generation: 35
INFO:root:pop fitness: 0.14029999999999998
INFO:root:elite fitness: 0.19359999999999997
INFO:root:Generation: 136
INFO:root:pop fitness: 0.17937999999999998
INFO:root:elite fitness: 0.28900000000000003
INFO:root:Generation: 122
INFO:root:pop fitness: 0.2065
INFO:root:elite fitness: 0.3604
INFO:root:Generation: 40
INFO:root:pop fitness: 0.12359999999999999
INFO:root:elite fitness: 0.2018
INFO:root:Generation: 36
INFO:root:pop fitness: 0.13144
INFO:root:elite fitness: 0.18975999999999998
INFO:root:Generation: 123
INFO:root:pop fitness: 0.19694
INFO:root:elite fitness: 0.34104
INFO:root:Generation: 41
INFO:root:pop fitness: 0.12777999999999998
INFO:root:elite fitness: 0.20204
INFO:root:Generation: 37
INFO:root:pop fitness: 0.13470000000000001
INFO:root:elite fitness: 0.20112000000000002
INFO:root:Generation: 137
INFO:root:pop fitness: 0.1838
INFO:root:elite fitness: 0.32728
INFO:root:Generation: 124
INFO:root:pop fitness: 0.19150000000000003
INFO:root:elite fitness: 0.31052
INFO:root:Generation: 42
INFO:root:pop fitness: 0.1316
INFO:root:elite fitness: 0.22232
INFO:root:Generation: 38
INFO:root:pop fitness: 0.13706000000000002
INFO:root:elite fitness: 0.20951999999999998
INFO:root:Generation: 138
INFO:root:pop fitness: 0.16606
INFO:root:elite fitness: 0.27432
INFO:root:Generation: 125
INFO:root:pop fitness: 0.20588
INFO:root:elite fitness: 0.3499999999999999
INFO:root:Generation: 43
INFO:root:pop fitness: 0.12597999999999998
INFO:root:elite fitness: 0.21419999999999997
INFO:root:Generation: 39
INFO:root:pop fitness: 0.14931999999999998
INFO:root:elite fitness: 0.21611999999999998
INFO:root:Generation: 139
INFO:root:pop fitness: 0.16268000000000002
INFO:root:elite fitness: 0.2828
INFO:root:Generation: 44
INFO:root:pop fitness: 0.12057999999999999
INFO:root:elite fitness: 0.21559999999999999
INFO:root:Generation: 126
INFO:root:pop fitness: 0.20875999999999997
INFO:root:elite fitness: 0.30932
INFO:root:Generation: 140
INFO:root:pop fitness: 0.17364000000000004
INFO:root:elite fitness: 0.30147999999999997
INFO:root:Generation: 40
INFO:root:pop fitness: 0.13335999999999998
INFO:root:elite fitness: 0.21136
INFO:root:Generation: 45
INFO:root:pop fitness: 0.14652
INFO:root:elite fitness: 0.24375999999999998
INFO:root:Generation: 127
INFO:root:pop fitness: 0.21236
INFO:root:elite fitness: 0.333
INFO:root:Generation: 41
INFO:root:pop fitness: 0.13796
INFO:root:elite fitness: 0.19024000000000002
INFO:root:Generation: 46
INFO:root:pop fitness: 0.12997999999999998
INFO:root:elite fitness: 0.26916000000000007
INFO:root:Generation: 141
INFO:root:pop fitness: 0.17742000000000002
INFO:root:elite fitness: 0.29056
INFO:root:Generation: 128
INFO:root:pop fitness: 0.21360000000000004
INFO:root:elite fitness: 0.35184
INFO:root:Generation: 47
INFO:root:pop fitness: 0.14046
INFO:root:elite fitness: 0.23552
INFO:root:Generation: 42
INFO:root:pop fitness: 0.1383
INFO:root:elite fitness: 0.2106
INFO:root:Generation: 142
INFO:root:pop fitness: 0.17024
INFO:root:elite fitness: 0.29512
INFO:root:Generation: 48
INFO:root:pop fitness: 0.14150000000000001
INFO:root:elite fitness: 0.26084
INFO:root:Generation: 129
INFO:root:pop fitness: 0.19162
INFO:root:elite fitness: 0.31779999999999997
INFO:root:Generation: 43
INFO:root:pop fitness: 0.14402
INFO:root:elite fitness: 0.21264000000000002
INFO:root:Generation: 143
INFO:root:pop fitness: 0.17204
INFO:root:elite fitness: 0.3146
INFO:root:Generation: 49
INFO:root:pop fitness: 0.14052
INFO:root:elite fitness: 0.23328
INFO:root:Generation: 44
INFO:root:pop fitness: 0.12232000000000001
INFO:root:elite fitness: 0.18436
INFO:root:Generation: 130
INFO:root:pop fitness: 0.20806000000000002
INFO:root:elite fitness: 0.33504
INFO:root:Generation: 50
INFO:root:pop fitness: 0.13822
INFO:root:elite fitness: 0.24508000000000002
INFO:root:Generation: 144
INFO:root:pop fitness: 0.17026
INFO:root:elite fitness: 0.2946
INFO:root:Generation: 45
INFO:root:pop fitness: 0.1489
INFO:root:elite fitness: 0.23319999999999996
INFO:root:Generation: 51
INFO:root:pop fitness: 0.13956000000000002
INFO:root:elite fitness: 0.20528000000000002
INFO:root:Generation: 145
INFO:root:pop fitness: 0.15928
INFO:root:elite fitness: 0.26056000000000007
INFO:root:Generation: 131
INFO:root:pop fitness: 0.19444
INFO:root:elite fitness: 0.35556000000000004
INFO:root:Generation: 46
INFO:root:pop fitness: 0.12798
INFO:root:elite fitness: 0.18808
INFO:root:Generation: 52
INFO:root:pop fitness: 0.14078
INFO:root:elite fitness: 0.2602
INFO:root:Generation: 146
INFO:root:pop fitness: 0.18015999999999996
INFO:root:elite fitness: 0.27604
INFO:root:Generation: 132
INFO:root:pop fitness: 0.20122
INFO:root:elite fitness: 0.32212
INFO:root:Generation: 53
INFO:root:pop fitness: 0.13674
INFO:root:elite fitness: 0.21472000000000002
INFO:root:Generation: 47
INFO:root:pop fitness: 0.13814
INFO:root:elite fitness: 0.18796
INFO:root:Generation: 147
INFO:root:pop fitness: 0.19580000000000003
INFO:root:elite fitness: 0.2978
INFO:root:Generation: 133
INFO:root:pop fitness: 0.20162
INFO:root:elite fitness: 0.33236000000000004
INFO:root:Generation: 54
INFO:root:pop fitness: 0.13985999999999998
INFO:root:elite fitness: 0.24316
INFO:root:Generation: 48
INFO:root:pop fitness: 0.13682
INFO:root:elite fitness: 0.1852
INFO:root:Generation: 148
INFO:root:pop fitness: 0.18426
INFO:root:elite fitness: 0.28448
INFO:root:Generation: 134
INFO:root:pop fitness: 0.19798000000000002
INFO:root:elite fitness: 0.33464000000000005
INFO:root:Generation: 55
INFO:root:pop fitness: 0.1348
INFO:root:elite fitness: 0.23815999999999998
INFO:root:Generation: 56
INFO:root:pop fitness: 0.12718
INFO:root:elite fitness: 0.21783999999999998
INFO:root:Generation: 149
INFO:root:pop fitness: 0.18452
INFO:root:elite fitness: 0.27796000000000004
INFO:root:Generation: 49
INFO:root:pop fitness: 0.12818
INFO:root:elite fitness: 0.20244
INFO:root:Generation: 135
INFO:root:pop fitness: 0.20794
INFO:root:elite fitness: 0.34752000000000005
INFO:root:Generation: 57
INFO:root:pop fitness: 0.136
INFO:root:elite fitness: 0.25004000000000004
INFO:root:Generation: 150
INFO:root:pop fitness: 0.17622
INFO:root:elite fitness: 0.32488
INFO:root:Generation: 50
INFO:root:pop fitness: 0.13174
INFO:root:elite fitness: 0.19099999999999998
INFO:root:Generation: 58
INFO:root:pop fitness: 0.13952
INFO:root:elite fitness: 0.23379999999999998
INFO:root:Generation: 136
INFO:root:pop fitness: 0.20049999999999998
INFO:root:elite fitness: 0.33568
INFO:root:Generation: 151
INFO:root:pop fitness: 0.18905999999999998
INFO:root:elite fitness: 0.30464
INFO:root:Generation: 51
INFO:root:pop fitness: 0.13351999999999997
INFO:root:elite fitness: 0.19564
INFO:root:Generation: 59
INFO:root:pop fitness: 0.13784000000000002
INFO:root:elite fitness: 0.251
INFO:root:Generation: 137
INFO:root:pop fitness: 0.20200000000000004
INFO:root:elite fitness: 0.33171999999999996
INFO:root:Generation: 152
INFO:root:pop fitness: 0.19052
INFO:root:elite fitness: 0.29288
INFO:root:Generation: 60
INFO:root:pop fitness: 0.1353
INFO:root:elite fitness: 0.24832
INFO:root:Generation: 52
INFO:root:pop fitness: 0.13802
INFO:root:elite fitness: 0.20864000000000002
INFO:root:Generation: 138
INFO:root:pop fitness: 0.18927999999999998
INFO:root:elite fitness: 0.33132
INFO:root:Generation: 153
INFO:root:pop fitness: 0.17608000000000004
INFO:root:elite fitness: 0.25856
INFO:root:Generation: 61
INFO:root:pop fitness: 0.13066
INFO:root:elite fitness: 0.20900000000000002
INFO:root:Generation: 53
INFO:root:pop fitness: 0.14518
INFO:root:elite fitness: 0.21044000000000002
INFO:root:Generation: 154
INFO:root:pop fitness: 0.18612
INFO:root:elite fitness: 0.30820000000000003
INFO:root:Generation: 62
INFO:root:pop fitness: 0.12686000000000003
INFO:root:elite fitness: 0.23464000000000002
INFO:root:Generation: 54
INFO:root:pop fitness: 0.13226000000000002
INFO:root:elite fitness: 0.20023999999999997
INFO:root:Generation: 139
INFO:root:pop fitness: 0.19731999999999997
INFO:root:elite fitness: 0.31568
INFO:root:Generation: 155
INFO:root:pop fitness: 0.17572
INFO:root:elite fitness: 0.28492000000000006
INFO:root:Generation: 63
INFO:root:pop fitness: 0.12486000000000003
INFO:root:elite fitness: 0.19992
INFO:root:Generation: 55
INFO:root:pop fitness: 0.12712
INFO:root:elite fitness: 0.19148000000000004
INFO:root:Generation: 140
INFO:root:pop fitness: 0.20836
INFO:root:elite fitness: 0.39583999999999997
INFO:root:Generation: 64
INFO:root:pop fitness: 0.13334
INFO:root:elite fitness: 0.20684000000000002
INFO:root:Generation: 156
INFO:root:pop fitness: 0.18624
INFO:root:elite fitness: 0.31651999999999997
INFO:root:Generation: 56
INFO:root:pop fitness: 0.13708
INFO:root:elite fitness: 0.2088
INFO:root:Generation: 157
INFO:root:pop fitness: 0.18735999999999997
INFO:root:elite fitness: 0.31112
INFO:root:Generation: 141
INFO:root:pop fitness: 0.2089
INFO:root:elite fitness: 0.33668
INFO:root:Generation: 65
INFO:root:pop fitness: 0.12616000000000002
INFO:root:elite fitness: 0.23284000000000002
INFO:root:Generation: 57
INFO:root:pop fitness: 0.13902
INFO:root:elite fitness: 0.22576000000000004
INFO:root:Generation: 158
INFO:root:pop fitness: 0.18886000000000003
INFO:root:elite fitness: 0.34188
INFO:root:Generation: 66
INFO:root:pop fitness: 0.1233
INFO:root:elite fitness: 0.20088
INFO:root:Generation: 142
INFO:root:pop fitness: 0.19488
INFO:root:elite fitness: 0.34464
INFO:root:Generation: 58
INFO:root:pop fitness: 0.14498
INFO:root:elite fitness: 0.217
INFO:root:Generation: 159
INFO:root:pop fitness: 0.19523999999999997
INFO:root:elite fitness: 0.29716000000000004
INFO:root:Generation: 67
INFO:root:pop fitness: 0.12516
INFO:root:elite fitness: 0.20375999999999997
INFO:root:Generation: 143
INFO:root:pop fitness: 0.21849999999999997
INFO:root:elite fitness: 0.36060000000000003
INFO:root:Generation: 59
INFO:root:pop fitness: 0.14221999999999999
INFO:root:elite fitness: 0.22064
INFO:root:Generation: 144
INFO:root:pop fitness: 0.21286000000000002
INFO:root:elite fitness: 0.30832
INFO:root:Generation: 160
INFO:root:pop fitness: 0.19085999999999997
INFO:root:elite fitness: 0.29107999999999995
INFO:root:Generation: 68
INFO:root:pop fitness: 0.13422
INFO:root:elite fitness: 0.22264000000000003
INFO:root:Generation: 60
INFO:root:pop fitness: 0.1394
INFO:root:elite fitness: 0.237
INFO:root:Generation: 161
INFO:root:pop fitness: 0.17742000000000002
INFO:root:elite fitness: 0.31296
INFO:root:Generation: 145
INFO:root:pop fitness: 0.20494
INFO:root:elite fitness: 0.31548
INFO:root:Generation: 69
INFO:root:pop fitness: 0.13924
INFO:root:elite fitness: 0.23084
INFO:root:Generation: 61
INFO:root:pop fitness: 0.143
INFO:root:elite fitness: 0.22656
INFO:root:Generation: 162
INFO:root:pop fitness: 0.18292000000000003
INFO:root:elite fitness: 0.31708
INFO:root:Generation: 146
INFO:root:pop fitness: 0.19990000000000002
INFO:root:elite fitness: 0.31228
INFO:root:Generation: 70
INFO:root:pop fitness: 0.13751999999999998
INFO:root:elite fitness: 0.22144000000000003
INFO:root:Generation: 163
INFO:root:pop fitness: 0.19744
INFO:root:elite fitness: 0.34616
INFO:root:Generation: 62
INFO:root:pop fitness: 0.13862000000000002
INFO:root:elite fitness: 0.21355999999999997
INFO:root:Generation: 147
INFO:root:pop fitness: 0.20328000000000002
INFO:root:elite fitness: 0.33012
INFO:root:Generation: 71
INFO:root:pop fitness: 0.12916
INFO:root:elite fitness: 0.21036000000000002
INFO:root:Generation: 164
INFO:root:pop fitness: 0.19297999999999998
INFO:root:elite fitness: 0.32544000000000006
INFO:root:Generation: 63
INFO:root:pop fitness: 0.15118
INFO:root:elite fitness: 0.25064000000000003
INFO:root:Generation: 72
INFO:root:pop fitness: 0.13514
INFO:root:elite fitness: 0.22292
INFO:root:Generation: 148
INFO:root:pop fitness: 0.21406000000000003
INFO:root:elite fitness: 0.33928
INFO:root:Generation: 64
INFO:root:pop fitness: 0.14523999999999998
INFO:root:elite fitness: 0.20708
INFO:root:Generation: 165
INFO:root:pop fitness: 0.18758000000000002
INFO:root:elite fitness: 0.2866
INFO:root:Generation: 73
INFO:root:pop fitness: 0.12178000000000001
INFO:root:elite fitness: 0.21903999999999996
INFO:root:Generation: 149
INFO:root:pop fitness: 0.21208000000000002
INFO:root:elite fitness: 0.33599999999999997
INFO:root:Generation: 65
INFO:root:pop fitness: 0.15683999999999998
INFO:root:elite fitness: 0.23768
INFO:root:Generation: 166
INFO:root:pop fitness: 0.16548000000000002
INFO:root:elite fitness: 0.28728000000000004
INFO:root:Generation: 74
INFO:root:pop fitness: 0.1305
INFO:root:elite fitness: 0.25795999999999997
INFO:root:Generation: 150
INFO:root:pop fitness: 0.19928000000000004
INFO:root:elite fitness: 0.32911999999999997
INFO:root:Generation: 66
INFO:root:pop fitness: 0.15352
INFO:root:elite fitness: 0.24836
INFO:root:Generation: 167
INFO:root:pop fitness: 0.19016000000000002
INFO:root:elite fitness: 0.33852
INFO:root:Generation: 75
INFO:root:pop fitness: 0.12362000000000001
INFO:root:elite fitness: 0.2
INFO:root:Generation: 67
INFO:root:pop fitness: 0.14388
INFO:root:elite fitness: 0.23556000000000002
INFO:root:Generation: 151
INFO:root:pop fitness: 0.22386
INFO:root:elite fitness: 0.35296
INFO:root:Generation: 76
INFO:root:pop fitness: 0.12660000000000002
INFO:root:elite fitness: 0.22655999999999998
INFO:root:Generation: 168
INFO:root:pop fitness: 0.20184000000000002
INFO:root:elite fitness: 0.31523999999999996
INFO:root:Generation: 68
INFO:root:pop fitness: 0.13018000000000002
INFO:root:elite fitness: 0.19887999999999997
INFO:root:Generation: 169
INFO:root:pop fitness: 0.17927999999999997
INFO:root:elite fitness: 0.29284000000000004
INFO:root:Generation: 77
INFO:root:pop fitness: 0.1461
INFO:root:elite fitness: 0.21532
INFO:root:Generation: 152
INFO:root:pop fitness: 0.19481999999999997
INFO:root:elite fitness: 0.31776
INFO:root:Generation: 69
INFO:root:pop fitness: 0.13784000000000002
INFO:root:elite fitness: 0.23848
INFO:root:Generation: 78
INFO:root:pop fitness: 0.12078000000000001
INFO:root:elite fitness: 0.22008
INFO:root:Generation: 170
INFO:root:pop fitness: 0.19138
INFO:root:elite fitness: 0.35912
INFO:root:Generation: 153
INFO:root:pop fitness: 0.1966
INFO:root:elite fitness: 0.34992000000000006
INFO:root:Generation: 70
INFO:root:pop fitness: 0.12758
INFO:root:elite fitness: 0.21024
INFO:root:Generation: 79
INFO:root:pop fitness: 0.14512
INFO:root:elite fitness: 0.23979999999999996
INFO:root:Generation: 171
INFO:root:pop fitness: 0.19288
INFO:root:elite fitness: 0.3126
INFO:root:Generation: 154
INFO:root:pop fitness: 0.20352
INFO:root:elite fitness: 0.35863999999999996
INFO:root:Generation: 71
INFO:root:pop fitness: 0.14788
INFO:root:elite fitness: 0.24316000000000002
INFO:root:Generation: 80
INFO:root:pop fitness: 0.13914
INFO:root:elite fitness: 0.21491999999999997
INFO:root:Generation: 172
INFO:root:pop fitness: 0.19957999999999998
INFO:root:elite fitness: 0.34896
INFO:root:Generation: 81
INFO:root:pop fitness: 0.13177999999999998
INFO:root:elite fitness: 0.21119999999999997
INFO:root:Generation: 72
INFO:root:pop fitness: 0.13729999999999998
INFO:root:elite fitness: 0.20668
INFO:root:Generation: 155
INFO:root:pop fitness: 0.19846
INFO:root:elite fitness: 0.36583999999999994
INFO:root:Generation: 173
INFO:root:pop fitness: 0.17557999999999999
INFO:root:elite fitness: 0.2878
INFO:root:Generation: 82
INFO:root:pop fitness: 0.13536
INFO:root:elite fitness: 0.21988
INFO:root:Generation: 73
INFO:root:pop fitness: 0.13744
INFO:root:elite fitness: 0.24648
INFO:root:Generation: 156
INFO:root:pop fitness: 0.21036
INFO:root:elite fitness: 0.39787999999999996
INFO:root:Generation: 174
INFO:root:pop fitness: 0.20128000000000001
INFO:root:elite fitness: 0.3354
INFO:root:Generation: 83
INFO:root:pop fitness: 0.13094
INFO:root:elite fitness: 0.21760000000000002
INFO:root:Generation: 74
INFO:root:pop fitness: 0.13352
INFO:root:elite fitness: 0.22855999999999999
INFO:root:Generation: 157
INFO:root:pop fitness: 0.19166
INFO:root:elite fitness: 0.32464
INFO:root:Generation: 84
INFO:root:pop fitness: 0.13626
INFO:root:elite fitness: 0.23188000000000003
INFO:root:Generation: 175
INFO:root:pop fitness: 0.19988000000000003
INFO:root:elite fitness: 0.33576000000000006
INFO:root:Generation: 75
INFO:root:pop fitness: 0.15946
INFO:root:elite fitness: 0.26428
INFO:root:Generation: 85
INFO:root:pop fitness: 0.1197
INFO:root:elite fitness: 0.21824
INFO:root:Generation: 158
INFO:root:pop fitness: 0.20877999999999997
INFO:root:elite fitness: 0.34812000000000004
INFO:root:Generation: 86
INFO:root:pop fitness: 0.13782
INFO:root:elite fitness: 0.29412
INFO:root:Generation: 76
INFO:root:pop fitness: 0.16142
INFO:root:elite fitness: 0.25952
INFO:root:Generation: 159
INFO:root:pop fitness: 0.2079
INFO:root:elite fitness: 0.35375999999999996
INFO:root:Generation: 87
INFO:root:pop fitness: 0.14712000000000003
INFO:root:elite fitness: 0.24651999999999996
INFO:root:Generation: 176
INFO:root:pop fitness: 0.20084
INFO:root:elite fitness: 0.29932000000000003
INFO:root:Generation: 77
INFO:root:pop fitness: 0.14392
INFO:root:elite fitness: 0.24808
INFO:root:Generation: 160
INFO:root:pop fitness: 0.2032
INFO:root:elite fitness: 0.39836
INFO:root:Generation: 88
INFO:root:pop fitness: 0.13854
INFO:root:elite fitness: 0.23976
INFO:root:Generation: 177
INFO:root:pop fitness: 0.18914
INFO:root:elite fitness: 0.308
INFO:root:Generation: 78
INFO:root:pop fitness: 0.1512
INFO:root:elite fitness: 0.26196
INFO:root:Generation: 161
INFO:root:pop fitness: 0.20384
INFO:root:elite fitness: 0.36416
INFO:root:Generation: 89
INFO:root:pop fitness: 0.15124
INFO:root:elite fitness: 0.26248
INFO:root:Generation: 178
INFO:root:pop fitness: 0.18495999999999999
INFO:root:elite fitness: 0.2918
INFO:root:Generation: 79
INFO:root:pop fitness: 0.14776
INFO:root:elite fitness: 0.26144
INFO:root:Generation: 162
INFO:root:pop fitness: 0.20912000000000003
INFO:root:elite fitness: 0.32800000000000007
INFO:root:Generation: 90
INFO:root:pop fitness: 0.1484
INFO:root:elite fitness: 0.26792
INFO:root:Generation: 179
INFO:root:pop fitness: 0.18655999999999998
INFO:root:elite fitness: 0.34304
INFO:root:Generation: 163
INFO:root:pop fitness: 0.19246
INFO:root:elite fitness: 0.31796
INFO:root:Generation: 80
INFO:root:pop fitness: 0.16052
INFO:root:elite fitness: 0.24708000000000002
INFO:root:Generation: 91
INFO:root:pop fitness: 0.15246
INFO:root:elite fitness: 0.28396
INFO:root:Generation: 180
INFO:root:pop fitness: 0.18167999999999998
INFO:root:elite fitness: 0.29547999999999996
INFO:root:Generation: 164
INFO:root:pop fitness: 0.21736
INFO:root:elite fitness: 0.33760000000000007
INFO:root:Generation: 81
INFO:root:pop fitness: 0.16450000000000004
INFO:root:elite fitness: 0.25276
INFO:root:Generation: 181
INFO:root:pop fitness: 0.17496000000000003
INFO:root:elite fitness: 0.28752
INFO:root:Generation: 92
INFO:root:pop fitness: 0.15652
INFO:root:elite fitness: 0.29852000000000006
INFO:root:Generation: 165
INFO:root:pop fitness: 0.21222000000000002
INFO:root:elite fitness: 0.33891999999999994
INFO:root:Generation: 182
INFO:root:pop fitness: 0.1891
INFO:root:elite fitness: 0.315
INFO:root:Generation: 82
INFO:root:pop fitness: 0.14852
INFO:root:elite fitness: 0.24896000000000001
INFO:root:Generation: 93
INFO:root:pop fitness: 0.13956
INFO:root:elite fitness: 0.23868000000000003
INFO:root:Generation: 183
INFO:root:pop fitness: 0.1942
INFO:root:elite fitness: 0.2964
INFO:root:Generation: 94
INFO:root:pop fitness: 0.14622000000000002
INFO:root:elite fitness: 0.25672
INFO:root:Generation: 166
INFO:root:pop fitness: 0.20334
INFO:root:elite fitness: 0.3728
INFO:root:Generation: 83
INFO:root:pop fitness: 0.14086
INFO:root:elite fitness: 0.22116
INFO:root:Generation: 184
INFO:root:pop fitness: 0.17896
INFO:root:elite fitness: 0.28831999999999997
INFO:root:Generation: 95
INFO:root:pop fitness: 0.14442000000000002
INFO:root:elite fitness: 0.24396
INFO:root:Generation: 167
INFO:root:pop fitness: 0.19884000000000002
INFO:root:elite fitness: 0.33895999999999993
INFO:root:Generation: 84
INFO:root:pop fitness: 0.1484
INFO:root:elite fitness: 0.24028
INFO:root:Generation: 185
INFO:root:pop fitness: 0.17877999999999997
INFO:root:elite fitness: 0.30112
INFO:root:Generation: 168
INFO:root:pop fitness: 0.19966
INFO:root:elite fitness: 0.34352000000000005
INFO:root:Generation: 96
INFO:root:pop fitness: 0.15719999999999998
INFO:root:elite fitness: 0.29624
INFO:root:Generation: 186
INFO:root:pop fitness: 0.21528
INFO:root:elite fitness: 0.35164
INFO:root:Generation: 85
INFO:root:pop fitness: 0.14334
INFO:root:elite fitness: 0.24080000000000001
INFO:root:Generation: 169
INFO:root:pop fitness: 0.20058
INFO:root:elite fitness: 0.34836
INFO:root:Generation: 97
INFO:root:pop fitness: 0.17694
INFO:root:elite fitness: 0.28876
INFO:root:Generation: 187
INFO:root:pop fitness: 0.19397999999999999
INFO:root:elite fitness: 0.34363999999999995
INFO:root:Generation: 86
INFO:root:pop fitness: 0.15946
INFO:root:elite fitness: 0.25379999999999997
INFO:root:Generation: 170
INFO:root:pop fitness: 0.18262
INFO:root:elite fitness: 0.29444
INFO:root:Generation: 188
INFO:root:pop fitness: 0.20152
INFO:root:elite fitness: 0.31620000000000004
INFO:root:Generation: 98
INFO:root:pop fitness: 0.16736
INFO:root:elite fitness: 0.27892
INFO:root:Generation: 87
INFO:root:pop fitness: 0.14778
INFO:root:elite fitness: 0.21731999999999999
INFO:root:Generation: 171
INFO:root:pop fitness: 0.19712000000000005
INFO:root:elite fitness: 0.35456
INFO:root:Generation: 189
INFO:root:pop fitness: 0.19749999999999995
INFO:root:elite fitness: 0.33504
INFO:root:Generation: 99
INFO:root:pop fitness: 0.16537999999999997
INFO:root:elite fitness: 0.30776000000000003
INFO:root:Generation: 88
INFO:root:pop fitness: 0.15103999999999998
INFO:root:elite fitness: 0.23608
INFO:root:Generation: 190
INFO:root:pop fitness: 0.17936000000000007
INFO:root:elite fitness: 0.30172
INFO:root:Generation: 172
INFO:root:pop fitness: 0.21106000000000003
INFO:root:elite fitness: 0.34763999999999995
INFO:root:Generation: 100
INFO:root:pop fitness: 0.16332000000000002
INFO:root:elite fitness: 0.30448000000000003
INFO:root:Generation: 89
INFO:root:pop fitness: 0.16782
INFO:root:elite fitness: 0.28575999999999996
INFO:root:Generation: 191
INFO:root:pop fitness: 0.19459999999999997
INFO:root:elite fitness: 0.31488
INFO:root:Generation: 101
INFO:root:pop fitness: 0.15510000000000002
INFO:root:elite fitness: 0.27396
INFO:root:Generation: 173
INFO:root:pop fitness: 0.19871999999999995
INFO:root:elite fitness: 0.32572
INFO:root:Generation: 90
INFO:root:pop fitness: 0.15572
INFO:root:elite fitness: 0.2396
INFO:root:Generation: 192
INFO:root:pop fitness: 0.19314
INFO:root:elite fitness: 0.31339999999999996
INFO:root:Generation: 102
INFO:root:pop fitness: 0.15058
INFO:root:elite fitness: 0.29208
INFO:root:Generation: 91
INFO:root:pop fitness: 0.15783999999999998
INFO:root:elite fitness: 0.25368
INFO:root:Generation: 174
INFO:root:pop fitness: 0.20643999999999998
INFO:root:elite fitness: 0.3188
INFO:root:Generation: 103
INFO:root:pop fitness: 0.1582
INFO:root:elite fitness: 0.29368
INFO:root:Generation: 193
INFO:root:pop fitness: 0.20809999999999998
INFO:root:elite fitness: 0.35384
INFO:root:Generation: 92
INFO:root:pop fitness: 0.15940000000000001
INFO:root:elite fitness: 0.23556000000000002
INFO:root:Generation: 104
INFO:root:pop fitness: 0.16446000000000002
INFO:root:elite fitness: 0.28596000000000005
INFO:root:Generation: 194
INFO:root:pop fitness: 0.19554
INFO:root:elite fitness: 0.32456
INFO:root:Generation: 93
INFO:root:pop fitness: 0.14446
INFO:root:elite fitness: 0.2334
INFO:root:Generation: 175
INFO:root:pop fitness: 0.20933999999999994
INFO:root:elite fitness: 0.37207999999999997
INFO:root:Generation: 105
INFO:root:pop fitness: 0.15705999999999998
INFO:root:elite fitness: 0.28868000000000005
INFO:root:Generation: 94
INFO:root:pop fitness: 0.16718
INFO:root:elite fitness: 0.27112
INFO:root:Generation: 195
INFO:root:pop fitness: 0.19131999999999993
INFO:root:elite fitness: 0.30432000000000003
INFO:root:Generation: 106
INFO:root:pop fitness: 0.15952
INFO:root:elite fitness: 0.26492
INFO:root:Generation: 176
INFO:root:pop fitness: 0.20806000000000002
INFO:root:elite fitness: 0.32868
INFO:root:Generation: 95
INFO:root:pop fitness: 0.1335
INFO:root:elite fitness: 0.2562
INFO:root:Generation: 107
INFO:root:pop fitness: 0.1422
INFO:root:elite fitness: 0.251
INFO:root:Generation: 196
INFO:root:pop fitness: 0.20110000000000003
INFO:root:elite fitness: 0.3545999999999999
INFO:root:Generation: 108
INFO:root:pop fitness: 0.17116
INFO:root:elite fitness: 0.28088
INFO:root:Generation: 96
INFO:root:pop fitness: 0.15216
INFO:root:elite fitness: 0.23232
INFO:root:Generation: 177
INFO:root:pop fitness: 0.20733999999999997
INFO:root:elite fitness: 0.3392
INFO:root:Generation: 197
INFO:root:pop fitness: 0.19907999999999998
INFO:root:elite fitness: 0.31712
INFO:root:Generation: 109
INFO:root:pop fitness: 0.14923999999999998
INFO:root:elite fitness: 0.27556
INFO:root:Generation: 97
INFO:root:pop fitness: 0.13976
INFO:root:elite fitness: 0.25548
INFO:root:Generation: 178
INFO:root:pop fitness: 0.213
INFO:root:elite fitness: 0.38055999999999995
INFO:root:Generation: 198
INFO:root:pop fitness: 0.19732
INFO:root:elite fitness: 0.31067999999999996
INFO:root:Generation: 110
INFO:root:pop fitness: 0.15396
INFO:root:elite fitness: 0.26996
INFO:root:Generation: 98
INFO:root:pop fitness: 0.15267999999999998
INFO:root:elite fitness: 0.25139999999999996
INFO:root:Generation: 179
INFO:root:pop fitness: 0.20255999999999996
INFO:root:elite fitness: 0.34767999999999993
INFO:root:Generation: 111
INFO:root:pop fitness: 0.16390000000000002
INFO:root:elite fitness: 0.284
INFO:root:Generation: 199
INFO:root:pop fitness: 0.21076
INFO:root:elite fitness: 0.33624000000000004
INFO:root:Generation: 99
INFO:root:pop fitness: 0.15990000000000001
INFO:root:elite fitness: 0.28936
INFO:root:Generation: 112
INFO:root:pop fitness: 0.16174
INFO:root:elite fitness: 0.29676
INFO:root:Generation: 180
INFO:root:pop fitness: 0.20342000000000002
INFO:root:elite fitness: 0.35396000000000005
INFO:root:Generation: 100
INFO:root:pop fitness: 0.15628
INFO:root:elite fitness: 0.23604
INFO:root:Generation: 113
INFO:root:pop fitness: 0.17112
INFO:root:elite fitness: 0.30388
INFO:root:Generation: 181
INFO:root:pop fitness: 0.20135999999999998
INFO:root:elite fitness: 0.34848000000000007
INFO:root:Generation: 101
INFO:root:pop fitness: 0.14878
INFO:root:elite fitness: 0.21420000000000003
INFO:root:Generation: 114
INFO:root:pop fitness: 0.16972
INFO:root:elite fitness: 0.2714
INFO:root:Generation: 182
INFO:root:pop fitness: 0.20435999999999999
INFO:root:elite fitness: 0.34663999999999995
INFO:root:Generation: 102
INFO:root:pop fitness: 0.15238000000000002
INFO:root:elite fitness: 0.23148000000000002
INFO:root:Generation: 115
INFO:root:pop fitness: 0.16238000000000002
INFO:root:elite fitness: 0.26916
INFO:root:Generation: 103
INFO:root:pop fitness: 0.15946000000000002
INFO:root:elite fitness: 0.26064
INFO:root:Generation: 183
INFO:root:pop fitness: 0.20902
INFO:root:elite fitness: 0.32164000000000004
INFO:root:Generation: 116
INFO:root:pop fitness: 0.1579
INFO:root:elite fitness: 0.26892
INFO:root:Generation: 104
INFO:root:pop fitness: 0.16734000000000002
INFO:root:elite fitness: 0.24944
INFO:root:Generation: 117
INFO:root:pop fitness: 0.17363999999999996
INFO:root:elite fitness: 0.3164
INFO:root:Generation: 105
INFO:root:pop fitness: 0.16790000000000002
INFO:root:elite fitness: 0.26076
INFO:root:Generation: 184
INFO:root:pop fitness: 0.19527999999999998
INFO:root:elite fitness: 0.33636000000000005
INFO:root:Generation: 118
INFO:root:pop fitness: 0.16642000000000004
INFO:root:elite fitness: 0.28468
INFO:root:Generation: 106
INFO:root:pop fitness: 0.16047999999999998
INFO:root:elite fitness: 0.25388
INFO:root:Generation: 185
INFO:root:pop fitness: 0.20054
INFO:root:elite fitness: 0.33664
INFO:root:Generation: 119
INFO:root:pop fitness: 0.16582
INFO:root:elite fitness: 0.31367999999999996
INFO:root:Generation: 107
INFO:root:pop fitness: 0.1659
INFO:root:elite fitness: 0.25736000000000003
INFO:root:Generation: 186
INFO:root:pop fitness: 0.20844000000000001
INFO:root:elite fitness: 0.34548
INFO:root:Generation: 120
INFO:root:pop fitness: 0.17926000000000003
INFO:root:elite fitness: 0.29952
INFO:root:Generation: 108
INFO:root:pop fitness: 0.16976
INFO:root:elite fitness: 0.27880000000000005
INFO:root:Generation: 121
INFO:root:pop fitness: 0.16292
INFO:root:elite fitness: 0.27852
INFO:root:Generation: 187
INFO:root:pop fitness: 0.19390000000000002
INFO:root:elite fitness: 0.33543999999999996
INFO:root:Generation: 109
INFO:root:pop fitness: 0.16188
INFO:root:elite fitness: 0.27671999999999997
INFO:root:Generation: 122
INFO:root:pop fitness: 0.16865999999999995
INFO:root:elite fitness: 0.308
INFO:root:Generation: 188
INFO:root:pop fitness: 0.20199999999999999
INFO:root:elite fitness: 0.30532
INFO:root:Generation: 110
INFO:root:pop fitness: 0.16384
INFO:root:elite fitness: 0.28488
INFO:root:Generation: 123
INFO:root:pop fitness: 0.17106
INFO:root:elite fitness: 0.28340000000000004
INFO:root:Generation: 189
INFO:root:pop fitness: 0.19663999999999998
INFO:root:elite fitness: 0.31195999999999996
INFO:root:Generation: 190
INFO:root:pop fitness: 0.21066
INFO:root:elite fitness: 0.33012
INFO:root:Generation: 124
INFO:root:pop fitness: 0.17697999999999997
INFO:root:elite fitness: 0.33887999999999996
INFO:root:Generation: 111
INFO:root:pop fitness: 0.16526
INFO:root:elite fitness: 0.25908000000000003
INFO:root:Generation: 191
INFO:root:pop fitness: 0.19985999999999998
INFO:root:elite fitness: 0.32764000000000004
INFO:root:Generation: 125
INFO:root:pop fitness: 0.15768000000000001
INFO:root:elite fitness: 0.293
INFO:root:Generation: 112
INFO:root:pop fitness: 0.17586000000000002
INFO:root:elite fitness: 0.30524
INFO:root:Generation: 192
INFO:root:pop fitness: 0.20501999999999998
INFO:root:elite fitness: 0.35332
INFO:root:Generation: 126
INFO:root:pop fitness: 0.15758
INFO:root:elite fitness: 0.28468000000000004
INFO:root:Generation: 113
INFO:root:pop fitness: 0.17648
INFO:root:elite fitness: 0.27176
INFO:root:Generation: 193
INFO:root:pop fitness: 0.21443999999999996
INFO:root:elite fitness: 0.35076
INFO:root:Generation: 127
INFO:root:pop fitness: 0.15788
INFO:root:elite fitness: 0.2656
INFO:root:Generation: 114
INFO:root:pop fitness: 0.16386
INFO:root:elite fitness: 0.2464
INFO:root:Generation: 194
INFO:root:pop fitness: 0.18391999999999997
INFO:root:elite fitness: 0.29148
INFO:root:Generation: 128
INFO:root:pop fitness: 0.17021999999999998
INFO:root:elite fitness: 0.29496
INFO:root:Generation: 115
INFO:root:pop fitness: 0.165
INFO:root:elite fitness: 0.27864
INFO:root:Generation: 195
INFO:root:pop fitness: 0.19311999999999999
INFO:root:elite fitness: 0.3128
INFO:root:Generation: 129
INFO:root:pop fitness: 0.17777999999999994
INFO:root:elite fitness: 0.304
INFO:root:Generation: 116
INFO:root:pop fitness: 0.1638
INFO:root:elite fitness: 0.29144
INFO:root:Generation: 196
INFO:root:pop fitness: 0.1929
INFO:root:elite fitness: 0.29568
INFO:root:Generation: 130
INFO:root:pop fitness: 0.16798
INFO:root:elite fitness: 0.28592
INFO:root:Generation: 117
INFO:root:pop fitness: 0.16599999999999998
INFO:root:elite fitness: 0.27008
INFO:root:Generation: 131
INFO:root:pop fitness: 0.16076000000000001
INFO:root:elite fitness: 0.30704000000000004
INFO:root:Generation: 197
INFO:root:pop fitness: 0.20595999999999998
INFO:root:elite fitness: 0.35400000000000004
INFO:root:Generation: 118
INFO:root:pop fitness: 0.16372
INFO:root:elite fitness: 0.27192
INFO:root:Generation: 132
INFO:root:pop fitness: 0.16054000000000002
INFO:root:elite fitness: 0.28292
INFO:root:Generation: 198
INFO:root:pop fitness: 0.20070000000000007
INFO:root:elite fitness: 0.3044
INFO:root:Generation: 133
INFO:root:pop fitness: 0.17137999999999998
INFO:root:elite fitness: 0.29884
INFO:root:Generation: 119
INFO:root:pop fitness: 0.17892
INFO:root:elite fitness: 0.28772
INFO:root:Generation: 134
INFO:root:pop fitness: 0.18255999999999997
INFO:root:elite fitness: 0.33303999999999995
INFO:root:Generation: 199
INFO:root:pop fitness: 0.19846
INFO:root:elite fitness: 0.3406
INFO:root:Generation: 120
INFO:root:pop fitness: 0.16941999999999996
INFO:root:elite fitness: 0.28064
INFO:root:Generation: 135
INFO:root:pop fitness: 0.16942000000000002
INFO:root:elite fitness: 0.28852000000000005
INFO:root:Generation: 121
INFO:root:pop fitness: 0.16433999999999999
INFO:root:elite fitness: 0.28888
INFO:root:Generation: 136
INFO:root:pop fitness: 0.18234000000000006
INFO:root:elite fitness: 0.29216000000000003
INFO:root:Generation: 122
INFO:root:pop fitness: 0.16218
INFO:root:elite fitness: 0.26512
INFO:root:Generation: 137
INFO:root:pop fitness: 0.17974
INFO:root:elite fitness: 0.2974
INFO:root:Generation: 138
INFO:root:pop fitness: 0.17071999999999998
INFO:root:elite fitness: 0.28812
INFO:root:Generation: 123
INFO:root:pop fitness: 0.1812
INFO:root:elite fitness: 0.33616
INFO:root:Generation: 139
INFO:root:pop fitness: 0.17990000000000003
INFO:root:elite fitness: 0.31192
INFO:root:Generation: 124
INFO:root:pop fitness: 0.17718
INFO:root:elite fitness: 0.30644000000000005
INFO:root:Generation: 140
INFO:root:pop fitness: 0.17129999999999998
INFO:root:elite fitness: 0.28696000000000005
INFO:root:Generation: 125
INFO:root:pop fitness: 0.18131999999999998
INFO:root:elite fitness: 0.29916
INFO:root:Generation: 141
INFO:root:pop fitness: 0.1594
INFO:root:elite fitness: 0.26964
INFO:root:Generation: 126
INFO:root:pop fitness: 0.17848
INFO:root:elite fitness: 0.30256
INFO:root:Generation: 142
INFO:root:pop fitness: 0.17371999999999999
INFO:root:elite fitness: 0.30136
INFO:root:Generation: 143
INFO:root:pop fitness: 0.17181999999999997
INFO:root:elite fitness: 0.31232000000000004
INFO:root:Generation: 127
INFO:root:pop fitness: 0.19472
INFO:root:elite fitness: 0.30484
INFO:root:Generation: 144
INFO:root:pop fitness: 0.1717
INFO:root:elite fitness: 0.31556
INFO:root:Generation: 128
INFO:root:pop fitness: 0.17445999999999998
INFO:root:elite fitness: 0.29028000000000004
INFO:root:Generation: 145
INFO:root:pop fitness: 0.18747999999999998
INFO:root:elite fitness: 0.30524000000000007
INFO:root:Generation: 129
INFO:root:pop fitness: 0.17365999999999995
INFO:root:elite fitness: 0.31208
INFO:root:Generation: 146
INFO:root:pop fitness: 0.17004000000000002
INFO:root:elite fitness: 0.27968000000000004
INFO:root:Generation: 130
INFO:root:pop fitness: 0.19394000000000003
INFO:root:elite fitness: 0.34444
INFO:root:Generation: 131
INFO:root:pop fitness: 0.1848
INFO:root:elite fitness: 0.322
INFO:root:Generation: 147
INFO:root:pop fitness: 0.16376000000000002
INFO:root:elite fitness: 0.27943999999999997
INFO:root:Generation: 132
INFO:root:pop fitness: 0.18856
INFO:root:elite fitness: 0.33308
INFO:root:Generation: 148
INFO:root:pop fitness: 0.17038
INFO:root:elite fitness: 0.31204
INFO:root:Generation: 133
INFO:root:pop fitness: 0.18173999999999998
INFO:root:elite fitness: 0.30548
INFO:root:Generation: 149
INFO:root:pop fitness: 0.179
INFO:root:elite fitness: 0.3188
INFO:root:Generation: 134
INFO:root:pop fitness: 0.19130000000000003
INFO:root:elite fitness: 0.3222
INFO:root:Generation: 150
INFO:root:pop fitness: 0.17456
INFO:root:elite fitness: 0.34076
INFO:root:Generation: 135
INFO:root:pop fitness: 0.17425999999999997
INFO:root:elite fitness: 0.30544
INFO:root:Generation: 151
INFO:root:pop fitness: 0.18309999999999998
INFO:root:elite fitness: 0.31395999999999996
INFO:root:Generation: 136
INFO:root:pop fitness: 0.18378
INFO:root:elite fitness: 0.33848
INFO:root:Generation: 152
INFO:root:pop fitness: 0.16099999999999998
INFO:root:elite fitness: 0.29116
INFO:root:Generation: 137
INFO:root:pop fitness: 0.19515999999999997
INFO:root:elite fitness: 0.30548000000000003
INFO:root:Generation: 153
INFO:root:pop fitness: 0.16335999999999998
INFO:root:elite fitness: 0.31012
INFO:root:Generation: 154
INFO:root:pop fitness: 0.18253999999999998
INFO:root:elite fitness: 0.31916
INFO:root:Generation: 138
INFO:root:pop fitness: 0.1924
INFO:root:elite fitness: 0.32452
INFO:root:Generation: 155
INFO:root:pop fitness: 0.18968
INFO:root:elite fitness: 0.33096000000000003
INFO:root:Generation: 139
INFO:root:pop fitness: 0.18611999999999998
INFO:root:elite fitness: 0.3088
INFO:root:Generation: 156
INFO:root:pop fitness: 0.17489999999999994
INFO:root:elite fitness: 0.32275999999999994
INFO:root:Generation: 140
INFO:root:pop fitness: 0.18456000000000003
INFO:root:elite fitness: 0.29484
INFO:root:Generation: 157
INFO:root:pop fitness: 0.17550000000000002
INFO:root:elite fitness: 0.30128
INFO:root:Generation: 141
INFO:root:pop fitness: 0.19058
INFO:root:elite fitness: 0.32932
INFO:root:Generation: 158
INFO:root:pop fitness: 0.1857
INFO:root:elite fitness: 0.33616
INFO:root:Generation: 159
INFO:root:pop fitness: 0.1787
INFO:root:elite fitness: 0.32084
INFO:root:Generation: 142
INFO:root:pop fitness: 0.19128
INFO:root:elite fitness: 0.28596
INFO:root:Generation: 160
INFO:root:pop fitness: 0.17604
INFO:root:elite fitness: 0.2976
INFO:root:Generation: 143
INFO:root:pop fitness: 0.18132
INFO:root:elite fitness: 0.2998
INFO:root:Generation: 161
INFO:root:pop fitness: 0.17758
INFO:root:elite fitness: 0.3134
INFO:root:Generation: 144
INFO:root:pop fitness: 0.20164
INFO:root:elite fitness: 0.34184
INFO:root:Generation: 162
INFO:root:pop fitness: 0.17214000000000002
INFO:root:elite fitness: 0.31679999999999997
INFO:root:Generation: 145
INFO:root:pop fitness: 0.20352
INFO:root:elite fitness: 0.33944
INFO:root:Generation: 163
INFO:root:pop fitness: 0.17660000000000003
INFO:root:elite fitness: 0.31504
INFO:root:Generation: 146
INFO:root:pop fitness: 0.19026000000000004
INFO:root:elite fitness: 0.30672
INFO:root:Generation: 164
INFO:root:pop fitness: 0.1938
INFO:root:elite fitness: 0.32344
INFO:root:Generation: 147
INFO:root:pop fitness: 0.21694000000000002
INFO:root:elite fitness: 0.32799999999999996
INFO:root:Generation: 165
INFO:root:pop fitness: 0.1793
INFO:root:elite fitness: 0.31095999999999996
INFO:root:Generation: 166
INFO:root:pop fitness: 0.17972000000000002
INFO:root:elite fitness: 0.30707999999999996
INFO:root:Generation: 148
INFO:root:pop fitness: 0.20836
INFO:root:elite fitness: 0.36284
INFO:root:Generation: 167
INFO:root:pop fitness: 0.17942000000000002
INFO:root:elite fitness: 0.29412000000000005
INFO:root:Generation: 149
INFO:root:pop fitness: 0.19209999999999997
INFO:root:elite fitness: 0.30124
INFO:root:Generation: 168
INFO:root:pop fitness: 0.1775
INFO:root:elite fitness: 0.30191999999999997
INFO:root:Generation: 150
INFO:root:pop fitness: 0.19438
INFO:root:elite fitness: 0.34031999999999996
INFO:root:Generation: 169
INFO:root:pop fitness: 0.17956
INFO:root:elite fitness: 0.30563999999999997
INFO:root:Generation: 151
INFO:root:pop fitness: 0.19402
INFO:root:elite fitness: 0.31431999999999993
INFO:root:Generation: 170
INFO:root:pop fitness: 0.17604
INFO:root:elite fitness: 0.29956
INFO:root:Generation: 152
INFO:root:pop fitness: 0.20840000000000003
INFO:root:elite fitness: 0.3192
INFO:root:Generation: 171
INFO:root:pop fitness: 0.16168000000000002
INFO:root:elite fitness: 0.26328
INFO:root:Generation: 153
INFO:root:pop fitness: 0.18406
INFO:root:elite fitness: 0.33419999999999994
INFO:root:Generation: 172
INFO:root:pop fitness: 0.16426000000000002
INFO:root:elite fitness: 0.319
INFO:root:Generation: 154
INFO:root:pop fitness: 0.19669999999999999
INFO:root:elite fitness: 0.32956
INFO:root:Generation: 173
INFO:root:pop fitness: 0.17925999999999997
INFO:root:elite fitness: 0.307
INFO:root:Generation: 155
INFO:root:pop fitness: 0.19186
INFO:root:elite fitness: 0.30304000000000003
INFO:root:Generation: 174
INFO:root:pop fitness: 0.14804
INFO:root:elite fitness: 0.2736
INFO:root:Generation: 175
INFO:root:pop fitness: 0.16763999999999998
INFO:root:elite fitness: 0.32543999999999995
INFO:root:Generation: 156
INFO:root:pop fitness: 0.19153999999999996
INFO:root:elite fitness: 0.33116
INFO:root:Generation: 176
INFO:root:pop fitness: 0.16376
INFO:root:elite fitness: 0.29264
INFO:root:Generation: 157
INFO:root:pop fitness: 0.18466000000000002
INFO:root:elite fitness: 0.29632000000000003
INFO:root:Generation: 177
INFO:root:pop fitness: 0.17765999999999998
INFO:root:elite fitness: 0.29984
INFO:root:Generation: 158
INFO:root:pop fitness: 0.17678000000000002
INFO:root:elite fitness: 0.30656
INFO:root:Generation: 178
INFO:root:pop fitness: 0.16904000000000002
INFO:root:elite fitness: 0.27152
INFO:root:Generation: 159
INFO:root:pop fitness: 0.18639999999999998
INFO:root:elite fitness: 0.31515999999999994
INFO:root:Generation: 179
INFO:root:pop fitness: 0.17692
INFO:root:elite fitness: 0.27616
INFO:root:Generation: 160
INFO:root:pop fitness: 0.20026
INFO:root:elite fitness: 0.33287999999999995
INFO:root:Generation: 180
INFO:root:pop fitness: 0.18152000000000001
INFO:root:elite fitness: 0.28176
INFO:root:Generation: 161
INFO:root:pop fitness: 0.19351999999999997
INFO:root:elite fitness: 0.31512
INFO:root:Generation: 181
INFO:root:pop fitness: 0.15924
INFO:root:elite fitness: 0.27004
INFO:root:Generation: 162
INFO:root:pop fitness: 0.19182000000000002
INFO:root:elite fitness: 0.29912
INFO:root:Generation: 182
INFO:root:pop fitness: 0.15998000000000004
INFO:root:elite fitness: 0.26844
INFO:root:Generation: 183
INFO:root:pop fitness: 0.17113999999999996
INFO:root:elite fitness: 0.29572000000000004
INFO:root:Generation: 163
INFO:root:pop fitness: 0.19298
INFO:root:elite fitness: 0.33636000000000005
INFO:root:Generation: 184
INFO:root:pop fitness: 0.1675
INFO:root:elite fitness: 0.27088
INFO:root:Generation: 164
INFO:root:pop fitness: 0.19688000000000003
INFO:root:elite fitness: 0.32848000000000005
INFO:root:Generation: 185
INFO:root:pop fitness: 0.16458000000000003
INFO:root:elite fitness: 0.26956
INFO:root:Generation: 165
INFO:root:pop fitness: 0.1917
INFO:root:elite fitness: 0.29476
INFO:root:Generation: 186
INFO:root:pop fitness: 0.16668
INFO:root:elite fitness: 0.28776
INFO:root:Generation: 166
INFO:root:pop fitness: 0.20565999999999998
INFO:root:elite fitness: 0.3568
INFO:root:Generation: 187
INFO:root:pop fitness: 0.16854000000000002
INFO:root:elite fitness: 0.32716
INFO:root:Generation: 167
INFO:root:pop fitness: 0.21378
INFO:root:elite fitness: 0.32472
INFO:root:Generation: 188
INFO:root:pop fitness: 0.16748000000000002
INFO:root:elite fitness: 0.25804000000000005
INFO:root:Generation: 168
INFO:root:pop fitness: 0.19624000000000003
INFO:root:elite fitness: 0.32792
INFO:root:Generation: 189
INFO:root:pop fitness: 0.17079999999999998
INFO:root:elite fitness: 0.28392
INFO:root:Generation: 169
INFO:root:pop fitness: 0.20076
INFO:root:elite fitness: 0.30332
INFO:root:Generation: 190
INFO:root:pop fitness: 0.16296000000000002
INFO:root:elite fitness: 0.27255999999999997
INFO:root:Generation: 170
INFO:root:pop fitness: 0.19580000000000003
INFO:root:elite fitness: 0.34584000000000004
INFO:root:Generation: 191
INFO:root:pop fitness: 0.16348
INFO:root:elite fitness: 0.31056000000000006
INFO:root:Generation: 171
INFO:root:pop fitness: 0.19021999999999997
INFO:root:elite fitness: 0.31792000000000004
INFO:root:Generation: 192
INFO:root:pop fitness: 0.16330000000000003
INFO:root:elite fitness: 0.26948
INFO:root:Generation: 172
INFO:root:pop fitness: 0.20148
INFO:root:elite fitness: 0.35576
INFO:root:Generation: 193
INFO:root:pop fitness: 0.15632000000000001
INFO:root:elite fitness: 0.27624000000000004
INFO:root:Generation: 173
INFO:root:pop fitness: 0.19741999999999998
INFO:root:elite fitness: 0.33352000000000004
INFO:root:Generation: 174
INFO:root:pop fitness: 0.18773999999999996
INFO:root:elite fitness: 0.30988
INFO:root:Generation: 194
INFO:root:pop fitness: 0.1663
INFO:root:elite fitness: 0.28559999999999997
INFO:root:Generation: 175
INFO:root:pop fitness: 0.19948
INFO:root:elite fitness: 0.30232
INFO:root:Generation: 195
INFO:root:pop fitness: 0.16445999999999997
INFO:root:elite fitness: 0.24504
INFO:root:Generation: 196
INFO:root:pop fitness: 0.17062000000000002
INFO:root:elite fitness: 0.28012
INFO:root:Generation: 176
INFO:root:pop fitness: 0.19713999999999998
INFO:root:elite fitness: 0.32148
INFO:root:Generation: 177
INFO:root:pop fitness: 0.18938
INFO:root:elite fitness: 0.34303999999999996
INFO:root:Generation: 197
INFO:root:pop fitness: 0.17839999999999998
INFO:root:elite fitness: 0.27056
INFO:root:Generation: 198
INFO:root:pop fitness: 0.16302
INFO:root:elite fitness: 0.27976
INFO:root:Generation: 178
INFO:root:pop fitness: 0.19029999999999997
INFO:root:elite fitness: 0.29
INFO:root:Generation: 199
INFO:root:pop fitness: 0.17075999999999997
INFO:root:elite fitness: 0.28592
INFO:root:Generation: 179
INFO:root:pop fitness: 0.18618
INFO:root:elite fitness: 0.31548
INFO:root:Generation: 180
INFO:root:pop fitness: 0.17719999999999994
INFO:root:elite fitness: 0.30432000000000003
INFO:root:Generation: 181
INFO:root:pop fitness: 0.2022
INFO:root:elite fitness: 0.30396000000000006
INFO:root:Generation: 182
INFO:root:pop fitness: 0.2
INFO:root:elite fitness: 0.28540000000000004
INFO:root:Generation: 183
INFO:root:pop fitness: 0.19096
INFO:root:elite fitness: 0.32524000000000003
INFO:root:Generation: 184
INFO:root:pop fitness: 0.20474000000000003
INFO:root:elite fitness: 0.28532
INFO:root:Generation: 185
INFO:root:pop fitness: 0.20158
INFO:root:elite fitness: 0.35379999999999995
INFO:root:Generation: 186
INFO:root:pop fitness: 0.21406000000000003
INFO:root:elite fitness: 0.30516
INFO:root:Generation: 187
INFO:root:pop fitness: 0.20106000000000002
INFO:root:elite fitness: 0.33004
INFO:root:Generation: 188
INFO:root:pop fitness: 0.21962
INFO:root:elite fitness: 0.34192
INFO:root:Generation: 189
INFO:root:pop fitness: 0.2167
INFO:root:elite fitness: 0.34236
INFO:root:Generation: 190
INFO:root:pop fitness: 0.21240000000000003
INFO:root:elite fitness: 0.35672
INFO:root:Generation: 191
INFO:root:pop fitness: 0.20814
INFO:root:elite fitness: 0.31928
INFO:root:Generation: 192
INFO:root:pop fitness: 0.22902
INFO:root:elite fitness: 0.3537600000000001
INFO:root:Generation: 193
INFO:root:pop fitness: 0.21442
INFO:root:elite fitness: 0.32616
INFO:root:Generation: 194
INFO:root:pop fitness: 0.20256
INFO:root:elite fitness: 0.34444
INFO:root:Generation: 195
INFO:root:pop fitness: 0.21706000000000003
INFO:root:elite fitness: 0.35588000000000003
INFO:root:Generation: 196
INFO:root:pop fitness: 0.21343999999999996
INFO:root:elite fitness: 0.35868
INFO:root:Generation: 197
INFO:root:pop fitness: 0.20896
INFO:root:elite fitness: 0.31468
INFO:root:Generation: 198
INFO:root:pop fitness: 0.2061
INFO:root:elite fitness: 0.33799999999999997
INFO:root:Generation: 199
INFO:root:pop fitness: 0.21096
INFO:root:elite fitness: 0.30848
