INFO:root:run_master: Namespace(arms='10', hidden='128', layers='1', max_gen='200', message='', mutation_mag='0.1', name='resetSteps', noise=True, pop_size='150', save_result=True, steps='3', trials='100')
INFO:root:run_master: Namespace(arms='10', hidden='128', layers='1', max_gen='200', message='', mutation_mag='0.1', name='resetSteps', noise=False, pop_size='150', save_result=True, steps='3', trials='100')
INFO:root:Generation: 0
INFO:root:pop fitness: 0.09990666666666664
INFO:root:elite fitness: 0.11004000000000003
INFO:root:Generation: 0
INFO:root:pop fitness: 0.10030666666666667
INFO:root:elite fitness: 0.11202666666666666
INFO:root:Generation: 1
INFO:root:pop fitness: 0.0957
INFO:root:elite fitness: 0.123
INFO:root:Generation: 1
INFO:root:pop fitness: 0.10181333333333334
INFO:root:elite fitness: 0.14666666666666664
INFO:root:Generation: 2
INFO:root:pop fitness: 0.10272666666666669
INFO:root:elite fitness: 0.16011999999999998
INFO:root:Generation: 2
INFO:root:pop fitness: 0.09908
INFO:root:elite fitness: 0.15183999999999997
INFO:root:Generation: 3
INFO:root:pop fitness: 0.10274666666666667
INFO:root:elite fitness: 0.16986666666666667
INFO:root:Generation: 3
INFO:root:pop fitness: 0.10504666666666665
INFO:root:elite fitness: 0.1754266666666667
INFO:root:Generation: 4
INFO:root:pop fitness: 0.09971333333333333
INFO:root:elite fitness: 0.19702666666666668
INFO:root:Generation: 5
INFO:root:pop fitness: 0.12296000000000001
INFO:root:elite fitness: 0.21439999999999998
INFO:root:Generation: 4
INFO:root:pop fitness: 0.10303999999999999
INFO:root:elite fitness: 0.19406666666666664
INFO:root:Generation: 6
INFO:root:pop fitness: 0.11481999999999999
INFO:root:elite fitness: 0.21309333333333336
INFO:root:Generation: 5
INFO:root:pop fitness: 0.09998666666666667
INFO:root:elite fitness: 0.18700000000000003
INFO:root:Generation: 7
INFO:root:pop fitness: 0.1053
INFO:root:elite fitness: 0.20951999999999998
INFO:root:Generation: 6
INFO:root:pop fitness: 0.11006666666666667
INFO:root:elite fitness: 0.20805333333333334
INFO:root:Generation: 8
INFO:root:pop fitness: 0.10417333333333333
INFO:root:elite fitness: 0.21832
INFO:root:Generation: 7
INFO:root:pop fitness: 0.11030000000000001
INFO:root:elite fitness: 0.21384
INFO:root:Generation: 9
INFO:root:pop fitness: 0.10822
INFO:root:elite fitness: 0.20768000000000003
INFO:root:Generation: 10
INFO:root:pop fitness: 0.11325333333333336
INFO:root:elite fitness: 0.23745333333333335
INFO:root:Generation: 8
INFO:root:pop fitness: 0.10246666666666668
INFO:root:elite fitness: 0.1985333333333333
INFO:root:Generation: 11
INFO:root:pop fitness: 0.10522666666666666
INFO:root:elite fitness: 0.2214133333333333
INFO:root:Generation: 9
INFO:root:pop fitness: 0.10184000000000001
INFO:root:elite fitness: 0.20434666666666668
INFO:root:Generation: 10
INFO:root:pop fitness: 0.10717999999999998
INFO:root:elite fitness: 0.22457333333333332
INFO:root:Generation: 12
INFO:root:pop fitness: 0.11828666666666665
INFO:root:elite fitness: 0.23806666666666662
INFO:root:Generation: 13
INFO:root:pop fitness: 0.09432666666666667
INFO:root:elite fitness: 0.20081333333333334
INFO:root:Generation: 11
INFO:root:pop fitness: 0.10433999999999999
INFO:root:elite fitness: 0.19752
INFO:root:Generation: 14
INFO:root:pop fitness: 0.10339333333333331
INFO:root:elite fitness: 0.22568000000000002
INFO:root:Generation: 12
INFO:root:pop fitness: 0.11377333333333335
INFO:root:elite fitness: 0.23748000000000005
INFO:root:Generation: 15
INFO:root:pop fitness: 0.1163066666666667
INFO:root:elite fitness: 0.25872000000000006
INFO:root:Generation: 13
INFO:root:pop fitness: 0.09596666666666666
INFO:root:elite fitness: 0.21797333333333332
INFO:root:Generation: 14
INFO:root:pop fitness: 0.11591999999999998
INFO:root:elite fitness: 0.22725333333333333
INFO:root:Generation: 16
INFO:root:pop fitness: 0.0994
INFO:root:elite fitness: 0.1982533333333333
INFO:root:Generation: 15
INFO:root:pop fitness: 0.12064000000000002
INFO:root:elite fitness: 0.24331999999999993
INFO:root:Generation: 16
INFO:root:pop fitness: 0.09731999999999999
INFO:root:elite fitness: 0.20393333333333327
INFO:root:Generation: 17
INFO:root:pop fitness: 0.11016000000000001
INFO:root:elite fitness: 0.22126666666666675
INFO:root:Generation: 17
INFO:root:pop fitness: 0.11220666666666666
INFO:root:elite fitness: 0.22435999999999998
INFO:root:Generation: 18
INFO:root:pop fitness: 0.11715999999999999
INFO:root:elite fitness: 0.2684533333333333
INFO:root:Generation: 18
INFO:root:pop fitness: 0.10155333333333334
INFO:root:elite fitness: 0.21469333333333335
INFO:root:Generation: 19
INFO:root:pop fitness: 0.11915999999999999
INFO:root:elite fitness: 0.23866666666666664
INFO:root:Generation: 19
INFO:root:pop fitness: 0.11666666666666667
INFO:root:elite fitness: 0.26088
INFO:root:Generation: 20
INFO:root:pop fitness: 0.09816666666666667
INFO:root:elite fitness: 0.2154
INFO:root:Generation: 21
INFO:root:pop fitness: 0.10102666666666667
INFO:root:elite fitness: 0.22122666666666665
INFO:root:Generation: 20
INFO:root:pop fitness: 0.11292000000000002
INFO:root:elite fitness: 0.23922666666666667
INFO:root:Generation: 21
INFO:root:pop fitness: 0.12911333333333333
INFO:root:elite fitness: 0.25286666666666674
INFO:root:Generation: 22
INFO:root:pop fitness: 0.10803333333333334
INFO:root:elite fitness: 0.20490666666666668
INFO:root:Generation: 22
INFO:root:pop fitness: 0.11617999999999999
INFO:root:elite fitness: 0.24721333333333326
INFO:root:Generation: 23
INFO:root:pop fitness: 0.10187333333333334
INFO:root:elite fitness: 0.20129333333333332
INFO:root:Generation: 23
INFO:root:pop fitness: 0.12233333333333335
INFO:root:elite fitness: 0.25837333333333334
INFO:root:Generation: 24
INFO:root:pop fitness: 0.11645333333333334
INFO:root:elite fitness: 0.2404
INFO:root:Generation: 24
INFO:root:pop fitness: 0.13429333333333335
INFO:root:elite fitness: 0.2694933333333333
INFO:root:Generation: 25
INFO:root:pop fitness: 0.11986
INFO:root:elite fitness: 0.23396
INFO:root:Generation: 25
INFO:root:pop fitness: 0.11703999999999998
INFO:root:elite fitness: 0.24797333333333332
INFO:root:Generation: 26
INFO:root:pop fitness: 0.11727333333333334
INFO:root:elite fitness: 0.2302533333333333
INFO:root:Generation: 27
INFO:root:pop fitness: 0.10750666666666665
INFO:root:elite fitness: 0.21305333333333334
INFO:root:Generation: 26
INFO:root:pop fitness: 0.11836666666666669
INFO:root:elite fitness: 0.24553333333333327
INFO:root:Generation: 28
INFO:root:pop fitness: 0.12971333333333335
INFO:root:elite fitness: 0.24412
INFO:root:Generation: 27
INFO:root:pop fitness: 0.12175999999999997
INFO:root:elite fitness: 0.24836
INFO:root:Generation: 29
INFO:root:pop fitness: 0.11622000000000002
INFO:root:elite fitness: 0.23617333333333335
INFO:root:Generation: 28
INFO:root:pop fitness: 0.11760000000000001
INFO:root:elite fitness: 0.2517866666666666
INFO:root:Generation: 30
INFO:root:pop fitness: 0.11663333333333331
INFO:root:elite fitness: 0.22977333333333333
INFO:root:Generation: 29
INFO:root:pop fitness: 0.11446
INFO:root:elite fitness: 0.22750666666666666
INFO:root:Generation: 30
INFO:root:pop fitness: 0.11584666666666668
INFO:root:elite fitness: 0.2371600000000001
INFO:root:Generation: 31
INFO:root:pop fitness: 0.11697333333333333
INFO:root:elite fitness: 0.2445866666666666
INFO:root:Generation: 31
INFO:root:pop fitness: 0.1164
INFO:root:elite fitness: 0.24785333333333331
INFO:root:Generation: 32
INFO:root:pop fitness: 0.12958666666666668
INFO:root:elite fitness: 0.26342666666666664
INFO:root:Generation: 32
INFO:root:pop fitness: 0.12268666666666668
INFO:root:elite fitness: 0.2376
INFO:root:Generation: 33
INFO:root:pop fitness: 0.12740666666666667
INFO:root:elite fitness: 0.2582266666666666
INFO:root:Generation: 33
INFO:root:pop fitness: 0.12504
INFO:root:elite fitness: 0.25207999999999997
INFO:root:Generation: 34
INFO:root:pop fitness: 0.11937333333333333
INFO:root:elite fitness: 0.2362
INFO:root:Generation: 34
INFO:root:pop fitness: 0.11890666666666666
INFO:root:elite fitness: 0.23877333333333334
INFO:root:Generation: 35
INFO:root:pop fitness: 0.10880000000000001
INFO:root:elite fitness: 0.21286666666666665
INFO:root:Generation: 35
INFO:root:pop fitness: 0.1295066666666667
INFO:root:elite fitness: 0.25967999999999997
INFO:root:Generation: 36
INFO:root:pop fitness: 0.09934666666666668
INFO:root:elite fitness: 0.19985333333333333
INFO:root:Generation: 36
INFO:root:pop fitness: 0.13496666666666665
INFO:root:elite fitness: 0.25764
INFO:root:Generation: 37
INFO:root:pop fitness: 0.10918666666666667
INFO:root:elite fitness: 0.2300533333333333
INFO:root:Generation: 38
INFO:root:pop fitness: 0.12048666666666667
INFO:root:elite fitness: 0.26709333333333335
INFO:root:Generation: 37
INFO:root:pop fitness: 0.1464
INFO:root:elite fitness: 0.2880533333333334
INFO:root:Generation: 39
INFO:root:pop fitness: 0.12119333333333332
INFO:root:elite fitness: 0.2605866666666667
INFO:root:Generation: 40
INFO:root:pop fitness: 0.11076666666666668
INFO:root:elite fitness: 0.23723999999999998
INFO:root:Generation: 38
INFO:root:pop fitness: 0.13046000000000002
INFO:root:elite fitness: 0.2494533333333334
INFO:root:Generation: 39
INFO:root:pop fitness: 0.1425266666666667
INFO:root:elite fitness: 0.27053333333333335
INFO:root:Generation: 41
INFO:root:pop fitness: 0.12482666666666664
INFO:root:elite fitness: 0.2517466666666667
INFO:root:Generation: 40
INFO:root:pop fitness: 0.13188
INFO:root:elite fitness: 0.26222666666666666
INFO:root:Generation: 41
INFO:root:pop fitness: 0.15969333333333333
INFO:root:elite fitness: 0.28905333333333333
INFO:root:Generation: 42
INFO:root:pop fitness: 0.12076666666666667
INFO:root:elite fitness: 0.24358666666666665
INFO:root:Generation: 42
INFO:root:pop fitness: 0.15104666666666666
INFO:root:elite fitness: 0.29461333333333334
INFO:root:Generation: 43
INFO:root:pop fitness: 0.11450666666666667
INFO:root:elite fitness: 0.22754666666666665
INFO:root:Generation: 44
INFO:root:pop fitness: 0.11982666666666666
INFO:root:elite fitness: 0.24953333333333333
INFO:root:Generation: 43
INFO:root:pop fitness: 0.14958
INFO:root:elite fitness: 0.287
INFO:root:Generation: 44
INFO:root:pop fitness: 0.12259333333333335
INFO:root:elite fitness: 0.23530666666666666
INFO:root:Generation: 45
INFO:root:pop fitness: 0.13518
INFO:root:elite fitness: 0.26113333333333333
INFO:root:Generation: 46
INFO:root:pop fitness: 0.12680000000000002
INFO:root:elite fitness: 0.24384000000000006
INFO:root:Generation: 45
INFO:root:pop fitness: 0.14671999999999996
INFO:root:elite fitness: 0.26388
INFO:root:Generation: 47
INFO:root:pop fitness: 0.13587333333333335
INFO:root:elite fitness: 0.2588933333333333
INFO:root:Generation: 46
INFO:root:pop fitness: 0.14226666666666665
INFO:root:elite fitness: 0.25710666666666665
INFO:root:Generation: 48
INFO:root:pop fitness: 0.13626
INFO:root:elite fitness: 0.28652000000000005
INFO:root:Generation: 47
INFO:root:pop fitness: 0.13931333333333332
INFO:root:elite fitness: 0.2776133333333333
INFO:root:Generation: 49
INFO:root:pop fitness: 0.1414333333333333
INFO:root:elite fitness: 0.2526933333333334
INFO:root:Generation: 50
INFO:root:pop fitness: 0.13358666666666666
INFO:root:elite fitness: 0.27314666666666665
INFO:root:Generation: 48
INFO:root:pop fitness: 0.13698666666666667
INFO:root:elite fitness: 0.28315999999999997
INFO:root:Generation: 51
INFO:root:pop fitness: 0.12775333333333336
INFO:root:elite fitness: 0.24017333333333335
INFO:root:Generation: 49
INFO:root:pop fitness: 0.13874
INFO:root:elite fitness: 0.2584666666666666
INFO:root:Generation: 52
INFO:root:pop fitness: 0.11828000000000001
INFO:root:elite fitness: 0.24488
INFO:root:Generation: 50
INFO:root:pop fitness: 0.13489333333333334
INFO:root:elite fitness: 0.26144
INFO:root:Generation: 53
INFO:root:pop fitness: 0.14969333333333332
INFO:root:elite fitness: 0.2851733333333334
INFO:root:Generation: 51
INFO:root:pop fitness: 0.12982666666666665
INFO:root:elite fitness: 0.2335866666666666
INFO:root:Generation: 54
INFO:root:pop fitness: 0.15340666666666666
INFO:root:elite fitness: 0.2746533333333333
INFO:root:Generation: 52
INFO:root:pop fitness: 0.12929999999999997
INFO:root:elite fitness: 0.2544
INFO:root:Generation: 55
INFO:root:pop fitness: 0.1496533333333333
INFO:root:elite fitness: 0.28317333333333333
INFO:root:Generation: 53
INFO:root:pop fitness: 0.12419333333333334
INFO:root:elite fitness: 0.24675999999999992
INFO:root:Generation: 56
INFO:root:pop fitness: 0.13364
INFO:root:elite fitness: 0.2677066666666667
INFO:root:Generation: 57
INFO:root:pop fitness: 0.15221333333333334
INFO:root:elite fitness: 0.27638666666666667
INFO:root:Generation: 54
INFO:root:pop fitness: 0.13202
INFO:root:elite fitness: 0.28046666666666664
INFO:root:Generation: 58
INFO:root:pop fitness: 0.13882
INFO:root:elite fitness: 0.2736
INFO:root:Generation: 55
INFO:root:pop fitness: 0.1375333333333333
INFO:root:elite fitness: 0.25450666666666666
INFO:root:Generation: 59
INFO:root:pop fitness: 0.15695333333333333
INFO:root:elite fitness: 0.3072133333333334
INFO:root:Generation: 60
INFO:root:pop fitness: 0.1391
INFO:root:elite fitness: 0.2936533333333333
INFO:root:Generation: 56
INFO:root:pop fitness: 0.14400000000000002
INFO:root:elite fitness: 0.26138666666666666
INFO:root:Generation: 61
INFO:root:pop fitness: 0.15278666666666663
INFO:root:elite fitness: 0.31636
INFO:root:Generation: 57
INFO:root:pop fitness: 0.14342666666666665
INFO:root:elite fitness: 0.2735866666666667
INFO:root:Generation: 62
INFO:root:pop fitness: 0.14386000000000002
INFO:root:elite fitness: 0.2914933333333334
INFO:root:Generation: 58
INFO:root:pop fitness: 0.14947333333333332
INFO:root:elite fitness: 0.3048266666666667
INFO:root:Generation: 63
INFO:root:pop fitness: 0.14484
INFO:root:elite fitness: 0.28037333333333336
INFO:root:Generation: 59
INFO:root:pop fitness: 0.14366666666666664
INFO:root:elite fitness: 0.26968000000000003
INFO:root:Generation: 60
INFO:root:pop fitness: 0.1463
INFO:root:elite fitness: 0.27654666666666666
INFO:root:Generation: 64
INFO:root:pop fitness: 0.14400666666666667
INFO:root:elite fitness: 0.3080266666666666
INFO:root:Generation: 61
INFO:root:pop fitness: 0.1467133333333333
INFO:root:elite fitness: 0.2750400000000001
INFO:root:Generation: 65
INFO:root:pop fitness: 0.13257333333333332
INFO:root:elite fitness: 0.2758266666666666
INFO:root:Generation: 62
INFO:root:pop fitness: 0.14368
INFO:root:elite fitness: 0.2894400000000001
INFO:root:Generation: 66
INFO:root:pop fitness: 0.14667333333333332
INFO:root:elite fitness: 0.2700533333333333
INFO:root:Generation: 63
INFO:root:pop fitness: 0.14024666666666666
INFO:root:elite fitness: 0.26896000000000003
INFO:root:Generation: 67
INFO:root:pop fitness: 0.12886666666666666
INFO:root:elite fitness: 0.2605733333333333
INFO:root:Generation: 64
INFO:root:pop fitness: 0.15069333333333332
INFO:root:elite fitness: 0.2890133333333333
INFO:root:Generation: 68
INFO:root:pop fitness: 0.15698666666666664
INFO:root:elite fitness: 0.27217333333333327
INFO:root:Generation: 69
INFO:root:pop fitness: 0.14085999999999999
INFO:root:elite fitness: 0.28589333333333333
INFO:root:Generation: 65
INFO:root:pop fitness: 0.1606733333333333
INFO:root:elite fitness: 0.2990933333333333
INFO:root:Generation: 70
INFO:root:pop fitness: 0.1487
INFO:root:elite fitness: 0.3132
INFO:root:Generation: 66
INFO:root:pop fitness: 0.1526
INFO:root:elite fitness: 0.30834666666666666
INFO:root:Generation: 71
INFO:root:pop fitness: 0.15261333333333332
INFO:root:elite fitness: 0.28613333333333335
INFO:root:Generation: 67
INFO:root:pop fitness: 0.15148666666666669
INFO:root:elite fitness: 0.27136
INFO:root:Generation: 72
INFO:root:pop fitness: 0.16797333333333334
INFO:root:elite fitness: 0.28969333333333336
INFO:root:Generation: 68
INFO:root:pop fitness: 0.15478
INFO:root:elite fitness: 0.27970666666666666
INFO:root:Generation: 69
INFO:root:pop fitness: 0.14960666666666667
INFO:root:elite fitness: 0.31132
INFO:root:Generation: 70
INFO:root:pop fitness: 0.15236
INFO:root:elite fitness: 0.2743333333333333
INFO:root:Generation: 73
INFO:root:pop fitness: 0.16339333333333336
INFO:root:elite fitness: 0.3170533333333333
INFO:root:Generation: 71
INFO:root:pop fitness: 0.15157333333333334
INFO:root:elite fitness: 0.3157733333333334
INFO:root:Generation: 74
INFO:root:pop fitness: 0.15345999999999999
INFO:root:elite fitness: 0.2716
INFO:root:Generation: 72
INFO:root:pop fitness: 0.15519999999999998
INFO:root:elite fitness: 0.2933866666666667
INFO:root:Generation: 75
INFO:root:pop fitness: 0.16448666666666664
INFO:root:elite fitness: 0.29638666666666663
INFO:root:Generation: 73
INFO:root:pop fitness: 0.18086666666666665
INFO:root:elite fitness: 0.29882666666666663
INFO:root:Generation: 76
INFO:root:pop fitness: 0.14925333333333332
INFO:root:elite fitness: 0.26701333333333327
INFO:root:Generation: 74
INFO:root:pop fitness: 0.17432666666666669
INFO:root:elite fitness: 0.30272
INFO:root:Generation: 77
INFO:root:pop fitness: 0.15294
INFO:root:elite fitness: 0.2984133333333333
INFO:root:Generation: 78
INFO:root:pop fitness: 0.15396
INFO:root:elite fitness: 0.30909333333333333
INFO:root:Generation: 75
INFO:root:pop fitness: 0.16844666666666663
INFO:root:elite fitness: 0.2903733333333333
INFO:root:Generation: 79
INFO:root:pop fitness: 0.16932666666666665
INFO:root:elite fitness: 0.3110533333333333
INFO:root:Generation: 80
INFO:root:pop fitness: 0.17473999999999998
INFO:root:elite fitness: 0.31093333333333334
INFO:root:Generation: 76
INFO:root:pop fitness: 0.16916
INFO:root:elite fitness: 0.29258666666666666
INFO:root:Generation: 81
INFO:root:pop fitness: 0.15940666666666667
INFO:root:elite fitness: 0.30282666666666663
INFO:root:Generation: 77
INFO:root:pop fitness: 0.16584
INFO:root:elite fitness: 0.3241866666666667
INFO:root:Generation: 78
INFO:root:pop fitness: 0.15827333333333332
INFO:root:elite fitness: 0.2964533333333334
INFO:root:Generation: 82
INFO:root:pop fitness: 0.15758666666666668
INFO:root:elite fitness: 0.26632
INFO:root:Generation: 79
INFO:root:pop fitness: 0.15431999999999998
INFO:root:elite fitness: 0.30732000000000004
INFO:root:Generation: 83
INFO:root:pop fitness: 0.16344
INFO:root:elite fitness: 0.30544
INFO:root:Generation: 80
INFO:root:pop fitness: 0.1622333333333333
INFO:root:elite fitness: 0.2973466666666667
INFO:root:Generation: 84
INFO:root:pop fitness: 0.17658000000000001
INFO:root:elite fitness: 0.30684000000000006
INFO:root:Generation: 85
INFO:root:pop fitness: 0.1628933333333333
INFO:root:elite fitness: 0.3129733333333333
INFO:root:Generation: 81
INFO:root:pop fitness: 0.17436666666666667
INFO:root:elite fitness: 0.3166666666666666
INFO:root:Generation: 82
INFO:root:pop fitness: 0.15982666666666667
INFO:root:elite fitness: 0.3129733333333333
INFO:root:Generation: 86
INFO:root:pop fitness: 0.16599333333333333
INFO:root:elite fitness: 0.2894666666666667
INFO:root:Generation: 87
INFO:root:pop fitness: 0.15170666666666666
INFO:root:elite fitness: 0.27529333333333333
INFO:root:Generation: 83
INFO:root:pop fitness: 0.15348666666666666
INFO:root:elite fitness: 0.3061066666666667
INFO:root:Generation: 88
INFO:root:pop fitness: 0.15438666666666667
INFO:root:elite fitness: 0.2790133333333334
INFO:root:Generation: 84
INFO:root:pop fitness: 0.1515
INFO:root:elite fitness: 0.29597333333333337
INFO:root:Generation: 89
INFO:root:pop fitness: 0.14858
INFO:root:elite fitness: 0.2772266666666667
INFO:root:Generation: 90
INFO:root:pop fitness: 0.15635333333333332
INFO:root:elite fitness: 0.30600000000000005
INFO:root:Generation: 85
INFO:root:pop fitness: 0.16971333333333333
INFO:root:elite fitness: 0.31526666666666664
INFO:root:Generation: 86
INFO:root:pop fitness: 0.17003333333333331
INFO:root:elite fitness: 0.31272
INFO:root:Generation: 91
INFO:root:pop fitness: 0.16914
INFO:root:elite fitness: 0.3212533333333334
INFO:root:Generation: 87
INFO:root:pop fitness: 0.13587333333333335
INFO:root:elite fitness: 0.2557066666666667
INFO:root:Generation: 92
INFO:root:pop fitness: 0.16863333333333333
INFO:root:elite fitness: 0.32413333333333333
INFO:root:Generation: 88
INFO:root:pop fitness: 0.16176666666666667
INFO:root:elite fitness: 0.28417333333333333
INFO:root:Generation: 93
INFO:root:pop fitness: 0.17808666666666667
INFO:root:elite fitness: 0.32750666666666667
INFO:root:Generation: 89
INFO:root:pop fitness: 0.15745333333333333
INFO:root:elite fitness: 0.3208666666666667
INFO:root:Generation: 94
INFO:root:pop fitness: 0.15412
INFO:root:elite fitness: 0.27514666666666665
INFO:root:Generation: 90
INFO:root:pop fitness: 0.15475999999999998
INFO:root:elite fitness: 0.30244
INFO:root:Generation: 95
INFO:root:pop fitness: 0.15074666666666667
INFO:root:elite fitness: 0.2776
INFO:root:Generation: 91
INFO:root:pop fitness: 0.15144666666666665
INFO:root:elite fitness: 0.25586666666666663
INFO:root:Generation: 92
INFO:root:pop fitness: 0.1742
INFO:root:elite fitness: 0.2992133333333333
INFO:root:Generation: 93
INFO:root:pop fitness: 0.15221333333333334
INFO:root:elite fitness: 0.28496
INFO:root:Generation: 96
INFO:root:pop fitness: 0.16118666666666667
INFO:root:elite fitness: 0.2976266666666667
INFO:root:Generation: 94
INFO:root:pop fitness: 0.14577333333333334
INFO:root:elite fitness: 0.2642533333333334
INFO:root:Generation: 97
INFO:root:pop fitness: 0.16871333333333335
INFO:root:elite fitness: 0.28779999999999994
INFO:root:Generation: 95
INFO:root:pop fitness: 0.15036666666666665
INFO:root:elite fitness: 0.28756
INFO:root:Generation: 96
INFO:root:pop fitness: 0.16239333333333333
INFO:root:elite fitness: 0.3168933333333333
INFO:root:Generation: 98
INFO:root:pop fitness: 0.15581333333333333
INFO:root:elite fitness: 0.28565333333333337
INFO:root:Generation: 97
INFO:root:pop fitness: 0.16214
INFO:root:elite fitness: 0.3032533333333333
INFO:root:Generation: 99
INFO:root:pop fitness: 0.16862
INFO:root:elite fitness: 0.31750666666666666
INFO:root:Generation: 98
INFO:root:pop fitness: 0.15748
INFO:root:elite fitness: 0.31296
INFO:root:Generation: 99
INFO:root:pop fitness: 0.16132666666666665
INFO:root:elite fitness: 0.3098933333333333
INFO:root:Generation: 100
INFO:root:pop fitness: 0.16436666666666666
INFO:root:elite fitness: 0.30156
INFO:root:Generation: 101
INFO:root:pop fitness: 0.1859866666666667
INFO:root:elite fitness: 0.35472000000000004
INFO:root:Generation: 100
INFO:root:pop fitness: 0.1519
INFO:root:elite fitness: 0.2891733333333333
INFO:root:Generation: 102
INFO:root:pop fitness: 0.18583333333333332
INFO:root:elite fitness: 0.32939999999999997
INFO:root:Generation: 101
INFO:root:pop fitness: 0.16190666666666667
INFO:root:elite fitness: 0.30262666666666665
INFO:root:Generation: 103
INFO:root:pop fitness: 0.17901333333333333
INFO:root:elite fitness: 0.3264266666666666
INFO:root:Generation: 102
INFO:root:pop fitness: 0.16518
INFO:root:elite fitness: 0.30962666666666666
INFO:root:Generation: 104
INFO:root:pop fitness: 0.191
INFO:root:elite fitness: 0.3231466666666667
INFO:root:Generation: 103
INFO:root:pop fitness: 0.14437333333333333
INFO:root:elite fitness: 0.29017333333333334
INFO:root:Generation: 105
INFO:root:pop fitness: 0.18838666666666667
INFO:root:elite fitness: 0.3178933333333333
INFO:root:Generation: 104
INFO:root:pop fitness: 0.1581333333333333
INFO:root:elite fitness: 0.32601333333333327
INFO:root:Generation: 106
INFO:root:pop fitness: 0.17168666666666665
INFO:root:elite fitness: 0.30779999999999996
INFO:root:Generation: 105
INFO:root:pop fitness: 0.15966666666666665
INFO:root:elite fitness: 0.28676000000000007
INFO:root:Generation: 107
INFO:root:pop fitness: 0.16468666666666668
INFO:root:elite fitness: 0.30956
INFO:root:Generation: 108
INFO:root:pop fitness: 0.15924666666666668
INFO:root:elite fitness: 0.31217333333333336
INFO:root:Generation: 106
INFO:root:pop fitness: 0.16318000000000002
INFO:root:elite fitness: 0.29780000000000006
INFO:root:Generation: 109
INFO:root:pop fitness: 0.16839333333333334
INFO:root:elite fitness: 0.3150666666666666
INFO:root:Generation: 110
INFO:root:pop fitness: 0.17237333333333332
INFO:root:elite fitness: 0.3141333333333334
INFO:root:Generation: 107
INFO:root:pop fitness: 0.18118666666666663
INFO:root:elite fitness: 0.30879999999999996
INFO:root:Generation: 111
INFO:root:pop fitness: 0.18094
INFO:root:elite fitness: 0.34315999999999997
INFO:root:Generation: 112
INFO:root:pop fitness: 0.15777333333333335
INFO:root:elite fitness: 0.33152000000000004
INFO:root:Generation: 108
INFO:root:pop fitness: 0.17726666666666666
INFO:root:elite fitness: 0.3387333333333333
INFO:root:Generation: 113
INFO:root:pop fitness: 0.16268666666666665
INFO:root:elite fitness: 0.30965333333333334
INFO:root:Generation: 114
INFO:root:pop fitness: 0.17604
INFO:root:elite fitness: 0.30598666666666663
INFO:root:Generation: 109
INFO:root:pop fitness: 0.16660666666666665
INFO:root:elite fitness: 0.28400000000000003
INFO:root:Generation: 115
INFO:root:pop fitness: 0.15136
INFO:root:elite fitness: 0.2971466666666666
INFO:root:Generation: 116
INFO:root:pop fitness: 0.16800666666666667
INFO:root:elite fitness: 0.32316
INFO:root:Generation: 110
INFO:root:pop fitness: 0.16253333333333336
INFO:root:elite fitness: 0.28429333333333334
INFO:root:Generation: 117
INFO:root:pop fitness: 0.15410666666666661
INFO:root:elite fitness: 0.29378666666666664
INFO:root:Generation: 111
INFO:root:pop fitness: 0.15626666666666666
INFO:root:elite fitness: 0.2812
INFO:root:Generation: 118
INFO:root:pop fitness: 0.17611333333333334
INFO:root:elite fitness: 0.3315599999999999
INFO:root:Generation: 112
INFO:root:pop fitness: 0.16255333333333336
INFO:root:elite fitness: 0.30450666666666665
INFO:root:Generation: 119
INFO:root:pop fitness: 0.18288666666666667
INFO:root:elite fitness: 0.32233333333333336
INFO:root:Generation: 113
INFO:root:pop fitness: 0.1576066666666667
INFO:root:elite fitness: 0.3024533333333333
INFO:root:Generation: 120
INFO:root:pop fitness: 0.16714666666666664
INFO:root:elite fitness: 0.3299066666666666
INFO:root:Generation: 114
INFO:root:pop fitness: 0.16143333333333332
INFO:root:elite fitness: 0.31067999999999996
INFO:root:Generation: 115
INFO:root:pop fitness: 0.16782
INFO:root:elite fitness: 0.3413733333333334
INFO:root:Generation: 121
INFO:root:pop fitness: 0.16070666666666666
INFO:root:elite fitness: 0.29622666666666664
INFO:root:Generation: 116
INFO:root:pop fitness: 0.16834666666666667
INFO:root:elite fitness: 0.30152
INFO:root:Generation: 117
INFO:root:pop fitness: 0.16790000000000002
INFO:root:elite fitness: 0.3117333333333333
INFO:root:Generation: 122
INFO:root:pop fitness: 0.16690000000000002
INFO:root:elite fitness: 0.2725466666666666
INFO:root:Generation: 118
INFO:root:pop fitness: 0.13626
INFO:root:elite fitness: 0.2590266666666667
INFO:root:Generation: 123
INFO:root:pop fitness: 0.17084666666666665
INFO:root:elite fitness: 0.3035466666666667
INFO:root:Generation: 119
INFO:root:pop fitness: 0.14439999999999997
INFO:root:elite fitness: 0.29040000000000005
INFO:root:Generation: 120
INFO:root:pop fitness: 0.15492
INFO:root:elite fitness: 0.30812
INFO:root:Generation: 124
INFO:root:pop fitness: 0.16233333333333333
INFO:root:elite fitness: 0.2853866666666666
INFO:root:Generation: 121
INFO:root:pop fitness: 0.16099333333333335
INFO:root:elite fitness: 0.30204
INFO:root:Generation: 122
INFO:root:pop fitness: 0.15486
INFO:root:elite fitness: 0.27780000000000005
INFO:root:Generation: 125
INFO:root:pop fitness: 0.15013333333333334
INFO:root:elite fitness: 0.28151999999999994
INFO:root:Generation: 123
INFO:root:pop fitness: 0.15389333333333335
INFO:root:elite fitness: 0.2922133333333333
INFO:root:Generation: 126
INFO:root:pop fitness: 0.16025333333333336
INFO:root:elite fitness: 0.2785066666666666
INFO:root:Generation: 124
INFO:root:pop fitness: 0.17472666666666667
INFO:root:elite fitness: 0.3346933333333334
INFO:root:Generation: 127
INFO:root:pop fitness: 0.16893333333333332
INFO:root:elite fitness: 0.29994666666666664
INFO:root:Generation: 128
INFO:root:pop fitness: 0.1875
INFO:root:elite fitness: 0.31467999999999996
INFO:root:Generation: 125
INFO:root:pop fitness: 0.16716666666666666
INFO:root:elite fitness: 0.30757333333333337
INFO:root:Generation: 129
INFO:root:pop fitness: 0.17298666666666668
INFO:root:elite fitness: 0.31441333333333327
INFO:root:Generation: 126
INFO:root:pop fitness: 0.16876
INFO:root:elite fitness: 0.32926666666666665
INFO:root:Generation: 130
INFO:root:pop fitness: 0.16404666666666667
INFO:root:elite fitness: 0.3036666666666667
INFO:root:Generation: 131
INFO:root:pop fitness: 0.16464
INFO:root:elite fitness: 0.28257333333333334
INFO:root:Generation: 127
INFO:root:pop fitness: 0.18483333333333335
INFO:root:elite fitness: 0.3264399999999999
INFO:root:Generation: 132
INFO:root:pop fitness: 0.15670666666666666
INFO:root:elite fitness: 0.2722533333333334
INFO:root:Generation: 133
INFO:root:pop fitness: 0.17368666666666668
INFO:root:elite fitness: 0.3186266666666666
INFO:root:Generation: 128
INFO:root:pop fitness: 0.17554000000000003
INFO:root:elite fitness: 0.2950533333333333
INFO:root:Generation: 134
INFO:root:pop fitness: 0.17254666666666665
INFO:root:elite fitness: 0.3175333333333333
INFO:root:Generation: 135
INFO:root:pop fitness: 0.16571333333333332
INFO:root:elite fitness: 0.29300000000000004
INFO:root:Generation: 136
INFO:root:pop fitness: 0.17498666666666665
INFO:root:elite fitness: 0.30619999999999997
INFO:root:Generation: 129
INFO:root:pop fitness: 0.1706
INFO:root:elite fitness: 0.3316666666666666
INFO:root:Generation: 137
INFO:root:pop fitness: 0.17568666666666666
INFO:root:elite fitness: 0.31292000000000003
INFO:root:Generation: 138
INFO:root:pop fitness: 0.18078666666666668
INFO:root:elite fitness: 0.30757333333333337
INFO:root:Generation: 130
INFO:root:pop fitness: 0.17006666666666664
INFO:root:elite fitness: 0.2767066666666666
INFO:root:Generation: 139
INFO:root:pop fitness: 0.17664000000000002
INFO:root:elite fitness: 0.31337333333333334
INFO:root:Generation: 140
INFO:root:pop fitness: 0.16546000000000002
INFO:root:elite fitness: 0.29398666666666673
INFO:root:Generation: 131
INFO:root:pop fitness: 0.16356666666666667
INFO:root:elite fitness: 0.2841066666666667
INFO:root:Generation: 141
INFO:root:pop fitness: 0.18822000000000003
INFO:root:elite fitness: 0.30924
INFO:root:Generation: 132
INFO:root:pop fitness: 0.15097333333333335
INFO:root:elite fitness: 0.2747466666666667
INFO:root:Generation: 142
INFO:root:pop fitness: 0.1731133333333333
INFO:root:elite fitness: 0.28864000000000006
INFO:root:Generation: 133
INFO:root:pop fitness: 0.17108666666666666
INFO:root:elite fitness: 0.32621333333333336
INFO:root:Generation: 134
INFO:root:pop fitness: 0.17844
INFO:root:elite fitness: 0.3071066666666666
INFO:root:Generation: 143
INFO:root:pop fitness: 0.16392666666666666
INFO:root:elite fitness: 0.28989333333333334
INFO:root:Generation: 135
INFO:root:pop fitness: 0.17300666666666667
INFO:root:elite fitness: 0.2938266666666667
INFO:root:Generation: 144
INFO:root:pop fitness: 0.18036666666666668
INFO:root:elite fitness: 0.3277466666666667
INFO:root:Generation: 136
INFO:root:pop fitness: 0.17894000000000002
INFO:root:elite fitness: 0.31988
INFO:root:Generation: 137
INFO:root:pop fitness: 0.17464666666666667
INFO:root:elite fitness: 0.2809066666666667
INFO:root:Generation: 145
INFO:root:pop fitness: 0.17689333333333337
INFO:root:elite fitness: 0.3269866666666667
INFO:root:Generation: 138
INFO:root:pop fitness: 0.17424666666666663
INFO:root:elite fitness: 0.2892
INFO:root:Generation: 146
INFO:root:pop fitness: 0.1823
INFO:root:elite fitness: 0.3172533333333334
INFO:root:Generation: 139
INFO:root:pop fitness: 0.16597333333333333
INFO:root:elite fitness: 0.29353333333333337
INFO:root:Generation: 147
INFO:root:pop fitness: 0.18384666666666666
INFO:root:elite fitness: 0.3261866666666667
INFO:root:Generation: 140
INFO:root:pop fitness: 0.18469999999999998
INFO:root:elite fitness: 0.29575999999999997
INFO:root:Generation: 141
INFO:root:pop fitness: 0.15612666666666664
INFO:root:elite fitness: 0.28048
INFO:root:Generation: 148
INFO:root:pop fitness: 0.1823666666666667
INFO:root:elite fitness: 0.32182666666666665
INFO:root:Generation: 142
INFO:root:pop fitness: 0.17874
INFO:root:elite fitness: 0.32320000000000004
INFO:root:Generation: 143
INFO:root:pop fitness: 0.17701333333333333
INFO:root:elite fitness: 0.31008
INFO:root:Generation: 144
INFO:root:pop fitness: 0.17321333333333333
INFO:root:elite fitness: 0.29356
INFO:root:Generation: 149
INFO:root:pop fitness: 0.1914866666666667
INFO:root:elite fitness: 0.33716
INFO:root:Generation: 145
INFO:root:pop fitness: 0.1626
INFO:root:elite fitness: 0.28833333333333333
INFO:root:Generation: 150
INFO:root:pop fitness: 0.18686666666666668
INFO:root:elite fitness: 0.33108000000000004
INFO:root:Generation: 146
INFO:root:pop fitness: 0.1678066666666667
INFO:root:elite fitness: 0.31767999999999996
INFO:root:Generation: 151
INFO:root:pop fitness: 0.18492666666666666
INFO:root:elite fitness: 0.3242933333333333
INFO:root:Generation: 147
INFO:root:pop fitness: 0.15924000000000002
INFO:root:elite fitness: 0.28885333333333335
INFO:root:Generation: 148
INFO:root:pop fitness: 0.16040666666666667
INFO:root:elite fitness: 0.30563999999999997
INFO:root:Generation: 152
INFO:root:pop fitness: 0.18035333333333334
INFO:root:elite fitness: 0.31532
INFO:root:Generation: 149
INFO:root:pop fitness: 0.16418666666666668
INFO:root:elite fitness: 0.3051066666666666
INFO:root:Generation: 153
INFO:root:pop fitness: 0.18927999999999998
INFO:root:elite fitness: 0.3520533333333334
INFO:root:Generation: 150
INFO:root:pop fitness: 0.16562000000000002
INFO:root:elite fitness: 0.32334666666666667
INFO:root:Generation: 151
INFO:root:pop fitness: 0.1633466666666667
INFO:root:elite fitness: 0.3181466666666667
INFO:root:Generation: 154
INFO:root:pop fitness: 0.19475333333333333
INFO:root:elite fitness: 0.3608933333333334
INFO:root:Generation: 152
INFO:root:pop fitness: 0.16698000000000002
INFO:root:elite fitness: 0.30706666666666665
INFO:root:Generation: 155
INFO:root:pop fitness: 0.19004000000000001
INFO:root:elite fitness: 0.3269066666666667
INFO:root:Generation: 156
INFO:root:pop fitness: 0.19029333333333337
INFO:root:elite fitness: 0.33784000000000003
INFO:root:Generation: 153
INFO:root:pop fitness: 0.17230666666666664
INFO:root:elite fitness: 0.31262666666666666
INFO:root:Generation: 157
INFO:root:pop fitness: 0.18284666666666666
INFO:root:elite fitness: 0.3233333333333333
INFO:root:Generation: 158
INFO:root:pop fitness: 0.17968666666666666
INFO:root:elite fitness: 0.34052000000000004
INFO:root:Generation: 159
INFO:root:pop fitness: 0.18992666666666666
INFO:root:elite fitness: 0.3289733333333333
INFO:root:Generation: 160
INFO:root:pop fitness: 0.19663999999999998
INFO:root:elite fitness: 0.32828
INFO:root:Generation: 154
INFO:root:pop fitness: 0.18091333333333334
INFO:root:elite fitness: 0.32078666666666666
INFO:root:Generation: 161
INFO:root:pop fitness: 0.2016
INFO:root:elite fitness: 0.34585333333333335
INFO:root:Generation: 162
INFO:root:pop fitness: 0.1928133333333333
INFO:root:elite fitness: 0.35274666666666665
INFO:root:Generation: 163
INFO:root:pop fitness: 0.16770666666666667
INFO:root:elite fitness: 0.31621333333333335
INFO:root:Generation: 155
INFO:root:pop fitness: 0.17976
INFO:root:elite fitness: 0.2987066666666667
INFO:root:Generation: 164
INFO:root:pop fitness: 0.16779333333333335
INFO:root:elite fitness: 0.30874666666666667
INFO:root:Generation: 165
INFO:root:pop fitness: 0.16901333333333335
INFO:root:elite fitness: 0.30164
INFO:root:Generation: 166
INFO:root:pop fitness: 0.17823333333333333
INFO:root:elite fitness: 0.30928
INFO:root:Generation: 167
INFO:root:pop fitness: 0.1897066666666667
INFO:root:elite fitness: 0.3140666666666666
INFO:root:Generation: 156
INFO:root:pop fitness: 0.18408666666666668
INFO:root:elite fitness: 0.31072
INFO:root:Generation: 168
INFO:root:pop fitness: 0.19528666666666666
INFO:root:elite fitness: 0.3178266666666667
INFO:root:Generation: 157
INFO:root:pop fitness: 0.19258
INFO:root:elite fitness: 0.34901333333333334
INFO:root:Generation: 169
INFO:root:pop fitness: 0.17336666666666664
INFO:root:elite fitness: 0.29228
INFO:root:Generation: 170
INFO:root:pop fitness: 0.17471333333333333
INFO:root:elite fitness: 0.3022533333333333
INFO:root:Generation: 158
INFO:root:pop fitness: 0.17529333333333333
INFO:root:elite fitness: 0.32330666666666674
INFO:root:Generation: 171
INFO:root:pop fitness: 0.1818533333333333
INFO:root:elite fitness: 0.30494666666666664
INFO:root:Generation: 172
INFO:root:pop fitness: 0.18525999999999998
INFO:root:elite fitness: 0.34898666666666667
INFO:root:Generation: 173
INFO:root:pop fitness: 0.1849533333333333
INFO:root:elite fitness: 0.3186533333333333
INFO:root:Generation: 159
INFO:root:pop fitness: 0.17624666666666666
INFO:root:elite fitness: 0.33332000000000006
INFO:root:Generation: 174
INFO:root:pop fitness: 0.17290000000000003
INFO:root:elite fitness: 0.29928000000000005
INFO:root:Generation: 175
INFO:root:pop fitness: 0.18304666666666666
INFO:root:elite fitness: 0.34942666666666666
INFO:root:Generation: 160
INFO:root:pop fitness: 0.17032666666666665
INFO:root:elite fitness: 0.31396
INFO:root:Generation: 176
INFO:root:pop fitness: 0.18115333333333333
INFO:root:elite fitness: 0.3266533333333333
INFO:root:Generation: 177
INFO:root:pop fitness: 0.19631333333333334
INFO:root:elite fitness: 0.32452000000000003
INFO:root:Generation: 178
INFO:root:pop fitness: 0.19190000000000002
INFO:root:elite fitness: 0.34236
INFO:root:Generation: 161
INFO:root:pop fitness: 0.16758
INFO:root:elite fitness: 0.3285066666666666
INFO:root:Generation: 179
INFO:root:pop fitness: 0.1926
INFO:root:elite fitness: 0.33686666666666665
INFO:root:Generation: 180
INFO:root:pop fitness: 0.20349333333333333
INFO:root:elite fitness: 0.36951999999999996
INFO:root:Generation: 162
INFO:root:pop fitness: 0.16158
INFO:root:elite fitness: 0.2993333333333334
INFO:root:Generation: 181
INFO:root:pop fitness: 0.17936666666666665
INFO:root:elite fitness: 0.35412
INFO:root:Generation: 182
INFO:root:pop fitness: 0.17327333333333333
INFO:root:elite fitness: 0.32426666666666665
INFO:root:Generation: 163
INFO:root:pop fitness: 0.1712066666666667
INFO:root:elite fitness: 0.3112
INFO:root:Generation: 183
INFO:root:pop fitness: 0.17892666666666668
INFO:root:elite fitness: 0.3426533333333333
INFO:root:Generation: 184
INFO:root:pop fitness: 0.18334
INFO:root:elite fitness: 0.32774666666666663
INFO:root:Generation: 164
INFO:root:pop fitness: 0.17482
INFO:root:elite fitness: 0.2972133333333333
INFO:root:Generation: 185
INFO:root:pop fitness: 0.17063333333333333
INFO:root:elite fitness: 0.31726666666666664
INFO:root:Generation: 165
INFO:root:pop fitness: 0.17703333333333332
INFO:root:elite fitness: 0.3073866666666667
INFO:root:Generation: 186
INFO:root:pop fitness: 0.17650666666666667
INFO:root:elite fitness: 0.34954666666666667
INFO:root:Generation: 187
INFO:root:pop fitness: 0.20444666666666667
INFO:root:elite fitness: 0.3684266666666666
INFO:root:Generation: 166
INFO:root:pop fitness: 0.16386
INFO:root:elite fitness: 0.28502666666666665
INFO:root:Generation: 188
INFO:root:pop fitness: 0.2117733333333333
INFO:root:elite fitness: 0.3596666666666667
INFO:root:Generation: 189
INFO:root:pop fitness: 0.20825333333333332
INFO:root:elite fitness: 0.38299999999999995
INFO:root:Generation: 167
INFO:root:pop fitness: 0.1817133333333333
INFO:root:elite fitness: 0.31056
INFO:root:Generation: 190
INFO:root:pop fitness: 0.20177333333333333
INFO:root:elite fitness: 0.34170666666666666
INFO:root:Generation: 168
INFO:root:pop fitness: 0.16946
INFO:root:elite fitness: 0.28689333333333333
INFO:root:Generation: 191
INFO:root:pop fitness: 0.19698666666666667
INFO:root:elite fitness: 0.35982666666666663
INFO:root:Generation: 192
INFO:root:pop fitness: 0.20057333333333333
INFO:root:elite fitness: 0.3591066666666667
INFO:root:Generation: 169
INFO:root:pop fitness: 0.16930000000000003
INFO:root:elite fitness: 0.30329333333333336
INFO:root:Generation: 193
INFO:root:pop fitness: 0.17514666666666667
INFO:root:elite fitness: 0.33408
INFO:root:Generation: 170
INFO:root:pop fitness: 0.16713333333333333
INFO:root:elite fitness: 0.31721333333333335
INFO:root:Generation: 194
INFO:root:pop fitness: 0.17251333333333335
INFO:root:elite fitness: 0.34257333333333323
INFO:root:Generation: 195
INFO:root:pop fitness: 0.17252
INFO:root:elite fitness: 0.31456
INFO:root:Generation: 171
INFO:root:pop fitness: 0.16834666666666667
INFO:root:elite fitness: 0.3154133333333334
INFO:root:Generation: 196
INFO:root:pop fitness: 0.20113999999999999
INFO:root:elite fitness: 0.34112
INFO:root:Generation: 172
INFO:root:pop fitness: 0.17752666666666664
INFO:root:elite fitness: 0.3194666666666667
INFO:root:Generation: 197
INFO:root:pop fitness: 0.19475333333333333
INFO:root:elite fitness: 0.34441333333333335
INFO:root:Generation: 198
INFO:root:pop fitness: 0.17971333333333334
INFO:root:elite fitness: 0.30918666666666667
INFO:root:Generation: 173
INFO:root:pop fitness: 0.17906666666666665
INFO:root:elite fitness: 0.3231866666666667
INFO:root:Generation: 199
INFO:root:pop fitness: 0.16985333333333336
INFO:root:elite fitness: 0.3094266666666667
INFO:root:Generation: 174
INFO:root:pop fitness: 0.17205333333333334
INFO:root:elite fitness: 0.32614666666666664
INFO:root:Generation: 175
INFO:root:pop fitness: 0.17005333333333336
INFO:root:elite fitness: 0.32521333333333335
INFO:root:Generation: 176
INFO:root:pop fitness: 0.18178666666666668
INFO:root:elite fitness: 0.3304
INFO:root:Generation: 177
INFO:root:pop fitness: 0.18173333333333336
INFO:root:elite fitness: 0.32288
INFO:root:Generation: 178
INFO:root:pop fitness: 0.19326000000000002
INFO:root:elite fitness: 0.34424000000000005
INFO:root:Generation: 179
INFO:root:pop fitness: 0.19814
INFO:root:elite fitness: 0.33768
INFO:root:Generation: 180
INFO:root:pop fitness: 0.19126666666666667
INFO:root:elite fitness: 0.34210666666666667
INFO:root:Generation: 181
INFO:root:pop fitness: 0.18816
INFO:root:elite fitness: 0.31392
INFO:root:Generation: 182
INFO:root:pop fitness: 0.20734
INFO:root:elite fitness: 0.37759999999999994
INFO:root:Generation: 183
INFO:root:pop fitness: 0.20102666666666666
INFO:root:elite fitness: 0.34742666666666666
INFO:root:Generation: 184
INFO:root:pop fitness: 0.19479333333333335
INFO:root:elite fitness: 0.35414666666666667
INFO:root:Generation: 185
INFO:root:pop fitness: 0.19500666666666666
INFO:root:elite fitness: 0.33185333333333333
INFO:root:Generation: 186
INFO:root:pop fitness: 0.19826
INFO:root:elite fitness: 0.34316
INFO:root:Generation: 187
INFO:root:pop fitness: 0.20763333333333336
INFO:root:elite fitness: 0.33632
INFO:root:Generation: 188
INFO:root:pop fitness: 0.21367333333333335
INFO:root:elite fitness: 0.36932
INFO:root:Generation: 189
INFO:root:pop fitness: 0.20246
INFO:root:elite fitness: 0.34336
INFO:root:Generation: 190
INFO:root:pop fitness: 0.18663333333333332
INFO:root:elite fitness: 0.3198133333333334
INFO:root:Generation: 191
INFO:root:pop fitness: 0.19894
INFO:root:elite fitness: 0.3567866666666667
INFO:root:Generation: 192
INFO:root:pop fitness: 0.17844666666666667
INFO:root:elite fitness: 0.3094133333333333
INFO:root:Generation: 193
INFO:root:pop fitness: 0.20439333333333332
INFO:root:elite fitness: 0.3413733333333333
INFO:root:Generation: 194
INFO:root:pop fitness: 0.21331999999999998
INFO:root:elite fitness: 0.35470666666666667
INFO:root:Generation: 195
INFO:root:pop fitness: 0.19987333333333335
INFO:root:elite fitness: 0.32705333333333336
INFO:root:Generation: 196
INFO:root:pop fitness: 0.2059
INFO:root:elite fitness: 0.34199999999999997
INFO:root:Generation: 197
INFO:root:pop fitness: 0.20299333333333333
INFO:root:elite fitness: 0.3754266666666667
INFO:root:Generation: 198
INFO:root:pop fitness: 0.19188000000000002
INFO:root:elite fitness: 0.3409733333333334
INFO:root:Generation: 199
INFO:root:pop fitness: 0.22373333333333334
INFO:root:elite fitness: 0.35152
