INFO:root:run_master: Namespace(arms='10', hidden='8', layers='1', max_gen='200', message='', mutation_mag='0.1', name='diffEnv_v1', noise=False, pop_size='100', save_result=True, trials='100')
INFO:root:run_master: Namespace(arms='10', hidden='8', layers='1', max_gen='200', message='', mutation_mag='0.1', name='diffEnv_v1', noise=True, pop_size='100', save_result=True, trials='100')
INFO:root:Generation: 0
INFO:root:pop fitness: 0.10169
INFO:root:elite fitness: 0.11652
INFO:root:Generation: 0
INFO:root:pop fitness: 0.10243000000000001
INFO:root:elite fitness: 0.11576
INFO:root:Generation: 1
INFO:root:pop fitness: 0.10176999999999997
INFO:root:elite fitness: 0.11931999999999998
INFO:root:Generation: 1
INFO:root:pop fitness: 0.10055000000000001
INFO:root:elite fitness: 0.11653999999999998
INFO:root:Generation: 2
INFO:root:pop fitness: 0.09919999999999998
INFO:root:elite fitness: 0.11179999999999998
INFO:root:Generation: 2
INFO:root:pop fitness: 0.10015
INFO:root:elite fitness: 0.11596000000000001
INFO:root:Generation: 3
INFO:root:pop fitness: 0.10278000000000001
INFO:root:elite fitness: 0.12082000000000001
INFO:root:Generation: 3
INFO:root:pop fitness: 0.09973999999999998
INFO:root:elite fitness: 0.12028
INFO:root:Generation: 4
INFO:root:pop fitness: 0.10033999999999998
INFO:root:elite fitness: 0.12453999999999998
INFO:root:Generation: 4
INFO:root:pop fitness: 0.09956
INFO:root:elite fitness: 0.12282000000000001
INFO:root:Generation: 5
INFO:root:pop fitness: 0.09973000000000001
INFO:root:elite fitness: 0.1274
INFO:root:Generation: 5
INFO:root:pop fitness: 0.10367000000000001
INFO:root:elite fitness: 0.13142
INFO:root:Generation: 6
INFO:root:pop fitness: 0.10062000000000003
INFO:root:elite fitness: 0.12558
INFO:root:Generation: 6
INFO:root:pop fitness: 0.10386000000000001
INFO:root:elite fitness: 0.1316
INFO:root:Generation: 7
INFO:root:pop fitness: 0.10520999999999998
INFO:root:elite fitness: 0.12836
INFO:root:Generation: 8
INFO:root:pop fitness: 0.10451
INFO:root:elite fitness: 0.13114
INFO:root:Generation: 7
INFO:root:pop fitness: 0.10375000000000002
INFO:root:elite fitness: 0.14424
INFO:root:Generation: 9
INFO:root:pop fitness: 0.10343999999999999
INFO:root:elite fitness: 0.1429
INFO:root:Generation: 8
INFO:root:pop fitness: 0.10318
INFO:root:elite fitness: 0.13836
INFO:root:Generation: 9
INFO:root:pop fitness: 0.10529999999999999
INFO:root:elite fitness: 0.14217999999999997
INFO:root:Generation: 10
INFO:root:pop fitness: 0.09904
INFO:root:elite fitness: 0.13698
INFO:root:Generation: 10
INFO:root:pop fitness: 0.10325
INFO:root:elite fitness: 0.15839999999999999
INFO:root:Generation: 11
INFO:root:pop fitness: 0.10133999999999999
INFO:root:elite fitness: 0.14861999999999997
INFO:root:Generation: 11
INFO:root:pop fitness: 0.10821
INFO:root:elite fitness: 0.18158000000000005
INFO:root:Generation: 12
INFO:root:pop fitness: 0.10725000000000001
INFO:root:elite fitness: 0.15508
INFO:root:Generation: 12
INFO:root:pop fitness: 0.10861000000000001
INFO:root:elite fitness: 0.16758000000000003
INFO:root:Generation: 13
INFO:root:pop fitness: 0.10585000000000001
INFO:root:elite fitness: 0.17242000000000002
INFO:root:Generation: 13
INFO:root:pop fitness: 0.10436999999999999
INFO:root:elite fitness: 0.18113999999999997
INFO:root:Generation: 14
INFO:root:pop fitness: 0.10686
INFO:root:elite fitness: 0.17438000000000003
INFO:root:Generation: 14
INFO:root:pop fitness: 0.10299999999999997
INFO:root:elite fitness: 0.1656
INFO:root:Generation: 15
INFO:root:pop fitness: 0.10729000000000001
INFO:root:elite fitness: 0.17818
INFO:root:Generation: 15
INFO:root:pop fitness: 0.10790000000000001
INFO:root:elite fitness: 0.20236
INFO:root:Generation: 16
INFO:root:pop fitness: 0.10737000000000002
INFO:root:elite fitness: 0.18580000000000002
INFO:root:Generation: 17
INFO:root:pop fitness: 0.12112
INFO:root:elite fitness: 0.20902
INFO:root:Generation: 16
INFO:root:pop fitness: 0.09829
INFO:root:elite fitness: 0.17096000000000003
INFO:root:Generation: 18
INFO:root:pop fitness: 0.10097999999999997
INFO:root:elite fitness: 0.1807
INFO:root:Generation: 17
INFO:root:pop fitness: 0.12190999999999999
INFO:root:elite fitness: 0.20247999999999997
INFO:root:Generation: 19
INFO:root:pop fitness: 0.1182
INFO:root:elite fitness: 0.22582000000000002
INFO:root:Generation: 18
INFO:root:pop fitness: 0.10097000000000002
INFO:root:elite fitness: 0.21006
INFO:root:Generation: 20
INFO:root:pop fitness: 0.12018
INFO:root:elite fitness: 0.21118000000000003
INFO:root:Generation: 19
INFO:root:pop fitness: 0.11514
INFO:root:elite fitness: 0.22535999999999998
INFO:root:Generation: 21
INFO:root:pop fitness: 0.11579999999999999
INFO:root:elite fitness: 0.2007
INFO:root:Generation: 20
INFO:root:pop fitness: 0.11939999999999999
INFO:root:elite fitness: 0.23226
INFO:root:Generation: 22
INFO:root:pop fitness: 0.12739
INFO:root:elite fitness: 0.22046
INFO:root:Generation: 21
INFO:root:pop fitness: 0.11166999999999999
INFO:root:elite fitness: 0.23709999999999998
INFO:root:Generation: 23
INFO:root:pop fitness: 0.10003999999999999
INFO:root:elite fitness: 0.18356000000000003
INFO:root:Generation: 24
INFO:root:pop fitness: 0.12813999999999998
INFO:root:elite fitness: 0.23028
INFO:root:Generation: 22
INFO:root:pop fitness: 0.10192
INFO:root:elite fitness: 0.20426000000000002
INFO:root:Generation: 25
INFO:root:pop fitness: 0.10522000000000002
INFO:root:elite fitness: 0.19484
INFO:root:Generation: 23
INFO:root:pop fitness: 0.09712
INFO:root:elite fitness: 0.20241999999999996
INFO:root:Generation: 26
INFO:root:pop fitness: 0.10926999999999999
INFO:root:elite fitness: 0.19441999999999995
INFO:root:Generation: 24
INFO:root:pop fitness: 0.10257
INFO:root:elite fitness: 0.21474000000000001
INFO:root:Generation: 27
INFO:root:pop fitness: 0.11759000000000003
INFO:root:elite fitness: 0.2268
INFO:root:Generation: 25
INFO:root:pop fitness: 0.10178000000000002
INFO:root:elite fitness: 0.21421999999999997
INFO:root:Generation: 28
INFO:root:pop fitness: 0.11089
INFO:root:elite fitness: 0.22151999999999997
INFO:root:Generation: 26
INFO:root:pop fitness: 0.10501
INFO:root:elite fitness: 0.19526
INFO:root:Generation: 29
INFO:root:pop fitness: 0.12440999999999999
INFO:root:elite fitness: 0.2256
INFO:root:Generation: 27
INFO:root:pop fitness: 0.11707
INFO:root:elite fitness: 0.24946000000000002
INFO:root:Generation: 30
INFO:root:pop fitness: 0.11169999999999998
INFO:root:elite fitness: 0.20228000000000002
INFO:root:Generation: 28
INFO:root:pop fitness: 0.10966
INFO:root:elite fitness: 0.22052000000000008
INFO:root:Generation: 31
INFO:root:pop fitness: 0.12155999999999999
INFO:root:elite fitness: 0.1984
INFO:root:Generation: 29
INFO:root:pop fitness: 0.11496999999999997
INFO:root:elite fitness: 0.2562
INFO:root:Generation: 32
INFO:root:pop fitness: 0.12842
INFO:root:elite fitness: 0.24166000000000004
INFO:root:Generation: 30
INFO:root:pop fitness: 0.11694999999999998
INFO:root:elite fitness: 0.24366
INFO:root:Generation: 33
INFO:root:pop fitness: 0.11348000000000001
INFO:root:elite fitness: 0.23431999999999997
INFO:root:Generation: 31
INFO:root:pop fitness: 0.10303000000000001
INFO:root:elite fitness: 0.23092000000000001
INFO:root:Generation: 34
INFO:root:pop fitness: 0.13024
INFO:root:elite fitness: 0.23443999999999998
INFO:root:Generation: 32
INFO:root:pop fitness: 0.11059000000000002
INFO:root:elite fitness: 0.23918000000000003
INFO:root:Generation: 35
INFO:root:pop fitness: 0.14464
INFO:root:elite fitness: 0.26164000000000004
INFO:root:Generation: 33
INFO:root:pop fitness: 0.10779000000000001
INFO:root:elite fitness: 0.23520000000000002
INFO:root:Generation: 36
INFO:root:pop fitness: 0.13576999999999997
INFO:root:elite fitness: 0.24689999999999998
INFO:root:Generation: 34
INFO:root:pop fitness: 0.11699999999999999
INFO:root:elite fitness: 0.25386000000000003
INFO:root:Generation: 37
INFO:root:pop fitness: 0.13627
INFO:root:elite fitness: 0.27182
INFO:root:Generation: 35
INFO:root:pop fitness: 0.10924000000000002
INFO:root:elite fitness: 0.23048000000000002
INFO:root:Generation: 38
INFO:root:pop fitness: 0.13083999999999998
INFO:root:elite fitness: 0.22566
INFO:root:Generation: 36
INFO:root:pop fitness: 0.11991
INFO:root:elite fitness: 0.22282
INFO:root:Generation: 39
INFO:root:pop fitness: 0.12691
INFO:root:elite fitness: 0.24843999999999997
INFO:root:Generation: 37
INFO:root:pop fitness: 0.11785999999999999
INFO:root:elite fitness: 0.23349999999999999
INFO:root:Generation: 40
INFO:root:pop fitness: 0.14428000000000002
INFO:root:elite fitness: 0.2586
INFO:root:Generation: 38
INFO:root:pop fitness: 0.12380000000000001
INFO:root:elite fitness: 0.24614
INFO:root:Generation: 41
INFO:root:pop fitness: 0.12949
INFO:root:elite fitness: 0.26194
INFO:root:Generation: 42
INFO:root:pop fitness: 0.13029999999999997
INFO:root:elite fitness: 0.26168
INFO:root:Generation: 39
INFO:root:pop fitness: 0.13391
INFO:root:elite fitness: 0.26866
INFO:root:Generation: 43
INFO:root:pop fitness: 0.13823999999999997
INFO:root:elite fitness: 0.2753
INFO:root:Generation: 40
INFO:root:pop fitness: 0.13076000000000002
INFO:root:elite fitness: 0.22765999999999997
INFO:root:Generation: 44
INFO:root:pop fitness: 0.14672000000000002
INFO:root:elite fitness: 0.27228
INFO:root:Generation: 41
INFO:root:pop fitness: 0.13144999999999998
INFO:root:elite fitness: 0.25723999999999997
INFO:root:Generation: 45
INFO:root:pop fitness: 0.129
INFO:root:elite fitness: 0.23898000000000003
INFO:root:Generation: 42
INFO:root:pop fitness: 0.14413
INFO:root:elite fitness: 0.27062
INFO:root:Generation: 46
INFO:root:pop fitness: 0.12505999999999998
INFO:root:elite fitness: 0.23573999999999998
INFO:root:Generation: 43
INFO:root:pop fitness: 0.12090999999999999
INFO:root:elite fitness: 0.21445999999999998
INFO:root:Generation: 47
INFO:root:pop fitness: 0.12908
INFO:root:elite fitness: 0.25902000000000003
INFO:root:Generation: 44
INFO:root:pop fitness: 0.14497
INFO:root:elite fitness: 0.24158000000000004
INFO:root:Generation: 48
INFO:root:pop fitness: 0.13222
INFO:root:elite fitness: 0.26647999999999994
INFO:root:Generation: 45
INFO:root:pop fitness: 0.14013
INFO:root:elite fitness: 0.25426000000000004
INFO:root:Generation: 49
INFO:root:pop fitness: 0.13867000000000002
INFO:root:elite fitness: 0.25442000000000004
INFO:root:Generation: 46
INFO:root:pop fitness: 0.14031
INFO:root:elite fitness: 0.2639
INFO:root:Generation: 50
INFO:root:pop fitness: 0.13873000000000002
INFO:root:elite fitness: 0.25543999999999994
INFO:root:Generation: 51
INFO:root:pop fitness: 0.13328999999999996
INFO:root:elite fitness: 0.30617999999999995
INFO:root:Generation: 47
INFO:root:pop fitness: 0.14764999999999998
INFO:root:elite fitness: 0.2751
INFO:root:Generation: 52
INFO:root:pop fitness: 0.13141
INFO:root:elite fitness: 0.26198
INFO:root:Generation: 48
INFO:root:pop fitness: 0.14069
INFO:root:elite fitness: 0.28234000000000004
INFO:root:Generation: 53
INFO:root:pop fitness: 0.13288
INFO:root:elite fitness: 0.25071999999999994
INFO:root:Generation: 49
INFO:root:pop fitness: 0.13505
INFO:root:elite fitness: 0.24867999999999998
INFO:root:Generation: 54
INFO:root:pop fitness: 0.13709999999999997
INFO:root:elite fitness: 0.2852
INFO:root:Generation: 50
INFO:root:pop fitness: 0.13643
INFO:root:elite fitness: 0.2624
INFO:root:Generation: 55
INFO:root:pop fitness: 0.14765999999999999
INFO:root:elite fitness: 0.26868
INFO:root:Generation: 51
INFO:root:pop fitness: 0.14206
INFO:root:elite fitness: 0.26592
INFO:root:Generation: 56
INFO:root:pop fitness: 0.14340999999999998
INFO:root:elite fitness: 0.26123999999999997
INFO:root:Generation: 57
INFO:root:pop fitness: 0.1412
INFO:root:elite fitness: 0.25892
INFO:root:Generation: 52
INFO:root:pop fitness: 0.15277000000000002
INFO:root:elite fitness: 0.29563999999999996
INFO:root:Generation: 58
INFO:root:pop fitness: 0.12949
INFO:root:elite fitness: 0.271
INFO:root:Generation: 53
INFO:root:pop fitness: 0.14849
INFO:root:elite fitness: 0.26156
INFO:root:Generation: 59
INFO:root:pop fitness: 0.14177
INFO:root:elite fitness: 0.28286
INFO:root:Generation: 54
INFO:root:pop fitness: 0.15249000000000001
INFO:root:elite fitness: 0.28884
INFO:root:Generation: 60
INFO:root:pop fitness: 0.14768
INFO:root:elite fitness: 0.29444
INFO:root:Generation: 55
INFO:root:pop fitness: 0.15023
INFO:root:elite fitness: 0.29542
INFO:root:Generation: 61
INFO:root:pop fitness: 0.14570999999999998
INFO:root:elite fitness: 0.25292000000000003
INFO:root:Generation: 56
INFO:root:pop fitness: 0.14579999999999999
INFO:root:elite fitness: 0.30604000000000003
INFO:root:Generation: 62
INFO:root:pop fitness: 0.13951000000000005
INFO:root:elite fitness: 0.26126
INFO:root:Generation: 57
INFO:root:pop fitness: 0.14286000000000001
INFO:root:elite fitness: 0.27686
INFO:root:Generation: 63
INFO:root:pop fitness: 0.15531
INFO:root:elite fitness: 0.2701
INFO:root:Generation: 58
INFO:root:pop fitness: 0.14733000000000002
INFO:root:elite fitness: 0.27668000000000004
INFO:root:Generation: 64
INFO:root:pop fitness: 0.15987
INFO:root:elite fitness: 0.28276
INFO:root:Generation: 59
INFO:root:pop fitness: 0.14941000000000002
INFO:root:elite fitness: 0.29014
INFO:root:Generation: 65
INFO:root:pop fitness: 0.15586
INFO:root:elite fitness: 0.29324000000000006
INFO:root:Generation: 60
INFO:root:pop fitness: 0.1528
INFO:root:elite fitness: 0.28912000000000004
INFO:root:Generation: 66
INFO:root:pop fitness: 0.15621000000000002
INFO:root:elite fitness: 0.29229999999999995
INFO:root:Generation: 61
INFO:root:pop fitness: 0.14928000000000002
INFO:root:elite fitness: 0.30457999999999996
INFO:root:Generation: 67
INFO:root:pop fitness: 0.15975
INFO:root:elite fitness: 0.2835
INFO:root:Generation: 62
INFO:root:pop fitness: 0.16462
INFO:root:elite fitness: 0.31322000000000005
INFO:root:Generation: 68
INFO:root:pop fitness: 0.14926999999999999
INFO:root:elite fitness: 0.28587999999999997
INFO:root:Generation: 63
INFO:root:pop fitness: 0.15425999999999998
INFO:root:elite fitness: 0.30738000000000004
INFO:root:Generation: 69
INFO:root:pop fitness: 0.16003
INFO:root:elite fitness: 0.2935
INFO:root:Generation: 64
INFO:root:pop fitness: 0.14664999999999997
INFO:root:elite fitness: 0.25429999999999997
INFO:root:Generation: 70
INFO:root:pop fitness: 0.17628000000000005
INFO:root:elite fitness: 0.30832
INFO:root:Generation: 65
INFO:root:pop fitness: 0.15376
INFO:root:elite fitness: 0.30832
INFO:root:Generation: 71
INFO:root:pop fitness: 0.15083
INFO:root:elite fitness: 0.28987999999999997
INFO:root:Generation: 66
INFO:root:pop fitness: 0.15882000000000002
INFO:root:elite fitness: 0.30062
INFO:root:Generation: 72
INFO:root:pop fitness: 0.14628
INFO:root:elite fitness: 0.29707999999999996
INFO:root:Generation: 67
INFO:root:pop fitness: 0.15102
INFO:root:elite fitness: 0.26372
INFO:root:Generation: 73
INFO:root:pop fitness: 0.15161
INFO:root:elite fitness: 0.29074
INFO:root:Generation: 68
INFO:root:pop fitness: 0.15437
INFO:root:elite fitness: 0.28572
INFO:root:Generation: 74
INFO:root:pop fitness: 0.16181000000000004
INFO:root:elite fitness: 0.31698
INFO:root:Generation: 69
INFO:root:pop fitness: 0.16749999999999995
INFO:root:elite fitness: 0.31708
INFO:root:Generation: 75
INFO:root:pop fitness: 0.16131
INFO:root:elite fitness: 0.30362
INFO:root:Generation: 70
INFO:root:pop fitness: 0.1666900000000001
INFO:root:elite fitness: 0.32738
INFO:root:Generation: 76
INFO:root:pop fitness: 0.16216
INFO:root:elite fitness: 0.3390200000000001
INFO:root:Generation: 71
INFO:root:pop fitness: 0.16553000000000004
INFO:root:elite fitness: 0.29435999999999996
INFO:root:Generation: 77
INFO:root:pop fitness: 0.16310000000000002
INFO:root:elite fitness: 0.31296
INFO:root:Generation: 72
INFO:root:pop fitness: 0.1593
INFO:root:elite fitness: 0.32132
INFO:root:Generation: 78
INFO:root:pop fitness: 0.17583000000000001
INFO:root:elite fitness: 0.32824
INFO:root:Generation: 79
INFO:root:pop fitness: 0.17238
INFO:root:elite fitness: 0.32939999999999997
INFO:root:Generation: 73
INFO:root:pop fitness: 0.15852
INFO:root:elite fitness: 0.33464
INFO:root:Generation: 80
INFO:root:pop fitness: 0.16873000000000002
INFO:root:elite fitness: 0.3005
INFO:root:Generation: 74
INFO:root:pop fitness: 0.15140000000000003
INFO:root:elite fitness: 0.30192
INFO:root:Generation: 75
INFO:root:pop fitness: 0.15677000000000002
INFO:root:elite fitness: 0.28315999999999997
INFO:root:Generation: 81
INFO:root:pop fitness: 0.17085
INFO:root:elite fitness: 0.32787999999999995
INFO:root:Generation: 76
INFO:root:pop fitness: 0.15533
INFO:root:elite fitness: 0.28008
INFO:root:Generation: 82
INFO:root:pop fitness: 0.16237000000000004
INFO:root:elite fitness: 0.30510000000000004
INFO:root:Generation: 77
INFO:root:pop fitness: 0.1602
INFO:root:elite fitness: 0.29090000000000005
INFO:root:Generation: 83
INFO:root:pop fitness: 0.17818
INFO:root:elite fitness: 0.33236000000000004
INFO:root:Generation: 84
INFO:root:pop fitness: 0.15706
INFO:root:elite fitness: 0.3136
INFO:root:Generation: 78
INFO:root:pop fitness: 0.15926
INFO:root:elite fitness: 0.28450000000000003
INFO:root:Generation: 85
INFO:root:pop fitness: 0.17226
INFO:root:elite fitness: 0.29262
INFO:root:Generation: 79
INFO:root:pop fitness: 0.14319
INFO:root:elite fitness: 0.24834
INFO:root:Generation: 86
INFO:root:pop fitness: 0.16857000000000003
INFO:root:elite fitness: 0.33232
INFO:root:Generation: 80
INFO:root:pop fitness: 0.15134
INFO:root:elite fitness: 0.28638
INFO:root:Generation: 87
INFO:root:pop fitness: 0.17162
INFO:root:elite fitness: 0.32258000000000003
INFO:root:Generation: 81
INFO:root:pop fitness: 0.1461
INFO:root:elite fitness: 0.31766
INFO:root:Generation: 88
INFO:root:pop fitness: 0.16520000000000007
INFO:root:elite fitness: 0.27816
INFO:root:Generation: 82
INFO:root:pop fitness: 0.15170999999999998
INFO:root:elite fitness: 0.28248
INFO:root:Generation: 89
INFO:root:pop fitness: 0.15877
INFO:root:elite fitness: 0.29581999999999997
INFO:root:Generation: 83
INFO:root:pop fitness: 0.15202
INFO:root:elite fitness: 0.28247999999999995
INFO:root:Generation: 90
INFO:root:pop fitness: 0.17339000000000002
INFO:root:elite fitness: 0.31120000000000003
INFO:root:Generation: 84
INFO:root:pop fitness: 0.15343
INFO:root:elite fitness: 0.2547
INFO:root:Generation: 91
INFO:root:pop fitness: 0.17281000000000002
INFO:root:elite fitness: 0.31178
INFO:root:Generation: 85
INFO:root:pop fitness: 0.15213
INFO:root:elite fitness: 0.27518
INFO:root:Generation: 92
INFO:root:pop fitness: 0.16756000000000001
INFO:root:elite fitness: 0.28838
INFO:root:Generation: 86
INFO:root:pop fitness: 0.14414
INFO:root:elite fitness: 0.3038
INFO:root:Generation: 93
INFO:root:pop fitness: 0.16902
INFO:root:elite fitness: 0.3077
INFO:root:Generation: 87
INFO:root:pop fitness: 0.14651999999999998
INFO:root:elite fitness: 0.25726
INFO:root:Generation: 94
INFO:root:pop fitness: 0.16448000000000002
INFO:root:elite fitness: 0.28152
INFO:root:Generation: 88
INFO:root:pop fitness: 0.14949999999999997
INFO:root:elite fitness: 0.28753999999999996
INFO:root:Generation: 95
INFO:root:pop fitness: 0.15294
INFO:root:elite fitness: 0.30473999999999996
INFO:root:Generation: 89
INFO:root:pop fitness: 0.15539000000000003
INFO:root:elite fitness: 0.32202
INFO:root:Generation: 96
INFO:root:pop fitness: 0.16834999999999997
INFO:root:elite fitness: 0.28759999999999997
INFO:root:Generation: 97
INFO:root:pop fitness: 0.16534000000000001
INFO:root:elite fitness: 0.33021999999999996
INFO:root:Generation: 90
INFO:root:pop fitness: 0.15545
INFO:root:elite fitness: 0.29128
INFO:root:Generation: 98
INFO:root:pop fitness: 0.1522
INFO:root:elite fitness: 0.28004
INFO:root:Generation: 91
INFO:root:pop fitness: 0.16083999999999998
INFO:root:elite fitness: 0.30491999999999997
INFO:root:Generation: 92
INFO:root:pop fitness: 0.14503000000000002
INFO:root:elite fitness: 0.2804
INFO:root:Generation: 99
INFO:root:pop fitness: 0.16259999999999997
INFO:root:elite fitness: 0.316
INFO:root:Generation: 100
INFO:root:pop fitness: 0.15665
INFO:root:elite fitness: 0.29100000000000004
INFO:root:Generation: 93
INFO:root:pop fitness: 0.16024000000000002
INFO:root:elite fitness: 0.29302
INFO:root:Generation: 101
INFO:root:pop fitness: 0.15419
INFO:root:elite fitness: 0.28948
INFO:root:Generation: 94
INFO:root:pop fitness: 0.15977
INFO:root:elite fitness: 0.32614
INFO:root:Generation: 102
INFO:root:pop fitness: 0.15532
INFO:root:elite fitness: 0.29962
INFO:root:Generation: 95
INFO:root:pop fitness: 0.15635
INFO:root:elite fitness: 0.26811999999999997
INFO:root:Generation: 103
INFO:root:pop fitness: 0.17181999999999997
INFO:root:elite fitness: 0.32758000000000004
INFO:root:Generation: 96
INFO:root:pop fitness: 0.16137999999999997
INFO:root:elite fitness: 0.31664000000000003
INFO:root:Generation: 104
INFO:root:pop fitness: 0.15857999999999997
INFO:root:elite fitness: 0.30136
INFO:root:Generation: 97
INFO:root:pop fitness: 0.17715
INFO:root:elite fitness: 0.36878
INFO:root:Generation: 105
INFO:root:pop fitness: 0.16222
INFO:root:elite fitness: 0.30174
INFO:root:Generation: 98
INFO:root:pop fitness: 0.15844999999999998
INFO:root:elite fitness: 0.29404
INFO:root:Generation: 106
INFO:root:pop fitness: 0.17520999999999998
INFO:root:elite fitness: 0.34398
INFO:root:Generation: 99
INFO:root:pop fitness: 0.1655
INFO:root:elite fitness: 0.30856
INFO:root:Generation: 107
INFO:root:pop fitness: 0.16479
INFO:root:elite fitness: 0.31876
INFO:root:Generation: 100
INFO:root:pop fitness: 0.16161999999999999
INFO:root:elite fitness: 0.30510000000000004
INFO:root:Generation: 108
INFO:root:pop fitness: 0.16745
INFO:root:elite fitness: 0.29126
INFO:root:Generation: 101
INFO:root:pop fitness: 0.16486
INFO:root:elite fitness: 0.2864
INFO:root:Generation: 109
INFO:root:pop fitness: 0.17369000000000004
INFO:root:elite fitness: 0.35746
INFO:root:Generation: 110
INFO:root:pop fitness: 0.16289
INFO:root:elite fitness: 0.32816
INFO:root:Generation: 102
INFO:root:pop fitness: 0.15902999999999998
INFO:root:elite fitness: 0.30748000000000003
INFO:root:Generation: 111
INFO:root:pop fitness: 0.15865
INFO:root:elite fitness: 0.29890000000000005
INFO:root:Generation: 103
INFO:root:pop fitness: 0.15041999999999997
INFO:root:elite fitness: 0.28484
INFO:root:Generation: 112
INFO:root:pop fitness: 0.16551000000000002
INFO:root:elite fitness: 0.31142
INFO:root:Generation: 104
INFO:root:pop fitness: 0.17989000000000005
INFO:root:elite fitness: 0.32558
INFO:root:Generation: 113
INFO:root:pop fitness: 0.16313
INFO:root:elite fitness: 0.28647999999999996
INFO:root:Generation: 105
INFO:root:pop fitness: 0.15741
INFO:root:elite fitness: 0.30688
INFO:root:Generation: 114
INFO:root:pop fitness: 0.16871
INFO:root:elite fitness: 0.32394
INFO:root:Generation: 106
INFO:root:pop fitness: 0.16643999999999998
INFO:root:elite fitness: 0.31014
INFO:root:Generation: 115
INFO:root:pop fitness: 0.16987000000000002
INFO:root:elite fitness: 0.31966
INFO:root:Generation: 116
INFO:root:pop fitness: 0.17784000000000003
INFO:root:elite fitness: 0.32169999999999993
INFO:root:Generation: 107
INFO:root:pop fitness: 0.15888
INFO:root:elite fitness: 0.29396
INFO:root:Generation: 117
INFO:root:pop fitness: 0.16760000000000003
INFO:root:elite fitness: 0.31495999999999996
INFO:root:Generation: 108
INFO:root:pop fitness: 0.17355000000000004
INFO:root:elite fitness: 0.33926
INFO:root:Generation: 118
INFO:root:pop fitness: 0.17196999999999998
INFO:root:elite fitness: 0.31116
INFO:root:Generation: 109
INFO:root:pop fitness: 0.16994000000000004
INFO:root:elite fitness: 0.34159999999999996
INFO:root:Generation: 119
INFO:root:pop fitness: 0.17338
INFO:root:elite fitness: 0.30246
INFO:root:Generation: 110
INFO:root:pop fitness: 0.17079
INFO:root:elite fitness: 0.30006000000000005
INFO:root:Generation: 120
INFO:root:pop fitness: 0.16808
INFO:root:elite fitness: 0.3308
INFO:root:Generation: 111
INFO:root:pop fitness: 0.17210999999999999
INFO:root:elite fitness: 0.33792
INFO:root:Generation: 121
INFO:root:pop fitness: 0.17283
INFO:root:elite fitness: 0.33126000000000005
INFO:root:Generation: 112
INFO:root:pop fitness: 0.18508
INFO:root:elite fitness: 0.36182000000000003
INFO:root:Generation: 122
INFO:root:pop fitness: 0.16093
INFO:root:elite fitness: 0.29538
INFO:root:Generation: 113
INFO:root:pop fitness: 0.16670999999999997
INFO:root:elite fitness: 0.31888
INFO:root:Generation: 123
INFO:root:pop fitness: 0.16935000000000006
INFO:root:elite fitness: 0.2973
INFO:root:Generation: 114
INFO:root:pop fitness: 0.16524
INFO:root:elite fitness: 0.33222
INFO:root:Generation: 124
INFO:root:pop fitness: 0.17972000000000002
INFO:root:elite fitness: 0.3385
INFO:root:Generation: 115
INFO:root:pop fitness: 0.18242999999999998
INFO:root:elite fitness: 0.3435000000000001
INFO:root:Generation: 125
INFO:root:pop fitness: 0.16599000000000003
INFO:root:elite fitness: 0.30052
INFO:root:Generation: 116
INFO:root:pop fitness: 0.1617
INFO:root:elite fitness: 0.31806
INFO:root:Generation: 126
INFO:root:pop fitness: 0.18791
INFO:root:elite fitness: 0.31864000000000003
INFO:root:Generation: 117
INFO:root:pop fitness: 0.16709999999999997
INFO:root:elite fitness: 0.35015999999999997
INFO:root:Generation: 127
INFO:root:pop fitness: 0.16876000000000002
INFO:root:elite fitness: 0.30884
INFO:root:Generation: 118
INFO:root:pop fitness: 0.17247
INFO:root:elite fitness: 0.32248000000000004
INFO:root:Generation: 128
INFO:root:pop fitness: 0.17212
INFO:root:elite fitness: 0.31554
INFO:root:Generation: 119
INFO:root:pop fitness: 0.1602
INFO:root:elite fitness: 0.29558
INFO:root:Generation: 129
INFO:root:pop fitness: 0.15719
INFO:root:elite fitness: 0.31392000000000003
INFO:root:Generation: 120
INFO:root:pop fitness: 0.17581999999999995
INFO:root:elite fitness: 0.31292000000000003
INFO:root:Generation: 130
INFO:root:pop fitness: 0.16967
INFO:root:elite fitness: 0.29446
INFO:root:Generation: 121
INFO:root:pop fitness: 0.17946000000000006
INFO:root:elite fitness: 0.31315999999999994
INFO:root:Generation: 131
INFO:root:pop fitness: 0.17913999999999997
INFO:root:elite fitness: 0.3424000000000001
INFO:root:Generation: 122
INFO:root:pop fitness: 0.15832
INFO:root:elite fitness: 0.33227999999999996
INFO:root:Generation: 132
INFO:root:pop fitness: 0.17719
INFO:root:elite fitness: 0.34403999999999996
INFO:root:Generation: 123
INFO:root:pop fitness: 0.18468999999999997
INFO:root:elite fitness: 0.35705999999999993
INFO:root:Generation: 133
INFO:root:pop fitness: 0.18827000000000002
INFO:root:elite fitness: 0.3571000000000001
INFO:root:Generation: 134
INFO:root:pop fitness: 0.17869000000000004
INFO:root:elite fitness: 0.3428
INFO:root:Generation: 124
INFO:root:pop fitness: 0.17765999999999998
INFO:root:elite fitness: 0.33334
INFO:root:Generation: 125
INFO:root:pop fitness: 0.17393000000000003
INFO:root:elite fitness: 0.3236
INFO:root:Generation: 135
INFO:root:pop fitness: 0.17898
INFO:root:elite fitness: 0.3339600000000001
INFO:root:Generation: 136
INFO:root:pop fitness: 0.17242000000000005
INFO:root:elite fitness: 0.3296
INFO:root:Generation: 126
INFO:root:pop fitness: 0.18275000000000002
INFO:root:elite fitness: 0.31276
INFO:root:Generation: 137
INFO:root:pop fitness: 0.17661000000000002
INFO:root:elite fitness: 0.33033999999999997
INFO:root:Generation: 127
INFO:root:pop fitness: 0.17847999999999994
INFO:root:elite fitness: 0.33591999999999994
INFO:root:Generation: 138
INFO:root:pop fitness: 0.17090000000000002
INFO:root:elite fitness: 0.30998
INFO:root:Generation: 128
INFO:root:pop fitness: 0.16989
INFO:root:elite fitness: 0.33519999999999994
INFO:root:Generation: 139
INFO:root:pop fitness: 0.16789000000000004
INFO:root:elite fitness: 0.32578
INFO:root:Generation: 129
INFO:root:pop fitness: 0.17241000000000004
INFO:root:elite fitness: 0.33274000000000004
INFO:root:Generation: 140
INFO:root:pop fitness: 0.18178999999999998
INFO:root:elite fitness: 0.3462800000000001
INFO:root:Generation: 130
INFO:root:pop fitness: 0.16658
INFO:root:elite fitness: 0.32058
INFO:root:Generation: 141
INFO:root:pop fitness: 0.17268999999999998
INFO:root:elite fitness: 0.32138
INFO:root:Generation: 131
INFO:root:pop fitness: 0.17029
INFO:root:elite fitness: 0.30413999999999997
INFO:root:Generation: 142
INFO:root:pop fitness: 0.16181
INFO:root:elite fitness: 0.30866000000000005
INFO:root:Generation: 132
INFO:root:pop fitness: 0.17265999999999998
INFO:root:elite fitness: 0.29424000000000006
INFO:root:Generation: 143
INFO:root:pop fitness: 0.16807
INFO:root:elite fitness: 0.30066
INFO:root:Generation: 144
INFO:root:pop fitness: 0.16876000000000002
INFO:root:elite fitness: 0.32366
INFO:root:Generation: 133
INFO:root:pop fitness: 0.16478999999999996
INFO:root:elite fitness: 0.30576000000000003
INFO:root:Generation: 145
INFO:root:pop fitness: 0.18146000000000004
INFO:root:elite fitness: 0.31976
INFO:root:Generation: 134
INFO:root:pop fitness: 0.1483
INFO:root:elite fitness: 0.31470000000000004
INFO:root:Generation: 146
INFO:root:pop fitness: 0.16187
INFO:root:elite fitness: 0.30404
INFO:root:Generation: 135
INFO:root:pop fitness: 0.17669
INFO:root:elite fitness: 0.27946000000000004
INFO:root:Generation: 147
INFO:root:pop fitness: 0.15871
INFO:root:elite fitness: 0.32212
INFO:root:Generation: 136
INFO:root:pop fitness: 0.16285000000000005
INFO:root:elite fitness: 0.33753999999999995
INFO:root:Generation: 148
INFO:root:pop fitness: 0.18129000000000006
INFO:root:elite fitness: 0.31932000000000005
INFO:root:Generation: 137
INFO:root:pop fitness: 0.15902
INFO:root:elite fitness: 0.30676000000000003
INFO:root:Generation: 149
INFO:root:pop fitness: 0.16840000000000002
INFO:root:elite fitness: 0.33532000000000006
INFO:root:Generation: 138
INFO:root:pop fitness: 0.15883
INFO:root:elite fitness: 0.31651999999999997
INFO:root:Generation: 150
INFO:root:pop fitness: 0.16157
INFO:root:elite fitness: 0.32817999999999997
INFO:root:Generation: 139
INFO:root:pop fitness: 0.16612
INFO:root:elite fitness: 0.3109
INFO:root:Generation: 151
INFO:root:pop fitness: 0.17733999999999997
INFO:root:elite fitness: 0.30200000000000005
INFO:root:Generation: 140
INFO:root:pop fitness: 0.16866
INFO:root:elite fitness: 0.33025999999999994
INFO:root:Generation: 152
INFO:root:pop fitness: 0.16477000000000003
INFO:root:elite fitness: 0.28808
INFO:root:Generation: 141
INFO:root:pop fitness: 0.15773
INFO:root:elite fitness: 0.29092
INFO:root:Generation: 153
INFO:root:pop fitness: 0.17089000000000001
INFO:root:elite fitness: 0.29567999999999994
INFO:root:Generation: 142
INFO:root:pop fitness: 0.16554
INFO:root:elite fitness: 0.29774
INFO:root:Generation: 154
INFO:root:pop fitness: 0.16261000000000003
INFO:root:elite fitness: 0.32432
INFO:root:Generation: 143
INFO:root:pop fitness: 0.15608
INFO:root:elite fitness: 0.31010000000000004
INFO:root:Generation: 155
INFO:root:pop fitness: 0.18217000000000003
INFO:root:elite fitness: 0.3267400000000001
INFO:root:Generation: 144
INFO:root:pop fitness: 0.17026000000000002
INFO:root:elite fitness: 0.30594
INFO:root:Generation: 156
INFO:root:pop fitness: 0.18305
INFO:root:elite fitness: 0.33110000000000006
INFO:root:Generation: 145
INFO:root:pop fitness: 0.17490000000000003
INFO:root:elite fitness: 0.31566
INFO:root:Generation: 157
INFO:root:pop fitness: 0.16284999999999997
INFO:root:elite fitness: 0.3049
INFO:root:Generation: 146
INFO:root:pop fitness: 0.15788999999999997
INFO:root:elite fitness: 0.30758
INFO:root:Generation: 158
INFO:root:pop fitness: 0.17096
INFO:root:elite fitness: 0.30044
INFO:root:Generation: 159
INFO:root:pop fitness: 0.17872
INFO:root:elite fitness: 0.3327799999999999
INFO:root:Generation: 147
INFO:root:pop fitness: 0.16954
INFO:root:elite fitness: 0.28542
INFO:root:Generation: 160
INFO:root:pop fitness: 0.17518999999999998
INFO:root:elite fitness: 0.32686
INFO:root:Generation: 148
INFO:root:pop fitness: 0.17740000000000003
INFO:root:elite fitness: 0.33287999999999995
INFO:root:Generation: 161
INFO:root:pop fitness: 0.18560000000000001
INFO:root:elite fitness: 0.33061999999999997
INFO:root:Generation: 149
INFO:root:pop fitness: 0.16416
INFO:root:elite fitness: 0.31526
INFO:root:Generation: 162
INFO:root:pop fitness: 0.18377000000000002
INFO:root:elite fitness: 0.32388
INFO:root:Generation: 150
INFO:root:pop fitness: 0.16193
INFO:root:elite fitness: 0.29624
INFO:root:Generation: 163
INFO:root:pop fitness: 0.19179999999999997
INFO:root:elite fitness: 0.37168
INFO:root:Generation: 151
INFO:root:pop fitness: 0.17149
INFO:root:elite fitness: 0.33803999999999995
INFO:root:Generation: 164
INFO:root:pop fitness: 0.18311000000000002
INFO:root:elite fitness: 0.32044000000000006
INFO:root:Generation: 152
INFO:root:pop fitness: 0.17017
INFO:root:elite fitness: 0.28876
INFO:root:Generation: 165
INFO:root:pop fitness: 0.20192000000000004
INFO:root:elite fitness: 0.35832
INFO:root:Generation: 153
INFO:root:pop fitness: 0.18051999999999996
INFO:root:elite fitness: 0.31198
INFO:root:Generation: 166
INFO:root:pop fitness: 0.18069000000000007
INFO:root:elite fitness: 0.3488600000000001
INFO:root:Generation: 154
INFO:root:pop fitness: 0.17374000000000003
INFO:root:elite fitness: 0.31982
INFO:root:Generation: 167
INFO:root:pop fitness: 0.19261
INFO:root:elite fitness: 0.32706
INFO:root:Generation: 155
INFO:root:pop fitness: 0.17779
INFO:root:elite fitness: 0.3281
INFO:root:Generation: 168
INFO:root:pop fitness: 0.18401000000000003
INFO:root:elite fitness: 0.32386
INFO:root:Generation: 156
INFO:root:pop fitness: 0.18386
INFO:root:elite fitness: 0.33308
INFO:root:Generation: 169
INFO:root:pop fitness: 0.17242999999999997
INFO:root:elite fitness: 0.32821999999999996
INFO:root:Generation: 157
INFO:root:pop fitness: 0.17703
INFO:root:elite fitness: 0.3052
INFO:root:Generation: 170
INFO:root:pop fitness: 0.18816000000000002
INFO:root:elite fitness: 0.34187999999999996
INFO:root:Generation: 158
INFO:root:pop fitness: 0.18514000000000003
INFO:root:elite fitness: 0.32112
INFO:root:Generation: 171
INFO:root:pop fitness: 0.18700999999999998
INFO:root:elite fitness: 0.33464
INFO:root:Generation: 159
INFO:root:pop fitness: 0.18426999999999996
INFO:root:elite fitness: 0.3422
INFO:root:Generation: 160
INFO:root:pop fitness: 0.17687
INFO:root:elite fitness: 0.32206
INFO:root:Generation: 172
INFO:root:pop fitness: 0.19415
INFO:root:elite fitness: 0.33352000000000004
INFO:root:Generation: 173
INFO:root:pop fitness: 0.20118
INFO:root:elite fitness: 0.3536600000000001
INFO:root:Generation: 161
INFO:root:pop fitness: 0.20204
INFO:root:elite fitness: 0.34538
INFO:root:Generation: 174
INFO:root:pop fitness: 0.19118000000000004
INFO:root:elite fitness: 0.35536
INFO:root:Generation: 162
INFO:root:pop fitness: 0.18422000000000005
INFO:root:elite fitness: 0.33770000000000006
INFO:root:Generation: 175
INFO:root:pop fitness: 0.19071000000000005
INFO:root:elite fitness: 0.35284000000000004
INFO:root:Generation: 163
INFO:root:pop fitness: 0.1764
INFO:root:elite fitness: 0.33047999999999994
INFO:root:Generation: 176
INFO:root:pop fitness: 0.19818000000000002
INFO:root:elite fitness: 0.34412
INFO:root:Generation: 164
INFO:root:pop fitness: 0.20175000000000004
INFO:root:elite fitness: 0.34942
INFO:root:Generation: 177
INFO:root:pop fitness: 0.19504
INFO:root:elite fitness: 0.3409199999999999
INFO:root:Generation: 165
INFO:root:pop fitness: 0.18936
INFO:root:elite fitness: 0.31414000000000003
INFO:root:Generation: 178
INFO:root:pop fitness: 0.20117000000000002
INFO:root:elite fitness: 0.36471999999999993
INFO:root:Generation: 179
INFO:root:pop fitness: 0.1912
INFO:root:elite fitness: 0.33525999999999995
INFO:root:Generation: 166
INFO:root:pop fitness: 0.19026000000000004
INFO:root:elite fitness: 0.3497799999999999
INFO:root:Generation: 180
INFO:root:pop fitness: 0.20148999999999997
INFO:root:elite fitness: 0.3654
INFO:root:Generation: 167
INFO:root:pop fitness: 0.19172999999999996
INFO:root:elite fitness: 0.37145999999999996
INFO:root:Generation: 181
INFO:root:pop fitness: 0.19965
INFO:root:elite fitness: 0.33854000000000006
INFO:root:Generation: 168
INFO:root:pop fitness: 0.18584
INFO:root:elite fitness: 0.30356
INFO:root:Generation: 182
INFO:root:pop fitness: 0.20312999999999998
INFO:root:elite fitness: 0.36726
INFO:root:Generation: 169
INFO:root:pop fitness: 0.18683000000000002
INFO:root:elite fitness: 0.34248000000000006
INFO:root:Generation: 183
INFO:root:pop fitness: 0.18776
INFO:root:elite fitness: 0.35266
INFO:root:Generation: 170
INFO:root:pop fitness: 0.19526999999999997
INFO:root:elite fitness: 0.34502000000000005
INFO:root:Generation: 184
INFO:root:pop fitness: 0.19682000000000002
INFO:root:elite fitness: 0.33898000000000006
INFO:root:Generation: 171
INFO:root:pop fitness: 0.19890999999999998
INFO:root:elite fitness: 0.37060000000000004
INFO:root:Generation: 185
INFO:root:pop fitness: 0.19901999999999997
INFO:root:elite fitness: 0.33763999999999994
INFO:root:Generation: 186
INFO:root:pop fitness: 0.21744999999999998
INFO:root:elite fitness: 0.38427999999999995
INFO:root:Generation: 172
INFO:root:pop fitness: 0.20315000000000003
INFO:root:elite fitness: 0.35144
INFO:root:Generation: 187
INFO:root:pop fitness: 0.20022000000000006
INFO:root:elite fitness: 0.3606
INFO:root:Generation: 173
INFO:root:pop fitness: 0.19329999999999997
INFO:root:elite fitness: 0.32567999999999997
INFO:root:Generation: 188
INFO:root:pop fitness: 0.20202
INFO:root:elite fitness: 0.35597999999999996
INFO:root:Generation: 174
INFO:root:pop fitness: 0.19547
INFO:root:elite fitness: 0.34273999999999993
INFO:root:Generation: 175
INFO:root:pop fitness: 0.19761000000000006
INFO:root:elite fitness: 0.33852
INFO:root:Generation: 189
INFO:root:pop fitness: 0.2137
INFO:root:elite fitness: 0.40795999999999993
INFO:root:Generation: 176
INFO:root:pop fitness: 0.2052
INFO:root:elite fitness: 0.37061999999999995
INFO:root:Generation: 190
INFO:root:pop fitness: 0.20475
INFO:root:elite fitness: 0.36408
INFO:root:Generation: 177
INFO:root:pop fitness: 0.20149999999999998
INFO:root:elite fitness: 0.37567999999999996
INFO:root:Generation: 191
INFO:root:pop fitness: 0.20964
INFO:root:elite fitness: 0.36297999999999997
INFO:root:Generation: 178
INFO:root:pop fitness: 0.21316
INFO:root:elite fitness: 0.37406
INFO:root:Generation: 192
INFO:root:pop fitness: 0.21309
INFO:root:elite fitness: 0.3570400000000001
INFO:root:Generation: 179
INFO:root:pop fitness: 0.19416999999999998
INFO:root:elite fitness: 0.33691999999999994
INFO:root:Generation: 193
INFO:root:pop fitness: 0.20429000000000005
INFO:root:elite fitness: 0.35802
INFO:root:Generation: 180
INFO:root:pop fitness: 0.19833
INFO:root:elite fitness: 0.36008
INFO:root:Generation: 194
INFO:root:pop fitness: 0.22326000000000001
INFO:root:elite fitness: 0.37520000000000003
INFO:root:Generation: 195
INFO:root:pop fitness: 0.22284000000000007
INFO:root:elite fitness: 0.4076199999999999
INFO:root:Generation: 181
INFO:root:pop fitness: 0.1963
INFO:root:elite fitness: 0.41328
INFO:root:Generation: 196
INFO:root:pop fitness: 0.19477
INFO:root:elite fitness: 0.37866
INFO:root:Generation: 182
INFO:root:pop fitness: 0.18982000000000002
INFO:root:elite fitness: 0.31722
INFO:root:Generation: 197
INFO:root:pop fitness: 0.21451000000000003
INFO:root:elite fitness: 0.38321999999999995
INFO:root:Generation: 183
INFO:root:pop fitness: 0.18785999999999997
INFO:root:elite fitness: 0.32676
INFO:root:Generation: 198
INFO:root:pop fitness: 0.21628
INFO:root:elite fitness: 0.38654000000000005
INFO:root:Generation: 184
INFO:root:pop fitness: 0.19870000000000004
INFO:root:elite fitness: 0.3176
INFO:root:Generation: 199
INFO:root:pop fitness: 0.21175999999999998
INFO:root:elite fitness: 0.3357399999999999
INFO:root:Generation: 185
INFO:root:pop fitness: 0.19398000000000004
INFO:root:elite fitness: 0.34870000000000007
INFO:root:Generation: 186
INFO:root:pop fitness: 0.20851999999999996
INFO:root:elite fitness: 0.3633399999999999
INFO:root:Generation: 187
INFO:root:pop fitness: 0.20462000000000002
INFO:root:elite fitness: 0.34581999999999996
INFO:root:Generation: 188
INFO:root:pop fitness: 0.19711
INFO:root:elite fitness: 0.36734
INFO:root:Generation: 189
INFO:root:pop fitness: 0.19818000000000005
INFO:root:elite fitness: 0.35098000000000007
INFO:root:Generation: 190
INFO:root:pop fitness: 0.21320000000000008
INFO:root:elite fitness: 0.35896
INFO:root:Generation: 191
INFO:root:pop fitness: 0.19157
INFO:root:elite fitness: 0.35247999999999996
INFO:root:Generation: 192
INFO:root:pop fitness: 0.20228000000000002
INFO:root:elite fitness: 0.35178000000000004
INFO:root:Generation: 193
INFO:root:pop fitness: 0.19488
INFO:root:elite fitness: 0.34576000000000007
INFO:root:Generation: 194
INFO:root:pop fitness: 0.19619999999999999
INFO:root:elite fitness: 0.3796999999999999
INFO:root:Generation: 195
INFO:root:pop fitness: 0.19702000000000003
INFO:root:elite fitness: 0.34447999999999995
INFO:root:Generation: 196
INFO:root:pop fitness: 0.18437
INFO:root:elite fitness: 0.3398999999999999
INFO:root:Generation: 197
INFO:root:pop fitness: 0.19451999999999997
INFO:root:elite fitness: 0.34759999999999996
INFO:root:Generation: 198
INFO:root:pop fitness: 0.19416999999999998
INFO:root:elite fitness: 0.34118000000000004
INFO:root:Generation: 199
INFO:root:pop fitness: 0.20259000000000005
INFO:root:elite fitness: 0.3211
