INFO:root:run_master: Namespace(arms='10', hidden='16', layers='3', max_gen='200', message='', mutation_mag='0.1', name='nonStationary_v2', noise=False, pop_size='150', save_result=True, trials='100')
INFO:root:run_master: Namespace(arms='10', hidden='16', layers='3', max_gen='200', message='', mutation_mag='0.1', name='nonStationary_v2', noise=True, pop_size='150', save_result=True, trials='100')
INFO:root:Generation: 0
INFO:root:pop fitness: 0.10117333333333332
INFO:root:elite fitness: 0.11394666666666665
INFO:root:Generation: 0
INFO:root:pop fitness: 0.09921333333333332
INFO:root:elite fitness: 0.11044
INFO:root:Generation: 1
INFO:root:pop fitness: 0.10287333333333333
INFO:root:elite fitness: 0.11589333333333336
INFO:root:Generation: 1
INFO:root:pop fitness: 0.10055333333333333
INFO:root:elite fitness: 0.11377333333333335
INFO:root:Generation: 2
INFO:root:pop fitness: 0.09971999999999999
INFO:root:elite fitness: 0.11572000000000003
INFO:root:Generation: 2
INFO:root:pop fitness: 0.10019333333333331
INFO:root:elite fitness: 0.11532
INFO:root:Generation: 3
INFO:root:pop fitness: 0.09980666666666665
INFO:root:elite fitness: 0.11553333333333332
INFO:root:Generation: 3
INFO:root:pop fitness: 0.10194
INFO:root:elite fitness: 0.11864000000000002
INFO:root:Generation: 4
INFO:root:pop fitness: 0.10162666666666667
INFO:root:elite fitness: 0.12208000000000001
INFO:root:Generation: 4
INFO:root:pop fitness: 0.10295333333333331
INFO:root:elite fitness: 0.12588000000000002
INFO:root:Generation: 5
INFO:root:pop fitness: 0.09821333333333333
INFO:root:elite fitness: 0.12956
INFO:root:Generation: 5
INFO:root:pop fitness: 0.10192666666666667
INFO:root:elite fitness: 0.13117333333333334
INFO:root:Generation: 6
INFO:root:pop fitness: 0.10451333333333335
INFO:root:elite fitness: 0.13648
INFO:root:Generation: 7
INFO:root:pop fitness: 0.10457333333333335
INFO:root:elite fitness: 0.1482
INFO:root:Generation: 6
INFO:root:pop fitness: 0.10171999999999999
INFO:root:elite fitness: 0.13527999999999998
INFO:root:Generation: 8
INFO:root:pop fitness: 0.10692666666666667
INFO:root:elite fitness: 0.16896
INFO:root:Generation: 7
INFO:root:pop fitness: 0.09900666666666666
INFO:root:elite fitness: 0.13797333333333334
INFO:root:Generation: 9
INFO:root:pop fitness: 0.09939333333333335
INFO:root:elite fitness: 0.15490666666666666
INFO:root:Generation: 8
INFO:root:pop fitness: 0.09910666666666666
INFO:root:elite fitness: 0.15496
INFO:root:Generation: 10
INFO:root:pop fitness: 0.10558
INFO:root:elite fitness: 0.17423999999999998
INFO:root:Generation: 9
INFO:root:pop fitness: 0.09903333333333333
INFO:root:elite fitness: 0.14579999999999999
INFO:root:Generation: 11
INFO:root:pop fitness: 0.11172000000000001
INFO:root:elite fitness: 0.18626666666666666
INFO:root:Generation: 10
INFO:root:pop fitness: 0.09790666666666667
INFO:root:elite fitness: 0.14818666666666666
INFO:root:Generation: 12
INFO:root:pop fitness: 0.10258666666666667
INFO:root:elite fitness: 0.18572
INFO:root:Generation: 11
INFO:root:pop fitness: 0.09214
INFO:root:elite fitness: 0.1427466666666667
INFO:root:Generation: 13
INFO:root:pop fitness: 0.09938666666666666
INFO:root:elite fitness: 0.17688000000000004
INFO:root:Generation: 12
INFO:root:pop fitness: 0.10561333333333334
INFO:root:elite fitness: 0.15705333333333332
INFO:root:Generation: 14
INFO:root:pop fitness: 0.10205333333333333
INFO:root:elite fitness: 0.17957333333333333
INFO:root:Generation: 15
INFO:root:pop fitness: 0.1185
INFO:root:elite fitness: 0.21162666666666666
INFO:root:Generation: 13
INFO:root:pop fitness: 0.10070666666666665
INFO:root:elite fitness: 0.17188
INFO:root:Generation: 16
INFO:root:pop fitness: 0.10585333333333334
INFO:root:elite fitness: 0.19205333333333335
INFO:root:Generation: 14
INFO:root:pop fitness: 0.10266
INFO:root:elite fitness: 0.1878666666666667
INFO:root:Generation: 17
INFO:root:pop fitness: 0.11234
INFO:root:elite fitness: 0.21419999999999997
INFO:root:Generation: 15
INFO:root:pop fitness: 0.09745333333333332
INFO:root:elite fitness: 0.16794666666666666
INFO:root:Generation: 18
INFO:root:pop fitness: 0.10331333333333333
INFO:root:elite fitness: 0.18392
INFO:root:Generation: 16
INFO:root:pop fitness: 0.1075066666666667
INFO:root:elite fitness: 0.17877333333333334
INFO:root:Generation: 19
INFO:root:pop fitness: 0.10369333333333335
INFO:root:elite fitness: 0.18005333333333334
INFO:root:Generation: 17
INFO:root:pop fitness: 0.10111333333333333
INFO:root:elite fitness: 0.17888000000000004
INFO:root:Generation: 20
INFO:root:pop fitness: 0.10434
INFO:root:elite fitness: 0.18833333333333332
INFO:root:Generation: 18
INFO:root:pop fitness: 0.10018666666666667
INFO:root:elite fitness: 0.17317333333333335
INFO:root:Generation: 21
INFO:root:pop fitness: 0.10692
INFO:root:elite fitness: 0.19245333333333334
INFO:root:Generation: 22
INFO:root:pop fitness: 0.11019333333333334
INFO:root:elite fitness: 0.19402666666666665
INFO:root:Generation: 19
INFO:root:pop fitness: 0.10872666666666668
INFO:root:elite fitness: 0.17951999999999999
INFO:root:Generation: 23
INFO:root:pop fitness: 0.10732666666666667
INFO:root:elite fitness: 0.1956
INFO:root:Generation: 20
INFO:root:pop fitness: 0.10034
INFO:root:elite fitness: 0.16617333333333334
INFO:root:Generation: 24
INFO:root:pop fitness: 0.10962000000000001
INFO:root:elite fitness: 0.18556
INFO:root:Generation: 21
INFO:root:pop fitness: 0.11494000000000004
INFO:root:elite fitness: 0.20648
INFO:root:Generation: 25
INFO:root:pop fitness: 0.11318
INFO:root:elite fitness: 0.19793333333333335
INFO:root:Generation: 22
INFO:root:pop fitness: 0.10710000000000001
INFO:root:elite fitness: 0.17713333333333334
INFO:root:Generation: 26
INFO:root:pop fitness: 0.11489333333333335
INFO:root:elite fitness: 0.20032000000000003
INFO:root:Generation: 23
INFO:root:pop fitness: 0.10762666666666666
INFO:root:elite fitness: 0.1868
INFO:root:Generation: 27
INFO:root:pop fitness: 0.12465333333333337
INFO:root:elite fitness: 0.2272666666666666
INFO:root:Generation: 24
INFO:root:pop fitness: 0.10660000000000001
INFO:root:elite fitness: 0.18458666666666668
INFO:root:Generation: 28
INFO:root:pop fitness: 0.11325333333333333
INFO:root:elite fitness: 0.21754666666666667
INFO:root:Generation: 25
INFO:root:pop fitness: 0.10949333333333333
INFO:root:elite fitness: 0.19044000000000003
INFO:root:Generation: 29
INFO:root:pop fitness: 0.11731333333333334
INFO:root:elite fitness: 0.20173333333333335
INFO:root:Generation: 26
INFO:root:pop fitness: 0.09772000000000002
INFO:root:elite fitness: 0.18365333333333334
INFO:root:Generation: 30
INFO:root:pop fitness: 0.12555333333333332
INFO:root:elite fitness: 0.23317333333333337
INFO:root:Generation: 31
INFO:root:pop fitness: 0.12223999999999999
INFO:root:elite fitness: 0.21721333333333334
INFO:root:Generation: 27
INFO:root:pop fitness: 0.11880666666666666
INFO:root:elite fitness: 0.21816000000000002
INFO:root:Generation: 32
INFO:root:pop fitness: 0.12376
INFO:root:elite fitness: 0.21206666666666665
INFO:root:Generation: 28
INFO:root:pop fitness: 0.10992666666666664
INFO:root:elite fitness: 0.20218666666666663
INFO:root:Generation: 33
INFO:root:pop fitness: 0.11614666666666668
INFO:root:elite fitness: 0.20684
INFO:root:Generation: 29
INFO:root:pop fitness: 0.10955333333333335
INFO:root:elite fitness: 0.19774666666666663
INFO:root:Generation: 34
INFO:root:pop fitness: 0.11581333333333334
INFO:root:elite fitness: 0.20671999999999996
INFO:root:Generation: 30
INFO:root:pop fitness: 0.11829999999999999
INFO:root:elite fitness: 0.2006666666666667
INFO:root:Generation: 35
INFO:root:pop fitness: 0.12390000000000001
INFO:root:elite fitness: 0.22415999999999997
INFO:root:Generation: 31
INFO:root:pop fitness: 0.11664
INFO:root:elite fitness: 0.20130666666666666
INFO:root:Generation: 36
INFO:root:pop fitness: 0.12804000000000001
INFO:root:elite fitness: 0.22672
INFO:root:Generation: 32
INFO:root:pop fitness: 0.11634
INFO:root:elite fitness: 0.21530666666666667
INFO:root:Generation: 37
INFO:root:pop fitness: 0.11165333333333331
INFO:root:elite fitness: 0.21446666666666667
INFO:root:Generation: 33
INFO:root:pop fitness: 0.10638000000000002
INFO:root:elite fitness: 0.19882666666666665
INFO:root:Generation: 38
INFO:root:pop fitness: 0.12060666666666665
INFO:root:elite fitness: 0.21668
INFO:root:Generation: 39
INFO:root:pop fitness: 0.12562000000000004
INFO:root:elite fitness: 0.2212533333333333
INFO:root:Generation: 34
INFO:root:pop fitness: 0.10458
INFO:root:elite fitness: 0.20193333333333333
INFO:root:Generation: 40
INFO:root:pop fitness: 0.11172
INFO:root:elite fitness: 0.20170666666666665
INFO:root:Generation: 35
INFO:root:pop fitness: 0.11441333333333333
INFO:root:elite fitness: 0.22333333333333333
INFO:root:Generation: 41
INFO:root:pop fitness: 0.13209333333333334
INFO:root:elite fitness: 0.2326533333333333
INFO:root:Generation: 36
INFO:root:pop fitness: 0.1066
INFO:root:elite fitness: 0.18169333333333332
INFO:root:Generation: 42
INFO:root:pop fitness: 0.11824666666666668
INFO:root:elite fitness: 0.21108
INFO:root:Generation: 37
INFO:root:pop fitness: 0.12016
INFO:root:elite fitness: 0.21185333333333334
INFO:root:Generation: 43
INFO:root:pop fitness: 0.12807999999999997
INFO:root:elite fitness: 0.22629333333333335
INFO:root:Generation: 38
INFO:root:pop fitness: 0.13137333333333334
INFO:root:elite fitness: 0.23545333333333332
INFO:root:Generation: 44
INFO:root:pop fitness: 0.12266666666666669
INFO:root:elite fitness: 0.23784000000000002
INFO:root:Generation: 39
INFO:root:pop fitness: 0.11880666666666667
INFO:root:elite fitness: 0.21137333333333339
INFO:root:Generation: 45
INFO:root:pop fitness: 0.11757333333333335
INFO:root:elite fitness: 0.21257333333333334
INFO:root:Generation: 40
INFO:root:pop fitness: 0.1145
INFO:root:elite fitness: 0.21132
INFO:root:Generation: 46
INFO:root:pop fitness: 0.12116666666666664
INFO:root:elite fitness: 0.20816
INFO:root:Generation: 41
INFO:root:pop fitness: 0.12553333333333333
INFO:root:elite fitness: 0.21699999999999997
INFO:root:Generation: 47
INFO:root:pop fitness: 0.12406000000000002
INFO:root:elite fitness: 0.21053333333333332
INFO:root:Generation: 42
INFO:root:pop fitness: 0.1266533333333333
INFO:root:elite fitness: 0.20073333333333332
INFO:root:Generation: 48
INFO:root:pop fitness: 0.12426000000000002
INFO:root:elite fitness: 0.21136
INFO:root:Generation: 43
INFO:root:pop fitness: 0.11708666666666663
INFO:root:elite fitness: 0.19684
INFO:root:Generation: 49
INFO:root:pop fitness: 0.11813333333333333
INFO:root:elite fitness: 0.21947999999999998
INFO:root:Generation: 44
INFO:root:pop fitness: 0.13479333333333335
INFO:root:elite fitness: 0.2424266666666667
INFO:root:Generation: 50
INFO:root:pop fitness: 0.11542666666666666
INFO:root:elite fitness: 0.19736
INFO:root:Generation: 45
INFO:root:pop fitness: 0.12114
INFO:root:elite fitness: 0.19894666666666672
INFO:root:Generation: 51
INFO:root:pop fitness: 0.12467333333333333
INFO:root:elite fitness: 0.22161333333333336
INFO:root:Generation: 46
INFO:root:pop fitness: 0.12323999999999997
INFO:root:elite fitness: 0.22142666666666666
INFO:root:Generation: 52
INFO:root:pop fitness: 0.13174666666666668
INFO:root:elite fitness: 0.2290666666666666
INFO:root:Generation: 47
INFO:root:pop fitness: 0.12387333333333334
INFO:root:elite fitness: 0.21984
INFO:root:Generation: 53
INFO:root:pop fitness: 0.13494
INFO:root:elite fitness: 0.2518266666666667
INFO:root:Generation: 48
INFO:root:pop fitness: 0.12406666666666666
INFO:root:elite fitness: 0.2159866666666667
INFO:root:Generation: 54
INFO:root:pop fitness: 0.12756
INFO:root:elite fitness: 0.21166666666666667
INFO:root:Generation: 49
INFO:root:pop fitness: 0.12941333333333332
INFO:root:elite fitness: 0.22296000000000002
INFO:root:Generation: 55
INFO:root:pop fitness: 0.12594666666666665
INFO:root:elite fitness: 0.21545333333333336
INFO:root:Generation: 50
INFO:root:pop fitness: 0.12016666666666666
INFO:root:elite fitness: 0.20065333333333338
INFO:root:Generation: 56
INFO:root:pop fitness: 0.12423333333333335
INFO:root:elite fitness: 0.2135866666666667
INFO:root:Generation: 51
INFO:root:pop fitness: 0.13102666666666668
INFO:root:elite fitness: 0.24035999999999996
INFO:root:Generation: 57
INFO:root:pop fitness: 0.13211333333333333
INFO:root:elite fitness: 0.22907999999999998
INFO:root:Generation: 58
INFO:root:pop fitness: 0.13895333333333335
INFO:root:elite fitness: 0.23579999999999998
INFO:root:Generation: 52
INFO:root:pop fitness: 0.12896000000000002
INFO:root:elite fitness: 0.21748
INFO:root:Generation: 59
INFO:root:pop fitness: 0.1320666666666667
INFO:root:elite fitness: 0.23593333333333338
INFO:root:Generation: 53
INFO:root:pop fitness: 0.12114000000000003
INFO:root:elite fitness: 0.20882666666666666
INFO:root:Generation: 60
INFO:root:pop fitness: 0.12983999999999998
INFO:root:elite fitness: 0.20669333333333334
INFO:root:Generation: 54
INFO:root:pop fitness: 0.12561333333333333
INFO:root:elite fitness: 0.206
INFO:root:Generation: 61
INFO:root:pop fitness: 0.12944
INFO:root:elite fitness: 0.23896000000000006
INFO:root:Generation: 55
INFO:root:pop fitness: 0.12457333333333331
INFO:root:elite fitness: 0.2214
INFO:root:Generation: 62
INFO:root:pop fitness: 0.11938666666666665
INFO:root:elite fitness: 0.20244
INFO:root:Generation: 56
INFO:root:pop fitness: 0.12075333333333332
INFO:root:elite fitness: 0.20998666666666668
INFO:root:Generation: 63
INFO:root:pop fitness: 0.13179999999999997
INFO:root:elite fitness: 0.23258666666666666
INFO:root:Generation: 57
INFO:root:pop fitness: 0.12709333333333334
INFO:root:elite fitness: 0.22252
INFO:root:Generation: 64
INFO:root:pop fitness: 0.12281333333333332
INFO:root:elite fitness: 0.2224533333333334
INFO:root:Generation: 58
INFO:root:pop fitness: 0.12330666666666668
INFO:root:elite fitness: 0.21791999999999997
INFO:root:Generation: 65
INFO:root:pop fitness: 0.1266066666666667
INFO:root:elite fitness: 0.22010666666666664
INFO:root:Generation: 59
INFO:root:pop fitness: 0.13546666666666668
INFO:root:elite fitness: 0.24057333333333333
INFO:root:Generation: 66
INFO:root:pop fitness: 0.11896000000000001
INFO:root:elite fitness: 0.20653333333333332
INFO:root:Generation: 60
INFO:root:pop fitness: 0.14067333333333332
INFO:root:elite fitness: 0.2578933333333333
INFO:root:Generation: 67
INFO:root:pop fitness: 0.13237333333333332
INFO:root:elite fitness: 0.22646666666666665
INFO:root:Generation: 61
INFO:root:pop fitness: 0.12093999999999999
INFO:root:elite fitness: 0.21634666666666666
INFO:root:Generation: 68
INFO:root:pop fitness: 0.12731333333333333
INFO:root:elite fitness: 0.21662666666666666
INFO:root:Generation: 62
INFO:root:pop fitness: 0.14255333333333334
INFO:root:elite fitness: 0.22233333333333336
INFO:root:Generation: 69
INFO:root:pop fitness: 0.13235333333333335
INFO:root:elite fitness: 0.23846666666666663
INFO:root:Generation: 70
INFO:root:pop fitness: 0.13279333333333335
INFO:root:elite fitness: 0.22976000000000005
INFO:root:Generation: 63
INFO:root:pop fitness: 0.1218266666666667
INFO:root:elite fitness: 0.2049466666666667
INFO:root:Generation: 71
INFO:root:pop fitness: 0.13554
INFO:root:elite fitness: 0.2465733333333333
INFO:root:Generation: 64
INFO:root:pop fitness: 0.13770666666666667
INFO:root:elite fitness: 0.23410666666666666
INFO:root:Generation: 72
INFO:root:pop fitness: 0.13034666666666667
INFO:root:elite fitness: 0.21601333333333333
INFO:root:Generation: 65
INFO:root:pop fitness: 0.13572000000000004
INFO:root:elite fitness: 0.2265333333333333
INFO:root:Generation: 73
INFO:root:pop fitness: 0.12359333333333335
INFO:root:elite fitness: 0.2049466666666667
INFO:root:Generation: 66
INFO:root:pop fitness: 0.12705333333333332
INFO:root:elite fitness: 0.23033333333333336
INFO:root:Generation: 74
INFO:root:pop fitness: 0.13802666666666666
INFO:root:elite fitness: 0.21197333333333332
INFO:root:Generation: 67
INFO:root:pop fitness: 0.13271333333333335
INFO:root:elite fitness: 0.22237333333333334
INFO:root:Generation: 75
INFO:root:pop fitness: 0.13435333333333332
INFO:root:elite fitness: 0.22313333333333332
INFO:root:Generation: 68
INFO:root:pop fitness: 0.14820666666666668
INFO:root:elite fitness: 0.26222666666666666
INFO:root:Generation: 76
INFO:root:pop fitness: 0.12857333333333335
INFO:root:elite fitness: 0.21644
INFO:root:Generation: 77
INFO:root:pop fitness: 0.12912666666666667
INFO:root:elite fitness: 0.23011999999999996
INFO:root:Generation: 69
INFO:root:pop fitness: 0.13041333333333335
INFO:root:elite fitness: 0.2334266666666667
INFO:root:Generation: 70
INFO:root:pop fitness: 0.12819333333333333
INFO:root:elite fitness: 0.21870666666666666
INFO:root:Generation: 78
INFO:root:pop fitness: 0.14167333333333335
INFO:root:elite fitness: 0.2271466666666667
INFO:root:Generation: 79
INFO:root:pop fitness: 0.13906000000000002
INFO:root:elite fitness: 0.24001333333333336
INFO:root:Generation: 71
INFO:root:pop fitness: 0.14418
INFO:root:elite fitness: 0.2339866666666667
INFO:root:Generation: 80
INFO:root:pop fitness: 0.12325333333333333
INFO:root:elite fitness: 0.2235733333333333
INFO:root:Generation: 72
INFO:root:pop fitness: 0.13766666666666666
INFO:root:elite fitness: 0.23516
INFO:root:Generation: 81
INFO:root:pop fitness: 0.12324000000000003
INFO:root:elite fitness: 0.20308
INFO:root:Generation: 73
INFO:root:pop fitness: 0.13590666666666668
INFO:root:elite fitness: 0.23561333333333337
INFO:root:Generation: 82
INFO:root:pop fitness: 0.12611999999999998
INFO:root:elite fitness: 0.2320133333333333
INFO:root:Generation: 74
INFO:root:pop fitness: 0.13879333333333332
INFO:root:elite fitness: 0.22556
INFO:root:Generation: 83
INFO:root:pop fitness: 0.13678666666666667
INFO:root:elite fitness: 0.2262933333333334
INFO:root:Generation: 75
INFO:root:pop fitness: 0.13959999999999997
INFO:root:elite fitness: 0.24302666666666667
INFO:root:Generation: 84
INFO:root:pop fitness: 0.13335333333333332
INFO:root:elite fitness: 0.25488000000000005
INFO:root:Generation: 76
INFO:root:pop fitness: 0.14533333333333331
INFO:root:elite fitness: 0.24133333333333332
INFO:root:Generation: 85
INFO:root:pop fitness: 0.13634000000000002
INFO:root:elite fitness: 0.23761333333333334
INFO:root:Generation: 86
INFO:root:pop fitness: 0.14054
INFO:root:elite fitness: 0.23580000000000004
INFO:root:Generation: 77
INFO:root:pop fitness: 0.1421066666666667
INFO:root:elite fitness: 0.23672
INFO:root:Generation: 87
INFO:root:pop fitness: 0.15196666666666667
INFO:root:elite fitness: 0.2802
INFO:root:Generation: 78
INFO:root:pop fitness: 0.14173333333333332
INFO:root:elite fitness: 0.2357733333333334
INFO:root:Generation: 88
INFO:root:pop fitness: 0.14532666666666666
INFO:root:elite fitness: 0.24848000000000003
INFO:root:Generation: 79
INFO:root:pop fitness: 0.1295066666666667
INFO:root:elite fitness: 0.23210666666666674
INFO:root:Generation: 89
INFO:root:pop fitness: 0.15091333333333334
INFO:root:elite fitness: 0.25179999999999997
INFO:root:Generation: 80
INFO:root:pop fitness: 0.13068666666666665
INFO:root:elite fitness: 0.21894666666666665
INFO:root:Generation: 90
INFO:root:pop fitness: 0.14176
INFO:root:elite fitness: 0.22216
INFO:root:Generation: 81
INFO:root:pop fitness: 0.13660666666666665
INFO:root:elite fitness: 0.22293333333333332
INFO:root:Generation: 91
INFO:root:pop fitness: 0.14327333333333336
INFO:root:elite fitness: 0.2590133333333333
INFO:root:Generation: 82
INFO:root:pop fitness: 0.13427999999999998
INFO:root:elite fitness: 0.22461333333333333
INFO:root:Generation: 92
INFO:root:pop fitness: 0.13953333333333334
INFO:root:elite fitness: 0.22387999999999997
INFO:root:Generation: 83
INFO:root:pop fitness: 0.13546000000000002
INFO:root:elite fitness: 0.22051999999999997
INFO:root:Generation: 93
INFO:root:pop fitness: 0.14363333333333334
INFO:root:elite fitness: 0.24282666666666666
INFO:root:Generation: 84
INFO:root:pop fitness: 0.1328
INFO:root:elite fitness: 0.22337333333333334
INFO:root:Generation: 94
INFO:root:pop fitness: 0.14924
INFO:root:elite fitness: 0.24750666666666665
INFO:root:Generation: 85
INFO:root:pop fitness: 0.12574666666666667
INFO:root:elite fitness: 0.22481333333333325
INFO:root:Generation: 95
INFO:root:pop fitness: 0.13833333333333334
INFO:root:elite fitness: 0.2253866666666667
INFO:root:Generation: 96
INFO:root:pop fitness: 0.14229999999999998
INFO:root:elite fitness: 0.25460000000000005
INFO:root:Generation: 86
INFO:root:pop fitness: 0.13486666666666666
INFO:root:elite fitness: 0.23789333333333337
INFO:root:Generation: 97
INFO:root:pop fitness: 0.14105333333333334
INFO:root:elite fitness: 0.26611999999999997
INFO:root:Generation: 87
INFO:root:pop fitness: 0.12979333333333334
INFO:root:elite fitness: 0.22388
INFO:root:Generation: 98
INFO:root:pop fitness: 0.1454
INFO:root:elite fitness: 0.24102666666666664
INFO:root:Generation: 88
INFO:root:pop fitness: 0.12270666666666666
INFO:root:elite fitness: 0.20736000000000002
INFO:root:Generation: 99
INFO:root:pop fitness: 0.15184000000000003
INFO:root:elite fitness: 0.24428000000000002
INFO:root:Generation: 89
INFO:root:pop fitness: 0.13338666666666668
INFO:root:elite fitness: 0.23158666666666666
INFO:root:Generation: 100
INFO:root:pop fitness: 0.15048666666666666
INFO:root:elite fitness: 0.26620000000000005
INFO:root:Generation: 90
INFO:root:pop fitness: 0.13501333333333332
INFO:root:elite fitness: 0.23910666666666666
INFO:root:Generation: 101
INFO:root:pop fitness: 0.13130666666666668
INFO:root:elite fitness: 0.21266666666666667
INFO:root:Generation: 91
INFO:root:pop fitness: 0.13373333333333334
INFO:root:elite fitness: 0.23723999999999998
INFO:root:Generation: 102
INFO:root:pop fitness: 0.13324000000000003
INFO:root:elite fitness: 0.22365333333333334
INFO:root:Generation: 92
INFO:root:pop fitness: 0.14161333333333337
INFO:root:elite fitness: 0.24744000000000005
INFO:root:Generation: 103
INFO:root:pop fitness: 0.13942666666666664
INFO:root:elite fitness: 0.23666666666666672
INFO:root:Generation: 93
INFO:root:pop fitness: 0.13716666666666666
INFO:root:elite fitness: 0.23942666666666662
INFO:root:Generation: 104
INFO:root:pop fitness: 0.1393866666666667
INFO:root:elite fitness: 0.23810666666666663
INFO:root:Generation: 94
INFO:root:pop fitness: 0.13259333333333334
INFO:root:elite fitness: 0.2310666666666667
INFO:root:Generation: 105
INFO:root:pop fitness: 0.14206666666666667
INFO:root:elite fitness: 0.24368
INFO:root:Generation: 95
INFO:root:pop fitness: 0.14049333333333333
INFO:root:elite fitness: 0.2372
INFO:root:Generation: 106
INFO:root:pop fitness: 0.14057333333333336
INFO:root:elite fitness: 0.23990666666666666
INFO:root:Generation: 107
INFO:root:pop fitness: 0.13742666666666664
INFO:root:elite fitness: 0.24929333333333328
INFO:root:Generation: 96
INFO:root:pop fitness: 0.14807999999999996
INFO:root:elite fitness: 0.26178666666666667
INFO:root:Generation: 108
INFO:root:pop fitness: 0.14092666666666667
INFO:root:elite fitness: 0.26083999999999996
INFO:root:Generation: 97
INFO:root:pop fitness: 0.14364
INFO:root:elite fitness: 0.23863999999999994
INFO:root:Generation: 109
INFO:root:pop fitness: 0.13751333333333332
INFO:root:elite fitness: 0.2286266666666667
INFO:root:Generation: 110
INFO:root:pop fitness: 0.13332666666666668
INFO:root:elite fitness: 0.22778666666666675
INFO:root:Generation: 98
INFO:root:pop fitness: 0.14444
INFO:root:elite fitness: 0.2399333333333333
INFO:root:Generation: 111
INFO:root:pop fitness: 0.13712666666666665
INFO:root:elite fitness: 0.23344000000000004
INFO:root:Generation: 99
INFO:root:pop fitness: 0.14456666666666665
INFO:root:elite fitness: 0.23367999999999994
INFO:root:Generation: 112
INFO:root:pop fitness: 0.1438466666666667
INFO:root:elite fitness: 0.21917333333333336
INFO:root:Generation: 113
INFO:root:pop fitness: 0.1472466666666667
INFO:root:elite fitness: 0.24536000000000002
INFO:root:Generation: 100
INFO:root:pop fitness: 0.14115333333333335
INFO:root:elite fitness: 0.24969333333333335
INFO:root:Generation: 114
INFO:root:pop fitness: 0.13841333333333333
INFO:root:elite fitness: 0.25356
INFO:root:Generation: 101
INFO:root:pop fitness: 0.13764
INFO:root:elite fitness: 0.2320533333333334
INFO:root:Generation: 115
INFO:root:pop fitness: 0.14631333333333335
INFO:root:elite fitness: 0.24885333333333334
INFO:root:Generation: 102
INFO:root:pop fitness: 0.16085999999999998
INFO:root:elite fitness: 0.2803333333333333
INFO:root:Generation: 116
INFO:root:pop fitness: 0.15262
INFO:root:elite fitness: 0.25953333333333334
INFO:root:Generation: 103
INFO:root:pop fitness: 0.13616666666666666
INFO:root:elite fitness: 0.23084000000000005
INFO:root:Generation: 117
INFO:root:pop fitness: 0.1563733333333333
INFO:root:elite fitness: 0.26072
INFO:root:Generation: 104
INFO:root:pop fitness: 0.14621333333333333
INFO:root:elite fitness: 0.23973333333333333
INFO:root:Generation: 118
INFO:root:pop fitness: 0.15136666666666665
INFO:root:elite fitness: 0.2424133333333334
INFO:root:Generation: 105
INFO:root:pop fitness: 0.13442
INFO:root:elite fitness: 0.22565333333333332
INFO:root:Generation: 119
INFO:root:pop fitness: 0.15347999999999998
INFO:root:elite fitness: 0.27340000000000003
INFO:root:Generation: 120
INFO:root:pop fitness: 0.15803999999999999
INFO:root:elite fitness: 0.2514533333333333
INFO:root:Generation: 106
INFO:root:pop fitness: 0.14261333333333334
INFO:root:elite fitness: 0.25767999999999996
INFO:root:Generation: 121
INFO:root:pop fitness: 0.14340666666666663
INFO:root:elite fitness: 0.22457333333333332
INFO:root:Generation: 107
INFO:root:pop fitness: 0.14662
INFO:root:elite fitness: 0.24268
INFO:root:Generation: 122
INFO:root:pop fitness: 0.13962
INFO:root:elite fitness: 0.2263333333333333
INFO:root:Generation: 108
INFO:root:pop fitness: 0.14376
INFO:root:elite fitness: 0.24885333333333334
INFO:root:Generation: 123
INFO:root:pop fitness: 0.15391333333333332
INFO:root:elite fitness: 0.2491066666666667
INFO:root:Generation: 109
INFO:root:pop fitness: 0.14412666666666665
INFO:root:elite fitness: 0.23841333333333334
INFO:root:Generation: 124
INFO:root:pop fitness: 0.1418333333333333
INFO:root:elite fitness: 0.25169333333333327
INFO:root:Generation: 110
INFO:root:pop fitness: 0.14811333333333332
INFO:root:elite fitness: 0.24896000000000001
INFO:root:Generation: 125
INFO:root:pop fitness: 0.145
INFO:root:elite fitness: 0.2538933333333333
INFO:root:Generation: 126
INFO:root:pop fitness: 0.14313333333333336
INFO:root:elite fitness: 0.24388
INFO:root:Generation: 111
INFO:root:pop fitness: 0.15813333333333332
INFO:root:elite fitness: 0.26216000000000006
INFO:root:Generation: 127
INFO:root:pop fitness: 0.1485466666666667
INFO:root:elite fitness: 0.25972000000000006
INFO:root:Generation: 112
INFO:root:pop fitness: 0.15063333333333337
INFO:root:elite fitness: 0.24110666666666664
INFO:root:Generation: 128
INFO:root:pop fitness: 0.14590666666666666
INFO:root:elite fitness: 0.25032000000000004
INFO:root:Generation: 113
INFO:root:pop fitness: 0.15255333333333335
INFO:root:elite fitness: 0.2680666666666667
INFO:root:Generation: 129
INFO:root:pop fitness: 0.15219333333333335
INFO:root:elite fitness: 0.26241333333333333
INFO:root:Generation: 114
INFO:root:pop fitness: 0.13886666666666667
INFO:root:elite fitness: 0.2400133333333333
INFO:root:Generation: 130
INFO:root:pop fitness: 0.15671333333333332
INFO:root:elite fitness: 0.25368
INFO:root:Generation: 115
INFO:root:pop fitness: 0.13594000000000003
INFO:root:elite fitness: 0.22585333333333338
INFO:root:Generation: 131
INFO:root:pop fitness: 0.15768666666666667
INFO:root:elite fitness: 0.2488933333333333
INFO:root:Generation: 116
INFO:root:pop fitness: 0.1452733333333333
INFO:root:elite fitness: 0.2508266666666667
INFO:root:Generation: 132
INFO:root:pop fitness: 0.14823999999999998
INFO:root:elite fitness: 0.23538666666666666
INFO:root:Generation: 117
INFO:root:pop fitness: 0.15142
INFO:root:elite fitness: 0.2664266666666667
INFO:root:Generation: 133
INFO:root:pop fitness: 0.15274000000000001
INFO:root:elite fitness: 0.2580133333333333
INFO:root:Generation: 134
INFO:root:pop fitness: 0.1512533333333333
INFO:root:elite fitness: 0.23982666666666663
INFO:root:Generation: 118
INFO:root:pop fitness: 0.14146
INFO:root:elite fitness: 0.23226666666666665
INFO:root:Generation: 135
INFO:root:pop fitness: 0.15824000000000002
INFO:root:elite fitness: 0.26954666666666666
INFO:root:Generation: 119
INFO:root:pop fitness: 0.16255333333333333
INFO:root:elite fitness: 0.2626666666666666
INFO:root:Generation: 136
INFO:root:pop fitness: 0.15931999999999996
INFO:root:elite fitness: 0.26853333333333335
INFO:root:Generation: 120
INFO:root:pop fitness: 0.14672
INFO:root:elite fitness: 0.24725333333333335
INFO:root:Generation: 137
INFO:root:pop fitness: 0.15314666666666668
INFO:root:elite fitness: 0.2580933333333333
INFO:root:Generation: 121
INFO:root:pop fitness: 0.14674666666666666
INFO:root:elite fitness: 0.25033333333333335
INFO:root:Generation: 138
INFO:root:pop fitness: 0.14641333333333337
INFO:root:elite fitness: 0.23530666666666666
INFO:root:Generation: 122
INFO:root:pop fitness: 0.15592666666666669
INFO:root:elite fitness: 0.2658133333333334
INFO:root:Generation: 139
INFO:root:pop fitness: 0.13986666666666667
INFO:root:elite fitness: 0.24304000000000003
INFO:root:Generation: 123
INFO:root:pop fitness: 0.14928666666666668
INFO:root:elite fitness: 0.23723999999999998
INFO:root:Generation: 140
INFO:root:pop fitness: 0.15370000000000003
INFO:root:elite fitness: 0.24930666666666668
INFO:root:Generation: 124
INFO:root:pop fitness: 0.16482
INFO:root:elite fitness: 0.23998666666666665
INFO:root:Generation: 141
INFO:root:pop fitness: 0.16032666666666667
INFO:root:elite fitness: 0.24808000000000002
INFO:root:Generation: 125
INFO:root:pop fitness: 0.15287999999999996
INFO:root:elite fitness: 0.24993333333333334
INFO:root:Generation: 142
INFO:root:pop fitness: 0.15404666666666667
INFO:root:elite fitness: 0.25525333333333333
INFO:root:Generation: 143
INFO:root:pop fitness: 0.15880000000000002
INFO:root:elite fitness: 0.2522933333333333
INFO:root:Generation: 126
INFO:root:pop fitness: 0.15156666666666666
INFO:root:elite fitness: 0.2665866666666667
INFO:root:Generation: 144
INFO:root:pop fitness: 0.14269333333333334
INFO:root:elite fitness: 0.22500000000000006
INFO:root:Generation: 127
INFO:root:pop fitness: 0.14261333333333334
INFO:root:elite fitness: 0.21946666666666664
INFO:root:Generation: 145
INFO:root:pop fitness: 0.15894
INFO:root:elite fitness: 0.25736000000000003
INFO:root:Generation: 128
INFO:root:pop fitness: 0.15799333333333332
INFO:root:elite fitness: 0.2607466666666667
INFO:root:Generation: 146
INFO:root:pop fitness: 0.15294666666666668
INFO:root:elite fitness: 0.2654533333333334
INFO:root:Generation: 147
INFO:root:pop fitness: 0.14098666666666668
INFO:root:elite fitness: 0.24717333333333338
INFO:root:Generation: 129
INFO:root:pop fitness: 0.17221333333333333
INFO:root:elite fitness: 0.28084000000000003
INFO:root:Generation: 148
INFO:root:pop fitness: 0.15013333333333334
INFO:root:elite fitness: 0.24257333333333336
INFO:root:Generation: 130
INFO:root:pop fitness: 0.14381333333333335
INFO:root:elite fitness: 0.23130666666666666
INFO:root:Generation: 149
INFO:root:pop fitness: 0.16032666666666667
INFO:root:elite fitness: 0.26836000000000004
INFO:root:Generation: 131
INFO:root:pop fitness: 0.15552000000000002
INFO:root:elite fitness: 0.25560000000000005
INFO:root:Generation: 150
INFO:root:pop fitness: 0.16137333333333334
INFO:root:elite fitness: 0.25373333333333337
INFO:root:Generation: 132
INFO:root:pop fitness: 0.1560933333333333
INFO:root:elite fitness: 0.27141333333333334
INFO:root:Generation: 151
INFO:root:pop fitness: 0.14283333333333334
INFO:root:elite fitness: 0.22887999999999994
INFO:root:Generation: 133
INFO:root:pop fitness: 0.1527
INFO:root:elite fitness: 0.27848
INFO:root:Generation: 152
INFO:root:pop fitness: 0.14035333333333333
INFO:root:elite fitness: 0.23798666666666662
INFO:root:Generation: 134
INFO:root:pop fitness: 0.14701333333333333
INFO:root:elite fitness: 0.2436133333333333
INFO:root:Generation: 153
INFO:root:pop fitness: 0.14998666666666668
INFO:root:elite fitness: 0.2596399999999999
INFO:root:Generation: 135
INFO:root:pop fitness: 0.14835333333333334
INFO:root:elite fitness: 0.24072000000000002
INFO:root:Generation: 154
INFO:root:pop fitness: 0.15328
INFO:root:elite fitness: 0.2665600000000001
INFO:root:Generation: 136
INFO:root:pop fitness: 0.15277333333333337
INFO:root:elite fitness: 0.2558266666666667
INFO:root:Generation: 155
INFO:root:pop fitness: 0.15998666666666664
INFO:root:elite fitness: 0.27454666666666666
INFO:root:Generation: 137
INFO:root:pop fitness: 0.16236
INFO:root:elite fitness: 0.2735333333333333
INFO:root:Generation: 156
INFO:root:pop fitness: 0.14928
INFO:root:elite fitness: 0.25422666666666666
INFO:root:Generation: 138
INFO:root:pop fitness: 0.15106
INFO:root:elite fitness: 0.23661333333333331
INFO:root:Generation: 157
INFO:root:pop fitness: 0.14686
INFO:root:elite fitness: 0.25029333333333337
INFO:root:Generation: 158
INFO:root:pop fitness: 0.15445333333333336
INFO:root:elite fitness: 0.25476000000000004
INFO:root:Generation: 139
INFO:root:pop fitness: 0.16030666666666665
INFO:root:elite fitness: 0.2598133333333334
INFO:root:Generation: 159
INFO:root:pop fitness: 0.1557666666666667
INFO:root:elite fitness: 0.26367999999999997
INFO:root:Generation: 140
INFO:root:pop fitness: 0.16062666666666667
INFO:root:elite fitness: 0.26182666666666665
INFO:root:Generation: 160
INFO:root:pop fitness: 0.1464533333333333
INFO:root:elite fitness: 0.25004
INFO:root:Generation: 141
INFO:root:pop fitness: 0.16386
INFO:root:elite fitness: 0.27402666666666664
INFO:root:Generation: 161
INFO:root:pop fitness: 0.1564
INFO:root:elite fitness: 0.26292000000000004
INFO:root:Generation: 142
INFO:root:pop fitness: 0.16338666666666668
INFO:root:elite fitness: 0.24889333333333336
INFO:root:Generation: 162
INFO:root:pop fitness: 0.15695333333333333
INFO:root:elite fitness: 0.2597333333333333
INFO:root:Generation: 143
INFO:root:pop fitness: 0.15304
INFO:root:elite fitness: 0.25743999999999995
INFO:root:Generation: 163
INFO:root:pop fitness: 0.1525066666666667
INFO:root:elite fitness: 0.25212
INFO:root:Generation: 144
INFO:root:pop fitness: 0.15294666666666668
INFO:root:elite fitness: 0.25108
INFO:root:Generation: 164
INFO:root:pop fitness: 0.15897999999999998
INFO:root:elite fitness: 0.2731066666666667
INFO:root:Generation: 145
INFO:root:pop fitness: 0.1664
INFO:root:elite fitness: 0.2874
INFO:root:Generation: 165
INFO:root:pop fitness: 0.15983999999999998
INFO:root:elite fitness: 0.26521333333333336
INFO:root:Generation: 146
INFO:root:pop fitness: 0.16077333333333332
INFO:root:elite fitness: 0.26564000000000004
INFO:root:Generation: 166
INFO:root:pop fitness: 0.16327999999999998
INFO:root:elite fitness: 0.25939999999999996
INFO:root:Generation: 147
INFO:root:pop fitness: 0.15043333333333334
INFO:root:elite fitness: 0.2459333333333334
INFO:root:Generation: 167
INFO:root:pop fitness: 0.17492
INFO:root:elite fitness: 0.2757333333333334
INFO:root:Generation: 148
INFO:root:pop fitness: 0.16246666666666668
INFO:root:elite fitness: 0.25709333333333334
INFO:root:Generation: 168
INFO:root:pop fitness: 0.16360666666666665
INFO:root:elite fitness: 0.27284
INFO:root:Generation: 149
INFO:root:pop fitness: 0.15691333333333338
INFO:root:elite fitness: 0.2677333333333334
INFO:root:Generation: 169
INFO:root:pop fitness: 0.14294666666666667
INFO:root:elite fitness: 0.23810666666666672
INFO:root:Generation: 150
INFO:root:pop fitness: 0.14608666666666667
INFO:root:elite fitness: 0.2888266666666667
INFO:root:Generation: 170
INFO:root:pop fitness: 0.15002666666666664
INFO:root:elite fitness: 0.24800000000000003
INFO:root:Generation: 151
INFO:root:pop fitness: 0.1596866666666667
INFO:root:elite fitness: 0.2717866666666666
INFO:root:Generation: 171
INFO:root:pop fitness: 0.15958666666666668
INFO:root:elite fitness: 0.27481333333333335
INFO:root:Generation: 152
INFO:root:pop fitness: 0.14809999999999998
INFO:root:elite fitness: 0.24630666666666665
INFO:root:Generation: 172
INFO:root:pop fitness: 0.15339333333333333
INFO:root:elite fitness: 0.2604
INFO:root:Generation: 153
INFO:root:pop fitness: 0.15154
INFO:root:elite fitness: 0.2475066666666667
INFO:root:Generation: 173
INFO:root:pop fitness: 0.15149333333333334
INFO:root:elite fitness: 0.23729333333333333
INFO:root:Generation: 154
INFO:root:pop fitness: 0.16150666666666666
INFO:root:elite fitness: 0.26177333333333336
INFO:root:Generation: 174
INFO:root:pop fitness: 0.14930666666666667
INFO:root:elite fitness: 0.2517333333333333
INFO:root:Generation: 155
INFO:root:pop fitness: 0.1523266666666667
INFO:root:elite fitness: 0.2657866666666666
INFO:root:Generation: 175
INFO:root:pop fitness: 0.14668666666666666
INFO:root:elite fitness: 0.2370933333333333
INFO:root:Generation: 156
INFO:root:pop fitness: 0.16547333333333333
INFO:root:elite fitness: 0.26947999999999994
INFO:root:Generation: 176
INFO:root:pop fitness: 0.16474666666666665
INFO:root:elite fitness: 0.27111999999999997
INFO:root:Generation: 157
INFO:root:pop fitness: 0.16158
INFO:root:elite fitness: 0.25910666666666665
INFO:root:Generation: 177
INFO:root:pop fitness: 0.16252666666666665
INFO:root:elite fitness: 0.26698666666666665
INFO:root:Generation: 158
INFO:root:pop fitness: 0.15896666666666667
INFO:root:elite fitness: 0.2706933333333334
INFO:root:Generation: 178
INFO:root:pop fitness: 0.16067333333333333
INFO:root:elite fitness: 0.28452
INFO:root:Generation: 159
INFO:root:pop fitness: 0.16294000000000003
INFO:root:elite fitness: 0.2601866666666667
INFO:root:Generation: 179
INFO:root:pop fitness: 0.1623466666666667
INFO:root:elite fitness: 0.2601733333333333
INFO:root:Generation: 160
INFO:root:pop fitness: 0.15231333333333333
INFO:root:elite fitness: 0.25329333333333326
INFO:root:Generation: 180
INFO:root:pop fitness: 0.15933333333333333
INFO:root:elite fitness: 0.27124
INFO:root:Generation: 161
INFO:root:pop fitness: 0.15247333333333332
INFO:root:elite fitness: 0.26536000000000004
INFO:root:Generation: 181
INFO:root:pop fitness: 0.16864666666666667
INFO:root:elite fitness: 0.26810666666666666
INFO:root:Generation: 162
INFO:root:pop fitness: 0.15741333333333335
INFO:root:elite fitness: 0.25808
INFO:root:Generation: 182
INFO:root:pop fitness: 0.15782000000000002
INFO:root:elite fitness: 0.2535733333333333
INFO:root:Generation: 163
INFO:root:pop fitness: 0.16205999999999998
INFO:root:elite fitness: 0.2466533333333333
INFO:root:Generation: 183
INFO:root:pop fitness: 0.15972
INFO:root:elite fitness: 0.26417333333333337
INFO:root:Generation: 164
INFO:root:pop fitness: 0.17172666666666667
INFO:root:elite fitness: 0.27669333333333335
INFO:root:Generation: 184
INFO:root:pop fitness: 0.16020666666666666
INFO:root:elite fitness: 0.2717866666666666
INFO:root:Generation: 165
INFO:root:pop fitness: 0.15711999999999998
INFO:root:elite fitness: 0.25853333333333334
INFO:root:Generation: 185
INFO:root:pop fitness: 0.15304
INFO:root:elite fitness: 0.2618
INFO:root:Generation: 166
INFO:root:pop fitness: 0.1635
INFO:root:elite fitness: 0.26482666666666677
INFO:root:Generation: 186
INFO:root:pop fitness: 0.1553733333333333
INFO:root:elite fitness: 0.27416
INFO:root:Generation: 167
INFO:root:pop fitness: 0.16254666666666664
INFO:root:elite fitness: 0.2702266666666666
INFO:root:Generation: 187
INFO:root:pop fitness: 0.15350000000000003
INFO:root:elite fitness: 0.24922666666666662
INFO:root:Generation: 168
INFO:root:pop fitness: 0.16183333333333333
INFO:root:elite fitness: 0.26588
INFO:root:Generation: 188
INFO:root:pop fitness: 0.14449333333333333
INFO:root:elite fitness: 0.22305333333333333
INFO:root:Generation: 169
INFO:root:pop fitness: 0.16453333333333334
INFO:root:elite fitness: 0.25178666666666666
INFO:root:Generation: 189
INFO:root:pop fitness: 0.15216
INFO:root:elite fitness: 0.2546933333333334
INFO:root:Generation: 170
INFO:root:pop fitness: 0.1585466666666667
INFO:root:elite fitness: 0.2601066666666666
INFO:root:Generation: 190
INFO:root:pop fitness: 0.15375333333333335
INFO:root:elite fitness: 0.26678666666666667
INFO:root:Generation: 171
INFO:root:pop fitness: 0.16424
INFO:root:elite fitness: 0.2864266666666667
INFO:root:Generation: 191
INFO:root:pop fitness: 0.1539066666666667
INFO:root:elite fitness: 0.25839999999999996
INFO:root:Generation: 172
INFO:root:pop fitness: 0.14934666666666668
INFO:root:elite fitness: 0.2499066666666667
INFO:root:Generation: 192
INFO:root:pop fitness: 0.15037333333333333
INFO:root:elite fitness: 0.25716
INFO:root:Generation: 173
INFO:root:pop fitness: 0.16361333333333333
INFO:root:elite fitness: 0.26774666666666663
INFO:root:Generation: 193
INFO:root:pop fitness: 0.14571333333333333
INFO:root:elite fitness: 0.25096
INFO:root:Generation: 174
INFO:root:pop fitness: 0.15581333333333333
INFO:root:elite fitness: 0.2680133333333333
INFO:root:Generation: 194
INFO:root:pop fitness: 0.14887333333333336
INFO:root:elite fitness: 0.2362266666666667
INFO:root:Generation: 175
INFO:root:pop fitness: 0.15966666666666668
INFO:root:elite fitness: 0.2619466666666666
INFO:root:Generation: 195
INFO:root:pop fitness: 0.15111333333333335
INFO:root:elite fitness: 0.2571333333333333
INFO:root:Generation: 176
INFO:root:pop fitness: 0.15511333333333335
INFO:root:elite fitness: 0.24298666666666666
INFO:root:Generation: 196
INFO:root:pop fitness: 0.14981999999999998
INFO:root:elite fitness: 0.2577466666666667
INFO:root:Generation: 177
INFO:root:pop fitness: 0.1589
INFO:root:elite fitness: 0.2507466666666667
INFO:root:Generation: 197
INFO:root:pop fitness: 0.15396666666666667
INFO:root:elite fitness: 0.2681333333333334
INFO:root:Generation: 178
INFO:root:pop fitness: 0.16329333333333332
INFO:root:elite fitness: 0.28144
INFO:root:Generation: 198
INFO:root:pop fitness: 0.14955333333333334
INFO:root:elite fitness: 0.24778666666666666
INFO:root:Generation: 179
INFO:root:pop fitness: 0.16669333333333333
INFO:root:elite fitness: 0.26893333333333336
INFO:root:Generation: 199
INFO:root:pop fitness: 0.15276666666666666
INFO:root:elite fitness: 0.27760000000000007
INFO:root:Generation: 180
INFO:root:pop fitness: 0.15712
INFO:root:elite fitness: 0.2682133333333333
INFO:root:Generation: 181
INFO:root:pop fitness: 0.15970666666666664
INFO:root:elite fitness: 0.24752000000000005
INFO:root:Generation: 182
INFO:root:pop fitness: 0.15972666666666666
INFO:root:elite fitness: 0.24470666666666663
INFO:root:Generation: 183
INFO:root:pop fitness: 0.16741333333333336
INFO:root:elite fitness: 0.2754933333333333
INFO:root:Generation: 184
INFO:root:pop fitness: 0.15331333333333333
INFO:root:elite fitness: 0.2555866666666667
INFO:root:Generation: 185
INFO:root:pop fitness: 0.1633666666666667
INFO:root:elite fitness: 0.2630133333333334
INFO:root:Generation: 186
INFO:root:pop fitness: 0.1651
INFO:root:elite fitness: 0.2593866666666667
INFO:root:Generation: 187
INFO:root:pop fitness: 0.15382
INFO:root:elite fitness: 0.2550933333333334
INFO:root:Generation: 188
INFO:root:pop fitness: 0.15824666666666665
INFO:root:elite fitness: 0.25272000000000006
INFO:root:Generation: 189
INFO:root:pop fitness: 0.15994
INFO:root:elite fitness: 0.2622
INFO:root:Generation: 190
INFO:root:pop fitness: 0.14406666666666668
INFO:root:elite fitness: 0.2324933333333333
INFO:root:Generation: 191
INFO:root:pop fitness: 0.15202666666666664
INFO:root:elite fitness: 0.2565333333333334
INFO:root:Generation: 192
INFO:root:pop fitness: 0.15106
INFO:root:elite fitness: 0.24398666666666666
INFO:root:Generation: 193
INFO:root:pop fitness: 0.15613333333333335
INFO:root:elite fitness: 0.25892
INFO:root:Generation: 194
INFO:root:pop fitness: 0.14834666666666668
INFO:root:elite fitness: 0.24148000000000006
INFO:root:Generation: 195
INFO:root:pop fitness: 0.15888666666666665
INFO:root:elite fitness: 0.26550666666666667
INFO:root:Generation: 196
INFO:root:pop fitness: 0.15246
INFO:root:elite fitness: 0.24937333333333336
INFO:root:Generation: 197
INFO:root:pop fitness: 0.14998000000000003
INFO:root:elite fitness: 0.2500133333333333
INFO:root:Generation: 198
INFO:root:pop fitness: 0.16343333333333335
INFO:root:elite fitness: 0.26855999999999997
INFO:root:Generation: 199
INFO:root:pop fitness: 0.15208666666666668
INFO:root:elite fitness: 0.24865333333333334
