INFO:root:run_master: Namespace(arms='10', hidden='64', layers='1', max_gen='200', message='', mutation_mag='0.01', name='resetEnv50_v1', noise=False, pop_size='50', save_result=True, trials='100')
INFO:root:run_master: Namespace(arms='10', hidden='64', layers='1', max_gen='200', message='', mutation_mag='0.01', name='resetEnv50_v1', noise=True, pop_size='50', save_result=True, trials='100')
INFO:root:Generation: 0
INFO:root:pop fitness: 0.10176
INFO:root:elite fitness: 0.11312
INFO:root:Generation: 0
INFO:root:pop fitness: 0.09989999999999999
INFO:root:elite fitness: 0.11124
INFO:root:Generation: 1
INFO:root:pop fitness: 0.10164
INFO:root:elite fitness: 0.12288
INFO:root:Generation: 1
INFO:root:pop fitness: 0.10093999999999999
INFO:root:elite fitness: 0.11668
INFO:root:Generation: 2
INFO:root:pop fitness: 0.09904
INFO:root:elite fitness: 0.11928000000000001
INFO:root:Generation: 2
INFO:root:pop fitness: 0.10206
INFO:root:elite fitness: 0.13104000000000002
INFO:root:Generation: 3
INFO:root:pop fitness: 0.10036000000000002
INFO:root:elite fitness: 0.14836
INFO:root:Generation: 3
INFO:root:pop fitness: 0.10962
INFO:root:elite fitness: 0.16304000000000002
INFO:root:Generation: 4
INFO:root:pop fitness: 0.09777999999999999
INFO:root:elite fitness: 0.13868
INFO:root:Generation: 4
INFO:root:pop fitness: 0.11918
INFO:root:elite fitness: 0.1752
INFO:root:Generation: 5
INFO:root:pop fitness: 0.10305999999999998
INFO:root:elite fitness: 0.18359999999999996
INFO:root:Generation: 5
INFO:root:pop fitness: 0.10636
INFO:root:elite fitness: 0.2018
INFO:root:Generation: 6
INFO:root:pop fitness: 0.09530000000000001
INFO:root:elite fitness: 0.14988
INFO:root:Generation: 6
INFO:root:pop fitness: 0.11403999999999997
INFO:root:elite fitness: 0.24227999999999997
INFO:root:Generation: 7
INFO:root:pop fitness: 0.10552
INFO:root:elite fitness: 0.17780000000000004
INFO:root:Generation: 7
INFO:root:pop fitness: 0.10256
INFO:root:elite fitness: 0.22288000000000005
INFO:root:Generation: 8
INFO:root:pop fitness: 0.11935999999999998
INFO:root:elite fitness: 0.21227999999999997
INFO:root:Generation: 9
INFO:root:pop fitness: 0.10805999999999998
INFO:root:elite fitness: 0.17735999999999996
INFO:root:Generation: 8
INFO:root:pop fitness: 0.11164
INFO:root:elite fitness: 0.20976
INFO:root:Generation: 10
INFO:root:pop fitness: 0.11265999999999998
INFO:root:elite fitness: 0.21204
INFO:root:Generation: 9
INFO:root:pop fitness: 0.08404
INFO:root:elite fitness: 0.1612
INFO:root:Generation: 11
INFO:root:pop fitness: 0.10413999999999998
INFO:root:elite fitness: 0.19776
INFO:root:Generation: 10
INFO:root:pop fitness: 0.10166
INFO:root:elite fitness: 0.19004000000000001
INFO:root:Generation: 12
INFO:root:pop fitness: 0.11456000000000001
INFO:root:elite fitness: 0.25388
INFO:root:Generation: 11
INFO:root:pop fitness: 0.09228
INFO:root:elite fitness: 0.17716
INFO:root:Generation: 13
INFO:root:pop fitness: 0.12004
INFO:root:elite fitness: 0.20987999999999998
INFO:root:Generation: 12
INFO:root:pop fitness: 0.11154
INFO:root:elite fitness: 0.22132000000000002
INFO:root:Generation: 14
INFO:root:pop fitness: 0.11142000000000003
INFO:root:elite fitness: 0.20079999999999998
INFO:root:Generation: 13
INFO:root:pop fitness: 0.1197
INFO:root:elite fitness: 0.20751999999999998
INFO:root:Generation: 15
INFO:root:pop fitness: 0.09872
INFO:root:elite fitness: 0.19476
INFO:root:Generation: 14
INFO:root:pop fitness: 0.11884
INFO:root:elite fitness: 0.23588
INFO:root:Generation: 16
INFO:root:pop fitness: 0.11202
INFO:root:elite fitness: 0.20315999999999998
INFO:root:Generation: 15
INFO:root:pop fitness: 0.09521999999999999
INFO:root:elite fitness: 0.19616
INFO:root:Generation: 17
INFO:root:pop fitness: 0.11042000000000002
INFO:root:elite fitness: 0.20088
INFO:root:Generation: 16
INFO:root:pop fitness: 0.13290000000000002
INFO:root:elite fitness: 0.27604
INFO:root:Generation: 18
INFO:root:pop fitness: 0.12064
INFO:root:elite fitness: 0.24032000000000003
INFO:root:Generation: 19
INFO:root:pop fitness: 0.10826000000000001
INFO:root:elite fitness: 0.2298
INFO:root:Generation: 17
INFO:root:pop fitness: 0.1127
INFO:root:elite fitness: 0.201
INFO:root:Generation: 20
INFO:root:pop fitness: 0.11661999999999997
INFO:root:elite fitness: 0.20684000000000002
INFO:root:Generation: 18
INFO:root:pop fitness: 0.12702
INFO:root:elite fitness: 0.23852
INFO:root:Generation: 21
INFO:root:pop fitness: 0.1312
INFO:root:elite fitness: 0.24228000000000002
INFO:root:Generation: 19
INFO:root:pop fitness: 0.09712000000000001
INFO:root:elite fitness: 0.16872
INFO:root:Generation: 22
INFO:root:pop fitness: 0.12229999999999999
INFO:root:elite fitness: 0.24791999999999997
INFO:root:Generation: 20
INFO:root:pop fitness: 0.13416
INFO:root:elite fitness: 0.2138
INFO:root:Generation: 23
INFO:root:pop fitness: 0.13985999999999998
INFO:root:elite fitness: 0.248
INFO:root:Generation: 21
INFO:root:pop fitness: 0.13898000000000002
INFO:root:elite fitness: 0.25332
INFO:root:Generation: 24
INFO:root:pop fitness: 0.11672
INFO:root:elite fitness: 0.22392000000000004
INFO:root:Generation: 22
INFO:root:pop fitness: 0.13724000000000003
INFO:root:elite fitness: 0.25352
INFO:root:Generation: 25
INFO:root:pop fitness: 0.13976
INFO:root:elite fitness: 0.28412000000000004
INFO:root:Generation: 23
INFO:root:pop fitness: 0.12061999999999999
INFO:root:elite fitness: 0.21120000000000005
INFO:root:Generation: 26
INFO:root:pop fitness: 0.16664
INFO:root:elite fitness: 0.28276
INFO:root:Generation: 24
INFO:root:pop fitness: 0.13662000000000002
INFO:root:elite fitness: 0.25712
INFO:root:Generation: 27
INFO:root:pop fitness: 0.13546
INFO:root:elite fitness: 0.25296
INFO:root:Generation: 25
INFO:root:pop fitness: 0.13154
INFO:root:elite fitness: 0.237
INFO:root:Generation: 28
INFO:root:pop fitness: 0.14592
INFO:root:elite fitness: 0.25199999999999995
INFO:root:Generation: 29
INFO:root:pop fitness: 0.14384000000000002
INFO:root:elite fitness: 0.32655999999999996
INFO:root:Generation: 26
INFO:root:pop fitness: 0.1231
INFO:root:elite fitness: 0.25076
INFO:root:Generation: 30
INFO:root:pop fitness: 0.12852
INFO:root:elite fitness: 0.22596
INFO:root:Generation: 27
INFO:root:pop fitness: 0.13604000000000002
INFO:root:elite fitness: 0.26952
INFO:root:Generation: 31
INFO:root:pop fitness: 0.13282000000000002
INFO:root:elite fitness: 0.23560000000000003
INFO:root:Generation: 28
INFO:root:pop fitness: 0.14597999999999997
INFO:root:elite fitness: 0.25352
INFO:root:Generation: 32
INFO:root:pop fitness: 0.14692000000000002
INFO:root:elite fitness: 0.25932
INFO:root:Generation: 29
INFO:root:pop fitness: 0.1003
INFO:root:elite fitness: 0.17772000000000002
INFO:root:Generation: 33
INFO:root:pop fitness: 0.14292
INFO:root:elite fitness: 0.26304
INFO:root:Generation: 30
INFO:root:pop fitness: 0.1296
INFO:root:elite fitness: 0.25495999999999996
INFO:root:Generation: 34
INFO:root:pop fitness: 0.1585
INFO:root:elite fitness: 0.27508
INFO:root:Generation: 31
INFO:root:pop fitness: 0.11735999999999999
INFO:root:elite fitness: 0.21452000000000002
INFO:root:Generation: 35
INFO:root:pop fitness: 0.14029999999999998
INFO:root:elite fitness: 0.24800000000000005
INFO:root:Generation: 32
INFO:root:pop fitness: 0.12689999999999999
INFO:root:elite fitness: 0.20199999999999999
INFO:root:Generation: 36
INFO:root:pop fitness: 0.15726
INFO:root:elite fitness: 0.26184
INFO:root:Generation: 33
INFO:root:pop fitness: 0.14842
INFO:root:elite fitness: 0.25360000000000005
INFO:root:Generation: 37
INFO:root:pop fitness: 0.14619999999999997
INFO:root:elite fitness: 0.28256
INFO:root:Generation: 34
INFO:root:pop fitness: 0.13706
INFO:root:elite fitness: 0.27875999999999995
INFO:root:Generation: 38
INFO:root:pop fitness: 0.13496
INFO:root:elite fitness: 0.27196000000000004
INFO:root:Generation: 35
INFO:root:pop fitness: 0.10863999999999999
INFO:root:elite fitness: 0.24596
INFO:root:Generation: 39
INFO:root:pop fitness: 0.15689999999999998
INFO:root:elite fitness: 0.2828
INFO:root:Generation: 40
INFO:root:pop fitness: 0.12210000000000001
INFO:root:elite fitness: 0.27847999999999995
INFO:root:Generation: 36
INFO:root:pop fitness: 0.13576
INFO:root:elite fitness: 0.24156
INFO:root:Generation: 41
INFO:root:pop fitness: 0.16970000000000002
INFO:root:elite fitness: 0.25727999999999995
INFO:root:Generation: 37
INFO:root:pop fitness: 0.11569999999999998
INFO:root:elite fitness: 0.22872
INFO:root:Generation: 42
INFO:root:pop fitness: 0.12057999999999999
INFO:root:elite fitness: 0.21911999999999995
INFO:root:Generation: 38
INFO:root:pop fitness: 0.13082000000000002
INFO:root:elite fitness: 0.24664000000000003
INFO:root:Generation: 43
INFO:root:pop fitness: 0.15424
INFO:root:elite fitness: 0.28436
INFO:root:Generation: 39
INFO:root:pop fitness: 0.11184000000000001
INFO:root:elite fitness: 0.27964
INFO:root:Generation: 44
INFO:root:pop fitness: 0.13668
INFO:root:elite fitness: 0.23507999999999998
INFO:root:Generation: 40
INFO:root:pop fitness: 0.1387
INFO:root:elite fitness: 0.24024000000000004
INFO:root:Generation: 45
INFO:root:pop fitness: 0.13324
INFO:root:elite fitness: 0.25608
INFO:root:Generation: 41
INFO:root:pop fitness: 0.14678
INFO:root:elite fitness: 0.3014
INFO:root:Generation: 46
INFO:root:pop fitness: 0.13486
INFO:root:elite fitness: 0.26536000000000004
INFO:root:Generation: 42
INFO:root:pop fitness: 0.12262
INFO:root:elite fitness: 0.23256
INFO:root:Generation: 47
INFO:root:pop fitness: 0.13734
INFO:root:elite fitness: 0.24424000000000004
INFO:root:Generation: 43
INFO:root:pop fitness: 0.13982
INFO:root:elite fitness: 0.24552
INFO:root:Generation: 48
INFO:root:pop fitness: 0.13112
INFO:root:elite fitness: 0.23364000000000001
INFO:root:Generation: 44
INFO:root:pop fitness: 0.13582
INFO:root:elite fitness: 0.27820000000000006
INFO:root:Generation: 49
INFO:root:pop fitness: 0.16502
INFO:root:elite fitness: 0.308
INFO:root:Generation: 50
INFO:root:pop fitness: 0.13902
INFO:root:elite fitness: 0.27844
INFO:root:Generation: 45
INFO:root:pop fitness: 0.13766
INFO:root:elite fitness: 0.26368
INFO:root:Generation: 51
INFO:root:pop fitness: 0.15412
INFO:root:elite fitness: 0.27584
INFO:root:Generation: 46
INFO:root:pop fitness: 0.14372
INFO:root:elite fitness: 0.25836000000000003
INFO:root:Generation: 52
INFO:root:pop fitness: 0.17892000000000002
INFO:root:elite fitness: 0.31452
INFO:root:Generation: 47
INFO:root:pop fitness: 0.13698
INFO:root:elite fitness: 0.22756
INFO:root:Generation: 53
INFO:root:pop fitness: 0.12431999999999999
INFO:root:elite fitness: 0.21288
INFO:root:Generation: 48
INFO:root:pop fitness: 0.1303
INFO:root:elite fitness: 0.24168
INFO:root:Generation: 54
INFO:root:pop fitness: 0.13552
INFO:root:elite fitness: 0.23595999999999998
INFO:root:Generation: 49
INFO:root:pop fitness: 0.12057999999999999
INFO:root:elite fitness: 0.22719999999999999
INFO:root:Generation: 55
INFO:root:pop fitness: 0.15614
INFO:root:elite fitness: 0.24307999999999996
INFO:root:Generation: 50
INFO:root:pop fitness: 0.13976
INFO:root:elite fitness: 0.26611999999999997
INFO:root:Generation: 56
INFO:root:pop fitness: 0.15018
INFO:root:elite fitness: 0.26880000000000004
INFO:root:Generation: 51
INFO:root:pop fitness: 0.14184
INFO:root:elite fitness: 0.24287999999999996
INFO:root:Generation: 57
INFO:root:pop fitness: 0.13577999999999998
INFO:root:elite fitness: 0.29524
INFO:root:Generation: 52
INFO:root:pop fitness: 0.14546
INFO:root:elite fitness: 0.24072
INFO:root:Generation: 58
INFO:root:pop fitness: 0.15266
INFO:root:elite fitness: 0.27888
INFO:root:Generation: 53
INFO:root:pop fitness: 0.1509
INFO:root:elite fitness: 0.28304
INFO:root:Generation: 59
INFO:root:pop fitness: 0.12824
INFO:root:elite fitness: 0.27436
INFO:root:Generation: 60
INFO:root:pop fitness: 0.14378
INFO:root:elite fitness: 0.26756
INFO:root:Generation: 54
INFO:root:pop fitness: 0.10923999999999998
INFO:root:elite fitness: 0.21208000000000002
INFO:root:Generation: 61
INFO:root:pop fitness: 0.17858000000000004
INFO:root:elite fitness: 0.3098
INFO:root:Generation: 55
INFO:root:pop fitness: 0.13496
INFO:root:elite fitness: 0.23348
INFO:root:Generation: 62
INFO:root:pop fitness: 0.14378
INFO:root:elite fitness: 0.27104
INFO:root:Generation: 56
INFO:root:pop fitness: 0.15004
INFO:root:elite fitness: 0.26404
INFO:root:Generation: 63
INFO:root:pop fitness: 0.15512
INFO:root:elite fitness: 0.29368
INFO:root:Generation: 57
INFO:root:pop fitness: 0.14966
INFO:root:elite fitness: 0.27848
INFO:root:Generation: 64
INFO:root:pop fitness: 0.14822000000000002
INFO:root:elite fitness: 0.24624
INFO:root:Generation: 58
INFO:root:pop fitness: 0.14932
INFO:root:elite fitness: 0.23552
INFO:root:Generation: 65
INFO:root:pop fitness: 0.13521999999999998
INFO:root:elite fitness: 0.23608
INFO:root:Generation: 59
INFO:root:pop fitness: 0.15778
INFO:root:elite fitness: 0.26816
INFO:root:Generation: 66
INFO:root:pop fitness: 0.14416
INFO:root:elite fitness: 0.23928000000000002
INFO:root:Generation: 60
INFO:root:pop fitness: 0.16624
INFO:root:elite fitness: 0.30944
INFO:root:Generation: 67
INFO:root:pop fitness: 0.15807999999999997
INFO:root:elite fitness: 0.26139999999999997
INFO:root:Generation: 61
INFO:root:pop fitness: 0.17000000000000004
INFO:root:elite fitness: 0.28844000000000003
INFO:root:Generation: 68
INFO:root:pop fitness: 0.16843999999999998
INFO:root:elite fitness: 0.30228
INFO:root:Generation: 62
INFO:root:pop fitness: 0.14418
INFO:root:elite fitness: 0.3024
INFO:root:Generation: 69
INFO:root:pop fitness: 0.12518
INFO:root:elite fitness: 0.22191999999999998
INFO:root:Generation: 70
INFO:root:pop fitness: 0.13276
INFO:root:elite fitness: 0.2358
INFO:root:Generation: 63
INFO:root:pop fitness: 0.14123999999999998
INFO:root:elite fitness: 0.26848
INFO:root:Generation: 71
INFO:root:pop fitness: 0.15000000000000002
INFO:root:elite fitness: 0.24956000000000003
INFO:root:Generation: 64
INFO:root:pop fitness: 0.14269999999999997
INFO:root:elite fitness: 0.3384
INFO:root:Generation: 72
INFO:root:pop fitness: 0.15059999999999998
INFO:root:elite fitness: 0.30627999999999994
INFO:root:Generation: 65
INFO:root:pop fitness: 0.16388000000000003
INFO:root:elite fitness: 0.2618
INFO:root:Generation: 73
INFO:root:pop fitness: 0.13596
INFO:root:elite fitness: 0.24988
INFO:root:Generation: 66
INFO:root:pop fitness: 0.15162
INFO:root:elite fitness: 0.23927999999999996
INFO:root:Generation: 74
INFO:root:pop fitness: 0.16258
INFO:root:elite fitness: 0.31379999999999997
INFO:root:Generation: 67
INFO:root:pop fitness: 0.15244
INFO:root:elite fitness: 0.32836
INFO:root:Generation: 75
INFO:root:pop fitness: 0.17262000000000005
INFO:root:elite fitness: 0.29979999999999996
INFO:root:Generation: 68
INFO:root:pop fitness: 0.15134
INFO:root:elite fitness: 0.26348000000000005
INFO:root:Generation: 76
INFO:root:pop fitness: 0.17309999999999995
INFO:root:elite fitness: 0.34624000000000005
INFO:root:Generation: 69
INFO:root:pop fitness: 0.16396
INFO:root:elite fitness: 0.29584
INFO:root:Generation: 77
INFO:root:pop fitness: 0.14700000000000002
INFO:root:elite fitness: 0.24676
INFO:root:Generation: 70
INFO:root:pop fitness: 0.12822
INFO:root:elite fitness: 0.23679999999999995
INFO:root:Generation: 78
INFO:root:pop fitness: 0.17168
INFO:root:elite fitness: 0.31172
INFO:root:Generation: 79
INFO:root:pop fitness: 0.15417999999999998
INFO:root:elite fitness: 0.29600000000000004
INFO:root:Generation: 71
INFO:root:pop fitness: 0.15424000000000002
INFO:root:elite fitness: 0.25328
INFO:root:Generation: 80
INFO:root:pop fitness: 0.14625999999999997
INFO:root:elite fitness: 0.25123999999999996
INFO:root:Generation: 72
INFO:root:pop fitness: 0.15603999999999998
INFO:root:elite fitness: 0.27144
INFO:root:Generation: 81
INFO:root:pop fitness: 0.16837999999999997
INFO:root:elite fitness: 0.3232
INFO:root:Generation: 73
INFO:root:pop fitness: 0.14799999999999996
INFO:root:elite fitness: 0.28064
INFO:root:Generation: 82
INFO:root:pop fitness: 0.17198
INFO:root:elite fitness: 0.26752
INFO:root:Generation: 74
INFO:root:pop fitness: 0.15594
INFO:root:elite fitness: 0.27244
INFO:root:Generation: 83
INFO:root:pop fitness: 0.14832
INFO:root:elite fitness: 0.27384000000000003
INFO:root:Generation: 75
INFO:root:pop fitness: 0.15436000000000002
INFO:root:elite fitness: 0.29332
INFO:root:Generation: 84
INFO:root:pop fitness: 0.17321999999999999
INFO:root:elite fitness: 0.28036
INFO:root:Generation: 76
INFO:root:pop fitness: 0.17328
INFO:root:elite fitness: 0.29791999999999996
INFO:root:Generation: 85
INFO:root:pop fitness: 0.17144
INFO:root:elite fitness: 0.28364
INFO:root:Generation: 77
INFO:root:pop fitness: 0.16066
INFO:root:elite fitness: 0.29152
INFO:root:Generation: 86
INFO:root:pop fitness: 0.14996
INFO:root:elite fitness: 0.28896
INFO:root:Generation: 87
INFO:root:pop fitness: 0.13464
INFO:root:elite fitness: 0.31420000000000003
INFO:root:Generation: 78
INFO:root:pop fitness: 0.20102000000000003
INFO:root:elite fitness: 0.31323999999999996
INFO:root:Generation: 88
INFO:root:pop fitness: 0.18228000000000003
INFO:root:elite fitness: 0.31052
INFO:root:Generation: 79
INFO:root:pop fitness: 0.16998000000000002
INFO:root:elite fitness: 0.29048
INFO:root:Generation: 89
INFO:root:pop fitness: 0.18558
INFO:root:elite fitness: 0.34387999999999996
INFO:root:Generation: 80
INFO:root:pop fitness: 0.15212
INFO:root:elite fitness: 0.2578
INFO:root:Generation: 90
INFO:root:pop fitness: 0.14394
INFO:root:elite fitness: 0.2364
INFO:root:Generation: 81
INFO:root:pop fitness: 0.17447999999999997
INFO:root:elite fitness: 0.325
INFO:root:Generation: 91
INFO:root:pop fitness: 0.1894
INFO:root:elite fitness: 0.35496
INFO:root:Generation: 82
INFO:root:pop fitness: 0.17485999999999996
INFO:root:elite fitness: 0.33171999999999996
INFO:root:Generation: 92
INFO:root:pop fitness: 0.2045
INFO:root:elite fitness: 0.33864
INFO:root:Generation: 83
INFO:root:pop fitness: 0.17354
INFO:root:elite fitness: 0.30416
INFO:root:Generation: 93
INFO:root:pop fitness: 0.17670000000000002
INFO:root:elite fitness: 0.352
INFO:root:Generation: 84
INFO:root:pop fitness: 0.14945999999999998
INFO:root:elite fitness: 0.23076
INFO:root:Generation: 94
INFO:root:pop fitness: 0.15877999999999998
INFO:root:elite fitness: 0.29435999999999996
INFO:root:Generation: 95
INFO:root:pop fitness: 0.18636
INFO:root:elite fitness: 0.32687999999999995
INFO:root:Generation: 85
INFO:root:pop fitness: 0.19329999999999997
INFO:root:elite fitness: 0.33024000000000003
INFO:root:Generation: 96
INFO:root:pop fitness: 0.1673
INFO:root:elite fitness: 0.30907999999999997
INFO:root:Generation: 86
INFO:root:pop fitness: 0.14088
INFO:root:elite fitness: 0.2646
INFO:root:Generation: 97
INFO:root:pop fitness: 0.18183999999999997
INFO:root:elite fitness: 0.31584
INFO:root:Generation: 87
INFO:root:pop fitness: 0.18278
INFO:root:elite fitness: 0.27976
INFO:root:Generation: 98
INFO:root:pop fitness: 0.15602
INFO:root:elite fitness: 0.27568000000000004
INFO:root:Generation: 88
INFO:root:pop fitness: 0.16854000000000002
INFO:root:elite fitness: 0.30651999999999996
INFO:root:Generation: 99
INFO:root:pop fitness: 0.13692000000000001
INFO:root:elite fitness: 0.25056
INFO:root:Generation: 89
INFO:root:pop fitness: 0.17358
INFO:root:elite fitness: 0.28228
INFO:root:Generation: 100
INFO:root:pop fitness: 0.17549999999999993
INFO:root:elite fitness: 0.31736000000000003
INFO:root:Generation: 90
INFO:root:pop fitness: 0.16552
INFO:root:elite fitness: 0.31032
INFO:root:Generation: 101
INFO:root:pop fitness: 0.14926000000000003
INFO:root:elite fitness: 0.25928
INFO:root:Generation: 91
INFO:root:pop fitness: 0.18717999999999996
INFO:root:elite fitness: 0.34215999999999996
INFO:root:Generation: 102
INFO:root:pop fitness: 0.18336000000000002
INFO:root:elite fitness: 0.34768
INFO:root:Generation: 103
INFO:root:pop fitness: 0.1585
INFO:root:elite fitness: 0.27192
INFO:root:Generation: 92
INFO:root:pop fitness: 0.17378
INFO:root:elite fitness: 0.28912
INFO:root:Generation: 104
INFO:root:pop fitness: 0.16862000000000002
INFO:root:elite fitness: 0.3256
INFO:root:Generation: 93
INFO:root:pop fitness: 0.1711
INFO:root:elite fitness: 0.28136
INFO:root:Generation: 105
INFO:root:pop fitness: 0.14854
INFO:root:elite fitness: 0.27427999999999997
INFO:root:Generation: 94
INFO:root:pop fitness: 0.15885999999999997
INFO:root:elite fitness: 0.33316
INFO:root:Generation: 106
INFO:root:pop fitness: 0.18067999999999998
INFO:root:elite fitness: 0.27848
INFO:root:Generation: 95
INFO:root:pop fitness: 0.17104000000000003
INFO:root:elite fitness: 0.28244
INFO:root:Generation: 107
INFO:root:pop fitness: 0.15431999999999998
INFO:root:elite fitness: 0.28784000000000004
INFO:root:Generation: 96
INFO:root:pop fitness: 0.16024000000000002
INFO:root:elite fitness: 0.3352399999999999
INFO:root:Generation: 108
INFO:root:pop fitness: 0.16405999999999996
INFO:root:elite fitness: 0.33740000000000003
INFO:root:Generation: 97
INFO:root:pop fitness: 0.14624
INFO:root:elite fitness: 0.26136
INFO:root:Generation: 109
INFO:root:pop fitness: 0.18054000000000003
INFO:root:elite fitness: 0.3024
INFO:root:Generation: 98
INFO:root:pop fitness: 0.14953999999999998
INFO:root:elite fitness: 0.2792
INFO:root:Generation: 110
INFO:root:pop fitness: 0.13865999999999998
INFO:root:elite fitness: 0.28268
INFO:root:Generation: 99
INFO:root:pop fitness: 0.13421999999999998
INFO:root:elite fitness: 0.26104
INFO:root:Generation: 111
INFO:root:pop fitness: 0.15274000000000001
INFO:root:elite fitness: 0.28332
INFO:root:Generation: 112
INFO:root:pop fitness: 0.17288
INFO:root:elite fitness: 0.31176000000000004
INFO:root:Generation: 100
INFO:root:pop fitness: 0.15696
INFO:root:elite fitness: 0.25352
INFO:root:Generation: 113
INFO:root:pop fitness: 0.15500000000000003
INFO:root:elite fitness: 0.25732
INFO:root:Generation: 101
INFO:root:pop fitness: 0.15812000000000004
INFO:root:elite fitness: 0.27884
INFO:root:Generation: 114
INFO:root:pop fitness: 0.15632
INFO:root:elite fitness: 0.30052
INFO:root:Generation: 102
INFO:root:pop fitness: 0.17538
INFO:root:elite fitness: 0.2964
INFO:root:Generation: 115
INFO:root:pop fitness: 0.18436
INFO:root:elite fitness: 0.33271999999999996
INFO:root:Generation: 103
INFO:root:pop fitness: 0.1708
INFO:root:elite fitness: 0.28300000000000003
INFO:root:Generation: 116
INFO:root:pop fitness: 0.1736
INFO:root:elite fitness: 0.2866
INFO:root:Generation: 104
INFO:root:pop fitness: 0.17398
INFO:root:elite fitness: 0.32848
INFO:root:Generation: 117
INFO:root:pop fitness: 0.18934
INFO:root:elite fitness: 0.38071999999999995
INFO:root:Generation: 105
INFO:root:pop fitness: 0.1677
INFO:root:elite fitness: 0.29092
INFO:root:Generation: 118
INFO:root:pop fitness: 0.18682
INFO:root:elite fitness: 0.33232
INFO:root:Generation: 106
INFO:root:pop fitness: 0.16366
INFO:root:elite fitness: 0.32248
INFO:root:Generation: 119
INFO:root:pop fitness: 0.1758
INFO:root:elite fitness: 0.3264
INFO:root:Generation: 107
INFO:root:pop fitness: 0.15471999999999997
INFO:root:elite fitness: 0.26052000000000003
INFO:root:Generation: 120
INFO:root:pop fitness: 0.19094
INFO:root:elite fitness: 0.28764
INFO:root:Generation: 121
INFO:root:pop fitness: 0.17290000000000003
INFO:root:elite fitness: 0.30848000000000003
INFO:root:Generation: 108
INFO:root:pop fitness: 0.17072000000000004
INFO:root:elite fitness: 0.29436
INFO:root:Generation: 122
INFO:root:pop fitness: 0.14292
INFO:root:elite fitness: 0.26108
INFO:root:Generation: 109
INFO:root:pop fitness: 0.1648
INFO:root:elite fitness: 0.26904
INFO:root:Generation: 123
INFO:root:pop fitness: 0.18672
INFO:root:elite fitness: 0.27048
INFO:root:Generation: 110
INFO:root:pop fitness: 0.17102
INFO:root:elite fitness: 0.29308
INFO:root:Generation: 124
INFO:root:pop fitness: 0.14696
INFO:root:elite fitness: 0.26567999999999997
INFO:root:Generation: 111
INFO:root:pop fitness: 0.15836
INFO:root:elite fitness: 0.28968000000000005
INFO:root:Generation: 125
INFO:root:pop fitness: 0.14808000000000002
INFO:root:elite fitness: 0.25472
INFO:root:Generation: 112
INFO:root:pop fitness: 0.19662000000000002
INFO:root:elite fitness: 0.34344
INFO:root:Generation: 126
INFO:root:pop fitness: 0.16091999999999998
INFO:root:elite fitness: 0.27976
INFO:root:Generation: 113
INFO:root:pop fitness: 0.17164
INFO:root:elite fitness: 0.27888
INFO:root:Generation: 127
INFO:root:pop fitness: 0.1548
INFO:root:elite fitness: 0.2786
INFO:root:Generation: 114
INFO:root:pop fitness: 0.17772
INFO:root:elite fitness: 0.31328
INFO:root:Generation: 128
INFO:root:pop fitness: 0.17202
INFO:root:elite fitness: 0.29408
INFO:root:Generation: 115
INFO:root:pop fitness: 0.16542
INFO:root:elite fitness: 0.27283999999999997
INFO:root:Generation: 129
INFO:root:pop fitness: 0.1634
INFO:root:elite fitness: 0.31167999999999996
INFO:root:Generation: 130
INFO:root:pop fitness: 0.16186
INFO:root:elite fitness: 0.25784
INFO:root:Generation: 116
INFO:root:pop fitness: 0.18092
INFO:root:elite fitness: 0.3178
INFO:root:Generation: 131
INFO:root:pop fitness: 0.18202
INFO:root:elite fitness: 0.3126
INFO:root:Generation: 117
INFO:root:pop fitness: 0.20342
INFO:root:elite fitness: 0.36979999999999996
INFO:root:Generation: 132
INFO:root:pop fitness: 0.1775
INFO:root:elite fitness: 0.29016
INFO:root:Generation: 118
INFO:root:pop fitness: 0.19463999999999998
INFO:root:elite fitness: 0.35839999999999994
INFO:root:Generation: 133
INFO:root:pop fitness: 0.16014
INFO:root:elite fitness: 0.3202
INFO:root:Generation: 119
INFO:root:pop fitness: 0.16066000000000003
INFO:root:elite fitness: 0.27992
INFO:root:Generation: 134
INFO:root:pop fitness: 0.16294
INFO:root:elite fitness: 0.33964
INFO:root:Generation: 120
INFO:root:pop fitness: 0.16631999999999997
INFO:root:elite fitness: 0.27064
INFO:root:Generation: 135
INFO:root:pop fitness: 0.15546000000000001
INFO:root:elite fitness: 0.26256
INFO:root:Generation: 121
INFO:root:pop fitness: 0.16907999999999998
INFO:root:elite fitness: 0.32472
INFO:root:Generation: 136
INFO:root:pop fitness: 0.13998000000000002
INFO:root:elite fitness: 0.2416
INFO:root:Generation: 122
INFO:root:pop fitness: 0.16536
INFO:root:elite fitness: 0.2851600000000001
INFO:root:Generation: 137
INFO:root:pop fitness: 0.17120000000000002
INFO:root:elite fitness: 0.31123999999999996
INFO:root:Generation: 123
INFO:root:pop fitness: 0.18460000000000001
INFO:root:elite fitness: 0.31992000000000004
INFO:root:Generation: 138
INFO:root:pop fitness: 0.14288
INFO:root:elite fitness: 0.28851999999999994
INFO:root:Generation: 139
INFO:root:pop fitness: 0.16788
INFO:root:elite fitness: 0.31067999999999996
INFO:root:Generation: 124
INFO:root:pop fitness: 0.18231999999999998
INFO:root:elite fitness: 0.3397200000000001
INFO:root:Generation: 140
INFO:root:pop fitness: 0.13958
INFO:root:elite fitness: 0.2556
INFO:root:Generation: 125
INFO:root:pop fitness: 0.18855999999999995
INFO:root:elite fitness: 0.31279999999999997
INFO:root:Generation: 141
INFO:root:pop fitness: 0.1581
INFO:root:elite fitness: 0.34852000000000005
INFO:root:Generation: 126
INFO:root:pop fitness: 0.17016
INFO:root:elite fitness: 0.30896
INFO:root:Generation: 142
INFO:root:pop fitness: 0.19864
INFO:root:elite fitness: 0.32736000000000004
INFO:root:Generation: 127
INFO:root:pop fitness: 0.18472000000000002
INFO:root:elite fitness: 0.3188
INFO:root:Generation: 143
INFO:root:pop fitness: 0.16015999999999997
INFO:root:elite fitness: 0.26739999999999997
INFO:root:Generation: 128
INFO:root:pop fitness: 0.17759999999999998
INFO:root:elite fitness: 0.34652
INFO:root:Generation: 144
INFO:root:pop fitness: 0.1566
INFO:root:elite fitness: 0.30060000000000003
INFO:root:Generation: 129
INFO:root:pop fitness: 0.17104
INFO:root:elite fitness: 0.30692
INFO:root:Generation: 145
INFO:root:pop fitness: 0.19084
INFO:root:elite fitness: 0.33899999999999997
INFO:root:Generation: 130
INFO:root:pop fitness: 0.17800000000000002
INFO:root:elite fitness: 0.2876
INFO:root:Generation: 146
INFO:root:pop fitness: 0.14962
INFO:root:elite fitness: 0.25695999999999997
INFO:root:Generation: 131
INFO:root:pop fitness: 0.18441999999999997
INFO:root:elite fitness: 0.30472
INFO:root:Generation: 147
INFO:root:pop fitness: 0.1691
INFO:root:elite fitness: 0.32492
INFO:root:Generation: 148
INFO:root:pop fitness: 0.17625999999999997
INFO:root:elite fitness: 0.297
INFO:root:Generation: 132
INFO:root:pop fitness: 0.19454000000000002
INFO:root:elite fitness: 0.34804
INFO:root:Generation: 149
INFO:root:pop fitness: 0.15218
INFO:root:elite fitness: 0.31116
INFO:root:Generation: 133
INFO:root:pop fitness: 0.16768
INFO:root:elite fitness: 0.34072
INFO:root:Generation: 150
INFO:root:pop fitness: 0.17594
INFO:root:elite fitness: 0.29476
INFO:root:Generation: 134
INFO:root:pop fitness: 0.15892
INFO:root:elite fitness: 0.27244
INFO:root:Generation: 151
INFO:root:pop fitness: 0.17918
INFO:root:elite fitness: 0.33260000000000006
INFO:root:Generation: 135
INFO:root:pop fitness: 0.21362000000000003
INFO:root:elite fitness: 0.4226
INFO:root:Generation: 152
INFO:root:pop fitness: 0.17326
INFO:root:elite fitness: 0.28844000000000003
INFO:root:Generation: 136
INFO:root:pop fitness: 0.19410000000000005
INFO:root:elite fitness: 0.31264
INFO:root:Generation: 153
INFO:root:pop fitness: 0.15214
INFO:root:elite fitness: 0.29116
INFO:root:Generation: 137
INFO:root:pop fitness: 0.17362000000000002
INFO:root:elite fitness: 0.32304
INFO:root:Generation: 154
INFO:root:pop fitness: 0.19260000000000002
INFO:root:elite fitness: 0.32328
INFO:root:Generation: 138
INFO:root:pop fitness: 0.20468
INFO:root:elite fitness: 0.33816
INFO:root:Generation: 155
INFO:root:pop fitness: 0.17482
INFO:root:elite fitness: 0.33808000000000005
INFO:root:Generation: 139
INFO:root:pop fitness: 0.18754
INFO:root:elite fitness: 0.32947999999999994
INFO:root:Generation: 156
INFO:root:pop fitness: 0.175
INFO:root:elite fitness: 0.31396
INFO:root:Generation: 157
INFO:root:pop fitness: 0.17371999999999999
INFO:root:elite fitness: 0.31672000000000006
INFO:root:Generation: 140
INFO:root:pop fitness: 0.15688000000000002
INFO:root:elite fitness: 0.27424
INFO:root:Generation: 158
INFO:root:pop fitness: 0.16155999999999998
INFO:root:elite fitness: 0.30191999999999997
INFO:root:Generation: 141
INFO:root:pop fitness: 0.18332
INFO:root:elite fitness: 0.30912
INFO:root:Generation: 159
INFO:root:pop fitness: 0.18958000000000003
INFO:root:elite fitness: 0.29616
INFO:root:Generation: 142
INFO:root:pop fitness: 0.1592
INFO:root:elite fitness: 0.31316000000000005
INFO:root:Generation: 160
INFO:root:pop fitness: 0.17143999999999998
INFO:root:elite fitness: 0.29967999999999995
INFO:root:Generation: 143
INFO:root:pop fitness: 0.19608
INFO:root:elite fitness: 0.35548
INFO:root:Generation: 161
INFO:root:pop fitness: 0.1552
INFO:root:elite fitness: 0.31176000000000004
INFO:root:Generation: 144
INFO:root:pop fitness: 0.19380000000000003
INFO:root:elite fitness: 0.33940000000000003
INFO:root:Generation: 162
INFO:root:pop fitness: 0.15719999999999998
INFO:root:elite fitness: 0.28923999999999994
INFO:root:Generation: 145
INFO:root:pop fitness: 0.19036
INFO:root:elite fitness: 0.30823999999999996
INFO:root:Generation: 163
INFO:root:pop fitness: 0.15834
INFO:root:elite fitness: 0.2366
INFO:root:Generation: 146
INFO:root:pop fitness: 0.15719999999999998
INFO:root:elite fitness: 0.30452
INFO:root:Generation: 164
INFO:root:pop fitness: 0.17278
INFO:root:elite fitness: 0.32696
INFO:root:Generation: 165
INFO:root:pop fitness: 0.18456
INFO:root:elite fitness: 0.32772
INFO:root:Generation: 147
INFO:root:pop fitness: 0.19444
INFO:root:elite fitness: 0.37439999999999996
INFO:root:Generation: 166
INFO:root:pop fitness: 0.15736
INFO:root:elite fitness: 0.28636
INFO:root:Generation: 148
INFO:root:pop fitness: 0.18901999999999997
INFO:root:elite fitness: 0.34648
INFO:root:Generation: 167
INFO:root:pop fitness: 0.16145999999999996
INFO:root:elite fitness: 0.27568000000000004
INFO:root:Generation: 149
INFO:root:pop fitness: 0.18428
INFO:root:elite fitness: 0.33704
INFO:root:Generation: 168
INFO:root:pop fitness: 0.16763999999999998
INFO:root:elite fitness: 0.28196
INFO:root:Generation: 150
INFO:root:pop fitness: 0.16463999999999998
INFO:root:elite fitness: 0.26888
INFO:root:Generation: 169
INFO:root:pop fitness: 0.19646
INFO:root:elite fitness: 0.34128000000000003
INFO:root:Generation: 151
INFO:root:pop fitness: 0.16422
INFO:root:elite fitness: 0.32692
INFO:root:Generation: 170
INFO:root:pop fitness: 0.20018
INFO:root:elite fitness: 0.35716000000000003
INFO:root:Generation: 152
INFO:root:pop fitness: 0.17653999999999997
INFO:root:elite fitness: 0.33376
INFO:root:Generation: 171
INFO:root:pop fitness: 0.20358
INFO:root:elite fitness: 0.3148
INFO:root:Generation: 153
INFO:root:pop fitness: 0.18419999999999997
INFO:root:elite fitness: 0.30548000000000003
INFO:root:Generation: 172
INFO:root:pop fitness: 0.19684000000000001
INFO:root:elite fitness: 0.37232
INFO:root:Generation: 154
INFO:root:pop fitness: 0.19085999999999997
INFO:root:elite fitness: 0.3292400000000001
INFO:root:Generation: 173
INFO:root:pop fitness: 0.18803999999999998
INFO:root:elite fitness: 0.31384
INFO:root:Generation: 155
INFO:root:pop fitness: 0.19577999999999998
INFO:root:elite fitness: 0.31392
INFO:root:Generation: 174
INFO:root:pop fitness: 0.16777999999999998
INFO:root:elite fitness: 0.28868
INFO:root:Generation: 175
INFO:root:pop fitness: 0.18411999999999998
INFO:root:elite fitness: 0.35812000000000005
INFO:root:Generation: 156
INFO:root:pop fitness: 0.17406
INFO:root:elite fitness: 0.29756
INFO:root:Generation: 176
INFO:root:pop fitness: 0.20380000000000004
INFO:root:elite fitness: 0.32768
INFO:root:Generation: 157
INFO:root:pop fitness: 0.1704
INFO:root:elite fitness: 0.33140000000000003
INFO:root:Generation: 177
INFO:root:pop fitness: 0.15484
INFO:root:elite fitness: 0.2858
INFO:root:Generation: 158
INFO:root:pop fitness: 0.18483999999999998
INFO:root:elite fitness: 0.31708000000000003
INFO:root:Generation: 178
INFO:root:pop fitness: 0.1848
INFO:root:elite fitness: 0.28292000000000006
INFO:root:Generation: 159
INFO:root:pop fitness: 0.24987999999999996
INFO:root:elite fitness: 0.3746
INFO:root:Generation: 179
INFO:root:pop fitness: 0.16254
INFO:root:elite fitness: 0.29812
INFO:root:Generation: 160
INFO:root:pop fitness: 0.19738
INFO:root:elite fitness: 0.31823999999999997
INFO:root:Generation: 180
INFO:root:pop fitness: 0.16422
INFO:root:elite fitness: 0.2986
INFO:root:Generation: 161
INFO:root:pop fitness: 0.21099999999999997
INFO:root:elite fitness: 0.3472
INFO:root:Generation: 181
INFO:root:pop fitness: 0.16342
INFO:root:elite fitness: 0.31244
INFO:root:Generation: 162
INFO:root:pop fitness: 0.18720000000000003
INFO:root:elite fitness: 0.31732
INFO:root:Generation: 182
INFO:root:pop fitness: 0.18976000000000004
INFO:root:elite fitness: 0.31884
INFO:root:Generation: 163
INFO:root:pop fitness: 0.1784
INFO:root:elite fitness: 0.33352000000000004
INFO:root:Generation: 183
INFO:root:pop fitness: 0.16918000000000002
INFO:root:elite fitness: 0.34496000000000004
INFO:root:Generation: 164
INFO:root:pop fitness: 0.19910000000000003
INFO:root:elite fitness: 0.34424
INFO:root:Generation: 184
INFO:root:pop fitness: 0.15172
INFO:root:elite fitness: 0.28652
INFO:root:Generation: 185
INFO:root:pop fitness: 0.15274000000000001
INFO:root:elite fitness: 0.34312
INFO:root:Generation: 165
INFO:root:pop fitness: 0.18259999999999996
INFO:root:elite fitness: 0.34072
INFO:root:Generation: 186
INFO:root:pop fitness: 0.17513999999999996
INFO:root:elite fitness: 0.3264
INFO:root:Generation: 166
INFO:root:pop fitness: 0.17681999999999998
INFO:root:elite fitness: 0.28572
INFO:root:Generation: 187
INFO:root:pop fitness: 0.17391999999999996
INFO:root:elite fitness: 0.32692
INFO:root:Generation: 167
INFO:root:pop fitness: 0.19193999999999994
INFO:root:elite fitness: 0.29536
INFO:root:Generation: 188
INFO:root:pop fitness: 0.19226
INFO:root:elite fitness: 0.32548
INFO:root:Generation: 168
INFO:root:pop fitness: 0.18667999999999998
INFO:root:elite fitness: 0.32171999999999995
INFO:root:Generation: 189
INFO:root:pop fitness: 0.20079999999999998
INFO:root:elite fitness: 0.33152000000000004
INFO:root:Generation: 169
INFO:root:pop fitness: 0.20042000000000001
INFO:root:elite fitness: 0.31732
INFO:root:Generation: 190
INFO:root:pop fitness: 0.19436
INFO:root:elite fitness: 0.31048
INFO:root:Generation: 170
INFO:root:pop fitness: 0.19792
INFO:root:elite fitness: 0.39132000000000006
INFO:root:Generation: 191
INFO:root:pop fitness: 0.18426
INFO:root:elite fitness: 0.31644
INFO:root:Generation: 171
INFO:root:pop fitness: 0.18766
INFO:root:elite fitness: 0.35359999999999997
INFO:root:Generation: 192
INFO:root:pop fitness: 0.21644000000000002
INFO:root:elite fitness: 0.36628
INFO:root:Generation: 193
INFO:root:pop fitness: 0.17980000000000002
INFO:root:elite fitness: 0.33568
INFO:root:Generation: 172
INFO:root:pop fitness: 0.1907
INFO:root:elite fitness: 0.32655999999999996
INFO:root:Generation: 194
INFO:root:pop fitness: 0.17228000000000002
INFO:root:elite fitness: 0.33884000000000003
INFO:root:Generation: 173
INFO:root:pop fitness: 0.20052
INFO:root:elite fitness: 0.35419999999999996
INFO:root:Generation: 195
INFO:root:pop fitness: 0.18816
INFO:root:elite fitness: 0.35828000000000004
INFO:root:Generation: 174
INFO:root:pop fitness: 0.20487999999999995
INFO:root:elite fitness: 0.3438799999999999
INFO:root:Generation: 196
INFO:root:pop fitness: 0.20921999999999996
INFO:root:elite fitness: 0.36164
INFO:root:Generation: 175
INFO:root:pop fitness: 0.1818
INFO:root:elite fitness: 0.32299999999999995
INFO:root:Generation: 197
INFO:root:pop fitness: 0.17108
INFO:root:elite fitness: 0.32548
INFO:root:Generation: 176
INFO:root:pop fitness: 0.20668000000000003
INFO:root:elite fitness: 0.35924
INFO:root:Generation: 198
INFO:root:pop fitness: 0.16296
INFO:root:elite fitness: 0.32196
INFO:root:Generation: 177
INFO:root:pop fitness: 0.2082
INFO:root:elite fitness: 0.3476800000000001
INFO:root:Generation: 199
INFO:root:pop fitness: 0.16529999999999997
INFO:root:elite fitness: 0.29912000000000005
INFO:root:Generation: 178
INFO:root:pop fitness: 0.18353999999999995
INFO:root:elite fitness: 0.32799999999999996
INFO:root:Generation: 179
INFO:root:pop fitness: 0.19866000000000003
INFO:root:elite fitness: 0.33304
INFO:root:Generation: 180
INFO:root:pop fitness: 0.19311999999999999
INFO:root:elite fitness: 0.32072
INFO:root:Generation: 181
INFO:root:pop fitness: 0.18394000000000005
INFO:root:elite fitness: 0.30132000000000003
INFO:root:Generation: 182
INFO:root:pop fitness: 0.17956
INFO:root:elite fitness: 0.35556
INFO:root:Generation: 183
INFO:root:pop fitness: 0.1993
INFO:root:elite fitness: 0.33708000000000005
INFO:root:Generation: 184
INFO:root:pop fitness: 0.18523999999999996
INFO:root:elite fitness: 0.30804000000000004
INFO:root:Generation: 185
INFO:root:pop fitness: 0.16788
INFO:root:elite fitness: 0.34159999999999996
INFO:root:Generation: 186
INFO:root:pop fitness: 0.19866000000000003
INFO:root:elite fitness: 0.34604
INFO:root:Generation: 187
INFO:root:pop fitness: 0.20211999999999997
INFO:root:elite fitness: 0.34332000000000007
INFO:root:Generation: 188
INFO:root:pop fitness: 0.19722
INFO:root:elite fitness: 0.30744
INFO:root:Generation: 189
INFO:root:pop fitness: 0.1782
INFO:root:elite fitness: 0.35752
INFO:root:Generation: 190
INFO:root:pop fitness: 0.17228
INFO:root:elite fitness: 0.26123999999999997
INFO:root:Generation: 191
INFO:root:pop fitness: 0.19408
INFO:root:elite fitness: 0.308
INFO:root:Generation: 192
INFO:root:pop fitness: 0.20106000000000002
INFO:root:elite fitness: 0.38964
INFO:root:Generation: 193
INFO:root:pop fitness: 0.15975999999999999
INFO:root:elite fitness: 0.319
INFO:root:Generation: 194
INFO:root:pop fitness: 0.16844
INFO:root:elite fitness: 0.32248
INFO:root:Generation: 195
INFO:root:pop fitness: 0.19138
INFO:root:elite fitness: 0.29492
INFO:root:Generation: 196
INFO:root:pop fitness: 0.17854000000000003
INFO:root:elite fitness: 0.3472
INFO:root:Generation: 197
INFO:root:pop fitness: 0.19562000000000002
INFO:root:elite fitness: 0.33020000000000005
INFO:root:Generation: 198
INFO:root:pop fitness: 0.18716000000000002
INFO:root:elite fitness: 0.30724
INFO:root:Generation: 199
INFO:root:pop fitness: 0.17873999999999995
INFO:root:elite fitness: 0.36699999999999994
