INFO:root:run_master: Namespace(arms='10', hidden='128', layers='3', max_gen='200', message='', mutation_mag='0.1', name='resetSteps', noise=False, pop_size='50', save_result=True, steps='1', trials='100')
INFO:root:run_master: Namespace(arms='10', hidden='128', layers='3', max_gen='200', message='', mutation_mag='0.1', name='resetSteps', noise=True, pop_size='50', save_result=True, steps='1', trials='100')
INFO:root:Generation: 0
INFO:root:pop fitness: 0.09904
INFO:root:elite fitness: 0.10760000000000002
INFO:root:Generation: 0
INFO:root:pop fitness: 0.10052000000000001
INFO:root:elite fitness: 0.10992
INFO:root:Generation: 1
INFO:root:pop fitness: 0.10536000000000001
INFO:root:elite fitness: 0.16008
INFO:root:Generation: 1
INFO:root:pop fitness: 0.09886
INFO:root:elite fitness: 0.15972
INFO:root:Generation: 2
INFO:root:pop fitness: 0.09542000000000002
INFO:root:elite fitness: 0.17076
INFO:root:Generation: 3
INFO:root:pop fitness: 0.08686000000000002
INFO:root:elite fitness: 0.15339999999999998
INFO:root:Generation: 2
INFO:root:pop fitness: 0.10260000000000001
INFO:root:elite fitness: 0.147
INFO:root:Generation: 4
INFO:root:pop fitness: 0.10729999999999999
INFO:root:elite fitness: 0.20972000000000002
INFO:root:Generation: 3
INFO:root:pop fitness: 0.09896
INFO:root:elite fitness: 0.15624000000000002
INFO:root:Generation: 5
INFO:root:pop fitness: 0.1209
INFO:root:elite fitness: 0.21004
INFO:root:Generation: 6
INFO:root:pop fitness: 0.07651999999999999
INFO:root:elite fitness: 0.21732000000000004
INFO:root:Generation: 4
INFO:root:pop fitness: 0.08714000000000001
INFO:root:elite fitness: 0.21171999999999996
INFO:root:Generation: 7
INFO:root:pop fitness: 0.10504000000000001
INFO:root:elite fitness: 0.20876
INFO:root:Generation: 5
INFO:root:pop fitness: 0.10524000000000001
INFO:root:elite fitness: 0.19144000000000003
INFO:root:Generation: 8
INFO:root:pop fitness: 0.10925999999999998
INFO:root:elite fitness: 0.18544000000000005
INFO:root:Generation: 6
INFO:root:pop fitness: 0.11052
INFO:root:elite fitness: 0.20279999999999998
INFO:root:Generation: 9
INFO:root:pop fitness: 0.11229999999999998
INFO:root:elite fitness: 0.22460000000000002
INFO:root:Generation: 10
INFO:root:pop fitness: 0.09921999999999999
INFO:root:elite fitness: 0.17551999999999995
INFO:root:Generation: 7
INFO:root:pop fitness: 0.11432
INFO:root:elite fitness: 0.25172
INFO:root:Generation: 11
INFO:root:pop fitness: 0.1038
INFO:root:elite fitness: 0.2278
INFO:root:Generation: 12
INFO:root:pop fitness: 0.10695999999999999
INFO:root:elite fitness: 0.22996
INFO:root:Generation: 8
INFO:root:pop fitness: 0.10901999999999999
INFO:root:elite fitness: 0.19232
INFO:root:Generation: 13
INFO:root:pop fitness: 0.083
INFO:root:elite fitness: 0.20276
INFO:root:Generation: 9
INFO:root:pop fitness: 0.07706
INFO:root:elite fitness: 0.20424000000000003
INFO:root:Generation: 14
INFO:root:pop fitness: 0.11518
INFO:root:elite fitness: 0.22592
INFO:root:Generation: 15
INFO:root:pop fitness: 0.10154
INFO:root:elite fitness: 0.23304
INFO:root:Generation: 10
INFO:root:pop fitness: 0.1319
INFO:root:elite fitness: 0.27192
INFO:root:Generation: 16
INFO:root:pop fitness: 0.11079999999999998
INFO:root:elite fitness: 0.21220000000000003
INFO:root:Generation: 11
INFO:root:pop fitness: 0.10762000000000001
INFO:root:elite fitness: 0.19207999999999997
INFO:root:Generation: 17
INFO:root:pop fitness: 0.1103
INFO:root:elite fitness: 0.23336
INFO:root:Generation: 12
INFO:root:pop fitness: 0.11001999999999999
INFO:root:elite fitness: 0.2132
INFO:root:Generation: 13
INFO:root:pop fitness: 0.09853999999999999
INFO:root:elite fitness: 0.19544
INFO:root:Generation: 18
INFO:root:pop fitness: 0.08318000000000002
INFO:root:elite fitness: 0.20007999999999998
INFO:root:Generation: 14
INFO:root:pop fitness: 0.11554000000000002
INFO:root:elite fitness: 0.25584
INFO:root:Generation: 19
INFO:root:pop fitness: 0.12158000000000001
INFO:root:elite fitness: 0.22727999999999998
INFO:root:Generation: 15
INFO:root:pop fitness: 0.11496
INFO:root:elite fitness: 0.32776000000000005
INFO:root:Generation: 20
INFO:root:pop fitness: 0.10736000000000001
INFO:root:elite fitness: 0.24024
INFO:root:Generation: 16
INFO:root:pop fitness: 0.07768000000000001
INFO:root:elite fitness: 0.1852
INFO:root:Generation: 21
INFO:root:pop fitness: 0.11218000000000003
INFO:root:elite fitness: 0.213
INFO:root:Generation: 17
INFO:root:pop fitness: 0.08990000000000001
INFO:root:elite fitness: 0.20352
INFO:root:Generation: 22
INFO:root:pop fitness: 0.10135999999999999
INFO:root:elite fitness: 0.20271999999999998
INFO:root:Generation: 18
INFO:root:pop fitness: 0.10818
INFO:root:elite fitness: 0.2534
INFO:root:Generation: 19
INFO:root:pop fitness: 0.10387999999999999
INFO:root:elite fitness: 0.22299999999999998
INFO:root:Generation: 23
INFO:root:pop fitness: 0.13384000000000001
INFO:root:elite fitness: 0.29116
INFO:root:Generation: 20
INFO:root:pop fitness: 0.12014000000000001
INFO:root:elite fitness: 0.21867999999999999
INFO:root:Generation: 24
INFO:root:pop fitness: 0.09284
INFO:root:elite fitness: 0.17035999999999998
INFO:root:Generation: 21
INFO:root:pop fitness: 0.13636
INFO:root:elite fitness: 0.252
INFO:root:Generation: 25
INFO:root:pop fitness: 0.11446000000000002
INFO:root:elite fitness: 0.23128
INFO:root:Generation: 22
INFO:root:pop fitness: 0.10032000000000002
INFO:root:elite fitness: 0.20220000000000002
INFO:root:Generation: 26
INFO:root:pop fitness: 0.08484000000000001
INFO:root:elite fitness: 0.24551999999999996
INFO:root:Generation: 23
INFO:root:pop fitness: 0.09404
INFO:root:elite fitness: 0.18924000000000002
INFO:root:Generation: 27
INFO:root:pop fitness: 0.1073
INFO:root:elite fitness: 0.20556000000000002
INFO:root:Generation: 24
INFO:root:pop fitness: 0.11128
INFO:root:elite fitness: 0.26248
INFO:root:Generation: 28
INFO:root:pop fitness: 0.09504
INFO:root:elite fitness: 0.21288
INFO:root:Generation: 25
INFO:root:pop fitness: 0.12283999999999999
INFO:root:elite fitness: 0.22648
INFO:root:Generation: 26
INFO:root:pop fitness: 0.08729999999999999
INFO:root:elite fitness: 0.237
INFO:root:Generation: 29
INFO:root:pop fitness: 0.10370000000000001
INFO:root:elite fitness: 0.20931999999999998
INFO:root:Generation: 27
INFO:root:pop fitness: 0.11132000000000002
INFO:root:elite fitness: 0.20152
INFO:root:Generation: 28
INFO:root:pop fitness: 0.11612
INFO:root:elite fitness: 0.25216
INFO:root:Generation: 30
INFO:root:pop fitness: 0.11622
INFO:root:elite fitness: 0.22344
INFO:root:Generation: 29
INFO:root:pop fitness: 0.12092
INFO:root:elite fitness: 0.2688
INFO:root:Generation: 31
INFO:root:pop fitness: 0.12240000000000001
INFO:root:elite fitness: 0.24115999999999999
INFO:root:Generation: 30
INFO:root:pop fitness: 0.09829999999999998
INFO:root:elite fitness: 0.2288
INFO:root:Generation: 32
INFO:root:pop fitness: 0.10724
INFO:root:elite fitness: 0.22992
INFO:root:Generation: 31
INFO:root:pop fitness: 0.11513999999999999
INFO:root:elite fitness: 0.21663999999999997
INFO:root:Generation: 33
INFO:root:pop fitness: 0.09812000000000001
INFO:root:elite fitness: 0.16444
INFO:root:Generation: 32
INFO:root:pop fitness: 0.11082
INFO:root:elite fitness: 0.24900000000000003
INFO:root:Generation: 34
INFO:root:pop fitness: 0.13484
INFO:root:elite fitness: 0.24836000000000003
INFO:root:Generation: 33
INFO:root:pop fitness: 0.12287999999999999
INFO:root:elite fitness: 0.26332
INFO:root:Generation: 35
INFO:root:pop fitness: 0.10378
INFO:root:elite fitness: 0.24028000000000002
INFO:root:Generation: 34
INFO:root:pop fitness: 0.09596
INFO:root:elite fitness: 0.20412000000000002
INFO:root:Generation: 36
INFO:root:pop fitness: 0.11453999999999999
INFO:root:elite fitness: 0.29192
INFO:root:Generation: 35
INFO:root:pop fitness: 0.10285999999999998
INFO:root:elite fitness: 0.25368
INFO:root:Generation: 36
INFO:root:pop fitness: 0.10508
INFO:root:elite fitness: 0.20268
INFO:root:Generation: 37
INFO:root:pop fitness: 0.12602000000000002
INFO:root:elite fitness: 0.26072
INFO:root:Generation: 37
INFO:root:pop fitness: 0.09589999999999999
INFO:root:elite fitness: 0.20832
INFO:root:Generation: 38
INFO:root:pop fitness: 0.14506
INFO:root:elite fitness: 0.2104
INFO:root:Generation: 39
INFO:root:pop fitness: 0.09498000000000001
INFO:root:elite fitness: 0.19304
INFO:root:Generation: 38
INFO:root:pop fitness: 0.11478
INFO:root:elite fitness: 0.27288
INFO:root:Generation: 39
INFO:root:pop fitness: 0.11114
INFO:root:elite fitness: 0.20992
INFO:root:Generation: 40
INFO:root:pop fitness: 0.12426
INFO:root:elite fitness: 0.29828
INFO:root:Generation: 40
INFO:root:pop fitness: 0.14326
INFO:root:elite fitness: 0.26
INFO:root:Generation: 41
INFO:root:pop fitness: 0.12246
INFO:root:elite fitness: 0.24216000000000001
INFO:root:Generation: 41
INFO:root:pop fitness: 0.08517999999999999
INFO:root:elite fitness: 0.17623999999999998
INFO:root:Generation: 42
INFO:root:pop fitness: 0.12425999999999998
INFO:root:elite fitness: 0.25792
INFO:root:Generation: 42
INFO:root:pop fitness: 0.08942
INFO:root:elite fitness: 0.18632
INFO:root:Generation: 43
INFO:root:pop fitness: 0.12447999999999998
INFO:root:elite fitness: 0.2574
INFO:root:Generation: 43
INFO:root:pop fitness: 0.11772
INFO:root:elite fitness: 0.26236000000000004
INFO:root:Generation: 44
INFO:root:pop fitness: 0.09857999999999999
INFO:root:elite fitness: 0.19616000000000003
INFO:root:Generation: 44
INFO:root:pop fitness: 0.13234
INFO:root:elite fitness: 0.25784
INFO:root:Generation: 45
INFO:root:pop fitness: 0.10399999999999998
INFO:root:elite fitness: 0.21872
INFO:root:Generation: 45
INFO:root:pop fitness: 0.13806000000000002
INFO:root:elite fitness: 0.31428000000000006
INFO:root:Generation: 46
INFO:root:pop fitness: 0.12042
INFO:root:elite fitness: 0.22727999999999998
INFO:root:Generation: 47
INFO:root:pop fitness: 0.13113999999999998
INFO:root:elite fitness: 0.23108
INFO:root:Generation: 46
INFO:root:pop fitness: 0.14116
INFO:root:elite fitness: 0.29376
INFO:root:Generation: 48
INFO:root:pop fitness: 0.12692
INFO:root:elite fitness: 0.25204
INFO:root:Generation: 47
INFO:root:pop fitness: 0.15096
INFO:root:elite fitness: 0.29988
INFO:root:Generation: 49
INFO:root:pop fitness: 0.13322
INFO:root:elite fitness: 0.29744000000000004
INFO:root:Generation: 48
INFO:root:pop fitness: 0.1313
INFO:root:elite fitness: 0.27108
INFO:root:Generation: 50
INFO:root:pop fitness: 0.13078
INFO:root:elite fitness: 0.24004
INFO:root:Generation: 51
INFO:root:pop fitness: 0.10602
INFO:root:elite fitness: 0.2148
INFO:root:Generation: 49
INFO:root:pop fitness: 0.13462
INFO:root:elite fitness: 0.27672
INFO:root:Generation: 52
INFO:root:pop fitness: 0.10398
INFO:root:elite fitness: 0.25584
INFO:root:Generation: 50
INFO:root:pop fitness: 0.16580000000000003
INFO:root:elite fitness: 0.31923999999999997
INFO:root:Generation: 51
INFO:root:pop fitness: 0.14824
INFO:root:elite fitness: 0.26988
INFO:root:Generation: 53
INFO:root:pop fitness: 0.10788
INFO:root:elite fitness: 0.19847999999999996
INFO:root:Generation: 54
INFO:root:pop fitness: 0.1225
INFO:root:elite fitness: 0.23443999999999998
INFO:root:Generation: 52
INFO:root:pop fitness: 0.16418
INFO:root:elite fitness: 0.2916
INFO:root:Generation: 55
INFO:root:pop fitness: 0.13058
INFO:root:elite fitness: 0.22236
INFO:root:Generation: 53
INFO:root:pop fitness: 0.14873999999999998
INFO:root:elite fitness: 0.27256
INFO:root:Generation: 56
INFO:root:pop fitness: 0.12788
INFO:root:elite fitness: 0.24495999999999998
INFO:root:Generation: 54
INFO:root:pop fitness: 0.12097999999999999
INFO:root:elite fitness: 0.25060000000000004
INFO:root:Generation: 57
INFO:root:pop fitness: 0.12682000000000002
INFO:root:elite fitness: 0.22956000000000004
INFO:root:Generation: 58
INFO:root:pop fitness: 0.11614000000000001
INFO:root:elite fitness: 0.20504
INFO:root:Generation: 55
INFO:root:pop fitness: 0.13456
INFO:root:elite fitness: 0.27424
INFO:root:Generation: 59
INFO:root:pop fitness: 0.15676
INFO:root:elite fitness: 0.301
INFO:root:Generation: 56
INFO:root:pop fitness: 0.13164
INFO:root:elite fitness: 0.24056000000000005
INFO:root:Generation: 57
INFO:root:pop fitness: 0.12858000000000003
INFO:root:elite fitness: 0.27684000000000003
INFO:root:Generation: 60
INFO:root:pop fitness: 0.13574
INFO:root:elite fitness: 0.272
INFO:root:Generation: 58
INFO:root:pop fitness: 0.15661999999999998
INFO:root:elite fitness: 0.32016000000000006
INFO:root:Generation: 61
INFO:root:pop fitness: 0.16906
INFO:root:elite fitness: 0.32120000000000004
INFO:root:Generation: 59
INFO:root:pop fitness: 0.14042
INFO:root:elite fitness: 0.24239999999999998
INFO:root:Generation: 62
INFO:root:pop fitness: 0.11937999999999999
INFO:root:elite fitness: 0.23644
INFO:root:Generation: 60
INFO:root:pop fitness: 0.10926
INFO:root:elite fitness: 0.23344
INFO:root:Generation: 63
INFO:root:pop fitness: 0.14587999999999998
INFO:root:elite fitness: 0.29464
INFO:root:Generation: 61
INFO:root:pop fitness: 0.15576
INFO:root:elite fitness: 0.29519999999999996
INFO:root:Generation: 64
INFO:root:pop fitness: 0.13026
INFO:root:elite fitness: 0.27568
INFO:root:Generation: 65
INFO:root:pop fitness: 0.15164
INFO:root:elite fitness: 0.27664
INFO:root:Generation: 62
INFO:root:pop fitness: 0.14704
INFO:root:elite fitness: 0.2944
INFO:root:Generation: 66
INFO:root:pop fitness: 0.1523
INFO:root:elite fitness: 0.29916
INFO:root:Generation: 63
INFO:root:pop fitness: 0.1048
INFO:root:elite fitness: 0.23939999999999997
INFO:root:Generation: 67
INFO:root:pop fitness: 0.13792000000000001
INFO:root:elite fitness: 0.25195999999999996
INFO:root:Generation: 64
INFO:root:pop fitness: 0.13334
INFO:root:elite fitness: 0.20495999999999998
INFO:root:Generation: 68
INFO:root:pop fitness: 0.14162
INFO:root:elite fitness: 0.29816
INFO:root:Generation: 65
INFO:root:pop fitness: 0.14702
INFO:root:elite fitness: 0.28044
INFO:root:Generation: 66
INFO:root:pop fitness: 0.11984
INFO:root:elite fitness: 0.24847999999999998
INFO:root:Generation: 69
INFO:root:pop fitness: 0.13618000000000002
INFO:root:elite fitness: 0.26355999999999996
INFO:root:Generation: 67
INFO:root:pop fitness: 0.14543999999999999
INFO:root:elite fitness: 0.26092000000000004
INFO:root:Generation: 68
INFO:root:pop fitness: 0.12478000000000002
INFO:root:elite fitness: 0.29591999999999996
INFO:root:Generation: 70
INFO:root:pop fitness: 0.13418
INFO:root:elite fitness: 0.25376
INFO:root:Generation: 69
INFO:root:pop fitness: 0.12854000000000002
INFO:root:elite fitness: 0.2584
INFO:root:Generation: 71
INFO:root:pop fitness: 0.15092
INFO:root:elite fitness: 0.30704000000000004
INFO:root:Generation: 70
INFO:root:pop fitness: 0.10306000000000001
INFO:root:elite fitness: 0.20884
INFO:root:Generation: 71
INFO:root:pop fitness: 0.12056000000000001
INFO:root:elite fitness: 0.25952000000000003
INFO:root:Generation: 72
INFO:root:pop fitness: 0.1127
INFO:root:elite fitness: 0.22524
INFO:root:Generation: 72
INFO:root:pop fitness: 0.12702
INFO:root:elite fitness: 0.29892
INFO:root:Generation: 73
INFO:root:pop fitness: 0.14546
INFO:root:elite fitness: 0.2588
INFO:root:Generation: 73
INFO:root:pop fitness: 0.1092
INFO:root:elite fitness: 0.19728
INFO:root:Generation: 74
INFO:root:pop fitness: 0.13308
INFO:root:elite fitness: 0.34764
INFO:root:Generation: 74
INFO:root:pop fitness: 0.12147999999999999
INFO:root:elite fitness: 0.26944
INFO:root:Generation: 75
INFO:root:pop fitness: 0.15267999999999998
INFO:root:elite fitness: 0.33443999999999996
INFO:root:Generation: 75
INFO:root:pop fitness: 0.12176000000000002
INFO:root:elite fitness: 0.27436000000000005
INFO:root:Generation: 76
INFO:root:pop fitness: 0.14738
INFO:root:elite fitness: 0.28912000000000004
INFO:root:Generation: 76
INFO:root:pop fitness: 0.13576
INFO:root:elite fitness: 0.27771999999999997
INFO:root:Generation: 77
INFO:root:pop fitness: 0.13760000000000003
INFO:root:elite fitness: 0.30624
INFO:root:Generation: 77
INFO:root:pop fitness: 0.14666
INFO:root:elite fitness: 0.2904
INFO:root:Generation: 78
INFO:root:pop fitness: 0.11657999999999999
INFO:root:elite fitness: 0.251
INFO:root:Generation: 78
INFO:root:pop fitness: 0.13438
INFO:root:elite fitness: 0.27264
INFO:root:Generation: 79
INFO:root:pop fitness: 0.11834000000000001
INFO:root:elite fitness: 0.24080000000000001
INFO:root:Generation: 79
INFO:root:pop fitness: 0.13414
INFO:root:elite fitness: 0.23724
INFO:root:Generation: 80
INFO:root:pop fitness: 0.13637999999999997
INFO:root:elite fitness: 0.2792
INFO:root:Generation: 80
INFO:root:pop fitness: 0.12462
INFO:root:elite fitness: 0.24228000000000002
INFO:root:Generation: 81
INFO:root:pop fitness: 0.11988
INFO:root:elite fitness: 0.27504
INFO:root:Generation: 81
INFO:root:pop fitness: 0.14679999999999999
INFO:root:elite fitness: 0.306
INFO:root:Generation: 82
INFO:root:pop fitness: 0.15741999999999998
INFO:root:elite fitness: 0.29595999999999995
INFO:root:Generation: 82
INFO:root:pop fitness: 0.14559999999999998
INFO:root:elite fitness: 0.25076
INFO:root:Generation: 83
INFO:root:pop fitness: 0.12675999999999998
INFO:root:elite fitness: 0.23784
INFO:root:Generation: 83
INFO:root:pop fitness: 0.12466000000000003
INFO:root:elite fitness: 0.23443999999999998
INFO:root:Generation: 84
INFO:root:pop fitness: 0.10181999999999998
INFO:root:elite fitness: 0.21991999999999998
INFO:root:Generation: 85
INFO:root:pop fitness: 0.14031999999999997
INFO:root:elite fitness: 0.27324
INFO:root:Generation: 84
INFO:root:pop fitness: 0.12728
INFO:root:elite fitness: 0.20028
INFO:root:Generation: 86
INFO:root:pop fitness: 0.12634
INFO:root:elite fitness: 0.25239999999999996
INFO:root:Generation: 85
INFO:root:pop fitness: 0.13720000000000002
INFO:root:elite fitness: 0.24924
INFO:root:Generation: 87
INFO:root:pop fitness: 0.15366
INFO:root:elite fitness: 0.28628
INFO:root:Generation: 88
INFO:root:pop fitness: 0.13061999999999999
INFO:root:elite fitness: 0.26776
INFO:root:Generation: 86
INFO:root:pop fitness: 0.14224
INFO:root:elite fitness: 0.26336000000000004
INFO:root:Generation: 89
INFO:root:pop fitness: 0.15704
INFO:root:elite fitness: 0.27868000000000004
INFO:root:Generation: 87
INFO:root:pop fitness: 0.14538
INFO:root:elite fitness: 0.27584
INFO:root:Generation: 90
INFO:root:pop fitness: 0.13812
INFO:root:elite fitness: 0.25148
INFO:root:Generation: 91
INFO:root:pop fitness: 0.14728
INFO:root:elite fitness: 0.29316
INFO:root:Generation: 88
INFO:root:pop fitness: 0.13907999999999998
INFO:root:elite fitness: 0.29364
INFO:root:Generation: 92
INFO:root:pop fitness: 0.1465
INFO:root:elite fitness: 0.28424
INFO:root:Generation: 89
INFO:root:pop fitness: 0.14512
INFO:root:elite fitness: 0.26668
INFO:root:Generation: 93
INFO:root:pop fitness: 0.1508
INFO:root:elite fitness: 0.30424
INFO:root:Generation: 90
INFO:root:pop fitness: 0.14414000000000002
INFO:root:elite fitness: 0.30291999999999997
INFO:root:Generation: 94
INFO:root:pop fitness: 0.12644
INFO:root:elite fitness: 0.25284
INFO:root:Generation: 95
INFO:root:pop fitness: 0.1588
INFO:root:elite fitness: 0.29188000000000003
INFO:root:Generation: 91
INFO:root:pop fitness: 0.16426
INFO:root:elite fitness: 0.29224000000000006
INFO:root:Generation: 96
INFO:root:pop fitness: 0.1395
INFO:root:elite fitness: 0.35036
INFO:root:Generation: 92
INFO:root:pop fitness: 0.12224
INFO:root:elite fitness: 0.24316
INFO:root:Generation: 97
INFO:root:pop fitness: 0.14802
INFO:root:elite fitness: 0.29944
INFO:root:Generation: 98
INFO:root:pop fitness: 0.14304
INFO:root:elite fitness: 0.29204
INFO:root:Generation: 93
INFO:root:pop fitness: 0.15438000000000002
INFO:root:elite fitness: 0.32256
INFO:root:Generation: 99
INFO:root:pop fitness: 0.15536000000000003
INFO:root:elite fitness: 0.32667999999999997
INFO:root:Generation: 94
INFO:root:pop fitness: 0.13393999999999998
INFO:root:elite fitness: 0.28216
INFO:root:Generation: 100
INFO:root:pop fitness: 0.15048
INFO:root:elite fitness: 0.30552
INFO:root:Generation: 95
INFO:root:pop fitness: 0.17024
INFO:root:elite fitness: 0.26744
INFO:root:Generation: 101
INFO:root:pop fitness: 0.12074
INFO:root:elite fitness: 0.23096
INFO:root:Generation: 102
INFO:root:pop fitness: 0.12897999999999998
INFO:root:elite fitness: 0.272
INFO:root:Generation: 96
INFO:root:pop fitness: 0.1398
INFO:root:elite fitness: 0.24412
INFO:root:Generation: 103
INFO:root:pop fitness: 0.12912
INFO:root:elite fitness: 0.24103999999999995
INFO:root:Generation: 97
INFO:root:pop fitness: 0.13868
INFO:root:elite fitness: 0.27899999999999997
INFO:root:Generation: 104
INFO:root:pop fitness: 0.14166
INFO:root:elite fitness: 0.2784
INFO:root:Generation: 98
INFO:root:pop fitness: 0.14626
INFO:root:elite fitness: 0.30556
INFO:root:Generation: 105
INFO:root:pop fitness: 0.12308
INFO:root:elite fitness: 0.25972
INFO:root:Generation: 106
INFO:root:pop fitness: 0.12862
INFO:root:elite fitness: 0.24984
INFO:root:Generation: 99
INFO:root:pop fitness: 0.17718
INFO:root:elite fitness: 0.35200000000000004
INFO:root:Generation: 107
INFO:root:pop fitness: 0.149
INFO:root:elite fitness: 0.29008
INFO:root:Generation: 100
INFO:root:pop fitness: 0.14264
INFO:root:elite fitness: 0.27271999999999996
INFO:root:Generation: 108
INFO:root:pop fitness: 0.11066000000000001
INFO:root:elite fitness: 0.24431999999999998
INFO:root:Generation: 109
INFO:root:pop fitness: 0.13774
INFO:root:elite fitness: 0.29312
INFO:root:Generation: 101
INFO:root:pop fitness: 0.13074
INFO:root:elite fitness: 0.22224
INFO:root:Generation: 110
INFO:root:pop fitness: 0.12566
INFO:root:elite fitness: 0.24156000000000002
INFO:root:Generation: 102
INFO:root:pop fitness: 0.11929999999999998
INFO:root:elite fitness: 0.21068
INFO:root:Generation: 111
INFO:root:pop fitness: 0.12918000000000002
INFO:root:elite fitness: 0.28088
INFO:root:Generation: 103
INFO:root:pop fitness: 0.16326000000000002
INFO:root:elite fitness: 0.29492
INFO:root:Generation: 112
INFO:root:pop fitness: 0.14615999999999998
INFO:root:elite fitness: 0.26384
INFO:root:Generation: 113
INFO:root:pop fitness: 0.1675
INFO:root:elite fitness: 0.29468
INFO:root:Generation: 104
INFO:root:pop fitness: 0.13796
INFO:root:elite fitness: 0.2462
INFO:root:Generation: 114
INFO:root:pop fitness: 0.12994
INFO:root:elite fitness: 0.24372
INFO:root:Generation: 105
INFO:root:pop fitness: 0.13186
INFO:root:elite fitness: 0.28208
INFO:root:Generation: 115
INFO:root:pop fitness: 0.1389
INFO:root:elite fitness: 0.26204
INFO:root:Generation: 106
INFO:root:pop fitness: 0.13690000000000002
INFO:root:elite fitness: 0.30191999999999997
INFO:root:Generation: 116
INFO:root:pop fitness: 0.12172
INFO:root:elite fitness: 0.25836
INFO:root:Generation: 117
INFO:root:pop fitness: 0.14234
INFO:root:elite fitness: 0.30336
INFO:root:Generation: 107
INFO:root:pop fitness: 0.127
INFO:root:elite fitness: 0.2342
INFO:root:Generation: 118
INFO:root:pop fitness: 0.1148
INFO:root:elite fitness: 0.24168000000000003
INFO:root:Generation: 119
INFO:root:pop fitness: 0.13282
INFO:root:elite fitness: 0.24480000000000002
INFO:root:Generation: 108
INFO:root:pop fitness: 0.15744
INFO:root:elite fitness: 0.3046
INFO:root:Generation: 120
INFO:root:pop fitness: 0.12722
INFO:root:elite fitness: 0.24624000000000001
INFO:root:Generation: 109
INFO:root:pop fitness: 0.15452000000000002
INFO:root:elite fitness: 0.28584
INFO:root:Generation: 121
INFO:root:pop fitness: 0.12890000000000001
INFO:root:elite fitness: 0.2976
INFO:root:Generation: 110
INFO:root:pop fitness: 0.15161999999999998
INFO:root:elite fitness: 0.30484
INFO:root:Generation: 122
INFO:root:pop fitness: 0.13866
INFO:root:elite fitness: 0.31532000000000004
INFO:root:Generation: 123
INFO:root:pop fitness: 0.1476
INFO:root:elite fitness: 0.26476
INFO:root:Generation: 111
INFO:root:pop fitness: 0.14476
INFO:root:elite fitness: 0.29516
INFO:root:Generation: 124
INFO:root:pop fitness: 0.13596
INFO:root:elite fitness: 0.29696
INFO:root:Generation: 112
INFO:root:pop fitness: 0.14948
INFO:root:elite fitness: 0.287
INFO:root:Generation: 125
INFO:root:pop fitness: 0.15276
INFO:root:elite fitness: 0.34596000000000005
INFO:root:Generation: 113
INFO:root:pop fitness: 0.14428000000000002
INFO:root:elite fitness: 0.27
INFO:root:Generation: 126
INFO:root:pop fitness: 0.1479
INFO:root:elite fitness: 0.26304
INFO:root:Generation: 127
INFO:root:pop fitness: 0.16515999999999997
INFO:root:elite fitness: 0.27792
INFO:root:Generation: 114
INFO:root:pop fitness: 0.16252
INFO:root:elite fitness: 0.30796
INFO:root:Generation: 128
INFO:root:pop fitness: 0.16476
INFO:root:elite fitness: 0.30068
INFO:root:Generation: 115
INFO:root:pop fitness: 0.16166
INFO:root:elite fitness: 0.27643999999999996
INFO:root:Generation: 129
INFO:root:pop fitness: 0.12796000000000002
INFO:root:elite fitness: 0.27672
INFO:root:Generation: 116
INFO:root:pop fitness: 0.14724
INFO:root:elite fitness: 0.29708
INFO:root:Generation: 130
INFO:root:pop fitness: 0.16515999999999997
INFO:root:elite fitness: 0.31816
INFO:root:Generation: 131
INFO:root:pop fitness: 0.12176000000000001
INFO:root:elite fitness: 0.20948
INFO:root:Generation: 117
INFO:root:pop fitness: 0.1405
INFO:root:elite fitness: 0.25188
INFO:root:Generation: 132
INFO:root:pop fitness: 0.13862000000000002
INFO:root:elite fitness: 0.27812000000000003
INFO:root:Generation: 118
INFO:root:pop fitness: 0.12322000000000001
INFO:root:elite fitness: 0.31664000000000003
INFO:root:Generation: 133
INFO:root:pop fitness: 0.12469999999999999
INFO:root:elite fitness: 0.24264000000000002
INFO:root:Generation: 119
INFO:root:pop fitness: 0.14629999999999999
INFO:root:elite fitness: 0.35044000000000003
INFO:root:Generation: 134
INFO:root:pop fitness: 0.14318
INFO:root:elite fitness: 0.27976
INFO:root:Generation: 120
INFO:root:pop fitness: 0.16902
INFO:root:elite fitness: 0.28624000000000005
INFO:root:Generation: 135
INFO:root:pop fitness: 0.11269999999999998
INFO:root:elite fitness: 0.24783999999999998
INFO:root:Generation: 136
INFO:root:pop fitness: 0.12985999999999998
INFO:root:elite fitness: 0.22956
INFO:root:Generation: 121
INFO:root:pop fitness: 0.14223999999999998
INFO:root:elite fitness: 0.282
INFO:root:Generation: 137
INFO:root:pop fitness: 0.14854
INFO:root:elite fitness: 0.29651999999999995
INFO:root:Generation: 122
INFO:root:pop fitness: 0.13898000000000002
INFO:root:elite fitness: 0.26831999999999995
INFO:root:Generation: 138
INFO:root:pop fitness: 0.14162
INFO:root:elite fitness: 0.24512
INFO:root:Generation: 123
INFO:root:pop fitness: 0.14706000000000002
INFO:root:elite fitness: 0.30344
INFO:root:Generation: 139
INFO:root:pop fitness: 0.1962
INFO:root:elite fitness: 0.35948
INFO:root:Generation: 140
INFO:root:pop fitness: 0.14424
INFO:root:elite fitness: 0.26220000000000004
INFO:root:Generation: 124
INFO:root:pop fitness: 0.13262000000000002
INFO:root:elite fitness: 0.24944
INFO:root:Generation: 141
INFO:root:pop fitness: 0.1611
INFO:root:elite fitness: 0.31744
INFO:root:Generation: 142
INFO:root:pop fitness: 0.18088
INFO:root:elite fitness: 0.32284
INFO:root:Generation: 125
INFO:root:pop fitness: 0.13693999999999998
INFO:root:elite fitness: 0.29164
INFO:root:Generation: 143
INFO:root:pop fitness: 0.13072000000000003
INFO:root:elite fitness: 0.28032
INFO:root:Generation: 126
INFO:root:pop fitness: 0.15683999999999998
INFO:root:elite fitness: 0.30512
INFO:root:Generation: 144
INFO:root:pop fitness: 0.18935999999999997
INFO:root:elite fitness: 0.34052000000000004
INFO:root:Generation: 127
INFO:root:pop fitness: 0.18014
INFO:root:elite fitness: 0.33956
INFO:root:Generation: 145
INFO:root:pop fitness: 0.14412000000000003
INFO:root:elite fitness: 0.27499999999999997
INFO:root:Generation: 128
INFO:root:pop fitness: 0.15926
INFO:root:elite fitness: 0.27792
INFO:root:Generation: 146
INFO:root:pop fitness: 0.12322000000000001
INFO:root:elite fitness: 0.27176
INFO:root:Generation: 147
INFO:root:pop fitness: 0.12716000000000002
INFO:root:elite fitness: 0.25004000000000004
INFO:root:Generation: 129
INFO:root:pop fitness: 0.13608
INFO:root:elite fitness: 0.26772
INFO:root:Generation: 148
INFO:root:pop fitness: 0.15534000000000003
INFO:root:elite fitness: 0.27332
INFO:root:Generation: 130
INFO:root:pop fitness: 0.17478
INFO:root:elite fitness: 0.29596
INFO:root:Generation: 149
INFO:root:pop fitness: 0.11942
INFO:root:elite fitness: 0.26236
INFO:root:Generation: 131
INFO:root:pop fitness: 0.17479999999999996
INFO:root:elite fitness: 0.39455999999999997
INFO:root:Generation: 150
INFO:root:pop fitness: 0.16937999999999998
INFO:root:elite fitness: 0.33356
INFO:root:Generation: 132
INFO:root:pop fitness: 0.15092
INFO:root:elite fitness: 0.26739999999999997
INFO:root:Generation: 151
INFO:root:pop fitness: 0.1267
INFO:root:elite fitness: 0.23936000000000004
INFO:root:Generation: 152
INFO:root:pop fitness: 0.12406
INFO:root:elite fitness: 0.28428000000000003
INFO:root:Generation: 133
INFO:root:pop fitness: 0.11571999999999999
INFO:root:elite fitness: 0.25428
INFO:root:Generation: 153
INFO:root:pop fitness: 0.17651999999999998
INFO:root:elite fitness: 0.35147999999999996
INFO:root:Generation: 134
INFO:root:pop fitness: 0.17271999999999998
INFO:root:elite fitness: 0.314
INFO:root:Generation: 154
INFO:root:pop fitness: 0.12582
INFO:root:elite fitness: 0.23824
INFO:root:Generation: 135
INFO:root:pop fitness: 0.18146
INFO:root:elite fitness: 0.36784000000000006
INFO:root:Generation: 155
INFO:root:pop fitness: 0.13098
INFO:root:elite fitness: 0.29692
INFO:root:Generation: 156
INFO:root:pop fitness: 0.16785999999999998
INFO:root:elite fitness: 0.3171999999999999
INFO:root:Generation: 136
INFO:root:pop fitness: 0.15798
INFO:root:elite fitness: 0.30116
INFO:root:Generation: 157
INFO:root:pop fitness: 0.14332
INFO:root:elite fitness: 0.24088000000000004
INFO:root:Generation: 137
INFO:root:pop fitness: 0.12775999999999998
INFO:root:elite fitness: 0.23124
INFO:root:Generation: 158
INFO:root:pop fitness: 0.12455999999999999
INFO:root:elite fitness: 0.21564
INFO:root:Generation: 138
INFO:root:pop fitness: 0.16157999999999997
INFO:root:elite fitness: 0.28544
INFO:root:Generation: 159
INFO:root:pop fitness: 0.12499999999999999
INFO:root:elite fitness: 0.26459999999999995
INFO:root:Generation: 139
INFO:root:pop fitness: 0.1849
INFO:root:elite fitness: 0.3306
INFO:root:Generation: 160
INFO:root:pop fitness: 0.11754000000000002
INFO:root:elite fitness: 0.2194
INFO:root:Generation: 140
INFO:root:pop fitness: 0.15331999999999998
INFO:root:elite fitness: 0.32448
INFO:root:Generation: 161
INFO:root:pop fitness: 0.14598
INFO:root:elite fitness: 0.30044
INFO:root:Generation: 162
INFO:root:pop fitness: 0.16635999999999998
INFO:root:elite fitness: 0.32323999999999997
INFO:root:Generation: 141
INFO:root:pop fitness: 0.13996
INFO:root:elite fitness: 0.25980000000000003
INFO:root:Generation: 163
INFO:root:pop fitness: 0.13499999999999998
INFO:root:elite fitness: 0.27804
INFO:root:Generation: 142
INFO:root:pop fitness: 0.17524
INFO:root:elite fitness: 0.31604
INFO:root:Generation: 164
INFO:root:pop fitness: 0.17031999999999997
INFO:root:elite fitness: 0.325
INFO:root:Generation: 165
INFO:root:pop fitness: 0.17300000000000004
INFO:root:elite fitness: 0.29675999999999997
INFO:root:Generation: 143
INFO:root:pop fitness: 0.15836
INFO:root:elite fitness: 0.28232
INFO:root:Generation: 166
INFO:root:pop fitness: 0.13205999999999998
INFO:root:elite fitness: 0.25060000000000004
INFO:root:Generation: 144
INFO:root:pop fitness: 0.15958
INFO:root:elite fitness: 0.3048
INFO:root:Generation: 167
INFO:root:pop fitness: 0.14938
INFO:root:elite fitness: 0.25724
INFO:root:Generation: 168
INFO:root:pop fitness: 0.14164
INFO:root:elite fitness: 0.25508000000000003
INFO:root:Generation: 145
INFO:root:pop fitness: 0.17752
INFO:root:elite fitness: 0.28936
INFO:root:Generation: 169
INFO:root:pop fitness: 0.15066000000000002
INFO:root:elite fitness: 0.29136
INFO:root:Generation: 146
INFO:root:pop fitness: 0.16631999999999997
INFO:root:elite fitness: 0.30604
INFO:root:Generation: 170
INFO:root:pop fitness: 0.16213999999999998
INFO:root:elite fitness: 0.30148
INFO:root:Generation: 147
INFO:root:pop fitness: 0.13808
INFO:root:elite fitness: 0.31356000000000006
INFO:root:Generation: 171
INFO:root:pop fitness: 0.13452000000000003
INFO:root:elite fitness: 0.28612000000000004
INFO:root:Generation: 148
INFO:root:pop fitness: 0.17600000000000002
INFO:root:elite fitness: 0.32972
INFO:root:Generation: 172
INFO:root:pop fitness: 0.17443999999999998
INFO:root:elite fitness: 0.30948000000000003
INFO:root:Generation: 149
INFO:root:pop fitness: 0.16178
INFO:root:elite fitness: 0.33471999999999996
INFO:root:Generation: 173
INFO:root:pop fitness: 0.17855999999999997
INFO:root:elite fitness: 0.29016
INFO:root:Generation: 174
INFO:root:pop fitness: 0.14764
INFO:root:elite fitness: 0.29668
INFO:root:Generation: 150
INFO:root:pop fitness: 0.17736000000000002
INFO:root:elite fitness: 0.30996
INFO:root:Generation: 175
INFO:root:pop fitness: 0.16814
INFO:root:elite fitness: 0.27668
INFO:root:Generation: 151
INFO:root:pop fitness: 0.14226
INFO:root:elite fitness: 0.26976
INFO:root:Generation: 176
INFO:root:pop fitness: 0.17065999999999998
INFO:root:elite fitness: 0.31960000000000005
INFO:root:Generation: 152
INFO:root:pop fitness: 0.12574
INFO:root:elite fitness: 0.22591999999999998
INFO:root:Generation: 177
INFO:root:pop fitness: 0.14612
INFO:root:elite fitness: 0.26416
INFO:root:Generation: 153
INFO:root:pop fitness: 0.16624000000000003
INFO:root:elite fitness: 0.31132000000000004
INFO:root:Generation: 178
INFO:root:pop fitness: 0.14696
INFO:root:elite fitness: 0.27747999999999995
INFO:root:Generation: 179
INFO:root:pop fitness: 0.13513999999999998
INFO:root:elite fitness: 0.24264
INFO:root:Generation: 154
INFO:root:pop fitness: 0.1611
INFO:root:elite fitness: 0.29496
INFO:root:Generation: 180
INFO:root:pop fitness: 0.13723999999999997
INFO:root:elite fitness: 0.28916000000000003
INFO:root:Generation: 155
INFO:root:pop fitness: 0.17915999999999996
INFO:root:elite fitness: 0.31508
INFO:root:Generation: 181
INFO:root:pop fitness: 0.134
INFO:root:elite fitness: 0.25164000000000003
INFO:root:Generation: 156
INFO:root:pop fitness: 0.17042000000000002
INFO:root:elite fitness: 0.30944000000000005
INFO:root:Generation: 182
INFO:root:pop fitness: 0.18474000000000002
INFO:root:elite fitness: 0.29812
INFO:root:Generation: 157
INFO:root:pop fitness: 0.15438000000000002
INFO:root:elite fitness: 0.36232
INFO:root:Generation: 183
INFO:root:pop fitness: 0.1533
INFO:root:elite fitness: 0.2626
INFO:root:Generation: 158
INFO:root:pop fitness: 0.16137999999999997
INFO:root:elite fitness: 0.29724
INFO:root:Generation: 184
INFO:root:pop fitness: 0.17456
INFO:root:elite fitness: 0.31088
INFO:root:Generation: 159
INFO:root:pop fitness: 0.15899999999999997
INFO:root:elite fitness: 0.25544
INFO:root:Generation: 185
INFO:root:pop fitness: 0.15936
INFO:root:elite fitness: 0.264
INFO:root:Generation: 186
INFO:root:pop fitness: 0.16796000000000003
INFO:root:elite fitness: 0.30096
INFO:root:Generation: 160
INFO:root:pop fitness: 0.15342
INFO:root:elite fitness: 0.3134
INFO:root:Generation: 187
INFO:root:pop fitness: 0.16904
INFO:root:elite fitness: 0.30332000000000003
INFO:root:Generation: 161
INFO:root:pop fitness: 0.17256
INFO:root:elite fitness: 0.3138
INFO:root:Generation: 188
INFO:root:pop fitness: 0.17056000000000002
INFO:root:elite fitness: 0.32195999999999997
INFO:root:Generation: 162
INFO:root:pop fitness: 0.18588000000000002
INFO:root:elite fitness: 0.33692
INFO:root:Generation: 189
INFO:root:pop fitness: 0.19236
INFO:root:elite fitness: 0.35564
INFO:root:Generation: 163
INFO:root:pop fitness: 0.18158000000000002
INFO:root:elite fitness: 0.30404
INFO:root:Generation: 190
INFO:root:pop fitness: 0.18767999999999996
INFO:root:elite fitness: 0.32248
INFO:root:Generation: 191
INFO:root:pop fitness: 0.19604
INFO:root:elite fitness: 0.33476
INFO:root:Generation: 164
INFO:root:pop fitness: 0.16952
INFO:root:elite fitness: 0.31412
INFO:root:Generation: 192
INFO:root:pop fitness: 0.17908000000000002
INFO:root:elite fitness: 0.36012
INFO:root:Generation: 165
INFO:root:pop fitness: 0.15836
INFO:root:elite fitness: 0.25548
INFO:root:Generation: 193
INFO:root:pop fitness: 0.20072000000000004
INFO:root:elite fitness: 0.39608
INFO:root:Generation: 166
INFO:root:pop fitness: 0.17978000000000002
INFO:root:elite fitness: 0.29444
INFO:root:Generation: 194
INFO:root:pop fitness: 0.1624
INFO:root:elite fitness: 0.253
INFO:root:Generation: 167
INFO:root:pop fitness: 0.20310000000000003
INFO:root:elite fitness: 0.35375999999999996
INFO:root:Generation: 195
INFO:root:pop fitness: 0.19474
INFO:root:elite fitness: 0.34303999999999996
INFO:root:Generation: 196
INFO:root:pop fitness: 0.17170000000000002
INFO:root:elite fitness: 0.30408
INFO:root:Generation: 168
INFO:root:pop fitness: 0.16097999999999998
INFO:root:elite fitness: 0.25836000000000003
INFO:root:Generation: 197
INFO:root:pop fitness: 0.1563
INFO:root:elite fitness: 0.29492
INFO:root:Generation: 169
INFO:root:pop fitness: 0.14150000000000001
INFO:root:elite fitness: 0.26188
INFO:root:Generation: 198
INFO:root:pop fitness: 0.182
INFO:root:elite fitness: 0.30284
INFO:root:Generation: 199
INFO:root:pop fitness: 0.17564
INFO:root:elite fitness: 0.31308
INFO:root:Generation: 170
INFO:root:pop fitness: 0.13654000000000002
INFO:root:elite fitness: 0.26316
INFO:root:Generation: 171
INFO:root:pop fitness: 0.15734
INFO:root:elite fitness: 0.29096
INFO:root:Generation: 172
INFO:root:pop fitness: 0.16004
INFO:root:elite fitness: 0.28268
INFO:root:Generation: 173
INFO:root:pop fitness: 0.15416
INFO:root:elite fitness: 0.27999999999999997
INFO:root:Generation: 174
INFO:root:pop fitness: 0.14271999999999999
INFO:root:elite fitness: 0.2928
INFO:root:Generation: 175
INFO:root:pop fitness: 0.16937999999999998
INFO:root:elite fitness: 0.27456
INFO:root:Generation: 176
INFO:root:pop fitness: 0.15236
INFO:root:elite fitness: 0.26028
INFO:root:Generation: 177
INFO:root:pop fitness: 0.17488
INFO:root:elite fitness: 0.32908000000000004
INFO:root:Generation: 178
INFO:root:pop fitness: 0.15976
INFO:root:elite fitness: 0.27712
INFO:root:Generation: 179
INFO:root:pop fitness: 0.16152000000000005
INFO:root:elite fitness: 0.30484
INFO:root:Generation: 180
INFO:root:pop fitness: 0.16506000000000004
INFO:root:elite fitness: 0.3026
INFO:root:Generation: 181
INFO:root:pop fitness: 0.16348000000000001
INFO:root:elite fitness: 0.37724
INFO:root:Generation: 182
INFO:root:pop fitness: 0.16861999999999994
INFO:root:elite fitness: 0.30932000000000004
INFO:root:Generation: 183
INFO:root:pop fitness: 0.18148
INFO:root:elite fitness: 0.34304
INFO:root:Generation: 184
INFO:root:pop fitness: 0.1717
INFO:root:elite fitness: 0.28192000000000006
INFO:root:Generation: 185
INFO:root:pop fitness: 0.16132000000000002
INFO:root:elite fitness: 0.28164
INFO:root:Generation: 186
INFO:root:pop fitness: 0.14681999999999998
INFO:root:elite fitness: 0.287
INFO:root:Generation: 187
INFO:root:pop fitness: 0.1628
INFO:root:elite fitness: 0.28696
INFO:root:Generation: 188
INFO:root:pop fitness: 0.14312000000000002
INFO:root:elite fitness: 0.25388
INFO:root:Generation: 189
INFO:root:pop fitness: 0.15262
INFO:root:elite fitness: 0.24087999999999998
INFO:root:Generation: 190
INFO:root:pop fitness: 0.1429
INFO:root:elite fitness: 0.29004
INFO:root:Generation: 191
INFO:root:pop fitness: 0.1732
INFO:root:elite fitness: 0.32736
INFO:root:Generation: 192
INFO:root:pop fitness: 0.15306
INFO:root:elite fitness: 0.24264
INFO:root:Generation: 193
INFO:root:pop fitness: 0.15462
INFO:root:elite fitness: 0.28187999999999996
INFO:root:Generation: 194
INFO:root:pop fitness: 0.14492
INFO:root:elite fitness: 0.2868
INFO:root:Generation: 195
INFO:root:pop fitness: 0.14976
INFO:root:elite fitness: 0.30779999999999996
INFO:root:Generation: 196
INFO:root:pop fitness: 0.16234
INFO:root:elite fitness: 0.29996
INFO:root:Generation: 197
INFO:root:pop fitness: 0.15675999999999998
INFO:root:elite fitness: 0.31216
INFO:root:Generation: 198
INFO:root:pop fitness: 0.1483
INFO:root:elite fitness: 0.28344
INFO:root:Generation: 199
INFO:root:pop fitness: 0.17758
INFO:root:elite fitness: 0.30016
