==========================================
SLURM_CLUSTER_NAME = param-shivay
SLURM_JOB_ACCOUNT = mathematical_engg
SLURM_JOB_ID = 366362
SLURM_JOB_NAME = ucbes_smp
SLURM_JOB_NODELIST = cn123
SLURM_JOB_USER = aditya.singh.mat17.iitbhu
SLURM_JOB_UID = 5255
SLURM_JOB_PARTITION = cpu
SLURM_TASK_PID = 27051
SLURM_SUBMIT_DIR = /home/aditya.singh.mat17.iitbhu/aditya.singh.mat17.iitbhu/UCBandES/Evolution-Strategies-RL/UCBvsES
SLURM_CPUS_ON_NODE = 40
SLURM_NTASKS = 40
SLURM_TASK_PID = 27051
==========================================
Start: Namespace(arms='10', hidden='8', layers='1', max_gen='200', message='', mutation_mag='0.01', name='smpl_diffEnv_v1', noise=False, pop_size='50', save_result=True, trials='100')
Generation:  0
pop fitness 0.09962
elite fitness 0.11532
Generation:  50
pop fitness 0.1424
elite fitness 0.25512
Generation:  100
pop fitness 0.14454000000000003
elite fitness 0.23892
Generation:  150
pop fitness 0.20141999999999996
elite fitness 0.31567999999999996
Done:
Namespace(arms='10', hidden='8', layers='1', max_gen='200', message='', mutation_mag='0.01', name='smpl_diffEnv_v1', noise=False, pop_size='50', save_result=True, trials='100')
Start: Namespace(arms='10', hidden='32', layers='1', max_gen='200', message='', mutation_mag='0.1', name='smpl_diffEnv_v1', noise=False, pop_size='50', save_result=True, trials='100')
Generation:  0
pop fitness 0.10114000000000001
elite fitness 0.111
Generation:  50
pop fitness 0.16756000000000001
elite fitness 0.30632000000000004
Generation:  100
pop fitness 0.16596
elite fitness 0.29932000000000003
Generation:  150
pop fitness 0.16455999999999998
elite fitness 0.27232
Done:
Namespace(arms='10', hidden='32', layers='1', max_gen='200', message='', mutation_mag='0.1', name='smpl_diffEnv_v1', noise=False, pop_size='50', save_result=True, trials='100')
Start: Namespace(arms='10', hidden='32', layers='1', max_gen='200', message='', mutation_mag='0.01', name='smpl_diffEnv_v2', noise=False, pop_size='50', save_result=True, trials='100')
Generation:  0
pop fitness 0.1003
elite fitness 0.11379999999999998
Generation:  50
pop fitness 0.15746000000000002
elite fitness 0.29792
Generation:  100
pop fitness 0.16997999999999996
elite fitness 0.27164
Generation:  150
pop fitness 0.19802
elite fitness 0.3
Done:
Namespace(arms='10', hidden='32', layers='1', max_gen='200', message='', mutation_mag='0.01', name='smpl_diffEnv_v2', noise=False, pop_size='50', save_result=True, trials='100')
Start: Namespace(arms='10', hidden='16', layers='1', max_gen='200', message='', mutation_mag='0.1', name='smpl_diffEnv_v2', noise=False, pop_size='50', save_result=True, trials='100')
Generation:  0
pop fitness 0.09971999999999999
elite fitness 0.11032000000000002
Generation:  50
pop fitness 0.14400000000000002
elite fitness 0.27712
Generation:  100
pop fitness 0.1631
elite fitness 0.29656
Generation:  150
pop fitness 0.175
elite fitness 0.33012
Done:
Namespace(arms='10', hidden='16', layers='1', max_gen='200', message='', mutation_mag='0.1', name='smpl_diffEnv_v2', noise=False, pop_size='50', save_result=True, trials='100')
Start: Namespace(arms='10', hidden='32', layers='1', max_gen='200', message='', mutation_mag='0.1', name='smpl_diffEnv_v2', noise=False, pop_size='50', save_result=True, trials='100')
Generation:  0
pop fitness 0.09808000000000001
elite fitness 0.10991999999999999
Generation:  50
pop fitness 0.11886
elite fitness 0.22855999999999999
Generation:  100
pop fitness 0.15586
elite fitness 0.2792
Generation:  150
pop fitness 0.19752000000000003
elite fitness 0.3356
Done:
Namespace(arms='10', hidden='32', layers='1', max_gen='200', message='', mutation_mag='0.1', name='smpl_diffEnv_v2', noise=False, pop_size='50', save_result=True, trials='100')
Start: Namespace(arms='10', hidden='8', layers='1', max_gen='200', message='', mutation_mag='0.1', name='smpl_diffEnv_v1', noise=False, pop_size='50', save_result=True, trials='100')
Generation:  0
pop fitness 0.09970000000000001
elite fitness 0.11164
Generation:  50
pop fitness 0.12557999999999997
elite fitness 0.24911999999999998
Generation:  100
pop fitness 0.17300000000000001
elite fitness 0.34643999999999997
Generation:  150
pop fitness 0.1661
elite fitness 0.29980000000000007
Done:
Namespace(arms='10', hidden='8', layers='1', max_gen='200', message='', mutation_mag='0.1', name='smpl_diffEnv_v1', noise=False, pop_size='50', save_result=True, trials='100')
Start: Namespace(arms='10', hidden='32', layers='1', max_gen='200', message='', mutation_mag='0.01', name='smpl_diffEnv_v1', noise=False, pop_size='50', save_result=True, trials='100')
Generation:  0
pop fitness 0.09901999999999997
elite fitness 0.10876
Generation:  50
pop fitness 0.14283999999999997
elite fitness 0.33896
Generation:  100
pop fitness 0.18242000000000005
elite fitness 0.32368
Generation:  150
pop fitness 0.20023999999999997
elite fitness 0.35472000000000004
Done:
Namespace(arms='10', hidden='32', layers='1', max_gen='200', message='', mutation_mag='0.01', name='smpl_diffEnv_v1', noise=False, pop_size='50', save_result=True, trials='100')
Start: Namespace(arms='10', hidden='16', layers='1', max_gen='200', message='', mutation_mag='0.01', name='smpl_diffEnv_v1', noise=False, pop_size='50', save_result=True, trials='100')
Generation:  0
pop fitness 0.10374
elite fitness 0.11508000000000002
Generation:  50
pop fitness 0.11318
elite fitness 0.20036
Generation:  100
pop fitness 0.15444000000000002
elite fitness 0.28668
Generation:  150
pop fitness 0.19440000000000002
elite fitness 0.33104
Done:
Namespace(arms='10', hidden='16', layers='1', max_gen='200', message='', mutation_mag='0.01', name='smpl_diffEnv_v1', noise=False, pop_size='50', save_result=True, trials='100')
Start: Namespace(arms='10', hidden='16', layers='1', max_gen='200', message='', mutation_mag='0.01', name='smpl_diffEnv_v2', noise=False, pop_size='50', save_result=True, trials='100')
Generation:  0
pop fitness 0.09756000000000001
elite fitness 0.10912
Generation:  50
pop fitness 0.12436
elite fitness 0.20484
Generation:  100
pop fitness 0.16028000000000003
elite fitness 0.29448
Generation:  150
pop fitness 0.17617999999999998
elite fitness 0.30684
Done:
Namespace(arms='10', hidden='16', layers='1', max_gen='200', message='', mutation_mag='0.01', name='smpl_diffEnv_v2', noise=False, pop_size='50', save_result=True, trials='100')
Start: Namespace(arms='10', hidden='8', layers='1', max_gen='200', message='', mutation_mag='0.01', name='smpl_diffEnv_v2', noise=False, pop_size='50', save_result=True, trials='100')
Generation:  0
pop fitness 0.10072
elite fitness 0.11564
Generation:  50
pop fitness 0.11543999999999999
elite fitness 0.2026
Generation:  100
pop fitness 0.14762
elite fitness 0.22452000000000003
Generation:  150
pop fitness 0.17622
elite fitness 0.32488
Done:
Namespace(arms='10', hidden='8', layers='1', max_gen='200', message='', mutation_mag='0.01', name='smpl_diffEnv_v2', noise=False, pop_size='50', save_result=True, trials='100')
Start: Namespace(arms='10', hidden='8', layers='1', max_gen='200', message='', mutation_mag='0.1', name='smpl_diffEnv_v2', noise=False, pop_size='50', save_result=True, trials='100')
Generation:  0
pop fitness 0.1004
elite fitness 0.11340000000000001
Generation:  50
pop fitness 0.16396
elite fitness 0.33287999999999995
Generation:  100
pop fitness 0.18288000000000001
elite fitness 0.33224000000000004
Generation:  150
pop fitness 0.19432
elite fitness 0.35208000000000006
Done:
Namespace(arms='10', hidden='8', layers='1', max_gen='200', message='', mutation_mag='0.1', name='smpl_diffEnv_v2', noise=False, pop_size='50', save_result=True, trials='100')
Start: Namespace(arms='10', hidden='16', layers='1', max_gen='200', message='', mutation_mag='0.1', name='smpl_diffEnv_v1', noise=False, pop_size='50', save_result=True, trials='100')
Generation:  0
pop fitness 0.10050000000000002
elite fitness 0.11396
Generation:  50
pop fitness 0.13172
elite fitness 0.20704
Generation:  100
pop fitness 0.157
elite fitness 0.31092000000000003
Generation:  150
pop fitness 0.16714
elite fitness 0.2664
Done:
Namespace(arms='10', hidden='16', layers='1', max_gen='200', message='', mutation_mag='0.1', name='smpl_diffEnv_v1', noise=False, pop_size='50', save_result=True, trials='100')
Start: Namespace(arms='10', hidden='64', layers='1', max_gen='200', message='', mutation_mag='0.01', name='smpl_diffEnv_v1', noise=False, pop_size='50', save_result=True, trials='100')
Generation:  0
pop fitness 0.09952
elite fitness 0.11320000000000001
Generation:  50
pop fitness 0.15956
elite fitness 0.30608
Generation:  100
pop fitness 0.17668000000000003
elite fitness 0.2952
Generation:  150
pop fitness 0.18747999999999998
elite fitness 0.32659999999999995
Done:
Namespace(arms='10', hidden='64', layers='1', max_gen='200', message='', mutation_mag='0.01', name='smpl_diffEnv_v1', noise=False, pop_size='50', save_result=True, trials='100')
Start: Namespace(arms='10', hidden='64', layers='1', max_gen='200', message='', mutation_mag='0.01', name='smpl_diffEnv_v2', noise=False, pop_size='50', save_result=True, trials='100')
Generation:  0
pop fitness 0.09978
elite fitness 0.1118
Generation:  50
pop fitness 0.14484
elite fitness 0.25659999999999994
Generation:  100
pop fitness 0.18098
elite fitness 0.35788
Generation:  150
pop fitness 0.21102
elite fitness 0.34240000000000004
Done:
Namespace(arms='10', hidden='64', layers='1', max_gen='200', message='', mutation_mag='0.01', name='smpl_diffEnv_v2', noise=False, pop_size='50', save_result=True, trials='100')
Start: Namespace(arms='10', hidden='64', layers='1', max_gen='200', message='', mutation_mag='0.1', name='smpl_diffEnv_v2', noise=False, pop_size='50', save_result=True, trials='100')
Generation:  0
pop fitness 0.09883999999999998
elite fitness 0.11224
Generation:  50
pop fitness 0.18221999999999997
elite fitness 0.30312
Generation:  100
pop fitness 0.17054
elite fitness 0.3186
Generation:  150
pop fitness 0.19652
elite fitness 0.33824
Done:
Namespace(arms='10', hidden='64', layers='1', max_gen='200', message='', mutation_mag='0.1', name='smpl_diffEnv_v2', noise=False, pop_size='50', save_result=True, trials='100')
Start: Namespace(arms='10', hidden='32', layers='1', max_gen='200', message='', mutation_mag='0.01', name='smpl_diffEnv_v2', noise=True, pop_size='50', save_result=True, trials='100')
Generation:  0
pop fitness 0.09953999999999999
elite fitness 0.10836
Generation:  50
pop fitness 0.13644
elite fitness 0.21696
Generation:  100
pop fitness 0.19943999999999998
elite fitness 0.35296
Generation:  150
pop fitness 0.1998
elite fitness 0.38464000000000004
Done:
Namespace(arms='10', hidden='32', layers='1', max_gen='200', message='', mutation_mag='0.01', name='smpl_diffEnv_v2', noise=True, pop_size='50', save_result=True, trials='100')
Start: Namespace(arms='10', hidden='64', layers='1', max_gen='200', message='', mutation_mag='0.1', name='smpl_diffEnv_v1', noise=False, pop_size='50', save_result=True, trials='100')
Generation:  0
pop fitness 0.09953999999999999
elite fitness 0.11172
Generation:  50
pop fitness 0.12796
elite fitness 0.25672
Generation:  100
pop fitness 0.17484000000000002
elite fitness 0.30028000000000005
Generation:  150
pop fitness 0.19413999999999998
elite fitness 0.36467999999999995
Done:
Namespace(arms='10', hidden='64', layers='1', max_gen='200', message='', mutation_mag='0.1', name='smpl_diffEnv_v1', noise=False, pop_size='50', save_result=True, trials='100')
Start: Namespace(arms='10', hidden='8', layers='1', max_gen='200', message='', mutation_mag='0.01', name='smpl_diffEnv_v2', noise=True, pop_size='50', save_result=True, trials='100')
Generation:  0
pop fitness 0.0996
elite fitness 0.11431999999999999
Generation:  50
pop fitness 0.13954
elite fitness 0.21963999999999997
Generation:  100
pop fitness 0.18134000000000003
elite fitness 0.32676
Generation:  150
pop fitness 0.19928000000000004
elite fitness 0.32911999999999997
Done:
Namespace(arms='10', hidden='8', layers='1', max_gen='200', message='', mutation_mag='0.01', name='smpl_diffEnv_v2', noise=True, pop_size='50', save_result=True, trials='100')
Start: Namespace(arms='10', hidden='16', layers='1', max_gen='200', message='', mutation_mag='0.01', name='smpl_diffEnv_v1', noise=True, pop_size='50', save_result=True, trials='100')
Generation:  0
pop fitness 0.10079999999999999
elite fitness 0.11704
Generation:  50
pop fitness 0.15338
elite fitness 0.2516
Generation:  100
pop fitness 0.17811999999999997
elite fitness 0.31951999999999997
Generation:  150
pop fitness 0.19595999999999997
elite fitness 0.31672
Done:
Namespace(arms='10', hidden='16', layers='1', max_gen='200', message='', mutation_mag='0.01', name='smpl_diffEnv_v1', noise=True, pop_size='50', save_result=True, trials='100')
Start: Namespace(arms='10', hidden='32', layers='1', max_gen='200', message='', mutation_mag='0.01', name='smpl_diffEnv_v1', noise=True, pop_size='50', save_result=True, trials='100')
Generation:  0
pop fitness 0.10076
elite fitness 0.11176
Generation:  50
pop fitness 0.14572000000000002
elite fitness 0.24076
Generation:  100
pop fitness 0.17765999999999998
elite fitness 0.32852000000000003
Generation:  150
pop fitness 0.21812
elite fitness 0.3588
Done:
Namespace(arms='10', hidden='32', layers='1', max_gen='200', message='', mutation_mag='0.01', name='smpl_diffEnv_v1', noise=True, pop_size='50', save_result=True, trials='100')
Start: Namespace(arms='10', hidden='32', layers='1', max_gen='200', message='', mutation_mag='0.1', name='smpl_diffEnv_v2', noise=True, pop_size='50', save_result=True, trials='100')
Generation:  0
pop fitness 0.10032
elite fitness 0.10883999999999999
Generation:  50
pop fitness 0.16282
elite fitness 0.3054
Generation:  100
pop fitness 0.18832000000000002
elite fitness 0.30823999999999996
Generation:  150
pop fitness 0.17586000000000002
elite fitness 0.32308
Done:
Namespace(arms='10', hidden='32', layers='1', max_gen='200', message='', mutation_mag='0.1', name='smpl_diffEnv_v2', noise=True, pop_size='50', save_result=True, trials='100')
Start: Namespace(arms='10', hidden='8', layers='1', max_gen='200', message='', mutation_mag='0.1', name='smpl_diffEnv_v2', noise=True, pop_size='50', save_result=True, trials='100')
Generation:  0
pop fitness 0.09916
elite fitness 0.11220000000000001
Generation:  50
pop fitness 0.12926
elite fitness 0.22824000000000003
Generation:  100
pop fitness 0.17532
elite fitness 0.32452
Generation:  150
pop fitness 0.16085999999999998
elite fitness 0.29192
Done:
Namespace(arms='10', hidden='8', layers='1', max_gen='200', message='', mutation_mag='0.1', name='smpl_diffEnv_v2', noise=True, pop_size='50', save_result=True, trials='100')
Start: Namespace(arms='10', hidden='8', layers='1', max_gen='200', message='', mutation_mag='0.01', name='smpl_diffEnv_v1', noise=True, pop_size='50', save_result=True, trials='100')
Generation:  0
pop fitness 0.09943999999999999
elite fitness 0.11111999999999998
Generation:  50
pop fitness 0.13912
elite fitness 0.22640000000000002
Generation:  100
pop fitness 0.16538
elite fitness 0.25176000000000004
Generation:  150
pop fitness 0.19097999999999998
elite fitness 0.33348
Done:
Namespace(arms='10', hidden='8', layers='1', max_gen='200', message='', mutation_mag='0.01', name='smpl_diffEnv_v1', noise=True, pop_size='50', save_result=True, trials='100')
Start: Namespace(arms='10', hidden='16', layers='1', max_gen='200', message='', mutation_mag='0.01', name='smpl_diffEnv_v2', noise=True, pop_size='50', save_result=True, trials='100')
Generation:  0
pop fitness 0.0995
elite fitness 0.11032
Generation:  50
pop fitness 0.17022
elite fitness 0.26796
Generation:  100
pop fitness 0.16416
elite fitness 0.30368
Generation:  150
pop fitness 0.20268000000000005
elite fitness 0.33308
Done:
Namespace(arms='10', hidden='16', layers='1', max_gen='200', message='', mutation_mag='0.01', name='smpl_diffEnv_v2', noise=True, pop_size='50', save_result=True, trials='100')
Start: Namespace(arms='10', hidden='8', layers='1', max_gen='200', message='', mutation_mag='0.1', name='smpl_diffEnv_v1', noise=True, pop_size='50', save_result=True, trials='100')
Generation:  0
pop fitness 0.10204
elite fitness 0.11484
Generation:  50
pop fitness 0.13878
elite fitness 0.29328
Generation:  100
pop fitness 0.15958
elite fitness 0.31695999999999996
Generation:  150
pop fitness 0.18124
elite fitness 0.30112
Done:
Namespace(arms='10', hidden='8', layers='1', max_gen='200', message='', mutation_mag='0.1', name='smpl_diffEnv_v1', noise=True, pop_size='50', save_result=True, trials='100')
Start: Namespace(arms='10', hidden='16', layers='1', max_gen='200', message='', mutation_mag='0.1', name='smpl_diffEnv_v1', noise=True, pop_size='50', save_result=True, trials='100')
Generation:  0
pop fitness 0.09952
elite fitness 0.10896
Generation:  50
pop fitness 0.13546000000000002
elite fitness 0.26084
Generation:  100
pop fitness 0.16358
elite fitness 0.30192
Generation:  150
pop fitness 0.17756
elite fitness 0.2876
Done:
Namespace(arms='10', hidden='16', layers='1', max_gen='200', message='', mutation_mag='0.1', name='smpl_diffEnv_v1', noise=True, pop_size='50', save_result=True, trials='100')
Start: Namespace(arms='10', hidden='16', layers='1', max_gen='200', message='', mutation_mag='0.1', name='smpl_diffEnv_v2', noise=True, pop_size='50', save_result=True, trials='100')
Generation:  0
pop fitness 0.09895999999999999
elite fitness 0.11008
Generation:  50
pop fitness 0.13491999999999998
elite fitness 0.24464
Generation:  100
pop fitness 0.16394000000000003
elite fitness 0.30124
Generation:  150
pop fitness 0.20645999999999998
elite fitness 0.39019999999999994
Done:
Namespace(arms='10', hidden='16', layers='1', max_gen='200', message='', mutation_mag='0.1', name='smpl_diffEnv_v2', noise=True, pop_size='50', save_result=True, trials='100')
Start: Namespace(arms='10', hidden='32', layers='1', max_gen='200', message='', mutation_mag='0.1', name='smpl_diffEnv_v1', noise=True, pop_size='50', save_result=True, trials='100')
Generation:  0
pop fitness 0.10088
elite fitness 0.11167999999999999
Generation:  50
pop fitness 0.15706
elite fitness 0.29288000000000003
Generation:  100
pop fitness 0.18676
elite fitness 0.31367999999999996
Generation:  150
pop fitness 0.15742
elite fitness 0.29956000000000005
Done:
Namespace(arms='10', hidden='32', layers='1', max_gen='200', message='', mutation_mag='0.1', name='smpl_diffEnv_v1', noise=True, pop_size='50', save_result=True, trials='100')
Start: Namespace(arms='10', hidden='32', layers='3', max_gen='200', message='', mutation_mag='0.1', name='smpl_diffEnv_v2', noise=False, pop_size='50', save_result=True, trials='100')
Generation:  0
pop fitness 0.10197999999999999
elite fitness 0.11476000000000001
Generation:  50
pop fitness 0.11516000000000001
elite fitness 0.25212
Generation:  100
pop fitness 0.16010000000000002
elite fitness 0.29248
Generation:  150
pop fitness 0.14056000000000002
elite fitness 0.31499999999999995
Done:
Namespace(arms='10', hidden='32', layers='3', max_gen='200', message='', mutation_mag='0.1', name='smpl_diffEnv_v2', noise=False, pop_size='50', save_result=True, trials='100')
Start: Namespace(arms='10', hidden='16', layers='3', max_gen='200', message='', mutation_mag='0.01', name='smpl_diffEnv_v2', noise=False, pop_size='50', save_result=True, trials='100')
Generation:  0
pop fitness 0.09863999999999998
elite fitness 0.11164
Generation:  50
pop fitness 0.13834
elite fitness 0.25964000000000004
Generation:  100
pop fitness 0.19726
elite fitness 0.32116
Generation:  150
pop fitness 0.20279999999999998
elite fitness 0.34604
Done:
Namespace(arms='10', hidden='16', layers='3', max_gen='200', message='', mutation_mag='0.01', name='smpl_diffEnv_v2', noise=False, pop_size='50', save_result=True, trials='100')
Start: Namespace(arms='10', hidden='16', layers='3', max_gen='200', message='', mutation_mag='0.1', name='smpl_diffEnv_v2', noise=False, pop_size='50', save_result=True, trials='100')
Generation:  0
pop fitness 0.09856
elite fitness 0.11144000000000003
Generation:  50
pop fitness 0.12552000000000002
elite fitness 0.24512000000000003
Generation:  100
pop fitness 0.18398
elite fitness 0.32555999999999996
Generation:  150
pop fitness 0.17825999999999997
elite fitness 0.31235999999999997
Done:
Namespace(arms='10', hidden='16', layers='3', max_gen='200', message='', mutation_mag='0.1', name='smpl_diffEnv_v2', noise=False, pop_size='50', save_result=True, trials='100')
Start: Namespace(arms='10', hidden='8', layers='3', max_gen='200', message='', mutation_mag='0.1', name='smpl_diffEnv_v2', noise=False, pop_size='50', save_result=True, trials='100')
Generation:  0
pop fitness 0.09905999999999998
elite fitness 0.11352000000000001
Generation:  50
pop fitness 0.14314
elite fitness 0.29392
Generation:  100
pop fitness 0.16054
elite fitness 0.30868
Generation:  150
pop fitness 0.16651999999999997
elite fitness 0.31004
Done:
Namespace(arms='10', hidden='8', layers='3', max_gen='200', message='', mutation_mag='0.1', name='smpl_diffEnv_v2', noise=False, pop_size='50', save_result=True, trials='100')
Start: Namespace(arms='10', hidden='16', layers='3', max_gen='200', message='', mutation_mag='0.1', name='smpl_diffEnv_v1', noise=False, pop_size='50', save_result=True, trials='100')
Generation:  0
pop fitness 0.10088000000000001
elite fitness 0.11596000000000001
Generation:  50
pop fitness 0.12986
elite fitness 0.29760000000000003
Generation:  100
pop fitness 0.15312
elite fitness 0.26068
Generation:  150
pop fitness 0.16368
elite fitness 0.3446000000000001
Done:
Namespace(arms='10', hidden='16', layers='3', max_gen='200', message='', mutation_mag='0.1', name='smpl_diffEnv_v1', noise=False, pop_size='50', save_result=True, trials='100')
Start: Namespace(arms='10', hidden='64', layers='1', max_gen='200', message='', mutation_mag='0.1', name='smpl_diffEnv_v1', noise=True, pop_size='50', save_result=True, trials='100')
Generation:  0
pop fitness 0.09827999999999998
elite fitness 0.10940000000000001
Generation:  50
pop fitness 0.14168
elite fitness 0.26911999999999997
Generation:  100
pop fitness 0.16462
elite fitness 0.2948
Generation:  150
pop fitness 0.17214000000000002
elite fitness 0.31784
Done:
Namespace(arms='10', hidden='64', layers='1', max_gen='200', message='', mutation_mag='0.1', name='smpl_diffEnv_v1', noise=True, pop_size='50', save_result=True, trials='100')
Start: Namespace(arms='10', hidden='64', layers='1', max_gen='200', message='', mutation_mag='0.01', name='smpl_diffEnv_v2', noise=True, pop_size='50', save_result=True, trials='100')
Generation:  0
pop fitness 0.10028000000000001
elite fitness 0.11431999999999999
Generation:  50
pop fitness 0.1531
elite fitness 0.3032
Generation:  100
pop fitness 0.19433999999999998
elite fitness 0.36623999999999995
Generation:  150
pop fitness 0.20484
elite fitness 0.33132
Done:
Namespace(arms='10', hidden='64', layers='1', max_gen='200', message='', mutation_mag='0.01', name='smpl_diffEnv_v2', noise=True, pop_size='50', save_result=True, trials='100')
Start: Namespace(arms='10', hidden='64', layers='1', max_gen='200', message='', mutation_mag='0.1', name='smpl_diffEnv_v2', noise=True, pop_size='50', save_result=True, trials='100')
Generation:  0
pop fitness 0.10125999999999999
elite fitness 0.1124
Generation:  50
pop fitness 0.14866000000000001
elite fitness 0.25976000000000005
Generation:  100
pop fitness 0.17662
elite fitness 0.34804
Generation:  150
pop fitness 0.18787999999999996
elite fitness 0.31767999999999996
Done:
Namespace(arms='10', hidden='64', layers='1', max_gen='200', message='', mutation_mag='0.1', name='smpl_diffEnv_v2', noise=True, pop_size='50', save_result=True, trials='100')
Start: Namespace(arms='10', hidden='32', layers='3', max_gen='200', message='', mutation_mag='0.1', name='smpl_diffEnv_v1', noise=False, pop_size='50', save_result=True, trials='100')
Generation:  0
pop fitness 0.10238
elite fitness 0.11288000000000001
Generation:  50
pop fitness 0.14148
elite fitness 0.2846
Generation:  100
pop fitness 0.13798
elite fitness 0.28136
Generation:  150
pop fitness 0.14751999999999998
elite fitness 0.27676
Done:
Namespace(arms='10', hidden='32', layers='3', max_gen='200', message='', mutation_mag='0.1', name='smpl_diffEnv_v1', noise=False, pop_size='50', save_result=True, trials='100')
Start: Namespace(arms='10', hidden='32', layers='3', max_gen='200', message='', mutation_mag='0.01', name='smpl_diffEnv_v2', noise=False, pop_size='50', save_result=True, trials='100')
Generation:  0
pop fitness 0.10048
elite fitness 0.10836
Generation:  50
pop fitness 0.16984000000000002
elite fitness 0.2894
Generation:  100
pop fitness 0.17076
elite fitness 0.31220000000000003
Generation:  150
pop fitness 0.21076000000000003
elite fitness 0.34936
Done:
Namespace(arms='10', hidden='32', layers='3', max_gen='200', message='', mutation_mag='0.01', name='smpl_diffEnv_v2', noise=False, pop_size='50', save_result=True, trials='100')
Start: Namespace(arms='10', hidden='32', layers='3', max_gen='200', message='', mutation_mag='0.01', name='smpl_diffEnv_v1', noise=False, pop_size='50', save_result=True, trials='100')
Generation:  0
pop fitness 0.0992
elite fitness 0.10756
Generation:  50
pop fitness 0.14826
elite fitness 0.25884
Generation:  100
pop fitness 0.16134
elite fitness 0.28428000000000003
Generation:  150
pop fitness 0.15212
elite fitness 0.28448
Done:
Namespace(arms='10', hidden='32', layers='3', max_gen='200', message='', mutation_mag='0.01', name='smpl_diffEnv_v1', noise=False, pop_size='50', save_result=True, trials='100')
Start: Namespace(arms='10', hidden='8', layers='3', max_gen='200', message='', mutation_mag='0.01', name='smpl_diffEnv_v1', noise=False, pop_size='50', save_result=True, trials='100')
Generation:  0
pop fitness 0.10022
elite fitness 0.11364
Generation:  50
pop fitness 0.13524
elite fitness 0.26304
Generation:  100
pop fitness 0.19404
elite fitness 0.33087999999999995
Generation:  150
pop fitness 0.21816
elite fitness 0.37776
Done:
Namespace(arms='10', hidden='8', layers='3', max_gen='200', message='', mutation_mag='0.01', name='smpl_diffEnv_v1', noise=False, pop_size='50', save_result=True, trials='100')
Start: Namespace(arms='10', hidden='16', layers='3', max_gen='200', message='', mutation_mag='0.01', name='smpl_diffEnv_v1', noise=False, pop_size='50', save_result=True, trials='100')
Generation:  0
pop fitness 0.10189999999999999
elite fitness 0.11628
Generation:  50
pop fitness 0.1382
elite fitness 0.21052000000000004
Generation:  100
pop fitness 0.17026
elite fitness 0.32787999999999995
Generation:  150
pop fitness 0.17515999999999998
elite fitness 0.32420000000000004
Done:
Namespace(arms='10', hidden='16', layers='3', max_gen='200', message='', mutation_mag='0.01', name='smpl_diffEnv_v1', noise=False, pop_size='50', save_result=True, trials='100')
Start: Namespace(arms='10', hidden='64', layers='1', max_gen='200', message='', mutation_mag='0.01', name='smpl_diffEnv_v1', noise=True, pop_size='50', save_result=True, trials='100')
Generation:  0
pop fitness 0.09984
elite fitness 0.11052000000000001
Generation:  50
pop fitness 0.16574000000000005
elite fitness 0.29047999999999996
Generation:  100
pop fitness 0.18722000000000003
elite fitness 0.34259999999999996
Generation:  150
pop fitness 0.18404
elite fitness 0.36524
Done:
Namespace(arms='10', hidden='64', layers='1', max_gen='200', message='', mutation_mag='0.01', name='smpl_diffEnv_v1', noise=True, pop_size='50', save_result=True, trials='100')
Start: Namespace(arms='10', hidden='8', layers='3', max_gen='200', message='', mutation_mag='0.01', name='smpl_diffEnv_v2', noise=False, pop_size='50', save_result=True, trials='100')
Generation:  0
pop fitness 0.09937999999999998
elite fitness 0.11372
Generation:  50
pop fitness 0.13427999999999998
elite fitness 0.23368
Generation:  100
pop fitness 0.14138
elite fitness 0.25148000000000004
Generation:  150
pop fitness 0.19390000000000002
elite fitness 0.341
Done:
Namespace(arms='10', hidden='8', layers='3', max_gen='200', message='', mutation_mag='0.01', name='smpl_diffEnv_v2', noise=False, pop_size='50', save_result=True, trials='100')
Start: Namespace(arms='10', hidden='8', layers='3', max_gen='200', message='', mutation_mag='0.1', name='smpl_diffEnv_v1', noise=False, pop_size='50', save_result=True, trials='100')
Generation:  0
pop fitness 0.10386
elite fitness 0.11719999999999998
Generation:  50
pop fitness 0.12242000000000001
elite fitness 0.25579999999999997
Generation:  100
pop fitness 0.17848000000000003
elite fitness 0.287
Generation:  150
pop fitness 0.19988000000000003
elite fitness 0.3545999999999999
Done:
Namespace(arms='10', hidden='8', layers='3', max_gen='200', message='', mutation_mag='0.1', name='smpl_diffEnv_v1', noise=False, pop_size='50', save_result=True, trials='100')
Start: Namespace(arms='10', hidden='16', layers='3', max_gen='200', message='', mutation_mag='0.1', name='smpl_diffEnv_v1', noise=True, pop_size='50', save_result=True, trials='100')
Generation:  0
pop fitness 0.09996
elite fitness 0.11055999999999999
Generation:  50
pop fitness 0.14536
elite fitness 0.26072
Generation:  100
pop fitness 0.17214000000000002
elite fitness 0.28736
Generation:  150
pop fitness 0.16694000000000003
elite fitness 0.3422
Done:
Namespace(arms='10', hidden='16', layers='3', max_gen='200', message='', mutation_mag='0.1', name='smpl_diffEnv_v1', noise=True, pop_size='50', save_result=True, trials='100')
Start: Namespace(arms='10', hidden='8', layers='3', max_gen='200', message='', mutation_mag='0.01', name='smpl_diffEnv_v1', noise=True, pop_size='50', save_result=True, trials='100')
Generation:  0
pop fitness 0.09996
elite fitness 0.11284000000000001
Generation:  50
pop fitness 0.13732
elite fitness 0.212
Generation:  100
pop fitness 0.15996
elite fitness 0.28868000000000005
Generation:  150
pop fitness 0.19746000000000002
elite fitness 0.32768
Done:
Namespace(arms='10', hidden='8', layers='3', max_gen='200', message='', mutation_mag='0.01', name='smpl_diffEnv_v1', noise=True, pop_size='50', save_result=True, trials='100')
Start: Namespace(arms='10', hidden='16', layers='3', max_gen='200', message='', mutation_mag='0.1', name='smpl_diffEnv_v2', noise=True, pop_size='50', save_result=True, trials='100')
Generation:  0
pop fitness 0.10125999999999999
elite fitness 0.11192
Generation:  50
pop fitness 0.11386000000000002
elite fitness 0.2266
Generation:  100
pop fitness 0.15183999999999997
elite fitness 0.26076
Generation:  150
pop fitness 0.13746
elite fitness 0.24688000000000002
Done:
Namespace(arms='10', hidden='16', layers='3', max_gen='200', message='', mutation_mag='0.1', name='smpl_diffEnv_v2', noise=True, pop_size='50', save_result=True, trials='100')
Start: Namespace(arms='10', hidden='8', layers='3', max_gen='200', message='', mutation_mag='0.01', name='smpl_diffEnv_v2', noise=True, pop_size='50', save_result=True, trials='100')
Generation:  0
pop fitness 0.09957999999999999
elite fitness 0.11012000000000001
Generation:  50
pop fitness 0.15031999999999998
elite fitness 0.23316000000000003
Generation:  100
pop fitness 0.1517
elite fitness 0.2546
Generation:  150
pop fitness 0.15984
elite fitness 0.28112000000000004
Done:
Namespace(arms='10', hidden='8', layers='3', max_gen='200', message='', mutation_mag='0.01', name='smpl_diffEnv_v2', noise=True, pop_size='50', save_result=True, trials='100')
Start: Namespace(arms='10', hidden='8', layers='3', max_gen='200', message='', mutation_mag='0.1', name='smpl_diffEnv_v1', noise=True, pop_size='50', save_result=True, trials='100')
Generation:  0
pop fitness 0.09932
elite fitness 0.11800000000000001
Generation:  50
pop fitness 0.13682
elite fitness 0.21316000000000002
Generation:  100
pop fitness 0.1489
elite fitness 0.28131999999999996
Generation:  150
pop fitness 0.19355999999999998
elite fitness 0.34976
Done:
Namespace(arms='10', hidden='8', layers='3', max_gen='200', message='', mutation_mag='0.1', name='smpl_diffEnv_v1', noise=True, pop_size='50', save_result=True, trials='100')
Start: Namespace(arms='10', hidden='16', layers='3', max_gen='200', message='', mutation_mag='0.01', name='smpl_diffEnv_v2', noise=True, pop_size='50', save_result=True, trials='100')
Generation:  0
pop fitness 0.10254000000000002
elite fitness 0.11196
Generation:  50
pop fitness 0.1354
elite fitness 0.24203999999999998
Generation:  100
pop fitness 0.17592000000000002
elite fitness 0.31628
Generation:  150
pop fitness 0.18975999999999998
elite fitness 0.31995999999999997
Done:
Namespace(arms='10', hidden='16', layers='3', max_gen='200', message='', mutation_mag='0.01', name='smpl_diffEnv_v2', noise=True, pop_size='50', save_result=True, trials='100')
Start: Namespace(arms='10', hidden='64', layers='3', max_gen='200', message='', mutation_mag='0.1', name='smpl_diffEnv_v1', noise=False, pop_size='50', save_result=True, trials='100')
Generation:  0
pop fitness 0.09863999999999999
elite fitness 0.10808000000000001
Generation:  50
pop fitness 0.15086
elite fitness 0.31516
Generation:  100
pop fitness 0.11792
elite fitness 0.25420000000000004
Generation:  150
pop fitness 0.11948
elite fitness 0.25016
Done:
Namespace(arms='10', hidden='64', layers='3', max_gen='200', message='', mutation_mag='0.1', name='smpl_diffEnv_v1', noise=False, pop_size='50', save_result=True, trials='100')
Start: Namespace(arms='10', hidden='32', layers='3', max_gen='200', message='', mutation_mag='0.1', name='smpl_diffEnv_v2', noise=True, pop_size='50', save_result=True, trials='100')
Generation:  0
pop fitness 0.10067999999999998
elite fitness 0.11488000000000001
Generation:  50
pop fitness 0.12668000000000001
elite fitness 0.29236
Generation:  100
pop fitness 0.14138
elite fitness 0.29068
Generation:  150
pop fitness 0.1675
elite fitness 0.30852
Done:
Namespace(arms='10', hidden='32', layers='3', max_gen='200', message='', mutation_mag='0.1', name='smpl_diffEnv_v2', noise=True, pop_size='50', save_result=True, trials='100')
Start: Namespace(arms='10', hidden='16', layers='3', max_gen='200', message='', mutation_mag='0.01', name='smpl_diffEnv_v1', noise=True, pop_size='50', save_result=True, trials='100')
Generation:  0
pop fitness 0.10022
elite fitness 0.11476000000000001
Generation:  50
pop fitness 0.15824
elite fitness 0.28456
Generation:  100
pop fitness 0.16064
elite fitness 0.27228
Generation:  150
pop fitness 0.17334000000000002
elite fitness 0.29188
Done:
Namespace(arms='10', hidden='16', layers='3', max_gen='200', message='', mutation_mag='0.01', name='smpl_diffEnv_v1', noise=True, pop_size='50', save_result=True, trials='100')
Start: Namespace(arms='10', hidden='32', layers='3', max_gen='200', message='', mutation_mag='0.1', name='smpl_diffEnv_v1', noise=True, pop_size='50', save_result=True, trials='100')
Generation:  0
pop fitness 0.09911999999999999
elite fitness 0.11176
Generation:  50
pop fitness 0.1391
elite fitness 0.31140000000000007
Generation:  100
pop fitness 0.15037999999999999
elite fitness 0.28392
Generation:  150
pop fitness 0.15688000000000002
elite fitness 0.3018
Done:
Namespace(arms='10', hidden='32', layers='3', max_gen='200', message='', mutation_mag='0.1', name='smpl_diffEnv_v1', noise=True, pop_size='50', save_result=True, trials='100')
Start: Namespace(arms='10', hidden='32', layers='3', max_gen='200', message='', mutation_mag='0.01', name='smpl_diffEnv_v2', noise=True, pop_size='50', save_result=True, trials='100')
Generation:  0
pop fitness 0.09910000000000001
elite fitness 0.11092
Generation:  50
pop fitness 0.13782
elite fitness 0.22076
Generation:  100
pop fitness 0.17692
elite fitness 0.34692000000000006
Generation:  150
pop fitness 0.15876
elite fitness 0.3222
Done:
Namespace(arms='10', hidden='32', layers='3', max_gen='200', message='', mutation_mag='0.01', name='smpl_diffEnv_v2', noise=True, pop_size='50', save_result=True, trials='100')
Start: Namespace(arms='10', hidden='32', layers='3', max_gen='200', message='', mutation_mag='0.01', name='smpl_diffEnv_v1', noise=True, pop_size='50', save_result=True, trials='100')
Generation:  0
pop fitness 0.1002
elite fitness 0.11408
Generation:  50
pop fitness 0.18841999999999998
elite fitness 0.30852
Generation:  100
pop fitness 0.16948
elite fitness 0.36832
Generation:  150
pop fitness 0.16014000000000003
elite fitness 0.29623999999999995
Done:
Namespace(arms='10', hidden='32', layers='3', max_gen='200', message='', mutation_mag='0.01', name='smpl_diffEnv_v1', noise=True, pop_size='50', save_result=True, trials='100')
Start: Namespace(arms='10', hidden='64', layers='3', max_gen='200', message='', mutation_mag='0.1', name='smpl_diffEnv_v2', noise=False, pop_size='50', save_result=True, trials='100')
Generation:  0
pop fitness 0.09711999999999998
elite fitness 0.10648000000000002
Generation:  50
pop fitness 0.1368
elite fitness 0.28144
Generation:  100
pop fitness 0.14424
elite fitness 0.25772
Generation:  150
pop fitness 0.17273999999999998
elite fitness 0.33391999999999994
Done:
Namespace(arms='10', hidden='64', layers='3', max_gen='200', message='', mutation_mag='0.1', name='smpl_diffEnv_v2', noise=False, pop_size='50', save_result=True, trials='100')
Start: Namespace(arms='10', hidden='8', layers='3', max_gen='200', message='', mutation_mag='0.1', name='smpl_diffEnv_v2', noise=True, pop_size='50', save_result=True, trials='100')
Generation:  0
pop fitness 0.10197999999999999
elite fitness 0.11555999999999997
Generation:  50
pop fitness 0.14994
elite fitness 0.27924
Generation:  100
pop fitness 0.10884
elite fitness 0.22459999999999997
Generation:  150
pop fitness 0.13632000000000002
elite fitness 0.2846
Done:
Namespace(arms='10', hidden='8', layers='3', max_gen='200', message='', mutation_mag='0.1', name='smpl_diffEnv_v2', noise=True, pop_size='50', save_result=True, trials='100')
Start: Namespace(arms='10', hidden='64', layers='3', max_gen='200', message='', mutation_mag='0.01', name='smpl_diffEnv_v1', noise=False, pop_size='50', save_result=True, trials='100')
Generation:  0
pop fitness 0.0989
elite fitness 0.11064
Generation:  50
pop fitness 0.15816
elite fitness 0.33408
Generation:  100
pop fitness 0.146
elite fitness 0.28488
Generation:  150
pop fitness 0.16052
elite fitness 0.29988
Done:
Namespace(arms='10', hidden='64', layers='3', max_gen='200', message='', mutation_mag='0.01', name='smpl_diffEnv_v1', noise=False, pop_size='50', save_result=True, trials='100')
Start: Namespace(arms='10', hidden='64', layers='3', max_gen='200', message='', mutation_mag='0.01', name='smpl_diffEnv_v2', noise=False, pop_size='50', save_result=True, trials='100')
Generation:  0
pop fitness 0.0993
elite fitness 0.10964
Generation:  50
pop fitness 0.17665999999999996
elite fitness 0.31644
Generation:  100
pop fitness 0.18868
elite fitness 0.32188
Generation:  150
pop fitness 0.20536000000000001
elite fitness 0.38855999999999996
Done:
Namespace(arms='10', hidden='64', layers='3', max_gen='200', message='', mutation_mag='0.01', name='smpl_diffEnv_v2', noise=False, pop_size='50', save_result=True, trials='100')
Start: Namespace(arms='10', hidden='64', layers='3', max_gen='200', message='', mutation_mag='0.1', name='smpl_diffEnv_v2', noise=True, pop_size='50', save_result=True, trials='100')
Generation:  0
pop fitness 0.10379999999999999
elite fitness 0.11056
Generation:  50
pop fitness 0.09455999999999999
elite fitness 0.17316000000000004
Generation:  100
pop fitness 0.15678
elite fitness 0.3088
Generation:  150
pop fitness 0.12722
elite fitness 0.24704
Done:
Namespace(arms='10', hidden='64', layers='3', max_gen='200', message='', mutation_mag='0.1', name='smpl_diffEnv_v2', noise=True, pop_size='50', save_result=True, trials='100')
Start: Namespace(arms='10', hidden='64', layers='3', max_gen='200', message='', mutation_mag='0.01', name='smpl_diffEnv_v2', noise=True, pop_size='50', save_result=True, trials='100')
Generation:  0
pop fitness 0.09846
elite fitness 0.10772
Generation:  50
pop fitness 0.12572
elite fitness 0.2368
Generation:  100
pop fitness 0.16484000000000001
elite fitness 0.30796
Generation:  150
pop fitness 0.17936
elite fitness 0.30888
Done:
Namespace(arms='10', hidden='64', layers='3', max_gen='200', message='', mutation_mag='0.01', name='smpl_diffEnv_v2', noise=True, pop_size='50', save_result=True, trials='100')
Start: Namespace(arms='10', hidden='64', layers='3', max_gen='200', message='', mutation_mag='0.01', name='smpl_diffEnv_v1', noise=True, pop_size='50', save_result=True, trials='100')
Generation:  0
pop fitness 0.10022
elite fitness 0.11168000000000002
Generation:  50
pop fitness 0.127
elite fitness 0.2808
Generation:  100
pop fitness 0.16247999999999999
elite fitness 0.30060000000000003
Generation:  150
pop fitness 0.16259999999999997
elite fitness 0.29284000000000004
Done:
Namespace(arms='10', hidden='64', layers='3', max_gen='200', message='', mutation_mag='0.01', name='smpl_diffEnv_v1', noise=True, pop_size='50', save_result=True, trials='100')
Start: Namespace(arms='10', hidden='64', layers='3', max_gen='200', message='', mutation_mag='0.1', name='smpl_diffEnv_v1', noise=True, pop_size='50', save_result=True, trials='100')
Generation:  0
pop fitness 0.10112
elite fitness 0.11259999999999998
Generation:  50
pop fitness 0.13272
elite fitness 0.25988000000000006
Generation:  100
pop fitness 0.15034
elite fitness 0.31964
Generation:  150
pop fitness 0.14709999999999998
elite fitness 0.2828
Done:
Namespace(arms='10', hidden='64', layers='3', max_gen='200', message='', mutation_mag='0.1', name='smpl_diffEnv_v1', noise=True, pop_size='50', save_result=True, trials='100')
Start: Namespace(arms='10', hidden='128', layers='1', max_gen='200', message='', mutation_mag='0.01', name='smpl_diffEnv_v1', noise=False, pop_size='50', save_result=True, trials='100')
Generation:  0
pop fitness 0.09974
elite fitness 0.11431999999999999
Generation:  50
pop fitness 0.14916000000000001
elite fitness 0.31584
Generation:  100
pop fitness 0.20557999999999996
elite fitness 0.34440000000000004
Generation:  150
pop fitness 0.15974
elite fitness 0.28144
Done:
Namespace(arms='10', hidden='128', layers='1', max_gen='200', message='', mutation_mag='0.01', name='smpl_diffEnv_v1', noise=False, pop_size='50', save_result=True, trials='100')
Start: Namespace(arms='10', hidden='128', layers='1', max_gen='200', message='', mutation_mag='0.1', name='smpl_diffEnv_v1', noise=False, pop_size='50', save_result=True, trials='100')
Generation:  0
pop fitness 0.10146
elite fitness 0.1118
Generation:  50
pop fitness 0.16398
elite fitness 0.30732
Generation:  100
pop fitness 0.15728
elite fitness 0.2892
Generation:  150
pop fitness 0.16962
elite fitness 0.28488
Done:
Namespace(arms='10', hidden='128', layers='1', max_gen='200', message='', mutation_mag='0.1', name='smpl_diffEnv_v1', noise=False, pop_size='50', save_result=True, trials='100')
Start: Namespace(arms='10', hidden='128', layers='1', max_gen='200', message='', mutation_mag='0.01', name='smpl_diffEnv_v2', noise=False, pop_size='50', save_result=True, trials='100')
Generation:  0
pop fitness 0.09956000000000001
elite fitness 0.1106
Generation:  50
pop fitness 0.12874
elite fitness 0.22124000000000002
Generation:  100
pop fitness 0.19722
elite fitness 0.31628
Generation:  150
pop fitness 0.20363999999999996
elite fitness 0.3963999999999999
Done:
Namespace(arms='10', hidden='128', layers='1', max_gen='200', message='', mutation_mag='0.01', name='smpl_diffEnv_v2', noise=False, pop_size='50', save_result=True, trials='100')
Start: Namespace(arms='10', hidden='128', layers='1', max_gen='200', message='', mutation_mag='0.1', name='smpl_diffEnv_v2', noise=False, pop_size='50', save_result=True, trials='100')
Generation:  0
pop fitness 0.09820000000000001
elite fitness 0.10896000000000003
Generation:  50
pop fitness 0.15145999999999998
elite fitness 0.29028000000000004
Generation:  100
pop fitness 0.13351999999999997
elite fitness 0.28376
Generation:  150
pop fitness 0.15
elite fitness 0.27684000000000003
Done:
Namespace(arms='10', hidden='128', layers='1', max_gen='200', message='', mutation_mag='0.1', name='smpl_diffEnv_v2', noise=False, pop_size='50', save_result=True, trials='100')
Start: Namespace(arms='10', hidden='128', layers='1', max_gen='200', message='', mutation_mag='0.01', name='smpl_diffEnv_v2', noise=True, pop_size='50', save_result=True, trials='100')
Generation:  0
pop fitness 0.09952
elite fitness 0.1108
Generation:  50
pop fitness 0.16744
elite fitness 0.324
Generation:  100
pop fitness 0.1489
elite fitness 0.31804000000000004
Generation:  150
pop fitness 0.1653
elite fitness 0.29552
Done:
Namespace(arms='10', hidden='128', layers='1', max_gen='200', message='', mutation_mag='0.01', name='smpl_diffEnv_v2', noise=True, pop_size='50', save_result=True, trials='100')
Start: Namespace(arms='10', hidden='128', layers='1', max_gen='200', message='', mutation_mag='0.01', name='smpl_diffEnv_v1', noise=True, pop_size='50', save_result=True, trials='100')
Generation:  0
pop fitness 0.10187999999999998
elite fitness 0.11212000000000001
Generation:  50
pop fitness 0.14928
elite fitness 0.2822
Generation:  100
pop fitness 0.18692
elite fitness 0.32716
Generation:  150
pop fitness 0.17947999999999997
elite fitness 0.30556
Done:
Namespace(arms='10', hidden='128', layers='1', max_gen='200', message='', mutation_mag='0.01', name='smpl_diffEnv_v1', noise=True, pop_size='50', save_result=True, trials='100')
Start: Namespace(arms='10', hidden='128', layers='1', max_gen='200', message='', mutation_mag='0.1', name='smpl_diffEnv_v1', noise=True, pop_size='50', save_result=True, trials='100')
Generation:  0
pop fitness 0.09982
elite fitness 0.1122
Generation:  50
pop fitness 0.17844000000000002
elite fitness 0.32159999999999994
Generation:  100
pop fitness 0.15068
elite fitness 0.32144
Generation:  150
pop fitness 0.18898
elite fitness 0.36872
Done:
Namespace(arms='10', hidden='128', layers='1', max_gen='200', message='', mutation_mag='0.1', name='smpl_diffEnv_v1', noise=True, pop_size='50', save_result=True, trials='100')
Start: Namespace(arms='10', hidden='128', layers='1', max_gen='200', message='', mutation_mag='0.1', name='smpl_diffEnv_v2', noise=True, pop_size='50', save_result=True, trials='100')
Generation:  0
pop fitness 0.10278000000000001
elite fitness 0.11715999999999999
Generation:  50
pop fitness 0.1421
elite fitness 0.2608
Generation:  100
pop fitness 0.13754000000000002
elite fitness 0.25072
Generation:  150
pop fitness 0.1531
elite fitness 0.31995999999999997
Done:
Namespace(arms='10', hidden='128', layers='1', max_gen='200', message='', mutation_mag='0.1', name='smpl_diffEnv_v2', noise=True, pop_size='50', save_result=True, trials='100')
Start: Namespace(arms='10', hidden='128', layers='3', max_gen='200', message='', mutation_mag='0.01', name='smpl_diffEnv_v1', noise=False, pop_size='50', save_result=True, trials='100')
Generation:  0
pop fitness 0.09957999999999999
elite fitness 0.11048000000000002
Generation:  50
pop fitness 0.13876
elite fitness 0.2546
Generation:  100
pop fitness 0.1587
elite fitness 0.28776
Generation:  150
pop fitness 0.15071999999999997
elite fitness 0.27940000000000004
Done:
Namespace(arms='10', hidden='128', layers='3', max_gen='200', message='', mutation_mag='0.01', name='smpl_diffEnv_v1', noise=False, pop_size='50', save_result=True, trials='100')
Start: Namespace(arms='10', hidden='128', layers='3', max_gen='200', message='', mutation_mag='0.1', name='smpl_diffEnv_v2', noise=False, pop_size='50', save_result=True, trials='100')
Generation:  0
pop fitness 0.0996
elite fitness 0.11024
Generation:  50
pop fitness 0.12792
elite fitness 0.24703999999999998
Generation:  100
pop fitness 0.16414
elite fitness 0.28295999999999993
Generation:  150
pop fitness 0.17342
elite fitness 0.29592
Done:
Namespace(arms='10', hidden='128', layers='3', max_gen='200', message='', mutation_mag='0.1', name='smpl_diffEnv_v2', noise=False, pop_size='50', save_result=True, trials='100')
Start: Namespace(arms='10', hidden='128', layers='3', max_gen='200', message='', mutation_mag='0.01', name='smpl_diffEnv_v2', noise=True, pop_size='50', save_result=True, trials='100')
Generation:  0
pop fitness 0.1017
elite fitness 0.11452
Generation:  50
pop fitness 0.13774
elite fitness 0.30568
Generation:  100
pop fitness 0.15338000000000002
elite fitness 0.24752000000000002
Generation:  150
pop fitness 0.1519
elite fitness 0.28800000000000003
Done:
Namespace(arms='10', hidden='128', layers='3', max_gen='200', message='', mutation_mag='0.01', name='smpl_diffEnv_v2', noise=True, pop_size='50', save_result=True, trials='100')
Start: Namespace(arms='10', hidden='128', layers='3', max_gen='200', message='', mutation_mag='0.1', name='smpl_diffEnv_v1', noise=False, pop_size='50', save_result=True, trials='100')
Generation:  0
pop fitness 0.10248000000000002
elite fitness 0.11424
Generation:  50
pop fitness 0.14638
elite fitness 0.29196
Generation:  100
pop fitness 0.14232
elite fitness 0.27732
Generation:  150
pop fitness 0.15824
elite fitness 0.31456
Done:
Namespace(arms='10', hidden='128', layers='3', max_gen='200', message='', mutation_mag='0.1', name='smpl_diffEnv_v1', noise=False, pop_size='50', save_result=True, trials='100')
Start: Namespace(arms='10', hidden='128', layers='3', max_gen='200', message='', mutation_mag='0.01', name='smpl_diffEnv_v2', noise=False, pop_size='50', save_result=True, trials='100')
Generation:  0
pop fitness 0.09806
elite fitness 0.11011999999999998
Generation:  50
pop fitness 0.14152
elite fitness 0.29284
Generation:  100
pop fitness 0.16668
elite fitness 0.3018
Generation:  150
pop fitness 0.17364000000000002
elite fitness 0.39984000000000003
Done:
Namespace(arms='10', hidden='128', layers='3', max_gen='200', message='', mutation_mag='0.01', name='smpl_diffEnv_v2', noise=False, pop_size='50', save_result=True, trials='100')
Start: Namespace(arms='10', hidden='128', layers='3', max_gen='200', message='', mutation_mag='0.01', name='smpl_diffEnv_v1', noise=True, pop_size='50', save_result=True, trials='100')
Generation:  0
pop fitness 0.10194
elite fitness 0.11188
Generation:  50
pop fitness 0.11440000000000002
elite fitness 0.23796
Generation:  100
pop fitness 0.17118
elite fitness 0.3070800000000001
Generation:  150
pop fitness 0.17048
elite fitness 0.31948
Done:
Namespace(arms='10', hidden='128', layers='3', max_gen='200', message='', mutation_mag='0.01', name='smpl_diffEnv_v1', noise=True, pop_size='50', save_result=True, trials='100')
Start: Namespace(arms='10', hidden='128', layers='3', max_gen='200', message='', mutation_mag='0.1', name='smpl_diffEnv_v2', noise=True, pop_size='50', save_result=True, trials='100')
Generation:  0
pop fitness 0.09928
elite fitness 0.10984000000000002
Generation:  50
pop fitness 0.11278
elite fitness 0.2254
Generation:  100
pop fitness 0.13054
elite fitness 0.22744000000000003
Generation:  150
pop fitness 0.12018
elite fitness 0.22056
Done:
Namespace(arms='10', hidden='128', layers='3', max_gen='200', message='', mutation_mag='0.1', name='smpl_diffEnv_v2', noise=True, pop_size='50', save_result=True, trials='100')
Start: Namespace(arms='10', hidden='128', layers='3', max_gen='200', message='', mutation_mag='0.1', name='smpl_diffEnv_v1', noise=True, pop_size='50', save_result=True, trials='100')
Generation:  0
pop fitness 0.10038
elite fitness 0.11332
Generation:  50
pop fitness 0.11424
elite fitness 0.22052
Generation:  100
pop fitness 0.1733
elite fitness 0.37323999999999996
Generation:  150
pop fitness 0.17343999999999998
elite fitness 0.30811999999999995
Done:
Namespace(arms='10', hidden='128', layers='3', max_gen='200', message='', mutation_mag='0.1', name='smpl_diffEnv_v1', noise=True, pop_size='50', save_result=True, trials='100')
