==========================================
SLURM_CLUSTER_NAME = param-shivay
SLURM_JOB_ACCOUNT = mathematical_engg
SLURM_JOB_ID = 389687
SLURM_JOB_NAME = ucbes_smp
SLURM_JOB_NODELIST = cn027
SLURM_JOB_USER = aditya.singh.mat17.iitbhu
SLURM_JOB_UID = 5255
SLURM_JOB_PARTITION = cpu
SLURM_TASK_PID = 123753
SLURM_SUBMIT_DIR = /home/aditya.singh.mat17.iitbhu/aditya.singh.mat17.iitbhu/UCBandES/Evolution-Strategies-RL/UCBvsES
SLURM_CPUS_ON_NODE = 40
SLURM_NTASKS = 40
SLURM_TASK_PID = 123753
==========================================
Start: Namespace(arms='10', hidden='16', layers='1', max_gen='200', message='', mutation_mag='0.1', name='nonStationary_v1', noise=False, pop_size='100', save_result=True, trials='100')
Generation:  0
pop fitness 0.09898
elite fitness 0.1108
Generation:  50
pop fitness 0.12581
elite fitness 0.21828000000000003
Generation:  100
pop fitness 0.14842999999999998
elite fitness 0.26940000000000003
Generation:  150
pop fitness 0.17142999999999997
elite fitness 0.29113999999999995
Done:
Namespace(arms='10', hidden='16', layers='1', max_gen='200', message='', mutation_mag='0.1', name='nonStationary_v1', noise=False, pop_size='100', save_result=True, trials='100')
Start: Namespace(arms='10', hidden='8', layers='1', max_gen='200', message='', mutation_mag='0.01', name='nonStationary_v1', noise=False, pop_size='100', save_result=True, trials='100')
Generation:  0
pop fitness 0.10043999999999997
elite fitness 0.11304
Generation:  50
pop fitness 0.12596999999999997
elite fitness 0.20004000000000002
Generation:  100
pop fitness 0.14431
elite fitness 0.24088
Generation:  150
pop fitness 0.15662
elite fitness 0.23865999999999998
Done:
Namespace(arms='10', hidden='8', layers='1', max_gen='200', message='', mutation_mag='0.01', name='nonStationary_v1', noise=False, pop_size='100', save_result=True, trials='100')
Start: Namespace(arms='10', hidden='8', layers='1', max_gen='200', message='', mutation_mag='0.1', name='nonStationary_v1', noise=False, pop_size='100', save_result=True, trials='100')
Generation:  0
pop fitness 0.09937
elite fitness 0.11156
Generation:  50
pop fitness 0.13717000000000001
elite fitness 0.25794
Generation:  100
pop fitness 0.14299
elite fitness 0.23067999999999997
Generation:  150
pop fitness 0.17362
elite fitness 0.285
Done:
Namespace(arms='10', hidden='8', layers='1', max_gen='200', message='', mutation_mag='0.1', name='nonStationary_v1', noise=False, pop_size='100', save_result=True, trials='100')
Start: Namespace(arms='10', hidden='32', layers='1', max_gen='200', message='', mutation_mag='0.1', name='nonStationary_v2', noise=False, pop_size='100', save_result=True, trials='100')
Generation:  0
pop fitness 0.09907
elite fitness 0.11094
Generation:  50
pop fitness 0.12749999999999997
elite fitness 0.23584
Generation:  100
pop fitness 0.14682
elite fitness 0.27268000000000003
Generation:  150
pop fitness 0.16619
elite fitness 0.25952
Done:
Namespace(arms='10', hidden='32', layers='1', max_gen='200', message='', mutation_mag='0.1', name='nonStationary_v2', noise=False, pop_size='100', save_result=True, trials='100')
Start: Namespace(arms='10', hidden='16', layers='1', max_gen='200', message='', mutation_mag='0.1', name='nonStationary_v2', noise=False, pop_size='100', save_result=True, trials='100')
Generation:  0
pop fitness 0.1003
elite fitness 0.11193999999999998
Generation:  50
pop fitness 0.12881
elite fitness 0.22777999999999998
Generation:  100
pop fitness 0.13354
elite fitness 0.22269999999999995
Generation:  150
pop fitness 0.16906000000000007
elite fitness 0.29309999999999997
Done:
Namespace(arms='10', hidden='16', layers='1', max_gen='200', message='', mutation_mag='0.1', name='nonStationary_v2', noise=False, pop_size='100', save_result=True, trials='100')
Start: Namespace(arms='10', hidden='8', layers='1', max_gen='200', message='', mutation_mag='0.01', name='nonStationary_v2', noise=False, pop_size='100', save_result=True, trials='100')
Generation:  0
pop fitness 0.10006999999999999
elite fitness 0.11345999999999998
Generation:  50
pop fitness 0.13124
elite fitness 0.21684
Generation:  100
pop fitness 0.14594
elite fitness 0.22934000000000002
Generation:  150
pop fitness 0.14151000000000002
elite fitness 0.251
Done:
Namespace(arms='10', hidden='8', layers='1', max_gen='200', message='', mutation_mag='0.01', name='nonStationary_v2', noise=False, pop_size='100', save_result=True, trials='100')
Start: Namespace(arms='10', hidden='16', layers='1', max_gen='200', message='', mutation_mag='0.01', name='nonStationary_v2', noise=False, pop_size='100', save_result=True, trials='100')
Generation:  0
pop fitness 0.09896999999999999
elite fitness 0.11155999999999999
Generation:  50
pop fitness 0.13283999999999999
elite fitness 0.20687999999999998
Generation:  100
pop fitness 0.16176
elite fitness 0.2524
Generation:  150
pop fitness 0.16683
elite fitness 0.26196
Done:
Namespace(arms='10', hidden='16', layers='1', max_gen='200', message='', mutation_mag='0.01', name='nonStationary_v2', noise=False, pop_size='100', save_result=True, trials='100')
Start: Namespace(arms='10', hidden='32', layers='1', max_gen='200', message='', mutation_mag='0.01', name='nonStationary_v1', noise=False, pop_size='100', save_result=True, trials='100')
Generation:  0
pop fitness 0.10037000000000001
elite fitness 0.11098
Generation:  50
pop fitness 0.13451000000000002
elite fitness 0.22248
Generation:  100
pop fitness 0.16271999999999998
elite fitness 0.25617999999999996
Generation:  150
pop fitness 0.17207999999999998
elite fitness 0.26756
Done:
Namespace(arms='10', hidden='32', layers='1', max_gen='200', message='', mutation_mag='0.01', name='nonStationary_v1', noise=False, pop_size='100', save_result=True, trials='100')
Start: Namespace(arms='10', hidden='8', layers='1', max_gen='200', message='', mutation_mag='0.1', name='nonStationary_v2', noise=False, pop_size='100', save_result=True, trials='100')
Generation:  0
pop fitness 0.0984
elite fitness 0.11048000000000002
Generation:  50
pop fitness 0.13255
elite fitness 0.20368000000000003
Generation:  100
pop fitness 0.14692
elite fitness 0.24794
Generation:  150
pop fitness 0.13841
elite fitness 0.21844000000000002
Done:
Namespace(arms='10', hidden='8', layers='1', max_gen='200', message='', mutation_mag='0.1', name='nonStationary_v2', noise=False, pop_size='100', save_result=True, trials='100')
Start: Namespace(arms='10', hidden='32', layers='1', max_gen='200', message='', mutation_mag='0.01', name='nonStationary_v2', noise=False, pop_size='100', save_result=True, trials='100')
Generation:  0
pop fitness 0.10054999999999997
elite fitness 0.11359999999999999
Generation:  50
pop fitness 0.14675000000000002
elite fitness 0.24200000000000002
Generation:  100
pop fitness 0.13954999999999998
elite fitness 0.23561999999999997
Generation:  150
pop fitness 0.17367000000000002
elite fitness 0.26696000000000003
Done:
Namespace(arms='10', hidden='32', layers='1', max_gen='200', message='', mutation_mag='0.01', name='nonStationary_v2', noise=False, pop_size='100', save_result=True, trials='100')
Start: Namespace(arms='10', hidden='16', layers='1', max_gen='200', message='', mutation_mag='0.01', name='nonStationary_v1', noise=False, pop_size='100', save_result=True, trials='100')
Generation:  0
pop fitness 0.10036000000000002
elite fitness 0.11363999999999999
Generation:  50
pop fitness 0.13208
elite fitness 0.19628
Generation:  100
pop fitness 0.15597000000000003
elite fitness 0.24075999999999997
Generation:  150
pop fitness 0.17587999999999998
elite fitness 0.26899999999999996
Done:
Namespace(arms='10', hidden='16', layers='1', max_gen='200', message='', mutation_mag='0.01', name='nonStationary_v1', noise=False, pop_size='100', save_result=True, trials='100')
Start: Namespace(arms='10', hidden='32', layers='1', max_gen='200', message='', mutation_mag='0.1', name='nonStationary_v1', noise=False, pop_size='100', save_result=True, trials='100')
Generation:  0
pop fitness 0.10070999999999998
elite fitness 0.11201999999999998
Generation:  50
pop fitness 0.14243999999999998
elite fitness 0.2477
Generation:  100
pop fitness 0.15778000000000003
elite fitness 0.25786
Generation:  150
pop fitness 0.1434
elite fitness 0.25433999999999996
Done:
Namespace(arms='10', hidden='32', layers='1', max_gen='200', message='', mutation_mag='0.1', name='nonStationary_v1', noise=False, pop_size='100', save_result=True, trials='100')
Start: Namespace(arms='10', hidden='64', layers='1', max_gen='200', message='', mutation_mag='0.01', name='nonStationary_v2', noise=False, pop_size='100', save_result=True, trials='100')
Generation:  0
pop fitness 0.09975999999999999
elite fitness 0.11372
Generation:  50
pop fitness 0.13632999999999998
elite fitness 0.22274000000000005
Generation:  100
pop fitness 0.13621999999999998
elite fitness 0.22583999999999999
Generation:  150
pop fitness 0.16140999999999997
elite fitness 0.27874
Done:
Namespace(arms='10', hidden='64', layers='1', max_gen='200', message='', mutation_mag='0.01', name='nonStationary_v2', noise=False, pop_size='100', save_result=True, trials='100')
Start: Namespace(arms='10', hidden='64', layers='1', max_gen='200', message='', mutation_mag='0.1', name='nonStationary_v1', noise=False, pop_size='100', save_result=True, trials='100')
Generation:  0
pop fitness 0.10167999999999999
elite fitness 0.11363999999999999
Generation:  50
pop fitness 0.12560000000000002
elite fitness 0.24222000000000002
Generation:  100
pop fitness 0.13396
elite fitness 0.21364
Generation:  150
pop fitness 0.16634000000000002
elite fitness 0.26188
Done:
Namespace(arms='10', hidden='64', layers='1', max_gen='200', message='', mutation_mag='0.1', name='nonStationary_v1', noise=False, pop_size='100', save_result=True, trials='100')
Start: Namespace(arms='10', hidden='64', layers='1', max_gen='200', message='', mutation_mag='0.01', name='nonStationary_v1', noise=False, pop_size='100', save_result=True, trials='100')
Generation:  0
pop fitness 0.09949999999999998
elite fitness 0.11207999999999999
Generation:  50
pop fitness 0.13164
elite fitness 0.22558000000000003
Generation:  100
pop fitness 0.15142
elite fitness 0.2473
Generation:  150
pop fitness 0.15058
elite fitness 0.25878
Done:
Namespace(arms='10', hidden='64', layers='1', max_gen='200', message='', mutation_mag='0.01', name='nonStationary_v1', noise=False, pop_size='100', save_result=True, trials='100')
Start: Namespace(arms='10', hidden='64', layers='1', max_gen='200', message='', mutation_mag='0.1', name='nonStationary_v2', noise=False, pop_size='100', save_result=True, trials='100')
Generation:  0
pop fitness 0.09797999999999998
elite fitness 0.10980000000000001
Generation:  50
pop fitness 0.11131
elite fitness 0.19139999999999996
Generation:  100
pop fitness 0.15291
elite fitness 0.24863999999999997
Generation:  150
pop fitness 0.17486999999999997
elite fitness 0.28164
Done:
Namespace(arms='10', hidden='64', layers='1', max_gen='200', message='', mutation_mag='0.1', name='nonStationary_v2', noise=False, pop_size='100', save_result=True, trials='100')
Start: Namespace(arms='10', hidden='32', layers='1', max_gen='200', message='', mutation_mag='0.1', name='nonStationary_v2', noise=True, pop_size='100', save_result=True, trials='100')
Generation:  0
pop fitness 0.10056
elite fitness 0.11231999999999999
Generation:  50
pop fitness 0.13292
elite fitness 0.24080000000000001
Generation:  100
pop fitness 0.13767
elite fitness 0.24369999999999997
Generation:  150
pop fitness 0.15157999999999996
elite fitness 0.25332
Done:
Namespace(arms='10', hidden='32', layers='1', max_gen='200', message='', mutation_mag='0.1', name='nonStationary_v2', noise=True, pop_size='100', save_result=True, trials='100')
Start: Namespace(arms='10', hidden='8', layers='1', max_gen='200', message='', mutation_mag='0.01', name='nonStationary_v1', noise=True, pop_size='100', save_result=True, trials='100')
Generation:  0
pop fitness 0.09836999999999999
elite fitness 0.10892000000000002
Generation:  50
pop fitness 0.10767999999999997
elite fitness 0.16671999999999998
Generation:  100
pop fitness 0.15356999999999998
elite fitness 0.22998000000000002
Generation:  150
pop fitness 0.13971000000000003
elite fitness 0.20852
Done:
Namespace(arms='10', hidden='8', layers='1', max_gen='200', message='', mutation_mag='0.01', name='nonStationary_v1', noise=True, pop_size='100', save_result=True, trials='100')
Start: Namespace(arms='10', hidden='16', layers='1', max_gen='200', message='', mutation_mag='0.01', name='nonStationary_v2', noise=True, pop_size='100', save_result=True, trials='100')
Generation:  0
pop fitness 0.1003
elite fitness 0.11158
Generation:  50
pop fitness 0.13352
elite fitness 0.21506000000000003
Generation:  100
pop fitness 0.15675
elite fitness 0.22298
Generation:  150
pop fitness 0.16827999999999999
elite fitness 0.244
Done:
Namespace(arms='10', hidden='16', layers='1', max_gen='200', message='', mutation_mag='0.01', name='nonStationary_v2', noise=True, pop_size='100', save_result=True, trials='100')
Start: Namespace(arms='10', hidden='8', layers='1', max_gen='200', message='', mutation_mag='0.1', name='nonStationary_v1', noise=True, pop_size='100', save_result=True, trials='100')
Generation:  0
pop fitness 0.09888999999999999
elite fitness 0.11109999999999999
Generation:  50
pop fitness 0.11492000000000001
elite fitness 0.19146000000000002
Generation:  100
pop fitness 0.14647000000000002
elite fitness 0.234
Generation:  150
pop fitness 0.16011000000000003
elite fitness 0.25314000000000003
Done:
Namespace(arms='10', hidden='8', layers='1', max_gen='200', message='', mutation_mag='0.1', name='nonStationary_v1', noise=True, pop_size='100', save_result=True, trials='100')
Start: Namespace(arms='10', hidden='16', layers='1', max_gen='200', message='', mutation_mag='0.01', name='nonStationary_v1', noise=True, pop_size='100', save_result=True, trials='100')
Generation:  0
pop fitness 0.10191
elite fitness 0.11374000000000001
Generation:  50
pop fitness 0.13076
elite fitness 0.21669999999999998
Generation:  100
pop fitness 0.16537999999999997
elite fitness 0.2615
Generation:  150
pop fitness 0.15861
elite fitness 0.24738
Done:
Namespace(arms='10', hidden='16', layers='1', max_gen='200', message='', mutation_mag='0.01', name='nonStationary_v1', noise=True, pop_size='100', save_result=True, trials='100')
Start: Namespace(arms='10', hidden='32', layers='1', max_gen='200', message='', mutation_mag='0.01', name='nonStationary_v2', noise=True, pop_size='100', save_result=True, trials='100')
Generation:  0
pop fitness 0.09893
elite fitness 0.11059999999999999
Generation:  50
pop fitness 0.12855
elite fitness 0.20636000000000002
Generation:  100
pop fitness 0.15651
elite fitness 0.23832000000000003
Generation:  150
pop fitness 0.17604
elite fitness 0.3038
Done:
Namespace(arms='10', hidden='32', layers='1', max_gen='200', message='', mutation_mag='0.01', name='nonStationary_v2', noise=True, pop_size='100', save_result=True, trials='100')
Start: Namespace(arms='10', hidden='8', layers='1', max_gen='200', message='', mutation_mag='0.01', name='nonStationary_v2', noise=True, pop_size='100', save_result=True, trials='100')
Generation:  0
pop fitness 0.10081999999999999
elite fitness 0.11015999999999998
Generation:  50
pop fitness 0.1374
elite fitness 0.22626000000000002
Generation:  100
pop fitness 0.15596
elite fitness 0.24766000000000002
Generation:  150
pop fitness 0.15776
elite fitness 0.24368
Done:
Namespace(arms='10', hidden='8', layers='1', max_gen='200', message='', mutation_mag='0.01', name='nonStationary_v2', noise=True, pop_size='100', save_result=True, trials='100')
Start: Namespace(arms='10', hidden='32', layers='1', max_gen='200', message='', mutation_mag='0.01', name='nonStationary_v1', noise=True, pop_size='100', save_result=True, trials='100')
Generation:  0
pop fitness 0.10144999999999998
elite fitness 0.11198000000000001
Generation:  50
pop fitness 0.12065999999999999
elite fitness 0.20444000000000004
Generation:  100
pop fitness 0.14697000000000002
elite fitness 0.23642
Generation:  150
pop fitness 0.18037999999999996
elite fitness 0.27166
Done:
Namespace(arms='10', hidden='32', layers='1', max_gen='200', message='', mutation_mag='0.01', name='nonStationary_v1', noise=True, pop_size='100', save_result=True, trials='100')
Start: Namespace(arms='10', hidden='8', layers='1', max_gen='200', message='', mutation_mag='0.1', name='nonStationary_v2', noise=True, pop_size='100', save_result=True, trials='100')
Generation:  0
pop fitness 0.10166
elite fitness 0.11218000000000002
Generation:  50
pop fitness 0.12418000000000001
elite fitness 0.19397999999999999
Generation:  100
pop fitness 0.13988
elite fitness 0.21534000000000003
Generation:  150
pop fitness 0.16322999999999996
elite fitness 0.28852000000000005
Done:
Namespace(arms='10', hidden='8', layers='1', max_gen='200', message='', mutation_mag='0.1', name='nonStationary_v2', noise=True, pop_size='100', save_result=True, trials='100')
Start: Namespace(arms='10', hidden='32', layers='1', max_gen='200', message='', mutation_mag='0.1', name='nonStationary_v1', noise=True, pop_size='100', save_result=True, trials='100')
Generation:  0
pop fitness 0.10012
elite fitness 0.11182
Generation:  50
pop fitness 0.14531999999999998
elite fitness 0.2332
Generation:  100
pop fitness 0.14085999999999996
elite fitness 0.23863999999999996
Generation:  150
pop fitness 0.14486000000000002
elite fitness 0.25551999999999997
Done:
Namespace(arms='10', hidden='32', layers='1', max_gen='200', message='', mutation_mag='0.1', name='nonStationary_v1', noise=True, pop_size='100', save_result=True, trials='100')
Start: Namespace(arms='10', hidden='16', layers='1', max_gen='200', message='', mutation_mag='0.1', name='nonStationary_v1', noise=True, pop_size='100', save_result=True, trials='100')
Generation:  0
pop fitness 0.09888000000000002
elite fitness 0.11479999999999999
Generation:  50
pop fitness 0.13640000000000002
elite fitness 0.21417999999999998
Generation:  100
pop fitness 0.13326
elite fitness 0.24423999999999998
Generation:  150
pop fitness 0.16434
elite fitness 0.2566
Done:
Namespace(arms='10', hidden='16', layers='1', max_gen='200', message='', mutation_mag='0.1', name='nonStationary_v1', noise=True, pop_size='100', save_result=True, trials='100')
Start: Namespace(arms='10', hidden='16', layers='1', max_gen='200', message='', mutation_mag='0.1', name='nonStationary_v2', noise=True, pop_size='100', save_result=True, trials='100')
Generation:  0
pop fitness 0.10129000000000002
elite fitness 0.1134
Generation:  50
pop fitness 0.12494
elite fitness 0.22896
Generation:  100
pop fitness 0.15205999999999997
elite fitness 0.23232
Generation:  150
pop fitness 0.17806000000000005
elite fitness 0.27474
Done:
Namespace(arms='10', hidden='16', layers='1', max_gen='200', message='', mutation_mag='0.1', name='nonStationary_v2', noise=True, pop_size='100', save_result=True, trials='100')
Start: Namespace(arms='10', hidden='64', layers='1', max_gen='200', message='', mutation_mag='0.1', name='nonStationary_v2', noise=True, pop_size='100', save_result=True, trials='100')
Generation:  0
pop fitness 0.10085000000000001
elite fitness 0.1127
Generation:  50
pop fitness 0.12803
elite fitness 0.20564
Generation:  100
pop fitness 0.14034
elite fitness 0.24528
Generation:  150
pop fitness 0.1642
elite fitness 0.25858000000000003
Done:
Namespace(arms='10', hidden='64', layers='1', max_gen='200', message='', mutation_mag='0.1', name='nonStationary_v2', noise=True, pop_size='100', save_result=True, trials='100')
Start: Namespace(arms='10', hidden='64', layers='1', max_gen='200', message='', mutation_mag='0.01', name='nonStationary_v1', noise=True, pop_size='100', save_result=True, trials='100')
Generation:  0
pop fitness 0.09875000000000002
elite fitness 0.11204
Generation:  50
pop fitness 0.13784000000000002
elite fitness 0.23568
Generation:  100
pop fitness 0.13573
elite fitness 0.24022
Generation:  150
pop fitness 0.15071
elite fitness 0.26896000000000003
Done:
Namespace(arms='10', hidden='64', layers='1', max_gen='200', message='', mutation_mag='0.01', name='nonStationary_v1', noise=True, pop_size='100', save_result=True, trials='100')
Start: Namespace(arms='10', hidden='64', layers='1', max_gen='200', message='', mutation_mag='0.1', name='nonStationary_v1', noise=True, pop_size='100', save_result=True, trials='100')
Generation:  0
pop fitness 0.09915999999999998
elite fitness 0.11298
Generation:  50
pop fitness 0.12866999999999998
elite fitness 0.22030000000000002
Generation:  100
pop fitness 0.12476
elite fitness 0.22304000000000002
Generation:  150
pop fitness 0.15919
elite fitness 0.24570000000000003
Done:
Namespace(arms='10', hidden='64', layers='1', max_gen='200', message='', mutation_mag='0.1', name='nonStationary_v1', noise=True, pop_size='100', save_result=True, trials='100')
Start: Namespace(arms='10', hidden='64', layers='1', max_gen='200', message='', mutation_mag='0.01', name='nonStationary_v2', noise=True, pop_size='100', save_result=True, trials='100')
Generation:  0
pop fitness 0.09741000000000001
elite fitness 0.10898
Generation:  50
pop fitness 0.14182999999999998
elite fitness 0.24249999999999997
Generation:  100
pop fitness 0.14631
elite fitness 0.23370000000000002
Generation:  150
pop fitness 0.17747000000000004
elite fitness 0.2733
Done:
Namespace(arms='10', hidden='64', layers='1', max_gen='200', message='', mutation_mag='0.01', name='nonStationary_v2', noise=True, pop_size='100', save_result=True, trials='100')
Start: Namespace(arms='10', hidden='128', layers='1', max_gen='200', message='', mutation_mag='0.1', name='nonStationary_v1', noise=False, pop_size='100', save_result=True, trials='100')
Generation:  0
pop fitness 0.10057
elite fitness 0.11252
Generation:  50
pop fitness 0.12133000000000001
elite fitness 0.20980000000000001
Generation:  100
pop fitness 0.12709
elite fitness 0.2318
Generation:  150
pop fitness 0.1413
elite fitness 0.23681999999999997
Done:
Namespace(arms='10', hidden='128', layers='1', max_gen='200', message='', mutation_mag='0.1', name='nonStationary_v1', noise=False, pop_size='100', save_result=True, trials='100')
Start: Namespace(arms='10', hidden='128', layers='1', max_gen='200', message='', mutation_mag='0.01', name='nonStationary_v1', noise=False, pop_size='100', save_result=True, trials='100')
Generation:  0
pop fitness 0.10042
elite fitness 0.11657999999999998
Generation:  50
pop fitness 0.12431
elite fitness 0.21322000000000002
Generation:  100
pop fitness 0.14904
elite fitness 0.27305999999999997
Generation:  150
pop fitness 0.1451
elite fitness 0.25207999999999997
Done:
Namespace(arms='10', hidden='128', layers='1', max_gen='200', message='', mutation_mag='0.01', name='nonStationary_v1', noise=False, pop_size='100', save_result=True, trials='100')
Start: Namespace(arms='10', hidden='128', layers='1', max_gen='200', message='', mutation_mag='0.1', name='nonStationary_v2', noise=False, pop_size='100', save_result=True, trials='100')
Generation:  0
pop fitness 0.10007999999999999
elite fitness 0.11041999999999998
Generation:  50
pop fitness 0.10776000000000002
elite fitness 0.21084
Generation:  100
pop fitness 0.14289000000000002
elite fitness 0.23792
Generation:  150
pop fitness 0.15895999999999996
elite fitness 0.26234
Done:
Namespace(arms='10', hidden='128', layers='1', max_gen='200', message='', mutation_mag='0.1', name='nonStationary_v2', noise=False, pop_size='100', save_result=True, trials='100')
Start: Namespace(arms='10', hidden='128', layers='1', max_gen='200', message='', mutation_mag='0.01', name='nonStationary_v2', noise=False, pop_size='100', save_result=True, trials='100')
Generation:  0
pop fitness 0.10072999999999999
elite fitness 0.11266
Generation:  50
pop fitness 0.1551
elite fitness 0.26876
Generation:  100
pop fitness 0.16658
elite fitness 0.25952000000000003
Generation:  150
pop fitness 0.17439999999999997
elite fitness 0.28822
Done:
Namespace(arms='10', hidden='128', layers='1', max_gen='200', message='', mutation_mag='0.01', name='nonStationary_v2', noise=False, pop_size='100', save_result=True, trials='100')
Start: Namespace(arms='10', hidden='128', layers='1', max_gen='200', message='', mutation_mag='0.1', name='nonStationary_v2', noise=True, pop_size='100', save_result=True, trials='100')
Generation:  0
pop fitness 0.10161000000000002
elite fitness 0.11212000000000001
Generation:  50
pop fitness 0.14182000000000003
elite fitness 0.2522
Generation:  100
pop fitness 0.14859
elite fitness 0.24282
Generation:  150
pop fitness 0.1629
elite fitness 0.27128
Done:
Namespace(arms='10', hidden='128', layers='1', max_gen='200', message='', mutation_mag='0.1', name='nonStationary_v2', noise=True, pop_size='100', save_result=True, trials='100')
Start: Namespace(arms='10', hidden='128', layers='1', max_gen='200', message='', mutation_mag='0.1', name='nonStationary_v1', noise=True, pop_size='100', save_result=True, trials='100')
Generation:  0
pop fitness 0.10054000000000002
elite fitness 0.11336
Generation:  50
pop fitness 0.13822
elite fitness 0.2492
Generation:  100
pop fitness 0.14422000000000001
elite fitness 0.252
Generation:  150
pop fitness 0.15381999999999998
elite fitness 0.25592
Done:
Namespace(arms='10', hidden='128', layers='1', max_gen='200', message='', mutation_mag='0.1', name='nonStationary_v1', noise=True, pop_size='100', save_result=True, trials='100')
Start: Namespace(arms='10', hidden='128', layers='1', max_gen='200', message='', mutation_mag='0.01', name='nonStationary_v2', noise=True, pop_size='100', save_result=True, trials='100')
Generation:  0
pop fitness 0.10047
elite fitness 0.11118
Generation:  50
pop fitness 0.12173
elite fitness 0.20693999999999999
Generation:  100
pop fitness 0.1307
elite fitness 0.21587999999999996
Generation:  150
pop fitness 0.13869
elite fitness 0.23382000000000003
Done:
Namespace(arms='10', hidden='128', layers='1', max_gen='200', message='', mutation_mag='0.01', name='nonStationary_v2', noise=True, pop_size='100', save_result=True, trials='100')
Start: Namespace(arms='10', hidden='128', layers='1', max_gen='200', message='', mutation_mag='0.01', name='nonStationary_v1', noise=True, pop_size='100', save_result=True, trials='100')
Generation:  0
pop fitness 0.10034999999999998
elite fitness 0.11079999999999998
Generation:  50
pop fitness 0.1364
elite fitness 0.21250000000000002
Generation:  100
pop fitness 0.15781000000000003
elite fitness 0.29326
Generation:  150
pop fitness 0.16041
elite fitness 0.26636
Done:
Namespace(arms='10', hidden='128', layers='1', max_gen='200', message='', mutation_mag='0.01', name='nonStationary_v1', noise=True, pop_size='100', save_result=True, trials='100')
