INFO:root:run_master: Namespace(arms='10', hidden='128', layers='3', max_gen='200', message='', mutation_mag='0.1', name='nonStationary_v2', noise=False, pop_size='150', save_result=True, trials='100')
INFO:root:run_master: Namespace(arms='10', hidden='128', layers='3', max_gen='200', message='', mutation_mag='0.1', name='nonStationary_v2', noise=True, pop_size='150', save_result=True, trials='100')
INFO:root:Generation: 0
INFO:root:pop fitness: 0.10072666666666666
INFO:root:elite fitness: 0.11146666666666666
INFO:root:Generation: 0
INFO:root:pop fitness: 0.09963999999999999
INFO:root:elite fitness: 0.11021333333333333
INFO:root:Generation: 1
INFO:root:pop fitness: 0.09957333333333333
INFO:root:elite fitness: 0.1324
INFO:root:Generation: 1
INFO:root:pop fitness: 0.09873999999999998
INFO:root:elite fitness: 0.14213333333333333
INFO:root:Generation: 2
INFO:root:pop fitness: 0.09640666666666667
INFO:root:elite fitness: 0.1528533333333333
INFO:root:Generation: 2
INFO:root:pop fitness: 0.10206
INFO:root:elite fitness: 0.1577333333333333
INFO:root:Generation: 3
INFO:root:pop fitness: 0.10573333333333335
INFO:root:elite fitness: 0.17196000000000003
INFO:root:Generation: 3
INFO:root:pop fitness: 0.10266666666666667
INFO:root:elite fitness: 0.17084000000000002
INFO:root:Generation: 4
INFO:root:pop fitness: 0.09859333333333334
INFO:root:elite fitness: 0.18436
INFO:root:Generation: 4
INFO:root:pop fitness: 0.10567333333333333
INFO:root:elite fitness: 0.18681333333333333
INFO:root:Generation: 5
INFO:root:pop fitness: 0.11019333333333334
INFO:root:elite fitness: 0.19032
INFO:root:Generation: 5
INFO:root:pop fitness: 0.10064000000000001
INFO:root:elite fitness: 0.17109333333333332
INFO:root:Generation: 6
INFO:root:pop fitness: 0.09921999999999999
INFO:root:elite fitness: 0.19401333333333334
INFO:root:Generation: 6
INFO:root:pop fitness: 0.09292
INFO:root:elite fitness: 0.16349333333333335
INFO:root:Generation: 7
INFO:root:pop fitness: 0.09995333333333334
INFO:root:elite fitness: 0.17865333333333333
INFO:root:Generation: 7
INFO:root:pop fitness: 0.10260666666666665
INFO:root:elite fitness: 0.19322666666666666
INFO:root:Generation: 8
INFO:root:pop fitness: 0.10147999999999999
INFO:root:elite fitness: 0.1853866666666667
INFO:root:Generation: 8
INFO:root:pop fitness: 0.10876666666666668
INFO:root:elite fitness: 0.19709333333333331
INFO:root:Generation: 9
INFO:root:pop fitness: 0.11420000000000002
INFO:root:elite fitness: 0.20466666666666666
INFO:root:Generation: 9
INFO:root:pop fitness: 0.09604666666666667
INFO:root:elite fitness: 0.18797333333333333
INFO:root:Generation: 10
INFO:root:pop fitness: 0.10129333333333333
INFO:root:elite fitness: 0.18193333333333334
INFO:root:Generation: 10
INFO:root:pop fitness: 0.10036000000000002
INFO:root:elite fitness: 0.17726666666666666
INFO:root:Generation: 11
INFO:root:pop fitness: 0.10381333333333335
INFO:root:elite fitness: 0.18348
INFO:root:Generation: 11
INFO:root:pop fitness: 0.10157333333333332
INFO:root:elite fitness: 0.18896000000000002
INFO:root:Generation: 12
INFO:root:pop fitness: 0.10779999999999999
INFO:root:elite fitness: 0.19571999999999998
INFO:root:Generation: 12
INFO:root:pop fitness: 0.09713333333333334
INFO:root:elite fitness: 0.17506666666666665
INFO:root:Generation: 13
INFO:root:pop fitness: 0.10056666666666667
INFO:root:elite fitness: 0.19542666666666667
INFO:root:Generation: 13
INFO:root:pop fitness: 0.10038666666666667
INFO:root:elite fitness: 0.20045333333333334
INFO:root:Generation: 14
INFO:root:pop fitness: 0.09685333333333332
INFO:root:elite fitness: 0.18908000000000003
INFO:root:Generation: 14
INFO:root:pop fitness: 0.10534666666666666
INFO:root:elite fitness: 0.19870666666666664
INFO:root:Generation: 15
INFO:root:pop fitness: 0.09726666666666667
INFO:root:elite fitness: 0.19904000000000002
INFO:root:Generation: 16
INFO:root:pop fitness: 0.10406000000000001
INFO:root:elite fitness: 0.19162666666666667
INFO:root:Generation: 15
INFO:root:pop fitness: 0.09932666666666667
INFO:root:elite fitness: 0.1911733333333333
INFO:root:Generation: 17
INFO:root:pop fitness: 0.10560666666666667
INFO:root:elite fitness: 0.19018666666666667
INFO:root:Generation: 16
INFO:root:pop fitness: 0.10503333333333334
INFO:root:elite fitness: 0.20045333333333332
INFO:root:Generation: 18
INFO:root:pop fitness: 0.10709333333333333
INFO:root:elite fitness: 0.18667999999999998
INFO:root:Generation: 17
INFO:root:pop fitness: 0.09454000000000001
INFO:root:elite fitness: 0.1890266666666667
INFO:root:Generation: 19
INFO:root:pop fitness: 0.10826666666666668
INFO:root:elite fitness: 0.18888
INFO:root:Generation: 18
INFO:root:pop fitness: 0.10064000000000001
INFO:root:elite fitness: 0.18328000000000003
INFO:root:Generation: 20
INFO:root:pop fitness: 0.10175999999999999
INFO:root:elite fitness: 0.18388000000000002
INFO:root:Generation: 19
INFO:root:pop fitness: 0.10801999999999999
INFO:root:elite fitness: 0.19546666666666665
INFO:root:Generation: 21
INFO:root:pop fitness: 0.10774
INFO:root:elite fitness: 0.19274666666666665
INFO:root:Generation: 20
INFO:root:pop fitness: 0.11090666666666667
INFO:root:elite fitness: 0.19068
INFO:root:Generation: 22
INFO:root:pop fitness: 0.11218666666666664
INFO:root:elite fitness: 0.21014666666666668
INFO:root:Generation: 21
INFO:root:pop fitness: 0.10201333333333333
INFO:root:elite fitness: 0.17750666666666665
INFO:root:Generation: 23
INFO:root:pop fitness: 0.09655333333333334
INFO:root:elite fitness: 0.18533333333333335
INFO:root:Generation: 22
INFO:root:pop fitness: 0.10908666666666667
INFO:root:elite fitness: 0.2227333333333333
INFO:root:Generation: 24
INFO:root:pop fitness: 0.10786666666666667
INFO:root:elite fitness: 0.19584000000000001
INFO:root:Generation: 23
INFO:root:pop fitness: 0.10162000000000002
INFO:root:elite fitness: 0.19266666666666665
INFO:root:Generation: 25
INFO:root:pop fitness: 0.10833333333333334
INFO:root:elite fitness: 0.19771999999999998
INFO:root:Generation: 24
INFO:root:pop fitness: 0.09898
INFO:root:elite fitness: 0.17986666666666667
INFO:root:Generation: 26
INFO:root:pop fitness: 0.09792666666666666
INFO:root:elite fitness: 0.18997333333333336
INFO:root:Generation: 25
INFO:root:pop fitness: 0.09821333333333333
INFO:root:elite fitness: 0.18324000000000004
INFO:root:Generation: 27
INFO:root:pop fitness: 0.11811333333333335
INFO:root:elite fitness: 0.22070666666666663
INFO:root:Generation: 26
INFO:root:pop fitness: 0.09587999999999999
INFO:root:elite fitness: 0.17961333333333332
INFO:root:Generation: 28
INFO:root:pop fitness: 0.09800666666666667
INFO:root:elite fitness: 0.1711733333333333
INFO:root:Generation: 27
INFO:root:pop fitness: 0.10478
INFO:root:elite fitness: 0.19698666666666667
INFO:root:Generation: 29
INFO:root:pop fitness: 0.11546666666666666
INFO:root:elite fitness: 0.19982666666666668
INFO:root:Generation: 28
INFO:root:pop fitness: 0.1057
INFO:root:elite fitness: 0.21669333333333332
INFO:root:Generation: 30
INFO:root:pop fitness: 0.11187999999999998
INFO:root:elite fitness: 0.2018
INFO:root:Generation: 29
INFO:root:pop fitness: 0.1138
INFO:root:elite fitness: 0.22548
INFO:root:Generation: 31
INFO:root:pop fitness: 0.10878666666666666
INFO:root:elite fitness: 0.19762666666666667
INFO:root:Generation: 30
INFO:root:pop fitness: 0.09864
INFO:root:elite fitness: 0.16888
INFO:root:Generation: 32
INFO:root:pop fitness: 0.10966000000000001
INFO:root:elite fitness: 0.21469333333333335
INFO:root:Generation: 31
INFO:root:pop fitness: 0.10489333333333334
INFO:root:elite fitness: 0.19562666666666667
INFO:root:Generation: 33
INFO:root:pop fitness: 0.10714666666666668
INFO:root:elite fitness: 0.18169333333333332
INFO:root:Generation: 32
INFO:root:pop fitness: 0.10865999999999999
INFO:root:elite fitness: 0.19393333333333332
INFO:root:Generation: 34
INFO:root:pop fitness: 0.11474666666666666
INFO:root:elite fitness: 0.20416
INFO:root:Generation: 33
INFO:root:pop fitness: 0.10186666666666667
INFO:root:elite fitness: 0.18658666666666665
INFO:root:Generation: 35
INFO:root:pop fitness: 0.10345333333333334
INFO:root:elite fitness: 0.1832
INFO:root:Generation: 34
INFO:root:pop fitness: 0.08886666666666665
INFO:root:elite fitness: 0.17853333333333332
INFO:root:Generation: 36
INFO:root:pop fitness: 0.10212666666666667
INFO:root:elite fitness: 0.19748000000000002
INFO:root:Generation: 35
INFO:root:pop fitness: 0.09102666666666667
INFO:root:elite fitness: 0.16577333333333336
INFO:root:Generation: 37
INFO:root:pop fitness: 0.1225733333333333
INFO:root:elite fitness: 0.24245333333333335
INFO:root:Generation: 36
INFO:root:pop fitness: 0.10118666666666667
INFO:root:elite fitness: 0.18277333333333334
INFO:root:Generation: 38
INFO:root:pop fitness: 0.10382000000000001
INFO:root:elite fitness: 0.21148
INFO:root:Generation: 39
INFO:root:pop fitness: 0.10301333333333335
INFO:root:elite fitness: 0.19169333333333335
INFO:root:Generation: 37
INFO:root:pop fitness: 0.10062
INFO:root:elite fitness: 0.18217333333333335
INFO:root:Generation: 40
INFO:root:pop fitness: 0.10956
INFO:root:elite fitness: 0.19424
INFO:root:Generation: 38
INFO:root:pop fitness: 0.09934666666666668
INFO:root:elite fitness: 0.1894133333333333
INFO:root:Generation: 41
INFO:root:pop fitness: 0.10174000000000001
INFO:root:elite fitness: 0.19136
INFO:root:Generation: 39
INFO:root:pop fitness: 0.1076
INFO:root:elite fitness: 0.21438666666666667
INFO:root:Generation: 42
INFO:root:pop fitness: 0.11039333333333332
INFO:root:elite fitness: 0.19613333333333335
INFO:root:Generation: 40
INFO:root:pop fitness: 0.10679999999999999
INFO:root:elite fitness: 0.21148
INFO:root:Generation: 43
INFO:root:pop fitness: 0.10332000000000001
INFO:root:elite fitness: 0.1938133333333333
INFO:root:Generation: 41
INFO:root:pop fitness: 0.11763333333333335
INFO:root:elite fitness: 0.21782666666666667
INFO:root:Generation: 44
INFO:root:pop fitness: 0.10232666666666666
INFO:root:elite fitness: 0.20361333333333337
INFO:root:Generation: 42
INFO:root:pop fitness: 0.11064
INFO:root:elite fitness: 0.19770666666666667
INFO:root:Generation: 45
INFO:root:pop fitness: 0.10385333333333335
INFO:root:elite fitness: 0.16488000000000003
INFO:root:Generation: 43
INFO:root:pop fitness: 0.10618666666666667
INFO:root:elite fitness: 0.20570666666666665
INFO:root:Generation: 46
INFO:root:pop fitness: 0.11603999999999999
INFO:root:elite fitness: 0.19732000000000002
INFO:root:Generation: 44
INFO:root:pop fitness: 0.10666666666666667
INFO:root:elite fitness: 0.2013066666666667
INFO:root:Generation: 47
INFO:root:pop fitness: 0.10272
INFO:root:elite fitness: 0.19473333333333337
INFO:root:Generation: 45
INFO:root:pop fitness: 0.10820666666666666
INFO:root:elite fitness: 0.18357333333333334
INFO:root:Generation: 48
INFO:root:pop fitness: 0.11227999999999999
INFO:root:elite fitness: 0.18916
INFO:root:Generation: 46
INFO:root:pop fitness: 0.10981999999999999
INFO:root:elite fitness: 0.19894666666666666
INFO:root:Generation: 49
INFO:root:pop fitness: 0.10744000000000002
INFO:root:elite fitness: 0.19489333333333334
INFO:root:Generation: 47
INFO:root:pop fitness: 0.11100666666666664
INFO:root:elite fitness: 0.19794666666666666
INFO:root:Generation: 50
INFO:root:pop fitness: 0.11554000000000002
INFO:root:elite fitness: 0.20793333333333333
INFO:root:Generation: 48
INFO:root:pop fitness: 0.10519333333333333
INFO:root:elite fitness: 0.2008
INFO:root:Generation: 51
INFO:root:pop fitness: 0.11434000000000002
INFO:root:elite fitness: 0.20014666666666667
INFO:root:Generation: 52
INFO:root:pop fitness: 0.11379333333333336
INFO:root:elite fitness: 0.20536
INFO:root:Generation: 49
INFO:root:pop fitness: 0.11331333333333334
INFO:root:elite fitness: 0.2005333333333333
INFO:root:Generation: 53
INFO:root:pop fitness: 0.10677333333333332
INFO:root:elite fitness: 0.19621333333333335
INFO:root:Generation: 50
INFO:root:pop fitness: 0.10047333333333335
INFO:root:elite fitness: 0.19141333333333335
INFO:root:Generation: 51
INFO:root:pop fitness: 0.10479333333333334
INFO:root:elite fitness: 0.20051999999999998
INFO:root:Generation: 54
INFO:root:pop fitness: 0.10891333333333333
INFO:root:elite fitness: 0.21317333333333335
INFO:root:Generation: 55
INFO:root:pop fitness: 0.11309333333333337
INFO:root:elite fitness: 0.19904
INFO:root:Generation: 52
INFO:root:pop fitness: 0.10804666666666667
INFO:root:elite fitness: 0.20522666666666667
INFO:root:Generation: 56
INFO:root:pop fitness: 0.10795333333333335
INFO:root:elite fitness: 0.20978666666666668
INFO:root:Generation: 53
INFO:root:pop fitness: 0.09538000000000002
INFO:root:elite fitness: 0.19178666666666666
INFO:root:Generation: 57
INFO:root:pop fitness: 0.12291333333333335
INFO:root:elite fitness: 0.2109066666666667
INFO:root:Generation: 54
INFO:root:pop fitness: 0.10776666666666666
INFO:root:elite fitness: 0.18990666666666667
INFO:root:Generation: 58
INFO:root:pop fitness: 0.11700666666666668
INFO:root:elite fitness: 0.22130666666666665
INFO:root:Generation: 55
INFO:root:pop fitness: 0.11686666666666667
INFO:root:elite fitness: 0.22694666666666669
INFO:root:Generation: 59
INFO:root:pop fitness: 0.12042666666666667
INFO:root:elite fitness: 0.21717333333333333
INFO:root:Generation: 56
INFO:root:pop fitness: 0.11018
INFO:root:elite fitness: 0.20435999999999999
INFO:root:Generation: 60
INFO:root:pop fitness: 0.11393999999999999
INFO:root:elite fitness: 0.21056000000000002
INFO:root:Generation: 57
INFO:root:pop fitness: 0.10334
INFO:root:elite fitness: 0.1904666666666667
INFO:root:Generation: 61
INFO:root:pop fitness: 0.12339999999999998
INFO:root:elite fitness: 0.21269333333333335
INFO:root:Generation: 58
INFO:root:pop fitness: 0.10986
INFO:root:elite fitness: 0.2184133333333333
INFO:root:Generation: 62
INFO:root:pop fitness: 0.11781333333333334
INFO:root:elite fitness: 0.2173466666666667
INFO:root:Generation: 59
INFO:root:pop fitness: 0.10759333333333333
INFO:root:elite fitness: 0.21486666666666665
INFO:root:Generation: 63
INFO:root:pop fitness: 0.12759333333333334
INFO:root:elite fitness: 0.23913333333333336
INFO:root:Generation: 60
INFO:root:pop fitness: 0.11197333333333333
INFO:root:elite fitness: 0.19860000000000003
INFO:root:Generation: 64
INFO:root:pop fitness: 0.12310666666666666
INFO:root:elite fitness: 0.22522666666666666
INFO:root:Generation: 61
INFO:root:pop fitness: 0.11340666666666664
INFO:root:elite fitness: 0.20302666666666666
INFO:root:Generation: 65
INFO:root:pop fitness: 0.12663333333333332
INFO:root:elite fitness: 0.23493333333333336
INFO:root:Generation: 62
INFO:root:pop fitness: 0.1172466666666667
INFO:root:elite fitness: 0.21333333333333337
INFO:root:Generation: 66
INFO:root:pop fitness: 0.12279333333333334
INFO:root:elite fitness: 0.2135866666666667
INFO:root:Generation: 63
INFO:root:pop fitness: 0.12173333333333335
INFO:root:elite fitness: 0.24086666666666667
INFO:root:Generation: 67
INFO:root:pop fitness: 0.12459333333333333
INFO:root:elite fitness: 0.21114666666666665
INFO:root:Generation: 64
INFO:root:pop fitness: 0.12347333333333334
INFO:root:elite fitness: 0.21772
INFO:root:Generation: 68
INFO:root:pop fitness: 0.12373333333333335
INFO:root:elite fitness: 0.2148666666666667
INFO:root:Generation: 65
INFO:root:pop fitness: 0.10318000000000001
INFO:root:elite fitness: 0.1789333333333334
INFO:root:Generation: 69
INFO:root:pop fitness: 0.11923333333333332
INFO:root:elite fitness: 0.1976
INFO:root:Generation: 66
INFO:root:pop fitness: 0.10948666666666668
INFO:root:elite fitness: 0.21014666666666665
INFO:root:Generation: 70
INFO:root:pop fitness: 0.11779333333333333
INFO:root:elite fitness: 0.21242666666666665
INFO:root:Generation: 67
INFO:root:pop fitness: 0.10735333333333334
INFO:root:elite fitness: 0.2180133333333333
INFO:root:Generation: 71
INFO:root:pop fitness: 0.10516
INFO:root:elite fitness: 0.1930933333333333
INFO:root:Generation: 68
INFO:root:pop fitness: 0.13153333333333336
INFO:root:elite fitness: 0.21662666666666666
INFO:root:Generation: 72
INFO:root:pop fitness: 0.12369333333333335
INFO:root:elite fitness: 0.2215866666666667
INFO:root:Generation: 69
INFO:root:pop fitness: 0.11180666666666667
INFO:root:elite fitness: 0.20106666666666667
INFO:root:Generation: 73
INFO:root:pop fitness: 0.11596
INFO:root:elite fitness: 0.21053333333333335
INFO:root:Generation: 70
INFO:root:pop fitness: 0.11478666666666669
INFO:root:elite fitness: 0.20098666666666667
INFO:root:Generation: 74
INFO:root:pop fitness: 0.12258666666666665
INFO:root:elite fitness: 0.21554666666666666
INFO:root:Generation: 71
INFO:root:pop fitness: 0.11426666666666667
INFO:root:elite fitness: 0.20305333333333334
INFO:root:Generation: 75
INFO:root:pop fitness: 0.11780666666666666
INFO:root:elite fitness: 0.2149466666666667
INFO:root:Generation: 72
INFO:root:pop fitness: 0.11878666666666665
INFO:root:elite fitness: 0.19231999999999996
INFO:root:Generation: 76
INFO:root:pop fitness: 0.129
INFO:root:elite fitness: 0.242
INFO:root:Generation: 73
INFO:root:pop fitness: 0.12072000000000001
INFO:root:elite fitness: 0.2108133333333333
INFO:root:Generation: 77
INFO:root:pop fitness: 0.12671333333333332
INFO:root:elite fitness: 0.21496
INFO:root:Generation: 74
INFO:root:pop fitness: 0.12334666666666666
INFO:root:elite fitness: 0.21427999999999997
INFO:root:Generation: 78
INFO:root:pop fitness: 0.1225
INFO:root:elite fitness: 0.20096
INFO:root:Generation: 75
INFO:root:pop fitness: 0.12078666666666668
INFO:root:elite fitness: 0.22677333333333333
INFO:root:Generation: 79
INFO:root:pop fitness: 0.12010666666666665
INFO:root:elite fitness: 0.20465333333333333
INFO:root:Generation: 76
INFO:root:pop fitness: 0.12558
INFO:root:elite fitness: 0.21225333333333332
INFO:root:Generation: 80
INFO:root:pop fitness: 0.12342666666666666
INFO:root:elite fitness: 0.22590666666666664
INFO:root:Generation: 77
INFO:root:pop fitness: 0.1257
INFO:root:elite fitness: 0.2348666666666667
INFO:root:Generation: 81
INFO:root:pop fitness: 0.11354666666666667
INFO:root:elite fitness: 0.22200000000000003
INFO:root:Generation: 78
INFO:root:pop fitness: 0.12047999999999998
INFO:root:elite fitness: 0.21882666666666664
INFO:root:Generation: 82
INFO:root:pop fitness: 0.11827999999999998
INFO:root:elite fitness: 0.2101066666666667
INFO:root:Generation: 79
INFO:root:pop fitness: 0.13345333333333334
INFO:root:elite fitness: 0.2423600000000001
INFO:root:Generation: 83
INFO:root:pop fitness: 0.10851999999999999
INFO:root:elite fitness: 0.2121866666666667
INFO:root:Generation: 84
INFO:root:pop fitness: 0.12007999999999998
INFO:root:elite fitness: 0.20559999999999998
INFO:root:Generation: 80
INFO:root:pop fitness: 0.12736
INFO:root:elite fitness: 0.22477333333333335
INFO:root:Generation: 85
INFO:root:pop fitness: 0.12552000000000002
INFO:root:elite fitness: 0.23184000000000002
INFO:root:Generation: 81
INFO:root:pop fitness: 0.12270666666666666
INFO:root:elite fitness: 0.2258666666666667
INFO:root:Generation: 86
INFO:root:pop fitness: 0.12308666666666668
INFO:root:elite fitness: 0.21610666666666664
INFO:root:Generation: 82
INFO:root:pop fitness: 0.12091333333333333
INFO:root:elite fitness: 0.20684
INFO:root:Generation: 87
INFO:root:pop fitness: 0.12492
INFO:root:elite fitness: 0.21106666666666668
INFO:root:Generation: 83
INFO:root:pop fitness: 0.11710666666666666
INFO:root:elite fitness: 0.2150133333333333
INFO:root:Generation: 88
INFO:root:pop fitness: 0.12228666666666664
INFO:root:elite fitness: 0.21421333333333337
INFO:root:Generation: 84
INFO:root:pop fitness: 0.11548000000000001
INFO:root:elite fitness: 0.19169333333333333
INFO:root:Generation: 89
INFO:root:pop fitness: 0.13051999999999997
INFO:root:elite fitness: 0.2473866666666667
INFO:root:Generation: 85
INFO:root:pop fitness: 0.12517333333333333
INFO:root:elite fitness: 0.2189333333333333
INFO:root:Generation: 90
INFO:root:pop fitness: 0.13452666666666668
INFO:root:elite fitness: 0.237
INFO:root:Generation: 86
INFO:root:pop fitness: 0.1371666666666667
INFO:root:elite fitness: 0.24553333333333338
INFO:root:Generation: 91
INFO:root:pop fitness: 0.12497333333333333
INFO:root:elite fitness: 0.21741333333333335
INFO:root:Generation: 87
INFO:root:pop fitness: 0.11632
INFO:root:elite fitness: 0.19577333333333333
INFO:root:Generation: 92
INFO:root:pop fitness: 0.12421333333333334
INFO:root:elite fitness: 0.20766666666666667
INFO:root:Generation: 88
INFO:root:pop fitness: 0.12340666666666664
INFO:root:elite fitness: 0.22994666666666666
INFO:root:Generation: 93
INFO:root:pop fitness: 0.12573333333333334
INFO:root:elite fitness: 0.22851999999999995
INFO:root:Generation: 89
INFO:root:pop fitness: 0.13190666666666664
INFO:root:elite fitness: 0.2375866666666666
INFO:root:Generation: 94
INFO:root:pop fitness: 0.12321333333333333
INFO:root:elite fitness: 0.22674666666666668
INFO:root:Generation: 90
INFO:root:pop fitness: 0.1546
INFO:root:elite fitness: 0.2707199999999999
INFO:root:Generation: 95
INFO:root:pop fitness: 0.1260133333333333
INFO:root:elite fitness: 0.21497333333333335
INFO:root:Generation: 91
INFO:root:pop fitness: 0.12663333333333335
INFO:root:elite fitness: 0.22866666666666666
INFO:root:Generation: 96
INFO:root:pop fitness: 0.13413333333333333
INFO:root:elite fitness: 0.21656
INFO:root:Generation: 92
INFO:root:pop fitness: 0.14319333333333334
INFO:root:elite fitness: 0.24298666666666666
INFO:root:Generation: 97
INFO:root:pop fitness: 0.13634666666666667
INFO:root:elite fitness: 0.22682666666666662
INFO:root:Generation: 93
INFO:root:pop fitness: 0.13158666666666666
INFO:root:elite fitness: 0.23046666666666668
INFO:root:Generation: 98
INFO:root:pop fitness: 0.12993333333333332
INFO:root:elite fitness: 0.2301466666666667
INFO:root:Generation: 99
INFO:root:pop fitness: 0.12443333333333333
INFO:root:elite fitness: 0.21044000000000002
INFO:root:Generation: 94
INFO:root:pop fitness: 0.13192
INFO:root:elite fitness: 0.22181333333333328
INFO:root:Generation: 100
INFO:root:pop fitness: 0.12825333333333333
INFO:root:elite fitness: 0.22460000000000008
INFO:root:Generation: 95
INFO:root:pop fitness: 0.11764000000000001
INFO:root:elite fitness: 0.202
INFO:root:Generation: 101
INFO:root:pop fitness: 0.10057333333333333
INFO:root:elite fitness: 0.19140000000000001
INFO:root:Generation: 96
INFO:root:pop fitness: 0.14859333333333333
INFO:root:elite fitness: 0.26216000000000006
INFO:root:Generation: 102
INFO:root:pop fitness: 0.12356666666666667
INFO:root:elite fitness: 0.2132
INFO:root:Generation: 97
INFO:root:pop fitness: 0.13701999999999998
INFO:root:elite fitness: 0.21957333333333334
INFO:root:Generation: 103
INFO:root:pop fitness: 0.12578666666666669
INFO:root:elite fitness: 0.22973333333333334
INFO:root:Generation: 98
INFO:root:pop fitness: 0.13792666666666667
INFO:root:elite fitness: 0.25479999999999997
INFO:root:Generation: 104
INFO:root:pop fitness: 0.12063333333333336
INFO:root:elite fitness: 0.22091999999999998
INFO:root:Generation: 99
INFO:root:pop fitness: 0.12932
INFO:root:elite fitness: 0.20996
INFO:root:Generation: 105
INFO:root:pop fitness: 0.13184666666666667
INFO:root:elite fitness: 0.2300533333333334
INFO:root:Generation: 100
INFO:root:pop fitness: 0.12745333333333334
INFO:root:elite fitness: 0.21785333333333332
INFO:root:Generation: 106
INFO:root:pop fitness: 0.13722666666666666
INFO:root:elite fitness: 0.2338666666666667
INFO:root:Generation: 101
INFO:root:pop fitness: 0.12389333333333336
INFO:root:elite fitness: 0.24194666666666667
INFO:root:Generation: 107
INFO:root:pop fitness: 0.13237333333333334
INFO:root:elite fitness: 0.21628
INFO:root:Generation: 102
INFO:root:pop fitness: 0.1262
INFO:root:elite fitness: 0.24180000000000007
INFO:root:Generation: 108
INFO:root:pop fitness: 0.13685333333333335
INFO:root:elite fitness: 0.23121333333333338
INFO:root:Generation: 103
INFO:root:pop fitness: 0.13673333333333332
INFO:root:elite fitness: 0.22344
INFO:root:Generation: 109
INFO:root:pop fitness: 0.125
INFO:root:elite fitness: 0.21830666666666668
INFO:root:Generation: 104
INFO:root:pop fitness: 0.14550666666666667
INFO:root:elite fitness: 0.2453066666666667
INFO:root:Generation: 110
INFO:root:pop fitness: 0.12731333333333333
INFO:root:elite fitness: 0.22278666666666672
INFO:root:Generation: 105
INFO:root:pop fitness: 0.14186
INFO:root:elite fitness: 0.23992
INFO:root:Generation: 111
INFO:root:pop fitness: 0.13061999999999999
INFO:root:elite fitness: 0.22304000000000002
INFO:root:Generation: 106
INFO:root:pop fitness: 0.13712000000000002
INFO:root:elite fitness: 0.2451733333333333
INFO:root:Generation: 112
INFO:root:pop fitness: 0.13860666666666668
INFO:root:elite fitness: 0.22117333333333333
INFO:root:Generation: 107
INFO:root:pop fitness: 0.13762
INFO:root:elite fitness: 0.23414666666666667
INFO:root:Generation: 113
INFO:root:pop fitness: 0.1211
INFO:root:elite fitness: 0.20456
INFO:root:Generation: 108
INFO:root:pop fitness: 0.13206
INFO:root:elite fitness: 0.23035999999999995
INFO:root:Generation: 114
INFO:root:pop fitness: 0.12587333333333334
INFO:root:elite fitness: 0.21958666666666668
INFO:root:Generation: 109
INFO:root:pop fitness: 0.13427333333333336
INFO:root:elite fitness: 0.21818666666666667
INFO:root:Generation: 115
INFO:root:pop fitness: 0.13876666666666665
INFO:root:elite fitness: 0.24820000000000003
INFO:root:Generation: 110
INFO:root:pop fitness: 0.13839333333333334
INFO:root:elite fitness: 0.22765333333333335
INFO:root:Generation: 116
INFO:root:pop fitness: 0.13001333333333334
INFO:root:elite fitness: 0.25036
INFO:root:Generation: 111
INFO:root:pop fitness: 0.14683333333333332
INFO:root:elite fitness: 0.24953333333333333
INFO:root:Generation: 117
INFO:root:pop fitness: 0.12524000000000002
INFO:root:elite fitness: 0.22646666666666665
INFO:root:Generation: 112
INFO:root:pop fitness: 0.14391333333333334
INFO:root:elite fitness: 0.23528000000000002
INFO:root:Generation: 118
INFO:root:pop fitness: 0.13941333333333333
INFO:root:elite fitness: 0.24063999999999997
INFO:root:Generation: 113
INFO:root:pop fitness: 0.13664666666666667
INFO:root:elite fitness: 0.24063999999999997
INFO:root:Generation: 119
INFO:root:pop fitness: 0.1341733333333333
INFO:root:elite fitness: 0.22142666666666672
INFO:root:Generation: 114
INFO:root:pop fitness: 0.13528
INFO:root:elite fitness: 0.23993333333333336
INFO:root:Generation: 120
INFO:root:pop fitness: 0.12993333333333332
INFO:root:elite fitness: 0.24617333333333336
INFO:root:Generation: 121
INFO:root:pop fitness: 0.13318666666666665
INFO:root:elite fitness: 0.22733333333333333
INFO:root:Generation: 115
INFO:root:pop fitness: 0.12513333333333335
INFO:root:elite fitness: 0.2039733333333333
INFO:root:Generation: 122
INFO:root:pop fitness: 0.13240666666666667
INFO:root:elite fitness: 0.23586666666666664
INFO:root:Generation: 116
INFO:root:pop fitness: 0.12865333333333334
INFO:root:elite fitness: 0.22773333333333326
INFO:root:Generation: 123
INFO:root:pop fitness: 0.13814
INFO:root:elite fitness: 0.24569333333333332
INFO:root:Generation: 117
INFO:root:pop fitness: 0.1311333333333333
INFO:root:elite fitness: 0.21939999999999998
INFO:root:Generation: 124
INFO:root:pop fitness: 0.1269266666666667
INFO:root:elite fitness: 0.20838666666666666
INFO:root:Generation: 118
INFO:root:pop fitness: 0.1355666666666666
INFO:root:elite fitness: 0.24756
INFO:root:Generation: 125
INFO:root:pop fitness: 0.12837333333333334
INFO:root:elite fitness: 0.21234666666666666
INFO:root:Generation: 119
INFO:root:pop fitness: 0.12977999999999998
INFO:root:elite fitness: 0.21034666666666665
INFO:root:Generation: 126
INFO:root:pop fitness: 0.12888
INFO:root:elite fitness: 0.23104000000000005
INFO:root:Generation: 120
INFO:root:pop fitness: 0.1379733333333333
INFO:root:elite fitness: 0.23926666666666668
INFO:root:Generation: 127
INFO:root:pop fitness: 0.13533333333333333
INFO:root:elite fitness: 0.24822666666666662
INFO:root:Generation: 121
INFO:root:pop fitness: 0.13289333333333334
INFO:root:elite fitness: 0.22066666666666662
INFO:root:Generation: 128
INFO:root:pop fitness: 0.13548
INFO:root:elite fitness: 0.23967999999999998
INFO:root:Generation: 122
INFO:root:pop fitness: 0.13757333333333333
INFO:root:elite fitness: 0.2447466666666667
INFO:root:Generation: 129
INFO:root:pop fitness: 0.13369999999999999
INFO:root:elite fitness: 0.21990666666666664
INFO:root:Generation: 123
INFO:root:pop fitness: 0.15480666666666668
INFO:root:elite fitness: 0.25479999999999997
INFO:root:Generation: 130
INFO:root:pop fitness: 0.14274
INFO:root:elite fitness: 0.24757333333333334
INFO:root:Generation: 124
INFO:root:pop fitness: 0.14478
INFO:root:elite fitness: 0.24362666666666674
INFO:root:Generation: 131
INFO:root:pop fitness: 0.13334666666666667
INFO:root:elite fitness: 0.22585333333333332
INFO:root:Generation: 125
INFO:root:pop fitness: 0.14023333333333332
INFO:root:elite fitness: 0.23539999999999997
INFO:root:Generation: 132
INFO:root:pop fitness: 0.13643333333333332
INFO:root:elite fitness: 0.22969333333333333
INFO:root:Generation: 133
INFO:root:pop fitness: 0.13986
INFO:root:elite fitness: 0.24446666666666672
INFO:root:Generation: 126
INFO:root:pop fitness: 0.1377733333333333
INFO:root:elite fitness: 0.23309333333333337
INFO:root:Generation: 134
INFO:root:pop fitness: 0.13047333333333333
INFO:root:elite fitness: 0.2451066666666667
INFO:root:Generation: 127
INFO:root:pop fitness: 0.14662
INFO:root:elite fitness: 0.25478666666666666
INFO:root:Generation: 135
INFO:root:pop fitness: 0.13442666666666667
INFO:root:elite fitness: 0.23462666666666665
INFO:root:Generation: 128
INFO:root:pop fitness: 0.14123333333333335
INFO:root:elite fitness: 0.24821333333333329
INFO:root:Generation: 136
INFO:root:pop fitness: 0.14583333333333334
INFO:root:elite fitness: 0.25068
INFO:root:Generation: 129
INFO:root:pop fitness: 0.14834666666666668
INFO:root:elite fitness: 0.25499999999999995
INFO:root:Generation: 137
INFO:root:pop fitness: 0.1341733333333333
INFO:root:elite fitness: 0.24350666666666665
INFO:root:Generation: 130
INFO:root:pop fitness: 0.15492666666666668
INFO:root:elite fitness: 0.2771600000000001
INFO:root:Generation: 138
INFO:root:pop fitness: 0.14222000000000004
INFO:root:elite fitness: 0.22430666666666668
INFO:root:Generation: 131
INFO:root:pop fitness: 0.14293999999999998
INFO:root:elite fitness: 0.25978666666666667
INFO:root:Generation: 139
INFO:root:pop fitness: 0.13727999999999999
INFO:root:elite fitness: 0.22897333333333336
INFO:root:Generation: 132
INFO:root:pop fitness: 0.14160666666666663
INFO:root:elite fitness: 0.2611866666666667
INFO:root:Generation: 140
INFO:root:pop fitness: 0.13804
INFO:root:elite fitness: 0.26710666666666666
INFO:root:Generation: 133
INFO:root:pop fitness: 0.1341866666666667
INFO:root:elite fitness: 0.22454666666666667
INFO:root:Generation: 141
INFO:root:pop fitness: 0.13556666666666667
INFO:root:elite fitness: 0.23947999999999997
INFO:root:Generation: 134
INFO:root:pop fitness: 0.14354666666666666
INFO:root:elite fitness: 0.2531866666666667
INFO:root:Generation: 142
INFO:root:pop fitness: 0.1449266666666667
INFO:root:elite fitness: 0.24984
INFO:root:Generation: 135
INFO:root:pop fitness: 0.14954000000000003
INFO:root:elite fitness: 0.2374533333333333
INFO:root:Generation: 143
INFO:root:pop fitness: 0.13954666666666668
INFO:root:elite fitness: 0.2185333333333333
INFO:root:Generation: 136
INFO:root:pop fitness: 0.14478
INFO:root:elite fitness: 0.24691999999999997
INFO:root:Generation: 144
INFO:root:pop fitness: 0.1407
INFO:root:elite fitness: 0.2489466666666667
INFO:root:Generation: 137
INFO:root:pop fitness: 0.15171333333333337
INFO:root:elite fitness: 0.25204
INFO:root:Generation: 145
INFO:root:pop fitness: 0.14740666666666666
INFO:root:elite fitness: 0.2546
INFO:root:Generation: 138
INFO:root:pop fitness: 0.1473066666666667
INFO:root:elite fitness: 0.2504133333333334
INFO:root:Generation: 146
INFO:root:pop fitness: 0.14201333333333332
INFO:root:elite fitness: 0.2665066666666666
INFO:root:Generation: 139
INFO:root:pop fitness: 0.14142000000000002
INFO:root:elite fitness: 0.23897333333333326
INFO:root:Generation: 147
INFO:root:pop fitness: 0.14647333333333334
INFO:root:elite fitness: 0.26352000000000003
INFO:root:Generation: 140
INFO:root:pop fitness: 0.13687333333333332
INFO:root:elite fitness: 0.22775999999999996
INFO:root:Generation: 148
INFO:root:pop fitness: 0.13452
INFO:root:elite fitness: 0.22393333333333335
INFO:root:Generation: 141
INFO:root:pop fitness: 0.14700000000000002
INFO:root:elite fitness: 0.2699733333333333
INFO:root:Generation: 149
INFO:root:pop fitness: 0.14754666666666666
INFO:root:elite fitness: 0.27921333333333337
INFO:root:Generation: 142
INFO:root:pop fitness: 0.16407999999999998
INFO:root:elite fitness: 0.25776
INFO:root:Generation: 150
INFO:root:pop fitness: 0.15249333333333334
INFO:root:elite fitness: 0.25232
INFO:root:Generation: 151
INFO:root:pop fitness: 0.13305999999999998
INFO:root:elite fitness: 0.22667999999999996
INFO:root:Generation: 143
INFO:root:pop fitness: 0.14276666666666665
INFO:root:elite fitness: 0.26014666666666664
INFO:root:Generation: 152
INFO:root:pop fitness: 0.13524666666666665
INFO:root:elite fitness: 0.26119999999999993
INFO:root:Generation: 144
INFO:root:pop fitness: 0.13537333333333335
INFO:root:elite fitness: 0.2376266666666667
INFO:root:Generation: 153
INFO:root:pop fitness: 0.14631333333333332
INFO:root:elite fitness: 0.2436133333333334
INFO:root:Generation: 145
INFO:root:pop fitness: 0.14031999999999997
INFO:root:elite fitness: 0.24450666666666662
INFO:root:Generation: 154
INFO:root:pop fitness: 0.14819333333333332
INFO:root:elite fitness: 0.24657333333333337
INFO:root:Generation: 146
INFO:root:pop fitness: 0.14072666666666667
INFO:root:elite fitness: 0.24782666666666667
INFO:root:Generation: 155
INFO:root:pop fitness: 0.14561333333333334
INFO:root:elite fitness: 0.25912
INFO:root:Generation: 147
INFO:root:pop fitness: 0.13530666666666666
INFO:root:elite fitness: 0.22894666666666671
INFO:root:Generation: 156
INFO:root:pop fitness: 0.13544666666666666
INFO:root:elite fitness: 0.24152
INFO:root:Generation: 148
INFO:root:pop fitness: 0.15569333333333332
INFO:root:elite fitness: 0.2476266666666667
INFO:root:Generation: 157
INFO:root:pop fitness: 0.15568666666666667
INFO:root:elite fitness: 0.25695999999999997
INFO:root:Generation: 158
INFO:root:pop fitness: 0.13712
INFO:root:elite fitness: 0.2402
INFO:root:Generation: 149
INFO:root:pop fitness: 0.14517333333333335
INFO:root:elite fitness: 0.24135999999999996
INFO:root:Generation: 150
INFO:root:pop fitness: 0.14546666666666666
INFO:root:elite fitness: 0.2566666666666667
INFO:root:Generation: 159
INFO:root:pop fitness: 0.13194666666666668
INFO:root:elite fitness: 0.23842666666666668
INFO:root:Generation: 151
INFO:root:pop fitness: 0.14946
INFO:root:elite fitness: 0.25741333333333327
INFO:root:Generation: 160
INFO:root:pop fitness: 0.13695333333333332
INFO:root:elite fitness: 0.23080000000000003
INFO:root:Generation: 152
INFO:root:pop fitness: 0.15022666666666665
INFO:root:elite fitness: 0.2407466666666667
INFO:root:Generation: 153
INFO:root:pop fitness: 0.15095333333333333
INFO:root:elite fitness: 0.26955999999999997
INFO:root:Generation: 161
INFO:root:pop fitness: 0.15725333333333333
INFO:root:elite fitness: 0.25710666666666665
INFO:root:Generation: 154
INFO:root:pop fitness: 0.14129333333333333
INFO:root:elite fitness: 0.2567466666666667
INFO:root:Generation: 162
INFO:root:pop fitness: 0.14259333333333332
INFO:root:elite fitness: 0.24649333333333337
INFO:root:Generation: 163
INFO:root:pop fitness: 0.13524
INFO:root:elite fitness: 0.2290266666666667
INFO:root:Generation: 155
INFO:root:pop fitness: 0.13799333333333336
INFO:root:elite fitness: 0.24797333333333338
INFO:root:Generation: 164
INFO:root:pop fitness: 0.14058
INFO:root:elite fitness: 0.23575999999999997
INFO:root:Generation: 156
INFO:root:pop fitness: 0.13699333333333333
INFO:root:elite fitness: 0.23238666666666669
INFO:root:Generation: 165
INFO:root:pop fitness: 0.14601333333333333
INFO:root:elite fitness: 0.25889333333333336
INFO:root:Generation: 157
INFO:root:pop fitness: 0.14359333333333335
INFO:root:elite fitness: 0.25048000000000004
INFO:root:Generation: 166
INFO:root:pop fitness: 0.15308666666666668
INFO:root:elite fitness: 0.2507466666666667
INFO:root:Generation: 158
INFO:root:pop fitness: 0.14922666666666667
INFO:root:elite fitness: 0.24990666666666664
INFO:root:Generation: 167
INFO:root:pop fitness: 0.1434
INFO:root:elite fitness: 0.24545333333333336
INFO:root:Generation: 159
INFO:root:pop fitness: 0.14887333333333333
INFO:root:elite fitness: 0.24433333333333332
INFO:root:Generation: 168
INFO:root:pop fitness: 0.14467333333333335
INFO:root:elite fitness: 0.24084000000000003
INFO:root:Generation: 160
INFO:root:pop fitness: 0.13614666666666667
INFO:root:elite fitness: 0.24350666666666665
INFO:root:Generation: 169
INFO:root:pop fitness: 0.14660666666666666
INFO:root:elite fitness: 0.24511999999999995
INFO:root:Generation: 161
INFO:root:pop fitness: 0.14897999999999997
INFO:root:elite fitness: 0.25653333333333334
INFO:root:Generation: 170
INFO:root:pop fitness: 0.13914
INFO:root:elite fitness: 0.25593333333333335
INFO:root:Generation: 162
INFO:root:pop fitness: 0.1501533333333333
INFO:root:elite fitness: 0.25418666666666667
INFO:root:Generation: 171
INFO:root:pop fitness: 0.13427333333333333
INFO:root:elite fitness: 0.2302133333333333
INFO:root:Generation: 163
INFO:root:pop fitness: 0.14101333333333335
INFO:root:elite fitness: 0.24295999999999998
INFO:root:Generation: 172
INFO:root:pop fitness: 0.14906666666666665
INFO:root:elite fitness: 0.24673333333333336
INFO:root:Generation: 164
INFO:root:pop fitness: 0.14217333333333335
INFO:root:elite fitness: 0.24298666666666666
INFO:root:Generation: 173
INFO:root:pop fitness: 0.14392000000000002
INFO:root:elite fitness: 0.24385333333333337
INFO:root:Generation: 165
INFO:root:pop fitness: 0.15316666666666667
INFO:root:elite fitness: 0.2603066666666667
INFO:root:Generation: 174
INFO:root:pop fitness: 0.15388666666666664
INFO:root:elite fitness: 0.25189333333333336
INFO:root:Generation: 175
INFO:root:pop fitness: 0.13811333333333334
INFO:root:elite fitness: 0.23902666666666667
INFO:root:Generation: 166
INFO:root:pop fitness: 0.13657333333333332
INFO:root:elite fitness: 0.2349466666666667
INFO:root:Generation: 176
INFO:root:pop fitness: 0.13304000000000002
INFO:root:elite fitness: 0.2291066666666667
INFO:root:Generation: 167
INFO:root:pop fitness: 0.14970666666666665
INFO:root:elite fitness: 0.2586933333333333
INFO:root:Generation: 177
INFO:root:pop fitness: 0.1496066666666667
INFO:root:elite fitness: 0.24319999999999994
INFO:root:Generation: 178
INFO:root:pop fitness: 0.13837333333333335
INFO:root:elite fitness: 0.23558666666666667
INFO:root:Generation: 168
INFO:root:pop fitness: 0.15411333333333332
INFO:root:elite fitness: 0.24668000000000007
INFO:root:Generation: 179
INFO:root:pop fitness: 0.13508666666666666
INFO:root:elite fitness: 0.23421333333333333
INFO:root:Generation: 169
INFO:root:pop fitness: 0.14191333333333334
INFO:root:elite fitness: 0.2411466666666667
INFO:root:Generation: 180
INFO:root:pop fitness: 0.14486666666666667
INFO:root:elite fitness: 0.24255999999999994
INFO:root:Generation: 170
INFO:root:pop fitness: 0.14794
INFO:root:elite fitness: 0.23984000000000005
INFO:root:Generation: 181
INFO:root:pop fitness: 0.15371333333333334
INFO:root:elite fitness: 0.24633333333333335
INFO:root:Generation: 171
INFO:root:pop fitness: 0.14032
INFO:root:elite fitness: 0.22438666666666668
INFO:root:Generation: 182
INFO:root:pop fitness: 0.15983333333333333
INFO:root:elite fitness: 0.27610666666666667
INFO:root:Generation: 172
INFO:root:pop fitness: 0.14859333333333336
INFO:root:elite fitness: 0.2531866666666667
INFO:root:Generation: 183
INFO:root:pop fitness: 0.12930666666666668
INFO:root:elite fitness: 0.2471066666666667
INFO:root:Generation: 184
INFO:root:pop fitness: 0.15505333333333332
INFO:root:elite fitness: 0.26499999999999996
INFO:root:Generation: 173
INFO:root:pop fitness: 0.14167333333333335
INFO:root:elite fitness: 0.2392666666666667
INFO:root:Generation: 185
INFO:root:pop fitness: 0.1433866666666667
INFO:root:elite fitness: 0.24314666666666668
INFO:root:Generation: 174
INFO:root:pop fitness: 0.14312666666666668
INFO:root:elite fitness: 0.2408
INFO:root:Generation: 186
INFO:root:pop fitness: 0.14971333333333334
INFO:root:elite fitness: 0.2513066666666667
INFO:root:Generation: 175
INFO:root:pop fitness: 0.13988000000000003
INFO:root:elite fitness: 0.2295066666666667
INFO:root:Generation: 187
INFO:root:pop fitness: 0.14631333333333332
INFO:root:elite fitness: 0.24169333333333337
INFO:root:Generation: 176
INFO:root:pop fitness: 0.14076666666666668
INFO:root:elite fitness: 0.23777333333333336
INFO:root:Generation: 188
INFO:root:pop fitness: 0.14591333333333334
INFO:root:elite fitness: 0.24833333333333332
INFO:root:Generation: 177
INFO:root:pop fitness: 0.14240666666666665
INFO:root:elite fitness: 0.24171999999999996
INFO:root:Generation: 189
INFO:root:pop fitness: 0.13898666666666665
INFO:root:elite fitness: 0.2437066666666666
INFO:root:Generation: 178
INFO:root:pop fitness: 0.13182
INFO:root:elite fitness: 0.23641333333333336
INFO:root:Generation: 190
INFO:root:pop fitness: 0.1396933333333333
INFO:root:elite fitness: 0.22200000000000003
INFO:root:Generation: 179
INFO:root:pop fitness: 0.13398666666666667
INFO:root:elite fitness: 0.2232533333333334
INFO:root:Generation: 191
INFO:root:pop fitness: 0.14246666666666666
INFO:root:elite fitness: 0.24285333333333337
INFO:root:Generation: 180
INFO:root:pop fitness: 0.14695999999999998
INFO:root:elite fitness: 0.24786666666666662
INFO:root:Generation: 192
INFO:root:pop fitness: 0.14584666666666668
INFO:root:elite fitness: 0.23935999999999993
INFO:root:Generation: 181
INFO:root:pop fitness: 0.15087333333333333
INFO:root:elite fitness: 0.25061333333333335
INFO:root:Generation: 193
INFO:root:pop fitness: 0.14591333333333334
INFO:root:elite fitness: 0.25148
INFO:root:Generation: 182
INFO:root:pop fitness: 0.14795999999999998
INFO:root:elite fitness: 0.2609066666666667
INFO:root:Generation: 194
INFO:root:pop fitness: 0.15387333333333333
INFO:root:elite fitness: 0.23341333333333333
INFO:root:Generation: 183
INFO:root:pop fitness: 0.13822
INFO:root:elite fitness: 0.23450666666666664
INFO:root:Generation: 195
INFO:root:pop fitness: 0.14674666666666666
INFO:root:elite fitness: 0.23681333333333326
INFO:root:Generation: 196
INFO:root:pop fitness: 0.14621333333333333
INFO:root:elite fitness: 0.24024
INFO:root:Generation: 184
INFO:root:pop fitness: 0.12935333333333335
INFO:root:elite fitness: 0.23967999999999998
INFO:root:Generation: 197
INFO:root:pop fitness: 0.15108
INFO:root:elite fitness: 0.26898666666666665
INFO:root:Generation: 185
INFO:root:pop fitness: 0.15296666666666667
INFO:root:elite fitness: 0.25823999999999997
INFO:root:Generation: 198
INFO:root:pop fitness: 0.1564066666666667
INFO:root:elite fitness: 0.27852000000000005
INFO:root:Generation: 186
INFO:root:pop fitness: 0.1518533333333333
INFO:root:elite fitness: 0.24023999999999995
INFO:root:Generation: 199
INFO:root:pop fitness: 0.1496066666666667
INFO:root:elite fitness: 0.23938666666666664
INFO:root:Generation: 187
INFO:root:pop fitness: 0.14548666666666668
INFO:root:elite fitness: 0.24271999999999996
INFO:root:Generation: 188
INFO:root:pop fitness: 0.15826
INFO:root:elite fitness: 0.2581733333333333
INFO:root:Generation: 189
INFO:root:pop fitness: 0.14293333333333333
INFO:root:elite fitness: 0.24873333333333336
INFO:root:Generation: 190
INFO:root:pop fitness: 0.15002666666666664
INFO:root:elite fitness: 0.25706666666666667
INFO:root:Generation: 191
INFO:root:pop fitness: 0.14436
INFO:root:elite fitness: 0.2505066666666666
INFO:root:Generation: 192
INFO:root:pop fitness: 0.14679333333333333
INFO:root:elite fitness: 0.25811999999999996
INFO:root:Generation: 193
INFO:root:pop fitness: 0.15302
INFO:root:elite fitness: 0.2624
INFO:root:Generation: 194
INFO:root:pop fitness: 0.16013333333333332
INFO:root:elite fitness: 0.26184
INFO:root:Generation: 195
INFO:root:pop fitness: 0.14792000000000002
INFO:root:elite fitness: 0.2250666666666667
INFO:root:Generation: 196
INFO:root:pop fitness: 0.1426666666666667
INFO:root:elite fitness: 0.24149333333333337
INFO:root:Generation: 197
INFO:root:pop fitness: 0.15414666666666665
INFO:root:elite fitness: 0.27050666666666673
INFO:root:Generation: 198
INFO:root:pop fitness: 0.1315933333333333
INFO:root:elite fitness: 0.21437333333333333
INFO:root:Generation: 199
INFO:root:pop fitness: 0.14559333333333335
INFO:root:elite fitness: 0.2520933333333334
