INFO:root:run_master: Namespace(arms='10', hidden='8', layers='3', max_gen='200', message='', mutation_mag='0.01', name='cumulativeRwd', noise=False, pop_size='100', save_result=True, steps='1', trials='100')
INFO:root:run_master: Namespace(arms='10', hidden='8', layers='3', max_gen='200', message='', mutation_mag='0.01', name='cumulativeRwd', noise=True, pop_size='100', save_result=True, steps='1', trials='100')
INFO:root:Generation: 0
INFO:root:pop fitness: 0.49781
INFO:root:elite fitness: 0.53614
INFO:root:Generation: 0
INFO:root:pop fitness: 0.49791000000000013
INFO:root:elite fitness: 0.5412399999999999
INFO:root:Generation: 1
INFO:root:pop fitness: 0.49877999999999995
INFO:root:elite fitness: 0.53456
INFO:root:Generation: 1
INFO:root:pop fitness: 0.49957
INFO:root:elite fitness: 0.52986
INFO:root:Generation: 2
INFO:root:pop fitness: 0.49894000000000005
INFO:root:elite fitness: 0.53836
INFO:root:Generation: 2
INFO:root:pop fitness: 0.49639999999999995
INFO:root:elite fitness: 0.5367200000000001
INFO:root:Generation: 3
INFO:root:pop fitness: 0.49705000000000005
INFO:root:elite fitness: 0.53278
INFO:root:Generation: 3
INFO:root:pop fitness: 0.49773999999999996
INFO:root:elite fitness: 0.54478
INFO:root:Generation: 4
INFO:root:pop fitness: 0.5069299999999999
INFO:root:elite fitness: 0.5427599999999999
INFO:root:Generation: 4
INFO:root:pop fitness: 0.50524
INFO:root:elite fitness: 0.5501600000000001
INFO:root:Generation: 5
INFO:root:pop fitness: 0.5006
INFO:root:elite fitness: 0.54242
INFO:root:Generation: 5
INFO:root:pop fitness: 0.49726
INFO:root:elite fitness: 0.5428400000000001
INFO:root:Generation: 6
INFO:root:pop fitness: 0.50357
INFO:root:elite fitness: 0.54952
INFO:root:Generation: 6
INFO:root:pop fitness: 0.49682000000000004
INFO:root:elite fitness: 0.5357999999999999
INFO:root:Generation: 7
INFO:root:pop fitness: 0.49747
INFO:root:elite fitness: 0.5311400000000001
INFO:root:Generation: 7
INFO:root:pop fitness: 0.4935699999999999
INFO:root:elite fitness: 0.53616
INFO:root:Generation: 8
INFO:root:pop fitness: 0.50048
INFO:root:elite fitness: 0.55218
INFO:root:Generation: 9
INFO:root:pop fitness: 0.5070800000000001
INFO:root:elite fitness: 0.54272
INFO:root:Generation: 8
INFO:root:pop fitness: 0.49686
INFO:root:elite fitness: 0.5464800000000001
INFO:root:Generation: 10
INFO:root:pop fitness: 0.5015200000000001
INFO:root:elite fitness: 0.55064
INFO:root:Generation: 9
INFO:root:pop fitness: 0.49581
INFO:root:elite fitness: 0.5499200000000001
INFO:root:Generation: 11
INFO:root:pop fitness: 0.50451
INFO:root:elite fitness: 0.5499
INFO:root:Generation: 10
INFO:root:pop fitness: 0.49939999999999996
INFO:root:elite fitness: 0.54442
INFO:root:Generation: 12
INFO:root:pop fitness: 0.50654
INFO:root:elite fitness: 0.54946
INFO:root:Generation: 11
INFO:root:pop fitness: 0.5045400000000001
INFO:root:elite fitness: 0.5492
INFO:root:Generation: 13
INFO:root:pop fitness: 0.4988200000000001
INFO:root:elite fitness: 0.54696
INFO:root:Generation: 12
INFO:root:pop fitness: 0.49843
INFO:root:elite fitness: 0.54254
INFO:root:Generation: 14
INFO:root:pop fitness: 0.4966700000000001
INFO:root:elite fitness: 0.5410999999999999
INFO:root:Generation: 13
INFO:root:pop fitness: 0.50408
INFO:root:elite fitness: 0.5546
INFO:root:Generation: 15
INFO:root:pop fitness: 0.49796
INFO:root:elite fitness: 0.5457
INFO:root:Generation: 14
INFO:root:pop fitness: 0.5057600000000001
INFO:root:elite fitness: 0.5581
INFO:root:Generation: 16
INFO:root:pop fitness: 0.50339
INFO:root:elite fitness: 0.5568
INFO:root:Generation: 15
INFO:root:pop fitness: 0.4976100000000001
INFO:root:elite fitness: 0.5552
INFO:root:Generation: 17
INFO:root:pop fitness: 0.50626
INFO:root:elite fitness: 0.5524399999999999
INFO:root:Generation: 16
INFO:root:pop fitness: 0.5039300000000001
INFO:root:elite fitness: 0.56114
INFO:root:Generation: 18
INFO:root:pop fitness: 0.5081
INFO:root:elite fitness: 0.5567000000000001
INFO:root:Generation: 17
INFO:root:pop fitness: 0.5078999999999999
INFO:root:elite fitness: 0.56314
INFO:root:Generation: 19
INFO:root:pop fitness: 0.5183300000000002
INFO:root:elite fitness: 0.57052
INFO:root:Generation: 18
INFO:root:pop fitness: 0.51073
INFO:root:elite fitness: 0.57488
INFO:root:Generation: 20
INFO:root:pop fitness: 0.50845
INFO:root:elite fitness: 0.56928
INFO:root:Generation: 21
INFO:root:pop fitness: 0.5232000000000001
INFO:root:elite fitness: 0.5817999999999999
INFO:root:Generation: 19
INFO:root:pop fitness: 0.5032200000000001
INFO:root:elite fitness: 0.55548
INFO:root:Generation: 22
INFO:root:pop fitness: 0.5175
INFO:root:elite fitness: 0.5755399999999998
INFO:root:Generation: 20
INFO:root:pop fitness: 0.50335
INFO:root:elite fitness: 0.56894
INFO:root:Generation: 23
INFO:root:pop fitness: 0.51335
INFO:root:elite fitness: 0.6111
INFO:root:Generation: 21
INFO:root:pop fitness: 0.50495
INFO:root:elite fitness: 0.56054
INFO:root:Generation: 24
INFO:root:pop fitness: 0.52138
INFO:root:elite fitness: 0.5885
INFO:root:Generation: 22
INFO:root:pop fitness: 0.5024799999999999
INFO:root:elite fitness: 0.56474
INFO:root:Generation: 25
INFO:root:pop fitness: 0.52945
INFO:root:elite fitness: 0.61466
INFO:root:Generation: 23
INFO:root:pop fitness: 0.5135700000000001
INFO:root:elite fitness: 0.57064
INFO:root:Generation: 26
INFO:root:pop fitness: 0.5231600000000001
INFO:root:elite fitness: 0.59664
INFO:root:Generation: 24
INFO:root:pop fitness: 0.5086999999999999
INFO:root:elite fitness: 0.5674800000000001
INFO:root:Generation: 27
INFO:root:pop fitness: 0.5415
INFO:root:elite fitness: 0.60442
INFO:root:Generation: 25
INFO:root:pop fitness: 0.49833
INFO:root:elite fitness: 0.5669799999999999
INFO:root:Generation: 28
INFO:root:pop fitness: 0.5385
INFO:root:elite fitness: 0.59672
INFO:root:Generation: 26
INFO:root:pop fitness: 0.51008
INFO:root:elite fitness: 0.5733199999999999
INFO:root:Generation: 29
INFO:root:pop fitness: 0.53958
INFO:root:elite fitness: 0.59856
INFO:root:Generation: 30
INFO:root:pop fitness: 0.52313
INFO:root:elite fitness: 0.58858
INFO:root:Generation: 27
INFO:root:pop fitness: 0.51608
INFO:root:elite fitness: 0.5717800000000001
INFO:root:Generation: 31
INFO:root:pop fitness: 0.53151
INFO:root:elite fitness: 0.6103999999999999
INFO:root:Generation: 28
INFO:root:pop fitness: 0.51654
INFO:root:elite fitness: 0.57286
INFO:root:Generation: 32
INFO:root:pop fitness: 0.5406700000000001
INFO:root:elite fitness: 0.61276
INFO:root:Generation: 29
INFO:root:pop fitness: 0.51416
INFO:root:elite fitness: 0.5710999999999999
INFO:root:Generation: 33
INFO:root:pop fitness: 0.5329400000000001
INFO:root:elite fitness: 0.5956600000000001
INFO:root:Generation: 30
INFO:root:pop fitness: 0.52366
INFO:root:elite fitness: 0.5864
INFO:root:Generation: 34
INFO:root:pop fitness: 0.5251300000000001
INFO:root:elite fitness: 0.59094
INFO:root:Generation: 31
INFO:root:pop fitness: 0.52094
INFO:root:elite fitness: 0.58256
INFO:root:Generation: 35
INFO:root:pop fitness: 0.54064
INFO:root:elite fitness: 0.60362
INFO:root:Generation: 32
INFO:root:pop fitness: 0.5081600000000001
INFO:root:elite fitness: 0.55878
INFO:root:Generation: 36
INFO:root:pop fitness: 0.5363399999999999
INFO:root:elite fitness: 0.60598
INFO:root:Generation: 33
INFO:root:pop fitness: 0.51644
INFO:root:elite fitness: 0.59354
INFO:root:Generation: 37
INFO:root:pop fitness: 0.5551399999999999
INFO:root:elite fitness: 0.62314
INFO:root:Generation: 34
INFO:root:pop fitness: 0.51726
INFO:root:elite fitness: 0.5793400000000001
INFO:root:Generation: 38
INFO:root:pop fitness: 0.54938
INFO:root:elite fitness: 0.62928
INFO:root:Generation: 35
INFO:root:pop fitness: 0.51655
INFO:root:elite fitness: 0.574
INFO:root:Generation: 39
INFO:root:pop fitness: 0.5395399999999999
INFO:root:elite fitness: 0.60838
INFO:root:Generation: 36
INFO:root:pop fitness: 0.5261100000000001
INFO:root:elite fitness: 0.59576
INFO:root:Generation: 40
INFO:root:pop fitness: 0.5483499999999999
INFO:root:elite fitness: 0.6207999999999999
INFO:root:Generation: 41
INFO:root:pop fitness: 0.54973
INFO:root:elite fitness: 0.6247799999999999
INFO:root:Generation: 37
INFO:root:pop fitness: 0.5329699999999999
INFO:root:elite fitness: 0.6127600000000001
INFO:root:Generation: 42
INFO:root:pop fitness: 0.5522600000000001
INFO:root:elite fitness: 0.6268400000000001
INFO:root:Generation: 38
INFO:root:pop fitness: 0.54078
INFO:root:elite fitness: 0.61498
INFO:root:Generation: 43
INFO:root:pop fitness: 0.55775
INFO:root:elite fitness: 0.63592
INFO:root:Generation: 39
INFO:root:pop fitness: 0.54078
INFO:root:elite fitness: 0.59374
INFO:root:Generation: 44
INFO:root:pop fitness: 0.5575800000000001
INFO:root:elite fitness: 0.63184
INFO:root:Generation: 40
INFO:root:pop fitness: 0.5304
INFO:root:elite fitness: 0.59962
INFO:root:Generation: 45
INFO:root:pop fitness: 0.56928
INFO:root:elite fitness: 0.6351
INFO:root:Generation: 41
INFO:root:pop fitness: 0.54743
INFO:root:elite fitness: 0.60748
INFO:root:Generation: 46
INFO:root:pop fitness: 0.56084
INFO:root:elite fitness: 0.65346
INFO:root:Generation: 42
INFO:root:pop fitness: 0.54582
INFO:root:elite fitness: 0.6266999999999999
INFO:root:Generation: 47
INFO:root:pop fitness: 0.55614
INFO:root:elite fitness: 0.6284
INFO:root:Generation: 43
INFO:root:pop fitness: 0.5557099999999999
INFO:root:elite fitness: 0.63204
INFO:root:Generation: 48
INFO:root:pop fitness: 0.55149
INFO:root:elite fitness: 0.6182
INFO:root:Generation: 44
INFO:root:pop fitness: 0.55401
INFO:root:elite fitness: 0.62198
INFO:root:Generation: 49
INFO:root:pop fitness: 0.55644
INFO:root:elite fitness: 0.63464
INFO:root:Generation: 45
INFO:root:pop fitness: 0.55796
INFO:root:elite fitness: 0.6285
INFO:root:Generation: 50
INFO:root:pop fitness: 0.5424899999999999
INFO:root:elite fitness: 0.6286
INFO:root:Generation: 51
INFO:root:pop fitness: 0.55588
INFO:root:elite fitness: 0.62844
INFO:root:Generation: 46
INFO:root:pop fitness: 0.5597500000000001
INFO:root:elite fitness: 0.63194
INFO:root:Generation: 52
INFO:root:pop fitness: 0.55798
INFO:root:elite fitness: 0.63776
INFO:root:Generation: 47
INFO:root:pop fitness: 0.55939
INFO:root:elite fitness: 0.6463800000000001
INFO:root:Generation: 53
INFO:root:pop fitness: 0.55746
INFO:root:elite fitness: 0.6335599999999999
INFO:root:Generation: 48
INFO:root:pop fitness: 0.5579799999999999
INFO:root:elite fitness: 0.6336999999999999
INFO:root:Generation: 54
INFO:root:pop fitness: 0.55049
INFO:root:elite fitness: 0.61594
INFO:root:Generation: 49
INFO:root:pop fitness: 0.5707100000000002
INFO:root:elite fitness: 0.6456000000000001
INFO:root:Generation: 55
INFO:root:pop fitness: 0.55232
INFO:root:elite fitness: 0.6195400000000001
INFO:root:Generation: 50
INFO:root:pop fitness: 0.5728800000000001
INFO:root:elite fitness: 0.65038
INFO:root:Generation: 56
INFO:root:pop fitness: 0.56062
INFO:root:elite fitness: 0.62794
INFO:root:Generation: 51
INFO:root:pop fitness: 0.5657899999999999
INFO:root:elite fitness: 0.6472200000000001
INFO:root:Generation: 57
INFO:root:pop fitness: 0.54908
INFO:root:elite fitness: 0.61856
INFO:root:Generation: 52
INFO:root:pop fitness: 0.57329
INFO:root:elite fitness: 0.6410399999999999
INFO:root:Generation: 58
INFO:root:pop fitness: 0.56362
INFO:root:elite fitness: 0.64696
INFO:root:Generation: 53
INFO:root:pop fitness: 0.5694400000000001
INFO:root:elite fitness: 0.6554800000000001
INFO:root:Generation: 59
INFO:root:pop fitness: 0.5514600000000001
INFO:root:elite fitness: 0.61874
INFO:root:Generation: 54
INFO:root:pop fitness: 0.5739899999999999
INFO:root:elite fitness: 0.6453200000000001
INFO:root:Generation: 60
INFO:root:pop fitness: 0.55443
INFO:root:elite fitness: 0.62564
INFO:root:Generation: 55
INFO:root:pop fitness: 0.57832
INFO:root:elite fitness: 0.66838
INFO:root:Generation: 61
INFO:root:pop fitness: 0.56452
INFO:root:elite fitness: 0.64238
INFO:root:Generation: 56
INFO:root:pop fitness: 0.57003
INFO:root:elite fitness: 0.6601600000000001
INFO:root:Generation: 62
INFO:root:pop fitness: 0.5736600000000001
INFO:root:elite fitness: 0.65054
INFO:root:Generation: 57
INFO:root:pop fitness: 0.56667
INFO:root:elite fitness: 0.6455
INFO:root:Generation: 63
INFO:root:pop fitness: 0.5631900000000001
INFO:root:elite fitness: 0.63676
INFO:root:Generation: 64
INFO:root:pop fitness: 0.57192
INFO:root:elite fitness: 0.6508999999999999
INFO:root:Generation: 58
INFO:root:pop fitness: 0.5768
INFO:root:elite fitness: 0.6528200000000001
INFO:root:Generation: 65
INFO:root:pop fitness: 0.56146
INFO:root:elite fitness: 0.6405
INFO:root:Generation: 59
INFO:root:pop fitness: 0.57539
INFO:root:elite fitness: 0.6530400000000001
INFO:root:Generation: 66
INFO:root:pop fitness: 0.58034
INFO:root:elite fitness: 0.66718
INFO:root:Generation: 60
INFO:root:pop fitness: 0.56874
INFO:root:elite fitness: 0.63808
INFO:root:Generation: 67
INFO:root:pop fitness: 0.57834
INFO:root:elite fitness: 0.6560600000000001
INFO:root:Generation: 61
INFO:root:pop fitness: 0.5874499999999999
INFO:root:elite fitness: 0.6707600000000002
INFO:root:Generation: 68
INFO:root:pop fitness: 0.57464
INFO:root:elite fitness: 0.6476000000000001
INFO:root:Generation: 62
INFO:root:pop fitness: 0.5670100000000001
INFO:root:elite fitness: 0.6480800000000001
INFO:root:Generation: 69
INFO:root:pop fitness: 0.56659
INFO:root:elite fitness: 0.6465
INFO:root:Generation: 63
INFO:root:pop fitness: 0.57303
INFO:root:elite fitness: 0.6580999999999999
INFO:root:Generation: 70
INFO:root:pop fitness: 0.57642
INFO:root:elite fitness: 0.6548
INFO:root:Generation: 64
INFO:root:pop fitness: 0.5753499999999999
INFO:root:elite fitness: 0.65062
INFO:root:Generation: 71
INFO:root:pop fitness: 0.5660799999999999
INFO:root:elite fitness: 0.63362
INFO:root:Generation: 65
INFO:root:pop fitness: 0.58114
INFO:root:elite fitness: 0.67136
INFO:root:Generation: 72
INFO:root:pop fitness: 0.5716199999999999
INFO:root:elite fitness: 0.6551
INFO:root:Generation: 73
INFO:root:pop fitness: 0.5734400000000001
INFO:root:elite fitness: 0.6503
INFO:root:Generation: 66
INFO:root:pop fitness: 0.6105
INFO:root:elite fitness: 0.7004
INFO:root:Generation: 74
INFO:root:pop fitness: 0.59425
INFO:root:elite fitness: 0.6694800000000001
INFO:root:Generation: 67
INFO:root:pop fitness: 0.60438
INFO:root:elite fitness: 0.6897199999999999
INFO:root:Generation: 75
INFO:root:pop fitness: 0.5767800000000001
INFO:root:elite fitness: 0.6498999999999999
INFO:root:Generation: 68
INFO:root:pop fitness: 0.59006
INFO:root:elite fitness: 0.67914
INFO:root:Generation: 76
INFO:root:pop fitness: 0.58338
INFO:root:elite fitness: 0.6862599999999999
INFO:root:Generation: 69
INFO:root:pop fitness: 0.59597
INFO:root:elite fitness: 0.6763199999999999
INFO:root:Generation: 77
INFO:root:pop fitness: 0.59926
INFO:root:elite fitness: 0.67228
INFO:root:Generation: 70
INFO:root:pop fitness: 0.5949500000000001
INFO:root:elite fitness: 0.6741399999999999
INFO:root:Generation: 78
INFO:root:pop fitness: 0.58284
INFO:root:elite fitness: 0.6652
INFO:root:Generation: 71
INFO:root:pop fitness: 0.5940099999999999
INFO:root:elite fitness: 0.66994
INFO:root:Generation: 79
INFO:root:pop fitness: 0.5828300000000001
INFO:root:elite fitness: 0.6556000000000001
INFO:root:Generation: 72
INFO:root:pop fitness: 0.59338
INFO:root:elite fitness: 0.67448
INFO:root:Generation: 80
INFO:root:pop fitness: 0.58463
INFO:root:elite fitness: 0.66042
INFO:root:Generation: 73
INFO:root:pop fitness: 0.59834
INFO:root:elite fitness: 0.6724
INFO:root:Generation: 81
INFO:root:pop fitness: 0.58087
INFO:root:elite fitness: 0.66062
INFO:root:Generation: 74
INFO:root:pop fitness: 0.58994
INFO:root:elite fitness: 0.65456
INFO:root:Generation: 82
INFO:root:pop fitness: 0.58806
INFO:root:elite fitness: 0.6770600000000002
INFO:root:Generation: 75
INFO:root:pop fitness: 0.59272
INFO:root:elite fitness: 0.6788599999999999
INFO:root:Generation: 83
INFO:root:pop fitness: 0.5902000000000001
INFO:root:elite fitness: 0.67256
INFO:root:Generation: 76
INFO:root:pop fitness: 0.6067999999999999
INFO:root:elite fitness: 0.69178
INFO:root:Generation: 84
INFO:root:pop fitness: 0.5890900000000001
INFO:root:elite fitness: 0.67462
INFO:root:Generation: 85
INFO:root:pop fitness: 0.59336
INFO:root:elite fitness: 0.6713
INFO:root:Generation: 77
INFO:root:pop fitness: 0.6070600000000002
INFO:root:elite fitness: 0.69706
INFO:root:Generation: 86
INFO:root:pop fitness: 0.60416
INFO:root:elite fitness: 0.6877200000000001
INFO:root:Generation: 78
INFO:root:pop fitness: 0.60602
INFO:root:elite fitness: 0.6909800000000001
INFO:root:Generation: 87
INFO:root:pop fitness: 0.59809
INFO:root:elite fitness: 0.69262
INFO:root:Generation: 79
INFO:root:pop fitness: 0.6053200000000001
INFO:root:elite fitness: 0.68486
INFO:root:Generation: 88
INFO:root:pop fitness: 0.59731
INFO:root:elite fitness: 0.67774
INFO:root:Generation: 80
INFO:root:pop fitness: 0.61376
INFO:root:elite fitness: 0.70422
INFO:root:Generation: 89
INFO:root:pop fitness: 0.6033099999999999
INFO:root:elite fitness: 0.6862600000000001
INFO:root:Generation: 81
INFO:root:pop fitness: 0.6203700000000001
INFO:root:elite fitness: 0.68698
INFO:root:Generation: 90
INFO:root:pop fitness: 0.60505
INFO:root:elite fitness: 0.6826399999999999
INFO:root:Generation: 82
INFO:root:pop fitness: 0.61836
INFO:root:elite fitness: 0.69104
INFO:root:Generation: 91
INFO:root:pop fitness: 0.60475
INFO:root:elite fitness: 0.69028
INFO:root:Generation: 83
INFO:root:pop fitness: 0.61689
INFO:root:elite fitness: 0.70584
INFO:root:Generation: 92
INFO:root:pop fitness: 0.6009
INFO:root:elite fitness: 0.67292
INFO:root:Generation: 84
INFO:root:pop fitness: 0.6281899999999999
INFO:root:elite fitness: 0.7131800000000001
INFO:root:Generation: 93
INFO:root:pop fitness: 0.59787
INFO:root:elite fitness: 0.6828400000000001
INFO:root:Generation: 85
INFO:root:pop fitness: 0.6226600000000001
INFO:root:elite fitness: 0.7054799999999999
INFO:root:Generation: 94
INFO:root:pop fitness: 0.6010800000000001
INFO:root:elite fitness: 0.6824000000000001
INFO:root:Generation: 86
INFO:root:pop fitness: 0.61495
INFO:root:elite fitness: 0.69352
INFO:root:Generation: 95
INFO:root:pop fitness: 0.58865
INFO:root:elite fitness: 0.6705199999999999
INFO:root:Generation: 96
INFO:root:pop fitness: 0.60261
INFO:root:elite fitness: 0.6872800000000001
INFO:root:Generation: 87
INFO:root:pop fitness: 0.6101199999999999
INFO:root:elite fitness: 0.6969000000000001
INFO:root:Generation: 97
INFO:root:pop fitness: 0.5960399999999999
INFO:root:elite fitness: 0.6968000000000001
INFO:root:Generation: 88
INFO:root:pop fitness: 0.6197500000000001
INFO:root:elite fitness: 0.70366
INFO:root:Generation: 98
INFO:root:pop fitness: 0.5989699999999999
INFO:root:elite fitness: 0.70392
INFO:root:Generation: 89
INFO:root:pop fitness: 0.6224099999999999
INFO:root:elite fitness: 0.69024
INFO:root:Generation: 99
INFO:root:pop fitness: 0.60261
INFO:root:elite fitness: 0.6970800000000001
INFO:root:Generation: 90
INFO:root:pop fitness: 0.63101
INFO:root:elite fitness: 0.7107800000000001
INFO:root:Generation: 100
INFO:root:pop fitness: 0.6109500000000001
INFO:root:elite fitness: 0.69194
INFO:root:Generation: 91
INFO:root:pop fitness: 0.62754
INFO:root:elite fitness: 0.7008999999999999
INFO:root:Generation: 101
INFO:root:pop fitness: 0.6180500000000001
INFO:root:elite fitness: 0.6994
INFO:root:Generation: 92
INFO:root:pop fitness: 0.61417
INFO:root:elite fitness: 0.69414
INFO:root:Generation: 102
INFO:root:pop fitness: 0.61181
INFO:root:elite fitness: 0.7046600000000001
INFO:root:Generation: 93
INFO:root:pop fitness: 0.6197500000000001
INFO:root:elite fitness: 0.6938600000000001
INFO:root:Generation: 103
INFO:root:pop fitness: 0.58957
INFO:root:elite fitness: 0.6884800000000001
INFO:root:Generation: 104
INFO:root:pop fitness: 0.61167
INFO:root:elite fitness: 0.72096
INFO:root:Generation: 94
INFO:root:pop fitness: 0.6277100000000001
INFO:root:elite fitness: 0.7209399999999999
INFO:root:Generation: 105
INFO:root:pop fitness: 0.61353
INFO:root:elite fitness: 0.6980200000000001
INFO:root:Generation: 95
INFO:root:pop fitness: 0.6085499999999999
INFO:root:elite fitness: 0.70022
INFO:root:Generation: 106
INFO:root:pop fitness: 0.6126600000000001
INFO:root:elite fitness: 0.7119599999999999
INFO:root:Generation: 96
INFO:root:pop fitness: 0.62493
INFO:root:elite fitness: 0.6946199999999999
INFO:root:Generation: 107
INFO:root:pop fitness: 0.5915599999999999
INFO:root:elite fitness: 0.6983400000000001
INFO:root:Generation: 97
INFO:root:pop fitness: 0.6358
INFO:root:elite fitness: 0.7251999999999998
INFO:root:Generation: 108
INFO:root:pop fitness: 0.6189100000000001
INFO:root:elite fitness: 0.71286
INFO:root:Generation: 98
INFO:root:pop fitness: 0.62304
INFO:root:elite fitness: 0.7095999999999999
INFO:root:Generation: 109
INFO:root:pop fitness: 0.6121099999999999
INFO:root:elite fitness: 0.70892
INFO:root:Generation: 99
INFO:root:pop fitness: 0.64038
INFO:root:elite fitness: 0.7304199999999998
INFO:root:Generation: 110
INFO:root:pop fitness: 0.6246299999999999
INFO:root:elite fitness: 0.71892
INFO:root:Generation: 100
INFO:root:pop fitness: 0.6197299999999999
INFO:root:elite fitness: 0.7046199999999999
INFO:root:Generation: 111
INFO:root:pop fitness: 0.60882
INFO:root:elite fitness: 0.6982600000000001
INFO:root:Generation: 101
INFO:root:pop fitness: 0.63444
INFO:root:elite fitness: 0.72742
INFO:root:Generation: 112
INFO:root:pop fitness: 0.60659
INFO:root:elite fitness: 0.6969200000000001
INFO:root:Generation: 102
INFO:root:pop fitness: 0.63031
INFO:root:elite fitness: 0.7203399999999999
INFO:root:Generation: 113
INFO:root:pop fitness: 0.62814
INFO:root:elite fitness: 0.7215600000000001
INFO:root:Generation: 114
INFO:root:pop fitness: 0.60798
INFO:root:elite fitness: 0.7166000000000001
INFO:root:Generation: 103
INFO:root:pop fitness: 0.6343100000000002
INFO:root:elite fitness: 0.7313200000000001
INFO:root:Generation: 115
INFO:root:pop fitness: 0.634
INFO:root:elite fitness: 0.72242
INFO:root:Generation: 104
INFO:root:pop fitness: 0.65497
INFO:root:elite fitness: 0.7200799999999999
INFO:root:Generation: 116
INFO:root:pop fitness: 0.61548
INFO:root:elite fitness: 0.7038800000000001
INFO:root:Generation: 105
INFO:root:pop fitness: 0.6444200000000001
INFO:root:elite fitness: 0.7296
INFO:root:Generation: 117
INFO:root:pop fitness: 0.61225
INFO:root:elite fitness: 0.7055999999999999
INFO:root:Generation: 106
INFO:root:pop fitness: 0.64681
INFO:root:elite fitness: 0.7444200000000001
INFO:root:Generation: 118
INFO:root:pop fitness: 0.6242500000000001
INFO:root:elite fitness: 0.7192200000000001
INFO:root:Generation: 107
INFO:root:pop fitness: 0.6532700000000001
INFO:root:elite fitness: 0.7428200000000001
INFO:root:Generation: 119
INFO:root:pop fitness: 0.6245100000000001
INFO:root:elite fitness: 0.7281200000000001
INFO:root:Generation: 108
INFO:root:pop fitness: 0.6447999999999999
INFO:root:elite fitness: 0.73178
INFO:root:Generation: 120
INFO:root:pop fitness: 0.60366
INFO:root:elite fitness: 0.6927000000000001
INFO:root:Generation: 109
INFO:root:pop fitness: 0.64554
INFO:root:elite fitness: 0.7225400000000001
INFO:root:Generation: 121
INFO:root:pop fitness: 0.61681
INFO:root:elite fitness: 0.70682
INFO:root:Generation: 110
INFO:root:pop fitness: 0.6344000000000001
INFO:root:elite fitness: 0.7232200000000002
INFO:root:Generation: 122
INFO:root:pop fitness: 0.62214
INFO:root:elite fitness: 0.6983599999999999
INFO:root:Generation: 111
INFO:root:pop fitness: 0.63664
INFO:root:elite fitness: 0.71178
INFO:root:Generation: 123
INFO:root:pop fitness: 0.6168300000000001
INFO:root:elite fitness: 0.70684
INFO:root:Generation: 112
INFO:root:pop fitness: 0.6285400000000001
INFO:root:elite fitness: 0.7050800000000002
INFO:root:Generation: 124
INFO:root:pop fitness: 0.60903
INFO:root:elite fitness: 0.6919999999999998
INFO:root:Generation: 113
INFO:root:pop fitness: 0.6423299999999998
INFO:root:elite fitness: 0.7216999999999999
INFO:root:Generation: 125
INFO:root:pop fitness: 0.61511
INFO:root:elite fitness: 0.6946000000000001
INFO:root:Generation: 126
INFO:root:pop fitness: 0.61966
INFO:root:elite fitness: 0.71398
INFO:root:Generation: 114
INFO:root:pop fitness: 0.6304000000000001
INFO:root:elite fitness: 0.7134400000000001
INFO:root:Generation: 127
INFO:root:pop fitness: 0.6125
INFO:root:elite fitness: 0.6925200000000001
INFO:root:Generation: 115
INFO:root:pop fitness: 0.64044
INFO:root:elite fitness: 0.73464
INFO:root:Generation: 128
INFO:root:pop fitness: 0.62036
INFO:root:elite fitness: 0.72382
INFO:root:Generation: 116
INFO:root:pop fitness: 0.63577
INFO:root:elite fitness: 0.7346200000000002
INFO:root:Generation: 129
INFO:root:pop fitness: 0.6271699999999999
INFO:root:elite fitness: 0.7230399999999999
INFO:root:Generation: 117
INFO:root:pop fitness: 0.62935
INFO:root:elite fitness: 0.7267
INFO:root:Generation: 130
INFO:root:pop fitness: 0.6218600000000001
INFO:root:elite fitness: 0.6989799999999999
INFO:root:Generation: 118
INFO:root:pop fitness: 0.6408499999999999
INFO:root:elite fitness: 0.7150200000000001
INFO:root:Generation: 131
INFO:root:pop fitness: 0.63111
INFO:root:elite fitness: 0.72474
INFO:root:Generation: 119
INFO:root:pop fitness: 0.64377
INFO:root:elite fitness: 0.7374200000000001
INFO:root:Generation: 132
INFO:root:pop fitness: 0.6193299999999999
INFO:root:elite fitness: 0.7033800000000001
INFO:root:Generation: 120
INFO:root:pop fitness: 0.64087
INFO:root:elite fitness: 0.7158000000000001
INFO:root:Generation: 133
INFO:root:pop fitness: 0.6061700000000001
INFO:root:elite fitness: 0.7060000000000001
INFO:root:Generation: 121
INFO:root:pop fitness: 0.64012
INFO:root:elite fitness: 0.7130200000000001
INFO:root:Generation: 134
INFO:root:pop fitness: 0.60346
INFO:root:elite fitness: 0.6958200000000001
INFO:root:Generation: 122
INFO:root:pop fitness: 0.64119
INFO:root:elite fitness: 0.72902
INFO:root:Generation: 135
INFO:root:pop fitness: 0.614
INFO:root:elite fitness: 0.7025800000000001
INFO:root:Generation: 136
INFO:root:pop fitness: 0.6178899999999999
INFO:root:elite fitness: 0.7157399999999999
INFO:root:Generation: 123
INFO:root:pop fitness: 0.64632
INFO:root:elite fitness: 0.7325600000000001
INFO:root:Generation: 137
INFO:root:pop fitness: 0.61251
INFO:root:elite fitness: 0.6992600000000002
INFO:root:Generation: 124
INFO:root:pop fitness: 0.64524
INFO:root:elite fitness: 0.7381599999999999
INFO:root:Generation: 138
INFO:root:pop fitness: 0.6281500000000001
INFO:root:elite fitness: 0.7089
INFO:root:Generation: 125
INFO:root:pop fitness: 0.6698300000000001
INFO:root:elite fitness: 0.7641800000000001
INFO:root:Generation: 139
INFO:root:pop fitness: 0.61775
INFO:root:elite fitness: 0.7122999999999999
INFO:root:Generation: 126
INFO:root:pop fitness: 0.6482000000000001
INFO:root:elite fitness: 0.72572
INFO:root:Generation: 140
INFO:root:pop fitness: 0.6336400000000001
INFO:root:elite fitness: 0.71836
INFO:root:Generation: 127
INFO:root:pop fitness: 0.6507800000000001
INFO:root:elite fitness: 0.72864
INFO:root:Generation: 141
INFO:root:pop fitness: 0.6164799999999999
INFO:root:elite fitness: 0.7068999999999999
INFO:root:Generation: 128
INFO:root:pop fitness: 0.65889
INFO:root:elite fitness: 0.7498600000000001
INFO:root:Generation: 142
INFO:root:pop fitness: 0.6280000000000001
INFO:root:elite fitness: 0.7138000000000001
INFO:root:Generation: 129
INFO:root:pop fitness: 0.6527299999999999
INFO:root:elite fitness: 0.74562
INFO:root:Generation: 143
INFO:root:pop fitness: 0.61354
INFO:root:elite fitness: 0.7039399999999999
INFO:root:Generation: 130
INFO:root:pop fitness: 0.6563900000000001
INFO:root:elite fitness: 0.7464399999999999
INFO:root:Generation: 144
INFO:root:pop fitness: 0.60701
INFO:root:elite fitness: 0.6997800000000001
INFO:root:Generation: 131
INFO:root:pop fitness: 0.6527200000000002
INFO:root:elite fitness: 0.74658
INFO:root:Generation: 145
INFO:root:pop fitness: 0.6169600000000001
INFO:root:elite fitness: 0.70872
INFO:root:Generation: 132
INFO:root:pop fitness: 0.64499
INFO:root:elite fitness: 0.72464
INFO:root:Generation: 146
INFO:root:pop fitness: 0.61667
INFO:root:elite fitness: 0.6983999999999999
INFO:root:Generation: 133
INFO:root:pop fitness: 0.64485
INFO:root:elite fitness: 0.7174
INFO:root:Generation: 147
INFO:root:pop fitness: 0.6137600000000001
INFO:root:elite fitness: 0.7168400000000001
INFO:root:Generation: 148
INFO:root:pop fitness: 0.6072299999999999
INFO:root:elite fitness: 0.6957200000000001
INFO:root:Generation: 134
INFO:root:pop fitness: 0.64582
INFO:root:elite fitness: 0.73626
INFO:root:Generation: 149
INFO:root:pop fitness: 0.61722
INFO:root:elite fitness: 0.7006600000000001
INFO:root:Generation: 135
INFO:root:pop fitness: 0.6566500000000001
INFO:root:elite fitness: 0.7380399999999999
INFO:root:Generation: 150
INFO:root:pop fitness: 0.6235
INFO:root:elite fitness: 0.7141399999999999
INFO:root:Generation: 136
INFO:root:pop fitness: 0.64669
INFO:root:elite fitness: 0.742
INFO:root:Generation: 151
INFO:root:pop fitness: 0.6432800000000001
INFO:root:elite fitness: 0.73386
INFO:root:Generation: 137
INFO:root:pop fitness: 0.65902
INFO:root:elite fitness: 0.7305399999999999
INFO:root:Generation: 152
INFO:root:pop fitness: 0.62468
INFO:root:elite fitness: 0.7167800000000001
INFO:root:Generation: 138
INFO:root:pop fitness: 0.6588799999999999
INFO:root:elite fitness: 0.7586600000000001
INFO:root:Generation: 153
INFO:root:pop fitness: 0.61759
INFO:root:elite fitness: 0.70096
INFO:root:Generation: 139
INFO:root:pop fitness: 0.6508700000000001
INFO:root:elite fitness: 0.7224799999999999
INFO:root:Generation: 154
INFO:root:pop fitness: 0.61004
INFO:root:elite fitness: 0.7016199999999999
INFO:root:Generation: 140
INFO:root:pop fitness: 0.64268
INFO:root:elite fitness: 0.7421000000000001
INFO:root:Generation: 155
INFO:root:pop fitness: 0.63509
INFO:root:elite fitness: 0.7218799999999999
INFO:root:Generation: 141
INFO:root:pop fitness: 0.64975
INFO:root:elite fitness: 0.7339800000000001
INFO:root:Generation: 156
INFO:root:pop fitness: 0.62294
INFO:root:elite fitness: 0.7149199999999999
INFO:root:Generation: 142
INFO:root:pop fitness: 0.6450499999999999
INFO:root:elite fitness: 0.7354599999999999
INFO:root:Generation: 157
INFO:root:pop fitness: 0.63261
INFO:root:elite fitness: 0.71556
INFO:root:Generation: 143
INFO:root:pop fitness: 0.6594300000000001
INFO:root:elite fitness: 0.75614
INFO:root:Generation: 158
INFO:root:pop fitness: 0.6155599999999999
INFO:root:elite fitness: 0.6937400000000001
INFO:root:Generation: 159
INFO:root:pop fitness: 0.60871
INFO:root:elite fitness: 0.6985199999999999
INFO:root:Generation: 144
INFO:root:pop fitness: 0.64692
INFO:root:elite fitness: 0.7427199999999999
INFO:root:Generation: 160
INFO:root:pop fitness: 0.63737
INFO:root:elite fitness: 0.7265199999999998
INFO:root:Generation: 145
INFO:root:pop fitness: 0.65236
INFO:root:elite fitness: 0.7497400000000001
INFO:root:Generation: 161
INFO:root:pop fitness: 0.6101
INFO:root:elite fitness: 0.7055400000000002
INFO:root:Generation: 146
INFO:root:pop fitness: 0.65872
INFO:root:elite fitness: 0.74808
INFO:root:Generation: 162
INFO:root:pop fitness: 0.62337
INFO:root:elite fitness: 0.7117799999999999
INFO:root:Generation: 147
INFO:root:pop fitness: 0.6320100000000002
INFO:root:elite fitness: 0.7060200000000001
INFO:root:Generation: 163
INFO:root:pop fitness: 0.61557
INFO:root:elite fitness: 0.7082999999999999
INFO:root:Generation: 148
INFO:root:pop fitness: 0.65783
INFO:root:elite fitness: 0.7474799999999999
INFO:root:Generation: 164
INFO:root:pop fitness: 0.61034
INFO:root:elite fitness: 0.7044400000000002
INFO:root:Generation: 149
INFO:root:pop fitness: 0.64318
INFO:root:elite fitness: 0.7333799999999999
INFO:root:Generation: 165
INFO:root:pop fitness: 0.61892
INFO:root:elite fitness: 0.69408
INFO:root:Generation: 150
INFO:root:pop fitness: 0.65096
INFO:root:elite fitness: 0.7614
INFO:root:Generation: 166
INFO:root:pop fitness: 0.62018
INFO:root:elite fitness: 0.71378
INFO:root:Generation: 151
INFO:root:pop fitness: 0.6681
INFO:root:elite fitness: 0.73446
INFO:root:Generation: 167
INFO:root:pop fitness: 0.60814
INFO:root:elite fitness: 0.7179000000000001
INFO:root:Generation: 152
INFO:root:pop fitness: 0.6580799999999999
INFO:root:elite fitness: 0.7440199999999999
INFO:root:Generation: 168
INFO:root:pop fitness: 0.6083999999999999
INFO:root:elite fitness: 0.7049599999999999
INFO:root:Generation: 153
INFO:root:pop fitness: 0.6528999999999999
INFO:root:elite fitness: 0.7351800000000001
INFO:root:Generation: 169
INFO:root:pop fitness: 0.6155200000000001
INFO:root:elite fitness: 0.7089599999999998
INFO:root:Generation: 154
INFO:root:pop fitness: 0.6605500000000001
INFO:root:elite fitness: 0.75398
INFO:root:Generation: 170
INFO:root:pop fitness: 0.62241
INFO:root:elite fitness: 0.7176
INFO:root:Generation: 171
INFO:root:pop fitness: 0.6293799999999999
INFO:root:elite fitness: 0.7206200000000001
INFO:root:Generation: 155
INFO:root:pop fitness: 0.6635199999999998
INFO:root:elite fitness: 0.7405000000000002
INFO:root:Generation: 172
INFO:root:pop fitness: 0.6141700000000001
INFO:root:elite fitness: 0.7132799999999999
INFO:root:Generation: 156
INFO:root:pop fitness: 0.6309800000000001
INFO:root:elite fitness: 0.7257799999999999
INFO:root:Generation: 173
INFO:root:pop fitness: 0.61371
INFO:root:elite fitness: 0.7085799999999999
INFO:root:Generation: 157
INFO:root:pop fitness: 0.66133
INFO:root:elite fitness: 0.74178
INFO:root:Generation: 174
INFO:root:pop fitness: 0.6236
INFO:root:elite fitness: 0.7060399999999999
INFO:root:Generation: 158
INFO:root:pop fitness: 0.64899
INFO:root:elite fitness: 0.7401399999999999
INFO:root:Generation: 175
INFO:root:pop fitness: 0.62877
INFO:root:elite fitness: 0.7078800000000003
INFO:root:Generation: 159
INFO:root:pop fitness: 0.6398499999999999
INFO:root:elite fitness: 0.7238
INFO:root:Generation: 176
INFO:root:pop fitness: 0.61632
INFO:root:elite fitness: 0.7107399999999998
INFO:root:Generation: 160
INFO:root:pop fitness: 0.63905
INFO:root:elite fitness: 0.7255600000000001
INFO:root:Generation: 177
INFO:root:pop fitness: 0.61868
INFO:root:elite fitness: 0.69872
INFO:root:Generation: 161
INFO:root:pop fitness: 0.64011
INFO:root:elite fitness: 0.72648
INFO:root:Generation: 178
INFO:root:pop fitness: 0.6195
INFO:root:elite fitness: 0.7380599999999999
INFO:root:Generation: 162
INFO:root:pop fitness: 0.64831
INFO:root:elite fitness: 0.7421599999999999
INFO:root:Generation: 179
INFO:root:pop fitness: 0.62642
INFO:root:elite fitness: 0.73116
INFO:root:Generation: 180
INFO:root:pop fitness: 0.6309600000000001
INFO:root:elite fitness: 0.7108000000000001
INFO:root:Generation: 163
INFO:root:pop fitness: 0.6320899999999999
INFO:root:elite fitness: 0.7177000000000001
INFO:root:Generation: 181
INFO:root:pop fitness: 0.61669
INFO:root:elite fitness: 0.71332
INFO:root:Generation: 164
INFO:root:pop fitness: 0.6507600000000001
INFO:root:elite fitness: 0.74542
INFO:root:Generation: 182
INFO:root:pop fitness: 0.62819
INFO:root:elite fitness: 0.7046000000000001
INFO:root:Generation: 165
INFO:root:pop fitness: 0.6374
INFO:root:elite fitness: 0.7195599999999999
INFO:root:Generation: 183
INFO:root:pop fitness: 0.62054
INFO:root:elite fitness: 0.7080199999999999
INFO:root:Generation: 166
INFO:root:pop fitness: 0.65634
INFO:root:elite fitness: 0.7330599999999998
INFO:root:Generation: 184
INFO:root:pop fitness: 0.6204900000000001
INFO:root:elite fitness: 0.71068
INFO:root:Generation: 167
INFO:root:pop fitness: 0.6502000000000001
INFO:root:elite fitness: 0.7302800000000002
INFO:root:Generation: 185
INFO:root:pop fitness: 0.6259899999999999
INFO:root:elite fitness: 0.7128399999999999
INFO:root:Generation: 168
INFO:root:pop fitness: 0.6418500000000001
INFO:root:elite fitness: 0.7376599999999999
INFO:root:Generation: 186
INFO:root:pop fitness: 0.62131
INFO:root:elite fitness: 0.7048200000000001
INFO:root:Generation: 169
INFO:root:pop fitness: 0.65428
INFO:root:elite fitness: 0.73492
INFO:root:Generation: 187
INFO:root:pop fitness: 0.6179999999999999
INFO:root:elite fitness: 0.7008399999999999
INFO:root:Generation: 170
INFO:root:pop fitness: 0.65255
INFO:root:elite fitness: 0.73578
INFO:root:Generation: 188
INFO:root:pop fitness: 0.6173900000000002
INFO:root:elite fitness: 0.7034999999999999
INFO:root:Generation: 189
INFO:root:pop fitness: 0.62953
INFO:root:elite fitness: 0.7259399999999999
INFO:root:Generation: 171
INFO:root:pop fitness: 0.648
INFO:root:elite fitness: 0.7278199999999999
INFO:root:Generation: 190
INFO:root:pop fitness: 0.61688
INFO:root:elite fitness: 0.7166600000000001
INFO:root:Generation: 172
INFO:root:pop fitness: 0.6467999999999999
INFO:root:elite fitness: 0.7245199999999999
INFO:root:Generation: 191
INFO:root:pop fitness: 0.62322
INFO:root:elite fitness: 0.6962800000000001
INFO:root:Generation: 173
INFO:root:pop fitness: 0.6393000000000001
INFO:root:elite fitness: 0.7174200000000001
INFO:root:Generation: 192
INFO:root:pop fitness: 0.6158100000000001
INFO:root:elite fitness: 0.6986399999999999
INFO:root:Generation: 174
INFO:root:pop fitness: 0.6444999999999999
INFO:root:elite fitness: 0.7245199999999999
INFO:root:Generation: 193
INFO:root:pop fitness: 0.62026
INFO:root:elite fitness: 0.71772
INFO:root:Generation: 175
INFO:root:pop fitness: 0.63858
INFO:root:elite fitness: 0.7172999999999999
INFO:root:Generation: 194
INFO:root:pop fitness: 0.60671
INFO:root:elite fitness: 0.6954199999999999
INFO:root:Generation: 176
INFO:root:pop fitness: 0.6520199999999999
INFO:root:elite fitness: 0.73772
INFO:root:Generation: 195
INFO:root:pop fitness: 0.6221900000000001
INFO:root:elite fitness: 0.7202599999999998
INFO:root:Generation: 177
INFO:root:pop fitness: 0.62992
INFO:root:elite fitness: 0.7030999999999998
INFO:root:Generation: 196
INFO:root:pop fitness: 0.6394700000000001
INFO:root:elite fitness: 0.7384800000000001
INFO:root:Generation: 178
INFO:root:pop fitness: 0.6556000000000001
INFO:root:elite fitness: 0.7249800000000001
INFO:root:Generation: 197
INFO:root:pop fitness: 0.63908
INFO:root:elite fitness: 0.7386800000000001
INFO:root:Generation: 179
INFO:root:pop fitness: 0.64313
INFO:root:elite fitness: 0.7092599999999999
INFO:root:Generation: 198
INFO:root:pop fitness: 0.6219500000000001
INFO:root:elite fitness: 0.7197
INFO:root:Generation: 199
INFO:root:pop fitness: 0.6287799999999999
INFO:root:elite fitness: 0.7141399999999999
INFO:root:Generation: 180
INFO:root:pop fitness: 0.6615400000000001
INFO:root:elite fitness: 0.72828
INFO:root:Generation: 181
INFO:root:pop fitness: 0.6603800000000001
INFO:root:elite fitness: 0.7214199999999998
INFO:root:Generation: 182
INFO:root:pop fitness: 0.65317
INFO:root:elite fitness: 0.7375000000000002
INFO:root:Generation: 183
INFO:root:pop fitness: 0.6714999999999999
INFO:root:elite fitness: 0.75732
INFO:root:Generation: 184
INFO:root:pop fitness: 0.6650699999999999
INFO:root:elite fitness: 0.7443599999999999
INFO:root:Generation: 185
INFO:root:pop fitness: 0.6596
INFO:root:elite fitness: 0.7120599999999999
INFO:root:Generation: 186
INFO:root:pop fitness: 0.65768
INFO:root:elite fitness: 0.72492
INFO:root:Generation: 187
INFO:root:pop fitness: 0.66026
INFO:root:elite fitness: 0.737
INFO:root:Generation: 188
INFO:root:pop fitness: 0.65104
INFO:root:elite fitness: 0.7324600000000001
INFO:root:Generation: 189
INFO:root:pop fitness: 0.6675599999999998
INFO:root:elite fitness: 0.7462000000000001
INFO:root:Generation: 190
INFO:root:pop fitness: 0.6590400000000001
INFO:root:elite fitness: 0.7318999999999999
INFO:root:Generation: 191
INFO:root:pop fitness: 0.6694499999999999
INFO:root:elite fitness: 0.7461599999999998
INFO:root:Generation: 192
INFO:root:pop fitness: 0.6537199999999999
INFO:root:elite fitness: 0.7425400000000001
INFO:root:Generation: 193
INFO:root:pop fitness: 0.6631
INFO:root:elite fitness: 0.7417199999999999
INFO:root:Generation: 194
INFO:root:pop fitness: 0.6576400000000001
INFO:root:elite fitness: 0.7509000000000001
INFO:root:Generation: 195
INFO:root:pop fitness: 0.6613000000000001
INFO:root:elite fitness: 0.74996
INFO:root:Generation: 196
INFO:root:pop fitness: 0.66085
INFO:root:elite fitness: 0.7263200000000001
INFO:root:Generation: 197
INFO:root:pop fitness: 0.6667700000000001
INFO:root:elite fitness: 0.74542
INFO:root:Generation: 198
INFO:root:pop fitness: 0.66351
INFO:root:elite fitness: 0.72508
INFO:root:Generation: 199
INFO:root:pop fitness: 0.6633300000000001
INFO:root:elite fitness: 0.7429200000000001
