INFO:root:run_master: Namespace(arms='10', hidden='128', layers='1', max_gen='200', message='', mutation_mag='0.01', name='resetEnv50_v1', noise=True, pop_size='150', save_result=True, trials='100')
INFO:root:run_master: Namespace(arms='10', hidden='128', layers='1', max_gen='200', message='', mutation_mag='0.01', name='resetEnv50_v1', noise=False, pop_size='150', save_result=True, trials='100')
INFO:root:Generation: 0
INFO:root:pop fitness: 0.0994
INFO:root:elite fitness: 0.11209333333333336
INFO:root:Generation: 0
INFO:root:pop fitness: 0.10073999999999998
INFO:root:elite fitness: 0.1129066666666667
INFO:root:Generation: 1
INFO:root:pop fitness: 0.10334
INFO:root:elite fitness: 0.13217333333333334
INFO:root:Generation: 1
INFO:root:pop fitness: 0.09804
INFO:root:elite fitness: 0.12624
INFO:root:Generation: 2
INFO:root:pop fitness: 0.10345333333333334
INFO:root:elite fitness: 0.15645333333333333
INFO:root:Generation: 2
INFO:root:pop fitness: 0.10005333333333333
INFO:root:elite fitness: 0.15597333333333332
INFO:root:Generation: 3
INFO:root:pop fitness: 0.09964
INFO:root:elite fitness: 0.1684266666666667
INFO:root:Generation: 3
INFO:root:pop fitness: 0.11060666666666667
INFO:root:elite fitness: 0.19709333333333334
INFO:root:Generation: 4
INFO:root:pop fitness: 0.10273333333333334
INFO:root:elite fitness: 0.17684000000000002
INFO:root:Generation: 4
INFO:root:pop fitness: 0.10319999999999999
INFO:root:elite fitness: 0.19010666666666667
INFO:root:Generation: 5
INFO:root:pop fitness: 0.09969333333333334
INFO:root:elite fitness: 0.18325333333333332
INFO:root:Generation: 5
INFO:root:pop fitness: 0.10821333333333333
INFO:root:elite fitness: 0.20844000000000001
INFO:root:Generation: 6
INFO:root:pop fitness: 0.10228
INFO:root:elite fitness: 0.17706666666666668
INFO:root:Generation: 6
INFO:root:pop fitness: 0.09713333333333332
INFO:root:elite fitness: 0.18321333333333328
INFO:root:Generation: 7
INFO:root:pop fitness: 0.11217999999999999
INFO:root:elite fitness: 0.19841333333333336
INFO:root:Generation: 7
INFO:root:pop fitness: 0.1037
INFO:root:elite fitness: 0.1998933333333333
INFO:root:Generation: 8
INFO:root:pop fitness: 0.10890666666666665
INFO:root:elite fitness: 0.19518666666666665
INFO:root:Generation: 8
INFO:root:pop fitness: 0.10893333333333335
INFO:root:elite fitness: 0.20025333333333337
INFO:root:Generation: 9
INFO:root:pop fitness: 0.10829333333333334
INFO:root:elite fitness: 0.21702666666666665
INFO:root:Generation: 9
INFO:root:pop fitness: 0.10225333333333332
INFO:root:elite fitness: 0.23068000000000002
INFO:root:Generation: 10
INFO:root:pop fitness: 0.11006
INFO:root:elite fitness: 0.22300000000000003
INFO:root:Generation: 10
INFO:root:pop fitness: 0.10878666666666667
INFO:root:elite fitness: 0.21612
INFO:root:Generation: 11
INFO:root:pop fitness: 0.11104666666666667
INFO:root:elite fitness: 0.21952
INFO:root:Generation: 11
INFO:root:pop fitness: 0.11554666666666667
INFO:root:elite fitness: 0.24924000000000002
INFO:root:Generation: 12
INFO:root:pop fitness: 0.10019333333333333
INFO:root:elite fitness: 0.2094666666666667
INFO:root:Generation: 12
INFO:root:pop fitness: 0.10215333333333333
INFO:root:elite fitness: 0.18558666666666668
INFO:root:Generation: 13
INFO:root:pop fitness: 0.09740000000000001
INFO:root:elite fitness: 0.19734666666666664
INFO:root:Generation: 13
INFO:root:pop fitness: 0.10145333333333334
INFO:root:elite fitness: 0.20173333333333332
INFO:root:Generation: 14
INFO:root:pop fitness: 0.11336
INFO:root:elite fitness: 0.24035999999999996
INFO:root:Generation: 14
INFO:root:pop fitness: 0.11992
INFO:root:elite fitness: 0.22817333333333334
INFO:root:Generation: 15
INFO:root:pop fitness: 0.11404000000000002
INFO:root:elite fitness: 0.25523999999999997
INFO:root:Generation: 16
INFO:root:pop fitness: 0.12878666666666666
INFO:root:elite fitness: 0.24090666666666663
INFO:root:Generation: 15
INFO:root:pop fitness: 0.11814666666666668
INFO:root:elite fitness: 0.2207866666666667
INFO:root:Generation: 17
INFO:root:pop fitness: 0.11707999999999999
INFO:root:elite fitness: 0.21593333333333334
INFO:root:Generation: 16
INFO:root:pop fitness: 0.11928000000000002
INFO:root:elite fitness: 0.25200000000000006
INFO:root:Generation: 18
INFO:root:pop fitness: 0.11703999999999998
INFO:root:elite fitness: 0.22157333333333332
INFO:root:Generation: 17
INFO:root:pop fitness: 0.10808000000000002
INFO:root:elite fitness: 0.1935466666666667
INFO:root:Generation: 19
INFO:root:pop fitness: 0.1189
INFO:root:elite fitness: 0.22962666666666667
INFO:root:Generation: 18
INFO:root:pop fitness: 0.11785333333333331
INFO:root:elite fitness: 0.2494133333333333
INFO:root:Generation: 20
INFO:root:pop fitness: 0.13942
INFO:root:elite fitness: 0.2852933333333333
INFO:root:Generation: 19
INFO:root:pop fitness: 0.10845333333333333
INFO:root:elite fitness: 0.2268133333333333
INFO:root:Generation: 21
INFO:root:pop fitness: 0.11156666666666666
INFO:root:elite fitness: 0.22124
INFO:root:Generation: 20
INFO:root:pop fitness: 0.12274666666666666
INFO:root:elite fitness: 0.22871999999999995
INFO:root:Generation: 22
INFO:root:pop fitness: 0.11585999999999999
INFO:root:elite fitness: 0.24397333333333332
INFO:root:Generation: 21
INFO:root:pop fitness: 0.11481333333333334
INFO:root:elite fitness: 0.22669333333333336
INFO:root:Generation: 23
INFO:root:pop fitness: 0.12614666666666668
INFO:root:elite fitness: 0.2539066666666667
INFO:root:Generation: 22
INFO:root:pop fitness: 0.13001333333333334
INFO:root:elite fitness: 0.2698666666666667
INFO:root:Generation: 24
INFO:root:pop fitness: 0.12077333333333333
INFO:root:elite fitness: 0.23632
INFO:root:Generation: 23
INFO:root:pop fitness: 0.11563333333333332
INFO:root:elite fitness: 0.2462133333333333
INFO:root:Generation: 25
INFO:root:pop fitness: 0.12214666666666667
INFO:root:elite fitness: 0.24032
INFO:root:Generation: 24
INFO:root:pop fitness: 0.12583333333333332
INFO:root:elite fitness: 0.25192000000000003
INFO:root:Generation: 26
INFO:root:pop fitness: 0.12451333333333334
INFO:root:elite fitness: 0.2385333333333333
INFO:root:Generation: 25
INFO:root:pop fitness: 0.13314666666666666
INFO:root:elite fitness: 0.25810666666666665
INFO:root:Generation: 27
INFO:root:pop fitness: 0.1280133333333333
INFO:root:elite fitness: 0.24018666666666666
INFO:root:Generation: 26
INFO:root:pop fitness: 0.14159999999999998
INFO:root:elite fitness: 0.2673733333333333
INFO:root:Generation: 28
INFO:root:pop fitness: 0.11531999999999999
INFO:root:elite fitness: 0.26458666666666675
INFO:root:Generation: 27
INFO:root:pop fitness: 0.13752666666666669
INFO:root:elite fitness: 0.28373333333333334
INFO:root:Generation: 29
INFO:root:pop fitness: 0.118
INFO:root:elite fitness: 0.22494666666666666
INFO:root:Generation: 30
INFO:root:pop fitness: 0.12334000000000003
INFO:root:elite fitness: 0.23516
INFO:root:Generation: 28
INFO:root:pop fitness: 0.13766666666666671
INFO:root:elite fitness: 0.265
INFO:root:Generation: 31
INFO:root:pop fitness: 0.12818
INFO:root:elite fitness: 0.25266666666666665
INFO:root:Generation: 29
INFO:root:pop fitness: 0.12906666666666666
INFO:root:elite fitness: 0.24464
INFO:root:Generation: 32
INFO:root:pop fitness: 0.13762666666666665
INFO:root:elite fitness: 0.2611866666666666
INFO:root:Generation: 30
INFO:root:pop fitness: 0.13436
INFO:root:elite fitness: 0.25856
INFO:root:Generation: 33
INFO:root:pop fitness: 0.13865333333333332
INFO:root:elite fitness: 0.27044
INFO:root:Generation: 31
INFO:root:pop fitness: 0.13835333333333333
INFO:root:elite fitness: 0.2955733333333333
INFO:root:Generation: 34
INFO:root:pop fitness: 0.14398666666666665
INFO:root:elite fitness: 0.26657333333333333
INFO:root:Generation: 32
INFO:root:pop fitness: 0.1351
INFO:root:elite fitness: 0.24846666666666672
INFO:root:Generation: 35
INFO:root:pop fitness: 0.12316
INFO:root:elite fitness: 0.21919999999999992
INFO:root:Generation: 33
INFO:root:pop fitness: 0.13357333333333335
INFO:root:elite fitness: 0.24480000000000005
INFO:root:Generation: 36
INFO:root:pop fitness: 0.13274
INFO:root:elite fitness: 0.2688
INFO:root:Generation: 34
INFO:root:pop fitness: 0.1406666666666667
INFO:root:elite fitness: 0.27642666666666665
INFO:root:Generation: 37
INFO:root:pop fitness: 0.13185333333333332
INFO:root:elite fitness: 0.25175999999999993
INFO:root:Generation: 35
INFO:root:pop fitness: 0.13882666666666665
INFO:root:elite fitness: 0.26911999999999997
INFO:root:Generation: 38
INFO:root:pop fitness: 0.15347333333333335
INFO:root:elite fitness: 0.27854666666666666
INFO:root:Generation: 36
INFO:root:pop fitness: 0.13965333333333332
INFO:root:elite fitness: 0.2424
INFO:root:Generation: 39
INFO:root:pop fitness: 0.14083333333333334
INFO:root:elite fitness: 0.2672
INFO:root:Generation: 37
INFO:root:pop fitness: 0.12710000000000002
INFO:root:elite fitness: 0.2521866666666667
INFO:root:Generation: 40
INFO:root:pop fitness: 0.1382266666666667
INFO:root:elite fitness: 0.2646266666666667
INFO:root:Generation: 38
INFO:root:pop fitness: 0.12407999999999998
INFO:root:elite fitness: 0.2547466666666666
INFO:root:Generation: 41
INFO:root:pop fitness: 0.15534
INFO:root:elite fitness: 0.2925733333333333
INFO:root:Generation: 39
INFO:root:pop fitness: 0.11837999999999999
INFO:root:elite fitness: 0.23165333333333338
INFO:root:Generation: 42
INFO:root:pop fitness: 0.13945333333333335
INFO:root:elite fitness: 0.2571066666666667
INFO:root:Generation: 43
INFO:root:pop fitness: 0.13968666666666668
INFO:root:elite fitness: 0.2764666666666667
INFO:root:Generation: 40
INFO:root:pop fitness: 0.14973333333333333
INFO:root:elite fitness: 0.25582666666666665
INFO:root:Generation: 44
INFO:root:pop fitness: 0.14862
INFO:root:elite fitness: 0.2518933333333333
INFO:root:Generation: 41
INFO:root:pop fitness: 0.13768
INFO:root:elite fitness: 0.2611066666666667
INFO:root:Generation: 45
INFO:root:pop fitness: 0.1638
INFO:root:elite fitness: 0.29785333333333336
INFO:root:Generation: 42
INFO:root:pop fitness: 0.13515333333333332
INFO:root:elite fitness: 0.2367733333333333
INFO:root:Generation: 46
INFO:root:pop fitness: 0.14044
INFO:root:elite fitness: 0.26752
INFO:root:Generation: 43
INFO:root:pop fitness: 0.13965999999999998
INFO:root:elite fitness: 0.2746
INFO:root:Generation: 47
INFO:root:pop fitness: 0.14526
INFO:root:elite fitness: 0.28296000000000004
INFO:root:Generation: 44
INFO:root:pop fitness: 0.11944
INFO:root:elite fitness: 0.23658666666666672
INFO:root:Generation: 48
INFO:root:pop fitness: 0.14579999999999999
INFO:root:elite fitness: 0.29319999999999996
INFO:root:Generation: 45
INFO:root:pop fitness: 0.15664
INFO:root:elite fitness: 0.27705333333333326
INFO:root:Generation: 49
INFO:root:pop fitness: 0.13428666666666667
INFO:root:elite fitness: 0.26909333333333324
INFO:root:Generation: 46
INFO:root:pop fitness: 0.1451
INFO:root:elite fitness: 0.2874133333333333
INFO:root:Generation: 50
INFO:root:pop fitness: 0.15114
INFO:root:elite fitness: 0.3041466666666667
INFO:root:Generation: 47
INFO:root:pop fitness: 0.13101333333333334
INFO:root:elite fitness: 0.24894666666666665
INFO:root:Generation: 51
INFO:root:pop fitness: 0.13792666666666667
INFO:root:elite fitness: 0.2672
INFO:root:Generation: 48
INFO:root:pop fitness: 0.13982666666666665
INFO:root:elite fitness: 0.24323999999999998
INFO:root:Generation: 52
INFO:root:pop fitness: 0.15673333333333334
INFO:root:elite fitness: 0.30597333333333326
INFO:root:Generation: 49
INFO:root:pop fitness: 0.13626666666666665
INFO:root:elite fitness: 0.2584666666666666
INFO:root:Generation: 53
INFO:root:pop fitness: 0.15553333333333333
INFO:root:elite fitness: 0.29995999999999995
INFO:root:Generation: 50
INFO:root:pop fitness: 0.15287333333333333
INFO:root:elite fitness: 0.2838799999999999
INFO:root:Generation: 54
INFO:root:pop fitness: 0.15677333333333332
INFO:root:elite fitness: 0.2824533333333333
INFO:root:Generation: 51
INFO:root:pop fitness: 0.15742666666666666
INFO:root:elite fitness: 0.29894666666666664
INFO:root:Generation: 55
INFO:root:pop fitness: 0.14838666666666667
INFO:root:elite fitness: 0.2617466666666666
INFO:root:Generation: 52
INFO:root:pop fitness: 0.14834666666666663
INFO:root:elite fitness: 0.2751066666666667
INFO:root:Generation: 56
INFO:root:pop fitness: 0.15732
INFO:root:elite fitness: 0.29762666666666665
INFO:root:Generation: 57
INFO:root:pop fitness: 0.15333999999999998
INFO:root:elite fitness: 0.27637333333333336
INFO:root:Generation: 53
INFO:root:pop fitness: 0.12743333333333334
INFO:root:elite fitness: 0.25984
INFO:root:Generation: 58
INFO:root:pop fitness: 0.16441333333333333
INFO:root:elite fitness: 0.3263333333333334
INFO:root:Generation: 54
INFO:root:pop fitness: 0.14174666666666666
INFO:root:elite fitness: 0.27352
INFO:root:Generation: 59
INFO:root:pop fitness: 0.16254
INFO:root:elite fitness: 0.2908799999999999
INFO:root:Generation: 55
INFO:root:pop fitness: 0.15482
INFO:root:elite fitness: 0.29112
INFO:root:Generation: 60
INFO:root:pop fitness: 0.15094666666666667
INFO:root:elite fitness: 0.2906266666666667
INFO:root:Generation: 56
INFO:root:pop fitness: 0.14532666666666666
INFO:root:elite fitness: 0.28301333333333334
INFO:root:Generation: 61
INFO:root:pop fitness: 0.1538
INFO:root:elite fitness: 0.3038
INFO:root:Generation: 57
INFO:root:pop fitness: 0.14240666666666668
INFO:root:elite fitness: 0.28020000000000006
INFO:root:Generation: 62
INFO:root:pop fitness: 0.17557999999999999
INFO:root:elite fitness: 0.31032
INFO:root:Generation: 58
INFO:root:pop fitness: 0.1249
INFO:root:elite fitness: 0.2668266666666666
INFO:root:Generation: 63
INFO:root:pop fitness: 0.16741333333333336
INFO:root:elite fitness: 0.28797333333333325
INFO:root:Generation: 59
INFO:root:pop fitness: 0.16198
INFO:root:elite fitness: 0.31211999999999995
INFO:root:Generation: 64
INFO:root:pop fitness: 0.17323333333333332
INFO:root:elite fitness: 0.29577333333333333
INFO:root:Generation: 60
INFO:root:pop fitness: 0.15676666666666667
INFO:root:elite fitness: 0.2828133333333333
INFO:root:Generation: 65
INFO:root:pop fitness: 0.15266000000000002
INFO:root:elite fitness: 0.2777733333333333
INFO:root:Generation: 61
INFO:root:pop fitness: 0.15013333333333334
INFO:root:elite fitness: 0.30641333333333337
INFO:root:Generation: 66
INFO:root:pop fitness: 0.15064666666666668
INFO:root:elite fitness: 0.27393333333333336
INFO:root:Generation: 62
INFO:root:pop fitness: 0.14372
INFO:root:elite fitness: 0.29808
INFO:root:Generation: 67
INFO:root:pop fitness: 0.15756
INFO:root:elite fitness: 0.29170666666666667
INFO:root:Generation: 63
INFO:root:pop fitness: 0.1587
INFO:root:elite fitness: 0.30569333333333326
INFO:root:Generation: 68
INFO:root:pop fitness: 0.17367333333333335
INFO:root:elite fitness: 0.30566666666666664
INFO:root:Generation: 64
INFO:root:pop fitness: 0.14678666666666668
INFO:root:elite fitness: 0.27286666666666665
INFO:root:Generation: 69
INFO:root:pop fitness: 0.15739999999999998
INFO:root:elite fitness: 0.2736266666666667
INFO:root:Generation: 70
INFO:root:pop fitness: 0.14800666666666668
INFO:root:elite fitness: 0.27837333333333336
INFO:root:Generation: 65
INFO:root:pop fitness: 0.13530666666666666
INFO:root:elite fitness: 0.2889733333333333
INFO:root:Generation: 71
INFO:root:pop fitness: 0.17528666666666667
INFO:root:elite fitness: 0.2854133333333333
INFO:root:Generation: 66
INFO:root:pop fitness: 0.14603333333333335
INFO:root:elite fitness: 0.27034666666666674
INFO:root:Generation: 72
INFO:root:pop fitness: 0.15195333333333333
INFO:root:elite fitness: 0.29629333333333335
INFO:root:Generation: 67
INFO:root:pop fitness: 0.14732
INFO:root:elite fitness: 0.2862666666666667
INFO:root:Generation: 73
INFO:root:pop fitness: 0.16346
INFO:root:elite fitness: 0.30201333333333336
INFO:root:Generation: 68
INFO:root:pop fitness: 0.15411333333333335
INFO:root:elite fitness: 0.27481333333333335
INFO:root:Generation: 74
INFO:root:pop fitness: 0.16930666666666666
INFO:root:elite fitness: 0.33190666666666674
INFO:root:Generation: 69
INFO:root:pop fitness: 0.1560666666666667
INFO:root:elite fitness: 0.27976
INFO:root:Generation: 75
INFO:root:pop fitness: 0.15061333333333332
INFO:root:elite fitness: 0.3090666666666667
INFO:root:Generation: 70
INFO:root:pop fitness: 0.15711333333333333
INFO:root:elite fitness: 0.29777333333333333
INFO:root:Generation: 76
INFO:root:pop fitness: 0.17385333333333333
INFO:root:elite fitness: 0.32548
INFO:root:Generation: 71
INFO:root:pop fitness: 0.16770000000000002
INFO:root:elite fitness: 0.30872
INFO:root:Generation: 77
INFO:root:pop fitness: 0.14740666666666666
INFO:root:elite fitness: 0.2908
INFO:root:Generation: 72
INFO:root:pop fitness: 0.14809333333333335
INFO:root:elite fitness: 0.31104
INFO:root:Generation: 78
INFO:root:pop fitness: 0.15411333333333335
INFO:root:elite fitness: 0.2703466666666667
INFO:root:Generation: 73
INFO:root:pop fitness: 0.15785333333333337
INFO:root:elite fitness: 0.27690666666666663
INFO:root:Generation: 79
INFO:root:pop fitness: 0.18538000000000002
INFO:root:elite fitness: 0.30352
INFO:root:Generation: 74
INFO:root:pop fitness: 0.15518666666666667
INFO:root:elite fitness: 0.25930666666666663
INFO:root:Generation: 80
INFO:root:pop fitness: 0.17948666666666668
INFO:root:elite fitness: 0.3502666666666667
INFO:root:Generation: 75
INFO:root:pop fitness: 0.15464
INFO:root:elite fitness: 0.2856800000000001
INFO:root:Generation: 81
INFO:root:pop fitness: 0.17333333333333334
INFO:root:elite fitness: 0.30478666666666665
INFO:root:Generation: 76
INFO:root:pop fitness: 0.16833333333333333
INFO:root:elite fitness: 0.32308
INFO:root:Generation: 82
INFO:root:pop fitness: 0.17063333333333333
INFO:root:elite fitness: 0.31271999999999994
INFO:root:Generation: 77
INFO:root:pop fitness: 0.17288666666666666
INFO:root:elite fitness: 0.2965866666666667
INFO:root:Generation: 83
INFO:root:pop fitness: 0.18579333333333334
INFO:root:elite fitness: 0.3079733333333334
INFO:root:Generation: 84
INFO:root:pop fitness: 0.17113333333333333
INFO:root:elite fitness: 0.30472
INFO:root:Generation: 78
INFO:root:pop fitness: 0.16938666666666666
INFO:root:elite fitness: 0.2938266666666667
INFO:root:Generation: 85
INFO:root:pop fitness: 0.17568666666666669
INFO:root:elite fitness: 0.3402
INFO:root:Generation: 79
INFO:root:pop fitness: 0.16444
INFO:root:elite fitness: 0.30018666666666666
INFO:root:Generation: 86
INFO:root:pop fitness: 0.18163333333333337
INFO:root:elite fitness: 0.33150666666666667
INFO:root:Generation: 80
INFO:root:pop fitness: 0.16340000000000005
INFO:root:elite fitness: 0.3093866666666667
INFO:root:Generation: 87
INFO:root:pop fitness: 0.16268666666666665
INFO:root:elite fitness: 0.3084
INFO:root:Generation: 81
INFO:root:pop fitness: 0.16878
INFO:root:elite fitness: 0.31322666666666665
INFO:root:Generation: 88
INFO:root:pop fitness: 0.18415333333333334
INFO:root:elite fitness: 0.31252
INFO:root:Generation: 82
INFO:root:pop fitness: 0.15728666666666669
INFO:root:elite fitness: 0.3186
INFO:root:Generation: 89
INFO:root:pop fitness: 0.19036666666666666
INFO:root:elite fitness: 0.32349333333333335
INFO:root:Generation: 83
INFO:root:pop fitness: 0.16195333333333334
INFO:root:elite fitness: 0.27544
INFO:root:Generation: 90
INFO:root:pop fitness: 0.16212666666666667
INFO:root:elite fitness: 0.28481333333333336
INFO:root:Generation: 84
INFO:root:pop fitness: 0.17023333333333335
INFO:root:elite fitness: 0.30207999999999996
INFO:root:Generation: 91
INFO:root:pop fitness: 0.17225333333333334
INFO:root:elite fitness: 0.30194666666666664
INFO:root:Generation: 85
INFO:root:pop fitness: 0.17727333333333334
INFO:root:elite fitness: 0.3414
INFO:root:Generation: 92
INFO:root:pop fitness: 0.16935999999999998
INFO:root:elite fitness: 0.3333733333333333
INFO:root:Generation: 86
INFO:root:pop fitness: 0.15792666666666666
INFO:root:elite fitness: 0.28656
INFO:root:Generation: 93
INFO:root:pop fitness: 0.16684000000000002
INFO:root:elite fitness: 0.28401333333333334
INFO:root:Generation: 87
INFO:root:pop fitness: 0.16068
INFO:root:elite fitness: 0.31544
INFO:root:Generation: 94
INFO:root:pop fitness: 0.15927999999999998
INFO:root:elite fitness: 0.2696266666666667
INFO:root:Generation: 88
INFO:root:pop fitness: 0.16773333333333332
INFO:root:elite fitness: 0.30257333333333336
INFO:root:Generation: 95
INFO:root:pop fitness: 0.1816
INFO:root:elite fitness: 0.32264
INFO:root:Generation: 89
INFO:root:pop fitness: 0.17564666666666667
INFO:root:elite fitness: 0.3304000000000001
INFO:root:Generation: 96
INFO:root:pop fitness: 0.1819
INFO:root:elite fitness: 0.3077733333333333
INFO:root:Generation: 90
INFO:root:pop fitness: 0.15277999999999997
INFO:root:elite fitness: 0.2988
INFO:root:Generation: 97
INFO:root:pop fitness: 0.17858666666666667
INFO:root:elite fitness: 0.29286666666666666
INFO:root:Generation: 91
INFO:root:pop fitness: 0.16826666666666665
INFO:root:elite fitness: 0.2974533333333333
INFO:root:Generation: 98
INFO:root:pop fitness: 0.17262
INFO:root:elite fitness: 0.3111733333333333
INFO:root:Generation: 92
INFO:root:pop fitness: 0.15216
INFO:root:elite fitness: 0.30441333333333326
INFO:root:Generation: 99
INFO:root:pop fitness: 0.16332666666666665
INFO:root:elite fitness: 0.31009333333333333
INFO:root:Generation: 93
INFO:root:pop fitness: 0.16103333333333333
INFO:root:elite fitness: 0.27979999999999994
INFO:root:Generation: 100
INFO:root:pop fitness: 0.16224000000000002
INFO:root:elite fitness: 0.2923466666666667
INFO:root:Generation: 101
INFO:root:pop fitness: 0.17567999999999998
INFO:root:elite fitness: 0.3449466666666666
INFO:root:Generation: 94
INFO:root:pop fitness: 0.16061333333333333
INFO:root:elite fitness: 0.29572
INFO:root:Generation: 102
INFO:root:pop fitness: 0.18166000000000002
INFO:root:elite fitness: 0.3382133333333333
INFO:root:Generation: 95
INFO:root:pop fitness: 0.16538000000000003
INFO:root:elite fitness: 0.32744
INFO:root:Generation: 103
INFO:root:pop fitness: 0.18604666666666667
INFO:root:elite fitness: 0.31606666666666666
INFO:root:Generation: 96
INFO:root:pop fitness: 0.16523333333333337
INFO:root:elite fitness: 0.30308000000000007
INFO:root:Generation: 104
INFO:root:pop fitness: 0.1853133333333333
INFO:root:elite fitness: 0.3113066666666667
INFO:root:Generation: 97
INFO:root:pop fitness: 0.1625
INFO:root:elite fitness: 0.2991866666666667
INFO:root:Generation: 105
INFO:root:pop fitness: 0.18240666666666666
INFO:root:elite fitness: 0.3075866666666666
INFO:root:Generation: 98
INFO:root:pop fitness: 0.16662666666666667
INFO:root:elite fitness: 0.3028
INFO:root:Generation: 106
INFO:root:pop fitness: 0.18612
INFO:root:elite fitness: 0.321
INFO:root:Generation: 99
INFO:root:pop fitness: 0.15181999999999998
INFO:root:elite fitness: 0.28831999999999997
INFO:root:Generation: 107
INFO:root:pop fitness: 0.15941333333333332
INFO:root:elite fitness: 0.29106666666666664
INFO:root:Generation: 100
INFO:root:pop fitness: 0.16908
INFO:root:elite fitness: 0.3132666666666667
INFO:root:Generation: 108
INFO:root:pop fitness: 0.16373333333333334
INFO:root:elite fitness: 0.3032533333333333
INFO:root:Generation: 101
INFO:root:pop fitness: 0.17161333333333334
INFO:root:elite fitness: 0.2918666666666666
INFO:root:Generation: 109
INFO:root:pop fitness: 0.17482666666666669
INFO:root:elite fitness: 0.3260133333333333
INFO:root:Generation: 102
INFO:root:pop fitness: 0.16669333333333333
INFO:root:elite fitness: 0.30456
INFO:root:Generation: 110
INFO:root:pop fitness: 0.16114
INFO:root:elite fitness: 0.31448
INFO:root:Generation: 103
INFO:root:pop fitness: 0.16644666666666666
INFO:root:elite fitness: 0.30524
INFO:root:Generation: 111
INFO:root:pop fitness: 0.17719333333333334
INFO:root:elite fitness: 0.3068
INFO:root:Generation: 104
INFO:root:pop fitness: 0.17801999999999998
INFO:root:elite fitness: 0.30438666666666664
INFO:root:Generation: 112
INFO:root:pop fitness: 0.17288666666666666
INFO:root:elite fitness: 0.31446666666666656
INFO:root:Generation: 105
INFO:root:pop fitness: 0.17194666666666666
INFO:root:elite fitness: 0.31792000000000004
INFO:root:Generation: 113
INFO:root:pop fitness: 0.17589333333333335
INFO:root:elite fitness: 0.3300533333333334
INFO:root:Generation: 106
INFO:root:pop fitness: 0.16607333333333335
INFO:root:elite fitness: 0.29162666666666665
INFO:root:Generation: 114
INFO:root:pop fitness: 0.16765333333333335
INFO:root:elite fitness: 0.3089733333333334
INFO:root:Generation: 107
INFO:root:pop fitness: 0.16175333333333333
INFO:root:elite fitness: 0.3144133333333333
INFO:root:Generation: 115
INFO:root:pop fitness: 0.18483333333333332
INFO:root:elite fitness: 0.34605333333333327
INFO:root:Generation: 108
INFO:root:pop fitness: 0.16588666666666668
INFO:root:elite fitness: 0.30801333333333336
INFO:root:Generation: 116
INFO:root:pop fitness: 0.18555333333333332
INFO:root:elite fitness: 0.331
INFO:root:Generation: 109
INFO:root:pop fitness: 0.17270666666666665
INFO:root:elite fitness: 0.28225333333333336
INFO:root:Generation: 117
INFO:root:pop fitness: 0.20351333333333335
INFO:root:elite fitness: 0.35509333333333337
INFO:root:Generation: 110
INFO:root:pop fitness: 0.1834066666666667
INFO:root:elite fitness: 0.3405466666666667
INFO:root:Generation: 118
INFO:root:pop fitness: 0.20521999999999999
INFO:root:elite fitness: 0.33355999999999997
INFO:root:Generation: 111
INFO:root:pop fitness: 0.17152
INFO:root:elite fitness: 0.31705333333333335
INFO:root:Generation: 119
INFO:root:pop fitness: 0.19197333333333333
INFO:root:elite fitness: 0.3429466666666666
INFO:root:Generation: 120
INFO:root:pop fitness: 0.2007933333333333
INFO:root:elite fitness: 0.37044
INFO:root:Generation: 112
INFO:root:pop fitness: 0.1766
INFO:root:elite fitness: 0.31368
INFO:root:Generation: 121
INFO:root:pop fitness: 0.20189999999999997
INFO:root:elite fitness: 0.32376
INFO:root:Generation: 113
INFO:root:pop fitness: 0.18910666666666667
INFO:root:elite fitness: 0.33596000000000004
INFO:root:Generation: 122
INFO:root:pop fitness: 0.20674
INFO:root:elite fitness: 0.3377466666666667
INFO:root:Generation: 114
INFO:root:pop fitness: 0.16821333333333333
INFO:root:elite fitness: 0.31214666666666663
INFO:root:Generation: 123
INFO:root:pop fitness: 0.17970666666666665
INFO:root:elite fitness: 0.30863999999999997
INFO:root:Generation: 115
INFO:root:pop fitness: 0.17953333333333332
INFO:root:elite fitness: 0.35661333333333334
INFO:root:Generation: 124
INFO:root:pop fitness: 0.19962
INFO:root:elite fitness: 0.3346933333333333
INFO:root:Generation: 116
INFO:root:pop fitness: 0.16901999999999998
INFO:root:elite fitness: 0.30085333333333336
INFO:root:Generation: 125
INFO:root:pop fitness: 0.20688666666666666
INFO:root:elite fitness: 0.3677866666666667
INFO:root:Generation: 117
INFO:root:pop fitness: 0.15700666666666668
INFO:root:elite fitness: 0.29189333333333334
INFO:root:Generation: 126
INFO:root:pop fitness: 0.17247333333333334
INFO:root:elite fitness: 0.3134133333333333
INFO:root:Generation: 118
INFO:root:pop fitness: 0.17699333333333334
INFO:root:elite fitness: 0.33224
INFO:root:Generation: 127
INFO:root:pop fitness: 0.1795466666666667
INFO:root:elite fitness: 0.2905733333333333
INFO:root:Generation: 119
INFO:root:pop fitness: 0.17675333333333337
INFO:root:elite fitness: 0.30510666666666664
INFO:root:Generation: 128
INFO:root:pop fitness: 0.19388666666666665
INFO:root:elite fitness: 0.32754666666666665
INFO:root:Generation: 129
INFO:root:pop fitness: 0.20341333333333333
INFO:root:elite fitness: 0.35414666666666667
INFO:root:Generation: 120
INFO:root:pop fitness: 0.16498666666666667
INFO:root:elite fitness: 0.29952
INFO:root:Generation: 130
INFO:root:pop fitness: 0.18908666666666665
INFO:root:elite fitness: 0.35161333333333333
INFO:root:Generation: 121
INFO:root:pop fitness: 0.1677
INFO:root:elite fitness: 0.32394666666666666
INFO:root:Generation: 131
INFO:root:pop fitness: 0.18872666666666665
INFO:root:elite fitness: 0.3028133333333333
INFO:root:Generation: 122
INFO:root:pop fitness: 0.18214666666666668
INFO:root:elite fitness: 0.31168
INFO:root:Generation: 132
INFO:root:pop fitness: 0.17793333333333333
INFO:root:elite fitness: 0.3157466666666666
INFO:root:Generation: 123
INFO:root:pop fitness: 0.16216666666666665
INFO:root:elite fitness: 0.2831466666666667
INFO:root:Generation: 133
INFO:root:pop fitness: 0.18358
INFO:root:elite fitness: 0.3258933333333333
INFO:root:Generation: 124
INFO:root:pop fitness: 0.16569333333333333
INFO:root:elite fitness: 0.2910533333333333
INFO:root:Generation: 134
INFO:root:pop fitness: 0.19075333333333333
INFO:root:elite fitness: 0.3578800000000001
INFO:root:Generation: 125
INFO:root:pop fitness: 0.18007333333333336
INFO:root:elite fitness: 0.29910666666666663
INFO:root:Generation: 135
INFO:root:pop fitness: 0.20089333333333334
INFO:root:elite fitness: 0.3397866666666667
INFO:root:Generation: 126
INFO:root:pop fitness: 0.18709333333333333
INFO:root:elite fitness: 0.3161733333333333
INFO:root:Generation: 136
INFO:root:pop fitness: 0.19941333333333336
INFO:root:elite fitness: 0.3428
INFO:root:Generation: 127
INFO:root:pop fitness: 0.18682
INFO:root:elite fitness: 0.3208533333333334
INFO:root:Generation: 137
INFO:root:pop fitness: 0.18422666666666668
INFO:root:elite fitness: 0.33149333333333336
INFO:root:Generation: 128
INFO:root:pop fitness: 0.18733333333333335
INFO:root:elite fitness: 0.3329333333333333
INFO:root:Generation: 138
INFO:root:pop fitness: 0.19279333333333332
INFO:root:elite fitness: 0.3385066666666667
INFO:root:Generation: 129
INFO:root:pop fitness: 0.18504666666666666
INFO:root:elite fitness: 0.3376266666666667
INFO:root:Generation: 139
INFO:root:pop fitness: 0.19306666666666664
INFO:root:elite fitness: 0.35292
INFO:root:Generation: 140
INFO:root:pop fitness: 0.18865333333333334
INFO:root:elite fitness: 0.32182666666666665
INFO:root:Generation: 130
INFO:root:pop fitness: 0.19098
INFO:root:elite fitness: 0.3382
INFO:root:Generation: 141
INFO:root:pop fitness: 0.1955
INFO:root:elite fitness: 0.34343999999999997
INFO:root:Generation: 131
INFO:root:pop fitness: 0.18350666666666668
INFO:root:elite fitness: 0.30104
INFO:root:Generation: 142
INFO:root:pop fitness: 0.1937
INFO:root:elite fitness: 0.31384
INFO:root:Generation: 132
INFO:root:pop fitness: 0.16146000000000002
INFO:root:elite fitness: 0.29908
INFO:root:Generation: 143
INFO:root:pop fitness: 0.18687999999999996
INFO:root:elite fitness: 0.32378666666666667
INFO:root:Generation: 133
INFO:root:pop fitness: 0.18725999999999998
INFO:root:elite fitness: 0.3389066666666667
INFO:root:Generation: 144
INFO:root:pop fitness: 0.1953466666666667
INFO:root:elite fitness: 0.35986666666666667
INFO:root:Generation: 134
INFO:root:pop fitness: 0.1858466666666667
INFO:root:elite fitness: 0.3312533333333333
INFO:root:Generation: 145
INFO:root:pop fitness: 0.1920066666666667
INFO:root:elite fitness: 0.33515999999999996
INFO:root:Generation: 135
INFO:root:pop fitness: 0.19356
INFO:root:elite fitness: 0.3286266666666666
INFO:root:Generation: 146
INFO:root:pop fitness: 0.18588666666666667
INFO:root:elite fitness: 0.3106266666666666
INFO:root:Generation: 136
INFO:root:pop fitness: 0.1725933333333333
INFO:root:elite fitness: 0.3106399999999999
INFO:root:Generation: 147
INFO:root:pop fitness: 0.20472
INFO:root:elite fitness: 0.3562666666666667
INFO:root:Generation: 148
INFO:root:pop fitness: 0.20858
INFO:root:elite fitness: 0.35902666666666666
INFO:root:Generation: 137
INFO:root:pop fitness: 0.18180666666666667
INFO:root:elite fitness: 0.31666666666666665
INFO:root:Generation: 149
INFO:root:pop fitness: 0.17718
INFO:root:elite fitness: 0.30657333333333325
INFO:root:Generation: 138
INFO:root:pop fitness: 0.18688
INFO:root:elite fitness: 0.34653333333333336
INFO:root:Generation: 150
INFO:root:pop fitness: 0.18292666666666665
INFO:root:elite fitness: 0.3254133333333333
INFO:root:Generation: 139
INFO:root:pop fitness: 0.19204
INFO:root:elite fitness: 0.36429333333333336
INFO:root:Generation: 151
INFO:root:pop fitness: 0.18612666666666663
INFO:root:elite fitness: 0.3193466666666666
INFO:root:Generation: 140
INFO:root:pop fitness: 0.18150000000000002
INFO:root:elite fitness: 0.30025333333333337
INFO:root:Generation: 152
INFO:root:pop fitness: 0.2065
INFO:root:elite fitness: 0.35278666666666664
INFO:root:Generation: 141
INFO:root:pop fitness: 0.19081333333333333
INFO:root:elite fitness: 0.3092533333333333
INFO:root:Generation: 153
INFO:root:pop fitness: 0.17578666666666667
INFO:root:elite fitness: 0.3245866666666667
INFO:root:Generation: 142
INFO:root:pop fitness: 0.18928666666666666
INFO:root:elite fitness: 0.31427999999999995
INFO:root:Generation: 154
INFO:root:pop fitness: 0.19258666666666666
INFO:root:elite fitness: 0.33781333333333335
INFO:root:Generation: 143
INFO:root:pop fitness: 0.18799333333333337
INFO:root:elite fitness: 0.3417066666666667
INFO:root:Generation: 155
INFO:root:pop fitness: 0.18653333333333333
INFO:root:elite fitness: 0.33416
INFO:root:Generation: 156
INFO:root:pop fitness: 0.17701999999999998
INFO:root:elite fitness: 0.3234533333333333
INFO:root:Generation: 144
INFO:root:pop fitness: 0.18822666666666668
INFO:root:elite fitness: 0.31771999999999995
INFO:root:Generation: 157
INFO:root:pop fitness: 0.19713333333333333
INFO:root:elite fitness: 0.35997333333333337
INFO:root:Generation: 145
INFO:root:pop fitness: 0.19404666666666667
INFO:root:elite fitness: 0.3346266666666667
INFO:root:Generation: 158
INFO:root:pop fitness: 0.19523333333333337
INFO:root:elite fitness: 0.35745333333333335
INFO:root:Generation: 146
INFO:root:pop fitness: 0.19705333333333333
INFO:root:elite fitness: 0.36776000000000003
INFO:root:Generation: 159
INFO:root:pop fitness: 0.21412666666666666
INFO:root:elite fitness: 0.35208
INFO:root:Generation: 147
INFO:root:pop fitness: 0.17892
INFO:root:elite fitness: 0.31100000000000005
INFO:root:Generation: 160
INFO:root:pop fitness: 0.20023333333333332
INFO:root:elite fitness: 0.3361733333333334
INFO:root:Generation: 148
INFO:root:pop fitness: 0.19214666666666663
INFO:root:elite fitness: 0.33969333333333335
INFO:root:Generation: 161
INFO:root:pop fitness: 0.20020000000000002
INFO:root:elite fitness: 0.33699999999999997
INFO:root:Generation: 162
INFO:root:pop fitness: 0.18972
INFO:root:elite fitness: 0.33154666666666666
INFO:root:Generation: 149
INFO:root:pop fitness: 0.18745333333333336
INFO:root:elite fitness: 0.31698666666666664
INFO:root:Generation: 163
INFO:root:pop fitness: 0.18736
INFO:root:elite fitness: 0.32988000000000006
INFO:root:Generation: 150
INFO:root:pop fitness: 0.18376
INFO:root:elite fitness: 0.3412666666666668
INFO:root:Generation: 164
INFO:root:pop fitness: 0.21098666666666668
INFO:root:elite fitness: 0.39868
INFO:root:Generation: 151
INFO:root:pop fitness: 0.19585333333333332
INFO:root:elite fitness: 0.3465733333333333
INFO:root:Generation: 165
INFO:root:pop fitness: 0.19106
INFO:root:elite fitness: 0.3210266666666667
INFO:root:Generation: 152
INFO:root:pop fitness: 0.18676
INFO:root:elite fitness: 0.3043199999999999
INFO:root:Generation: 166
INFO:root:pop fitness: 0.19014
INFO:root:elite fitness: 0.3287333333333333
INFO:root:Generation: 153
INFO:root:pop fitness: 0.18487333333333333
INFO:root:elite fitness: 0.3374533333333333
INFO:root:Generation: 167
INFO:root:pop fitness: 0.19347333333333333
INFO:root:elite fitness: 0.33204000000000006
INFO:root:Generation: 154
INFO:root:pop fitness: 0.18178000000000002
INFO:root:elite fitness: 0.32514666666666664
INFO:root:Generation: 168
INFO:root:pop fitness: 0.20366666666666663
INFO:root:elite fitness: 0.38122666666666666
INFO:root:Generation: 155
INFO:root:pop fitness: 0.17837333333333333
INFO:root:elite fitness: 0.33370666666666665
INFO:root:Generation: 169
INFO:root:pop fitness: 0.19376000000000002
INFO:root:elite fitness: 0.33853333333333335
INFO:root:Generation: 156
INFO:root:pop fitness: 0.18798666666666666
INFO:root:elite fitness: 0.30765333333333333
INFO:root:Generation: 170
INFO:root:pop fitness: 0.20521333333333336
INFO:root:elite fitness: 0.35585333333333335
INFO:root:Generation: 157
INFO:root:pop fitness: 0.18634
INFO:root:elite fitness: 0.3105333333333334
INFO:root:Generation: 158
INFO:root:pop fitness: 0.1857
INFO:root:elite fitness: 0.3070933333333334
INFO:root:Generation: 159
INFO:root:pop fitness: 0.1928066666666667
INFO:root:elite fitness: 0.3361466666666667
INFO:root:Generation: 160
INFO:root:pop fitness: 0.17192666666666667
INFO:root:elite fitness: 0.31530666666666674
INFO:root:Generation: 171
INFO:root:pop fitness: 0.18950666666666668
INFO:root:elite fitness: 0.32248000000000004
INFO:root:Generation: 161
INFO:root:pop fitness: 0.18092666666666665
INFO:root:elite fitness: 0.3268
INFO:root:Generation: 162
INFO:root:pop fitness: 0.1831
INFO:root:elite fitness: 0.30985333333333337
INFO:root:Generation: 163
INFO:root:pop fitness: 0.19261999999999999
INFO:root:elite fitness: 0.33112
INFO:root:Generation: 164
INFO:root:pop fitness: 0.17420000000000002
INFO:root:elite fitness: 0.31836
INFO:root:Generation: 172
INFO:root:pop fitness: 0.19823333333333332
INFO:root:elite fitness: 0.34106666666666663
INFO:root:Generation: 165
INFO:root:pop fitness: 0.1796
INFO:root:elite fitness: 0.31436000000000003
INFO:root:Generation: 166
INFO:root:pop fitness: 0.19452666666666668
INFO:root:elite fitness: 0.3530666666666667
INFO:root:Generation: 167
INFO:root:pop fitness: 0.17178666666666667
INFO:root:elite fitness: 0.3059466666666667
INFO:root:Generation: 168
INFO:root:pop fitness: 0.17206666666666667
INFO:root:elite fitness: 0.28603999999999996
INFO:root:Generation: 173
INFO:root:pop fitness: 0.18932
INFO:root:elite fitness: 0.33437333333333336
INFO:root:Generation: 169
INFO:root:pop fitness: 0.16778666666666667
INFO:root:elite fitness: 0.30536
INFO:root:Generation: 174
INFO:root:pop fitness: 0.2046266666666667
INFO:root:elite fitness: 0.3556
INFO:root:Generation: 175
INFO:root:pop fitness: 0.2004
INFO:root:elite fitness: 0.37252
INFO:root:Generation: 176
INFO:root:pop fitness: 0.20379333333333335
INFO:root:elite fitness: 0.3474266666666667
INFO:root:Generation: 177
INFO:root:pop fitness: 0.20644
INFO:root:elite fitness: 0.3519733333333333
INFO:root:Generation: 170
INFO:root:pop fitness: 0.17170666666666667
INFO:root:elite fitness: 0.32772
INFO:root:Generation: 178
INFO:root:pop fitness: 0.20052666666666666
INFO:root:elite fitness: 0.3658133333333333
INFO:root:Generation: 171
INFO:root:pop fitness: 0.17922000000000002
INFO:root:elite fitness: 0.30427999999999994
INFO:root:Generation: 179
INFO:root:pop fitness: 0.2129666666666667
INFO:root:elite fitness: 0.37498666666666663
INFO:root:Generation: 180
INFO:root:pop fitness: 0.18794666666666668
INFO:root:elite fitness: 0.3410133333333333
INFO:root:Generation: 172
INFO:root:pop fitness: 0.1837133333333333
INFO:root:elite fitness: 0.32896000000000003
INFO:root:Generation: 181
INFO:root:pop fitness: 0.17945333333333333
INFO:root:elite fitness: 0.30362666666666666
INFO:root:Generation: 173
INFO:root:pop fitness: 0.1864866666666667
INFO:root:elite fitness: 0.32616000000000006
INFO:root:Generation: 174
INFO:root:pop fitness: 0.17584666666666665
INFO:root:elite fitness: 0.33532
INFO:root:Generation: 182
INFO:root:pop fitness: 0.18711333333333333
INFO:root:elite fitness: 0.3161733333333333
INFO:root:Generation: 175
INFO:root:pop fitness: 0.17837999999999998
INFO:root:elite fitness: 0.31932000000000005
INFO:root:Generation: 176
INFO:root:pop fitness: 0.18546
INFO:root:elite fitness: 0.35807999999999995
INFO:root:Generation: 183
INFO:root:pop fitness: 0.1854
INFO:root:elite fitness: 0.32356
INFO:root:Generation: 177
INFO:root:pop fitness: 0.19576666666666667
INFO:root:elite fitness: 0.32149333333333335
INFO:root:Generation: 184
INFO:root:pop fitness: 0.19083333333333333
INFO:root:elite fitness: 0.37177333333333334
INFO:root:Generation: 178
INFO:root:pop fitness: 0.1901133333333333
INFO:root:elite fitness: 0.3270533333333333
INFO:root:Generation: 185
INFO:root:pop fitness: 0.2053
INFO:root:elite fitness: 0.3714533333333333
INFO:root:Generation: 179
INFO:root:pop fitness: 0.17563333333333334
INFO:root:elite fitness: 0.3079733333333333
INFO:root:Generation: 180
INFO:root:pop fitness: 0.18491333333333335
INFO:root:elite fitness: 0.33987999999999996
INFO:root:Generation: 181
INFO:root:pop fitness: 0.19014666666666666
INFO:root:elite fitness: 0.33249333333333336
INFO:root:Generation: 182
INFO:root:pop fitness: 0.19197333333333333
INFO:root:elite fitness: 0.3391866666666667
INFO:root:Generation: 186
INFO:root:pop fitness: 0.19434666666666667
INFO:root:elite fitness: 0.34114666666666665
INFO:root:Generation: 183
INFO:root:pop fitness: 0.17769333333333337
INFO:root:elite fitness: 0.32815999999999995
INFO:root:Generation: 187
INFO:root:pop fitness: 0.17731333333333332
INFO:root:elite fitness: 0.34092000000000006
INFO:root:Generation: 184
INFO:root:pop fitness: 0.17894666666666667
INFO:root:elite fitness: 0.31250666666666665
INFO:root:Generation: 188
INFO:root:pop fitness: 0.18488
INFO:root:elite fitness: 0.33269333333333334
INFO:root:Generation: 185
INFO:root:pop fitness: 0.18683333333333332
INFO:root:elite fitness: 0.31133333333333335
INFO:root:Generation: 189
INFO:root:pop fitness: 0.21345333333333333
INFO:root:elite fitness: 0.34040000000000004
INFO:root:Generation: 186
INFO:root:pop fitness: 0.2250666666666667
INFO:root:elite fitness: 0.3700266666666667
INFO:root:Generation: 190
INFO:root:pop fitness: 0.2045266666666667
INFO:root:elite fitness: 0.3555466666666667
INFO:root:Generation: 187
INFO:root:pop fitness: 0.19347999999999999
INFO:root:elite fitness: 0.3402533333333333
INFO:root:Generation: 191
INFO:root:pop fitness: 0.18282
INFO:root:elite fitness: 0.31073333333333336
INFO:root:Generation: 188
INFO:root:pop fitness: 0.17875333333333335
INFO:root:elite fitness: 0.3129066666666666
INFO:root:Generation: 192
INFO:root:pop fitness: 0.1726
INFO:root:elite fitness: 0.3304133333333334
INFO:root:Generation: 189
INFO:root:pop fitness: 0.19172666666666666
INFO:root:elite fitness: 0.3253466666666667
INFO:root:Generation: 193
INFO:root:pop fitness: 0.18446666666666667
INFO:root:elite fitness: 0.34086666666666665
INFO:root:Generation: 190
INFO:root:pop fitness: 0.20622
INFO:root:elite fitness: 0.3480666666666667
INFO:root:Generation: 194
INFO:root:pop fitness: 0.18066
INFO:root:elite fitness: 0.32870666666666665
INFO:root:Generation: 191
INFO:root:pop fitness: 0.17982666666666666
INFO:root:elite fitness: 0.30976
INFO:root:Generation: 195
INFO:root:pop fitness: 0.19193333333333332
INFO:root:elite fitness: 0.31589333333333336
INFO:root:Generation: 192
INFO:root:pop fitness: 0.18622666666666665
INFO:root:elite fitness: 0.32216000000000006
INFO:root:Generation: 196
INFO:root:pop fitness: 0.19920666666666667
INFO:root:elite fitness: 0.35617333333333334
INFO:root:Generation: 193
INFO:root:pop fitness: 0.18746
INFO:root:elite fitness: 0.31164000000000003
INFO:root:Generation: 197
INFO:root:pop fitness: 0.19055333333333332
INFO:root:elite fitness: 0.33085333333333333
INFO:root:Generation: 198
INFO:root:pop fitness: 0.1862
INFO:root:elite fitness: 0.3204266666666667
INFO:root:Generation: 194
INFO:root:pop fitness: 0.18214666666666668
INFO:root:elite fitness: 0.32992000000000005
INFO:root:Generation: 199
INFO:root:pop fitness: 0.19628666666666666
INFO:root:elite fitness: 0.3548533333333334
INFO:root:Generation: 195
INFO:root:pop fitness: 0.18842666666666663
INFO:root:elite fitness: 0.3284266666666667
INFO:root:Generation: 196
INFO:root:pop fitness: 0.20687333333333333
INFO:root:elite fitness: 0.35455999999999993
INFO:root:Generation: 197
INFO:root:pop fitness: 0.18221333333333334
INFO:root:elite fitness: 0.3297333333333333
INFO:root:Generation: 198
INFO:root:pop fitness: 0.18234
INFO:root:elite fitness: 0.30294666666666664
INFO:root:Generation: 199
INFO:root:pop fitness: 0.18821333333333332
INFO:root:elite fitness: 0.3407333333333334
