INFO:root:run_master: Namespace(arms='10', hidden='32', layers='3', max_gen='200', message='', mutation_mag='0.1', name='nonStationary_v2', noise=False, pop_size='50', save_result=True, trials='100')
INFO:root:run_master: Namespace(arms='10', hidden='32', layers='3', max_gen='200', message='', mutation_mag='0.1', name='nonStationary_v2', noise=True, pop_size='50', save_result=True, trials='100')
INFO:root:Generation: 0
INFO:root:pop fitness: 0.09985999999999998
INFO:root:elite fitness: 0.11291999999999999
INFO:root:Generation: 0
INFO:root:pop fitness: 0.10304
INFO:root:elite fitness: 0.11788
INFO:root:Generation: 1
INFO:root:pop fitness: 0.10024000000000001
INFO:root:elite fitness: 0.11092
INFO:root:Generation: 1
INFO:root:pop fitness: 0.09632
INFO:root:elite fitness: 0.11012000000000001
INFO:root:Generation: 2
INFO:root:pop fitness: 0.10538000000000002
INFO:root:elite fitness: 0.12219999999999999
INFO:root:Generation: 2
INFO:root:pop fitness: 0.09616
INFO:root:elite fitness: 0.10903999999999998
INFO:root:Generation: 3
INFO:root:pop fitness: 0.10358
INFO:root:elite fitness: 0.14392000000000002
INFO:root:Generation: 3
INFO:root:pop fitness: 0.10394
INFO:root:elite fitness: 0.12588
INFO:root:Generation: 4
INFO:root:pop fitness: 0.09594
INFO:root:elite fitness: 0.13588
INFO:root:Generation: 4
INFO:root:pop fitness: 0.10010000000000002
INFO:root:elite fitness: 0.12288
INFO:root:Generation: 5
INFO:root:pop fitness: 0.09427999999999999
INFO:root:elite fitness: 0.1402
INFO:root:Generation: 5
INFO:root:pop fitness: 0.11113999999999999
INFO:root:elite fitness: 0.17059999999999997
INFO:root:Generation: 6
INFO:root:pop fitness: 0.10013999999999999
INFO:root:elite fitness: 0.1472
INFO:root:Generation: 6
INFO:root:pop fitness: 0.09754000000000002
INFO:root:elite fitness: 0.15044000000000002
INFO:root:Generation: 7
INFO:root:pop fitness: 0.0874
INFO:root:elite fitness: 0.13804000000000002
INFO:root:Generation: 7
INFO:root:pop fitness: 0.09404
INFO:root:elite fitness: 0.16791999999999999
INFO:root:Generation: 8
INFO:root:pop fitness: 0.10835999999999998
INFO:root:elite fitness: 0.18772
INFO:root:Generation: 8
INFO:root:pop fitness: 0.10136
INFO:root:elite fitness: 0.18204
INFO:root:Generation: 9
INFO:root:pop fitness: 0.10054
INFO:root:elite fitness: 0.15252000000000002
INFO:root:Generation: 10
INFO:root:pop fitness: 0.08922000000000001
INFO:root:elite fitness: 0.14696
INFO:root:Generation: 9
INFO:root:pop fitness: 0.08724
INFO:root:elite fitness: 0.16588
INFO:root:Generation: 11
INFO:root:pop fitness: 0.10486
INFO:root:elite fitness: 0.18752
INFO:root:Generation: 10
INFO:root:pop fitness: 0.10122
INFO:root:elite fitness: 0.1562
INFO:root:Generation: 12
INFO:root:pop fitness: 0.11184
INFO:root:elite fitness: 0.20772000000000002
INFO:root:Generation: 11
INFO:root:pop fitness: 0.10458
INFO:root:elite fitness: 0.18964000000000003
INFO:root:Generation: 13
INFO:root:pop fitness: 0.10788
INFO:root:elite fitness: 0.20632
INFO:root:Generation: 12
INFO:root:pop fitness: 0.09738000000000001
INFO:root:elite fitness: 0.17639999999999997
INFO:root:Generation: 14
INFO:root:pop fitness: 0.11308000000000001
INFO:root:elite fitness: 0.22663999999999998
INFO:root:Generation: 13
INFO:root:pop fitness: 0.09278
INFO:root:elite fitness: 0.18503999999999998
INFO:root:Generation: 15
INFO:root:pop fitness: 0.10168
INFO:root:elite fitness: 0.17368000000000003
INFO:root:Generation: 14
INFO:root:pop fitness: 0.10176
INFO:root:elite fitness: 0.20396
INFO:root:Generation: 16
INFO:root:pop fitness: 0.10867999999999998
INFO:root:elite fitness: 0.19328
INFO:root:Generation: 15
INFO:root:pop fitness: 0.09692
INFO:root:elite fitness: 0.1592
INFO:root:Generation: 17
INFO:root:pop fitness: 0.10688
INFO:root:elite fitness: 0.18304
INFO:root:Generation: 16
INFO:root:pop fitness: 0.09686000000000002
INFO:root:elite fitness: 0.17924000000000004
INFO:root:Generation: 18
INFO:root:pop fitness: 0.10016000000000001
INFO:root:elite fitness: 0.20152
INFO:root:Generation: 17
INFO:root:pop fitness: 0.09850000000000002
INFO:root:elite fitness: 0.17143999999999998
INFO:root:Generation: 19
INFO:root:pop fitness: 0.10876
INFO:root:elite fitness: 0.21516000000000002
INFO:root:Generation: 20
INFO:root:pop fitness: 0.10482000000000001
INFO:root:elite fitness: 0.19852
INFO:root:Generation: 18
INFO:root:pop fitness: 0.10842
INFO:root:elite fitness: 0.19152000000000002
INFO:root:Generation: 21
INFO:root:pop fitness: 0.10931999999999999
INFO:root:elite fitness: 0.15548
INFO:root:Generation: 19
INFO:root:pop fitness: 0.10207999999999999
INFO:root:elite fitness: 0.1744
INFO:root:Generation: 22
INFO:root:pop fitness: 0.11906
INFO:root:elite fitness: 0.22052000000000002
INFO:root:Generation: 20
INFO:root:pop fitness: 0.09426000000000002
INFO:root:elite fitness: 0.17308
INFO:root:Generation: 23
INFO:root:pop fitness: 0.11100000000000002
INFO:root:elite fitness: 0.21044000000000002
INFO:root:Generation: 21
INFO:root:pop fitness: 0.09162
INFO:root:elite fitness: 0.21448
INFO:root:Generation: 24
INFO:root:pop fitness: 0.10798
INFO:root:elite fitness: 0.22424
INFO:root:Generation: 22
INFO:root:pop fitness: 0.09626
INFO:root:elite fitness: 0.17812
INFO:root:Generation: 25
INFO:root:pop fitness: 0.11494
INFO:root:elite fitness: 0.21680000000000002
INFO:root:Generation: 23
INFO:root:pop fitness: 0.09136
INFO:root:elite fitness: 0.18284
INFO:root:Generation: 26
INFO:root:pop fitness: 0.10776
INFO:root:elite fitness: 0.23148000000000002
INFO:root:Generation: 24
INFO:root:pop fitness: 0.09298000000000001
INFO:root:elite fitness: 0.19016
INFO:root:Generation: 27
INFO:root:pop fitness: 0.11079999999999998
INFO:root:elite fitness: 0.19399999999999998
INFO:root:Generation: 25
INFO:root:pop fitness: 0.11648000000000001
INFO:root:elite fitness: 0.24768000000000004
INFO:root:Generation: 28
INFO:root:pop fitness: 0.11294
INFO:root:elite fitness: 0.18628
INFO:root:Generation: 26
INFO:root:pop fitness: 0.1109
INFO:root:elite fitness: 0.21100000000000002
INFO:root:Generation: 29
INFO:root:pop fitness: 0.11020000000000002
INFO:root:elite fitness: 0.18847999999999998
INFO:root:Generation: 30
INFO:root:pop fitness: 0.12144
INFO:root:elite fitness: 0.24416000000000002
INFO:root:Generation: 27
INFO:root:pop fitness: 0.10516000000000002
INFO:root:elite fitness: 0.22084
INFO:root:Generation: 31
INFO:root:pop fitness: 0.10752
INFO:root:elite fitness: 0.19044
INFO:root:Generation: 28
INFO:root:pop fitness: 0.09817999999999999
INFO:root:elite fitness: 0.19856000000000001
INFO:root:Generation: 32
INFO:root:pop fitness: 0.10643999999999998
INFO:root:elite fitness: 0.2088
INFO:root:Generation: 29
INFO:root:pop fitness: 0.11186
INFO:root:elite fitness: 0.19283999999999998
INFO:root:Generation: 33
INFO:root:pop fitness: 0.10744
INFO:root:elite fitness: 0.2088
INFO:root:Generation: 30
INFO:root:pop fitness: 0.08796000000000001
INFO:root:elite fitness: 0.17679999999999998
INFO:root:Generation: 34
INFO:root:pop fitness: 0.11266
INFO:root:elite fitness: 0.16272000000000003
INFO:root:Generation: 31
INFO:root:pop fitness: 0.10506
INFO:root:elite fitness: 0.19464000000000006
INFO:root:Generation: 35
INFO:root:pop fitness: 0.12546
INFO:root:elite fitness: 0.21900000000000003
INFO:root:Generation: 32
INFO:root:pop fitness: 0.08541999999999998
INFO:root:elite fitness: 0.16356
INFO:root:Generation: 36
INFO:root:pop fitness: 0.11702000000000001
INFO:root:elite fitness: 0.21536000000000002
INFO:root:Generation: 33
INFO:root:pop fitness: 0.1092
INFO:root:elite fitness: 0.18927999999999998
INFO:root:Generation: 37
INFO:root:pop fitness: 0.13677999999999998
INFO:root:elite fitness: 0.21168000000000003
INFO:root:Generation: 34
INFO:root:pop fitness: 0.09184
INFO:root:elite fitness: 0.20120000000000002
INFO:root:Generation: 38
INFO:root:pop fitness: 0.12596
INFO:root:elite fitness: 0.20696
INFO:root:Generation: 35
INFO:root:pop fitness: 0.07878
INFO:root:elite fitness: 0.16068
INFO:root:Generation: 39
INFO:root:pop fitness: 0.11392
INFO:root:elite fitness: 0.1864
INFO:root:Generation: 40
INFO:root:pop fitness: 0.11567999999999999
INFO:root:elite fitness: 0.21256
INFO:root:Generation: 36
INFO:root:pop fitness: 0.09487999999999999
INFO:root:elite fitness: 0.1772
INFO:root:Generation: 41
INFO:root:pop fitness: 0.13328
INFO:root:elite fitness: 0.22763999999999998
INFO:root:Generation: 37
INFO:root:pop fitness: 0.09722
INFO:root:elite fitness: 0.18724
INFO:root:Generation: 42
INFO:root:pop fitness: 0.131
INFO:root:elite fitness: 0.21004
INFO:root:Generation: 38
INFO:root:pop fitness: 0.10632000000000001
INFO:root:elite fitness: 0.1656
INFO:root:Generation: 43
INFO:root:pop fitness: 0.11696
INFO:root:elite fitness: 0.20139999999999997
INFO:root:Generation: 39
INFO:root:pop fitness: 0.11098000000000001
INFO:root:elite fitness: 0.19199999999999995
INFO:root:Generation: 44
INFO:root:pop fitness: 0.12568000000000001
INFO:root:elite fitness: 0.20712
INFO:root:Generation: 40
INFO:root:pop fitness: 0.10964
INFO:root:elite fitness: 0.19816
INFO:root:Generation: 45
INFO:root:pop fitness: 0.12286
INFO:root:elite fitness: 0.20440000000000003
INFO:root:Generation: 41
INFO:root:pop fitness: 0.08303999999999999
INFO:root:elite fitness: 0.14748
INFO:root:Generation: 46
INFO:root:pop fitness: 0.12300000000000001
INFO:root:elite fitness: 0.21475999999999998
INFO:root:Generation: 42
INFO:root:pop fitness: 0.09222000000000001
INFO:root:elite fitness: 0.16815999999999998
INFO:root:Generation: 47
INFO:root:pop fitness: 0.14412
INFO:root:elite fitness: 0.26644
INFO:root:Generation: 43
INFO:root:pop fitness: 0.08468
INFO:root:elite fitness: 0.1514
INFO:root:Generation: 48
INFO:root:pop fitness: 0.11096
INFO:root:elite fitness: 0.21700000000000003
INFO:root:Generation: 49
INFO:root:pop fitness: 0.11338
INFO:root:elite fitness: 0.23135999999999998
INFO:root:Generation: 44
INFO:root:pop fitness: 0.09666000000000001
INFO:root:elite fitness: 0.17604000000000003
INFO:root:Generation: 50
INFO:root:pop fitness: 0.13859999999999997
INFO:root:elite fitness: 0.22287999999999997
INFO:root:Generation: 45
INFO:root:pop fitness: 0.08935999999999998
INFO:root:elite fitness: 0.16908
INFO:root:Generation: 51
INFO:root:pop fitness: 0.136
INFO:root:elite fitness: 0.22959999999999997
INFO:root:Generation: 46
INFO:root:pop fitness: 0.11155999999999999
INFO:root:elite fitness: 0.19988
INFO:root:Generation: 52
INFO:root:pop fitness: 0.12487999999999999
INFO:root:elite fitness: 0.23612
INFO:root:Generation: 47
INFO:root:pop fitness: 0.11164000000000002
INFO:root:elite fitness: 0.21816
INFO:root:Generation: 53
INFO:root:pop fitness: 0.13172
INFO:root:elite fitness: 0.26432
INFO:root:Generation: 48
INFO:root:pop fitness: 0.1175
INFO:root:elite fitness: 0.1938
INFO:root:Generation: 54
INFO:root:pop fitness: 0.1273
INFO:root:elite fitness: 0.18956000000000003
INFO:root:Generation: 55
INFO:root:pop fitness: 0.14498
INFO:root:elite fitness: 0.27996000000000004
INFO:root:Generation: 49
INFO:root:pop fitness: 0.11188000000000001
INFO:root:elite fitness: 0.20624000000000003
INFO:root:Generation: 50
INFO:root:pop fitness: 0.10937999999999999
INFO:root:elite fitness: 0.17760000000000006
INFO:root:Generation: 56
INFO:root:pop fitness: 0.13487999999999997
INFO:root:elite fitness: 0.26776
INFO:root:Generation: 57
INFO:root:pop fitness: 0.11856000000000004
INFO:root:elite fitness: 0.1978
INFO:root:Generation: 51
INFO:root:pop fitness: 0.09552
INFO:root:elite fitness: 0.17559999999999998
INFO:root:Generation: 58
INFO:root:pop fitness: 0.12484
INFO:root:elite fitness: 0.19804000000000002
INFO:root:Generation: 52
INFO:root:pop fitness: 0.11036
INFO:root:elite fitness: 0.21064
INFO:root:Generation: 59
INFO:root:pop fitness: 0.13663999999999998
INFO:root:elite fitness: 0.26152000000000003
INFO:root:Generation: 53
INFO:root:pop fitness: 0.12001999999999999
INFO:root:elite fitness: 0.20496000000000003
INFO:root:Generation: 60
INFO:root:pop fitness: 0.12683999999999998
INFO:root:elite fitness: 0.21852
INFO:root:Generation: 54
INFO:root:pop fitness: 0.10171999999999999
INFO:root:elite fitness: 0.19912
INFO:root:Generation: 61
INFO:root:pop fitness: 0.13241999999999998
INFO:root:elite fitness: 0.22676
INFO:root:Generation: 55
INFO:root:pop fitness: 0.1145
INFO:root:elite fitness: 0.21555999999999997
INFO:root:Generation: 62
INFO:root:pop fitness: 0.11508000000000002
INFO:root:elite fitness: 0.22104
INFO:root:Generation: 56
INFO:root:pop fitness: 0.11030000000000001
INFO:root:elite fitness: 0.20728
INFO:root:Generation: 63
INFO:root:pop fitness: 0.1167
INFO:root:elite fitness: 0.19635999999999998
INFO:root:Generation: 57
INFO:root:pop fitness: 0.12840000000000001
INFO:root:elite fitness: 0.24251999999999999
INFO:root:Generation: 64
INFO:root:pop fitness: 0.11682000000000001
INFO:root:elite fitness: 0.2212
INFO:root:Generation: 58
INFO:root:pop fitness: 0.13677999999999998
INFO:root:elite fitness: 0.23967999999999998
INFO:root:Generation: 65
INFO:root:pop fitness: 0.12034
INFO:root:elite fitness: 0.2474
INFO:root:Generation: 59
INFO:root:pop fitness: 0.11193999999999998
INFO:root:elite fitness: 0.20928000000000002
INFO:root:Generation: 66
INFO:root:pop fitness: 0.11427999999999999
INFO:root:elite fitness: 0.22744
INFO:root:Generation: 60
INFO:root:pop fitness: 0.10938
INFO:root:elite fitness: 0.19072000000000003
INFO:root:Generation: 67
INFO:root:pop fitness: 0.1404
INFO:root:elite fitness: 0.20315999999999998
INFO:root:Generation: 61
INFO:root:pop fitness: 0.12132000000000001
INFO:root:elite fitness: 0.21548
INFO:root:Generation: 68
INFO:root:pop fitness: 0.12101999999999999
INFO:root:elite fitness: 0.19963999999999998
INFO:root:Generation: 62
INFO:root:pop fitness: 0.11978
INFO:root:elite fitness: 0.23728
INFO:root:Generation: 69
INFO:root:pop fitness: 0.12047999999999998
INFO:root:elite fitness: 0.25195999999999996
INFO:root:Generation: 63
INFO:root:pop fitness: 0.10414
INFO:root:elite fitness: 0.17991999999999997
INFO:root:Generation: 70
INFO:root:pop fitness: 0.12498000000000001
INFO:root:elite fitness: 0.23651999999999998
INFO:root:Generation: 64
INFO:root:pop fitness: 0.1114
INFO:root:elite fitness: 0.20192
INFO:root:Generation: 71
INFO:root:pop fitness: 0.1324
INFO:root:elite fitness: 0.25376
INFO:root:Generation: 65
INFO:root:pop fitness: 0.12172000000000001
INFO:root:elite fitness: 0.22395999999999996
INFO:root:Generation: 72
INFO:root:pop fitness: 0.13585999999999998
INFO:root:elite fitness: 0.21984
INFO:root:Generation: 66
INFO:root:pop fitness: 0.1317
INFO:root:elite fitness: 0.23199999999999998
INFO:root:Generation: 73
INFO:root:pop fitness: 0.11132000000000002
INFO:root:elite fitness: 0.20448
INFO:root:Generation: 74
INFO:root:pop fitness: 0.13036
INFO:root:elite fitness: 0.21524000000000001
INFO:root:Generation: 67
INFO:root:pop fitness: 0.12860000000000002
INFO:root:elite fitness: 0.23832
INFO:root:Generation: 75
INFO:root:pop fitness: 0.14356
INFO:root:elite fitness: 0.22804000000000002
INFO:root:Generation: 68
INFO:root:pop fitness: 0.12833999999999998
INFO:root:elite fitness: 0.20272
INFO:root:Generation: 76
INFO:root:pop fitness: 0.11484
INFO:root:elite fitness: 0.19483999999999999
INFO:root:Generation: 69
INFO:root:pop fitness: 0.13541999999999998
INFO:root:elite fitness: 0.2564
INFO:root:Generation: 77
INFO:root:pop fitness: 0.13221999999999998
INFO:root:elite fitness: 0.22468
INFO:root:Generation: 70
INFO:root:pop fitness: 0.14806
INFO:root:elite fitness: 0.2548
INFO:root:Generation: 78
INFO:root:pop fitness: 0.09632
INFO:root:elite fitness: 0.19567999999999997
INFO:root:Generation: 79
INFO:root:pop fitness: 0.14057999999999998
INFO:root:elite fitness: 0.25823999999999997
INFO:root:Generation: 71
INFO:root:pop fitness: 0.13546
INFO:root:elite fitness: 0.23175999999999994
INFO:root:Generation: 80
INFO:root:pop fitness: 0.14038
INFO:root:elite fitness: 0.27943999999999997
INFO:root:Generation: 72
INFO:root:pop fitness: 0.1472
INFO:root:elite fitness: 0.24716000000000002
INFO:root:Generation: 81
INFO:root:pop fitness: 0.12805999999999998
INFO:root:elite fitness: 0.21152
INFO:root:Generation: 73
INFO:root:pop fitness: 0.13913999999999999
INFO:root:elite fitness: 0.22132
INFO:root:Generation: 82
INFO:root:pop fitness: 0.14156
INFO:root:elite fitness: 0.26872
INFO:root:Generation: 74
INFO:root:pop fitness: 0.12758000000000003
INFO:root:elite fitness: 0.22368
INFO:root:Generation: 83
INFO:root:pop fitness: 0.14518
INFO:root:elite fitness: 0.25300000000000006
INFO:root:Generation: 84
INFO:root:pop fitness: 0.14589999999999997
INFO:root:elite fitness: 0.24436000000000002
INFO:root:Generation: 75
INFO:root:pop fitness: 0.12603999999999999
INFO:root:elite fitness: 0.22483999999999998
INFO:root:Generation: 85
INFO:root:pop fitness: 0.13014
INFO:root:elite fitness: 0.22072
INFO:root:Generation: 76
INFO:root:pop fitness: 0.1273
INFO:root:elite fitness: 0.23180000000000003
INFO:root:Generation: 86
INFO:root:pop fitness: 0.13928000000000001
INFO:root:elite fitness: 0.2378
INFO:root:Generation: 77
INFO:root:pop fitness: 0.1539
INFO:root:elite fitness: 0.28752
INFO:root:Generation: 87
INFO:root:pop fitness: 0.13744
INFO:root:elite fitness: 0.21424000000000004
INFO:root:Generation: 78
INFO:root:pop fitness: 0.12478
INFO:root:elite fitness: 0.22599999999999998
INFO:root:Generation: 88
INFO:root:pop fitness: 0.15911999999999998
INFO:root:elite fitness: 0.27159999999999995
INFO:root:Generation: 79
INFO:root:pop fitness: 0.13326
INFO:root:elite fitness: 0.23163999999999998
INFO:root:Generation: 89
INFO:root:pop fitness: 0.12612
INFO:root:elite fitness: 0.22039999999999998
INFO:root:Generation: 80
INFO:root:pop fitness: 0.13066
INFO:root:elite fitness: 0.22308000000000003
INFO:root:Generation: 90
INFO:root:pop fitness: 0.12734
INFO:root:elite fitness: 0.21332
INFO:root:Generation: 91
INFO:root:pop fitness: 0.15306
INFO:root:elite fitness: 0.24043999999999996
INFO:root:Generation: 81
INFO:root:pop fitness: 0.1311
INFO:root:elite fitness: 0.20716
INFO:root:Generation: 92
INFO:root:pop fitness: 0.14788
INFO:root:elite fitness: 0.23292
INFO:root:Generation: 82
INFO:root:pop fitness: 0.13682
INFO:root:elite fitness: 0.23528000000000002
INFO:root:Generation: 93
INFO:root:pop fitness: 0.14095999999999997
INFO:root:elite fitness: 0.23579999999999998
INFO:root:Generation: 83
INFO:root:pop fitness: 0.13815999999999998
INFO:root:elite fitness: 0.21792
INFO:root:Generation: 94
INFO:root:pop fitness: 0.13668
INFO:root:elite fitness: 0.21359999999999998
INFO:root:Generation: 84
INFO:root:pop fitness: 0.13768
INFO:root:elite fitness: 0.24044000000000001
INFO:root:Generation: 95
INFO:root:pop fitness: 0.12802
INFO:root:elite fitness: 0.22803999999999994
INFO:root:Generation: 96
INFO:root:pop fitness: 0.11001999999999999
INFO:root:elite fitness: 0.17424
INFO:root:Generation: 85
INFO:root:pop fitness: 0.14566
INFO:root:elite fitness: 0.22848
INFO:root:Generation: 97
INFO:root:pop fitness: 0.12504
INFO:root:elite fitness: 0.23368
INFO:root:Generation: 86
INFO:root:pop fitness: 0.14068
INFO:root:elite fitness: 0.25683999999999996
INFO:root:Generation: 98
INFO:root:pop fitness: 0.12568
INFO:root:elite fitness: 0.20296
INFO:root:Generation: 87
INFO:root:pop fitness: 0.14615999999999998
INFO:root:elite fitness: 0.25192
INFO:root:Generation: 99
INFO:root:pop fitness: 0.12954000000000002
INFO:root:elite fitness: 0.25124
INFO:root:Generation: 88
INFO:root:pop fitness: 0.13879999999999998
INFO:root:elite fitness: 0.25232
INFO:root:Generation: 100
INFO:root:pop fitness: 0.10599999999999998
INFO:root:elite fitness: 0.20556000000000002
INFO:root:Generation: 89
INFO:root:pop fitness: 0.1341
INFO:root:elite fitness: 0.22211999999999998
INFO:root:Generation: 101
INFO:root:pop fitness: 0.15236
INFO:root:elite fitness: 0.26788
INFO:root:Generation: 90
INFO:root:pop fitness: 0.13244
INFO:root:elite fitness: 0.2162
INFO:root:Generation: 102
INFO:root:pop fitness: 0.1288
INFO:root:elite fitness: 0.23096
INFO:root:Generation: 91
INFO:root:pop fitness: 0.15854
INFO:root:elite fitness: 0.25124
INFO:root:Generation: 103
INFO:root:pop fitness: 0.14102
INFO:root:elite fitness: 0.2514
INFO:root:Generation: 92
INFO:root:pop fitness: 0.15403999999999998
INFO:root:elite fitness: 0.23844
INFO:root:Generation: 104
INFO:root:pop fitness: 0.1274
INFO:root:elite fitness: 0.22091999999999998
INFO:root:Generation: 93
INFO:root:pop fitness: 0.13424
INFO:root:elite fitness: 0.23728000000000002
INFO:root:Generation: 105
INFO:root:pop fitness: 0.12065999999999999
INFO:root:elite fitness: 0.22224
INFO:root:Generation: 94
INFO:root:pop fitness: 0.14265999999999998
INFO:root:elite fitness: 0.24048000000000003
INFO:root:Generation: 106
INFO:root:pop fitness: 0.15414
INFO:root:elite fitness: 0.26516
INFO:root:Generation: 107
INFO:root:pop fitness: 0.15118
INFO:root:elite fitness: 0.23812
INFO:root:Generation: 95
INFO:root:pop fitness: 0.14801999999999998
INFO:root:elite fitness: 0.23328
INFO:root:Generation: 108
INFO:root:pop fitness: 0.1454
INFO:root:elite fitness: 0.25608000000000003
INFO:root:Generation: 96
INFO:root:pop fitness: 0.13382
INFO:root:elite fitness: 0.21991999999999998
INFO:root:Generation: 109
INFO:root:pop fitness: 0.15103999999999998
INFO:root:elite fitness: 0.26872
INFO:root:Generation: 97
INFO:root:pop fitness: 0.13863999999999999
INFO:root:elite fitness: 0.24328
INFO:root:Generation: 110
INFO:root:pop fitness: 0.14868
INFO:root:elite fitness: 0.2466
INFO:root:Generation: 98
INFO:root:pop fitness: 0.13858000000000004
INFO:root:elite fitness: 0.20596
INFO:root:Generation: 111
INFO:root:pop fitness: 0.13282
INFO:root:elite fitness: 0.21708
INFO:root:Generation: 99
INFO:root:pop fitness: 0.14043999999999998
INFO:root:elite fitness: 0.23884
INFO:root:Generation: 112
INFO:root:pop fitness: 0.15106
INFO:root:elite fitness: 0.27156
INFO:root:Generation: 100
INFO:root:pop fitness: 0.1331
INFO:root:elite fitness: 0.24900000000000003
INFO:root:Generation: 113
INFO:root:pop fitness: 0.13491999999999998
INFO:root:elite fitness: 0.21255999999999997
INFO:root:Generation: 114
INFO:root:pop fitness: 0.15464
INFO:root:elite fitness: 0.23495999999999997
INFO:root:Generation: 101
INFO:root:pop fitness: 0.12211999999999999
INFO:root:elite fitness: 0.2366
INFO:root:Generation: 115
INFO:root:pop fitness: 0.12157999999999998
INFO:root:elite fitness: 0.22068
INFO:root:Generation: 102
INFO:root:pop fitness: 0.13624
INFO:root:elite fitness: 0.23748000000000002
INFO:root:Generation: 116
INFO:root:pop fitness: 0.13620000000000002
INFO:root:elite fitness: 0.25388
INFO:root:Generation: 103
INFO:root:pop fitness: 0.12972
INFO:root:elite fitness: 0.21816000000000002
INFO:root:Generation: 117
INFO:root:pop fitness: 0.1284
INFO:root:elite fitness: 0.23412
INFO:root:Generation: 104
INFO:root:pop fitness: 0.12010000000000001
INFO:root:elite fitness: 0.23508000000000004
INFO:root:Generation: 118
INFO:root:pop fitness: 0.12990000000000002
INFO:root:elite fitness: 0.23952
INFO:root:Generation: 105
INFO:root:pop fitness: 0.13478
INFO:root:elite fitness: 0.23207999999999998
INFO:root:Generation: 119
INFO:root:pop fitness: 0.14516
INFO:root:elite fitness: 0.26039999999999996
INFO:root:Generation: 120
INFO:root:pop fitness: 0.14254
INFO:root:elite fitness: 0.27815999999999996
INFO:root:Generation: 106
INFO:root:pop fitness: 0.14318
INFO:root:elite fitness: 0.25028
INFO:root:Generation: 121
INFO:root:pop fitness: 0.14416
INFO:root:elite fitness: 0.2564
INFO:root:Generation: 107
INFO:root:pop fitness: 0.13004
INFO:root:elite fitness: 0.27476
INFO:root:Generation: 122
INFO:root:pop fitness: 0.1235
INFO:root:elite fitness: 0.19448000000000001
INFO:root:Generation: 123
INFO:root:pop fitness: 0.12648
INFO:root:elite fitness: 0.20652
INFO:root:Generation: 108
INFO:root:pop fitness: 0.14424
INFO:root:elite fitness: 0.27612
INFO:root:Generation: 124
INFO:root:pop fitness: 0.15818000000000002
INFO:root:elite fitness: 0.25956
INFO:root:Generation: 109
INFO:root:pop fitness: 0.1063
INFO:root:elite fitness: 0.1784
INFO:root:Generation: 125
INFO:root:pop fitness: 0.13984
INFO:root:elite fitness: 0.2114
INFO:root:Generation: 110
INFO:root:pop fitness: 0.12239999999999998
INFO:root:elite fitness: 0.21044000000000002
INFO:root:Generation: 126
INFO:root:pop fitness: 0.12232000000000001
INFO:root:elite fitness: 0.25611999999999996
INFO:root:Generation: 111
INFO:root:pop fitness: 0.13010000000000002
INFO:root:elite fitness: 0.21547999999999998
INFO:root:Generation: 127
INFO:root:pop fitness: 0.13652
INFO:root:elite fitness: 0.23064
INFO:root:Generation: 112
INFO:root:pop fitness: 0.12368
INFO:root:elite fitness: 0.19947999999999996
INFO:root:Generation: 128
INFO:root:pop fitness: 0.12965999999999997
INFO:root:elite fitness: 0.22959999999999997
INFO:root:Generation: 113
INFO:root:pop fitness: 0.11606000000000001
INFO:root:elite fitness: 0.23404
INFO:root:Generation: 129
INFO:root:pop fitness: 0.1283
INFO:root:elite fitness: 0.21704
INFO:root:Generation: 114
INFO:root:pop fitness: 0.12448000000000001
INFO:root:elite fitness: 0.25028
INFO:root:Generation: 130
INFO:root:pop fitness: 0.1353
INFO:root:elite fitness: 0.20724000000000004
INFO:root:Generation: 131
INFO:root:pop fitness: 0.14964
INFO:root:elite fitness: 0.24092
INFO:root:Generation: 115
INFO:root:pop fitness: 0.14176
INFO:root:elite fitness: 0.23612
INFO:root:Generation: 132
INFO:root:pop fitness: 0.12834
INFO:root:elite fitness: 0.22536
INFO:root:Generation: 116
INFO:root:pop fitness: 0.13526
INFO:root:elite fitness: 0.21608
INFO:root:Generation: 133
INFO:root:pop fitness: 0.13154
INFO:root:elite fitness: 0.19291999999999998
INFO:root:Generation: 117
INFO:root:pop fitness: 0.15244000000000002
INFO:root:elite fitness: 0.24608
INFO:root:Generation: 134
INFO:root:pop fitness: 0.13896
INFO:root:elite fitness: 0.23116000000000003
INFO:root:Generation: 118
INFO:root:pop fitness: 0.12471999999999998
INFO:root:elite fitness: 0.22163999999999998
INFO:root:Generation: 135
INFO:root:pop fitness: 0.13112
INFO:root:elite fitness: 0.23244
INFO:root:Generation: 119
INFO:root:pop fitness: 0.12658
INFO:root:elite fitness: 0.22024000000000002
INFO:root:Generation: 136
INFO:root:pop fitness: 0.13374
INFO:root:elite fitness: 0.23235999999999998
INFO:root:Generation: 120
INFO:root:pop fitness: 0.1323
INFO:root:elite fitness: 0.21195999999999998
INFO:root:Generation: 137
INFO:root:pop fitness: 0.12602
INFO:root:elite fitness: 0.19888000000000003
INFO:root:Generation: 138
INFO:root:pop fitness: 0.1241
INFO:root:elite fitness: 0.236
INFO:root:Generation: 121
INFO:root:pop fitness: 0.12059999999999998
INFO:root:elite fitness: 0.20604
INFO:root:Generation: 139
INFO:root:pop fitness: 0.14338
INFO:root:elite fitness: 0.2248
INFO:root:Generation: 122
INFO:root:pop fitness: 0.13038
INFO:root:elite fitness: 0.21996
INFO:root:Generation: 140
INFO:root:pop fitness: 0.13462
INFO:root:elite fitness: 0.20427999999999996
INFO:root:Generation: 123
INFO:root:pop fitness: 0.14322000000000001
INFO:root:elite fitness: 0.23328000000000004
INFO:root:Generation: 141
INFO:root:pop fitness: 0.14432000000000003
INFO:root:elite fitness: 0.23148000000000002
INFO:root:Generation: 124
INFO:root:pop fitness: 0.12414000000000001
INFO:root:elite fitness: 0.22204000000000002
INFO:root:Generation: 142
INFO:root:pop fitness: 0.15347999999999998
INFO:root:elite fitness: 0.25916
INFO:root:Generation: 125
INFO:root:pop fitness: 0.14258
INFO:root:elite fitness: 0.24080000000000001
INFO:root:Generation: 143
INFO:root:pop fitness: 0.1524
INFO:root:elite fitness: 0.27064
INFO:root:Generation: 126
INFO:root:pop fitness: 0.13298
INFO:root:elite fitness: 0.21164000000000002
INFO:root:Generation: 144
INFO:root:pop fitness: 0.13928000000000001
INFO:root:elite fitness: 0.24132
INFO:root:Generation: 127
INFO:root:pop fitness: 0.13126
INFO:root:elite fitness: 0.23292000000000002
INFO:root:Generation: 145
INFO:root:pop fitness: 0.13641999999999999
INFO:root:elite fitness: 0.22311999999999999
INFO:root:Generation: 128
INFO:root:pop fitness: 0.13204000000000002
INFO:root:elite fitness: 0.23643999999999998
INFO:root:Generation: 146
INFO:root:pop fitness: 0.13498000000000002
INFO:root:elite fitness: 0.22640000000000002
INFO:root:Generation: 129
INFO:root:pop fitness: 0.12784
INFO:root:elite fitness: 0.21288
INFO:root:Generation: 147
INFO:root:pop fitness: 0.12768000000000002
INFO:root:elite fitness: 0.22555999999999998
INFO:root:Generation: 148
INFO:root:pop fitness: 0.12814
INFO:root:elite fitness: 0.24656
INFO:root:Generation: 130
INFO:root:pop fitness: 0.1475
INFO:root:elite fitness: 0.22796000000000002
INFO:root:Generation: 149
INFO:root:pop fitness: 0.14116
INFO:root:elite fitness: 0.2618400000000001
INFO:root:Generation: 131
INFO:root:pop fitness: 0.14612
INFO:root:elite fitness: 0.27183999999999997
INFO:root:Generation: 150
INFO:root:pop fitness: 0.14923999999999998
INFO:root:elite fitness: 0.24192000000000002
INFO:root:Generation: 132
INFO:root:pop fitness: 0.1326
INFO:root:elite fitness: 0.21824
INFO:root:Generation: 151
INFO:root:pop fitness: 0.14322
INFO:root:elite fitness: 0.22383999999999996
INFO:root:Generation: 133
INFO:root:pop fitness: 0.14016
INFO:root:elite fitness: 0.24479999999999996
INFO:root:Generation: 152
INFO:root:pop fitness: 0.14400000000000002
INFO:root:elite fitness: 0.23251999999999998
INFO:root:Generation: 134
INFO:root:pop fitness: 0.1441
INFO:root:elite fitness: 0.25228000000000006
INFO:root:Generation: 153
INFO:root:pop fitness: 0.16101999999999997
INFO:root:elite fitness: 0.26
INFO:root:Generation: 154
INFO:root:pop fitness: 0.14909999999999998
INFO:root:elite fitness: 0.25104
INFO:root:Generation: 135
INFO:root:pop fitness: 0.14118
INFO:root:elite fitness: 0.21704
INFO:root:Generation: 155
INFO:root:pop fitness: 0.14388
INFO:root:elite fitness: 0.23728
INFO:root:Generation: 136
INFO:root:pop fitness: 0.15218
INFO:root:elite fitness: 0.25792000000000004
INFO:root:Generation: 156
INFO:root:pop fitness: 0.15036
INFO:root:elite fitness: 0.27884000000000003
INFO:root:Generation: 137
INFO:root:pop fitness: 0.15168
INFO:root:elite fitness: 0.24051999999999998
INFO:root:Generation: 157
INFO:root:pop fitness: 0.14336000000000002
INFO:root:elite fitness: 0.26988
INFO:root:Generation: 138
INFO:root:pop fitness: 0.12832000000000002
INFO:root:elite fitness: 0.24184
INFO:root:Generation: 158
INFO:root:pop fitness: 0.14324
INFO:root:elite fitness: 0.23027999999999998
INFO:root:Generation: 159
INFO:root:pop fitness: 0.13230000000000003
INFO:root:elite fitness: 0.23308
INFO:root:Generation: 139
INFO:root:pop fitness: 0.13502
INFO:root:elite fitness: 0.24420000000000003
INFO:root:Generation: 160
INFO:root:pop fitness: 0.1414
INFO:root:elite fitness: 0.25212
INFO:root:Generation: 161
INFO:root:pop fitness: 0.14648
INFO:root:elite fitness: 0.26832
INFO:root:Generation: 140
INFO:root:pop fitness: 0.15246
INFO:root:elite fitness: 0.28324
INFO:root:Generation: 162
INFO:root:pop fitness: 0.15719999999999998
INFO:root:elite fitness: 0.26152
INFO:root:Generation: 141
INFO:root:pop fitness: 0.13907999999999998
INFO:root:elite fitness: 0.2492
INFO:root:Generation: 163
INFO:root:pop fitness: 0.14508
INFO:root:elite fitness: 0.23112000000000002
INFO:root:Generation: 142
INFO:root:pop fitness: 0.13616
INFO:root:elite fitness: 0.27492
INFO:root:Generation: 164
INFO:root:pop fitness: 0.13422
INFO:root:elite fitness: 0.24304000000000003
INFO:root:Generation: 165
INFO:root:pop fitness: 0.16048
INFO:root:elite fitness: 0.2554
INFO:root:Generation: 143
INFO:root:pop fitness: 0.13308
INFO:root:elite fitness: 0.23411999999999997
INFO:root:Generation: 166
INFO:root:pop fitness: 0.15944
INFO:root:elite fitness: 0.27648
INFO:root:Generation: 144
INFO:root:pop fitness: 0.12194
INFO:root:elite fitness: 0.248
INFO:root:Generation: 167
INFO:root:pop fitness: 0.13252
INFO:root:elite fitness: 0.21564
INFO:root:Generation: 145
INFO:root:pop fitness: 0.15316
INFO:root:elite fitness: 0.27888
INFO:root:Generation: 168
INFO:root:pop fitness: 0.16265999999999997
INFO:root:elite fitness: 0.26108
INFO:root:Generation: 169
INFO:root:pop fitness: 0.14615999999999998
INFO:root:elite fitness: 0.26248
INFO:root:Generation: 146
INFO:root:pop fitness: 0.14959999999999998
INFO:root:elite fitness: 0.23116
INFO:root:Generation: 170
INFO:root:pop fitness: 0.12240000000000001
INFO:root:elite fitness: 0.24336
INFO:root:Generation: 147
INFO:root:pop fitness: 0.1139
INFO:root:elite fitness: 0.20759999999999998
INFO:root:Generation: 171
INFO:root:pop fitness: 0.12316
INFO:root:elite fitness: 0.20752000000000004
INFO:root:Generation: 148
INFO:root:pop fitness: 0.147
INFO:root:elite fitness: 0.26567999999999997
INFO:root:Generation: 172
INFO:root:pop fitness: 0.15508
INFO:root:elite fitness: 0.25376
INFO:root:Generation: 149
INFO:root:pop fitness: 0.15811999999999998
INFO:root:elite fitness: 0.25632
INFO:root:Generation: 173
INFO:root:pop fitness: 0.13219999999999998
INFO:root:elite fitness: 0.26239999999999997
INFO:root:Generation: 150
INFO:root:pop fitness: 0.14068
INFO:root:elite fitness: 0.231
INFO:root:Generation: 174
INFO:root:pop fitness: 0.14307999999999998
INFO:root:elite fitness: 0.25544
INFO:root:Generation: 151
INFO:root:pop fitness: 0.1281
INFO:root:elite fitness: 0.28684
INFO:root:Generation: 175
INFO:root:pop fitness: 0.14832
INFO:root:elite fitness: 0.27232
INFO:root:Generation: 152
INFO:root:pop fitness: 0.13124
INFO:root:elite fitness: 0.22192
INFO:root:Generation: 176
INFO:root:pop fitness: 0.13136
INFO:root:elite fitness: 0.24788
INFO:root:Generation: 153
INFO:root:pop fitness: 0.1298
INFO:root:elite fitness: 0.21051999999999998
INFO:root:Generation: 177
INFO:root:pop fitness: 0.12897999999999998
INFO:root:elite fitness: 0.22424
INFO:root:Generation: 178
INFO:root:pop fitness: 0.13555999999999999
INFO:root:elite fitness: 0.23604
INFO:root:Generation: 154
INFO:root:pop fitness: 0.121
INFO:root:elite fitness: 0.21512
INFO:root:Generation: 155
INFO:root:pop fitness: 0.1271
INFO:root:elite fitness: 0.23900000000000002
INFO:root:Generation: 179
INFO:root:pop fitness: 0.13232
INFO:root:elite fitness: 0.20867999999999998
INFO:root:Generation: 180
INFO:root:pop fitness: 0.1266
INFO:root:elite fitness: 0.19427999999999998
INFO:root:Generation: 156
INFO:root:pop fitness: 0.15158
INFO:root:elite fitness: 0.24272
INFO:root:Generation: 181
INFO:root:pop fitness: 0.1233
INFO:root:elite fitness: 0.25112
INFO:root:Generation: 157
INFO:root:pop fitness: 0.12006000000000001
INFO:root:elite fitness: 0.21072000000000002
INFO:root:Generation: 182
INFO:root:pop fitness: 0.13722
INFO:root:elite fitness: 0.2598
INFO:root:Generation: 158
INFO:root:pop fitness: 0.12129999999999999
INFO:root:elite fitness: 0.20071999999999998
INFO:root:Generation: 183
INFO:root:pop fitness: 0.1518
INFO:root:elite fitness: 0.26104
INFO:root:Generation: 159
INFO:root:pop fitness: 0.13796
INFO:root:elite fitness: 0.24567999999999998
INFO:root:Generation: 184
INFO:root:pop fitness: 0.14224000000000003
INFO:root:elite fitness: 0.23532
INFO:root:Generation: 160
INFO:root:pop fitness: 0.11282
INFO:root:elite fitness: 0.20027999999999999
INFO:root:Generation: 185
INFO:root:pop fitness: 0.1164
INFO:root:elite fitness: 0.27004
INFO:root:Generation: 161
INFO:root:pop fitness: 0.14102
INFO:root:elite fitness: 0.26004
INFO:root:Generation: 186
INFO:root:pop fitness: 0.15654
INFO:root:elite fitness: 0.24540000000000003
INFO:root:Generation: 162
INFO:root:pop fitness: 0.12926
INFO:root:elite fitness: 0.21544
INFO:root:Generation: 187
INFO:root:pop fitness: 0.14062
INFO:root:elite fitness: 0.21492
INFO:root:Generation: 163
INFO:root:pop fitness: 0.14504
INFO:root:elite fitness: 0.2488
INFO:root:Generation: 188
INFO:root:pop fitness: 0.13174000000000002
INFO:root:elite fitness: 0.24052000000000004
INFO:root:Generation: 164
INFO:root:pop fitness: 0.13935999999999998
INFO:root:elite fitness: 0.24432
INFO:root:Generation: 189
INFO:root:pop fitness: 0.16372
INFO:root:elite fitness: 0.25544
INFO:root:Generation: 165
INFO:root:pop fitness: 0.13704
INFO:root:elite fitness: 0.2568
INFO:root:Generation: 190
INFO:root:pop fitness: 0.1485
INFO:root:elite fitness: 0.23659999999999998
INFO:root:Generation: 191
INFO:root:pop fitness: 0.1545
INFO:root:elite fitness: 0.2748
INFO:root:Generation: 166
INFO:root:pop fitness: 0.1382
INFO:root:elite fitness: 0.22708000000000003
INFO:root:Generation: 192
INFO:root:pop fitness: 0.15108
INFO:root:elite fitness: 0.26660000000000006
INFO:root:Generation: 167
INFO:root:pop fitness: 0.13126
INFO:root:elite fitness: 0.21160000000000004
INFO:root:Generation: 193
INFO:root:pop fitness: 0.14986000000000002
INFO:root:elite fitness: 0.25379999999999997
INFO:root:Generation: 168
INFO:root:pop fitness: 0.13982
INFO:root:elite fitness: 0.22808
INFO:root:Generation: 194
INFO:root:pop fitness: 0.14609999999999998
INFO:root:elite fitness: 0.24956
INFO:root:Generation: 169
INFO:root:pop fitness: 0.12296
INFO:root:elite fitness: 0.24115999999999999
INFO:root:Generation: 195
INFO:root:pop fitness: 0.13474
INFO:root:elite fitness: 0.20027999999999999
INFO:root:Generation: 170
INFO:root:pop fitness: 0.14406
INFO:root:elite fitness: 0.24316000000000002
INFO:root:Generation: 196
INFO:root:pop fitness: 0.14136
INFO:root:elite fitness: 0.22996000000000003
INFO:root:Generation: 171
INFO:root:pop fitness: 0.13574000000000003
INFO:root:elite fitness: 0.22688000000000003
INFO:root:Generation: 197
INFO:root:pop fitness: 0.12916000000000002
INFO:root:elite fitness: 0.20748
INFO:root:Generation: 172
INFO:root:pop fitness: 0.13674
INFO:root:elite fitness: 0.22095999999999996
INFO:root:Generation: 198
INFO:root:pop fitness: 0.15874
INFO:root:elite fitness: 0.27976
INFO:root:Generation: 173
INFO:root:pop fitness: 0.1439
INFO:root:elite fitness: 0.26568
INFO:root:Generation: 199
INFO:root:pop fitness: 0.16380000000000003
INFO:root:elite fitness: 0.28084
INFO:root:Generation: 174
INFO:root:pop fitness: 0.12230000000000002
INFO:root:elite fitness: 0.21375999999999998
INFO:root:Generation: 175
INFO:root:pop fitness: 0.13021999999999997
INFO:root:elite fitness: 0.19556
INFO:root:Generation: 176
INFO:root:pop fitness: 0.12654
INFO:root:elite fitness: 0.22836
INFO:root:Generation: 177
INFO:root:pop fitness: 0.14581999999999998
INFO:root:elite fitness: 0.25048000000000004
INFO:root:Generation: 178
INFO:root:pop fitness: 0.13126
INFO:root:elite fitness: 0.22027999999999998
INFO:root:Generation: 179
INFO:root:pop fitness: 0.13538
INFO:root:elite fitness: 0.239
INFO:root:Generation: 180
INFO:root:pop fitness: 0.14581999999999998
INFO:root:elite fitness: 0.20516
INFO:root:Generation: 181
INFO:root:pop fitness: 0.13174
INFO:root:elite fitness: 0.26536000000000004
INFO:root:Generation: 182
INFO:root:pop fitness: 0.13174000000000002
INFO:root:elite fitness: 0.24147999999999997
INFO:root:Generation: 183
INFO:root:pop fitness: 0.13526000000000002
INFO:root:elite fitness: 0.25888
INFO:root:Generation: 184
INFO:root:pop fitness: 0.12145999999999998
INFO:root:elite fitness: 0.21672
INFO:root:Generation: 185
INFO:root:pop fitness: 0.14332
INFO:root:elite fitness: 0.24059999999999998
INFO:root:Generation: 186
INFO:root:pop fitness: 0.12761999999999998
INFO:root:elite fitness: 0.22951999999999997
INFO:root:Generation: 187
INFO:root:pop fitness: 0.14393999999999998
INFO:root:elite fitness: 0.27796000000000004
INFO:root:Generation: 188
INFO:root:pop fitness: 0.12674
INFO:root:elite fitness: 0.25224
INFO:root:Generation: 189
INFO:root:pop fitness: 0.12814
INFO:root:elite fitness: 0.23199999999999998
INFO:root:Generation: 190
INFO:root:pop fitness: 0.15042000000000003
INFO:root:elite fitness: 0.28068000000000004
INFO:root:Generation: 191
INFO:root:pop fitness: 0.1371
INFO:root:elite fitness: 0.23623999999999998
INFO:root:Generation: 192
INFO:root:pop fitness: 0.12503999999999998
INFO:root:elite fitness: 0.20248000000000002
INFO:root:Generation: 193
INFO:root:pop fitness: 0.15344000000000002
INFO:root:elite fitness: 0.23604
INFO:root:Generation: 194
INFO:root:pop fitness: 0.14939999999999998
INFO:root:elite fitness: 0.2584
INFO:root:Generation: 195
INFO:root:pop fitness: 0.13918
INFO:root:elite fitness: 0.20584000000000002
INFO:root:Generation: 196
INFO:root:pop fitness: 0.14702
INFO:root:elite fitness: 0.24724000000000002
INFO:root:Generation: 197
INFO:root:pop fitness: 0.13579999999999998
INFO:root:elite fitness: 0.22895999999999997
INFO:root:Generation: 198
INFO:root:pop fitness: 0.15172
INFO:root:elite fitness: 0.22091999999999998
INFO:root:Generation: 199
INFO:root:pop fitness: 0.1274
INFO:root:elite fitness: 0.21112000000000003
