INFO:root:run_master: Namespace(arms='10', hidden='128', layers='1', max_gen='200', message='', mutation_mag='0.1', name='smpl_diffEnv_v2', noise=False, pop_size='100', save_result=True, trials='100')
INFO:root:run_master: Namespace(arms='10', hidden='128', layers='1', max_gen='200', message='', mutation_mag='0.1', name='smpl_diffEnv_v2', noise=True, pop_size='100', save_result=True, trials='100')
INFO:root:Generation: 0
INFO:root:pop fitness: 0.09923000000000001
INFO:root:elite fitness: 0.10967999999999999
INFO:root:Generation: 0
INFO:root:pop fitness: 0.10015999999999999
INFO:root:elite fitness: 0.11171999999999999
INFO:root:Generation: 1
INFO:root:pop fitness: 0.09946999999999999
INFO:root:elite fitness: 0.132
INFO:root:Generation: 2
INFO:root:pop fitness: 0.09928000000000001
INFO:root:elite fitness: 0.16374000000000002
INFO:root:Generation: 1
INFO:root:pop fitness: 0.09798
INFO:root:elite fitness: 0.12112
INFO:root:Generation: 3
INFO:root:pop fitness: 0.11306999999999999
INFO:root:elite fitness: 0.21678000000000006
INFO:root:Generation: 2
INFO:root:pop fitness: 0.10096
INFO:root:elite fitness: 0.14981999999999998
INFO:root:Generation: 4
INFO:root:pop fitness: 0.09838000000000001
INFO:root:elite fitness: 0.19674000000000005
INFO:root:Generation: 3
INFO:root:pop fitness: 0.0955
INFO:root:elite fitness: 0.16235999999999998
INFO:root:Generation: 4
INFO:root:pop fitness: 0.10446
INFO:root:elite fitness: 0.17687999999999998
INFO:root:Generation: 5
INFO:root:pop fitness: 0.11305000000000001
INFO:root:elite fitness: 0.21608
INFO:root:Generation: 5
INFO:root:pop fitness: 0.10458999999999997
INFO:root:elite fitness: 0.18526
INFO:root:Generation: 6
INFO:root:pop fitness: 0.11568000000000002
INFO:root:elite fitness: 0.2267
INFO:root:Generation: 7
INFO:root:pop fitness: 0.11338000000000001
INFO:root:elite fitness: 0.23637999999999998
INFO:root:Generation: 6
INFO:root:pop fitness: 0.12312000000000001
INFO:root:elite fitness: 0.22769999999999999
INFO:root:Generation: 8
INFO:root:pop fitness: 0.12135
INFO:root:elite fitness: 0.23832
INFO:root:Generation: 7
INFO:root:pop fitness: 0.11731000000000001
INFO:root:elite fitness: 0.20706
INFO:root:Generation: 9
INFO:root:pop fitness: 0.10868
INFO:root:elite fitness: 0.20686000000000004
INFO:root:Generation: 8
INFO:root:pop fitness: 0.11885999999999998
INFO:root:elite fitness: 0.24920000000000006
INFO:root:Generation: 9
INFO:root:pop fitness: 0.10977999999999997
INFO:root:elite fitness: 0.21802
INFO:root:Generation: 10
INFO:root:pop fitness: 0.11642
INFO:root:elite fitness: 0.25394
INFO:root:Generation: 10
INFO:root:pop fitness: 0.12491000000000003
INFO:root:elite fitness: 0.24426000000000003
INFO:root:Generation: 11
INFO:root:pop fitness: 0.11949000000000001
INFO:root:elite fitness: 0.22816000000000003
INFO:root:Generation: 11
INFO:root:pop fitness: 0.10471000000000003
INFO:root:elite fitness: 0.22636
INFO:root:Generation: 12
INFO:root:pop fitness: 0.09956
INFO:root:elite fitness: 0.20247999999999997
INFO:root:Generation: 13
INFO:root:pop fitness: 0.11987000000000002
INFO:root:elite fitness: 0.22123999999999996
INFO:root:Generation: 12
INFO:root:pop fitness: 0.10852
INFO:root:elite fitness: 0.21486000000000005
INFO:root:Generation: 14
INFO:root:pop fitness: 0.1106
INFO:root:elite fitness: 0.21492000000000006
INFO:root:Generation: 15
INFO:root:pop fitness: 0.1165
INFO:root:elite fitness: 0.22508
INFO:root:Generation: 13
INFO:root:pop fitness: 0.11378
INFO:root:elite fitness: 0.23531999999999997
INFO:root:Generation: 16
INFO:root:pop fitness: 0.11405
INFO:root:elite fitness: 0.23271999999999998
INFO:root:Generation: 14
INFO:root:pop fitness: 0.10486
INFO:root:elite fitness: 0.21946000000000002
INFO:root:Generation: 17
INFO:root:pop fitness: 0.12602
INFO:root:elite fitness: 0.25492000000000004
INFO:root:Generation: 15
INFO:root:pop fitness: 0.11270000000000001
INFO:root:elite fitness: 0.2695
INFO:root:Generation: 18
INFO:root:pop fitness: 0.10654
INFO:root:elite fitness: 0.22089999999999999
INFO:root:Generation: 19
INFO:root:pop fitness: 0.09954
INFO:root:elite fitness: 0.21654000000000004
INFO:root:Generation: 16
INFO:root:pop fitness: 0.10995
INFO:root:elite fitness: 0.24712
INFO:root:Generation: 20
INFO:root:pop fitness: 0.10082
INFO:root:elite fitness: 0.21402
INFO:root:Generation: 17
INFO:root:pop fitness: 0.12764
INFO:root:elite fitness: 0.28216
INFO:root:Generation: 18
INFO:root:pop fitness: 0.12889
INFO:root:elite fitness: 0.24232000000000004
INFO:root:Generation: 21
INFO:root:pop fitness: 0.13173
INFO:root:elite fitness: 0.25028
INFO:root:Generation: 19
INFO:root:pop fitness: 0.12479999999999998
INFO:root:elite fitness: 0.24412
INFO:root:Generation: 20
INFO:root:pop fitness: 0.12211999999999999
INFO:root:elite fitness: 0.2554
INFO:root:Generation: 22
INFO:root:pop fitness: 0.11416
INFO:root:elite fitness: 0.25689999999999996
INFO:root:Generation: 21
INFO:root:pop fitness: 0.11640999999999999
INFO:root:elite fitness: 0.25471999999999995
INFO:root:Generation: 23
INFO:root:pop fitness: 0.13108
INFO:root:elite fitness: 0.29528000000000004
INFO:root:Generation: 22
INFO:root:pop fitness: 0.1273
INFO:root:elite fitness: 0.25532
INFO:root:Generation: 24
INFO:root:pop fitness: 0.12684
INFO:root:elite fitness: 0.23970000000000002
INFO:root:Generation: 23
INFO:root:pop fitness: 0.12058999999999999
INFO:root:elite fitness: 0.20056000000000004
INFO:root:Generation: 25
INFO:root:pop fitness: 0.10683000000000002
INFO:root:elite fitness: 0.22409999999999997
INFO:root:Generation: 24
INFO:root:pop fitness: 0.11536999999999999
INFO:root:elite fitness: 0.25034
INFO:root:Generation: 26
INFO:root:pop fitness: 0.11760000000000001
INFO:root:elite fitness: 0.23534000000000005
INFO:root:Generation: 25
INFO:root:pop fitness: 0.11785999999999999
INFO:root:elite fitness: 0.20886000000000002
INFO:root:Generation: 27
INFO:root:pop fitness: 0.13939999999999997
INFO:root:elite fitness: 0.2713
INFO:root:Generation: 26
INFO:root:pop fitness: 0.12643
INFO:root:elite fitness: 0.27813999999999994
INFO:root:Generation: 27
INFO:root:pop fitness: 0.13049
INFO:root:elite fitness: 0.25383999999999995
INFO:root:Generation: 28
INFO:root:pop fitness: 0.12168999999999999
INFO:root:elite fitness: 0.23651999999999998
INFO:root:Generation: 28
INFO:root:pop fitness: 0.14628000000000002
INFO:root:elite fitness: 0.28108000000000005
INFO:root:Generation: 29
INFO:root:pop fitness: 0.1345
INFO:root:elite fitness: 0.28226
INFO:root:Generation: 29
INFO:root:pop fitness: 0.13401
INFO:root:elite fitness: 0.30598
INFO:root:Generation: 30
INFO:root:pop fitness: 0.12517
INFO:root:elite fitness: 0.25532
INFO:root:Generation: 30
INFO:root:pop fitness: 0.13258
INFO:root:elite fitness: 0.29603999999999997
INFO:root:Generation: 31
INFO:root:pop fitness: 0.12093
INFO:root:elite fitness: 0.21624
INFO:root:Generation: 31
INFO:root:pop fitness: 0.12197000000000001
INFO:root:elite fitness: 0.26386000000000004
INFO:root:Generation: 32
INFO:root:pop fitness: 0.12685000000000002
INFO:root:elite fitness: 0.25716
INFO:root:Generation: 32
INFO:root:pop fitness: 0.13365
INFO:root:elite fitness: 0.26236
INFO:root:Generation: 33
INFO:root:pop fitness: 0.11885
INFO:root:elite fitness: 0.24498
INFO:root:Generation: 33
INFO:root:pop fitness: 0.1313
INFO:root:elite fitness: 0.26022
INFO:root:Generation: 34
INFO:root:pop fitness: 0.13634000000000002
INFO:root:elite fitness: 0.26108
INFO:root:Generation: 34
INFO:root:pop fitness: 0.12248999999999999
INFO:root:elite fitness: 0.2288
INFO:root:Generation: 35
INFO:root:pop fitness: 0.1235
INFO:root:elite fitness: 0.25968
INFO:root:Generation: 36
INFO:root:pop fitness: 0.14087999999999998
INFO:root:elite fitness: 0.285
INFO:root:Generation: 35
INFO:root:pop fitness: 0.13677999999999998
INFO:root:elite fitness: 0.26899999999999996
INFO:root:Generation: 36
INFO:root:pop fitness: 0.14767000000000002
INFO:root:elite fitness: 0.30464
INFO:root:Generation: 37
INFO:root:pop fitness: 0.13716
INFO:root:elite fitness: 0.26196
INFO:root:Generation: 38
INFO:root:pop fitness: 0.11881
INFO:root:elite fitness: 0.23246
INFO:root:Generation: 37
INFO:root:pop fitness: 0.14217
INFO:root:elite fitness: 0.27962
INFO:root:Generation: 39
INFO:root:pop fitness: 0.13585
INFO:root:elite fitness: 0.27014
INFO:root:Generation: 40
INFO:root:pop fitness: 0.13133
INFO:root:elite fitness: 0.23516
INFO:root:Generation: 41
INFO:root:pop fitness: 0.11079
INFO:root:elite fitness: 0.24814
INFO:root:Generation: 38
INFO:root:pop fitness: 0.13908
INFO:root:elite fitness: 0.28071999999999997
INFO:root:Generation: 42
INFO:root:pop fitness: 0.13694000000000003
INFO:root:elite fitness: 0.27844
INFO:root:Generation: 43
INFO:root:pop fitness: 0.12496
INFO:root:elite fitness: 0.24862
INFO:root:Generation: 39
INFO:root:pop fitness: 0.14235
INFO:root:elite fitness: 0.28569999999999995
INFO:root:Generation: 44
INFO:root:pop fitness: 0.13296
INFO:root:elite fitness: 0.28324
INFO:root:Generation: 40
INFO:root:pop fitness: 0.14138
INFO:root:elite fitness: 0.2979
INFO:root:Generation: 45
INFO:root:pop fitness: 0.14743
INFO:root:elite fitness: 0.28215999999999997
INFO:root:Generation: 46
INFO:root:pop fitness: 0.12888
INFO:root:elite fitness: 0.25654
INFO:root:run_master: Namespace(arms='10', hidden='128', layers='1', max_gen='200', message='', mutation_mag='0.1', name='smpl_diffEnv_v2', noise=True, pop_size='100', save_result=True, trials='100')
INFO:root:Generation: 47
INFO:root:pop fitness: 0.14772
INFO:root:elite fitness: 0.2798
INFO:root:run_master: Namespace(arms='10', hidden='128', layers='1', max_gen='200', message='', mutation_mag='0.1', name='smpl_diffEnv_v2', noise=False, pop_size='100', save_result=True, trials='100')
INFO:root:Generation: 41
INFO:root:pop fitness: 0.13031
INFO:root:elite fitness: 0.25256
INFO:root:Generation: 0
INFO:root:pop fitness: 0.10021999999999996
INFO:root:elite fitness: 0.11408
INFO:root:Generation: 0
INFO:root:pop fitness: 0.09953999999999999
INFO:root:elite fitness: 0.1094
INFO:root:Generation: 48
INFO:root:pop fitness: 0.14549
INFO:root:elite fitness: 0.30468
INFO:root:Generation: 1
INFO:root:pop fitness: 0.09942999999999999
INFO:root:elite fitness: 0.13298
INFO:root:Generation: 42
INFO:root:pop fitness: 0.15410999999999997
INFO:root:elite fitness: 0.30448000000000003
INFO:root:Generation: 1
INFO:root:pop fitness: 0.09795
INFO:root:elite fitness: 0.14279999999999998
INFO:root:Generation: 49
INFO:root:pop fitness: 0.14376
INFO:root:elite fitness: 0.30448000000000003
INFO:root:Generation: 2
INFO:root:pop fitness: 0.10305000000000002
INFO:root:elite fitness: 0.14432
INFO:root:Generation: 2
INFO:root:pop fitness: 0.10322999999999999
INFO:root:elite fitness: 0.17602
INFO:root:Generation: 43
INFO:root:pop fitness: 0.15334
INFO:root:elite fitness: 0.30652
INFO:root:Generation: 3
INFO:root:pop fitness: 0.10464000000000001
INFO:root:elite fitness: 0.18608
INFO:root:Generation: 3
INFO:root:pop fitness: 0.11092999999999999
INFO:root:elite fitness: 0.17840000000000003
INFO:root:Generation: 50
INFO:root:pop fitness: 0.14407999999999999
INFO:root:elite fitness: 0.26828
INFO:root:Generation: 44
INFO:root:pop fitness: 0.15728
INFO:root:elite fitness: 0.3039
INFO:root:Generation: 4
INFO:root:pop fitness: 0.10363000000000001
INFO:root:elite fitness: 0.19406
INFO:root:Generation: 4
INFO:root:pop fitness: 0.10795000000000002
INFO:root:elite fitness: 0.16849999999999998
INFO:root:Generation: 45
INFO:root:pop fitness: 0.15328
INFO:root:elite fitness: 0.28807999999999995
INFO:root:Generation: 5
INFO:root:pop fitness: 0.10318000000000001
INFO:root:elite fitness: 0.19218000000000005
INFO:root:Generation: 5
INFO:root:pop fitness: 0.10943
INFO:root:elite fitness: 0.21530000000000002
INFO:root:Generation: 51
INFO:root:pop fitness: 0.14167000000000002
INFO:root:elite fitness: 0.28568
INFO:root:Generation: 46
INFO:root:pop fitness: 0.15997
INFO:root:elite fitness: 0.30454000000000003
INFO:root:Generation: 6
INFO:root:pop fitness: 0.09351
INFO:root:elite fitness: 0.18878000000000003
INFO:root:Generation: 6
INFO:root:pop fitness: 0.11144
INFO:root:elite fitness: 0.20652
INFO:root:Generation: 7
INFO:root:pop fitness: 0.09727999999999999
INFO:root:elite fitness: 0.19068
INFO:root:Generation: 47
INFO:root:pop fitness: 0.15329000000000004
INFO:root:elite fitness: 0.25344
INFO:root:Generation: 7
INFO:root:pop fitness: 0.10393999999999998
INFO:root:elite fitness: 0.1974
INFO:root:Generation: 52
INFO:root:pop fitness: 0.15275
INFO:root:elite fitness: 0.27856
INFO:root:Generation: 8
INFO:root:pop fitness: 0.10679999999999999
INFO:root:elite fitness: 0.22183999999999998
INFO:root:Generation: 8
INFO:root:pop fitness: 0.11152999999999999
INFO:root:elite fitness: 0.20344
INFO:root:Generation: 9
INFO:root:pop fitness: 0.13002
INFO:root:elite fitness: 0.26174
INFO:root:Generation: 53
INFO:root:pop fitness: 0.14435
INFO:root:elite fitness: 0.25111999999999995
INFO:root:Generation: 9
INFO:root:pop fitness: 0.114
INFO:root:elite fitness: 0.24044000000000001
INFO:root:Generation: 10
INFO:root:pop fitness: 0.12017
INFO:root:elite fitness: 0.229
INFO:root:Generation: 48
INFO:root:pop fitness: 0.17109000000000002
INFO:root:elite fitness: 0.31188
INFO:root:Generation: 10
INFO:root:pop fitness: 0.10659999999999999
INFO:root:elite fitness: 0.25202
INFO:root:Generation: 11
INFO:root:pop fitness: 0.10651999999999999
INFO:root:elite fitness: 0.22953999999999997
INFO:root:Generation: 11
INFO:root:pop fitness: 0.11508999999999998
INFO:root:elite fitness: 0.24046000000000003
INFO:root:Generation: 12
INFO:root:pop fitness: 0.11237000000000003
INFO:root:elite fitness: 0.23990000000000003
INFO:root:Generation: 54
INFO:root:pop fitness: 0.14836
INFO:root:elite fitness: 0.28325999999999996
INFO:root:Generation: 12
INFO:root:pop fitness: 0.11048999999999999
INFO:root:elite fitness: 0.2139
INFO:root:Generation: 13
INFO:root:pop fitness: 0.12420999999999997
INFO:root:elite fitness: 0.22432000000000002
INFO:root:Generation: 13
INFO:root:pop fitness: 0.10976999999999998
INFO:root:elite fitness: 0.20257999999999998
INFO:root:Generation: 14
INFO:root:pop fitness: 0.09295000000000002
INFO:root:elite fitness: 0.19482
INFO:root:Generation: 55
INFO:root:pop fitness: 0.14661
INFO:root:elite fitness: 0.2577
INFO:root:Generation: 49
INFO:root:pop fitness: 0.14719
INFO:root:elite fitness: 0.27326
INFO:root:Generation: 15
INFO:root:pop fitness: 0.09532
INFO:root:elite fitness: 0.19523999999999997
INFO:root:Generation: 14
INFO:root:pop fitness: 0.11251000000000001
INFO:root:elite fitness: 0.19515999999999997
INFO:root:Generation: 56
INFO:root:pop fitness: 0.14747
INFO:root:elite fitness: 0.29138
INFO:root:Generation: 16
INFO:root:pop fitness: 0.09812
INFO:root:elite fitness: 0.20534
INFO:root:Generation: 15
INFO:root:pop fitness: 0.12059000000000002
INFO:root:elite fitness: 0.24888000000000002
INFO:root:Generation: 17
INFO:root:pop fitness: 0.11998999999999999
INFO:root:elite fitness: 0.22708000000000003
INFO:root:Generation: 16
INFO:root:pop fitness: 0.11508000000000002
INFO:root:elite fitness: 0.21947999999999998
INFO:root:Generation: 57
INFO:root:pop fitness: 0.153
INFO:root:elite fitness: 0.26918000000000003
INFO:root:Generation: 18
INFO:root:pop fitness: 0.11402
INFO:root:elite fitness: 0.22378
INFO:root:Generation: 17
INFO:root:pop fitness: 0.13065
INFO:root:elite fitness: 0.2526
INFO:root:Generation: 58
INFO:root:pop fitness: 0.16381000000000004
INFO:root:elite fitness: 0.27884
INFO:root:Generation: 50
INFO:root:pop fitness: 0.16427
INFO:root:elite fitness: 0.31482
INFO:root:Generation: 19
INFO:root:pop fitness: 0.11439
INFO:root:elite fitness: 0.23628
INFO:root:Generation: 18
INFO:root:pop fitness: 0.10838999999999999
INFO:root:elite fitness: 0.2125
INFO:root:Generation: 59
INFO:root:pop fitness: 0.15710999999999997
INFO:root:elite fitness: 0.29878
INFO:root:Generation: 20
INFO:root:pop fitness: 0.12863999999999998
INFO:root:elite fitness: 0.24381999999999998
INFO:root:Generation: 19
INFO:root:pop fitness: 0.11853999999999999
INFO:root:elite fitness: 0.23068000000000002
INFO:root:Generation: 60
INFO:root:pop fitness: 0.16441999999999996
INFO:root:elite fitness: 0.31686000000000003
INFO:root:Generation: 21
INFO:root:pop fitness: 0.12601
INFO:root:elite fitness: 0.27356
INFO:root:Generation: 20
INFO:root:pop fitness: 0.12542999999999999
INFO:root:elite fitness: 0.28416
INFO:root:Generation: 22
INFO:root:pop fitness: 0.11065
INFO:root:elite fitness: 0.21386
INFO:root:Generation: 51
INFO:root:pop fitness: 0.16057000000000002
INFO:root:elite fitness: 0.3085
INFO:root:Generation: 21
INFO:root:pop fitness: 0.1258
INFO:root:elite fitness: 0.22784
INFO:root:Generation: 23
INFO:root:pop fitness: 0.12300000000000001
INFO:root:elite fitness: 0.25987999999999994
INFO:root:Generation: 61
INFO:root:pop fitness: 0.15752
INFO:root:elite fitness: 0.31484
INFO:root:Generation: 22
INFO:root:pop fitness: 0.13116999999999998
INFO:root:elite fitness: 0.25401999999999997
INFO:root:Generation: 24
INFO:root:pop fitness: 0.14203000000000002
INFO:root:elite fitness: 0.27146000000000003
INFO:root:Generation: 23
INFO:root:pop fitness: 0.13500999999999996
INFO:root:elite fitness: 0.2548
INFO:root:Generation: 25
INFO:root:pop fitness: 0.12312000000000001
INFO:root:elite fitness: 0.24506
INFO:root:Generation: 52
INFO:root:pop fitness: 0.15398
INFO:root:elite fitness: 0.31776000000000004
INFO:root:Generation: 62
INFO:root:pop fitness: 0.17052000000000003
INFO:root:elite fitness: 0.31414000000000003
INFO:root:Generation: 24
INFO:root:pop fitness: 0.12483000000000001
INFO:root:elite fitness: 0.2507
INFO:root:Generation: 26
INFO:root:pop fitness: 0.12179999999999998
INFO:root:elite fitness: 0.2402
INFO:root:Generation: 63
INFO:root:pop fitness: 0.14195
INFO:root:elite fitness: 0.27649999999999997
INFO:root:Generation: 25
INFO:root:pop fitness: 0.12874999999999998
INFO:root:elite fitness: 0.25164000000000003
INFO:root:Generation: 27
INFO:root:pop fitness: 0.12026999999999999
INFO:root:elite fitness: 0.23098
INFO:root:Generation: 53
INFO:root:pop fitness: 0.15310999999999997
INFO:root:elite fitness: 0.34212000000000004
INFO:root:Generation: 28
INFO:root:pop fitness: 0.11344000000000001
INFO:root:elite fitness: 0.24292000000000005
INFO:root:Generation: 26
INFO:root:pop fitness: 0.1445
INFO:root:elite fitness: 0.26486
INFO:root:Generation: 64
INFO:root:pop fitness: 0.14904
INFO:root:elite fitness: 0.28636
INFO:root:Generation: 29
INFO:root:pop fitness: 0.12051
INFO:root:elite fitness: 0.25236000000000003
INFO:root:Generation: 54
INFO:root:pop fitness: 0.15868000000000002
INFO:root:elite fitness: 0.2973
INFO:root:Generation: 27
INFO:root:pop fitness: 0.14244
INFO:root:elite fitness: 0.28286
INFO:root:Generation: 30
INFO:root:pop fitness: 0.12868000000000002
INFO:root:elite fitness: 0.28232
INFO:root:Generation: 28
INFO:root:pop fitness: 0.13086
INFO:root:elite fitness: 0.26652000000000003
INFO:root:Generation: 31
INFO:root:pop fitness: 0.12702
INFO:root:elite fitness: 0.29022000000000003
INFO:root:Generation: 29
INFO:root:pop fitness: 0.13789000000000004
INFO:root:elite fitness: 0.26421999999999995
INFO:root:Generation: 55
INFO:root:pop fitness: 0.16686
INFO:root:elite fitness: 0.29551999999999995
INFO:root:Generation: 65
INFO:root:pop fitness: 0.14872000000000005
INFO:root:elite fitness: 0.29359999999999997
INFO:root:Generation: 32
INFO:root:pop fitness: 0.15243
INFO:root:elite fitness: 0.27678
INFO:root:Generation: 30
INFO:root:pop fitness: 0.13243999999999997
INFO:root:elite fitness: 0.24483999999999997
INFO:root:Generation: 33
INFO:root:pop fitness: 0.13305999999999998
INFO:root:elite fitness: 0.26099999999999995
INFO:root:Generation: 31
INFO:root:pop fitness: 0.13191999999999998
INFO:root:elite fitness: 0.26134
INFO:root:Generation: 66
INFO:root:pop fitness: 0.16288
INFO:root:elite fitness: 0.32683999999999996
INFO:root:Generation: 34
INFO:root:pop fitness: 0.12485999999999998
INFO:root:elite fitness: 0.26134
INFO:root:Generation: 56
INFO:root:pop fitness: 0.14358
INFO:root:elite fitness: 0.30068
INFO:root:Generation: 32
INFO:root:pop fitness: 0.13735
INFO:root:elite fitness: 0.28167999999999993
INFO:root:Generation: 67
INFO:root:pop fitness: 0.16366
INFO:root:elite fitness: 0.33652
INFO:root:Generation: 35
INFO:root:pop fitness: 0.13948000000000002
INFO:root:elite fitness: 0.26284
INFO:root:Generation: 33
INFO:root:pop fitness: 0.13152
INFO:root:elite fitness: 0.26160000000000005
INFO:root:Generation: 68
INFO:root:pop fitness: 0.16869000000000003
INFO:root:elite fitness: 0.3201
INFO:root:Generation: 36
INFO:root:pop fitness: 0.14575
INFO:root:elite fitness: 0.29378
INFO:root:Generation: 34
INFO:root:pop fitness: 0.14653000000000002
INFO:root:elite fitness: 0.30229999999999996
INFO:root:Generation: 69
INFO:root:pop fitness: 0.16368
INFO:root:elite fitness: 0.32075999999999993
INFO:root:Generation: 37
INFO:root:pop fitness: 0.13837
INFO:root:elite fitness: 0.27878000000000003
INFO:root:Generation: 35
INFO:root:pop fitness: 0.12789
INFO:root:elite fitness: 0.26888
INFO:root:Generation: 57
INFO:root:pop fitness: 0.15335000000000001
INFO:root:elite fitness: 0.28978
INFO:root:Generation: 38
INFO:root:pop fitness: 0.13457
INFO:root:elite fitness: 0.25001999999999996
INFO:root:Generation: 36
INFO:root:pop fitness: 0.14892000000000002
INFO:root:elite fitness: 0.2681
INFO:root:Generation: 70
INFO:root:pop fitness: 0.16559000000000004
INFO:root:elite fitness: 0.30796
INFO:root:Generation: 39
INFO:root:pop fitness: 0.14864000000000002
INFO:root:elite fitness: 0.32828
INFO:root:Generation: 37
INFO:root:pop fitness: 0.13562
INFO:root:elite fitness: 0.26128
INFO:root:Generation: 71
INFO:root:pop fitness: 0.16363000000000003
INFO:root:elite fitness: 0.29584
INFO:root:Generation: 58
INFO:root:pop fitness: 0.15269
INFO:root:elite fitness: 0.30741999999999997
INFO:root:Generation: 40
INFO:root:pop fitness: 0.15005000000000002
INFO:root:elite fitness: 0.30656
INFO:root:Generation: 38
INFO:root:pop fitness: 0.13744
INFO:root:elite fitness: 0.27872
INFO:root:Generation: 41
INFO:root:pop fitness: 0.15051
INFO:root:elite fitness: 0.2861
INFO:root:Generation: 59
INFO:root:pop fitness: 0.14642000000000002
INFO:root:elite fitness: 0.27268000000000003
INFO:root:Generation: 39
INFO:root:pop fitness: 0.13546999999999998
INFO:root:elite fitness: 0.28608000000000006
INFO:root:Generation: 42
INFO:root:pop fitness: 0.13926000000000002
INFO:root:elite fitness: 0.29814
INFO:root:Generation: 72
INFO:root:pop fitness: 0.15702
INFO:root:elite fitness: 0.30508
INFO:root:Generation: 40
INFO:root:pop fitness: 0.13373
INFO:root:elite fitness: 0.3011
INFO:root:Generation: 60
INFO:root:pop fitness: 0.16062
INFO:root:elite fitness: 0.28924
INFO:root:Generation: 43
INFO:root:pop fitness: 0.14229
INFO:root:elite fitness: 0.27760000000000007
INFO:root:Generation: 41
INFO:root:pop fitness: 0.13415000000000002
INFO:root:elite fitness: 0.26904000000000006
INFO:root:Generation: 44
INFO:root:pop fitness: 0.14111
INFO:root:elite fitness: 0.26990000000000003
INFO:root:Generation: 61
INFO:root:pop fitness: 0.16279
INFO:root:elite fitness: 0.3204199999999999
INFO:root:Generation: 73
INFO:root:pop fitness: 0.16772
INFO:root:elite fitness: 0.33697999999999995
INFO:root:Generation: 45
INFO:root:pop fitness: 0.15076
INFO:root:elite fitness: 0.27206
INFO:root:Generation: 42
INFO:root:pop fitness: 0.14207000000000003
INFO:root:elite fitness: 0.26360000000000006
INFO:root:Generation: 74
INFO:root:pop fitness: 0.17189
INFO:root:elite fitness: 0.32542000000000004
INFO:root:Generation: 46
INFO:root:pop fitness: 0.14616
INFO:root:elite fitness: 0.27922
INFO:root:Generation: 43
INFO:root:pop fitness: 0.12814000000000003
INFO:root:elite fitness: 0.2297
INFO:root:Generation: 62
INFO:root:pop fitness: 0.15673000000000004
INFO:root:elite fitness: 0.29446
INFO:root:Generation: 75
INFO:root:pop fitness: 0.16564
INFO:root:elite fitness: 0.30082
INFO:root:Generation: 47
INFO:root:pop fitness: 0.15044000000000002
INFO:root:elite fitness: 0.31322000000000005
INFO:root:Generation: 44
INFO:root:pop fitness: 0.12566
INFO:root:elite fitness: 0.25444
INFO:root:Generation: 76
INFO:root:pop fitness: 0.15194000000000002
INFO:root:elite fitness: 0.30674
INFO:root:Generation: 48
INFO:root:pop fitness: 0.14208
INFO:root:elite fitness: 0.26912
INFO:root:Generation: 45
INFO:root:pop fitness: 0.13913
INFO:root:elite fitness: 0.27376
INFO:root:Generation: 77
INFO:root:pop fitness: 0.15908999999999998
INFO:root:elite fitness: 0.29988
INFO:root:Generation: 63
INFO:root:pop fitness: 0.15511999999999998
INFO:root:elite fitness: 0.31632
INFO:root:Generation: 46
INFO:root:pop fitness: 0.13948
INFO:root:elite fitness: 0.28446
INFO:root:Generation: 49
INFO:root:pop fitness: 0.14498999999999998
INFO:root:elite fitness: 0.29056
INFO:root:Generation: 78
INFO:root:pop fitness: 0.16205000000000003
INFO:root:elite fitness: 0.32378
INFO:root:Generation: 47
INFO:root:pop fitness: 0.15522
INFO:root:elite fitness: 0.30088000000000004
INFO:root:Generation: 50
INFO:root:pop fitness: 0.14458
INFO:root:elite fitness: 0.29562
INFO:root:Generation: 51
INFO:root:pop fitness: 0.14812
INFO:root:elite fitness: 0.2649
INFO:root:Generation: 48
INFO:root:pop fitness: 0.14245999999999998
INFO:root:elite fitness: 0.28434
INFO:root:Generation: 79
INFO:root:pop fitness: 0.16310000000000002
INFO:root:elite fitness: 0.29214
INFO:root:Generation: 52
INFO:root:pop fitness: 0.13724999999999998
INFO:root:elite fitness: 0.25964
INFO:root:Generation: 49
INFO:root:pop fitness: 0.13595000000000002
INFO:root:elite fitness: 0.2799
INFO:root:Generation: 64
INFO:root:pop fitness: 0.14951000000000003
INFO:root:elite fitness: 0.29926
INFO:root:Generation: 80
INFO:root:pop fitness: 0.15699
INFO:root:elite fitness: 0.319
INFO:root:Generation: 53
INFO:root:pop fitness: 0.14212000000000002
INFO:root:elite fitness: 0.31028
INFO:root:Generation: 50
INFO:root:pop fitness: 0.14855
INFO:root:elite fitness: 0.27648000000000006
INFO:root:Generation: 54
INFO:root:pop fitness: 0.14868
INFO:root:elite fitness: 0.31398
INFO:root:Generation: 51
INFO:root:pop fitness: 0.14656
INFO:root:elite fitness: 0.3025
INFO:root:Generation: 81
INFO:root:pop fitness: 0.16892000000000004
INFO:root:elite fitness: 0.30992000000000003
INFO:root:Generation: 55
INFO:root:pop fitness: 0.14698999999999998
INFO:root:elite fitness: 0.27449999999999997
INFO:root:Generation: 52
INFO:root:pop fitness: 0.1506
INFO:root:elite fitness: 0.28390000000000004
INFO:root:Generation: 56
INFO:root:pop fitness: 0.14722000000000002
INFO:root:elite fitness: 0.30541999999999997
INFO:root:Generation: 53
INFO:root:pop fitness: 0.13767
INFO:root:elite fitness: 0.27446
INFO:root:Generation: 65
INFO:root:pop fitness: 0.16713999999999998
INFO:root:elite fitness: 0.29124
INFO:root:Generation: 57
INFO:root:pop fitness: 0.14307
INFO:root:elite fitness: 0.28882
INFO:root:Generation: 82
INFO:root:pop fitness: 0.16616000000000006
INFO:root:elite fitness: 0.31982000000000005
INFO:root:Generation: 54
INFO:root:pop fitness: 0.14859
INFO:root:elite fitness: 0.28596
INFO:root:Generation: 58
INFO:root:pop fitness: 0.15243
INFO:root:elite fitness: 0.29898
INFO:root:Generation: 55
INFO:root:pop fitness: 0.13797
INFO:root:elite fitness: 0.26956
INFO:root:Generation: 59
INFO:root:pop fitness: 0.14719
INFO:root:elite fitness: 0.2748
INFO:root:Generation: 56
INFO:root:pop fitness: 0.13677
INFO:root:elite fitness: 0.25438
INFO:root:Generation: 60
INFO:root:pop fitness: 0.16166
INFO:root:elite fitness: 0.32808
INFO:root:Generation: 83
INFO:root:pop fitness: 0.16266000000000005
INFO:root:elite fitness: 0.29768
INFO:root:Generation: 57
INFO:root:pop fitness: 0.12163
INFO:root:elite fitness: 0.24398000000000003
INFO:root:Generation: 66
INFO:root:pop fitness: 0.14676
INFO:root:elite fitness: 0.31542
INFO:root:Generation: 61
INFO:root:pop fitness: 0.16416
INFO:root:elite fitness: 0.30302
INFO:root:Generation: 58
INFO:root:pop fitness: 0.1505
INFO:root:elite fitness: 0.26644
INFO:root:Generation: 84
INFO:root:pop fitness: 0.16442999999999997
INFO:root:elite fitness: 0.28980000000000006
INFO:root:Generation: 62
INFO:root:pop fitness: 0.17242000000000005
INFO:root:elite fitness: 0.31484
INFO:root:Generation: 59
INFO:root:pop fitness: 0.14182000000000003
INFO:root:elite fitness: 0.26076
INFO:root:Generation: 63
INFO:root:pop fitness: 0.16373000000000001
INFO:root:elite fitness: 0.3224
INFO:root:Generation: 67
INFO:root:pop fitness: 0.15337
INFO:root:elite fitness: 0.28972
INFO:root:Generation: 60
INFO:root:pop fitness: 0.13966
INFO:root:elite fitness: 0.25338
INFO:root:Generation: 85
INFO:root:pop fitness: 0.17933000000000004
INFO:root:elite fitness: 0.31836
INFO:root:Generation: 64
INFO:root:pop fitness: 0.15378
INFO:root:elite fitness: 0.29992
INFO:root:Generation: 61
INFO:root:pop fitness: 0.14703999999999998
INFO:root:elite fitness: 0.2974
INFO:root:Generation: 65
INFO:root:pop fitness: 0.15303
INFO:root:elite fitness: 0.30948000000000003
INFO:root:Generation: 62
INFO:root:pop fitness: 0.16017
INFO:root:elite fitness: 0.27444
INFO:root:Generation: 66
INFO:root:pop fitness: 0.16607000000000005
INFO:root:elite fitness: 0.3267
INFO:root:Generation: 63
INFO:root:pop fitness: 0.15145999999999998
INFO:root:elite fitness: 0.29296
INFO:root:Generation: 67
INFO:root:pop fitness: 0.15689000000000003
INFO:root:elite fitness: 0.29309999999999997
INFO:root:Generation: 86
INFO:root:pop fitness: 0.17879000000000006
INFO:root:elite fitness: 0.31276000000000004
INFO:root:Generation: 64
INFO:root:pop fitness: 0.15554
INFO:root:elite fitness: 0.28546000000000005
INFO:root:Generation: 68
INFO:root:pop fitness: 0.15832999999999997
INFO:root:elite fitness: 0.3107
INFO:root:Generation: 68
INFO:root:pop fitness: 0.16083000000000003
INFO:root:elite fitness: 0.27474
INFO:root:Generation: 65
INFO:root:pop fitness: 0.14264
INFO:root:elite fitness: 0.26415999999999995
INFO:root:Generation: 69
INFO:root:pop fitness: 0.14567000000000002
INFO:root:elite fitness: 0.29052
INFO:root:Generation: 66
INFO:root:pop fitness: 0.14035
INFO:root:elite fitness: 0.24738000000000004
INFO:root:Generation: 70
INFO:root:pop fitness: 0.16259
INFO:root:elite fitness: 0.30554000000000003
INFO:root:Generation: 87
INFO:root:pop fitness: 0.14920000000000003
INFO:root:elite fitness: 0.30807999999999996
INFO:root:Generation: 69
INFO:root:pop fitness: 0.15967
INFO:root:elite fitness: 0.31682
INFO:root:Generation: 67
INFO:root:pop fitness: 0.15754
INFO:root:elite fitness: 0.3045800000000001
INFO:root:Generation: 71
INFO:root:pop fitness: 0.14612
INFO:root:elite fitness: 0.26921999999999996
INFO:root:Generation: 88
INFO:root:pop fitness: 0.16627
INFO:root:elite fitness: 0.30885999999999997
INFO:root:Generation: 68
INFO:root:pop fitness: 0.14289
INFO:root:elite fitness: 0.26536000000000004
INFO:root:Generation: 72
INFO:root:pop fitness: 0.16035
INFO:root:elite fitness: 0.26416
INFO:root:Generation: 89
INFO:root:pop fitness: 0.16857
INFO:root:elite fitness: 0.29041999999999996
INFO:root:Generation: 69
INFO:root:pop fitness: 0.15866
INFO:root:elite fitness: 0.3222
INFO:root:Generation: 70
INFO:root:pop fitness: 0.17332000000000003
INFO:root:elite fitness: 0.31566000000000005
INFO:root:Generation: 73
INFO:root:pop fitness: 0.16253
INFO:root:elite fitness: 0.29066000000000003
INFO:root:Generation: 70
INFO:root:pop fitness: 0.14921
INFO:root:elite fitness: 0.30288
INFO:root:Generation: 74
INFO:root:pop fitness: 0.14526999999999998
INFO:root:elite fitness: 0.26774000000000003
INFO:root:Generation: 71
INFO:root:pop fitness: 0.16357
INFO:root:elite fitness: 0.33335999999999993
INFO:root:Generation: 90
INFO:root:pop fitness: 0.16671999999999998
INFO:root:elite fitness: 0.30236
INFO:root:Generation: 75
INFO:root:pop fitness: 0.15252000000000002
INFO:root:elite fitness: 0.28158
INFO:root:Generation: 71
INFO:root:pop fitness: 0.17039
INFO:root:elite fitness: 0.30519999999999997
INFO:root:Generation: 72
INFO:root:pop fitness: 0.1506
INFO:root:elite fitness: 0.26549999999999996
INFO:root:Generation: 76
INFO:root:pop fitness: 0.16154
INFO:root:elite fitness: 0.29254
INFO:root:Generation: 73
INFO:root:pop fitness: 0.14962999999999999
INFO:root:elite fitness: 0.2894
INFO:root:Generation: 77
INFO:root:pop fitness: 0.14520999999999998
INFO:root:elite fitness: 0.26654
INFO:root:Generation: 74
INFO:root:pop fitness: 0.15602
INFO:root:elite fitness: 0.27055999999999997
INFO:root:Generation: 78
INFO:root:pop fitness: 0.16148999999999997
INFO:root:elite fitness: 0.32002
INFO:root:Generation: 91
INFO:root:pop fitness: 0.1773
INFO:root:elite fitness: 0.33649999999999997
INFO:root:Generation: 72
INFO:root:pop fitness: 0.15964000000000003
INFO:root:elite fitness: 0.30660000000000004
INFO:root:Generation: 75
INFO:root:pop fitness: 0.15375
INFO:root:elite fitness: 0.27036
INFO:root:Generation: 79
INFO:root:pop fitness: 0.17093
INFO:root:elite fitness: 0.30728
INFO:root:Generation: 73
INFO:root:pop fitness: 0.16996000000000006
INFO:root:elite fitness: 0.30932
INFO:root:Generation: 80
INFO:root:pop fitness: 0.15927000000000002
INFO:root:elite fitness: 0.28697999999999996
INFO:root:Generation: 76
INFO:root:pop fitness: 0.16073000000000004
INFO:root:elite fitness: 0.32311999999999996
INFO:root:Generation: 92
INFO:root:pop fitness: 0.18468000000000004
INFO:root:elite fitness: 0.33328
INFO:root:Generation: 81
INFO:root:pop fitness: 0.14929
INFO:root:elite fitness: 0.27352
INFO:root:Generation: 77
INFO:root:pop fitness: 0.15991999999999998
INFO:root:elite fitness: 0.28678000000000003
INFO:root:Generation: 74
INFO:root:pop fitness: 0.16574000000000003
INFO:root:elite fitness: 0.30194
INFO:root:Generation: 82
INFO:root:pop fitness: 0.15048999999999998
INFO:root:elite fitness: 0.28852
INFO:root:Generation: 93
INFO:root:pop fitness: 0.16491
INFO:root:elite fitness: 0.2927
INFO:root:Generation: 78
INFO:root:pop fitness: 0.1773
INFO:root:elite fitness: 0.34673999999999994
INFO:root:Generation: 75
INFO:root:pop fitness: 0.17940000000000006
INFO:root:elite fitness: 0.34062000000000003
INFO:root:Generation: 94
INFO:root:pop fitness: 0.1758800000000001
INFO:root:elite fitness: 0.32476
INFO:root:Generation: 83
INFO:root:pop fitness: 0.15797
INFO:root:elite fitness: 0.29332
INFO:root:Generation: 79
INFO:root:pop fitness: 0.17547000000000001
INFO:root:elite fitness: 0.30896
INFO:root:Generation: 95
INFO:root:pop fitness: 0.17056000000000002
INFO:root:elite fitness: 0.34884
INFO:root:Generation: 76
INFO:root:pop fitness: 0.17224
INFO:root:elite fitness: 0.32553999999999994
INFO:root:Generation: 84
INFO:root:pop fitness: 0.14967
INFO:root:elite fitness: 0.30888000000000004
INFO:root:Generation: 80
INFO:root:pop fitness: 0.17451999999999998
INFO:root:elite fitness: 0.3326
INFO:root:Generation: 96
INFO:root:pop fitness: 0.17844000000000002
INFO:root:elite fitness: 0.32919999999999994
INFO:root:Generation: 85
INFO:root:pop fitness: 0.15435000000000001
INFO:root:elite fitness: 0.27676
INFO:root:Generation: 81
INFO:root:pop fitness: 0.17277
INFO:root:elite fitness: 0.29522000000000004
INFO:root:Generation: 77
INFO:root:pop fitness: 0.17145
INFO:root:elite fitness: 0.33313999999999994
INFO:root:Generation: 97
INFO:root:pop fitness: 0.15741
INFO:root:elite fitness: 0.28274
INFO:root:Generation: 86
INFO:root:pop fitness: 0.14976000000000003
INFO:root:elite fitness: 0.3046
INFO:root:Generation: 82
INFO:root:pop fitness: 0.15818999999999997
INFO:root:elite fitness: 0.3274
INFO:root:Generation: 78
INFO:root:pop fitness: 0.17582999999999996
INFO:root:elite fitness: 0.35278
INFO:root:Generation: 87
INFO:root:pop fitness: 0.16598000000000002
INFO:root:elite fitness: 0.29972
INFO:root:Generation: 98
INFO:root:pop fitness: 0.17965000000000003
INFO:root:elite fitness: 0.3342
INFO:root:Generation: 83
INFO:root:pop fitness: 0.15744
INFO:root:elite fitness: 0.29078000000000004
INFO:root:Generation: 79
INFO:root:pop fitness: 0.18252
INFO:root:elite fitness: 0.34049999999999997
INFO:root:Generation: 88
INFO:root:pop fitness: 0.16571000000000002
INFO:root:elite fitness: 0.31156000000000006
INFO:root:Generation: 80
INFO:root:pop fitness: 0.177
INFO:root:elite fitness: 0.3356
INFO:root:Generation: 84
INFO:root:pop fitness: 0.17764000000000002
INFO:root:elite fitness: 0.3211
INFO:root:Generation: 89
INFO:root:pop fitness: 0.16092000000000004
INFO:root:elite fitness: 0.3071
INFO:root:Generation: 81
INFO:root:pop fitness: 0.17757
INFO:root:elite fitness: 0.28696
INFO:root:Generation: 99
INFO:root:pop fitness: 0.17546000000000003
INFO:root:elite fitness: 0.30932
INFO:root:Generation: 85
INFO:root:pop fitness: 0.16075000000000003
INFO:root:elite fitness: 0.31843999999999995
INFO:root:Generation: 90
INFO:root:pop fitness: 0.15977
INFO:root:elite fitness: 0.30334
INFO:root:Generation: 82
INFO:root:pop fitness: 0.15999
INFO:root:elite fitness: 0.32903999999999994
INFO:root:Generation: 86
INFO:root:pop fitness: 0.14486000000000002
INFO:root:elite fitness: 0.2861
INFO:root:Generation: 91
INFO:root:pop fitness: 0.17547000000000004
INFO:root:elite fitness: 0.3326
INFO:root:Generation: 83
INFO:root:pop fitness: 0.18066
INFO:root:elite fitness: 0.31522
INFO:root:Generation: 87
INFO:root:pop fitness: 0.16183000000000003
INFO:root:elite fitness: 0.30176
INFO:root:Generation: 100
INFO:root:pop fitness: 0.15436000000000002
INFO:root:elite fitness: 0.32254000000000005
INFO:root:Generation: 92
INFO:root:pop fitness: 0.13991
INFO:root:elite fitness: 0.28764
INFO:root:Generation: 88
INFO:root:pop fitness: 0.18069000000000002
INFO:root:elite fitness: 0.33270000000000005
INFO:root:Generation: 93
INFO:root:pop fitness: 0.15750000000000003
INFO:root:elite fitness: 0.27777999999999997
INFO:root:Generation: 84
INFO:root:pop fitness: 0.17744000000000004
INFO:root:elite fitness: 0.33232
INFO:root:Generation: 101
INFO:root:pop fitness: 0.17060000000000003
INFO:root:elite fitness: 0.30085999999999996
INFO:root:Generation: 89
INFO:root:pop fitness: 0.16734000000000002
INFO:root:elite fitness: 0.30538
INFO:root:Generation: 94
INFO:root:pop fitness: 0.14817
INFO:root:elite fitness: 0.29455999999999993
INFO:root:Generation: 85
INFO:root:pop fitness: 0.17477000000000006
INFO:root:elite fitness: 0.32211999999999996
INFO:root:Generation: 90
INFO:root:pop fitness: 0.15045
INFO:root:elite fitness: 0.30075999999999997
INFO:root:Generation: 86
INFO:root:pop fitness: 0.17947
INFO:root:elite fitness: 0.34431999999999996
INFO:root:Generation: 102
INFO:root:pop fitness: 0.17103000000000002
INFO:root:elite fitness: 0.35153999999999996
INFO:root:Generation: 95
INFO:root:pop fitness: 0.17129999999999998
INFO:root:elite fitness: 0.32254
INFO:root:Generation: 103
INFO:root:pop fitness: 0.17381999999999997
INFO:root:elite fitness: 0.31706
INFO:root:Generation: 87
INFO:root:pop fitness: 0.17050000000000004
INFO:root:elite fitness: 0.30772000000000005
INFO:root:Generation: 91
INFO:root:pop fitness: 0.18017
INFO:root:elite fitness: 0.32156
INFO:root:Generation: 96
INFO:root:pop fitness: 0.17704
INFO:root:elite fitness: 0.31220000000000003
INFO:root:Generation: 88
INFO:root:pop fitness: 0.18369000000000002
INFO:root:elite fitness: 0.32896000000000003
INFO:root:Generation: 104
INFO:root:pop fitness: 0.18252999999999997
INFO:root:elite fitness: 0.32439999999999997
INFO:root:Generation: 92
INFO:root:pop fitness: 0.17698999999999998
INFO:root:elite fitness: 0.32094
INFO:root:Generation: 97
INFO:root:pop fitness: 0.16720000000000002
INFO:root:elite fitness: 0.2768
INFO:root:Generation: 89
INFO:root:pop fitness: 0.17327
INFO:root:elite fitness: 0.33826
INFO:root:Generation: 105
INFO:root:pop fitness: 0.18767
INFO:root:elite fitness: 0.3274
INFO:root:Generation: 98
INFO:root:pop fitness: 0.15918
INFO:root:elite fitness: 0.30868
INFO:root:Generation: 90
INFO:root:pop fitness: 0.16867
INFO:root:elite fitness: 0.30198
INFO:root:Generation: 93
INFO:root:pop fitness: 0.16327999999999998
INFO:root:elite fitness: 0.30162
INFO:root:Generation: 106
INFO:root:pop fitness: 0.18739000000000006
INFO:root:elite fitness: 0.33686
INFO:root:Generation: 99
INFO:root:pop fitness: 0.15588
INFO:root:elite fitness: 0.27736
INFO:root:Generation: 107
INFO:root:pop fitness: 0.17216000000000004
INFO:root:elite fitness: 0.31555999999999995
INFO:root:Generation: 91
INFO:root:pop fitness: 0.17655
INFO:root:elite fitness: 0.34224000000000004
INFO:root:Generation: 94
INFO:root:pop fitness: 0.16164
INFO:root:elite fitness: 0.31838
INFO:root:Generation: 108
INFO:root:pop fitness: 0.17641
INFO:root:elite fitness: 0.30163999999999996
INFO:root:Generation: 100
INFO:root:pop fitness: 0.16009
INFO:root:elite fitness: 0.31135999999999997
INFO:root:Generation: 92
INFO:root:pop fitness: 0.17738999999999996
INFO:root:elite fitness: 0.29974000000000006
INFO:root:Generation: 95
INFO:root:pop fitness: 0.17943
INFO:root:elite fitness: 0.32984
INFO:root:Generation: 101
INFO:root:pop fitness: 0.16285
INFO:root:elite fitness: 0.33316
INFO:root:Generation: 93
INFO:root:pop fitness: 0.17745
INFO:root:elite fitness: 0.32076
INFO:root:Generation: 109
INFO:root:pop fitness: 0.16994000000000004
INFO:root:elite fitness: 0.29882
INFO:root:Generation: 96
INFO:root:pop fitness: 0.17831000000000002
INFO:root:elite fitness: 0.29832000000000003
INFO:root:Generation: 110
INFO:root:pop fitness: 0.18628
INFO:root:elite fitness: 0.32446
INFO:root:Generation: 102
INFO:root:pop fitness: 0.16293
INFO:root:elite fitness: 0.32470000000000004
INFO:root:Generation: 97
INFO:root:pop fitness: 0.18505000000000002
INFO:root:elite fitness: 0.36868
INFO:root:Generation: 94
INFO:root:pop fitness: 0.17071999999999998
INFO:root:elite fitness: 0.30034
INFO:root:Generation: 111
INFO:root:pop fitness: 0.19612
INFO:root:elite fitness: 0.32696
INFO:root:Generation: 103
INFO:root:pop fitness: 0.15885
INFO:root:elite fitness: 0.31152
INFO:root:Generation: 112
INFO:root:pop fitness: 0.19655999999999998
INFO:root:elite fitness: 0.34338
INFO:root:Generation: 98
INFO:root:pop fitness: 0.17826
INFO:root:elite fitness: 0.29766
INFO:root:Generation: 104
INFO:root:pop fitness: 0.17192999999999997
INFO:root:elite fitness: 0.33488
INFO:root:Generation: 113
INFO:root:pop fitness: 0.18446
INFO:root:elite fitness: 0.31121999999999994
INFO:root:Generation: 99
INFO:root:pop fitness: 0.19736
INFO:root:elite fitness: 0.32162
INFO:root:Generation: 114
INFO:root:pop fitness: 0.177
INFO:root:elite fitness: 0.31088
INFO:root:Generation: 95
INFO:root:pop fitness: 0.17475000000000002
INFO:root:elite fitness: 0.32692
INFO:root:Generation: 105
INFO:root:pop fitness: 0.18003000000000002
INFO:root:elite fitness: 0.32589999999999997
INFO:root:Generation: 100
INFO:root:pop fitness: 0.19352999999999998
INFO:root:elite fitness: 0.34536
INFO:root:Generation: 115
INFO:root:pop fitness: 0.18256999999999998
INFO:root:elite fitness: 0.34120000000000006
INFO:root:Generation: 96
INFO:root:pop fitness: 0.17044000000000004
INFO:root:elite fitness: 0.29968
INFO:root:Generation: 106
INFO:root:pop fitness: 0.16923
INFO:root:elite fitness: 0.32598
INFO:root:Generation: 101
INFO:root:pop fitness: 0.1797
INFO:root:elite fitness: 0.32811999999999997
INFO:root:Generation: 97
INFO:root:pop fitness: 0.17744
INFO:root:elite fitness: 0.34318
INFO:root:Generation: 107
INFO:root:pop fitness: 0.16286
INFO:root:elite fitness: 0.31746
INFO:root:Generation: 102
INFO:root:pop fitness: 0.19263000000000002
INFO:root:elite fitness: 0.33769999999999994
INFO:root:Generation: 98
INFO:root:pop fitness: 0.18012999999999998
INFO:root:elite fitness: 0.3237
INFO:root:Generation: 99
INFO:root:pop fitness: 0.17568999999999999
INFO:root:elite fitness: 0.30542
INFO:root:Generation: 116
INFO:root:pop fitness: 0.19215
INFO:root:elite fitness: 0.34563999999999995
INFO:root:Generation: 108
INFO:root:pop fitness: 0.16634000000000002
INFO:root:elite fitness: 0.29522000000000004
INFO:root:Generation: 103
INFO:root:pop fitness: 0.19260999999999995
INFO:root:elite fitness: 0.3226
INFO:root:Generation: 100
INFO:root:pop fitness: 0.16493
INFO:root:elite fitness: 0.31311999999999995
INFO:root:Generation: 101
INFO:root:pop fitness: 0.17605
INFO:root:elite fitness: 0.29847999999999997
INFO:root:Generation: 109
INFO:root:pop fitness: 0.16696000000000003
INFO:root:elite fitness: 0.31592
INFO:root:Generation: 117
INFO:root:pop fitness: 0.18488000000000004
INFO:root:elite fitness: 0.29710000000000003
INFO:root:Generation: 104
INFO:root:pop fitness: 0.19354000000000002
INFO:root:elite fitness: 0.30839999999999995
INFO:root:Generation: 118
INFO:root:pop fitness: 0.2022
INFO:root:elite fitness: 0.3422800000000001
INFO:root:Generation: 110
INFO:root:pop fitness: 0.16211000000000003
INFO:root:elite fitness: 0.3124
INFO:root:Generation: 105
INFO:root:pop fitness: 0.19583000000000003
INFO:root:elite fitness: 0.35290000000000005
INFO:root:Generation: 102
INFO:root:pop fitness: 0.16601
INFO:root:elite fitness: 0.31114
INFO:root:Generation: 119
INFO:root:pop fitness: 0.18497000000000002
INFO:root:elite fitness: 0.31660000000000005
INFO:root:Generation: 120
INFO:root:pop fitness: 0.19524000000000005
INFO:root:elite fitness: 0.38101999999999997
INFO:root:Generation: 111
INFO:root:pop fitness: 0.17061
INFO:root:elite fitness: 0.35328
INFO:root:Generation: 106
INFO:root:pop fitness: 0.19592
INFO:root:elite fitness: 0.36085999999999996
INFO:root:Generation: 103
INFO:root:pop fitness: 0.17772
INFO:root:elite fitness: 0.30632000000000004
INFO:root:Generation: 121
INFO:root:pop fitness: 0.17596000000000006
INFO:root:elite fitness: 0.32432
INFO:root:Generation: 122
INFO:root:pop fitness: 0.1739
INFO:root:elite fitness: 0.3232
INFO:root:Generation: 112
INFO:root:pop fitness: 0.17156000000000002
INFO:root:elite fitness: 0.35078000000000004
INFO:root:Generation: 123
INFO:root:pop fitness: 0.17842000000000002
INFO:root:elite fitness: 0.3159
INFO:root:Generation: 107
INFO:root:pop fitness: 0.19622000000000003
INFO:root:elite fitness: 0.35658
INFO:root:Generation: 113
INFO:root:pop fitness: 0.16981000000000002
INFO:root:elite fitness: 0.29776
INFO:root:Generation: 108
INFO:root:pop fitness: 0.18420999999999998
INFO:root:elite fitness: 0.33146000000000003
INFO:root:Generation: 104
INFO:root:pop fitness: 0.1824
INFO:root:elite fitness: 0.32699999999999996
INFO:root:Generation: 114
INFO:root:pop fitness: 0.17088
INFO:root:elite fitness: 0.3149
INFO:root:Generation: 124
INFO:root:pop fitness: 0.19773
INFO:root:elite fitness: 0.32462
INFO:root:Generation: 109
INFO:root:pop fitness: 0.19190000000000004
INFO:root:elite fitness: 0.31064
INFO:root:Generation: 105
INFO:root:pop fitness: 0.16568000000000002
INFO:root:elite fitness: 0.31351999999999997
INFO:root:Generation: 115
INFO:root:pop fitness: 0.17785
INFO:root:elite fitness: 0.32322
INFO:root:Generation: 106
INFO:root:pop fitness: 0.18165000000000006
INFO:root:elite fitness: 0.33478
INFO:root:Generation: 107
INFO:root:pop fitness: 0.18713000000000005
INFO:root:elite fitness: 0.3633799999999999
INFO:root:Generation: 110
INFO:root:pop fitness: 0.18744
INFO:root:elite fitness: 0.3475
INFO:root:Generation: 108
INFO:root:pop fitness: 0.18292999999999998
INFO:root:elite fitness: 0.32644
INFO:root:Generation: 116
INFO:root:pop fitness: 0.16819000000000003
INFO:root:elite fitness: 0.34922000000000003
INFO:root:Generation: 109
INFO:root:pop fitness: 0.18694000000000002
INFO:root:elite fitness: 0.33464000000000005
INFO:root:Generation: 125
INFO:root:pop fitness: 0.20327
INFO:root:elite fitness: 0.34245999999999993
INFO:root:Generation: 111
INFO:root:pop fitness: 0.18983999999999998
INFO:root:elite fitness: 0.33076
INFO:root:Generation: 110
INFO:root:pop fitness: 0.18113999999999997
INFO:root:elite fitness: 0.3364599999999999
INFO:root:Generation: 117
INFO:root:pop fitness: 0.16549000000000003
INFO:root:elite fitness: 0.32726
INFO:root:Generation: 126
INFO:root:pop fitness: 0.19126000000000004
INFO:root:elite fitness: 0.35564
INFO:root:Generation: 111
INFO:root:pop fitness: 0.18782999999999997
INFO:root:elite fitness: 0.3461000000000001
INFO:root:Generation: 127
INFO:root:pop fitness: 0.18947
INFO:root:elite fitness: 0.31764
INFO:root:Generation: 112
INFO:root:pop fitness: 0.18648999999999996
INFO:root:elite fitness: 0.3293200000000001
INFO:root:Generation: 118
INFO:root:pop fitness: 0.16424000000000002
INFO:root:elite fitness: 0.30008
INFO:root:Generation: 128
INFO:root:pop fitness: 0.18829000000000004
INFO:root:elite fitness: 0.33564000000000005
INFO:root:Generation: 112
INFO:root:pop fitness: 0.18874
INFO:root:elite fitness: 0.33880000000000005
INFO:root:Generation: 129
INFO:root:pop fitness: 0.19264000000000003
INFO:root:elite fitness: 0.33899999999999997
INFO:root:Generation: 113
INFO:root:pop fitness: 0.1848
INFO:root:elite fitness: 0.32809999999999995
INFO:root:Generation: 113
INFO:root:pop fitness: 0.19306
INFO:root:elite fitness: 0.3488
INFO:root:Generation: 119
INFO:root:pop fitness: 0.17382
INFO:root:elite fitness: 0.3475000000000001
INFO:root:Generation: 130
INFO:root:pop fitness: 0.18092000000000005
INFO:root:elite fitness: 0.3835
INFO:root:Generation: 131
INFO:root:pop fitness: 0.19396000000000002
INFO:root:elite fitness: 0.33512000000000003
INFO:root:Generation: 114
INFO:root:pop fitness: 0.17538
INFO:root:elite fitness: 0.3398599999999999
INFO:root:Generation: 132
INFO:root:pop fitness: 0.19422000000000003
INFO:root:elite fitness: 0.33806
INFO:root:Generation: 115
INFO:root:pop fitness: 0.19041999999999998
INFO:root:elite fitness: 0.35436
INFO:root:Generation: 120
INFO:root:pop fitness: 0.17202
INFO:root:elite fitness: 0.31561999999999996
INFO:root:Generation: 114
INFO:root:pop fitness: 0.19452000000000003
INFO:root:elite fitness: 0.36026
INFO:root:Generation: 133
INFO:root:pop fitness: 0.18596999999999994
INFO:root:elite fitness: 0.32031999999999994
INFO:root:Generation: 116
INFO:root:pop fitness: 0.18674000000000002
INFO:root:elite fitness: 0.34979999999999994
INFO:root:Generation: 134
INFO:root:pop fitness: 0.20484
INFO:root:elite fitness: 0.35712000000000005
INFO:root:Generation: 121
INFO:root:pop fitness: 0.17048000000000002
INFO:root:elite fitness: 0.35174
INFO:root:Generation: 117
INFO:root:pop fitness: 0.18677
INFO:root:elite fitness: 0.33366
INFO:root:Generation: 135
INFO:root:pop fitness: 0.20362000000000005
INFO:root:elite fitness: 0.38219999999999993
INFO:root:Generation: 115
INFO:root:pop fitness: 0.18686999999999998
INFO:root:elite fitness: 0.33677999999999997
INFO:root:Generation: 118
INFO:root:pop fitness: 0.18606999999999999
INFO:root:elite fitness: 0.32242000000000004
INFO:root:Generation: 136
INFO:root:pop fitness: 0.19271000000000005
INFO:root:elite fitness: 0.35798
INFO:root:Generation: 122
INFO:root:pop fitness: 0.16861
INFO:root:elite fitness: 0.30618
INFO:root:Generation: 119
INFO:root:pop fitness: 0.1820100000000001
INFO:root:elite fitness: 0.30868
INFO:root:Generation: 137
INFO:root:pop fitness: 0.19014000000000003
INFO:root:elite fitness: 0.35338
INFO:root:Generation: 116
INFO:root:pop fitness: 0.20616
INFO:root:elite fitness: 0.33915999999999996
INFO:root:Generation: 120
INFO:root:pop fitness: 0.19164
INFO:root:elite fitness: 0.31988000000000005
INFO:root:Generation: 138
INFO:root:pop fitness: 0.19577000000000006
INFO:root:elite fitness: 0.34301999999999994
INFO:root:Generation: 123
INFO:root:pop fitness: 0.14965
INFO:root:elite fitness: 0.30998000000000003
INFO:root:Generation: 139
INFO:root:pop fitness: 0.20118000000000003
INFO:root:elite fitness: 0.35216000000000003
INFO:root:Generation: 140
INFO:root:pop fitness: 0.20131000000000004
INFO:root:elite fitness: 0.36066
INFO:root:Generation: 117
INFO:root:pop fitness: 0.19973
INFO:root:elite fitness: 0.32671999999999995
INFO:root:Generation: 121
INFO:root:pop fitness: 0.18631
INFO:root:elite fitness: 0.33655999999999997
INFO:root:Generation: 124
INFO:root:pop fitness: 0.1758
INFO:root:elite fitness: 0.30158000000000007
INFO:root:Generation: 122
INFO:root:pop fitness: 0.18944
INFO:root:elite fitness: 0.32048000000000004
INFO:root:Generation: 118
INFO:root:pop fitness: 0.18324
INFO:root:elite fitness: 0.32525999999999994
INFO:root:Generation: 125
INFO:root:pop fitness: 0.16704
INFO:root:elite fitness: 0.3390000000000001
INFO:root:Generation: 141
INFO:root:pop fitness: 0.18843000000000004
INFO:root:elite fitness: 0.33047999999999994
INFO:root:Generation: 123
INFO:root:pop fitness: 0.19760999999999998
INFO:root:elite fitness: 0.35178
INFO:root:Generation: 142
INFO:root:pop fitness: 0.19622000000000003
INFO:root:elite fitness: 0.30632
INFO:root:Generation: 124
INFO:root:pop fitness: 0.19081
INFO:root:elite fitness: 0.33623999999999993
INFO:root:Generation: 126
INFO:root:pop fitness: 0.16512000000000002
INFO:root:elite fitness: 0.3487199999999999
INFO:root:Generation: 119
INFO:root:pop fitness: 0.18133
INFO:root:elite fitness: 0.32982000000000006
INFO:root:Generation: 125
INFO:root:pop fitness: 0.19023
INFO:root:elite fitness: 0.35618
INFO:root:Generation: 143
INFO:root:pop fitness: 0.20655000000000004
INFO:root:elite fitness: 0.34722000000000003
INFO:root:Generation: 126
INFO:root:pop fitness: 0.18732999999999997
INFO:root:elite fitness: 0.34325999999999995
INFO:root:Generation: 127
INFO:root:pop fitness: 0.17817
INFO:root:elite fitness: 0.35432
INFO:root:Generation: 144
INFO:root:pop fitness: 0.20715000000000003
INFO:root:elite fitness: 0.3509999999999999
INFO:root:Generation: 120
INFO:root:pop fitness: 0.17958
INFO:root:elite fitness: 0.36275999999999997
INFO:root:Generation: 127
INFO:root:pop fitness: 0.19144000000000005
INFO:root:elite fitness: 0.33692
INFO:root:Generation: 145
INFO:root:pop fitness: 0.19501000000000004
INFO:root:elite fitness: 0.32001999999999997
INFO:root:Generation: 128
INFO:root:pop fitness: 0.17303999999999997
INFO:root:elite fitness: 0.31701999999999997
INFO:root:Generation: 121
INFO:root:pop fitness: 0.17719
INFO:root:elite fitness: 0.3196
INFO:root:Generation: 128
INFO:root:pop fitness: 0.19030999999999995
INFO:root:elite fitness: 0.32567999999999997
INFO:root:Generation: 146
INFO:root:pop fitness: 0.20478
INFO:root:elite fitness: 0.35052
INFO:root:Generation: 129
INFO:root:pop fitness: 0.19052999999999998
INFO:root:elite fitness: 0.3233
INFO:root:Generation: 129
INFO:root:pop fitness: 0.16415000000000002
INFO:root:elite fitness: 0.31974
INFO:root:Generation: 122
INFO:root:pop fitness: 0.1938
INFO:root:elite fitness: 0.34714000000000006
INFO:root:Generation: 130
INFO:root:pop fitness: 0.19667
INFO:root:elite fitness: 0.33204
INFO:root:Generation: 131
INFO:root:pop fitness: 0.18057
INFO:root:elite fitness: 0.32348
INFO:root:Generation: 130
INFO:root:pop fitness: 0.17593
INFO:root:elite fitness: 0.32566
INFO:root:Generation: 147
INFO:root:pop fitness: 0.19117000000000003
INFO:root:elite fitness: 0.35076
INFO:root:Generation: 123
INFO:root:pop fitness: 0.17622000000000004
INFO:root:elite fitness: 0.33962
INFO:root:Generation: 132
INFO:root:pop fitness: 0.17670000000000002
INFO:root:elite fitness: 0.30472000000000005
INFO:root:Generation: 133
INFO:root:pop fitness: 0.16899
INFO:root:elite fitness: 0.33164
INFO:root:Generation: 131
INFO:root:pop fitness: 0.17869
INFO:root:elite fitness: 0.3468
INFO:root:Generation: 134
INFO:root:pop fitness: 0.18733
INFO:root:elite fitness: 0.33277999999999996
INFO:root:Generation: 124
INFO:root:pop fitness: 0.18945000000000004
INFO:root:elite fitness: 0.35257999999999995
INFO:root:Generation: 135
INFO:root:pop fitness: 0.18636000000000003
INFO:root:elite fitness: 0.33854
INFO:root:Generation: 132
INFO:root:pop fitness: 0.1793
INFO:root:elite fitness: 0.34940000000000004
INFO:root:Generation: 148
INFO:root:pop fitness: 0.20414000000000004
INFO:root:elite fitness: 0.35438
INFO:root:Generation: 136
INFO:root:pop fitness: 0.19607999999999998
INFO:root:elite fitness: 0.36134
INFO:root:Generation: 125
INFO:root:pop fitness: 0.17069000000000004
INFO:root:elite fitness: 0.30322000000000005
INFO:root:Generation: 137
INFO:root:pop fitness: 0.19551
INFO:root:elite fitness: 0.32794000000000006
INFO:root:Generation: 133
INFO:root:pop fitness: 0.18741999999999998
INFO:root:elite fitness: 0.34822000000000003
INFO:root:Generation: 149
INFO:root:pop fitness: 0.19701000000000002
INFO:root:elite fitness: 0.36156
INFO:root:Generation: 126
INFO:root:pop fitness: 0.17697000000000002
INFO:root:elite fitness: 0.31912
INFO:root:Generation: 138
INFO:root:pop fitness: 0.20065000000000002
INFO:root:elite fitness: 0.3484399999999999
INFO:root:Generation: 150
INFO:root:pop fitness: 0.1912
INFO:root:elite fitness: 0.3486800000000001
INFO:root:Generation: 134
INFO:root:pop fitness: 0.18041000000000001
INFO:root:elite fitness: 0.32734
INFO:root:Generation: 151
INFO:root:pop fitness: 0.20401
INFO:root:elite fitness: 0.35578
INFO:root:Generation: 127
INFO:root:pop fitness: 0.17817
INFO:root:elite fitness: 0.29404
INFO:root:Generation: 135
INFO:root:pop fitness: 0.18073999999999998
INFO:root:elite fitness: 0.36284
INFO:root:Generation: 152
INFO:root:pop fitness: 0.19647999999999996
INFO:root:elite fitness: 0.32078
INFO:root:Generation: 139
INFO:root:pop fitness: 0.19158
INFO:root:elite fitness: 0.34352000000000005
INFO:root:Generation: 153
INFO:root:pop fitness: 0.19701000000000002
INFO:root:elite fitness: 0.32891999999999993
INFO:root:Generation: 136
INFO:root:pop fitness: 0.17828000000000002
INFO:root:elite fitness: 0.34918000000000005
INFO:root:Generation: 154
INFO:root:pop fitness: 0.19756999999999994
INFO:root:elite fitness: 0.34007999999999994
INFO:root:Generation: 140
INFO:root:pop fitness: 0.19298000000000004
INFO:root:elite fitness: 0.32898000000000005
INFO:root:Generation: 128
INFO:root:pop fitness: 0.18716000000000002
INFO:root:elite fitness: 0.31622
INFO:root:Generation: 155
INFO:root:pop fitness: 0.19495
INFO:root:elite fitness: 0.32861999999999997
INFO:root:Generation: 141
INFO:root:pop fitness: 0.19755999999999996
INFO:root:elite fitness: 0.3619799999999999
INFO:root:Generation: 137
INFO:root:pop fitness: 0.17578
INFO:root:elite fitness: 0.32216
INFO:root:Generation: 142
INFO:root:pop fitness: 0.20834
INFO:root:elite fitness: 0.35058
INFO:root:Generation: 129
INFO:root:pop fitness: 0.18251000000000006
INFO:root:elite fitness: 0.31154
INFO:root:Generation: 138
INFO:root:pop fitness: 0.17859999999999998
INFO:root:elite fitness: 0.32798
INFO:root:Generation: 130
INFO:root:pop fitness: 0.18949000000000002
INFO:root:elite fitness: 0.34565999999999997
INFO:root:Generation: 156
INFO:root:pop fitness: 0.19080000000000003
INFO:root:elite fitness: 0.31889999999999996
INFO:root:Generation: 143
INFO:root:pop fitness: 0.19641999999999998
INFO:root:elite fitness: 0.35036
INFO:root:Generation: 139
INFO:root:pop fitness: 0.17907000000000003
INFO:root:elite fitness: 0.35292
INFO:root:Generation: 157
INFO:root:pop fitness: 0.20828
INFO:root:elite fitness: 0.37473999999999996
INFO:root:Generation: 131
INFO:root:pop fitness: 0.17671
INFO:root:elite fitness: 0.30844
INFO:root:Generation: 144
INFO:root:pop fitness: 0.19514000000000004
INFO:root:elite fitness: 0.3478
INFO:root:Generation: 158
INFO:root:pop fitness: 0.19261
INFO:root:elite fitness: 0.31126000000000004
INFO:root:Generation: 140
INFO:root:pop fitness: 0.18688
INFO:root:elite fitness: 0.33885999999999994
INFO:root:Generation: 159
INFO:root:pop fitness: 0.18699000000000005
INFO:root:elite fitness: 0.37072000000000005
INFO:root:Generation: 160
INFO:root:pop fitness: 0.18034
INFO:root:elite fitness: 0.309
INFO:root:Generation: 145
INFO:root:pop fitness: 0.18774999999999997
INFO:root:elite fitness: 0.33562
INFO:root:Generation: 132
INFO:root:pop fitness: 0.17525
INFO:root:elite fitness: 0.31886
INFO:root:Generation: 141
INFO:root:pop fitness: 0.17503000000000005
INFO:root:elite fitness: 0.32675999999999994
INFO:root:Generation: 161
INFO:root:pop fitness: 0.20590000000000003
INFO:root:elite fitness: 0.36357999999999996
INFO:root:Generation: 133
INFO:root:pop fitness: 0.18025
INFO:root:elite fitness: 0.32576
INFO:root:Generation: 142
INFO:root:pop fitness: 0.18096
INFO:root:elite fitness: 0.35446
INFO:root:Generation: 162
INFO:root:pop fitness: 0.19772999999999996
INFO:root:elite fitness: 0.35774
INFO:root:Generation: 146
INFO:root:pop fitness: 0.18758
INFO:root:elite fitness: 0.31902
INFO:root:Generation: 134
INFO:root:pop fitness: 0.18575000000000003
INFO:root:elite fitness: 0.32520000000000004
INFO:root:Generation: 163
INFO:root:pop fitness: 0.21354000000000006
INFO:root:elite fitness: 0.35302000000000006
INFO:root:Generation: 143
INFO:root:pop fitness: 0.17247
INFO:root:elite fitness: 0.31420000000000003
INFO:root:Generation: 135
INFO:root:pop fitness: 0.19224
INFO:root:elite fitness: 0.33634000000000003
INFO:root:Generation: 164
INFO:root:pop fitness: 0.19100999999999999
INFO:root:elite fitness: 0.3497200000000001
INFO:root:Generation: 144
INFO:root:pop fitness: 0.17964
INFO:root:elite fitness: 0.34006000000000003
INFO:root:Generation: 165
INFO:root:pop fitness: 0.18662000000000004
INFO:root:elite fitness: 0.32193999999999995
INFO:root:Generation: 136
INFO:root:pop fitness: 0.19657999999999998
INFO:root:elite fitness: 0.35735999999999996
INFO:root:Generation: 166
INFO:root:pop fitness: 0.18738000000000007
INFO:root:elite fitness: 0.32949999999999996
INFO:root:Generation: 145
INFO:root:pop fitness: 0.17738000000000004
INFO:root:elite fitness: 0.37027999999999994
INFO:root:Generation: 147
INFO:root:pop fitness: 0.19736999999999993
INFO:root:elite fitness: 0.32297999999999993
INFO:root:Generation: 167
INFO:root:pop fitness: 0.18910000000000007
INFO:root:elite fitness: 0.34168
INFO:root:Generation: 137
INFO:root:pop fitness: 0.20205000000000006
INFO:root:elite fitness: 0.3647999999999999
INFO:root:Generation: 168
INFO:root:pop fitness: 0.17846
INFO:root:elite fitness: 0.34099999999999997
INFO:root:Generation: 146
INFO:root:pop fitness: 0.18308999999999997
INFO:root:elite fitness: 0.32866
INFO:root:Generation: 169
INFO:root:pop fitness: 0.19368
INFO:root:elite fitness: 0.39099999999999996
INFO:root:Generation: 138
INFO:root:pop fitness: 0.1894
INFO:root:elite fitness: 0.31222
INFO:root:Generation: 170
INFO:root:pop fitness: 0.19305000000000003
INFO:root:elite fitness: 0.35681999999999997
INFO:root:Generation: 147
INFO:root:pop fitness: 0.17532
INFO:root:elite fitness: 0.33902
INFO:root:Generation: 171
INFO:root:pop fitness: 0.19228000000000006
INFO:root:elite fitness: 0.35501999999999995
INFO:root:Generation: 148
INFO:root:pop fitness: 0.20098999999999997
INFO:root:elite fitness: 0.36666
INFO:root:Generation: 139
INFO:root:pop fitness: 0.18687000000000004
INFO:root:elite fitness: 0.34152
INFO:root:Generation: 172
INFO:root:pop fitness: 0.20789
INFO:root:elite fitness: 0.37082
INFO:root:Generation: 173
INFO:root:pop fitness: 0.18564
INFO:root:elite fitness: 0.33143999999999996
INFO:root:Generation: 148
INFO:root:pop fitness: 0.19025000000000003
INFO:root:elite fitness: 0.35078000000000004
INFO:root:Generation: 140
INFO:root:pop fitness: 0.20262000000000005
INFO:root:elite fitness: 0.36074
INFO:root:Generation: 174
INFO:root:pop fitness: 0.19929000000000005
INFO:root:elite fitness: 0.37079999999999996
INFO:root:Generation: 149
INFO:root:pop fitness: 0.19717
INFO:root:elite fitness: 0.37728
INFO:root:Generation: 175
INFO:root:pop fitness: 0.20652
INFO:root:elite fitness: 0.37028
INFO:root:Generation: 149
INFO:root:pop fitness: 0.18492
INFO:root:elite fitness: 0.3669
INFO:root:Generation: 150
INFO:root:pop fitness: 0.19812000000000002
INFO:root:elite fitness: 0.32076
INFO:root:Generation: 176
INFO:root:pop fitness: 0.19408999999999996
INFO:root:elite fitness: 0.34154
INFO:root:Generation: 141
INFO:root:pop fitness: 0.18502000000000002
INFO:root:elite fitness: 0.30634
INFO:root:Generation: 177
INFO:root:pop fitness: 0.19778
INFO:root:elite fitness: 0.35894
INFO:root:Generation: 151
INFO:root:pop fitness: 0.19766999999999998
INFO:root:elite fitness: 0.32712
INFO:root:Generation: 150
INFO:root:pop fitness: 0.19275000000000003
INFO:root:elite fitness: 0.36134000000000005
INFO:root:Generation: 152
INFO:root:pop fitness: 0.20525000000000002
INFO:root:elite fitness: 0.37018
INFO:root:Generation: 178
INFO:root:pop fitness: 0.19700999999999996
INFO:root:elite fitness: 0.3422
INFO:root:Generation: 153
INFO:root:pop fitness: 0.18813000000000005
INFO:root:elite fitness: 0.32005999999999996
INFO:root:Generation: 179
INFO:root:pop fitness: 0.19699000000000003
INFO:root:elite fitness: 0.33758000000000005
INFO:root:Generation: 142
INFO:root:pop fitness: 0.18389000000000003
INFO:root:elite fitness: 0.32303999999999994
INFO:root:Generation: 180
INFO:root:pop fitness: 0.21646
INFO:root:elite fitness: 0.37358
INFO:root:Generation: 154
INFO:root:pop fitness: 0.20751
INFO:root:elite fitness: 0.35094000000000003
INFO:root:Generation: 151
INFO:root:pop fitness: 0.17807000000000003
INFO:root:elite fitness: 0.34212
INFO:root:Generation: 155
INFO:root:pop fitness: 0.20561999999999997
INFO:root:elite fitness: 0.37662
INFO:root:Generation: 143
INFO:root:pop fitness: 0.18454
INFO:root:elite fitness: 0.3337599999999999
INFO:root:Generation: 181
INFO:root:pop fitness: 0.20195
INFO:root:elite fitness: 0.34730000000000005
INFO:root:Generation: 156
INFO:root:pop fitness: 0.20376000000000005
INFO:root:elite fitness: 0.35304
INFO:root:Generation: 182
INFO:root:pop fitness: 0.21397000000000002
INFO:root:elite fitness: 0.36892
INFO:root:Generation: 152
INFO:root:pop fitness: 0.1892
INFO:root:elite fitness: 0.35344000000000003
INFO:root:Generation: 144
INFO:root:pop fitness: 0.19309999999999994
INFO:root:elite fitness: 0.3364599999999999
INFO:root:Generation: 157
INFO:root:pop fitness: 0.19835000000000005
INFO:root:elite fitness: 0.34134
INFO:root:Generation: 183
INFO:root:pop fitness: 0.19054
INFO:root:elite fitness: 0.33152000000000004
INFO:root:Generation: 153
INFO:root:pop fitness: 0.17827
INFO:root:elite fitness: 0.33815999999999996
INFO:root:Generation: 158
INFO:root:pop fitness: 0.19170999999999996
INFO:root:elite fitness: 0.36891999999999997
INFO:root:Generation: 184
INFO:root:pop fitness: 0.19301000000000001
INFO:root:elite fitness: 0.34506
INFO:root:Generation: 145
INFO:root:pop fitness: 0.19094
INFO:root:elite fitness: 0.33931999999999995
INFO:root:Generation: 159
INFO:root:pop fitness: 0.19898
INFO:root:elite fitness: 0.34018
INFO:root:Generation: 185
INFO:root:pop fitness: 0.19509999999999997
INFO:root:elite fitness: 0.33432
INFO:root:Generation: 154
INFO:root:pop fitness: 0.19580000000000003
INFO:root:elite fitness: 0.34515999999999997
INFO:root:Generation: 186
INFO:root:pop fitness: 0.20026000000000002
INFO:root:elite fitness: 0.34245999999999993
INFO:root:Generation: 160
INFO:root:pop fitness: 0.18605
INFO:root:elite fitness: 0.33604
INFO:root:Generation: 146
INFO:root:pop fitness: 0.18979999999999997
INFO:root:elite fitness: 0.32918
INFO:root:Generation: 187
INFO:root:pop fitness: 0.21541999999999997
INFO:root:elite fitness: 0.37442
INFO:root:Generation: 161
INFO:root:pop fitness: 0.18369999999999997
INFO:root:elite fitness: 0.31808
INFO:root:Generation: 155
INFO:root:pop fitness: 0.18198
INFO:root:elite fitness: 0.33814
INFO:root:Generation: 188
INFO:root:pop fitness: 0.19633000000000003
INFO:root:elite fitness: 0.34832
INFO:root:Generation: 162
INFO:root:pop fitness: 0.19247
INFO:root:elite fitness: 0.33968
INFO:root:Generation: 189
INFO:root:pop fitness: 0.19527999999999998
INFO:root:elite fitness: 0.32783999999999996
INFO:root:Generation: 147
INFO:root:pop fitness: 0.18383000000000002
INFO:root:elite fitness: 0.34108
INFO:root:Generation: 156
INFO:root:pop fitness: 0.19416999999999998
INFO:root:elite fitness: 0.32439999999999997
INFO:root:Generation: 190
INFO:root:pop fitness: 0.20092000000000002
INFO:root:elite fitness: 0.3507
INFO:root:Generation: 191
INFO:root:pop fitness: 0.20227
INFO:root:elite fitness: 0.34403999999999996
INFO:root:Generation: 148
INFO:root:pop fitness: 0.18167000000000003
INFO:root:elite fitness: 0.31738
INFO:root:Generation: 192
INFO:root:pop fitness: 0.21406000000000003
INFO:root:elite fitness: 0.37468
INFO:root:Generation: 157
INFO:root:pop fitness: 0.19134000000000004
INFO:root:elite fitness: 0.3563
INFO:root:Generation: 163
INFO:root:pop fitness: 0.18991999999999998
INFO:root:elite fitness: 0.35312
INFO:root:Generation: 193
INFO:root:pop fitness: 0.21438000000000001
INFO:root:elite fitness: 0.36074
INFO:root:Generation: 149
INFO:root:pop fitness: 0.18098999999999996
INFO:root:elite fitness: 0.34254000000000007
INFO:root:Generation: 164
INFO:root:pop fitness: 0.19211999999999996
INFO:root:elite fitness: 0.33974000000000004
INFO:root:Generation: 158
INFO:root:pop fitness: 0.19369
INFO:root:elite fitness: 0.35373999999999994
INFO:root:Generation: 194
INFO:root:pop fitness: 0.2168
INFO:root:elite fitness: 0.3879600000000001
INFO:root:Generation: 150
INFO:root:pop fitness: 0.17346
INFO:root:elite fitness: 0.30639999999999995
INFO:root:Generation: 165
INFO:root:pop fitness: 0.20058
INFO:root:elite fitness: 0.34278
INFO:root:Generation: 159
INFO:root:pop fitness: 0.18008000000000007
INFO:root:elite fitness: 0.33147999999999994
INFO:root:Generation: 166
INFO:root:pop fitness: 0.19029
INFO:root:elite fitness: 0.37538
INFO:root:Generation: 195
INFO:root:pop fitness: 0.20406
INFO:root:elite fitness: 0.35326
INFO:root:Generation: 151
INFO:root:pop fitness: 0.17713
INFO:root:elite fitness: 0.31736000000000003
INFO:root:Generation: 167
INFO:root:pop fitness: 0.19533
INFO:root:elite fitness: 0.34224
INFO:root:Generation: 160
INFO:root:pop fitness: 0.17885
INFO:root:elite fitness: 0.33681999999999995
INFO:root:Generation: 152
INFO:root:pop fitness: 0.17971000000000004
INFO:root:elite fitness: 0.33641999999999994
INFO:root:Generation: 168
INFO:root:pop fitness: 0.20771000000000003
INFO:root:elite fitness: 0.3846
INFO:root:Generation: 161
INFO:root:pop fitness: 0.18265
INFO:root:elite fitness: 0.36368
INFO:root:Generation: 196
INFO:root:pop fitness: 0.19071000000000002
INFO:root:elite fitness: 0.31456
INFO:root:Generation: 153
INFO:root:pop fitness: 0.19274000000000005
INFO:root:elite fitness: 0.33746000000000004
INFO:root:Generation: 197
INFO:root:pop fitness: 0.2029
INFO:root:elite fitness: 0.33214000000000005
INFO:root:Generation: 162
INFO:root:pop fitness: 0.18732999999999997
INFO:root:elite fitness: 0.35899999999999993
INFO:root:Generation: 198
INFO:root:pop fitness: 0.21009
INFO:root:elite fitness: 0.35822
INFO:root:Generation: 154
INFO:root:pop fitness: 0.17806
INFO:root:elite fitness: 0.30235999999999996
INFO:root:Generation: 169
INFO:root:pop fitness: 0.20362999999999995
INFO:root:elite fitness: 0.34503999999999996
INFO:root:Generation: 199
INFO:root:pop fitness: 0.19806
INFO:root:elite fitness: 0.3859
INFO:root:Generation: 163
INFO:root:pop fitness: 0.18533000000000005
INFO:root:elite fitness: 0.3337399999999999
INFO:root:Generation: 155
INFO:root:pop fitness: 0.19980000000000003
INFO:root:elite fitness: 0.35147999999999996
INFO:root:Generation: 170
INFO:root:pop fitness: 0.19785999999999998
INFO:root:elite fitness: 0.34118000000000004
INFO:root:Generation: 164
INFO:root:pop fitness: 0.19370000000000004
INFO:root:elite fitness: 0.35678000000000004
INFO:root:Generation: 156
INFO:root:pop fitness: 0.18244000000000005
INFO:root:elite fitness: 0.34032
INFO:root:Generation: 171
INFO:root:pop fitness: 0.19183999999999998
INFO:root:elite fitness: 0.33348
INFO:root:Generation: 165
INFO:root:pop fitness: 0.18035000000000004
INFO:root:elite fitness: 0.34254000000000007
INFO:root:Generation: 157
INFO:root:pop fitness: 0.19161
INFO:root:elite fitness: 0.33104
INFO:root:Generation: 172
INFO:root:pop fitness: 0.18558999999999998
INFO:root:elite fitness: 0.34824000000000005
INFO:root:Generation: 166
INFO:root:pop fitness: 0.19094
INFO:root:elite fitness: 0.3659799999999999
INFO:root:Generation: 173
INFO:root:pop fitness: 0.17587000000000003
INFO:root:elite fitness: 0.32516000000000006
INFO:root:Generation: 158
INFO:root:pop fitness: 0.16653
INFO:root:elite fitness: 0.29626
INFO:root:Generation: 174
INFO:root:pop fitness: 0.2079
INFO:root:elite fitness: 0.3644
INFO:root:Generation: 167
INFO:root:pop fitness: 0.17977000000000004
INFO:root:elite fitness: 0.34112000000000003
INFO:root:Generation: 175
INFO:root:pop fitness: 0.19494
INFO:root:elite fitness: 0.33482
INFO:root:Generation: 159
INFO:root:pop fitness: 0.17076000000000005
INFO:root:elite fitness: 0.32444
INFO:root:Generation: 176
INFO:root:pop fitness: 0.18559
INFO:root:elite fitness: 0.3422200000000001
INFO:root:Generation: 168
INFO:root:pop fitness: 0.18137
INFO:root:elite fitness: 0.33270000000000005
INFO:root:Generation: 177
INFO:root:pop fitness: 0.18525
INFO:root:elite fitness: 0.33502000000000004
INFO:root:Generation: 160
INFO:root:pop fitness: 0.16993000000000005
INFO:root:elite fitness: 0.32189999999999996
INFO:root:Generation: 178
INFO:root:pop fitness: 0.19704999999999998
INFO:root:elite fitness: 0.3397
INFO:root:Generation: 169
INFO:root:pop fitness: 0.17983000000000002
INFO:root:elite fitness: 0.30426000000000003
INFO:root:Generation: 179
INFO:root:pop fitness: 0.19919
INFO:root:elite fitness: 0.36254
INFO:root:Generation: 161
INFO:root:pop fitness: 0.17611000000000002
INFO:root:elite fitness: 0.31183999999999995
INFO:root:Generation: 170
INFO:root:pop fitness: 0.17021
INFO:root:elite fitness: 0.33990000000000004
INFO:root:Generation: 180
INFO:root:pop fitness: 0.20464000000000002
INFO:root:elite fitness: 0.36568000000000006
INFO:root:Generation: 181
INFO:root:pop fitness: 0.18434000000000006
INFO:root:elite fitness: 0.34120000000000006
INFO:root:Generation: 162
INFO:root:pop fitness: 0.19575999999999996
INFO:root:elite fitness: 0.3787
INFO:root:Generation: 171
INFO:root:pop fitness: 0.18172999999999997
INFO:root:elite fitness: 0.32004
INFO:root:Generation: 182
INFO:root:pop fitness: 0.19052
INFO:root:elite fitness: 0.34696
INFO:root:Generation: 183
INFO:root:pop fitness: 0.19000000000000003
INFO:root:elite fitness: 0.33692
INFO:root:Generation: 163
INFO:root:pop fitness: 0.17743000000000006
INFO:root:elite fitness: 0.32409999999999994
INFO:root:Generation: 172
INFO:root:pop fitness: 0.18412999999999996
INFO:root:elite fitness: 0.36430000000000007
INFO:root:Generation: 184
INFO:root:pop fitness: 0.20085999999999998
INFO:root:elite fitness: 0.36324
INFO:root:Generation: 164
INFO:root:pop fitness: 0.17232
INFO:root:elite fitness: 0.33909999999999996
INFO:root:Generation: 185
INFO:root:pop fitness: 0.19331000000000004
INFO:root:elite fitness: 0.3583199999999999
INFO:root:Generation: 173
INFO:root:pop fitness: 0.18129000000000006
INFO:root:elite fitness: 0.3651
INFO:root:Generation: 186
INFO:root:pop fitness: 0.2
INFO:root:elite fitness: 0.3453399999999999
INFO:root:Generation: 165
INFO:root:pop fitness: 0.18578
INFO:root:elite fitness: 0.32576000000000005
INFO:root:Generation: 187
INFO:root:pop fitness: 0.19141000000000002
INFO:root:elite fitness: 0.32514
INFO:root:Generation: 174
INFO:root:pop fitness: 0.18144000000000002
INFO:root:elite fitness: 0.37566000000000005
INFO:root:Generation: 188
INFO:root:pop fitness: 0.18399000000000001
INFO:root:elite fitness: 0.3472199999999999
INFO:root:Generation: 189
INFO:root:pop fitness: 0.18267999999999998
INFO:root:elite fitness: 0.3230800000000001
INFO:root:Generation: 175
INFO:root:pop fitness: 0.18008
INFO:root:elite fitness: 0.32702
INFO:root:Generation: 166
INFO:root:pop fitness: 0.16524999999999998
INFO:root:elite fitness: 0.31988
INFO:root:Generation: 190
INFO:root:pop fitness: 0.20629999999999998
INFO:root:elite fitness: 0.35125999999999996
INFO:root:Generation: 191
INFO:root:pop fitness: 0.19541
INFO:root:elite fitness: 0.3161
INFO:root:Generation: 167
INFO:root:pop fitness: 0.18554
INFO:root:elite fitness: 0.30542
INFO:root:Generation: 176
INFO:root:pop fitness: 0.17422
INFO:root:elite fitness: 0.30574
INFO:root:Generation: 192
INFO:root:pop fitness: 0.18433
INFO:root:elite fitness: 0.31952
INFO:root:Generation: 177
INFO:root:pop fitness: 0.17507999999999999
INFO:root:elite fitness: 0.30438
INFO:root:Generation: 193
INFO:root:pop fitness: 0.18425000000000005
INFO:root:elite fitness: 0.34216
INFO:root:Generation: 168
INFO:root:pop fitness: 0.16154
INFO:root:elite fitness: 0.30656
INFO:root:Generation: 194
INFO:root:pop fitness: 0.18197999999999998
INFO:root:elite fitness: 0.31674
INFO:root:Generation: 178
INFO:root:pop fitness: 0.17213
INFO:root:elite fitness: 0.30366
INFO:root:Generation: 169
INFO:root:pop fitness: 0.16215
INFO:root:elite fitness: 0.31516
INFO:root:Generation: 195
INFO:root:pop fitness: 0.17598
INFO:root:elite fitness: 0.3247
INFO:root:Generation: 179
INFO:root:pop fitness: 0.18653000000000003
INFO:root:elite fitness: 0.33513999999999994
INFO:root:Generation: 196
INFO:root:pop fitness: 0.17628999999999997
INFO:root:elite fitness: 0.35416
INFO:root:Generation: 170
INFO:root:pop fitness: 0.16307000000000002
INFO:root:elite fitness: 0.29203999999999997
INFO:root:Generation: 197
INFO:root:pop fitness: 0.19322999999999996
INFO:root:elite fitness: 0.33842000000000005
INFO:root:Generation: 180
INFO:root:pop fitness: 0.17979
INFO:root:elite fitness: 0.35104
INFO:root:Generation: 198
INFO:root:pop fitness: 0.18526
INFO:root:elite fitness: 0.32734
INFO:root:Generation: 171
INFO:root:pop fitness: 0.16945000000000005
INFO:root:elite fitness: 0.3232
INFO:root:Generation: 199
INFO:root:pop fitness: 0.18933
INFO:root:elite fitness: 0.3236
INFO:root:Generation: 181
INFO:root:pop fitness: 0.17939000000000005
INFO:root:elite fitness: 0.34574
INFO:root:Generation: 172
INFO:root:pop fitness: 0.16473
INFO:root:elite fitness: 0.29856
INFO:root:Generation: 182
INFO:root:pop fitness: 0.18326000000000003
INFO:root:elite fitness: 0.31848000000000004
INFO:root:Generation: 173
INFO:root:pop fitness: 0.16790999999999998
INFO:root:elite fitness: 0.29213999999999996
INFO:root:Generation: 183
INFO:root:pop fitness: 0.18017000000000002
INFO:root:elite fitness: 0.32252
INFO:root:Generation: 174
INFO:root:pop fitness: 0.16996000000000003
INFO:root:elite fitness: 0.30516
INFO:root:Generation: 184
INFO:root:pop fitness: 0.17733000000000004
INFO:root:elite fitness: 0.34072
INFO:root:Generation: 175
INFO:root:pop fitness: 0.16681
INFO:root:elite fitness: 0.32549999999999996
INFO:root:Generation: 185
INFO:root:pop fitness: 0.17919999999999997
INFO:root:elite fitness: 0.33376
INFO:root:Generation: 176
INFO:root:pop fitness: 0.16731000000000004
INFO:root:elite fitness: 0.30463999999999997
INFO:root:Generation: 186
INFO:root:pop fitness: 0.18127000000000001
INFO:root:elite fitness: 0.3632600000000001
INFO:root:Generation: 177
INFO:root:pop fitness: 0.17100000000000004
INFO:root:elite fitness: 0.30502
INFO:root:Generation: 187
INFO:root:pop fitness: 0.17569
INFO:root:elite fitness: 0.34915999999999997
INFO:root:Generation: 178
INFO:root:pop fitness: 0.14747
INFO:root:elite fitness: 0.26002000000000003
INFO:root:Generation: 188
INFO:root:pop fitness: 0.17509999999999998
INFO:root:elite fitness: 0.306
INFO:root:Generation: 179
INFO:root:pop fitness: 0.15709
INFO:root:elite fitness: 0.28314000000000006
INFO:root:Generation: 189
INFO:root:pop fitness: 0.16855000000000003
INFO:root:elite fitness: 0.31795999999999996
INFO:root:Generation: 180
INFO:root:pop fitness: 0.16615000000000002
INFO:root:elite fitness: 0.30834
INFO:root:Generation: 190
INFO:root:pop fitness: 0.17722
INFO:root:elite fitness: 0.34978000000000004
INFO:root:Generation: 181
INFO:root:pop fitness: 0.17886
INFO:root:elite fitness: 0.30779999999999996
INFO:root:Generation: 191
INFO:root:pop fitness: 0.17216
INFO:root:elite fitness: 0.34052
INFO:root:Generation: 182
INFO:root:pop fitness: 0.17600000000000005
INFO:root:elite fitness: 0.31096
INFO:root:Generation: 192
INFO:root:pop fitness: 0.18046000000000004
INFO:root:elite fitness: 0.32628000000000007
INFO:root:Generation: 183
INFO:root:pop fitness: 0.15966000000000002
INFO:root:elite fitness: 0.29090000000000005
INFO:root:Generation: 193
INFO:root:pop fitness: 0.17559999999999998
INFO:root:elite fitness: 0.33184
INFO:root:Generation: 184
INFO:root:pop fitness: 0.16014
INFO:root:elite fitness: 0.2957
INFO:root:Generation: 194
INFO:root:pop fitness: 0.18500000000000003
INFO:root:elite fitness: 0.34782
INFO:root:Generation: 185
INFO:root:pop fitness: 0.16201999999999997
INFO:root:elite fitness: 0.3151
INFO:root:Generation: 195
INFO:root:pop fitness: 0.17676000000000003
INFO:root:elite fitness: 0.35930000000000006
INFO:root:Generation: 186
INFO:root:pop fitness: 0.16085999999999998
INFO:root:elite fitness: 0.275
INFO:root:Generation: 196
INFO:root:pop fitness: 0.18211000000000002
INFO:root:elite fitness: 0.3438400000000001
INFO:root:Generation: 187
INFO:root:pop fitness: 0.16815000000000002
INFO:root:elite fitness: 0.31523999999999996
INFO:root:Generation: 197
INFO:root:pop fitness: 0.1796
INFO:root:elite fitness: 0.30682
INFO:root:Generation: 198
INFO:root:pop fitness: 0.18346999999999997
INFO:root:elite fitness: 0.34508000000000005
INFO:root:Generation: 188
INFO:root:pop fitness: 0.16535
INFO:root:elite fitness: 0.30302
INFO:root:Generation: 199
INFO:root:pop fitness: 0.18404999999999996
INFO:root:elite fitness: 0.34092000000000006
INFO:root:Generation: 189
INFO:root:pop fitness: 0.1648
INFO:root:elite fitness: 0.28356000000000003
INFO:root:Generation: 190
INFO:root:pop fitness: 0.16009
INFO:root:elite fitness: 0.28952
INFO:root:Generation: 191
INFO:root:pop fitness: 0.18508999999999998
INFO:root:elite fitness: 0.341
INFO:root:Generation: 192
INFO:root:pop fitness: 0.18367999999999998
INFO:root:elite fitness: 0.32432
INFO:root:Generation: 193
INFO:root:pop fitness: 0.18374000000000001
INFO:root:elite fitness: 0.31164000000000003
INFO:root:Generation: 194
INFO:root:pop fitness: 0.18874000000000002
INFO:root:elite fitness: 0.31332
INFO:root:Generation: 195
INFO:root:pop fitness: 0.17761000000000002
INFO:root:elite fitness: 0.30548
INFO:root:Generation: 196
INFO:root:pop fitness: 0.18759
INFO:root:elite fitness: 0.30638000000000004
INFO:root:Generation: 197
INFO:root:pop fitness: 0.19349
INFO:root:elite fitness: 0.31710000000000005
INFO:root:Generation: 198
INFO:root:pop fitness: 0.18871000000000002
INFO:root:elite fitness: 0.33415999999999996
INFO:root:Generation: 199
INFO:root:pop fitness: 0.17527999999999996
INFO:root:elite fitness: 0.30666
