INFO:root:run_master: Namespace(arms='10', hidden='8', layers='3', max_gen='200', message='', mutation_mag='0.01', name='resetEnv50_v2', noise=True, pop_size='150', save_result=True, trials='100')
INFO:root:run_master: Namespace(arms='10', hidden='8', layers='3', max_gen='200', message='', mutation_mag='0.01', name='resetEnv50_v2', noise=False, pop_size='150', save_result=True, trials='100')
INFO:root:Generation: 0
INFO:root:pop fitness: 0.10129333333333333
INFO:root:elite fitness: 0.11420000000000002
INFO:root:Generation: 0
INFO:root:pop fitness: 0.10012666666666666
INFO:root:elite fitness: 0.11317333333333333
INFO:root:Generation: 1
INFO:root:pop fitness: 0.09843333333333333
INFO:root:elite fitness: 0.11289333333333335
INFO:root:Generation: 1
INFO:root:pop fitness: 0.09930666666666665
INFO:root:elite fitness: 0.11208000000000001
INFO:root:Generation: 2
INFO:root:pop fitness: 0.09891999999999998
INFO:root:elite fitness: 0.11543999999999999
INFO:root:Generation: 2
INFO:root:pop fitness: 0.09931333333333332
INFO:root:elite fitness: 0.11618666666666665
INFO:root:Generation: 3
INFO:root:pop fitness: 0.09966666666666667
INFO:root:elite fitness: 0.11740000000000002
INFO:root:Generation: 3
INFO:root:pop fitness: 0.09961333333333333
INFO:root:elite fitness: 0.11714666666666666
INFO:root:Generation: 4
INFO:root:pop fitness: 0.09850666666666666
INFO:root:elite fitness: 0.11717333333333334
INFO:root:Generation: 4
INFO:root:pop fitness: 0.10214
INFO:root:elite fitness: 0.12161333333333334
INFO:root:Generation: 5
INFO:root:pop fitness: 0.09760666666666667
INFO:root:elite fitness: 0.12329333333333335
INFO:root:Generation: 5
INFO:root:pop fitness: 0.09849333333333332
INFO:root:elite fitness: 0.11977333333333331
INFO:root:Generation: 6
INFO:root:pop fitness: 0.10149999999999999
INFO:root:elite fitness: 0.12133333333333333
INFO:root:Generation: 6
INFO:root:pop fitness: 0.10024
INFO:root:elite fitness: 0.12141333333333336
INFO:root:Generation: 7
INFO:root:pop fitness: 0.1044
INFO:root:elite fitness: 0.13097333333333333
INFO:root:Generation: 7
INFO:root:pop fitness: 0.10306666666666665
INFO:root:elite fitness: 0.1380666666666667
INFO:root:Generation: 8
INFO:root:pop fitness: 0.10099999999999999
INFO:root:elite fitness: 0.12794666666666668
INFO:root:Generation: 8
INFO:root:pop fitness: 0.10063333333333332
INFO:root:elite fitness: 0.12752000000000002
INFO:root:Generation: 9
INFO:root:pop fitness: 0.1015
INFO:root:elite fitness: 0.13265333333333332
INFO:root:Generation: 9
INFO:root:pop fitness: 0.10030666666666667
INFO:root:elite fitness: 0.13951999999999998
INFO:root:Generation: 10
INFO:root:pop fitness: 0.10093999999999999
INFO:root:elite fitness: 0.1362
INFO:root:Generation: 10
INFO:root:pop fitness: 0.09786666666666667
INFO:root:elite fitness: 0.13858666666666666
INFO:root:Generation: 11
INFO:root:pop fitness: 0.10490666666666668
INFO:root:elite fitness: 0.14233333333333334
INFO:root:Generation: 11
INFO:root:pop fitness: 0.10014
INFO:root:elite fitness: 0.1316
INFO:root:Generation: 12
INFO:root:pop fitness: 0.10256666666666667
INFO:root:elite fitness: 0.13432
INFO:root:Generation: 13
INFO:root:pop fitness: 0.1025
INFO:root:elite fitness: 0.14350666666666667
INFO:root:Generation: 12
INFO:root:pop fitness: 0.1009
INFO:root:elite fitness: 0.14109333333333335
INFO:root:Generation: 14
INFO:root:pop fitness: 0.10435333333333333
INFO:root:elite fitness: 0.15016000000000002
INFO:root:Generation: 13
INFO:root:pop fitness: 0.09789999999999999
INFO:root:elite fitness: 0.14473333333333332
INFO:root:Generation: 15
INFO:root:pop fitness: 0.10327333333333331
INFO:root:elite fitness: 0.13804000000000002
INFO:root:Generation: 14
INFO:root:pop fitness: 0.09965333333333333
INFO:root:elite fitness: 0.14034666666666665
INFO:root:Generation: 16
INFO:root:pop fitness: 0.10236666666666666
INFO:root:elite fitness: 0.14524000000000004
INFO:root:Generation: 15
INFO:root:pop fitness: 0.10633333333333334
INFO:root:elite fitness: 0.16399999999999998
INFO:root:Generation: 17
INFO:root:pop fitness: 0.10106
INFO:root:elite fitness: 0.14322666666666667
INFO:root:Generation: 16
INFO:root:pop fitness: 0.10677333333333332
INFO:root:elite fitness: 0.16312000000000004
INFO:root:Generation: 18
INFO:root:pop fitness: 0.10556666666666664
INFO:root:elite fitness: 0.1450666666666667
INFO:root:Generation: 17
INFO:root:pop fitness: 0.09911333333333334
INFO:root:elite fitness: 0.15638666666666667
INFO:root:Generation: 19
INFO:root:pop fitness: 0.10590666666666666
INFO:root:elite fitness: 0.15413333333333334
INFO:root:Generation: 18
INFO:root:pop fitness: 0.10436
INFO:root:elite fitness: 0.16277333333333333
INFO:root:Generation: 20
INFO:root:pop fitness: 0.10183333333333333
INFO:root:elite fitness: 0.14220000000000002
INFO:root:Generation: 19
INFO:root:pop fitness: 0.10161333333333333
INFO:root:elite fitness: 0.15370666666666669
INFO:root:Generation: 21
INFO:root:pop fitness: 0.10494666666666667
INFO:root:elite fitness: 0.16245333333333334
INFO:root:Generation: 20
INFO:root:pop fitness: 0.10165999999999999
INFO:root:elite fitness: 0.15714666666666668
INFO:root:Generation: 22
INFO:root:pop fitness: 0.10809333333333332
INFO:root:elite fitness: 0.1624533333333333
INFO:root:Generation: 21
INFO:root:pop fitness: 0.10941333333333332
INFO:root:elite fitness: 0.18033333333333335
INFO:root:Generation: 23
INFO:root:pop fitness: 0.10832666666666668
INFO:root:elite fitness: 0.1609733333333333
INFO:root:Generation: 24
INFO:root:pop fitness: 0.10888666666666667
INFO:root:elite fitness: 0.16816
INFO:root:Generation: 22
INFO:root:pop fitness: 0.10357333333333334
INFO:root:elite fitness: 0.16777333333333333
INFO:root:Generation: 25
INFO:root:pop fitness: 0.10616666666666667
INFO:root:elite fitness: 0.16937333333333332
INFO:root:Generation: 23
INFO:root:pop fitness: 0.10521333333333334
INFO:root:elite fitness: 0.16712
INFO:root:Generation: 26
INFO:root:pop fitness: 0.11582000000000003
INFO:root:elite fitness: 0.17173333333333335
INFO:root:Generation: 24
INFO:root:pop fitness: 0.10926666666666669
INFO:root:elite fitness: 0.17585333333333336
INFO:root:Generation: 27
INFO:root:pop fitness: 0.10705999999999999
INFO:root:elite fitness: 0.16482666666666668
INFO:root:Generation: 25
INFO:root:pop fitness: 0.11231333333333335
INFO:root:elite fitness: 0.16910666666666666
INFO:root:Generation: 28
INFO:root:pop fitness: 0.10796
INFO:root:elite fitness: 0.16561333333333336
INFO:root:Generation: 26
INFO:root:pop fitness: 0.11093999999999998
INFO:root:elite fitness: 0.1882
INFO:root:Generation: 29
INFO:root:pop fitness: 0.11185333333333332
INFO:root:elite fitness: 0.16378666666666666
INFO:root:Generation: 27
INFO:root:pop fitness: 0.10733999999999999
INFO:root:elite fitness: 0.17849333333333334
INFO:root:Generation: 30
INFO:root:pop fitness: 0.11
INFO:root:elite fitness: 0.17829333333333336
INFO:root:Generation: 28
INFO:root:pop fitness: 0.1109466666666667
INFO:root:elite fitness: 0.18081333333333333
INFO:root:Generation: 31
INFO:root:pop fitness: 0.11012666666666665
INFO:root:elite fitness: 0.18198666666666666
INFO:root:Generation: 29
INFO:root:pop fitness: 0.10971333333333334
INFO:root:elite fitness: 0.19965333333333338
INFO:root:Generation: 32
INFO:root:pop fitness: 0.10926666666666666
INFO:root:elite fitness: 0.18038666666666667
INFO:root:Generation: 30
INFO:root:pop fitness: 0.10876666666666668
INFO:root:elite fitness: 0.19549333333333332
INFO:root:Generation: 33
INFO:root:pop fitness: 0.12272666666666666
INFO:root:elite fitness: 0.20449333333333333
INFO:root:Generation: 31
INFO:root:pop fitness: 0.11092666666666669
INFO:root:elite fitness: 0.19362666666666667
INFO:root:Generation: 34
INFO:root:pop fitness: 0.11866
INFO:root:elite fitness: 0.19433333333333333
INFO:root:Generation: 32
INFO:root:pop fitness: 0.11961999999999999
INFO:root:elite fitness: 0.20536000000000001
INFO:root:Generation: 35
INFO:root:pop fitness: 0.11158666666666667
INFO:root:elite fitness: 0.18885333333333332
INFO:root:Generation: 33
INFO:root:pop fitness: 0.11940666666666667
INFO:root:elite fitness: 0.20129333333333335
INFO:root:Generation: 36
INFO:root:pop fitness: 0.11959333333333333
INFO:root:elite fitness: 0.1926
INFO:root:Generation: 34
INFO:root:pop fitness: 0.11420666666666666
INFO:root:elite fitness: 0.18234666666666666
INFO:root:Generation: 37
INFO:root:pop fitness: 0.11653333333333336
INFO:root:elite fitness: 0.20373333333333332
INFO:root:Generation: 38
INFO:root:pop fitness: 0.11820000000000003
INFO:root:elite fitness: 0.19269333333333333
INFO:root:Generation: 35
INFO:root:pop fitness: 0.11398666666666667
INFO:root:elite fitness: 0.20128
INFO:root:Generation: 39
INFO:root:pop fitness: 0.13156
INFO:root:elite fitness: 0.22581333333333334
INFO:root:Generation: 36
INFO:root:pop fitness: 0.12526666666666667
INFO:root:elite fitness: 0.21777333333333332
INFO:root:Generation: 40
INFO:root:pop fitness: 0.11805333333333333
INFO:root:elite fitness: 0.1934266666666667
INFO:root:Generation: 37
INFO:root:pop fitness: 0.12249333333333334
INFO:root:elite fitness: 0.22076000000000004
INFO:root:Generation: 41
INFO:root:pop fitness: 0.10963333333333333
INFO:root:elite fitness: 0.21165333333333336
INFO:root:Generation: 38
INFO:root:pop fitness: 0.11633333333333336
INFO:root:elite fitness: 0.20242666666666664
INFO:root:Generation: 42
INFO:root:pop fitness: 0.1148
INFO:root:elite fitness: 0.19937333333333335
INFO:root:Generation: 39
INFO:root:pop fitness: 0.12123333333333335
INFO:root:elite fitness: 0.20779999999999998
INFO:root:Generation: 43
INFO:root:pop fitness: 0.10676000000000002
INFO:root:elite fitness: 0.1900533333333333
INFO:root:Generation: 40
INFO:root:pop fitness: 0.12212
INFO:root:elite fitness: 0.19638666666666668
INFO:root:Generation: 44
INFO:root:pop fitness: 0.12881333333333334
INFO:root:elite fitness: 0.21328
INFO:root:Generation: 41
INFO:root:pop fitness: 0.10758666666666668
INFO:root:elite fitness: 0.19052
INFO:root:Generation: 45
INFO:root:pop fitness: 0.11260666666666666
INFO:root:elite fitness: 0.21541333333333332
INFO:root:Generation: 42
INFO:root:pop fitness: 0.11925333333333332
INFO:root:elite fitness: 0.2136133333333333
INFO:root:Generation: 46
INFO:root:pop fitness: 0.11873333333333333
INFO:root:elite fitness: 0.2077733333333333
INFO:root:Generation: 43
INFO:root:pop fitness: 0.12384
INFO:root:elite fitness: 0.19985333333333333
INFO:root:Generation: 47
INFO:root:pop fitness: 0.12455333333333334
INFO:root:elite fitness: 0.21501333333333336
INFO:root:Generation: 48
INFO:root:pop fitness: 0.13135333333333335
INFO:root:elite fitness: 0.22858666666666663
INFO:root:Generation: 44
INFO:root:pop fitness: 0.12008666666666667
INFO:root:elite fitness: 0.19896000000000003
INFO:root:Generation: 49
INFO:root:pop fitness: 0.1434666666666667
INFO:root:elite fitness: 0.25355999999999995
INFO:root:Generation: 45
INFO:root:pop fitness: 0.11465333333333333
INFO:root:elite fitness: 0.19633333333333336
INFO:root:Generation: 50
INFO:root:pop fitness: 0.1455533333333333
INFO:root:elite fitness: 0.2498266666666667
INFO:root:Generation: 46
INFO:root:pop fitness: 0.11769999999999999
INFO:root:elite fitness: 0.21559999999999999
INFO:root:Generation: 51
INFO:root:pop fitness: 0.13442666666666667
INFO:root:elite fitness: 0.2449333333333333
INFO:root:Generation: 47
INFO:root:pop fitness: 0.11835333333333334
INFO:root:elite fitness: 0.20541333333333336
INFO:root:Generation: 52
INFO:root:pop fitness: 0.13474666666666665
INFO:root:elite fitness: 0.24484
INFO:root:Generation: 48
INFO:root:pop fitness: 0.1261
INFO:root:elite fitness: 0.22402666666666665
INFO:root:Generation: 53
INFO:root:pop fitness: 0.13814
INFO:root:elite fitness: 0.2262133333333333
INFO:root:Generation: 49
INFO:root:pop fitness: 0.12835333333333335
INFO:root:elite fitness: 0.22599999999999998
INFO:root:Generation: 54
INFO:root:pop fitness: 0.13372
INFO:root:elite fitness: 0.22082666666666667
INFO:root:Generation: 50
INFO:root:pop fitness: 0.12758
INFO:root:elite fitness: 0.22929333333333332
INFO:root:Generation: 55
INFO:root:pop fitness: 0.14068
INFO:root:elite fitness: 0.25704000000000005
INFO:root:Generation: 51
INFO:root:pop fitness: 0.11813333333333333
INFO:root:elite fitness: 0.2085733333333333
INFO:root:Generation: 56
INFO:root:pop fitness: 0.12737333333333334
INFO:root:elite fitness: 0.20909333333333333
INFO:root:Generation: 52
INFO:root:pop fitness: 0.1423666666666667
INFO:root:elite fitness: 0.25315999999999994
INFO:root:Generation: 57
INFO:root:pop fitness: 0.13143333333333332
INFO:root:elite fitness: 0.2224266666666667
INFO:root:Generation: 53
INFO:root:pop fitness: 0.12319999999999998
INFO:root:elite fitness: 0.22061333333333333
INFO:root:Generation: 58
INFO:root:pop fitness: 0.13077333333333332
INFO:root:elite fitness: 0.2287733333333333
INFO:root:Generation: 59
INFO:root:pop fitness: 0.1284666666666667
INFO:root:elite fitness: 0.21716
INFO:root:Generation: 54
INFO:root:pop fitness: 0.12386
INFO:root:elite fitness: 0.20382666666666666
INFO:root:Generation: 60
INFO:root:pop fitness: 0.13410000000000002
INFO:root:elite fitness: 0.23508
INFO:root:Generation: 55
INFO:root:pop fitness: 0.12882666666666667
INFO:root:elite fitness: 0.22504
INFO:root:Generation: 61
INFO:root:pop fitness: 0.13526000000000002
INFO:root:elite fitness: 0.24166666666666667
INFO:root:Generation: 56
INFO:root:pop fitness: 0.11508666666666668
INFO:root:elite fitness: 0.20156000000000004
INFO:root:Generation: 62
INFO:root:pop fitness: 0.14524666666666666
INFO:root:elite fitness: 0.24575999999999992
INFO:root:Generation: 57
INFO:root:pop fitness: 0.12175333333333334
INFO:root:elite fitness: 0.20914666666666665
INFO:root:Generation: 63
INFO:root:pop fitness: 0.15105333333333332
INFO:root:elite fitness: 0.28008
INFO:root:Generation: 58
INFO:root:pop fitness: 0.11601333333333334
INFO:root:elite fitness: 0.21318666666666666
INFO:root:Generation: 64
INFO:root:pop fitness: 0.13857999999999998
INFO:root:elite fitness: 0.24675999999999998
INFO:root:Generation: 59
INFO:root:pop fitness: 0.12367333333333334
INFO:root:elite fitness: 0.22025333333333336
INFO:root:Generation: 65
INFO:root:pop fitness: 0.13216666666666665
INFO:root:elite fitness: 0.24714666666666668
INFO:root:Generation: 60
INFO:root:pop fitness: 0.12772
INFO:root:elite fitness: 0.2291866666666667
INFO:root:Generation: 66
INFO:root:pop fitness: 0.12359999999999999
INFO:root:elite fitness: 0.22777333333333336
INFO:root:Generation: 61
INFO:root:pop fitness: 0.11821333333333332
INFO:root:elite fitness: 0.22686666666666663
INFO:root:Generation: 67
INFO:root:pop fitness: 0.14426000000000003
INFO:root:elite fitness: 0.2517733333333333
INFO:root:Generation: 62
INFO:root:pop fitness: 0.13201999999999997
INFO:root:elite fitness: 0.2335066666666667
INFO:root:Generation: 68
INFO:root:pop fitness: 0.151
INFO:root:elite fitness: 0.26808000000000004
INFO:root:Generation: 63
INFO:root:pop fitness: 0.13044666666666666
INFO:root:elite fitness: 0.23031999999999997
INFO:root:Generation: 69
INFO:root:pop fitness: 0.14218
INFO:root:elite fitness: 0.26132
INFO:root:Generation: 70
INFO:root:pop fitness: 0.1382266666666667
INFO:root:elite fitness: 0.24564000000000002
INFO:root:Generation: 64
INFO:root:pop fitness: 0.12338666666666669
INFO:root:elite fitness: 0.22173333333333328
INFO:root:Generation: 71
INFO:root:pop fitness: 0.14379333333333336
INFO:root:elite fitness: 0.26016
INFO:root:Generation: 65
INFO:root:pop fitness: 0.11998666666666667
INFO:root:elite fitness: 0.19811999999999996
INFO:root:Generation: 72
INFO:root:pop fitness: 0.15128666666666665
INFO:root:elite fitness: 0.2741866666666667
INFO:root:Generation: 66
INFO:root:pop fitness: 0.12607333333333334
INFO:root:elite fitness: 0.23190666666666668
INFO:root:Generation: 73
INFO:root:pop fitness: 0.14496666666666666
INFO:root:elite fitness: 0.24298666666666666
INFO:root:Generation: 67
INFO:root:pop fitness: 0.12175333333333334
INFO:root:elite fitness: 0.22184
INFO:root:Generation: 74
INFO:root:pop fitness: 0.14351333333333335
INFO:root:elite fitness: 0.24721333333333334
INFO:root:Generation: 68
INFO:root:pop fitness: 0.12371333333333333
INFO:root:elite fitness: 0.21992
INFO:root:Generation: 75
INFO:root:pop fitness: 0.14417333333333335
INFO:root:elite fitness: 0.25939999999999996
INFO:root:Generation: 69
INFO:root:pop fitness: 0.12540666666666667
INFO:root:elite fitness: 0.22727999999999998
INFO:root:Generation: 76
INFO:root:pop fitness: 0.13886
INFO:root:elite fitness: 0.23276000000000002
INFO:root:Generation: 70
INFO:root:pop fitness: 0.13012
INFO:root:elite fitness: 0.24172000000000002
INFO:root:Generation: 77
INFO:root:pop fitness: 0.14418
INFO:root:elite fitness: 0.25710666666666665
INFO:root:Generation: 71
INFO:root:pop fitness: 0.13024000000000002
INFO:root:elite fitness: 0.22715999999999995
INFO:root:Generation: 78
INFO:root:pop fitness: 0.13347333333333333
INFO:root:elite fitness: 0.24025333333333335
INFO:root:Generation: 72
INFO:root:pop fitness: 0.15527333333333335
INFO:root:elite fitness: 0.25134666666666666
INFO:root:Generation: 79
INFO:root:pop fitness: 0.13715333333333335
INFO:root:elite fitness: 0.2471333333333333
INFO:root:Generation: 73
INFO:root:pop fitness: 0.13550666666666666
INFO:root:elite fitness: 0.24077333333333337
INFO:root:Generation: 80
INFO:root:pop fitness: 0.14437333333333333
INFO:root:elite fitness: 0.2513066666666667
INFO:root:Generation: 74
INFO:root:pop fitness: 0.14643333333333336
INFO:root:elite fitness: 0.25424
INFO:root:Generation: 81
INFO:root:pop fitness: 0.14596
INFO:root:elite fitness: 0.26870666666666665
INFO:root:Generation: 82
INFO:root:pop fitness: 0.15430000000000002
INFO:root:elite fitness: 0.24072000000000002
INFO:root:Generation: 75
INFO:root:pop fitness: 0.12944000000000003
INFO:root:elite fitness: 0.22782666666666665
INFO:root:Generation: 83
INFO:root:pop fitness: 0.13674666666666666
INFO:root:elite fitness: 0.22038666666666662
INFO:root:Generation: 76
INFO:root:pop fitness: 0.13579333333333332
INFO:root:elite fitness: 0.22848000000000007
INFO:root:Generation: 84
INFO:root:pop fitness: 0.14994
INFO:root:elite fitness: 0.2607333333333334
INFO:root:Generation: 77
INFO:root:pop fitness: 0.14604666666666663
INFO:root:elite fitness: 0.23990666666666668
INFO:root:Generation: 85
INFO:root:pop fitness: 0.15818666666666664
INFO:root:elite fitness: 0.2784933333333333
INFO:root:Generation: 78
INFO:root:pop fitness: 0.13084666666666667
INFO:root:elite fitness: 0.2061066666666667
INFO:root:Generation: 86
INFO:root:pop fitness: 0.15191333333333334
INFO:root:elite fitness: 0.2736799999999999
INFO:root:Generation: 79
INFO:root:pop fitness: 0.1436466666666667
INFO:root:elite fitness: 0.2661733333333333
INFO:root:Generation: 87
INFO:root:pop fitness: 0.1567
INFO:root:elite fitness: 0.2604
INFO:root:Generation: 80
INFO:root:pop fitness: 0.1418866666666667
INFO:root:elite fitness: 0.22966666666666663
INFO:root:Generation: 88
INFO:root:pop fitness: 0.16310000000000002
INFO:root:elite fitness: 0.2731466666666667
INFO:root:Generation: 81
INFO:root:pop fitness: 0.15372666666666668
INFO:root:elite fitness: 0.2735466666666667
INFO:root:Generation: 89
INFO:root:pop fitness: 0.15202666666666664
INFO:root:elite fitness: 0.2452
INFO:root:Generation: 82
INFO:root:pop fitness: 0.14680666666666664
INFO:root:elite fitness: 0.26624000000000003
INFO:root:Generation: 90
INFO:root:pop fitness: 0.14763333333333334
INFO:root:elite fitness: 0.2626266666666667
INFO:root:Generation: 83
INFO:root:pop fitness: 0.12960666666666668
INFO:root:elite fitness: 0.22175999999999998
INFO:root:Generation: 91
INFO:root:pop fitness: 0.1588666666666667
INFO:root:elite fitness: 0.2830933333333333
INFO:root:Generation: 84
INFO:root:pop fitness: 0.13961333333333334
INFO:root:elite fitness: 0.25997333333333333
INFO:root:Generation: 92
INFO:root:pop fitness: 0.14654
INFO:root:elite fitness: 0.25844
INFO:root:Generation: 85
INFO:root:pop fitness: 0.14122666666666664
INFO:root:elite fitness: 0.23288
INFO:root:Generation: 93
INFO:root:pop fitness: 0.16568666666666668
INFO:root:elite fitness: 0.28688
INFO:root:Generation: 94
INFO:root:pop fitness: 0.1636
INFO:root:elite fitness: 0.2778
INFO:root:Generation: 86
INFO:root:pop fitness: 0.13859333333333332
INFO:root:elite fitness: 0.25112000000000007
INFO:root:Generation: 95
INFO:root:pop fitness: 0.13898000000000002
INFO:root:elite fitness: 0.23946666666666672
INFO:root:Generation: 87
INFO:root:pop fitness: 0.14536000000000002
INFO:root:elite fitness: 0.26358666666666664
INFO:root:Generation: 96
INFO:root:pop fitness: 0.15813333333333332
INFO:root:elite fitness: 0.2785066666666667
INFO:root:Generation: 88
INFO:root:pop fitness: 0.13817999999999997
INFO:root:elite fitness: 0.24788000000000002
INFO:root:Generation: 97
INFO:root:pop fitness: 0.16381333333333334
INFO:root:elite fitness: 0.2730933333333333
INFO:root:Generation: 89
INFO:root:pop fitness: 0.14124666666666666
INFO:root:elite fitness: 0.2631866666666666
INFO:root:Generation: 98
INFO:root:pop fitness: 0.16973333333333335
INFO:root:elite fitness: 0.2975066666666667
INFO:root:Generation: 90
INFO:root:pop fitness: 0.14490666666666668
INFO:root:elite fitness: 0.25680000000000003
INFO:root:Generation: 99
INFO:root:pop fitness: 0.17695333333333335
INFO:root:elite fitness: 0.30921333333333334
INFO:root:Generation: 91
INFO:root:pop fitness: 0.14737333333333333
INFO:root:elite fitness: 0.2775333333333333
INFO:root:Generation: 100
INFO:root:pop fitness: 0.16930666666666666
INFO:root:elite fitness: 0.272
INFO:root:Generation: 92
INFO:root:pop fitness: 0.14542666666666668
INFO:root:elite fitness: 0.25709333333333334
INFO:root:Generation: 101
INFO:root:pop fitness: 0.18280000000000002
INFO:root:elite fitness: 0.31567999999999996
INFO:root:Generation: 93
INFO:root:pop fitness: 0.15581333333333333
INFO:root:elite fitness: 0.27696
INFO:root:Generation: 102
INFO:root:pop fitness: 0.15569999999999998
INFO:root:elite fitness: 0.28345333333333333
INFO:root:Generation: 94
INFO:root:pop fitness: 0.16002
INFO:root:elite fitness: 0.2942133333333334
INFO:root:Generation: 103
INFO:root:pop fitness: 0.17220666666666667
INFO:root:elite fitness: 0.29045333333333334
INFO:root:Generation: 95
INFO:root:pop fitness: 0.15031333333333335
INFO:root:elite fitness: 0.25239999999999996
INFO:root:Generation: 104
INFO:root:pop fitness: 0.18305333333333332
INFO:root:elite fitness: 0.30972000000000005
INFO:root:Generation: 96
INFO:root:pop fitness: 0.1612333333333333
INFO:root:elite fitness: 0.2886666666666667
INFO:root:Generation: 105
INFO:root:pop fitness: 0.18504
INFO:root:elite fitness: 0.3177333333333333
INFO:root:Generation: 106
INFO:root:pop fitness: 0.17504666666666666
INFO:root:elite fitness: 0.31186666666666674
INFO:root:Generation: 97
INFO:root:pop fitness: 0.1542933333333333
INFO:root:elite fitness: 0.28114666666666677
INFO:root:Generation: 107
INFO:root:pop fitness: 0.18115333333333333
INFO:root:elite fitness: 0.3091733333333333
INFO:root:Generation: 98
INFO:root:pop fitness: 0.15680000000000002
INFO:root:elite fitness: 0.2974266666666667
INFO:root:Generation: 108
INFO:root:pop fitness: 0.1749
INFO:root:elite fitness: 0.28417333333333333
INFO:root:Generation: 99
INFO:root:pop fitness: 0.15178000000000003
INFO:root:elite fitness: 0.25351999999999997
INFO:root:Generation: 109
INFO:root:pop fitness: 0.17540666666666668
INFO:root:elite fitness: 0.3145333333333333
INFO:root:Generation: 100
INFO:root:pop fitness: 0.15160666666666667
INFO:root:elite fitness: 0.27868
INFO:root:Generation: 110
INFO:root:pop fitness: 0.18963999999999998
INFO:root:elite fitness: 0.33636
INFO:root:Generation: 101
INFO:root:pop fitness: 0.15206666666666668
INFO:root:elite fitness: 0.25609333333333323
INFO:root:Generation: 111
INFO:root:pop fitness: 0.17946666666666666
INFO:root:elite fitness: 0.2947066666666667
INFO:root:Generation: 102
INFO:root:pop fitness: 0.14488666666666664
INFO:root:elite fitness: 0.24824
INFO:root:Generation: 112
INFO:root:pop fitness: 0.16727333333333333
INFO:root:elite fitness: 0.28772000000000003
INFO:root:Generation: 103
INFO:root:pop fitness: 0.14770666666666665
INFO:root:elite fitness: 0.2728933333333334
INFO:root:Generation: 113
INFO:root:pop fitness: 0.1547066666666667
INFO:root:elite fitness: 0.26238666666666666
INFO:root:Generation: 104
INFO:root:pop fitness: 0.15315333333333334
INFO:root:elite fitness: 0.29464
INFO:root:Generation: 114
INFO:root:pop fitness: 0.17919333333333332
INFO:root:elite fitness: 0.31617333333333336
INFO:root:Generation: 105
INFO:root:pop fitness: 0.16804
INFO:root:elite fitness: 0.28631999999999996
INFO:root:Generation: 115
INFO:root:pop fitness: 0.16654000000000002
INFO:root:elite fitness: 0.27177333333333337
INFO:root:Generation: 106
INFO:root:pop fitness: 0.15900666666666666
INFO:root:elite fitness: 0.2885333333333333
INFO:root:Generation: 116
INFO:root:pop fitness: 0.20006666666666664
INFO:root:elite fitness: 0.33375999999999995
INFO:root:Generation: 107
INFO:root:pop fitness: 0.15897333333333336
INFO:root:elite fitness: 0.2756533333333333
INFO:root:Generation: 117
INFO:root:pop fitness: 0.17830666666666667
INFO:root:elite fitness: 0.3512133333333333
INFO:root:Generation: 118
INFO:root:pop fitness: 0.17208
INFO:root:elite fitness: 0.30135999999999996
INFO:root:Generation: 108
INFO:root:pop fitness: 0.14711333333333335
INFO:root:elite fitness: 0.24925333333333335
INFO:root:Generation: 119
INFO:root:pop fitness: 0.16711333333333334
INFO:root:elite fitness: 0.29064
INFO:root:Generation: 109
INFO:root:pop fitness: 0.16177999999999998
INFO:root:elite fitness: 0.29897333333333326
INFO:root:Generation: 120
INFO:root:pop fitness: 0.17827333333333334
INFO:root:elite fitness: 0.32605333333333336
INFO:root:Generation: 110
INFO:root:pop fitness: 0.1563
INFO:root:elite fitness: 0.29136
INFO:root:Generation: 121
INFO:root:pop fitness: 0.1818533333333333
INFO:root:elite fitness: 0.3156
INFO:root:Generation: 111
INFO:root:pop fitness: 0.17067999999999997
INFO:root:elite fitness: 0.2767333333333334
INFO:root:Generation: 122
INFO:root:pop fitness: 0.16219333333333333
INFO:root:elite fitness: 0.26780000000000004
INFO:root:Generation: 112
INFO:root:pop fitness: 0.16788666666666663
INFO:root:elite fitness: 0.30075999999999997
INFO:root:Generation: 123
INFO:root:pop fitness: 0.18684000000000003
INFO:root:elite fitness: 0.31864
INFO:root:Generation: 113
INFO:root:pop fitness: 0.14948
INFO:root:elite fitness: 0.2562266666666666
INFO:root:Generation: 124
INFO:root:pop fitness: 0.18335333333333334
INFO:root:elite fitness: 0.33924000000000004
INFO:root:Generation: 114
INFO:root:pop fitness: 0.1635066666666667
INFO:root:elite fitness: 0.27189333333333326
INFO:root:Generation: 125
INFO:root:pop fitness: 0.17611333333333334
INFO:root:elite fitness: 0.3004133333333333
INFO:root:Generation: 115
INFO:root:pop fitness: 0.16199333333333332
INFO:root:elite fitness: 0.27524
INFO:root:Generation: 126
INFO:root:pop fitness: 0.17811333333333332
INFO:root:elite fitness: 0.3261866666666666
INFO:root:Generation: 116
INFO:root:pop fitness: 0.14813999999999997
INFO:root:elite fitness: 0.2636533333333333
INFO:root:Generation: 127
INFO:root:pop fitness: 0.17273333333333332
INFO:root:elite fitness: 0.2850533333333333
INFO:root:Generation: 117
INFO:root:pop fitness: 0.1587666666666667
INFO:root:elite fitness: 0.31194666666666665
INFO:root:Generation: 128
INFO:root:pop fitness: 0.18495999999999999
INFO:root:elite fitness: 0.31758666666666674
INFO:root:Generation: 118
INFO:root:pop fitness: 0.16608
INFO:root:elite fitness: 0.28940000000000005
INFO:root:Generation: 129
INFO:root:pop fitness: 0.18274666666666667
INFO:root:elite fitness: 0.2992266666666667
INFO:root:Generation: 130
INFO:root:pop fitness: 0.1777333333333333
INFO:root:elite fitness: 0.29892
INFO:root:Generation: 119
INFO:root:pop fitness: 0.17239333333333334
INFO:root:elite fitness: 0.3162
INFO:root:Generation: 131
INFO:root:pop fitness: 0.1787
INFO:root:elite fitness: 0.3329066666666667
INFO:root:Generation: 120
INFO:root:pop fitness: 0.1479
INFO:root:elite fitness: 0.2578933333333333
INFO:root:Generation: 132
INFO:root:pop fitness: 0.1822466666666667
INFO:root:elite fitness: 0.32255999999999996
INFO:root:Generation: 121
INFO:root:pop fitness: 0.16124
INFO:root:elite fitness: 0.2566933333333334
INFO:root:Generation: 133
INFO:root:pop fitness: 0.1945066666666667
INFO:root:elite fitness: 0.35070666666666667
INFO:root:Generation: 122
INFO:root:pop fitness: 0.15124
INFO:root:elite fitness: 0.28791999999999995
INFO:root:Generation: 134
INFO:root:pop fitness: 0.20571333333333333
INFO:root:elite fitness: 0.3617733333333334
INFO:root:Generation: 123
INFO:root:pop fitness: 0.15982666666666667
INFO:root:elite fitness: 0.2919866666666666
INFO:root:Generation: 135
INFO:root:pop fitness: 0.1920066666666667
INFO:root:elite fitness: 0.3370266666666667
INFO:root:Generation: 124
INFO:root:pop fitness: 0.16056
INFO:root:elite fitness: 0.27453333333333335
INFO:root:Generation: 136
INFO:root:pop fitness: 0.18798666666666666
INFO:root:elite fitness: 0.3382933333333333
INFO:root:Generation: 125
INFO:root:pop fitness: 0.1547666666666667
INFO:root:elite fitness: 0.3138133333333333
INFO:root:Generation: 137
INFO:root:pop fitness: 0.17768666666666666
INFO:root:elite fitness: 0.3204533333333333
INFO:root:Generation: 126
INFO:root:pop fitness: 0.17822666666666667
INFO:root:elite fitness: 0.3311733333333333
INFO:root:Generation: 138
INFO:root:pop fitness: 0.17494666666666664
INFO:root:elite fitness: 0.3005333333333333
INFO:root:Generation: 127
INFO:root:pop fitness: 0.17539333333333337
INFO:root:elite fitness: 0.30396000000000006
INFO:root:Generation: 139
INFO:root:pop fitness: 0.19444666666666668
INFO:root:elite fitness: 0.32872
INFO:root:Generation: 128
INFO:root:pop fitness: 0.14610000000000004
INFO:root:elite fitness: 0.2753066666666666
INFO:root:Generation: 140
INFO:root:pop fitness: 0.18951333333333334
INFO:root:elite fitness: 0.32162666666666667
INFO:root:Generation: 129
INFO:root:pop fitness: 0.1699933333333333
INFO:root:elite fitness: 0.30645333333333324
INFO:root:Generation: 141
INFO:root:pop fitness: 0.19768
INFO:root:elite fitness: 0.3430933333333333
INFO:root:Generation: 142
INFO:root:pop fitness: 0.1922866666666667
INFO:root:elite fitness: 0.34252
INFO:root:Generation: 130
INFO:root:pop fitness: 0.16729333333333335
INFO:root:elite fitness: 0.30205333333333334
INFO:root:Generation: 143
INFO:root:pop fitness: 0.18913333333333332
INFO:root:elite fitness: 0.3121866666666666
INFO:root:Generation: 131
INFO:root:pop fitness: 0.1587866666666667
INFO:root:elite fitness: 0.28630666666666665
INFO:root:Generation: 144
INFO:root:pop fitness: 0.20218666666666663
INFO:root:elite fitness: 0.34228
INFO:root:Generation: 132
INFO:root:pop fitness: 0.17129333333333335
INFO:root:elite fitness: 0.29812
INFO:root:Generation: 145
INFO:root:pop fitness: 0.19363333333333335
INFO:root:elite fitness: 0.31404
INFO:root:Generation: 133
INFO:root:pop fitness: 0.17669999999999997
INFO:root:elite fitness: 0.31217333333333336
INFO:root:Generation: 146
INFO:root:pop fitness: 0.18672666666666668
INFO:root:elite fitness: 0.32925333333333334
INFO:root:Generation: 134
INFO:root:pop fitness: 0.14313333333333336
INFO:root:elite fitness: 0.2981333333333333
INFO:root:Generation: 147
INFO:root:pop fitness: 0.19699333333333333
INFO:root:elite fitness: 0.3522133333333333
INFO:root:Generation: 135
INFO:root:pop fitness: 0.15945333333333334
INFO:root:elite fitness: 0.28604
INFO:root:Generation: 148
INFO:root:pop fitness: 0.20340666666666668
INFO:root:elite fitness: 0.34668
INFO:root:Generation: 136
INFO:root:pop fitness: 0.16859333333333335
INFO:root:elite fitness: 0.3049466666666667
INFO:root:Generation: 149
INFO:root:pop fitness: 0.20482666666666668
INFO:root:elite fitness: 0.32765333333333335
INFO:root:Generation: 137
INFO:root:pop fitness: 0.16660000000000003
INFO:root:elite fitness: 0.2993733333333333
INFO:root:Generation: 150
INFO:root:pop fitness: 0.20335999999999999
INFO:root:elite fitness: 0.36519999999999997
INFO:root:Generation: 138
INFO:root:pop fitness: 0.15315333333333334
INFO:root:elite fitness: 0.2865066666666667
INFO:root:Generation: 151
INFO:root:pop fitness: 0.20509333333333335
INFO:root:elite fitness: 0.3493066666666666
INFO:root:Generation: 139
INFO:root:pop fitness: 0.1625
INFO:root:elite fitness: 0.28590666666666664
INFO:root:Generation: 152
INFO:root:pop fitness: 0.2088
INFO:root:elite fitness: 0.31848
INFO:root:Generation: 140
INFO:root:pop fitness: 0.18014666666666665
INFO:root:elite fitness: 0.32370666666666675
INFO:root:Generation: 153
INFO:root:pop fitness: 0.20273999999999998
INFO:root:elite fitness: 0.34241333333333335
INFO:root:Generation: 154
INFO:root:pop fitness: 0.20938
INFO:root:elite fitness: 0.32974666666666663
INFO:root:Generation: 141
INFO:root:pop fitness: 0.1774
INFO:root:elite fitness: 0.3041733333333333
INFO:root:Generation: 155
INFO:root:pop fitness: 0.19934000000000002
INFO:root:elite fitness: 0.35478666666666664
INFO:root:Generation: 142
INFO:root:pop fitness: 0.17892666666666665
INFO:root:elite fitness: 0.31572
INFO:root:Generation: 156
INFO:root:pop fitness: 0.20107333333333335
INFO:root:elite fitness: 0.3380933333333333
INFO:root:Generation: 143
INFO:root:pop fitness: 0.16242
INFO:root:elite fitness: 0.31013333333333337
INFO:root:Generation: 157
INFO:root:pop fitness: 0.21385333333333334
INFO:root:elite fitness: 0.3640666666666667
INFO:root:Generation: 144
INFO:root:pop fitness: 0.15516
INFO:root:elite fitness: 0.2740533333333334
INFO:root:Generation: 158
INFO:root:pop fitness: 0.21056
INFO:root:elite fitness: 0.38437333333333334
INFO:root:Generation: 145
INFO:root:pop fitness: 0.18075999999999998
INFO:root:elite fitness: 0.31489333333333336
INFO:root:Generation: 159
INFO:root:pop fitness: 0.19642
INFO:root:elite fitness: 0.3208
INFO:root:Generation: 146
INFO:root:pop fitness: 0.16927999999999999
INFO:root:elite fitness: 0.29608000000000007
INFO:root:Generation: 160
INFO:root:pop fitness: 0.20076666666666668
INFO:root:elite fitness: 0.3544266666666666
INFO:root:Generation: 147
INFO:root:pop fitness: 0.16705333333333333
INFO:root:elite fitness: 0.28961333333333333
INFO:root:Generation: 161
INFO:root:pop fitness: 0.19344666666666668
INFO:root:elite fitness: 0.3386533333333333
INFO:root:Generation: 148
INFO:root:pop fitness: 0.16869333333333333
INFO:root:elite fitness: 0.32394666666666666
INFO:root:Generation: 162
INFO:root:pop fitness: 0.20994
INFO:root:elite fitness: 0.3804266666666667
INFO:root:Generation: 149
INFO:root:pop fitness: 0.16080666666666668
INFO:root:elite fitness: 0.28578666666666663
INFO:root:Generation: 163
INFO:root:pop fitness: 0.20062
INFO:root:elite fitness: 0.3496266666666667
INFO:root:Generation: 150
INFO:root:pop fitness: 0.16362666666666664
INFO:root:elite fitness: 0.27304
INFO:root:Generation: 164
INFO:root:pop fitness: 0.18047333333333332
INFO:root:elite fitness: 0.30477333333333334
INFO:root:Generation: 151
INFO:root:pop fitness: 0.17696
INFO:root:elite fitness: 0.33577333333333326
INFO:root:Generation: 165
INFO:root:pop fitness: 0.19931333333333331
INFO:root:elite fitness: 0.3215866666666667
INFO:root:Generation: 166
INFO:root:pop fitness: 0.18789333333333333
INFO:root:elite fitness: 0.32017333333333337
INFO:root:Generation: 152
INFO:root:pop fitness: 0.17290666666666665
INFO:root:elite fitness: 0.31454666666666664
INFO:root:Generation: 167
INFO:root:pop fitness: 0.1911
INFO:root:elite fitness: 0.3261866666666667
INFO:root:Generation: 153
INFO:root:pop fitness: 0.15575999999999998
INFO:root:elite fitness: 0.2761866666666667
INFO:root:Generation: 168
INFO:root:pop fitness: 0.1958466666666667
INFO:root:elite fitness: 0.33685333333333334
INFO:root:Generation: 154
INFO:root:pop fitness: 0.15538666666666667
INFO:root:elite fitness: 0.30050666666666664
INFO:root:Generation: 169
INFO:root:pop fitness: 0.17992
INFO:root:elite fitness: 0.3419333333333333
INFO:root:Generation: 155
INFO:root:pop fitness: 0.1819066666666667
INFO:root:elite fitness: 0.30535999999999996
INFO:root:Generation: 170
INFO:root:pop fitness: 0.18633333333333332
INFO:root:elite fitness: 0.32395999999999997
INFO:root:Generation: 156
INFO:root:pop fitness: 0.16874666666666666
INFO:root:elite fitness: 0.30524
INFO:root:Generation: 171
INFO:root:pop fitness: 0.19486666666666666
INFO:root:elite fitness: 0.34589333333333333
INFO:root:Generation: 157
INFO:root:pop fitness: 0.16282
INFO:root:elite fitness: 0.2534666666666667
INFO:root:Generation: 172
INFO:root:pop fitness: 0.19418666666666667
INFO:root:elite fitness: 0.3562133333333334
INFO:root:Generation: 158
INFO:root:pop fitness: 0.15884
INFO:root:elite fitness: 0.283
INFO:root:Generation: 173
INFO:root:pop fitness: 0.19662666666666667
INFO:root:elite fitness: 0.3258
INFO:root:Generation: 159
INFO:root:pop fitness: 0.19438
INFO:root:elite fitness: 0.32881333333333335
INFO:root:Generation: 174
INFO:root:pop fitness: 0.1827
INFO:root:elite fitness: 0.3182666666666667
INFO:root:Generation: 160
INFO:root:pop fitness: 0.18089333333333332
INFO:root:elite fitness: 0.30419999999999997
INFO:root:Generation: 175
INFO:root:pop fitness: 0.19619333333333336
INFO:root:elite fitness: 0.3344933333333333
INFO:root:Generation: 161
INFO:root:pop fitness: 0.16788
INFO:root:elite fitness: 0.29797333333333326
INFO:root:Generation: 176
INFO:root:pop fitness: 0.19513333333333335
INFO:root:elite fitness: 0.31772000000000006
INFO:root:Generation: 177
INFO:root:pop fitness: 0.19061333333333333
INFO:root:elite fitness: 0.32562666666666656
INFO:root:Generation: 162
INFO:root:pop fitness: 0.18031333333333333
INFO:root:elite fitness: 0.324
INFO:root:Generation: 178
INFO:root:pop fitness: 0.19350000000000003
INFO:root:elite fitness: 0.35876
INFO:root:Generation: 163
INFO:root:pop fitness: 0.18180666666666667
INFO:root:elite fitness: 0.3228666666666667
INFO:root:Generation: 179
INFO:root:pop fitness: 0.19609333333333334
INFO:root:elite fitness: 0.30976
INFO:root:Generation: 164
INFO:root:pop fitness: 0.18019999999999997
INFO:root:elite fitness: 0.31732000000000005
INFO:root:Generation: 180
INFO:root:pop fitness: 0.17856666666666668
INFO:root:elite fitness: 0.3012133333333333
INFO:root:Generation: 165
INFO:root:pop fitness: 0.18340666666666666
INFO:root:elite fitness: 0.34101333333333333
INFO:root:Generation: 181
INFO:root:pop fitness: 0.18802666666666668
INFO:root:elite fitness: 0.3264666666666667
INFO:root:Generation: 166
INFO:root:pop fitness: 0.1777133333333333
INFO:root:elite fitness: 0.29617333333333334
INFO:root:Generation: 182
INFO:root:pop fitness: 0.20038
INFO:root:elite fitness: 0.3353466666666666
INFO:root:Generation: 167
INFO:root:pop fitness: 0.16636
INFO:root:elite fitness: 0.28586666666666666
INFO:root:Generation: 183
INFO:root:pop fitness: 0.19854000000000002
INFO:root:elite fitness: 0.33736
INFO:root:Generation: 168
INFO:root:pop fitness: 0.16598666666666667
INFO:root:elite fitness: 0.28489333333333333
INFO:root:Generation: 184
INFO:root:pop fitness: 0.20709999999999998
INFO:root:elite fitness: 0.36176
INFO:root:Generation: 169
INFO:root:pop fitness: 0.16697333333333333
INFO:root:elite fitness: 0.2926
INFO:root:Generation: 185
INFO:root:pop fitness: 0.19820666666666667
INFO:root:elite fitness: 0.32733333333333337
INFO:root:Generation: 170
INFO:root:pop fitness: 0.17715999999999998
INFO:root:elite fitness: 0.32876000000000005
INFO:root:Generation: 186
INFO:root:pop fitness: 0.20060666666666668
INFO:root:elite fitness: 0.3253466666666667
INFO:root:Generation: 171
INFO:root:pop fitness: 0.16932666666666668
INFO:root:elite fitness: 0.29401333333333335
INFO:root:Generation: 187
INFO:root:pop fitness: 0.19154666666666667
INFO:root:elite fitness: 0.35132
INFO:root:Generation: 172
INFO:root:pop fitness: 0.15651333333333334
INFO:root:elite fitness: 0.2601733333333333
INFO:root:Generation: 188
INFO:root:pop fitness: 0.20557333333333336
INFO:root:elite fitness: 0.32627999999999996
INFO:root:Generation: 189
INFO:root:pop fitness: 0.20717333333333335
INFO:root:elite fitness: 0.37024
INFO:root:Generation: 173
INFO:root:pop fitness: 0.18914666666666666
INFO:root:elite fitness: 0.3158
INFO:root:Generation: 190
INFO:root:pop fitness: 0.18955333333333332
INFO:root:elite fitness: 0.32292
INFO:root:Generation: 174
INFO:root:pop fitness: 0.16896666666666665
INFO:root:elite fitness: 0.30835999999999997
INFO:root:Generation: 191
INFO:root:pop fitness: 0.19790666666666668
INFO:root:elite fitness: 0.33901333333333333
INFO:root:Generation: 175
INFO:root:pop fitness: 0.16743333333333332
INFO:root:elite fitness: 0.28496
INFO:root:Generation: 192
INFO:root:pop fitness: 0.20465999999999998
INFO:root:elite fitness: 0.33471999999999996
INFO:root:Generation: 176
INFO:root:pop fitness: 0.18023999999999998
INFO:root:elite fitness: 0.34345333333333333
INFO:root:Generation: 193
INFO:root:pop fitness: 0.20082666666666665
INFO:root:elite fitness: 0.34950666666666663
INFO:root:Generation: 177
INFO:root:pop fitness: 0.17748
INFO:root:elite fitness: 0.30929333333333336
INFO:root:Generation: 194
INFO:root:pop fitness: 0.20836666666666667
INFO:root:elite fitness: 0.3685866666666666
INFO:root:Generation: 178
INFO:root:pop fitness: 0.16962
INFO:root:elite fitness: 0.2967866666666667
INFO:root:Generation: 195
INFO:root:pop fitness: 0.19552000000000003
INFO:root:elite fitness: 0.35459999999999997
INFO:root:Generation: 179
INFO:root:pop fitness: 0.17342666666666667
INFO:root:elite fitness: 0.34459999999999996
INFO:root:Generation: 196
INFO:root:pop fitness: 0.19722
INFO:root:elite fitness: 0.35384
INFO:root:Generation: 180
INFO:root:pop fitness: 0.17533333333333334
INFO:root:elite fitness: 0.29418666666666665
INFO:root:Generation: 197
INFO:root:pop fitness: 0.20743333333333336
INFO:root:elite fitness: 0.3576933333333333
INFO:root:Generation: 181
INFO:root:pop fitness: 0.17929333333333333
INFO:root:elite fitness: 0.32372
INFO:root:Generation: 198
INFO:root:pop fitness: 0.20590666666666665
INFO:root:elite fitness: 0.34070666666666666
INFO:root:Generation: 182
INFO:root:pop fitness: 0.17448
INFO:root:elite fitness: 0.33785333333333334
INFO:root:Generation: 199
INFO:root:pop fitness: 0.19275333333333336
INFO:root:elite fitness: 0.3522666666666666
INFO:root:Generation: 183
INFO:root:pop fitness: 0.17956666666666665
INFO:root:elite fitness: 0.30445333333333335
INFO:root:Generation: 184
INFO:root:pop fitness: 0.19458666666666669
INFO:root:elite fitness: 0.33422666666666667
INFO:root:Generation: 185
INFO:root:pop fitness: 0.20434
INFO:root:elite fitness: 0.35125333333333336
INFO:root:Generation: 186
INFO:root:pop fitness: 0.18143333333333334
INFO:root:elite fitness: 0.3241733333333333
INFO:root:Generation: 187
INFO:root:pop fitness: 0.17374
INFO:root:elite fitness: 0.29962666666666665
INFO:root:Generation: 188
INFO:root:pop fitness: 0.17819999999999997
INFO:root:elite fitness: 0.3387866666666666
INFO:root:Generation: 189
INFO:root:pop fitness: 0.18396666666666667
INFO:root:elite fitness: 0.34270666666666666
INFO:root:Generation: 190
INFO:root:pop fitness: 0.1870666666666667
INFO:root:elite fitness: 0.31312
INFO:root:Generation: 191
INFO:root:pop fitness: 0.19738666666666665
INFO:root:elite fitness: 0.3507333333333334
INFO:root:Generation: 192
INFO:root:pop fitness: 0.1843533333333333
INFO:root:elite fitness: 0.31932
INFO:root:Generation: 193
INFO:root:pop fitness: 0.19145333333333334
INFO:root:elite fitness: 0.326
INFO:root:Generation: 194
INFO:root:pop fitness: 0.18209999999999998
INFO:root:elite fitness: 0.31110666666666664
INFO:root:Generation: 195
INFO:root:pop fitness: 0.19387333333333334
INFO:root:elite fitness: 0.3200533333333333
INFO:root:Generation: 196
INFO:root:pop fitness: 0.18057333333333334
INFO:root:elite fitness: 0.30433333333333334
INFO:root:Generation: 197
INFO:root:pop fitness: 0.17527333333333334
INFO:root:elite fitness: 0.31808000000000003
INFO:root:Generation: 198
INFO:root:pop fitness: 0.18444666666666668
INFO:root:elite fitness: 0.3044666666666667
INFO:root:Generation: 199
INFO:root:pop fitness: 0.18762
INFO:root:elite fitness: 0.30748
