INFO:root:run_master: Namespace(arms='10', hidden='8', layers='3', max_gen='200', message='', mutation_mag='0.1', name='resetSteps', noise=False, pop_size='100', save_result=True, steps='3', trials='100')
INFO:root:run_master: Namespace(arms='10', hidden='8', layers='3', max_gen='200', message='', mutation_mag='0.1', name='resetSteps', noise=True, pop_size='100', save_result=True, steps='3', trials='100')
INFO:root:Generation: 0
INFO:root:pop fitness: 0.10076
INFO:root:elite fitness: 0.11259999999999999
INFO:root:Generation: 0
INFO:root:pop fitness: 0.10175999999999999
INFO:root:elite fitness: 0.11662
INFO:root:Generation: 1
INFO:root:pop fitness: 0.10150999999999998
INFO:root:elite fitness: 0.11416
INFO:root:Generation: 1
INFO:root:pop fitness: 0.10128
INFO:root:elite fitness: 0.11535999999999998
INFO:root:Generation: 2
INFO:root:pop fitness: 0.10114
INFO:root:elite fitness: 0.118
INFO:root:Generation: 2
INFO:root:pop fitness: 0.10077000000000001
INFO:root:elite fitness: 0.11777999999999998
INFO:root:Generation: 3
INFO:root:pop fitness: 0.10317
INFO:root:elite fitness: 0.12582000000000002
INFO:root:Generation: 3
INFO:root:pop fitness: 0.10031000000000002
INFO:root:elite fitness: 0.11965999999999999
INFO:root:Generation: 4
INFO:root:pop fitness: 0.09867
INFO:root:elite fitness: 0.11710000000000001
INFO:root:Generation: 4
INFO:root:pop fitness: 0.10152999999999998
INFO:root:elite fitness: 0.13068
INFO:root:Generation: 5
INFO:root:pop fitness: 0.10179
INFO:root:elite fitness: 0.12618
INFO:root:Generation: 5
INFO:root:pop fitness: 0.09960000000000002
INFO:root:elite fitness: 0.12454000000000001
INFO:root:Generation: 6
INFO:root:pop fitness: 0.09824999999999999
INFO:root:elite fitness: 0.12440000000000001
INFO:root:Generation: 6
INFO:root:pop fitness: 0.0969
INFO:root:elite fitness: 0.12718
INFO:root:Generation: 7
INFO:root:pop fitness: 0.10097999999999999
INFO:root:elite fitness: 0.12782
INFO:root:Generation: 7
INFO:root:pop fitness: 0.10187999999999998
INFO:root:elite fitness: 0.1352
INFO:root:Generation: 8
INFO:root:pop fitness: 0.09849999999999998
INFO:root:elite fitness: 0.12944000000000003
INFO:root:Generation: 8
INFO:root:pop fitness: 0.10316000000000003
INFO:root:elite fitness: 0.14809999999999998
INFO:root:Generation: 9
INFO:root:pop fitness: 0.10059999999999998
INFO:root:elite fitness: 0.13412000000000002
INFO:root:Generation: 9
INFO:root:pop fitness: 0.10187999999999998
INFO:root:elite fitness: 0.14450000000000002
INFO:root:Generation: 10
INFO:root:pop fitness: 0.09703999999999999
INFO:root:elite fitness: 0.13698000000000002
INFO:root:Generation: 10
INFO:root:pop fitness: 0.10257
INFO:root:elite fitness: 0.16562000000000002
INFO:root:Generation: 11
INFO:root:pop fitness: 0.09613999999999999
INFO:root:elite fitness: 0.1408
INFO:root:Generation: 12
INFO:root:pop fitness: 0.10209999999999997
INFO:root:elite fitness: 0.15632
INFO:root:Generation: 11
INFO:root:pop fitness: 0.10176
INFO:root:elite fitness: 0.1521
INFO:root:Generation: 13
INFO:root:pop fitness: 0.10202
INFO:root:elite fitness: 0.16259999999999997
INFO:root:Generation: 12
INFO:root:pop fitness: 0.11170999999999999
INFO:root:elite fitness: 0.20256
INFO:root:Generation: 14
INFO:root:pop fitness: 0.10069999999999998
INFO:root:elite fitness: 0.17464
INFO:root:Generation: 13
INFO:root:pop fitness: 0.10089000000000001
INFO:root:elite fitness: 0.15694
INFO:root:Generation: 15
INFO:root:pop fitness: 0.09935000000000002
INFO:root:elite fitness: 0.16027999999999998
INFO:root:Generation: 14
INFO:root:pop fitness: 0.10319
INFO:root:elite fitness: 0.157
INFO:root:Generation: 16
INFO:root:pop fitness: 0.10499999999999998
INFO:root:elite fitness: 0.16651999999999997
INFO:root:Generation: 15
INFO:root:pop fitness: 0.10296000000000001
INFO:root:elite fitness: 0.1599
INFO:root:Generation: 17
INFO:root:pop fitness: 0.11365000000000001
INFO:root:elite fitness: 0.1807
INFO:root:Generation: 16
INFO:root:pop fitness: 0.10000999999999997
INFO:root:elite fitness: 0.16642000000000004
INFO:root:Generation: 18
INFO:root:pop fitness: 0.10364
INFO:root:elite fitness: 0.16726000000000002
INFO:root:Generation: 17
INFO:root:pop fitness: 0.09937
INFO:root:elite fitness: 0.16462000000000004
INFO:root:Generation: 19
INFO:root:pop fitness: 0.11506999999999999
INFO:root:elite fitness: 0.2089
INFO:root:Generation: 18
INFO:root:pop fitness: 0.10189
INFO:root:elite fitness: 0.16976
INFO:root:Generation: 20
INFO:root:pop fitness: 0.11792
INFO:root:elite fitness: 0.20183999999999996
INFO:root:Generation: 19
INFO:root:pop fitness: 0.10703
INFO:root:elite fitness: 0.18260000000000004
INFO:root:Generation: 21
INFO:root:pop fitness: 0.11144
INFO:root:elite fitness: 0.18661999999999998
INFO:root:Generation: 22
INFO:root:pop fitness: 0.10033999999999998
INFO:root:elite fitness: 0.20118
INFO:root:Generation: 20
INFO:root:pop fitness: 0.10354000000000001
INFO:root:elite fitness: 0.17433999999999997
INFO:root:Generation: 23
INFO:root:pop fitness: 0.10072
INFO:root:elite fitness: 0.18266
INFO:root:Generation: 21
INFO:root:pop fitness: 0.10403000000000001
INFO:root:elite fitness: 0.20597999999999994
INFO:root:Generation: 24
INFO:root:pop fitness: 0.10642000000000001
INFO:root:elite fitness: 0.20428000000000002
INFO:root:Generation: 22
INFO:root:pop fitness: 0.10278000000000002
INFO:root:elite fitness: 0.20698
INFO:root:Generation: 25
INFO:root:pop fitness: 0.11449999999999998
INFO:root:elite fitness: 0.2059
INFO:root:Generation: 23
INFO:root:pop fitness: 0.10689999999999998
INFO:root:elite fitness: 0.21186
INFO:root:Generation: 26
INFO:root:pop fitness: 0.11652
INFO:root:elite fitness: 0.21389999999999998
INFO:root:Generation: 24
INFO:root:pop fitness: 0.10475
INFO:root:elite fitness: 0.19902
INFO:root:Generation: 27
INFO:root:pop fitness: 0.12397
INFO:root:elite fitness: 0.26544
INFO:root:Generation: 25
INFO:root:pop fitness: 0.11633999999999999
INFO:root:elite fitness: 0.20890000000000003
INFO:root:Generation: 28
INFO:root:pop fitness: 0.11939
INFO:root:elite fitness: 0.20622
INFO:root:Generation: 26
INFO:root:pop fitness: 0.10291
INFO:root:elite fitness: 0.19602
INFO:root:Generation: 29
INFO:root:pop fitness: 0.10433999999999999
INFO:root:elite fitness: 0.1935
INFO:root:Generation: 27
INFO:root:pop fitness: 0.11271999999999999
INFO:root:elite fitness: 0.19827999999999998
INFO:root:Generation: 30
INFO:root:pop fitness: 0.10032999999999999
INFO:root:elite fitness: 0.24976000000000004
INFO:root:Generation: 28
INFO:root:pop fitness: 0.09820999999999998
INFO:root:elite fitness: 0.19096
INFO:root:Generation: 31
INFO:root:pop fitness: 0.10354
INFO:root:elite fitness: 0.18558
INFO:root:Generation: 29
INFO:root:pop fitness: 0.11238999999999999
INFO:root:elite fitness: 0.20595999999999998
INFO:root:Generation: 32
INFO:root:pop fitness: 0.11073000000000001
INFO:root:elite fitness: 0.20577999999999996
INFO:root:Generation: 33
INFO:root:pop fitness: 0.12193
INFO:root:elite fitness: 0.21574000000000002
INFO:root:Generation: 30
INFO:root:pop fitness: 0.09844
INFO:root:elite fitness: 0.20262000000000005
INFO:root:Generation: 34
INFO:root:pop fitness: 0.11959000000000002
INFO:root:elite fitness: 0.22584000000000007
INFO:root:Generation: 31
INFO:root:pop fitness: 0.10459000000000002
INFO:root:elite fitness: 0.19039999999999996
INFO:root:Generation: 35
INFO:root:pop fitness: 0.11833
INFO:root:elite fitness: 0.24661999999999998
INFO:root:Generation: 32
INFO:root:pop fitness: 0.10413
INFO:root:elite fitness: 0.2304
INFO:root:Generation: 36
INFO:root:pop fitness: 0.12166
INFO:root:elite fitness: 0.23662
INFO:root:Generation: 33
INFO:root:pop fitness: 0.11886000000000001
INFO:root:elite fitness: 0.2254
INFO:root:Generation: 37
INFO:root:pop fitness: 0.11622
INFO:root:elite fitness: 0.21906000000000003
INFO:root:Generation: 34
INFO:root:pop fitness: 0.12235
INFO:root:elite fitness: 0.22573999999999997
INFO:root:Generation: 38
INFO:root:pop fitness: 0.1291
INFO:root:elite fitness: 0.22538
INFO:root:Generation: 35
INFO:root:pop fitness: 0.11725
INFO:root:elite fitness: 0.23645999999999998
INFO:root:Generation: 39
INFO:root:pop fitness: 0.12916999999999998
INFO:root:elite fitness: 0.23588
INFO:root:Generation: 36
INFO:root:pop fitness: 0.12077000000000002
INFO:root:elite fitness: 0.25444
INFO:root:Generation: 40
INFO:root:pop fitness: 0.14561
INFO:root:elite fitness: 0.27386
INFO:root:Generation: 37
INFO:root:pop fitness: 0.11090000000000001
INFO:root:elite fitness: 0.20607999999999996
INFO:root:Generation: 41
INFO:root:pop fitness: 0.13914000000000004
INFO:root:elite fitness: 0.28866
INFO:root:Generation: 38
INFO:root:pop fitness: 0.11596999999999999
INFO:root:elite fitness: 0.21186
INFO:root:Generation: 42
INFO:root:pop fitness: 0.13726
INFO:root:elite fitness: 0.26002
INFO:root:Generation: 43
INFO:root:pop fitness: 0.12364000000000001
INFO:root:elite fitness: 0.23544
INFO:root:Generation: 39
INFO:root:pop fitness: 0.11194000000000003
INFO:root:elite fitness: 0.2395
INFO:root:Generation: 44
INFO:root:pop fitness: 0.13335000000000002
INFO:root:elite fitness: 0.23739999999999997
INFO:root:Generation: 40
INFO:root:pop fitness: 0.11875000000000002
INFO:root:elite fitness: 0.24107999999999996
INFO:root:Generation: 45
INFO:root:pop fitness: 0.13477
INFO:root:elite fitness: 0.24719999999999998
INFO:root:Generation: 41
INFO:root:pop fitness: 0.1197
INFO:root:elite fitness: 0.23360000000000003
INFO:root:Generation: 46
INFO:root:pop fitness: 0.12190000000000001
INFO:root:elite fitness: 0.26821999999999996
INFO:root:Generation: 42
INFO:root:pop fitness: 0.11689999999999999
INFO:root:elite fitness: 0.23052000000000003
INFO:root:Generation: 47
INFO:root:pop fitness: 0.11807000000000001
INFO:root:elite fitness: 0.2612
INFO:root:Generation: 43
INFO:root:pop fitness: 0.113
INFO:root:elite fitness: 0.23439999999999997
INFO:root:Generation: 48
INFO:root:pop fitness: 0.12388
INFO:root:elite fitness: 0.2378
INFO:root:Generation: 44
INFO:root:pop fitness: 0.10404999999999999
INFO:root:elite fitness: 0.22582000000000002
INFO:root:Generation: 49
INFO:root:pop fitness: 0.13559
INFO:root:elite fitness: 0.24334
INFO:root:Generation: 45
INFO:root:pop fitness: 0.11372
INFO:root:elite fitness: 0.21567999999999998
INFO:root:Generation: 50
INFO:root:pop fitness: 0.13165
INFO:root:elite fitness: 0.26249999999999996
INFO:root:Generation: 46
INFO:root:pop fitness: 0.10059
INFO:root:elite fitness: 0.21218000000000004
INFO:root:Generation: 51
INFO:root:pop fitness: 0.13337000000000002
INFO:root:elite fitness: 0.2563
INFO:root:Generation: 47
INFO:root:pop fitness: 0.0974
INFO:root:elite fitness: 0.20565999999999998
INFO:root:Generation: 52
INFO:root:pop fitness: 0.13087
INFO:root:elite fitness: 0.25748000000000004
INFO:root:Generation: 48
INFO:root:pop fitness: 0.09913000000000002
INFO:root:elite fitness: 0.19606
INFO:root:Generation: 53
INFO:root:pop fitness: 0.12655
INFO:root:elite fitness: 0.23875999999999997
INFO:root:Generation: 49
INFO:root:pop fitness: 0.11173000000000002
INFO:root:elite fitness: 0.24836
INFO:root:Generation: 54
INFO:root:pop fitness: 0.12052000000000002
INFO:root:elite fitness: 0.23430000000000004
INFO:root:Generation: 50
INFO:root:pop fitness: 0.10054
INFO:root:elite fitness: 0.21752
INFO:root:Generation: 55
INFO:root:pop fitness: 0.12441999999999999
INFO:root:elite fitness: 0.23071999999999995
INFO:root:Generation: 56
INFO:root:pop fitness: 0.12889
INFO:root:elite fitness: 0.2563
INFO:root:Generation: 51
INFO:root:pop fitness: 0.13513999999999998
INFO:root:elite fitness: 0.27746000000000004
INFO:root:Generation: 57
INFO:root:pop fitness: 0.13393
INFO:root:elite fitness: 0.22633999999999996
INFO:root:Generation: 52
INFO:root:pop fitness: 0.11341999999999999
INFO:root:elite fitness: 0.25048000000000004
INFO:root:Generation: 58
INFO:root:pop fitness: 0.12673
INFO:root:elite fitness: 0.24891999999999995
INFO:root:Generation: 53
INFO:root:pop fitness: 0.11292999999999999
INFO:root:elite fitness: 0.22708000000000003
INFO:root:Generation: 59
INFO:root:pop fitness: 0.14307
INFO:root:elite fitness: 0.26016
INFO:root:Generation: 54
INFO:root:pop fitness: 0.10562
INFO:root:elite fitness: 0.21142000000000002
INFO:root:Generation: 60
INFO:root:pop fitness: 0.13511
INFO:root:elite fitness: 0.25592000000000004
INFO:root:Generation: 55
INFO:root:pop fitness: 0.09469000000000001
INFO:root:elite fitness: 0.19323999999999997
INFO:root:Generation: 61
INFO:root:pop fitness: 0.13058999999999998
INFO:root:elite fitness: 0.25551999999999997
INFO:root:Generation: 56
INFO:root:pop fitness: 0.11198000000000001
INFO:root:elite fitness: 0.2622
INFO:root:Generation: 62
INFO:root:pop fitness: 0.13882
INFO:root:elite fitness: 0.25976000000000005
INFO:root:Generation: 57
INFO:root:pop fitness: 0.10658999999999999
INFO:root:elite fitness: 0.24704
INFO:root:Generation: 63
INFO:root:pop fitness: 0.12111000000000002
INFO:root:elite fitness: 0.24081999999999998
INFO:root:Generation: 58
INFO:root:pop fitness: 0.11899000000000001
INFO:root:elite fitness: 0.21392000000000003
INFO:root:Generation: 64
INFO:root:pop fitness: 0.11816999999999997
INFO:root:elite fitness: 0.24626
INFO:root:Generation: 59
INFO:root:pop fitness: 0.10772999999999999
INFO:root:elite fitness: 0.22274000000000002
INFO:root:Generation: 65
INFO:root:pop fitness: 0.12646000000000002
INFO:root:elite fitness: 0.23988000000000004
INFO:root:Generation: 60
INFO:root:pop fitness: 0.11392999999999999
INFO:root:elite fitness: 0.22376
INFO:root:Generation: 66
INFO:root:pop fitness: 0.13424999999999998
INFO:root:elite fitness: 0.25368
INFO:root:Generation: 67
INFO:root:pop fitness: 0.12684
INFO:root:elite fitness: 0.21788
INFO:root:Generation: 61
INFO:root:pop fitness: 0.11618999999999997
INFO:root:elite fitness: 0.2441
INFO:root:Generation: 68
INFO:root:pop fitness: 0.13801
INFO:root:elite fitness: 0.25720000000000004
INFO:root:Generation: 62
INFO:root:pop fitness: 0.13236
INFO:root:elite fitness: 0.26836000000000004
INFO:root:Generation: 69
INFO:root:pop fitness: 0.14711
INFO:root:elite fitness: 0.27284
INFO:root:Generation: 63
INFO:root:pop fitness: 0.13821
INFO:root:elite fitness: 0.25506
INFO:root:Generation: 70
INFO:root:pop fitness: 0.11777999999999997
INFO:root:elite fitness: 0.24301999999999999
INFO:root:Generation: 64
INFO:root:pop fitness: 0.12625
INFO:root:elite fitness: 0.26812
INFO:root:Generation: 71
INFO:root:pop fitness: 0.13518
INFO:root:elite fitness: 0.24695999999999999
INFO:root:Generation: 65
INFO:root:pop fitness: 0.13580000000000003
INFO:root:elite fitness: 0.27212000000000003
INFO:root:Generation: 72
INFO:root:pop fitness: 0.13813
INFO:root:elite fitness: 0.2759
INFO:root:Generation: 66
INFO:root:pop fitness: 0.13804
INFO:root:elite fitness: 0.25788000000000005
INFO:root:Generation: 73
INFO:root:pop fitness: 0.13676
INFO:root:elite fitness: 0.25332000000000005
INFO:root:Generation: 67
INFO:root:pop fitness: 0.15091
INFO:root:elite fitness: 0.27480000000000004
INFO:root:Generation: 74
INFO:root:pop fitness: 0.13692000000000001
INFO:root:elite fitness: 0.29174
INFO:root:Generation: 68
INFO:root:pop fitness: 0.14072
INFO:root:elite fitness: 0.26132
INFO:root:Generation: 75
INFO:root:pop fitness: 0.14607
INFO:root:elite fitness: 0.29958
INFO:root:Generation: 76
INFO:root:pop fitness: 0.13149
INFO:root:elite fitness: 0.25694
INFO:root:Generation: 69
INFO:root:pop fitness: 0.15433
INFO:root:elite fitness: 0.31806000000000006
INFO:root:Generation: 77
INFO:root:pop fitness: 0.13998
INFO:root:elite fitness: 0.2872
INFO:root:Generation: 70
INFO:root:pop fitness: 0.13416999999999998
INFO:root:elite fitness: 0.22864
INFO:root:Generation: 78
INFO:root:pop fitness: 0.13116999999999998
INFO:root:elite fitness: 0.27884
INFO:root:Generation: 71
INFO:root:pop fitness: 0.14423000000000002
INFO:root:elite fitness: 0.23174
INFO:root:Generation: 79
INFO:root:pop fitness: 0.12979
INFO:root:elite fitness: 0.27864
INFO:root:Generation: 72
INFO:root:pop fitness: 0.1246
INFO:root:elite fitness: 0.22246
INFO:root:Generation: 80
INFO:root:pop fitness: 0.13266
INFO:root:elite fitness: 0.25823999999999997
INFO:root:Generation: 73
INFO:root:pop fitness: 0.16535
INFO:root:elite fitness: 0.28686
INFO:root:Generation: 81
INFO:root:pop fitness: 0.13674
INFO:root:elite fitness: 0.27526
INFO:root:Generation: 74
INFO:root:pop fitness: 0.15764
INFO:root:elite fitness: 0.27654
INFO:root:Generation: 82
INFO:root:pop fitness: 0.15266
INFO:root:elite fitness: 0.29407999999999995
INFO:root:Generation: 75
INFO:root:pop fitness: 0.15102000000000002
INFO:root:elite fitness: 0.28626
INFO:root:Generation: 83
INFO:root:pop fitness: 0.13999000000000003
INFO:root:elite fitness: 0.28913999999999995
INFO:root:Generation: 76
INFO:root:pop fitness: 0.13615999999999998
INFO:root:elite fitness: 0.24559999999999998
INFO:root:Generation: 84
INFO:root:pop fitness: 0.1551
INFO:root:elite fitness: 0.29688000000000003
INFO:root:Generation: 77
INFO:root:pop fitness: 0.14123
INFO:root:elite fitness: 0.24950000000000003
INFO:root:Generation: 85
INFO:root:pop fitness: 0.14611000000000002
INFO:root:elite fitness: 0.29054
INFO:root:Generation: 78
INFO:root:pop fitness: 0.1398
INFO:root:elite fitness: 0.27482
INFO:root:Generation: 86
INFO:root:pop fitness: 0.16616
INFO:root:elite fitness: 0.31066000000000005
INFO:root:Generation: 79
INFO:root:pop fitness: 0.1415
INFO:root:elite fitness: 0.28200000000000003
INFO:root:Generation: 87
INFO:root:pop fitness: 0.15502
INFO:root:elite fitness: 0.29962
INFO:root:Generation: 88
INFO:root:pop fitness: 0.17518000000000003
INFO:root:elite fitness: 0.33232
INFO:root:Generation: 80
INFO:root:pop fitness: 0.1249
INFO:root:elite fitness: 0.22918000000000002
INFO:root:Generation: 89
INFO:root:pop fitness: 0.1763
INFO:root:elite fitness: 0.30196
INFO:root:Generation: 81
INFO:root:pop fitness: 0.13769
INFO:root:elite fitness: 0.27602000000000004
INFO:root:Generation: 90
INFO:root:pop fitness: 0.17533
INFO:root:elite fitness: 0.33108
INFO:root:Generation: 82
INFO:root:pop fitness: 0.13427999999999998
INFO:root:elite fitness: 0.25574
INFO:root:Generation: 91
INFO:root:pop fitness: 0.15665
INFO:root:elite fitness: 0.35377999999999993
INFO:root:Generation: 83
INFO:root:pop fitness: 0.13125
INFO:root:elite fitness: 0.24398
INFO:root:Generation: 92
INFO:root:pop fitness: 0.13956
INFO:root:elite fitness: 0.27718
INFO:root:Generation: 84
INFO:root:pop fitness: 0.15326
INFO:root:elite fitness: 0.29326
INFO:root:Generation: 93
INFO:root:pop fitness: 0.1437
INFO:root:elite fitness: 0.27336000000000005
INFO:root:Generation: 85
INFO:root:pop fitness: 0.14855000000000002
INFO:root:elite fitness: 0.27856
INFO:root:Generation: 94
INFO:root:pop fitness: 0.16936999999999997
INFO:root:elite fitness: 0.30122
INFO:root:Generation: 86
INFO:root:pop fitness: 0.13963999999999996
INFO:root:elite fitness: 0.25128
INFO:root:Generation: 95
INFO:root:pop fitness: 0.161
INFO:root:elite fitness: 0.29291999999999996
INFO:root:Generation: 87
INFO:root:pop fitness: 0.1452
INFO:root:elite fitness: 0.26766
INFO:root:Generation: 96
INFO:root:pop fitness: 0.16275000000000003
INFO:root:elite fitness: 0.32822
INFO:root:Generation: 88
INFO:root:pop fitness: 0.13318000000000002
INFO:root:elite fitness: 0.29458
INFO:root:Generation: 97
INFO:root:pop fitness: 0.16113999999999998
INFO:root:elite fitness: 0.2845
INFO:root:Generation: 89
INFO:root:pop fitness: 0.14613
INFO:root:elite fitness: 0.2799
INFO:root:Generation: 98
INFO:root:pop fitness: 0.15506
INFO:root:elite fitness: 0.3134
INFO:root:Generation: 99
INFO:root:pop fitness: 0.15696
INFO:root:elite fitness: 0.27654
INFO:root:Generation: 90
INFO:root:pop fitness: 0.14446
INFO:root:elite fitness: 0.27238
INFO:root:Generation: 100
INFO:root:pop fitness: 0.17448000000000005
INFO:root:elite fitness: 0.31644
INFO:root:Generation: 91
INFO:root:pop fitness: 0.17572000000000007
INFO:root:elite fitness: 0.30892
INFO:root:Generation: 101
INFO:root:pop fitness: 0.17130000000000004
INFO:root:elite fitness: 0.28298
INFO:root:Generation: 92
INFO:root:pop fitness: 0.17563000000000004
INFO:root:elite fitness: 0.31038
INFO:root:Generation: 102
INFO:root:pop fitness: 0.16289
INFO:root:elite fitness: 0.31226
INFO:root:Generation: 93
INFO:root:pop fitness: 0.16649
INFO:root:elite fitness: 0.33541999999999994
INFO:root:Generation: 103
INFO:root:pop fitness: 0.18666
INFO:root:elite fitness: 0.3246
INFO:root:Generation: 94
INFO:root:pop fitness: 0.15366
INFO:root:elite fitness: 0.29938
INFO:root:Generation: 104
INFO:root:pop fitness: 0.17726
INFO:root:elite fitness: 0.28851999999999994
INFO:root:Generation: 95
INFO:root:pop fitness: 0.15049
INFO:root:elite fitness: 0.27152
INFO:root:Generation: 105
INFO:root:pop fitness: 0.19316000000000003
INFO:root:elite fitness: 0.30894
INFO:root:Generation: 96
INFO:root:pop fitness: 0.15747
INFO:root:elite fitness: 0.29318
INFO:root:Generation: 106
INFO:root:pop fitness: 0.18977999999999998
INFO:root:elite fitness: 0.35944
INFO:root:Generation: 97
INFO:root:pop fitness: 0.15391999999999997
INFO:root:elite fitness: 0.32868
INFO:root:Generation: 107
INFO:root:pop fitness: 0.16562000000000002
INFO:root:elite fitness: 0.30168
INFO:root:Generation: 98
INFO:root:pop fitness: 0.16261000000000003
INFO:root:elite fitness: 0.3092
INFO:root:Generation: 108
INFO:root:pop fitness: 0.16259999999999997
INFO:root:elite fitness: 0.31156
INFO:root:Generation: 99
INFO:root:pop fitness: 0.16320999999999997
INFO:root:elite fitness: 0.30113999999999996
INFO:root:Generation: 109
INFO:root:pop fitness: 0.18926
INFO:root:elite fitness: 0.32594
INFO:root:Generation: 110
INFO:root:pop fitness: 0.17579000000000003
INFO:root:elite fitness: 0.31172
INFO:root:Generation: 100
INFO:root:pop fitness: 0.14727
INFO:root:elite fitness: 0.25848000000000004
INFO:root:Generation: 111
INFO:root:pop fitness: 0.17682000000000006
INFO:root:elite fitness: 0.31739999999999996
INFO:root:Generation: 101
INFO:root:pop fitness: 0.15178999999999998
INFO:root:elite fitness: 0.28122
INFO:root:Generation: 112
INFO:root:pop fitness: 0.17525
INFO:root:elite fitness: 0.32339999999999997
INFO:root:Generation: 102
INFO:root:pop fitness: 0.15559
INFO:root:elite fitness: 0.29532
INFO:root:Generation: 113
INFO:root:pop fitness: 0.17452
INFO:root:elite fitness: 0.29634
INFO:root:Generation: 103
INFO:root:pop fitness: 0.15805
INFO:root:elite fitness: 0.29175999999999996
INFO:root:Generation: 114
INFO:root:pop fitness: 0.18303999999999998
INFO:root:elite fitness: 0.3344
INFO:root:Generation: 104
INFO:root:pop fitness: 0.16668
INFO:root:elite fitness: 0.2953
INFO:root:Generation: 115
INFO:root:pop fitness: 0.18137000000000003
INFO:root:elite fitness: 0.32466
INFO:root:Generation: 105
INFO:root:pop fitness: 0.16299999999999998
INFO:root:elite fitness: 0.31418
INFO:root:Generation: 116
INFO:root:pop fitness: 0.16272000000000003
INFO:root:elite fitness: 0.30406
INFO:root:Generation: 106
INFO:root:pop fitness: 0.16999000000000003
INFO:root:elite fitness: 0.30564
INFO:root:Generation: 117
INFO:root:pop fitness: 0.1702
INFO:root:elite fitness: 0.30578
INFO:root:Generation: 107
INFO:root:pop fitness: 0.17619000000000004
INFO:root:elite fitness: 0.31317999999999996
INFO:root:Generation: 118
INFO:root:pop fitness: 0.17674000000000004
INFO:root:elite fitness: 0.33457999999999993
INFO:root:Generation: 108
INFO:root:pop fitness: 0.17201
INFO:root:elite fitness: 0.31522
INFO:root:Generation: 119
INFO:root:pop fitness: 0.16539
INFO:root:elite fitness: 0.2922199999999999
INFO:root:Generation: 109
INFO:root:pop fitness: 0.15882
INFO:root:elite fitness: 0.34429999999999994
INFO:root:Generation: 120
INFO:root:pop fitness: 0.17096
INFO:root:elite fitness: 0.32364
INFO:root:Generation: 121
INFO:root:pop fitness: 0.17425000000000002
INFO:root:elite fitness: 0.28741999999999995
INFO:root:Generation: 110
INFO:root:pop fitness: 0.15841000000000002
INFO:root:elite fitness: 0.31464000000000003
INFO:root:Generation: 122
INFO:root:pop fitness: 0.1592
INFO:root:elite fitness: 0.28851999999999994
INFO:root:Generation: 111
INFO:root:pop fitness: 0.16539
INFO:root:elite fitness: 0.29206
INFO:root:Generation: 123
INFO:root:pop fitness: 0.16637000000000002
INFO:root:elite fitness: 0.32926
INFO:root:Generation: 112
INFO:root:pop fitness: 0.17370000000000002
INFO:root:elite fitness: 0.32595999999999997
INFO:root:Generation: 124
INFO:root:pop fitness: 0.15722000000000003
INFO:root:elite fitness: 0.33448
INFO:root:Generation: 113
INFO:root:pop fitness: 0.16176000000000001
INFO:root:elite fitness: 0.27918000000000004
INFO:root:Generation: 125
INFO:root:pop fitness: 0.17210999999999999
INFO:root:elite fitness: 0.29556
INFO:root:Generation: 114
INFO:root:pop fitness: 0.17062999999999998
INFO:root:elite fitness: 0.29469999999999996
INFO:root:Generation: 126
INFO:root:pop fitness: 0.17305999999999996
INFO:root:elite fitness: 0.30814
INFO:root:Generation: 115
INFO:root:pop fitness: 0.16524
INFO:root:elite fitness: 0.3214
INFO:root:Generation: 127
INFO:root:pop fitness: 0.16844000000000003
INFO:root:elite fitness: 0.2923
INFO:root:Generation: 116
INFO:root:pop fitness: 0.17323
INFO:root:elite fitness: 0.30208
INFO:root:Generation: 128
INFO:root:pop fitness: 0.17680999999999997
INFO:root:elite fitness: 0.31724
INFO:root:Generation: 117
INFO:root:pop fitness: 0.16498
INFO:root:elite fitness: 0.31436000000000003
INFO:root:Generation: 129
INFO:root:pop fitness: 0.16858
INFO:root:elite fitness: 0.29166000000000003
INFO:root:Generation: 118
INFO:root:pop fitness: 0.14148
INFO:root:elite fitness: 0.25389999999999996
INFO:root:Generation: 130
INFO:root:pop fitness: 0.20354000000000005
INFO:root:elite fitness: 0.35025999999999996
INFO:root:Generation: 119
INFO:root:pop fitness: 0.13129000000000002
INFO:root:elite fitness: 0.26004
INFO:root:Generation: 131
INFO:root:pop fitness: 0.16808
INFO:root:elite fitness: 0.31484
INFO:root:Generation: 132
INFO:root:pop fitness: 0.17859000000000005
INFO:root:elite fitness: 0.31764
INFO:root:Generation: 120
INFO:root:pop fitness: 0.15324999999999997
INFO:root:elite fitness: 0.28196
INFO:root:Generation: 133
INFO:root:pop fitness: 0.17435000000000003
INFO:root:elite fitness: 0.29312
INFO:root:Generation: 121
INFO:root:pop fitness: 0.18559
INFO:root:elite fitness: 0.3306
INFO:root:Generation: 134
INFO:root:pop fitness: 0.17962999999999993
INFO:root:elite fitness: 0.32428000000000007
INFO:root:Generation: 122
INFO:root:pop fitness: 0.17944
INFO:root:elite fitness: 0.3876199999999999
INFO:root:Generation: 135
INFO:root:pop fitness: 0.18048000000000006
INFO:root:elite fitness: 0.3375200000000001
INFO:root:Generation: 123
INFO:root:pop fitness: 0.17256000000000005
INFO:root:elite fitness: 0.35298
INFO:root:Generation: 136
INFO:root:pop fitness: 0.17651
INFO:root:elite fitness: 0.32244
INFO:root:Generation: 124
INFO:root:pop fitness: 0.19952999999999999
INFO:root:elite fitness: 0.34082
INFO:root:Generation: 137
INFO:root:pop fitness: 0.18672000000000005
INFO:root:elite fitness: 0.30802
INFO:root:Generation: 125
INFO:root:pop fitness: 0.18254
INFO:root:elite fitness: 0.33346000000000003
INFO:root:Generation: 138
INFO:root:pop fitness: 0.16503999999999996
INFO:root:elite fitness: 0.31788
INFO:root:Generation: 126
INFO:root:pop fitness: 0.18552999999999997
INFO:root:elite fitness: 0.36568000000000006
INFO:root:Generation: 139
INFO:root:pop fitness: 0.18615000000000007
INFO:root:elite fitness: 0.34174
INFO:root:Generation: 127
INFO:root:pop fitness: 0.16974000000000003
INFO:root:elite fitness: 0.32396
INFO:root:Generation: 140
INFO:root:pop fitness: 0.20496999999999999
INFO:root:elite fitness: 0.34370000000000006
INFO:root:Generation: 128
INFO:root:pop fitness: 0.1641
INFO:root:elite fitness: 0.30956
INFO:root:Generation: 141
INFO:root:pop fitness: 0.18886
INFO:root:elite fitness: 0.34838
INFO:root:Generation: 129
INFO:root:pop fitness: 0.15485000000000002
INFO:root:elite fitness: 0.28436
INFO:root:Generation: 142
INFO:root:pop fitness: 0.19016000000000002
INFO:root:elite fitness: 0.34403999999999996
INFO:root:Generation: 130
INFO:root:pop fitness: 0.17384
INFO:root:elite fitness: 0.31796
INFO:root:Generation: 143
INFO:root:pop fitness: 0.18622000000000002
INFO:root:elite fitness: 0.33992000000000006
INFO:root:Generation: 144
INFO:root:pop fitness: 0.17294000000000004
INFO:root:elite fitness: 0.30576000000000003
INFO:root:Generation: 131
INFO:root:pop fitness: 0.16835999999999998
INFO:root:elite fitness: 0.30534
INFO:root:Generation: 145
INFO:root:pop fitness: 0.18405000000000002
INFO:root:elite fitness: 0.34547999999999995
INFO:root:Generation: 132
INFO:root:pop fitness: 0.17610000000000003
INFO:root:elite fitness: 0.31654
INFO:root:Generation: 146
INFO:root:pop fitness: 0.17335
INFO:root:elite fitness: 0.31829999999999997
INFO:root:Generation: 133
INFO:root:pop fitness: 0.17040999999999998
INFO:root:elite fitness: 0.32733999999999996
INFO:root:Generation: 147
INFO:root:pop fitness: 0.18875999999999998
INFO:root:elite fitness: 0.34878
INFO:root:Generation: 134
INFO:root:pop fitness: 0.16919
INFO:root:elite fitness: 0.29790000000000005
INFO:root:Generation: 148
INFO:root:pop fitness: 0.18623
INFO:root:elite fitness: 0.3472200000000001
INFO:root:Generation: 135
INFO:root:pop fitness: 0.16741
INFO:root:elite fitness: 0.30788
INFO:root:Generation: 149
INFO:root:pop fitness: 0.1998
INFO:root:elite fitness: 0.31968
INFO:root:Generation: 136
INFO:root:pop fitness: 0.17518000000000003
INFO:root:elite fitness: 0.31436
INFO:root:Generation: 150
INFO:root:pop fitness: 0.21545999999999998
INFO:root:elite fitness: 0.31832000000000005
INFO:root:Generation: 137
INFO:root:pop fitness: 0.16688999999999996
INFO:root:elite fitness: 0.28774
INFO:root:Generation: 151
INFO:root:pop fitness: 0.20774
INFO:root:elite fitness: 0.3706400000000001
INFO:root:Generation: 138
INFO:root:pop fitness: 0.17845999999999995
INFO:root:elite fitness: 0.31934000000000007
INFO:root:Generation: 152
INFO:root:pop fitness: 0.17796
INFO:root:elite fitness: 0.31112
INFO:root:Generation: 139
INFO:root:pop fitness: 0.16713
INFO:root:elite fitness: 0.30404
INFO:root:Generation: 153
INFO:root:pop fitness: 0.18925
INFO:root:elite fitness: 0.3283
INFO:root:Generation: 140
INFO:root:pop fitness: 0.16639999999999996
INFO:root:elite fitness: 0.27988
INFO:root:Generation: 154
INFO:root:pop fitness: 0.18099999999999997
INFO:root:elite fitness: 0.32552
INFO:root:Generation: 141
INFO:root:pop fitness: 0.17060000000000003
INFO:root:elite fitness: 0.31495999999999996
INFO:root:Generation: 155
INFO:root:pop fitness: 0.18773999999999996
INFO:root:elite fitness: 0.3295
INFO:root:Generation: 156
INFO:root:pop fitness: 0.17947999999999997
INFO:root:elite fitness: 0.33262
INFO:root:Generation: 142
INFO:root:pop fitness: 0.16552
INFO:root:elite fitness: 0.32602000000000003
INFO:root:Generation: 157
INFO:root:pop fitness: 0.21211
INFO:root:elite fitness: 0.3496600000000001
INFO:root:Generation: 143
INFO:root:pop fitness: 0.16613000000000003
INFO:root:elite fitness: 0.32224
INFO:root:Generation: 158
INFO:root:pop fitness: 0.20927999999999997
INFO:root:elite fitness: 0.35464
INFO:root:Generation: 144
INFO:root:pop fitness: 0.16609
INFO:root:elite fitness: 0.29572000000000004
INFO:root:Generation: 159
INFO:root:pop fitness: 0.20696000000000006
INFO:root:elite fitness: 0.32918
INFO:root:Generation: 145
INFO:root:pop fitness: 0.19044999999999998
INFO:root:elite fitness: 0.34722000000000003
INFO:root:Generation: 160
INFO:root:pop fitness: 0.19816
INFO:root:elite fitness: 0.3197
INFO:root:Generation: 146
INFO:root:pop fitness: 0.1859
INFO:root:elite fitness: 0.33158
INFO:root:Generation: 161
INFO:root:pop fitness: 0.18787000000000006
INFO:root:elite fitness: 0.32386000000000004
INFO:root:Generation: 147
INFO:root:pop fitness: 0.18033000000000005
INFO:root:elite fitness: 0.32856
INFO:root:Generation: 162
INFO:root:pop fitness: 0.18616000000000002
INFO:root:elite fitness: 0.34443999999999997
INFO:root:Generation: 148
INFO:root:pop fitness: 0.17775000000000002
INFO:root:elite fitness: 0.30468
INFO:root:Generation: 163
INFO:root:pop fitness: 0.19313000000000002
INFO:root:elite fitness: 0.34687999999999997
INFO:root:Generation: 149
INFO:root:pop fitness: 0.18986000000000008
INFO:root:elite fitness: 0.33477999999999997
INFO:root:Generation: 164
INFO:root:pop fitness: 0.17559999999999998
INFO:root:elite fitness: 0.32336
INFO:root:Generation: 150
INFO:root:pop fitness: 0.19136000000000003
INFO:root:elite fitness: 0.34600000000000003
INFO:root:Generation: 165
INFO:root:pop fitness: 0.19090999999999997
INFO:root:elite fitness: 0.34462000000000004
INFO:root:Generation: 151
INFO:root:pop fitness: 0.17029
INFO:root:elite fitness: 0.29922000000000004
INFO:root:Generation: 166
INFO:root:pop fitness: 0.17740000000000003
INFO:root:elite fitness: 0.30704
INFO:root:Generation: 167
INFO:root:pop fitness: 0.17896
INFO:root:elite fitness: 0.33254
INFO:root:Generation: 152
INFO:root:pop fitness: 0.16274
INFO:root:elite fitness: 0.28608
INFO:root:Generation: 168
INFO:root:pop fitness: 0.18456
INFO:root:elite fitness: 0.31995999999999997
INFO:root:Generation: 153
INFO:root:pop fitness: 0.17140000000000005
INFO:root:elite fitness: 0.29832000000000003
INFO:root:Generation: 169
INFO:root:pop fitness: 0.20687999999999998
INFO:root:elite fitness: 0.32834
INFO:root:Generation: 154
INFO:root:pop fitness: 0.17961000000000002
INFO:root:elite fitness: 0.3146
INFO:root:Generation: 170
INFO:root:pop fitness: 0.21731999999999999
INFO:root:elite fitness: 0.35385999999999995
INFO:root:Generation: 155
INFO:root:pop fitness: 0.17028999999999997
INFO:root:elite fitness: 0.3035
INFO:root:Generation: 171
INFO:root:pop fitness: 0.19274999999999998
INFO:root:elite fitness: 0.32775999999999994
INFO:root:Generation: 156
INFO:root:pop fitness: 0.17913
INFO:root:elite fitness: 0.32586
INFO:root:Generation: 172
INFO:root:pop fitness: 0.21527000000000002
INFO:root:elite fitness: 0.36467999999999995
INFO:root:Generation: 157
INFO:root:pop fitness: 0.17421000000000003
INFO:root:elite fitness: 0.3057
INFO:root:Generation: 173
INFO:root:pop fitness: 0.20483
INFO:root:elite fitness: 0.3507
INFO:root:Generation: 158
INFO:root:pop fitness: 0.16579999999999998
INFO:root:elite fitness: 0.28786
INFO:root:Generation: 174
INFO:root:pop fitness: 0.20655
INFO:root:elite fitness: 0.35379999999999995
INFO:root:Generation: 159
INFO:root:pop fitness: 0.17597000000000002
INFO:root:elite fitness: 0.30736
INFO:root:Generation: 175
INFO:root:pop fitness: 0.18673
INFO:root:elite fitness: 0.3263400000000001
INFO:root:Generation: 160
INFO:root:pop fitness: 0.16956000000000004
INFO:root:elite fitness: 0.28014000000000006
INFO:root:Generation: 176
INFO:root:pop fitness: 0.18308
INFO:root:elite fitness: 0.33042
INFO:root:Generation: 161
INFO:root:pop fitness: 0.16957000000000005
INFO:root:elite fitness: 0.27132
INFO:root:Generation: 177
INFO:root:pop fitness: 0.17798999999999998
INFO:root:elite fitness: 0.30522000000000005
INFO:root:Generation: 178
INFO:root:pop fitness: 0.17362000000000002
INFO:root:elite fitness: 0.31122
INFO:root:Generation: 162
INFO:root:pop fitness: 0.16094
INFO:root:elite fitness: 0.29941999999999996
INFO:root:Generation: 179
INFO:root:pop fitness: 0.18843999999999997
INFO:root:elite fitness: 0.32702
INFO:root:Generation: 163
INFO:root:pop fitness: 0.17698000000000008
INFO:root:elite fitness: 0.30174
INFO:root:Generation: 180
INFO:root:pop fitness: 0.18989
INFO:root:elite fitness: 0.32655999999999996
INFO:root:Generation: 164
INFO:root:pop fitness: 0.17833
INFO:root:elite fitness: 0.31192000000000003
INFO:root:Generation: 181
INFO:root:pop fitness: 0.19557000000000002
INFO:root:elite fitness: 0.31652
INFO:root:Generation: 165
INFO:root:pop fitness: 0.17702
INFO:root:elite fitness: 0.31692
INFO:root:Generation: 182
INFO:root:pop fitness: 0.17711000000000005
INFO:root:elite fitness: 0.33159999999999995
INFO:root:Generation: 166
INFO:root:pop fitness: 0.16313
INFO:root:elite fitness: 0.27758000000000005
INFO:root:Generation: 183
INFO:root:pop fitness: 0.18625000000000008
INFO:root:elite fitness: 0.30994
INFO:root:Generation: 167
INFO:root:pop fitness: 0.17379999999999998
INFO:root:elite fitness: 0.28448
INFO:root:Generation: 184
INFO:root:pop fitness: 0.18695
INFO:root:elite fitness: 0.32342
INFO:root:Generation: 168
INFO:root:pop fitness: 0.16186
INFO:root:elite fitness: 0.26852
INFO:root:Generation: 185
INFO:root:pop fitness: 0.19212999999999997
INFO:root:elite fitness: 0.33033999999999997
INFO:root:Generation: 169
INFO:root:pop fitness: 0.17119000000000004
INFO:root:elite fitness: 0.32510000000000006
INFO:root:Generation: 186
INFO:root:pop fitness: 0.18732999999999997
INFO:root:elite fitness: 0.35656000000000004
INFO:root:Generation: 170
INFO:root:pop fitness: 0.18773000000000004
INFO:root:elite fitness: 0.35109999999999997
INFO:root:Generation: 187
INFO:root:pop fitness: 0.21005
INFO:root:elite fitness: 0.35862
INFO:root:Generation: 171
INFO:root:pop fitness: 0.15790000000000004
INFO:root:elite fitness: 0.31679999999999997
INFO:root:Generation: 188
INFO:root:pop fitness: 0.21524000000000001
INFO:root:elite fitness: 0.37238
INFO:root:Generation: 189
INFO:root:pop fitness: 0.20165
INFO:root:elite fitness: 0.3273
INFO:root:Generation: 172
INFO:root:pop fitness: 0.19403000000000006
INFO:root:elite fitness: 0.32206
INFO:root:Generation: 190
INFO:root:pop fitness: 0.21742000000000006
INFO:root:elite fitness: 0.41154
INFO:root:Generation: 173
INFO:root:pop fitness: 0.18481000000000003
INFO:root:elite fitness: 0.3408
INFO:root:Generation: 191
INFO:root:pop fitness: 0.19038
INFO:root:elite fitness: 0.3331199999999999
INFO:root:Generation: 174
INFO:root:pop fitness: 0.18981000000000006
INFO:root:elite fitness: 0.34489999999999993
INFO:root:Generation: 192
INFO:root:pop fitness: 0.20448
INFO:root:elite fitness: 0.33841999999999994
INFO:root:Generation: 175
INFO:root:pop fitness: 0.15897000000000003
INFO:root:elite fitness: 0.28464
INFO:root:Generation: 193
INFO:root:pop fitness: 0.20350000000000001
INFO:root:elite fitness: 0.33927999999999997
INFO:root:Generation: 176
INFO:root:pop fitness: 0.17026999999999998
INFO:root:elite fitness: 0.32192
INFO:root:Generation: 194
INFO:root:pop fitness: 0.20450999999999994
INFO:root:elite fitness: 0.3115
INFO:root:Generation: 177
INFO:root:pop fitness: 0.17267000000000002
INFO:root:elite fitness: 0.33631999999999995
INFO:root:Generation: 195
INFO:root:pop fitness: 0.21113000000000004
INFO:root:elite fitness: 0.37858
INFO:root:Generation: 178
INFO:root:pop fitness: 0.17422
INFO:root:elite fitness: 0.36562
INFO:root:Generation: 196
INFO:root:pop fitness: 0.18706
INFO:root:elite fitness: 0.3036
INFO:root:Generation: 179
INFO:root:pop fitness: 0.16154
INFO:root:elite fitness: 0.303
INFO:root:Generation: 197
INFO:root:pop fitness: 0.19145
INFO:root:elite fitness: 0.34806
INFO:root:Generation: 180
INFO:root:pop fitness: 0.17414000000000002
INFO:root:elite fitness: 0.32552
INFO:root:Generation: 198
INFO:root:pop fitness: 0.20740000000000003
INFO:root:elite fitness: 0.34962000000000004
INFO:root:Generation: 199
INFO:root:pop fitness: 0.18327000000000002
INFO:root:elite fitness: 0.3479
INFO:root:Generation: 181
INFO:root:pop fitness: 0.18601000000000004
INFO:root:elite fitness: 0.3288199999999999
INFO:root:Generation: 182
INFO:root:pop fitness: 0.16653
INFO:root:elite fitness: 0.32344000000000006
INFO:root:Generation: 183
INFO:root:pop fitness: 0.18909999999999996
INFO:root:elite fitness: 0.32614
INFO:root:Generation: 184
INFO:root:pop fitness: 0.19793999999999998
INFO:root:elite fitness: 0.3325
INFO:root:Generation: 185
INFO:root:pop fitness: 0.19370000000000004
INFO:root:elite fitness: 0.3446999999999999
INFO:root:Generation: 186
INFO:root:pop fitness: 0.18609
INFO:root:elite fitness: 0.27908000000000005
INFO:root:Generation: 187
INFO:root:pop fitness: 0.17307000000000003
INFO:root:elite fitness: 0.35590000000000005
INFO:root:Generation: 188
INFO:root:pop fitness: 0.17193000000000003
INFO:root:elite fitness: 0.29202
INFO:root:Generation: 189
INFO:root:pop fitness: 0.17715000000000003
INFO:root:elite fitness: 0.31440000000000007
INFO:root:Generation: 190
INFO:root:pop fitness: 0.17744000000000004
INFO:root:elite fitness: 0.31529999999999997
INFO:root:Generation: 191
INFO:root:pop fitness: 0.16347
INFO:root:elite fitness: 0.30228
INFO:root:Generation: 192
INFO:root:pop fitness: 0.15933
INFO:root:elite fitness: 0.2924
INFO:root:Generation: 193
INFO:root:pop fitness: 0.13898000000000002
INFO:root:elite fitness: 0.26045999999999997
INFO:root:Generation: 194
INFO:root:pop fitness: 0.14792
INFO:root:elite fitness: 0.27404
INFO:root:Generation: 195
INFO:root:pop fitness: 0.15083000000000002
INFO:root:elite fitness: 0.27058
INFO:root:Generation: 196
INFO:root:pop fitness: 0.17263
INFO:root:elite fitness: 0.28282
INFO:root:Generation: 197
INFO:root:pop fitness: 0.18024
INFO:root:elite fitness: 0.33784
INFO:root:Generation: 198
INFO:root:pop fitness: 0.18148000000000003
INFO:root:elite fitness: 0.33612000000000003
INFO:root:Generation: 199
INFO:root:pop fitness: 0.17432999999999998
INFO:root:elite fitness: 0.32516
