INFO:root:run_master: Namespace(arms='10', hidden='16', layers='1', max_gen='200', message='', mutation_mag='0.1', name='diffEnv_v2', noise=False, pop_size='100', save_result=True, trials='100')
INFO:root:Generation: 0
INFO:root:pop fitness: 0.09861000000000003
INFO:root:elite fitness: 0.11216
INFO:root:run_master: Namespace(arms='10', hidden='16', layers='1', max_gen='200', message='', mutation_mag='0.1', name='diffEnv_v2', noise=True, pop_size='100', save_result=True, trials='100')
INFO:root:Generation: 0
INFO:root:pop fitness: 0.09911999999999999
INFO:root:elite fitness: 0.11030000000000001
INFO:root:Generation: 1
INFO:root:pop fitness: 0.09849999999999999
INFO:root:elite fitness: 0.11364
INFO:root:Generation: 1
INFO:root:pop fitness: 0.09820999999999999
INFO:root:elite fitness: 0.10995999999999999
INFO:root:Generation: 2
INFO:root:pop fitness: 0.10047999999999999
INFO:root:elite fitness: 0.12329999999999998
INFO:root:Generation: 2
INFO:root:pop fitness: 0.10154999999999999
INFO:root:elite fitness: 0.12236000000000001
INFO:root:Generation: 3
INFO:root:pop fitness: 0.09993
INFO:root:elite fitness: 0.12221999999999998
INFO:root:Generation: 3
INFO:root:pop fitness: 0.09648
INFO:root:elite fitness: 0.11856
INFO:root:Generation: 4
INFO:root:pop fitness: 0.10169
INFO:root:elite fitness: 0.12206
INFO:root:Generation: 4
INFO:root:pop fitness: 0.10216000000000001
INFO:root:elite fitness: 0.13212000000000002
INFO:root:Generation: 5
INFO:root:pop fitness: 0.10347999999999999
INFO:root:elite fitness: 0.12906000000000004
INFO:root:Generation: 5
INFO:root:pop fitness: 0.11022
INFO:root:elite fitness: 0.16118
INFO:root:Generation: 6
INFO:root:pop fitness: 0.09467999999999999
INFO:root:elite fitness: 0.13046
INFO:root:Generation: 6
INFO:root:pop fitness: 0.09788000000000001
INFO:root:elite fitness: 0.14012
INFO:root:Generation: 7
INFO:root:pop fitness: 0.10708000000000001
INFO:root:elite fitness: 0.15674000000000002
INFO:root:Generation: 7
INFO:root:pop fitness: 0.0963
INFO:root:elite fitness: 0.15011999999999998
INFO:root:Generation: 8
INFO:root:pop fitness: 0.10950000000000001
INFO:root:elite fitness: 0.17634
INFO:root:Generation: 8
INFO:root:pop fitness: 0.10211
INFO:root:elite fitness: 0.16416
INFO:root:Generation: 9
INFO:root:pop fitness: 0.11394000000000001
INFO:root:elite fitness: 0.17400000000000002
INFO:root:Generation: 9
INFO:root:pop fitness: 0.12128000000000001
INFO:root:elite fitness: 0.20796000000000003
INFO:root:Generation: 10
INFO:root:pop fitness: 0.11862
INFO:root:elite fitness: 0.21356000000000003
INFO:root:Generation: 11
INFO:root:pop fitness: 0.11413999999999999
INFO:root:elite fitness: 0.17818
INFO:root:Generation: 10
INFO:root:pop fitness: 0.10992999999999999
INFO:root:elite fitness: 0.179
INFO:root:Generation: 12
INFO:root:pop fitness: 0.10672000000000001
INFO:root:elite fitness: 0.16618
INFO:root:Generation: 11
INFO:root:pop fitness: 0.12016
INFO:root:elite fitness: 0.20985999999999996
INFO:root:Generation: 13
INFO:root:pop fitness: 0.10841999999999997
INFO:root:elite fitness: 0.1698
INFO:root:Generation: 12
INFO:root:pop fitness: 0.1263
INFO:root:elite fitness: 0.22252000000000002
INFO:root:Generation: 14
INFO:root:pop fitness: 0.11745000000000001
INFO:root:elite fitness: 0.20434000000000002
INFO:root:Generation: 13
INFO:root:pop fitness: 0.12174000000000001
INFO:root:elite fitness: 0.23478
INFO:root:Generation: 15
INFO:root:pop fitness: 0.11283000000000001
INFO:root:elite fitness: 0.20954
INFO:root:Generation: 14
INFO:root:pop fitness: 0.12772
INFO:root:elite fitness: 0.24378
INFO:root:Generation: 16
INFO:root:pop fitness: 0.11352999999999999
INFO:root:elite fitness: 0.19924000000000003
INFO:root:Generation: 15
INFO:root:pop fitness: 0.12832
INFO:root:elite fitness: 0.22539999999999996
INFO:root:Generation: 17
INFO:root:pop fitness: 0.13238999999999998
INFO:root:elite fitness: 0.23562000000000002
INFO:root:Generation: 16
INFO:root:pop fitness: 0.13138000000000002
INFO:root:elite fitness: 0.22706000000000004
INFO:root:Generation: 18
INFO:root:pop fitness: 0.11968999999999999
INFO:root:elite fitness: 0.22404
INFO:root:Generation: 19
INFO:root:pop fitness: 0.12448000000000001
INFO:root:elite fitness: 0.22834000000000004
INFO:root:Generation: 17
INFO:root:pop fitness: 0.12497000000000001
INFO:root:elite fitness: 0.2194
INFO:root:Generation: 20
INFO:root:pop fitness: 0.11526000000000002
INFO:root:elite fitness: 0.20618000000000003
INFO:root:Generation: 18
INFO:root:pop fitness: 0.12849
INFO:root:elite fitness: 0.23906
INFO:root:Generation: 21
INFO:root:pop fitness: 0.12019000000000002
INFO:root:elite fitness: 0.22232
INFO:root:Generation: 19
INFO:root:pop fitness: 0.13405999999999998
INFO:root:elite fitness: 0.2502
INFO:root:Generation: 22
INFO:root:pop fitness: 0.131
INFO:root:elite fitness: 0.251
INFO:root:Generation: 20
INFO:root:pop fitness: 0.13177999999999998
INFO:root:elite fitness: 0.24601999999999996
INFO:root:Generation: 21
INFO:root:pop fitness: 0.13844
INFO:root:elite fitness: 0.28184
INFO:root:Generation: 23
INFO:root:pop fitness: 0.13022
INFO:root:elite fitness: 0.24886000000000003
INFO:root:Generation: 22
INFO:root:pop fitness: 0.13177
INFO:root:elite fitness: 0.2375
INFO:root:Generation: 24
INFO:root:pop fitness: 0.13553000000000004
INFO:root:elite fitness: 0.25564
INFO:root:Generation: 25
INFO:root:pop fitness: 0.1267
INFO:root:elite fitness: 0.24718
INFO:root:Generation: 23
INFO:root:pop fitness: 0.13689
INFO:root:elite fitness: 0.28282
INFO:root:Generation: 26
INFO:root:pop fitness: 0.11644999999999998
INFO:root:elite fitness: 0.22577999999999995
INFO:root:Generation: 24
INFO:root:pop fitness: 0.14107999999999998
INFO:root:elite fitness: 0.2692
INFO:root:Generation: 27
INFO:root:pop fitness: 0.14056999999999997
INFO:root:elite fitness: 0.25225999999999993
INFO:root:Generation: 25
INFO:root:pop fitness: 0.13918999999999998
INFO:root:elite fitness: 0.23540000000000003
INFO:root:Generation: 28
INFO:root:pop fitness: 0.13531
INFO:root:elite fitness: 0.25584
INFO:root:Generation: 26
INFO:root:pop fitness: 0.14324
INFO:root:elite fitness: 0.26374000000000003
INFO:root:Generation: 29
INFO:root:pop fitness: 0.13431
INFO:root:elite fitness: 0.24651999999999996
INFO:root:Generation: 27
INFO:root:pop fitness: 0.15199
INFO:root:elite fitness: 0.26410000000000006
INFO:root:Generation: 30
INFO:root:pop fitness: 0.1396
INFO:root:elite fitness: 0.26702
INFO:root:Generation: 28
INFO:root:pop fitness: 0.13072999999999999
INFO:root:elite fitness: 0.23058
INFO:root:Generation: 31
INFO:root:pop fitness: 0.13
INFO:root:elite fitness: 0.25742
INFO:root:Generation: 29
INFO:root:pop fitness: 0.14536999999999997
INFO:root:elite fitness: 0.24516000000000004
INFO:root:Generation: 32
INFO:root:pop fitness: 0.13946999999999998
INFO:root:elite fitness: 0.23542000000000002
INFO:root:Generation: 30
INFO:root:pop fitness: 0.14529000000000003
INFO:root:elite fitness: 0.28998000000000007
INFO:root:Generation: 33
INFO:root:pop fitness: 0.12824
INFO:root:elite fitness: 0.22620000000000004
INFO:root:Generation: 31
INFO:root:pop fitness: 0.12954
INFO:root:elite fitness: 0.235
INFO:root:Generation: 34
INFO:root:pop fitness: 0.12261999999999999
INFO:root:elite fitness: 0.2391
INFO:root:Generation: 32
INFO:root:pop fitness: 0.13075
INFO:root:elite fitness: 0.25276000000000004
INFO:root:Generation: 35
INFO:root:pop fitness: 0.15372000000000002
INFO:root:elite fitness: 0.26226
INFO:root:Generation: 33
INFO:root:pop fitness: 0.13641000000000003
INFO:root:elite fitness: 0.28190000000000004
INFO:root:Generation: 36
INFO:root:pop fitness: 0.13835
INFO:root:elite fitness: 0.25174
INFO:root:Generation: 34
INFO:root:pop fitness: 0.13477000000000003
INFO:root:elite fitness: 0.25512
INFO:root:Generation: 37
INFO:root:pop fitness: 0.16066
INFO:root:elite fitness: 0.28601999999999994
INFO:root:Generation: 35
INFO:root:pop fitness: 0.13649
INFO:root:elite fitness: 0.24311999999999998
INFO:root:Generation: 38
INFO:root:pop fitness: 0.15194999999999997
INFO:root:elite fitness: 0.26808000000000004
INFO:root:Generation: 36
INFO:root:pop fitness: 0.14842000000000002
INFO:root:elite fitness: 0.27934000000000003
INFO:root:Generation: 39
INFO:root:pop fitness: 0.15924999999999997
INFO:root:elite fitness: 0.28136
INFO:root:Generation: 37
INFO:root:pop fitness: 0.14667
INFO:root:elite fitness: 0.31335999999999997
INFO:root:Generation: 40
INFO:root:pop fitness: 0.15021
INFO:root:elite fitness: 0.26134
INFO:root:Generation: 41
INFO:root:pop fitness: 0.14906
INFO:root:elite fitness: 0.25376
INFO:root:Generation: 38
INFO:root:pop fitness: 0.13942
INFO:root:elite fitness: 0.27246
INFO:root:Generation: 42
INFO:root:pop fitness: 0.15011999999999998
INFO:root:elite fitness: 0.28332
INFO:root:Generation: 39
INFO:root:pop fitness: 0.16319000000000003
INFO:root:elite fitness: 0.28758
INFO:root:Generation: 43
INFO:root:pop fitness: 0.15741999999999998
INFO:root:elite fitness: 0.30234
INFO:root:Generation: 40
INFO:root:pop fitness: 0.14428
INFO:root:elite fitness: 0.26496000000000003
INFO:root:Generation: 44
INFO:root:pop fitness: 0.14844
INFO:root:elite fitness: 0.29256
INFO:root:Generation: 41
INFO:root:pop fitness: 0.14371
INFO:root:elite fitness: 0.2606
INFO:root:Generation: 45
INFO:root:pop fitness: 0.14648
INFO:root:elite fitness: 0.28046000000000004
INFO:root:Generation: 42
INFO:root:pop fitness: 0.14931
INFO:root:elite fitness: 0.2612
INFO:root:Generation: 46
INFO:root:pop fitness: 0.14467999999999998
INFO:root:elite fitness: 0.28120000000000006
INFO:root:Generation: 43
INFO:root:pop fitness: 0.14858
INFO:root:elite fitness: 0.27336
INFO:root:Generation: 47
INFO:root:pop fitness: 0.14503
INFO:root:elite fitness: 0.27949999999999997
INFO:root:Generation: 44
INFO:root:pop fitness: 0.13842
INFO:root:elite fitness: 0.26270000000000004
INFO:root:Generation: 48
INFO:root:pop fitness: 0.1497
INFO:root:elite fitness: 0.2847
INFO:root:Generation: 45
INFO:root:pop fitness: 0.14059999999999997
INFO:root:elite fitness: 0.25980000000000003
INFO:root:Generation: 49
INFO:root:pop fitness: 0.13731
INFO:root:elite fitness: 0.24944000000000002
INFO:root:Generation: 46
INFO:root:pop fitness: 0.16169999999999998
INFO:root:elite fitness: 0.27714
INFO:root:Generation: 50
INFO:root:pop fitness: 0.14089
INFO:root:elite fitness: 0.2576
INFO:root:Generation: 51
INFO:root:pop fitness: 0.14213
INFO:root:elite fitness: 0.24924
INFO:root:Generation: 47
INFO:root:pop fitness: 0.15231999999999998
INFO:root:elite fitness: 0.26688
INFO:root:Generation: 52
INFO:root:pop fitness: 0.14220999999999998
INFO:root:elite fitness: 0.23790000000000003
INFO:root:Generation: 48
INFO:root:pop fitness: 0.14387
INFO:root:elite fitness: 0.2586400000000001
INFO:root:Generation: 53
INFO:root:pop fitness: 0.15136000000000002
INFO:root:elite fitness: 0.27974
INFO:root:Generation: 49
INFO:root:pop fitness: 0.15842
INFO:root:elite fitness: 0.26034
INFO:root:Generation: 54
INFO:root:pop fitness: 0.16613
INFO:root:elite fitness: 0.28528000000000003
INFO:root:Generation: 50
INFO:root:pop fitness: 0.16008
INFO:root:elite fitness: 0.30034
INFO:root:Generation: 55
INFO:root:pop fitness: 0.15003
INFO:root:elite fitness: 0.28
INFO:root:Generation: 51
INFO:root:pop fitness: 0.1727
INFO:root:elite fitness: 0.28825999999999996
INFO:root:Generation: 56
INFO:root:pop fitness: 0.15697
INFO:root:elite fitness: 0.28913999999999995
INFO:root:Generation: 52
INFO:root:pop fitness: 0.15197000000000002
INFO:root:elite fitness: 0.31368
INFO:root:Generation: 57
INFO:root:pop fitness: 0.1542
INFO:root:elite fitness: 0.30416000000000004
INFO:root:Generation: 53
INFO:root:pop fitness: 0.16016000000000002
INFO:root:elite fitness: 0.29497999999999996
INFO:root:Generation: 58
INFO:root:pop fitness: 0.14567000000000002
INFO:root:elite fitness: 0.26556
INFO:root:Generation: 54
INFO:root:pop fitness: 0.17135
INFO:root:elite fitness: 0.33126
INFO:root:Generation: 59
INFO:root:pop fitness: 0.16289
INFO:root:elite fitness: 0.26946
INFO:root:Generation: 55
INFO:root:pop fitness: 0.15478
INFO:root:elite fitness: 0.29458
INFO:root:Generation: 60
INFO:root:pop fitness: 0.15559
INFO:root:elite fitness: 0.29194000000000003
INFO:root:Generation: 56
INFO:root:pop fitness: 0.14619
INFO:root:elite fitness: 0.27966
INFO:root:Generation: 61
INFO:root:pop fitness: 0.16383000000000003
INFO:root:elite fitness: 0.27890000000000004
INFO:root:Generation: 57
INFO:root:pop fitness: 0.16103
INFO:root:elite fitness: 0.28714
INFO:root:Generation: 62
INFO:root:pop fitness: 0.14794000000000002
INFO:root:elite fitness: 0.29231999999999997
INFO:root:Generation: 63
INFO:root:pop fitness: 0.15873
INFO:root:elite fitness: 0.29762
INFO:root:Generation: 58
INFO:root:pop fitness: 0.16601999999999997
INFO:root:elite fitness: 0.3049
INFO:root:Generation: 64
INFO:root:pop fitness: 0.16123
INFO:root:elite fitness: 0.27672
INFO:root:Generation: 59
INFO:root:pop fitness: 0.16502000000000003
INFO:root:elite fitness: 0.29552
INFO:root:Generation: 65
INFO:root:pop fitness: 0.15677000000000002
INFO:root:elite fitness: 0.29952
INFO:root:Generation: 60
INFO:root:pop fitness: 0.16594
INFO:root:elite fitness: 0.31342
INFO:root:Generation: 61
INFO:root:pop fitness: 0.16736
INFO:root:elite fitness: 0.30774000000000007
INFO:root:Generation: 66
INFO:root:pop fitness: 0.16887
INFO:root:elite fitness: 0.32268
INFO:root:Generation: 62
INFO:root:pop fitness: 0.16263000000000002
INFO:root:elite fitness: 0.27176
INFO:root:Generation: 67
INFO:root:pop fitness: 0.16514000000000004
INFO:root:elite fitness: 0.27399999999999997
INFO:root:Generation: 63
INFO:root:pop fitness: 0.17147
INFO:root:elite fitness: 0.32332
INFO:root:Generation: 68
INFO:root:pop fitness: 0.16709000000000004
INFO:root:elite fitness: 0.28184000000000003
INFO:root:Generation: 64
INFO:root:pop fitness: 0.16211000000000003
INFO:root:elite fitness: 0.28008
INFO:root:Generation: 69
INFO:root:pop fitness: 0.16083000000000003
INFO:root:elite fitness: 0.28154
INFO:root:Generation: 65
INFO:root:pop fitness: 0.17197000000000004
INFO:root:elite fitness: 0.31308
INFO:root:Generation: 70
INFO:root:pop fitness: 0.17932000000000003
INFO:root:elite fitness: 0.29408
INFO:root:Generation: 66
INFO:root:pop fitness: 0.17138
INFO:root:elite fitness: 0.32474000000000003
INFO:root:Generation: 71
INFO:root:pop fitness: 0.15564000000000003
INFO:root:elite fitness: 0.27204
INFO:root:Generation: 67
INFO:root:pop fitness: 0.16539
INFO:root:elite fitness: 0.2944
INFO:root:Generation: 72
INFO:root:pop fitness: 0.16939000000000004
INFO:root:elite fitness: 0.32016
INFO:root:Generation: 68
INFO:root:pop fitness: 0.17385999999999996
INFO:root:elite fitness: 0.31062000000000006
INFO:root:Generation: 73
INFO:root:pop fitness: 0.16812000000000002
INFO:root:elite fitness: 0.30862
INFO:root:Generation: 69
INFO:root:pop fitness: 0.16097
INFO:root:elite fitness: 0.29414
INFO:root:Generation: 74
INFO:root:pop fitness: 0.1646
INFO:root:elite fitness: 0.27934
INFO:root:Generation: 70
INFO:root:pop fitness: 0.16507000000000002
INFO:root:elite fitness: 0.27932
INFO:root:Generation: 75
INFO:root:pop fitness: 0.16304000000000002
INFO:root:elite fitness: 0.29586
INFO:root:Generation: 71
INFO:root:pop fitness: 0.16415
INFO:root:elite fitness: 0.29973999999999995
INFO:root:Generation: 76
INFO:root:pop fitness: 0.16562000000000002
INFO:root:elite fitness: 0.29794
INFO:root:Generation: 72
INFO:root:pop fitness: 0.15905999999999998
INFO:root:elite fitness: 0.30994
INFO:root:Generation: 77
INFO:root:pop fitness: 0.15698
INFO:root:elite fitness: 0.30032000000000003
INFO:root:Generation: 73
INFO:root:pop fitness: 0.16366
INFO:root:elite fitness: 0.31192000000000003
INFO:root:Generation: 78
INFO:root:pop fitness: 0.16443000000000002
INFO:root:elite fitness: 0.30232000000000003
INFO:root:Generation: 74
INFO:root:pop fitness: 0.17185999999999996
INFO:root:elite fitness: 0.3077
INFO:root:Generation: 79
INFO:root:pop fitness: 0.17711000000000002
INFO:root:elite fitness: 0.32552
INFO:root:Generation: 80
INFO:root:pop fitness: 0.16741000000000006
INFO:root:elite fitness: 0.30722
INFO:root:Generation: 75
INFO:root:pop fitness: 0.16625
INFO:root:elite fitness: 0.30523999999999996
INFO:root:Generation: 81
INFO:root:pop fitness: 0.16939000000000004
INFO:root:elite fitness: 0.30316000000000004
INFO:root:Generation: 76
INFO:root:pop fitness: 0.15134999999999998
INFO:root:elite fitness: 0.27625999999999995
INFO:root:Generation: 77
INFO:root:pop fitness: 0.14551
INFO:root:elite fitness: 0.29582
INFO:root:Generation: 82
INFO:root:pop fitness: 0.17722000000000004
INFO:root:elite fitness: 0.30097999999999997
INFO:root:Generation: 78
INFO:root:pop fitness: 0.16164
INFO:root:elite fitness: 0.29553999999999997
INFO:root:Generation: 83
INFO:root:pop fitness: 0.17518
INFO:root:elite fitness: 0.30191999999999997
INFO:root:Generation: 79
INFO:root:pop fitness: 0.16105999999999998
INFO:root:elite fitness: 0.28912
INFO:root:Generation: 84
INFO:root:pop fitness: 0.177
INFO:root:elite fitness: 0.32616
INFO:root:Generation: 80
INFO:root:pop fitness: 0.17427000000000004
INFO:root:elite fitness: 0.30868
INFO:root:Generation: 85
INFO:root:pop fitness: 0.17169000000000004
INFO:root:elite fitness: 0.3097
INFO:root:Generation: 81
INFO:root:pop fitness: 0.16937000000000002
INFO:root:elite fitness: 0.3004
INFO:root:Generation: 86
INFO:root:pop fitness: 0.16733000000000003
INFO:root:elite fitness: 0.30469999999999997
INFO:root:Generation: 87
INFO:root:pop fitness: 0.17414000000000002
INFO:root:elite fitness: 0.31734
INFO:root:Generation: 82
INFO:root:pop fitness: 0.16473
INFO:root:elite fitness: 0.30006
INFO:root:Generation: 88
INFO:root:pop fitness: 0.17246000000000006
INFO:root:elite fitness: 0.32802
INFO:root:Generation: 83
INFO:root:pop fitness: 0.18358000000000005
INFO:root:elite fitness: 0.3318800000000001
INFO:root:Generation: 89
INFO:root:pop fitness: 0.17508
INFO:root:elite fitness: 0.28232
INFO:root:Generation: 84
INFO:root:pop fitness: 0.15702000000000002
INFO:root:elite fitness: 0.28552
INFO:root:Generation: 90
INFO:root:pop fitness: 0.17799999999999996
INFO:root:elite fitness: 0.30815999999999993
INFO:root:Generation: 85
INFO:root:pop fitness: 0.15920999999999996
INFO:root:elite fitness: 0.29699999999999993
INFO:root:Generation: 91
INFO:root:pop fitness: 0.16823000000000005
INFO:root:elite fitness: 0.29402
INFO:root:Generation: 86
INFO:root:pop fitness: 0.17051
INFO:root:elite fitness: 0.31898000000000004
INFO:root:Generation: 92
INFO:root:pop fitness: 0.18381000000000003
INFO:root:elite fitness: 0.32867999999999997
INFO:root:Generation: 87
INFO:root:pop fitness: 0.18284
INFO:root:elite fitness: 0.33382
INFO:root:Generation: 93
INFO:root:pop fitness: 0.17550000000000002
INFO:root:elite fitness: 0.31948
INFO:root:Generation: 88
INFO:root:pop fitness: 0.16184
INFO:root:elite fitness: 0.25742
INFO:root:Generation: 94
INFO:root:pop fitness: 0.18149
INFO:root:elite fitness: 0.31328
INFO:root:Generation: 89
INFO:root:pop fitness: 0.15611999999999998
INFO:root:elite fitness: 0.30326000000000003
INFO:root:Generation: 95
INFO:root:pop fitness: 0.17920000000000003
INFO:root:elite fitness: 0.33378
INFO:root:Generation: 96
INFO:root:pop fitness: 0.16257
INFO:root:elite fitness: 0.26038
INFO:root:Generation: 90
INFO:root:pop fitness: 0.1663
INFO:root:elite fitness: 0.30284
INFO:root:Generation: 97
INFO:root:pop fitness: 0.17843000000000003
INFO:root:elite fitness: 0.32634
INFO:root:Generation: 91
INFO:root:pop fitness: 0.17497
INFO:root:elite fitness: 0.33366
INFO:root:Generation: 98
INFO:root:pop fitness: 0.17549
INFO:root:elite fitness: 0.3126
INFO:root:Generation: 92
INFO:root:pop fitness: 0.17804999999999999
INFO:root:elite fitness: 0.3141
INFO:root:Generation: 99
INFO:root:pop fitness: 0.17131
INFO:root:elite fitness: 0.33054
INFO:root:Generation: 93
INFO:root:pop fitness: 0.16816000000000006
INFO:root:elite fitness: 0.30446000000000006
INFO:root:Generation: 100
INFO:root:pop fitness: 0.17599000000000004
INFO:root:elite fitness: 0.30164
INFO:root:Generation: 94
INFO:root:pop fitness: 0.17458999999999997
INFO:root:elite fitness: 0.29222000000000004
INFO:root:Generation: 101
INFO:root:pop fitness: 0.17214
INFO:root:elite fitness: 0.30017999999999995
INFO:root:Generation: 95
INFO:root:pop fitness: 0.17906000000000002
INFO:root:elite fitness: 0.31754
INFO:root:Generation: 102
INFO:root:pop fitness: 0.17212
INFO:root:elite fitness: 0.33596
INFO:root:Generation: 96
INFO:root:pop fitness: 0.16285999999999998
INFO:root:elite fitness: 0.29590000000000005
INFO:root:Generation: 103
INFO:root:pop fitness: 0.15827000000000002
INFO:root:elite fitness: 0.30107999999999996
INFO:root:Generation: 104
INFO:root:pop fitness: 0.17429000000000003
INFO:root:elite fitness: 0.29618000000000005
INFO:root:Generation: 97
INFO:root:pop fitness: 0.17052
INFO:root:elite fitness: 0.3373
INFO:root:Generation: 105
INFO:root:pop fitness: 0.17826
INFO:root:elite fitness: 0.30162
INFO:root:Generation: 98
INFO:root:pop fitness: 0.17132999999999998
INFO:root:elite fitness: 0.32308
INFO:root:Generation: 106
INFO:root:pop fitness: 0.18467000000000003
INFO:root:elite fitness: 0.30762
INFO:root:Generation: 99
INFO:root:pop fitness: 0.17204999999999995
INFO:root:elite fitness: 0.32224
INFO:root:Generation: 107
INFO:root:pop fitness: 0.17979000000000006
INFO:root:elite fitness: 0.3184199999999999
INFO:root:Generation: 100
INFO:root:pop fitness: 0.17061999999999997
INFO:root:elite fitness: 0.31248000000000004
INFO:root:Generation: 108
INFO:root:pop fitness: 0.17647999999999997
INFO:root:elite fitness: 0.32014000000000004
INFO:root:Generation: 101
INFO:root:pop fitness: 0.16848000000000007
INFO:root:elite fitness: 0.30692
INFO:root:Generation: 109
INFO:root:pop fitness: 0.1708
INFO:root:elite fitness: 0.30544000000000004
INFO:root:Generation: 102
INFO:root:pop fitness: 0.18096
INFO:root:elite fitness: 0.31256
INFO:root:Generation: 110
INFO:root:pop fitness: 0.1784
INFO:root:elite fitness: 0.2973
INFO:root:Generation: 103
INFO:root:pop fitness: 0.17570000000000005
INFO:root:elite fitness: 0.32295999999999997
INFO:root:Generation: 111
INFO:root:pop fitness: 0.18597999999999998
INFO:root:elite fitness: 0.32576
INFO:root:Generation: 104
INFO:root:pop fitness: 0.17132000000000003
INFO:root:elite fitness: 0.30335999999999996
INFO:root:Generation: 112
INFO:root:pop fitness: 0.17297
INFO:root:elite fitness: 0.32252000000000003
INFO:root:Generation: 105
INFO:root:pop fitness: 0.18219000000000005
INFO:root:elite fitness: 0.32342
INFO:root:Generation: 113
INFO:root:pop fitness: 0.19544000000000003
INFO:root:elite fitness: 0.33592
INFO:root:Generation: 114
INFO:root:pop fitness: 0.20598000000000005
INFO:root:elite fitness: 0.35804
INFO:root:Generation: 106
INFO:root:pop fitness: 0.16599
INFO:root:elite fitness: 0.29522000000000004
INFO:root:Generation: 115
INFO:root:pop fitness: 0.17770000000000002
INFO:root:elite fitness: 0.31538
INFO:root:Generation: 107
INFO:root:pop fitness: 0.18169999999999997
INFO:root:elite fitness: 0.32488
INFO:root:Generation: 116
INFO:root:pop fitness: 0.18942000000000003
INFO:root:elite fitness: 0.3166
INFO:root:Generation: 108
INFO:root:pop fitness: 0.18447
INFO:root:elite fitness: 0.32522
INFO:root:Generation: 117
INFO:root:pop fitness: 0.18505000000000002
INFO:root:elite fitness: 0.30773999999999996
INFO:root:Generation: 109
INFO:root:pop fitness: 0.18566
INFO:root:elite fitness: 0.32154000000000005
INFO:root:Generation: 118
INFO:root:pop fitness: 0.18114
INFO:root:elite fitness: 0.30937999999999993
INFO:root:Generation: 119
INFO:root:pop fitness: 0.18209999999999998
INFO:root:elite fitness: 0.32496
INFO:root:Generation: 110
INFO:root:pop fitness: 0.17931999999999998
INFO:root:elite fitness: 0.34395999999999993
INFO:root:Generation: 120
INFO:root:pop fitness: 0.19523999999999997
INFO:root:elite fitness: 0.35849999999999993
INFO:root:Generation: 111
INFO:root:pop fitness: 0.18749999999999997
INFO:root:elite fitness: 0.34630000000000005
INFO:root:Generation: 121
INFO:root:pop fitness: 0.18420999999999998
INFO:root:elite fitness: 0.32754
INFO:root:Generation: 112
INFO:root:pop fitness: 0.17818999999999996
INFO:root:elite fitness: 0.31968
INFO:root:Generation: 122
INFO:root:pop fitness: 0.18975
INFO:root:elite fitness: 0.32388
INFO:root:Generation: 113
INFO:root:pop fitness: 0.17725
INFO:root:elite fitness: 0.3164
INFO:root:Generation: 123
INFO:root:pop fitness: 0.18474000000000004
INFO:root:elite fitness: 0.31528
INFO:root:Generation: 114
INFO:root:pop fitness: 0.16786999999999996
INFO:root:elite fitness: 0.28863999999999995
INFO:root:Generation: 124
INFO:root:pop fitness: 0.16736
INFO:root:elite fitness: 0.32532000000000005
INFO:root:Generation: 115
INFO:root:pop fitness: 0.17128
INFO:root:elite fitness: 0.29152
INFO:root:Generation: 125
INFO:root:pop fitness: 0.17559999999999995
INFO:root:elite fitness: 0.34386000000000005
INFO:root:Generation: 116
INFO:root:pop fitness: 0.19079000000000004
INFO:root:elite fitness: 0.31282
INFO:root:Generation: 126
INFO:root:pop fitness: 0.18136000000000002
INFO:root:elite fitness: 0.31524
INFO:root:Generation: 117
INFO:root:pop fitness: 0.18222000000000002
INFO:root:elite fitness: 0.30341999999999997
INFO:root:Generation: 127
INFO:root:pop fitness: 0.17421000000000003
INFO:root:elite fitness: 0.3196
INFO:root:Generation: 118
INFO:root:pop fitness: 0.1979
INFO:root:elite fitness: 0.32865999999999995
INFO:root:Generation: 128
INFO:root:pop fitness: 0.19434
INFO:root:elite fitness: 0.34822000000000003
INFO:root:Generation: 119
INFO:root:pop fitness: 0.18001
INFO:root:elite fitness: 0.28714
INFO:root:Generation: 129
INFO:root:pop fitness: 0.18474000000000004
INFO:root:elite fitness: 0.35088
INFO:root:Generation: 120
INFO:root:pop fitness: 0.18784000000000003
INFO:root:elite fitness: 0.3315000000000001
INFO:root:Generation: 130
INFO:root:pop fitness: 0.18385
INFO:root:elite fitness: 0.31582
INFO:root:Generation: 121
INFO:root:pop fitness: 0.18353999999999998
INFO:root:elite fitness: 0.31784
INFO:root:Generation: 131
INFO:root:pop fitness: 0.18346
INFO:root:elite fitness: 0.32732
INFO:root:Generation: 122
INFO:root:pop fitness: 0.17665
INFO:root:elite fitness: 0.32598
INFO:root:Generation: 132
INFO:root:pop fitness: 0.17683000000000004
INFO:root:elite fitness: 0.3022
INFO:root:Generation: 123
INFO:root:pop fitness: 0.18966000000000002
INFO:root:elite fitness: 0.33637999999999996
INFO:root:Generation: 133
INFO:root:pop fitness: 0.18308999999999997
INFO:root:elite fitness: 0.31628
INFO:root:Generation: 134
INFO:root:pop fitness: 0.18346
INFO:root:elite fitness: 0.33787999999999996
INFO:root:Generation: 124
INFO:root:pop fitness: 0.17995
INFO:root:elite fitness: 0.33122
INFO:root:Generation: 135
INFO:root:pop fitness: 0.17943
INFO:root:elite fitness: 0.30756
INFO:root:Generation: 125
INFO:root:pop fitness: 0.19598999999999997
INFO:root:elite fitness: 0.35247999999999996
INFO:root:Generation: 136
INFO:root:pop fitness: 0.18536000000000002
INFO:root:elite fitness: 0.29802
INFO:root:Generation: 126
INFO:root:pop fitness: 0.18203
INFO:root:elite fitness: 0.3294
INFO:root:Generation: 137
INFO:root:pop fitness: 0.17681000000000002
INFO:root:elite fitness: 0.32366
INFO:root:Generation: 127
INFO:root:pop fitness: 0.19207000000000005
INFO:root:elite fitness: 0.33808000000000005
INFO:root:Generation: 138
INFO:root:pop fitness: 0.16834000000000005
INFO:root:elite fitness: 0.31034
INFO:root:Generation: 139
INFO:root:pop fitness: 0.18573
INFO:root:elite fitness: 0.31814
INFO:root:Generation: 128
INFO:root:pop fitness: 0.20232
INFO:root:elite fitness: 0.32902000000000003
INFO:root:Generation: 140
INFO:root:pop fitness: 0.16609
INFO:root:elite fitness: 0.32116
INFO:root:Generation: 129
INFO:root:pop fitness: 0.19316000000000003
INFO:root:elite fitness: 0.31474
INFO:root:Generation: 141
INFO:root:pop fitness: 0.17211
INFO:root:elite fitness: 0.32321999999999995
INFO:root:Generation: 130
INFO:root:pop fitness: 0.18479999999999996
INFO:root:elite fitness: 0.30214
INFO:root:Generation: 142
INFO:root:pop fitness: 0.18239999999999998
INFO:root:elite fitness: 0.3362
INFO:root:Generation: 131
INFO:root:pop fitness: 0.18105999999999997
INFO:root:elite fitness: 0.31860000000000005
INFO:root:Generation: 143
INFO:root:pop fitness: 0.18545000000000006
INFO:root:elite fitness: 0.2959
