INFO:root:run_master: Namespace(arms='10', hidden='32', layers='3', max_gen='200', message='', mutation_mag='0.1', name='cumulativeRwd', noise=False, pop_size='100', save_result=True, steps='1', trials='100')
INFO:root:run_master: Namespace(arms='10', hidden='32', layers='3', max_gen='200', message='', mutation_mag='0.1', name='cumulativeRwd', noise=True, pop_size='100', save_result=True, steps='1', trials='100')
INFO:root:Generation: 0
INFO:root:pop fitness: 0.5009800000000001
INFO:root:elite fitness: 0.54042
INFO:root:Generation: 0
INFO:root:pop fitness: 0.5041699999999999
INFO:root:elite fitness: 0.54188
INFO:root:Generation: 1
INFO:root:pop fitness: 0.49276999999999993
INFO:root:elite fitness: 0.53126
INFO:root:Generation: 1
INFO:root:pop fitness: 0.4961
INFO:root:elite fitness: 0.5362800000000001
INFO:root:Generation: 2
INFO:root:pop fitness: 0.5068500000000001
INFO:root:elite fitness: 0.5557000000000001
INFO:root:Generation: 2
INFO:root:pop fitness: 0.4976500000000001
INFO:root:elite fitness: 0.5418000000000001
INFO:root:Generation: 3
INFO:root:pop fitness: 0.50948
INFO:root:elite fitness: 0.5653200000000002
INFO:root:Generation: 3
INFO:root:pop fitness: 0.49693999999999994
INFO:root:elite fitness: 0.5373600000000001
INFO:root:Generation: 4
INFO:root:pop fitness: 0.49745000000000006
INFO:root:elite fitness: 0.56664
INFO:root:Generation: 4
INFO:root:pop fitness: 0.50093
INFO:root:elite fitness: 0.5573400000000001
INFO:root:Generation: 5
INFO:root:pop fitness: 0.5054299999999999
INFO:root:elite fitness: 0.58384
INFO:root:Generation: 5
INFO:root:pop fitness: 0.4932
INFO:root:elite fitness: 0.5431199999999999
INFO:root:Generation: 6
INFO:root:pop fitness: 0.4992599999999999
INFO:root:elite fitness: 0.57916
INFO:root:Generation: 6
INFO:root:pop fitness: 0.5018100000000001
INFO:root:elite fitness: 0.59512
INFO:root:Generation: 7
INFO:root:pop fitness: 0.5010899999999999
INFO:root:elite fitness: 0.58386
INFO:root:Generation: 7
INFO:root:pop fitness: 0.50501
INFO:root:elite fitness: 0.58298
INFO:root:Generation: 8
INFO:root:pop fitness: 0.5182300000000001
INFO:root:elite fitness: 0.6153
INFO:root:Generation: 8
INFO:root:pop fitness: 0.5000600000000001
INFO:root:elite fitness: 0.59764
INFO:root:Generation: 9
INFO:root:pop fitness: 0.52693
INFO:root:elite fitness: 0.64046
INFO:root:Generation: 9
INFO:root:pop fitness: 0.5193800000000001
INFO:root:elite fitness: 0.6052
INFO:root:Generation: 10
INFO:root:pop fitness: 0.5325899999999999
INFO:root:elite fitness: 0.64134
INFO:root:Generation: 10
INFO:root:pop fitness: 0.49478
INFO:root:elite fitness: 0.5869
INFO:root:Generation: 11
INFO:root:pop fitness: 0.52188
INFO:root:elite fitness: 0.6199199999999999
INFO:root:Generation: 11
INFO:root:pop fitness: 0.5109400000000001
INFO:root:elite fitness: 0.6077400000000001
INFO:root:Generation: 12
INFO:root:pop fitness: 0.50967
INFO:root:elite fitness: 0.6016400000000001
INFO:root:Generation: 13
INFO:root:pop fitness: 0.5366899999999999
INFO:root:elite fitness: 0.64008
INFO:root:Generation: 12
INFO:root:pop fitness: 0.51074
INFO:root:elite fitness: 0.6143599999999999
INFO:root:Generation: 14
INFO:root:pop fitness: 0.52538
INFO:root:elite fitness: 0.62392
INFO:root:Generation: 13
INFO:root:pop fitness: 0.5228600000000001
INFO:root:elite fitness: 0.6366
INFO:root:Generation: 15
INFO:root:pop fitness: 0.5347700000000001
INFO:root:elite fitness: 0.63152
INFO:root:Generation: 14
INFO:root:pop fitness: 0.51459
INFO:root:elite fitness: 0.61074
INFO:root:Generation: 16
INFO:root:pop fitness: 0.52041
INFO:root:elite fitness: 0.6253
INFO:root:Generation: 15
INFO:root:pop fitness: 0.51072
INFO:root:elite fitness: 0.6085
INFO:root:Generation: 17
INFO:root:pop fitness: 0.5199999999999999
INFO:root:elite fitness: 0.6312000000000001
INFO:root:Generation: 16
INFO:root:pop fitness: 0.5042500000000001
INFO:root:elite fitness: 0.60146
INFO:root:Generation: 18
INFO:root:pop fitness: 0.51775
INFO:root:elite fitness: 0.6272199999999999
INFO:root:Generation: 17
INFO:root:pop fitness: 0.50771
INFO:root:elite fitness: 0.64244
INFO:root:Generation: 19
INFO:root:pop fitness: 0.51971
INFO:root:elite fitness: 0.63164
INFO:root:Generation: 18
INFO:root:pop fitness: 0.51537
INFO:root:elite fitness: 0.6316000000000002
INFO:root:Generation: 20
INFO:root:pop fitness: 0.5354599999999999
INFO:root:elite fitness: 0.64748
INFO:root:Generation: 19
INFO:root:pop fitness: 0.52159
INFO:root:elite fitness: 0.6114200000000001
INFO:root:Generation: 21
INFO:root:pop fitness: 0.52998
INFO:root:elite fitness: 0.6274799999999999
INFO:root:Generation: 20
INFO:root:pop fitness: 0.50727
INFO:root:elite fitness: 0.606
INFO:root:Generation: 22
INFO:root:pop fitness: 0.52512
INFO:root:elite fitness: 0.6515199999999999
INFO:root:Generation: 21
INFO:root:pop fitness: 0.5255
INFO:root:elite fitness: 0.63888
INFO:root:Generation: 23
INFO:root:pop fitness: 0.5281800000000001
INFO:root:elite fitness: 0.6312400000000001
INFO:root:Generation: 22
INFO:root:pop fitness: 0.5358700000000001
INFO:root:elite fitness: 0.63152
INFO:root:Generation: 24
INFO:root:pop fitness: 0.5349799999999999
INFO:root:elite fitness: 0.61872
INFO:root:Generation: 23
INFO:root:pop fitness: 0.50548
INFO:root:elite fitness: 0.6184200000000001
INFO:root:Generation: 25
INFO:root:pop fitness: 0.55047
INFO:root:elite fitness: 0.6622800000000001
INFO:root:Generation: 24
INFO:root:pop fitness: 0.5261199999999999
INFO:root:elite fitness: 0.64044
INFO:root:Generation: 26
INFO:root:pop fitness: 0.53579
INFO:root:elite fitness: 0.6503
INFO:root:Generation: 27
INFO:root:pop fitness: 0.55384
INFO:root:elite fitness: 0.6455200000000001
INFO:root:Generation: 25
INFO:root:pop fitness: 0.53805
INFO:root:elite fitness: 0.63458
INFO:root:Generation: 28
INFO:root:pop fitness: 0.5387099999999999
INFO:root:elite fitness: 0.6519400000000001
INFO:root:Generation: 26
INFO:root:pop fitness: 0.54436
INFO:root:elite fitness: 0.6419400000000001
INFO:root:Generation: 29
INFO:root:pop fitness: 0.5493200000000001
INFO:root:elite fitness: 0.6339600000000001
INFO:root:Generation: 27
INFO:root:pop fitness: 0.54728
INFO:root:elite fitness: 0.6509199999999999
INFO:root:Generation: 30
INFO:root:pop fitness: 0.54169
INFO:root:elite fitness: 0.66334
INFO:root:Generation: 28
INFO:root:pop fitness: 0.53319
INFO:root:elite fitness: 0.6456999999999999
INFO:root:Generation: 31
INFO:root:pop fitness: 0.5423499999999999
INFO:root:elite fitness: 0.67494
INFO:root:Generation: 29
INFO:root:pop fitness: 0.55586
INFO:root:elite fitness: 0.666
INFO:root:Generation: 32
INFO:root:pop fitness: 0.55763
INFO:root:elite fitness: 0.67534
INFO:root:Generation: 30
INFO:root:pop fitness: 0.56857
INFO:root:elite fitness: 0.6626000000000001
INFO:root:Generation: 33
INFO:root:pop fitness: 0.55184
INFO:root:elite fitness: 0.6805
INFO:root:Generation: 31
INFO:root:pop fitness: 0.55419
INFO:root:elite fitness: 0.6614999999999999
INFO:root:Generation: 34
INFO:root:pop fitness: 0.56683
INFO:root:elite fitness: 0.67822
INFO:root:Generation: 32
INFO:root:pop fitness: 0.5813
INFO:root:elite fitness: 0.70648
INFO:root:Generation: 35
INFO:root:pop fitness: 0.56499
INFO:root:elite fitness: 0.68616
INFO:root:Generation: 33
INFO:root:pop fitness: 0.55837
INFO:root:elite fitness: 0.6913199999999999
INFO:root:Generation: 36
INFO:root:pop fitness: 0.5767100000000001
INFO:root:elite fitness: 0.67548
INFO:root:Generation: 34
INFO:root:pop fitness: 0.55241
INFO:root:elite fitness: 0.66964
INFO:root:Generation: 37
INFO:root:pop fitness: 0.55856
INFO:root:elite fitness: 0.68312
INFO:root:Generation: 35
INFO:root:pop fitness: 0.57972
INFO:root:elite fitness: 0.69624
INFO:root:Generation: 38
INFO:root:pop fitness: 0.5677800000000001
INFO:root:elite fitness: 0.6805599999999999
INFO:root:Generation: 39
INFO:root:pop fitness: 0.5835100000000001
INFO:root:elite fitness: 0.68694
INFO:root:Generation: 36
INFO:root:pop fitness: 0.56526
INFO:root:elite fitness: 0.67472
INFO:root:Generation: 40
INFO:root:pop fitness: 0.58554
INFO:root:elite fitness: 0.6950999999999999
INFO:root:Generation: 37
INFO:root:pop fitness: 0.57566
INFO:root:elite fitness: 0.696
INFO:root:Generation: 41
INFO:root:pop fitness: 0.5888800000000001
INFO:root:elite fitness: 0.6911799999999999
INFO:root:Generation: 38
INFO:root:pop fitness: 0.5772499999999999
INFO:root:elite fitness: 0.7015200000000001
INFO:root:Generation: 42
INFO:root:pop fitness: 0.57216
INFO:root:elite fitness: 0.6845
INFO:root:Generation: 39
INFO:root:pop fitness: 0.59864
INFO:root:elite fitness: 0.69196
INFO:root:Generation: 43
INFO:root:pop fitness: 0.5820500000000001
INFO:root:elite fitness: 0.6919000000000001
INFO:root:Generation: 40
INFO:root:pop fitness: 0.58768
INFO:root:elite fitness: 0.6992999999999999
INFO:root:Generation: 44
INFO:root:pop fitness: 0.5952900000000001
INFO:root:elite fitness: 0.7011999999999999
INFO:root:Generation: 41
INFO:root:pop fitness: 0.59229
INFO:root:elite fitness: 0.6818000000000001
INFO:root:Generation: 45
INFO:root:pop fitness: 0.59831
INFO:root:elite fitness: 0.70694
INFO:root:Generation: 42
INFO:root:pop fitness: 0.56456
INFO:root:elite fitness: 0.6738799999999999
INFO:root:Generation: 46
INFO:root:pop fitness: 0.5767700000000001
INFO:root:elite fitness: 0.66682
INFO:root:Generation: 43
INFO:root:pop fitness: 0.56954
INFO:root:elite fitness: 0.6672000000000001
INFO:root:Generation: 47
INFO:root:pop fitness: 0.58231
INFO:root:elite fitness: 0.67408
INFO:root:Generation: 44
INFO:root:pop fitness: 0.57952
INFO:root:elite fitness: 0.6973999999999999
INFO:root:Generation: 48
INFO:root:pop fitness: 0.5865999999999999
INFO:root:elite fitness: 0.6688200000000001
INFO:root:Generation: 45
INFO:root:pop fitness: 0.57391
INFO:root:elite fitness: 0.68242
INFO:root:Generation: 49
INFO:root:pop fitness: 0.5904400000000001
INFO:root:elite fitness: 0.7072200000000001
INFO:root:Generation: 50
INFO:root:pop fitness: 0.6090000000000001
INFO:root:elite fitness: 0.6914800000000001
INFO:root:Generation: 46
INFO:root:pop fitness: 0.5924499999999999
INFO:root:elite fitness: 0.6875199999999999
INFO:root:Generation: 51
INFO:root:pop fitness: 0.6111300000000001
INFO:root:elite fitness: 0.71406
INFO:root:Generation: 47
INFO:root:pop fitness: 0.5749500000000001
INFO:root:elite fitness: 0.6834399999999999
INFO:root:Generation: 52
INFO:root:pop fitness: 0.58905
INFO:root:elite fitness: 0.6825999999999999
INFO:root:Generation: 48
INFO:root:pop fitness: 0.56281
INFO:root:elite fitness: 0.6532400000000002
INFO:root:Generation: 53
INFO:root:pop fitness: 0.6078800000000001
INFO:root:elite fitness: 0.7156200000000001
INFO:root:Generation: 49
INFO:root:pop fitness: 0.5726300000000001
INFO:root:elite fitness: 0.67558
INFO:root:Generation: 54
INFO:root:pop fitness: 0.60136
INFO:root:elite fitness: 0.70866
INFO:root:Generation: 50
INFO:root:pop fitness: 0.5855600000000001
INFO:root:elite fitness: 0.6937000000000001
INFO:root:Generation: 55
INFO:root:pop fitness: 0.60389
INFO:root:elite fitness: 0.7057599999999999
INFO:root:Generation: 51
INFO:root:pop fitness: 0.59195
INFO:root:elite fitness: 0.6931599999999999
INFO:root:Generation: 56
INFO:root:pop fitness: 0.6024
INFO:root:elite fitness: 0.71968
INFO:root:Generation: 52
INFO:root:pop fitness: 0.58479
INFO:root:elite fitness: 0.69332
INFO:root:Generation: 57
INFO:root:pop fitness: 0.63377
INFO:root:elite fitness: 0.7080199999999999
INFO:root:Generation: 53
INFO:root:pop fitness: 0.57977
INFO:root:elite fitness: 0.6745399999999999
INFO:root:Generation: 58
INFO:root:pop fitness: 0.6016500000000001
INFO:root:elite fitness: 0.7020400000000001
INFO:root:Generation: 54
INFO:root:pop fitness: 0.59457
INFO:root:elite fitness: 0.6898400000000001
INFO:root:Generation: 59
INFO:root:pop fitness: 0.5929599999999999
INFO:root:elite fitness: 0.7142200000000001
INFO:root:Generation: 55
INFO:root:pop fitness: 0.5887299999999999
INFO:root:elite fitness: 0.6825600000000001
INFO:root:Generation: 60
INFO:root:pop fitness: 0.61776
INFO:root:elite fitness: 0.7086600000000002
INFO:root:Generation: 56
INFO:root:pop fitness: 0.5910899999999999
INFO:root:elite fitness: 0.6817
INFO:root:Generation: 61
INFO:root:pop fitness: 0.6123799999999999
INFO:root:elite fitness: 0.72762
INFO:root:Generation: 62
INFO:root:pop fitness: 0.5983
INFO:root:elite fitness: 0.70012
INFO:root:Generation: 57
INFO:root:pop fitness: 0.6003700000000001
INFO:root:elite fitness: 0.7003800000000001
INFO:root:Generation: 63
INFO:root:pop fitness: 0.6134999999999999
INFO:root:elite fitness: 0.7173999999999999
INFO:root:Generation: 58
INFO:root:pop fitness: 0.59991
INFO:root:elite fitness: 0.70974
INFO:root:Generation: 64
INFO:root:pop fitness: 0.6035
INFO:root:elite fitness: 0.7033999999999999
INFO:root:Generation: 59
INFO:root:pop fitness: 0.5987699999999999
INFO:root:elite fitness: 0.7169000000000001
INFO:root:Generation: 65
INFO:root:pop fitness: 0.6019000000000001
INFO:root:elite fitness: 0.6861600000000001
INFO:root:Generation: 60
INFO:root:pop fitness: 0.6086400000000001
INFO:root:elite fitness: 0.7094999999999999
INFO:root:Generation: 66
INFO:root:pop fitness: 0.60821
INFO:root:elite fitness: 0.71366
INFO:root:Generation: 61
INFO:root:pop fitness: 0.58998
INFO:root:elite fitness: 0.68238
INFO:root:Generation: 67
INFO:root:pop fitness: 0.61278
INFO:root:elite fitness: 0.7189399999999999
INFO:root:Generation: 62
INFO:root:pop fitness: 0.5817599999999999
INFO:root:elite fitness: 0.70672
INFO:root:Generation: 68
INFO:root:pop fitness: 0.60448
INFO:root:elite fitness: 0.7025999999999999
INFO:root:Generation: 63
INFO:root:pop fitness: 0.5906800000000001
INFO:root:elite fitness: 0.68976
INFO:root:Generation: 69
INFO:root:pop fitness: 0.58856
INFO:root:elite fitness: 0.68926
INFO:root:Generation: 64
INFO:root:pop fitness: 0.59833
INFO:root:elite fitness: 0.6958999999999999
INFO:root:Generation: 70
INFO:root:pop fitness: 0.6063400000000001
INFO:root:elite fitness: 0.70416
INFO:root:Generation: 65
INFO:root:pop fitness: 0.60922
INFO:root:elite fitness: 0.7070400000000001
INFO:root:Generation: 71
INFO:root:pop fitness: 0.6047899999999999
INFO:root:elite fitness: 0.7131799999999999
INFO:root:Generation: 72
INFO:root:pop fitness: 0.6153
INFO:root:elite fitness: 0.7243200000000001
INFO:root:Generation: 66
INFO:root:pop fitness: 0.60702
INFO:root:elite fitness: 0.7123400000000002
INFO:root:Generation: 73
INFO:root:pop fitness: 0.61307
INFO:root:elite fitness: 0.7134400000000001
INFO:root:Generation: 67
INFO:root:pop fitness: 0.59321
INFO:root:elite fitness: 0.6776000000000001
INFO:root:Generation: 74
INFO:root:pop fitness: 0.61226
INFO:root:elite fitness: 0.7119599999999999
INFO:root:Generation: 68
INFO:root:pop fitness: 0.60208
INFO:root:elite fitness: 0.71068
INFO:root:Generation: 75
INFO:root:pop fitness: 0.6051999999999998
INFO:root:elite fitness: 0.7011
INFO:root:Generation: 69
INFO:root:pop fitness: 0.605
INFO:root:elite fitness: 0.70222
INFO:root:Generation: 76
INFO:root:pop fitness: 0.60015
INFO:root:elite fitness: 0.71488
INFO:root:Generation: 70
INFO:root:pop fitness: 0.6032899999999999
INFO:root:elite fitness: 0.693
INFO:root:Generation: 77
INFO:root:pop fitness: 0.6281300000000001
INFO:root:elite fitness: 0.7206
INFO:root:Generation: 71
INFO:root:pop fitness: 0.58052
INFO:root:elite fitness: 0.66756
INFO:root:Generation: 78
INFO:root:pop fitness: 0.62664
INFO:root:elite fitness: 0.72616
INFO:root:Generation: 72
INFO:root:pop fitness: 0.5866399999999998
INFO:root:elite fitness: 0.6723600000000002
INFO:root:Generation: 79
INFO:root:pop fitness: 0.6348299999999999
INFO:root:elite fitness: 0.7391
INFO:root:Generation: 73
INFO:root:pop fitness: 0.6091099999999999
INFO:root:elite fitness: 0.7168399999999999
INFO:root:Generation: 80
INFO:root:pop fitness: 0.6428
INFO:root:elite fitness: 0.7296
INFO:root:Generation: 74
INFO:root:pop fitness: 0.60839
INFO:root:elite fitness: 0.7128000000000001
INFO:root:Generation: 81
INFO:root:pop fitness: 0.6236
INFO:root:elite fitness: 0.7084400000000001
INFO:root:Generation: 75
INFO:root:pop fitness: 0.60576
INFO:root:elite fitness: 0.7135400000000002
INFO:root:Generation: 82
INFO:root:pop fitness: 0.63118
INFO:root:elite fitness: 0.7426599999999999
INFO:root:Generation: 76
INFO:root:pop fitness: 0.6117699999999999
INFO:root:elite fitness: 0.7058199999999998
INFO:root:Generation: 83
INFO:root:pop fitness: 0.63998
INFO:root:elite fitness: 0.72354
INFO:root:Generation: 84
INFO:root:pop fitness: 0.64244
INFO:root:elite fitness: 0.72666
INFO:root:Generation: 77
INFO:root:pop fitness: 0.6074199999999998
INFO:root:elite fitness: 0.68416
INFO:root:Generation: 85
INFO:root:pop fitness: 0.62643
INFO:root:elite fitness: 0.71132
INFO:root:Generation: 78
INFO:root:pop fitness: 0.60773
INFO:root:elite fitness: 0.7169599999999999
INFO:root:Generation: 86
INFO:root:pop fitness: 0.6429600000000001
INFO:root:elite fitness: 0.72734
INFO:root:Generation: 79
INFO:root:pop fitness: 0.6100300000000001
INFO:root:elite fitness: 0.7162799999999998
INFO:root:Generation: 87
INFO:root:pop fitness: 0.6304899999999999
INFO:root:elite fitness: 0.71784
INFO:root:Generation: 80
INFO:root:pop fitness: 0.60747
INFO:root:elite fitness: 0.71042
INFO:root:Generation: 88
INFO:root:pop fitness: 0.6234000000000001
INFO:root:elite fitness: 0.7245800000000001
INFO:root:Generation: 81
INFO:root:pop fitness: 0.62227
INFO:root:elite fitness: 0.7333000000000002
INFO:root:Generation: 89
INFO:root:pop fitness: 0.6322899999999999
INFO:root:elite fitness: 0.7165599999999999
INFO:root:Generation: 82
INFO:root:pop fitness: 0.60886
INFO:root:elite fitness: 0.72834
INFO:root:Generation: 90
INFO:root:pop fitness: 0.6375000000000001
INFO:root:elite fitness: 0.73356
INFO:root:Generation: 83
INFO:root:pop fitness: 0.6178799999999999
INFO:root:elite fitness: 0.7102
INFO:root:Generation: 91
INFO:root:pop fitness: 0.63173
INFO:root:elite fitness: 0.7219
INFO:root:Generation: 84
INFO:root:pop fitness: 0.60494
INFO:root:elite fitness: 0.70768
INFO:root:Generation: 92
INFO:root:pop fitness: 0.6294099999999999
INFO:root:elite fitness: 0.7124799999999999
INFO:root:Generation: 85
INFO:root:pop fitness: 0.5994399999999999
INFO:root:elite fitness: 0.7100600000000001
INFO:root:Generation: 93
INFO:root:pop fitness: 0.63198
INFO:root:elite fitness: 0.7219200000000001
INFO:root:Generation: 86
INFO:root:pop fitness: 0.58801
INFO:root:elite fitness: 0.68282
INFO:root:Generation: 94
INFO:root:pop fitness: 0.61262
INFO:root:elite fitness: 0.7099199999999999
INFO:root:Generation: 95
INFO:root:pop fitness: 0.63727
INFO:root:elite fitness: 0.7055400000000002
INFO:root:Generation: 87
INFO:root:pop fitness: 0.61808
INFO:root:elite fitness: 0.7235399999999998
INFO:root:Generation: 96
INFO:root:pop fitness: 0.62752
INFO:root:elite fitness: 0.7200000000000002
INFO:root:Generation: 88
INFO:root:pop fitness: 0.58502
INFO:root:elite fitness: 0.69904
INFO:root:Generation: 97
INFO:root:pop fitness: 0.62981
INFO:root:elite fitness: 0.7193599999999999
INFO:root:Generation: 89
INFO:root:pop fitness: 0.59287
INFO:root:elite fitness: 0.69998
INFO:root:Generation: 98
INFO:root:pop fitness: 0.63323
INFO:root:elite fitness: 0.73752
INFO:root:Generation: 90
INFO:root:pop fitness: 0.60173
INFO:root:elite fitness: 0.6908200000000001
INFO:root:Generation: 99
INFO:root:pop fitness: 0.64044
INFO:root:elite fitness: 0.7474200000000002
INFO:root:Generation: 91
INFO:root:pop fitness: 0.61029
INFO:root:elite fitness: 0.6897600000000002
INFO:root:Generation: 100
INFO:root:pop fitness: 0.62948
INFO:root:elite fitness: 0.71232
INFO:root:Generation: 92
INFO:root:pop fitness: 0.6046299999999999
INFO:root:elite fitness: 0.7191199999999999
INFO:root:Generation: 101
INFO:root:pop fitness: 0.6408799999999999
INFO:root:elite fitness: 0.74272
INFO:root:Generation: 93
INFO:root:pop fitness: 0.60345
INFO:root:elite fitness: 0.69536
INFO:root:Generation: 102
INFO:root:pop fitness: 0.62811
INFO:root:elite fitness: 0.7175
INFO:root:Generation: 94
INFO:root:pop fitness: 0.60981
INFO:root:elite fitness: 0.7123999999999999
INFO:root:Generation: 103
INFO:root:pop fitness: 0.62414
INFO:root:elite fitness: 0.7316800000000001
INFO:root:Generation: 95
INFO:root:pop fitness: 0.5980400000000001
INFO:root:elite fitness: 0.71702
INFO:root:Generation: 104
INFO:root:pop fitness: 0.63722
INFO:root:elite fitness: 0.73066
INFO:root:Generation: 105
INFO:root:pop fitness: 0.64666
INFO:root:elite fitness: 0.7286
INFO:root:Generation: 96
INFO:root:pop fitness: 0.61361
INFO:root:elite fitness: 0.7211
INFO:root:Generation: 106
INFO:root:pop fitness: 0.63611
INFO:root:elite fitness: 0.7319200000000001
INFO:root:Generation: 97
INFO:root:pop fitness: 0.60455
INFO:root:elite fitness: 0.7153200000000001
INFO:root:Generation: 107
INFO:root:pop fitness: 0.6372800000000001
INFO:root:elite fitness: 0.7266000000000001
INFO:root:Generation: 98
INFO:root:pop fitness: 0.6013999999999999
INFO:root:elite fitness: 0.7092800000000001
INFO:root:Generation: 108
INFO:root:pop fitness: 0.62895
INFO:root:elite fitness: 0.70718
INFO:root:Generation: 99
INFO:root:pop fitness: 0.61529
INFO:root:elite fitness: 0.7218800000000001
INFO:root:Generation: 109
INFO:root:pop fitness: 0.64215
INFO:root:elite fitness: 0.7526799999999999
INFO:root:Generation: 100
INFO:root:pop fitness: 0.60017
INFO:root:elite fitness: 0.6855
INFO:root:Generation: 110
INFO:root:pop fitness: 0.6313799999999999
INFO:root:elite fitness: 0.70762
INFO:root:Generation: 101
INFO:root:pop fitness: 0.6103799999999999
INFO:root:elite fitness: 0.7395800000000001
INFO:root:Generation: 111
INFO:root:pop fitness: 0.6336400000000001
INFO:root:elite fitness: 0.7185000000000001
INFO:root:Generation: 102
INFO:root:pop fitness: 0.60033
INFO:root:elite fitness: 0.7139600000000002
INFO:root:Generation: 112
INFO:root:pop fitness: 0.63718
INFO:root:elite fitness: 0.7332799999999999
INFO:root:Generation: 103
INFO:root:pop fitness: 0.60593
INFO:root:elite fitness: 0.70684
INFO:root:Generation: 113
INFO:root:pop fitness: 0.63719
INFO:root:elite fitness: 0.74154
INFO:root:Generation: 104
INFO:root:pop fitness: 0.61684
INFO:root:elite fitness: 0.7285200000000001
INFO:root:Generation: 114
INFO:root:pop fitness: 0.6336299999999999
INFO:root:elite fitness: 0.7310599999999999
INFO:root:Generation: 105
INFO:root:pop fitness: 0.6041099999999999
INFO:root:elite fitness: 0.7127800000000002
INFO:root:Generation: 115
INFO:root:pop fitness: 0.63081
INFO:root:elite fitness: 0.71018
INFO:root:Generation: 116
INFO:root:pop fitness: 0.62078
INFO:root:elite fitness: 0.71068
INFO:root:Generation: 106
INFO:root:pop fitness: 0.5913499999999999
INFO:root:elite fitness: 0.6969199999999998
INFO:root:Generation: 117
INFO:root:pop fitness: 0.62447
INFO:root:elite fitness: 0.71612
INFO:root:Generation: 107
INFO:root:pop fitness: 0.6011200000000001
INFO:root:elite fitness: 0.7113600000000001
INFO:root:Generation: 118
INFO:root:pop fitness: 0.63517
INFO:root:elite fitness: 0.7244799999999998
INFO:root:Generation: 108
INFO:root:pop fitness: 0.59542
INFO:root:elite fitness: 0.7050800000000002
INFO:root:Generation: 119
INFO:root:pop fitness: 0.63388
INFO:root:elite fitness: 0.7271000000000001
INFO:root:Generation: 109
INFO:root:pop fitness: 0.60077
INFO:root:elite fitness: 0.7126799999999999
INFO:root:Generation: 120
INFO:root:pop fitness: 0.6214599999999999
INFO:root:elite fitness: 0.71182
INFO:root:Generation: 110
INFO:root:pop fitness: 0.60583
INFO:root:elite fitness: 0.69718
INFO:root:Generation: 121
INFO:root:pop fitness: 0.63241
INFO:root:elite fitness: 0.73434
INFO:root:Generation: 111
INFO:root:pop fitness: 0.6156999999999999
INFO:root:elite fitness: 0.7036200000000001
INFO:root:Generation: 122
INFO:root:pop fitness: 0.62362
INFO:root:elite fitness: 0.71454
INFO:root:Generation: 112
INFO:root:pop fitness: 0.5920300000000001
INFO:root:elite fitness: 0.6958799999999999
INFO:root:Generation: 123
INFO:root:pop fitness: 0.63731
INFO:root:elite fitness: 0.7254
INFO:root:Generation: 113
INFO:root:pop fitness: 0.60432
INFO:root:elite fitness: 0.7037400000000003
INFO:root:Generation: 124
INFO:root:pop fitness: 0.6205099999999999
INFO:root:elite fitness: 0.7221
INFO:root:Generation: 114
INFO:root:pop fitness: 0.59184
INFO:root:elite fitness: 0.7002200000000001
INFO:root:Generation: 125
INFO:root:pop fitness: 0.6335
INFO:root:elite fitness: 0.73346
INFO:root:Generation: 115
INFO:root:pop fitness: 0.59522
INFO:root:elite fitness: 0.70698
INFO:root:Generation: 126
INFO:root:pop fitness: 0.6349400000000002
INFO:root:elite fitness: 0.75976
INFO:root:Generation: 127
INFO:root:pop fitness: 0.63618
INFO:root:elite fitness: 0.7234800000000001
INFO:root:Generation: 116
INFO:root:pop fitness: 0.61216
INFO:root:elite fitness: 0.7241999999999998
INFO:root:Generation: 128
INFO:root:pop fitness: 0.6166799999999999
INFO:root:elite fitness: 0.7053199999999998
INFO:root:Generation: 117
INFO:root:pop fitness: 0.61521
INFO:root:elite fitness: 0.71328
INFO:root:Generation: 129
INFO:root:pop fitness: 0.6251599999999999
INFO:root:elite fitness: 0.7237800000000001
INFO:root:Generation: 118
INFO:root:pop fitness: 0.61415
INFO:root:elite fitness: 0.71256
INFO:root:Generation: 130
INFO:root:pop fitness: 0.61739
INFO:root:elite fitness: 0.70404
INFO:root:Generation: 119
INFO:root:pop fitness: 0.6103799999999999
INFO:root:elite fitness: 0.6982599999999999
INFO:root:Generation: 131
INFO:root:pop fitness: 0.6262300000000001
INFO:root:elite fitness: 0.7214999999999999
INFO:root:Generation: 120
INFO:root:pop fitness: 0.60476
INFO:root:elite fitness: 0.71388
INFO:root:Generation: 132
INFO:root:pop fitness: 0.6188699999999999
INFO:root:elite fitness: 0.70158
INFO:root:Generation: 121
INFO:root:pop fitness: 0.6042299999999999
INFO:root:elite fitness: 0.7008199999999999
INFO:root:Generation: 133
INFO:root:pop fitness: 0.6220899999999999
INFO:root:elite fitness: 0.7191
INFO:root:Generation: 122
INFO:root:pop fitness: 0.61986
INFO:root:elite fitness: 0.72792
INFO:root:Generation: 134
INFO:root:pop fitness: 0.6512299999999999
INFO:root:elite fitness: 0.7404799999999999
INFO:root:Generation: 123
INFO:root:pop fitness: 0.6007
INFO:root:elite fitness: 0.7151
INFO:root:Generation: 135
INFO:root:pop fitness: 0.62315
INFO:root:elite fitness: 0.7178600000000002
INFO:root:Generation: 124
INFO:root:pop fitness: 0.62237
INFO:root:elite fitness: 0.7244800000000001
INFO:root:Generation: 136
INFO:root:pop fitness: 0.62993
INFO:root:elite fitness: 0.72518
INFO:root:Generation: 137
INFO:root:pop fitness: 0.61888
INFO:root:elite fitness: 0.7236199999999999
INFO:root:Generation: 125
INFO:root:pop fitness: 0.63197
INFO:root:elite fitness: 0.73154
INFO:root:Generation: 138
INFO:root:pop fitness: 0.6268
INFO:root:elite fitness: 0.7526199999999998
INFO:root:Generation: 126
INFO:root:pop fitness: 0.61379
INFO:root:elite fitness: 0.73736
INFO:root:Generation: 139
INFO:root:pop fitness: 0.61768
INFO:root:elite fitness: 0.7018000000000001
INFO:root:Generation: 127
INFO:root:pop fitness: 0.6241800000000001
INFO:root:elite fitness: 0.7180799999999999
INFO:root:Generation: 140
INFO:root:pop fitness: 0.62273
INFO:root:elite fitness: 0.72682
INFO:root:Generation: 128
INFO:root:pop fitness: 0.62329
INFO:root:elite fitness: 0.7127
INFO:root:Generation: 141
INFO:root:pop fitness: 0.62307
INFO:root:elite fitness: 0.7379600000000001
INFO:root:Generation: 129
INFO:root:pop fitness: 0.6213000000000001
INFO:root:elite fitness: 0.7116600000000001
INFO:root:Generation: 142
INFO:root:pop fitness: 0.6358999999999999
INFO:root:elite fitness: 0.7206200000000001
INFO:root:Generation: 130
INFO:root:pop fitness: 0.63632
INFO:root:elite fitness: 0.7363000000000001
INFO:root:Generation: 143
INFO:root:pop fitness: 0.6167100000000001
INFO:root:elite fitness: 0.7050599999999999
INFO:root:Generation: 131
INFO:root:pop fitness: 0.63676
INFO:root:elite fitness: 0.72654
INFO:root:Generation: 144
INFO:root:pop fitness: 0.63349
INFO:root:elite fitness: 0.7395
INFO:root:Generation: 132
INFO:root:pop fitness: 0.62454
INFO:root:elite fitness: 0.7254200000000001
INFO:root:Generation: 145
INFO:root:pop fitness: 0.63569
INFO:root:elite fitness: 0.7393
INFO:root:Generation: 133
INFO:root:pop fitness: 0.6289199999999999
INFO:root:elite fitness: 0.7107399999999999
INFO:root:Generation: 146
INFO:root:pop fitness: 0.6319600000000001
INFO:root:elite fitness: 0.72258
INFO:root:Generation: 134
INFO:root:pop fitness: 0.61496
INFO:root:elite fitness: 0.7212
INFO:root:Generation: 147
INFO:root:pop fitness: 0.6483
INFO:root:elite fitness: 0.73542
INFO:root:Generation: 148
INFO:root:pop fitness: 0.6420999999999999
INFO:root:elite fitness: 0.7313
INFO:root:Generation: 135
INFO:root:pop fitness: 0.62765
INFO:root:elite fitness: 0.72616
INFO:root:Generation: 149
INFO:root:pop fitness: 0.6303400000000001
INFO:root:elite fitness: 0.7294200000000001
INFO:root:Generation: 136
INFO:root:pop fitness: 0.61242
INFO:root:elite fitness: 0.7218600000000001
INFO:root:Generation: 150
INFO:root:pop fitness: 0.62881
INFO:root:elite fitness: 0.7352000000000001
INFO:root:Generation: 137
INFO:root:pop fitness: 0.64075
INFO:root:elite fitness: 0.73842
INFO:root:Generation: 151
INFO:root:pop fitness: 0.6322399999999999
INFO:root:elite fitness: 0.7269
INFO:root:Generation: 138
INFO:root:pop fitness: 0.63191
INFO:root:elite fitness: 0.71974
INFO:root:Generation: 152
INFO:root:pop fitness: 0.6370699999999999
INFO:root:elite fitness: 0.7284799999999998
INFO:root:Generation: 139
INFO:root:pop fitness: 0.64756
INFO:root:elite fitness: 0.7383200000000001
INFO:root:Generation: 153
INFO:root:pop fitness: 0.6413900000000001
INFO:root:elite fitness: 0.7342400000000001
INFO:root:Generation: 140
INFO:root:pop fitness: 0.64244
INFO:root:elite fitness: 0.7305800000000001
INFO:root:Generation: 154
INFO:root:pop fitness: 0.6357099999999999
INFO:root:elite fitness: 0.7219000000000001
INFO:root:Generation: 141
INFO:root:pop fitness: 0.62159
INFO:root:elite fitness: 0.71746
INFO:root:Generation: 155
INFO:root:pop fitness: 0.6353899999999999
INFO:root:elite fitness: 0.7293999999999998
INFO:root:Generation: 142
INFO:root:pop fitness: 0.61978
INFO:root:elite fitness: 0.7235600000000001
INFO:root:Generation: 156
INFO:root:pop fitness: 0.6303000000000001
INFO:root:elite fitness: 0.7312199999999999
INFO:root:Generation: 143
INFO:root:pop fitness: 0.6253
INFO:root:elite fitness: 0.7226799999999999
INFO:root:Generation: 157
INFO:root:pop fitness: 0.64184
INFO:root:elite fitness: 0.72442
INFO:root:Generation: 158
INFO:root:pop fitness: 0.6356
INFO:root:elite fitness: 0.7297000000000001
INFO:root:Generation: 144
INFO:root:pop fitness: 0.6145900000000001
INFO:root:elite fitness: 0.72702
INFO:root:Generation: 159
INFO:root:pop fitness: 0.63191
INFO:root:elite fitness: 0.72736
INFO:root:Generation: 145
INFO:root:pop fitness: 0.63433
INFO:root:elite fitness: 0.7367400000000001
INFO:root:Generation: 160
INFO:root:pop fitness: 0.6211199999999999
INFO:root:elite fitness: 0.7131000000000001
INFO:root:Generation: 146
INFO:root:pop fitness: 0.6229200000000001
INFO:root:elite fitness: 0.70184
INFO:root:Generation: 161
INFO:root:pop fitness: 0.64027
INFO:root:elite fitness: 0.7234200000000002
INFO:root:Generation: 147
INFO:root:pop fitness: 0.6249
INFO:root:elite fitness: 0.7268399999999999
INFO:root:Generation: 162
INFO:root:pop fitness: 0.6261199999999999
INFO:root:elite fitness: 0.71854
INFO:root:Generation: 148
INFO:root:pop fitness: 0.61137
INFO:root:elite fitness: 0.7295999999999999
INFO:root:Generation: 163
INFO:root:pop fitness: 0.63282
INFO:root:elite fitness: 0.71336
INFO:root:Generation: 149
INFO:root:pop fitness: 0.60465
INFO:root:elite fitness: 0.70368
INFO:root:Generation: 164
INFO:root:pop fitness: 0.6395799999999999
INFO:root:elite fitness: 0.7267800000000001
INFO:root:Generation: 150
INFO:root:pop fitness: 0.63154
INFO:root:elite fitness: 0.7275800000000001
INFO:root:Generation: 165
INFO:root:pop fitness: 0.63202
INFO:root:elite fitness: 0.7304799999999999
INFO:root:Generation: 151
INFO:root:pop fitness: 0.6202799999999999
INFO:root:elite fitness: 0.7078
INFO:root:Generation: 166
INFO:root:pop fitness: 0.62808
INFO:root:elite fitness: 0.71786
INFO:root:Generation: 152
INFO:root:pop fitness: 0.6288399999999998
INFO:root:elite fitness: 0.73072
INFO:root:Generation: 167
INFO:root:pop fitness: 0.63408
INFO:root:elite fitness: 0.7087399999999998
INFO:root:Generation: 168
INFO:root:pop fitness: 0.6476900000000001
INFO:root:elite fitness: 0.75074
INFO:root:Generation: 153
INFO:root:pop fitness: 0.61848
INFO:root:elite fitness: 0.71336
INFO:root:Generation: 169
INFO:root:pop fitness: 0.63154
INFO:root:elite fitness: 0.7233999999999999
INFO:root:Generation: 154
INFO:root:pop fitness: 0.6227900000000001
INFO:root:elite fitness: 0.7210599999999999
INFO:root:Generation: 170
INFO:root:pop fitness: 0.62777
INFO:root:elite fitness: 0.7218199999999999
INFO:root:Generation: 155
INFO:root:pop fitness: 0.6256900000000001
INFO:root:elite fitness: 0.7206800000000001
INFO:root:Generation: 171
INFO:root:pop fitness: 0.6318999999999999
INFO:root:elite fitness: 0.7283199999999997
INFO:root:Generation: 156
INFO:root:pop fitness: 0.62267
INFO:root:elite fitness: 0.7330599999999999
INFO:root:Generation: 172
INFO:root:pop fitness: 0.61543
INFO:root:elite fitness: 0.7232400000000001
INFO:root:Generation: 157
INFO:root:pop fitness: 0.6196
INFO:root:elite fitness: 0.7010200000000001
INFO:root:Generation: 173
INFO:root:pop fitness: 0.62853
INFO:root:elite fitness: 0.7234999999999999
INFO:root:Generation: 158
INFO:root:pop fitness: 0.62458
INFO:root:elite fitness: 0.73762
INFO:root:Generation: 174
INFO:root:pop fitness: 0.6186699999999999
INFO:root:elite fitness: 0.7311
INFO:root:Generation: 159
INFO:root:pop fitness: 0.63508
INFO:root:elite fitness: 0.73094
INFO:root:Generation: 175
INFO:root:pop fitness: 0.6278199999999999
INFO:root:elite fitness: 0.72222
INFO:root:Generation: 160
INFO:root:pop fitness: 0.60541
INFO:root:elite fitness: 0.70502
INFO:root:Generation: 176
INFO:root:pop fitness: 0.61905
INFO:root:elite fitness: 0.7154200000000001
INFO:root:Generation: 161
INFO:root:pop fitness: 0.6210400000000001
INFO:root:elite fitness: 0.7214399999999999
INFO:root:Generation: 177
INFO:root:pop fitness: 0.6387700000000001
INFO:root:elite fitness: 0.72694
INFO:root:Generation: 178
INFO:root:pop fitness: 0.6332300000000001
INFO:root:elite fitness: 0.7282800000000001
INFO:root:Generation: 162
INFO:root:pop fitness: 0.6406099999999999
INFO:root:elite fitness: 0.73588
INFO:root:Generation: 179
INFO:root:pop fitness: 0.6427799999999999
INFO:root:elite fitness: 0.7526599999999999
INFO:root:Generation: 163
INFO:root:pop fitness: 0.61544
INFO:root:elite fitness: 0.7010599999999999
INFO:root:Generation: 180
INFO:root:pop fitness: 0.61497
INFO:root:elite fitness: 0.7121200000000001
INFO:root:Generation: 164
INFO:root:pop fitness: 0.62393
INFO:root:elite fitness: 0.73352
INFO:root:Generation: 181
INFO:root:pop fitness: 0.6259999999999999
INFO:root:elite fitness: 0.7192800000000001
INFO:root:Generation: 165
INFO:root:pop fitness: 0.6194399999999999
INFO:root:elite fitness: 0.7070399999999999
INFO:root:Generation: 182
INFO:root:pop fitness: 0.62792
INFO:root:elite fitness: 0.7271799999999999
INFO:root:Generation: 166
INFO:root:pop fitness: 0.61907
INFO:root:elite fitness: 0.70596
INFO:root:Generation: 183
INFO:root:pop fitness: 0.64349
INFO:root:elite fitness: 0.75214
INFO:root:Generation: 167
INFO:root:pop fitness: 0.61492
INFO:root:elite fitness: 0.7310399999999998
INFO:root:Generation: 184
INFO:root:pop fitness: 0.63813
INFO:root:elite fitness: 0.7343600000000001
INFO:root:Generation: 168
INFO:root:pop fitness: 0.62166
INFO:root:elite fitness: 0.7369399999999999
INFO:root:Generation: 185
INFO:root:pop fitness: 0.62196
INFO:root:elite fitness: 0.7001799999999999
INFO:root:Generation: 169
INFO:root:pop fitness: 0.6135200000000001
INFO:root:elite fitness: 0.7161399999999999
INFO:root:Generation: 186
INFO:root:pop fitness: 0.6248799999999999
INFO:root:elite fitness: 0.7302000000000001
INFO:root:Generation: 170
INFO:root:pop fitness: 0.62373
INFO:root:elite fitness: 0.7064199999999999
INFO:root:Generation: 187
INFO:root:pop fitness: 0.62822
INFO:root:elite fitness: 0.7368799999999999
INFO:root:Generation: 171
INFO:root:pop fitness: 0.61842
INFO:root:elite fitness: 0.7184
INFO:root:Generation: 188
INFO:root:pop fitness: 0.63058
INFO:root:elite fitness: 0.7281399999999999
INFO:root:Generation: 172
INFO:root:pop fitness: 0.64178
INFO:root:elite fitness: 0.7356400000000001
INFO:root:Generation: 189
INFO:root:pop fitness: 0.63579
INFO:root:elite fitness: 0.74378
INFO:root:Generation: 173
INFO:root:pop fitness: 0.62251
INFO:root:elite fitness: 0.7290800000000002
INFO:root:Generation: 190
INFO:root:pop fitness: 0.6171899999999999
INFO:root:elite fitness: 0.7239999999999999
INFO:root:Generation: 174
INFO:root:pop fitness: 0.62479
INFO:root:elite fitness: 0.7268400000000002
INFO:root:Generation: 191
INFO:root:pop fitness: 0.6140500000000001
INFO:root:elite fitness: 0.73308
INFO:root:Generation: 192
INFO:root:pop fitness: 0.64397
INFO:root:elite fitness: 0.72614
INFO:root:Generation: 175
INFO:root:pop fitness: 0.61408
INFO:root:elite fitness: 0.70172
INFO:root:Generation: 193
INFO:root:pop fitness: 0.6282399999999999
INFO:root:elite fitness: 0.71794
INFO:root:Generation: 176
INFO:root:pop fitness: 0.62331
INFO:root:elite fitness: 0.72966
INFO:root:Generation: 194
INFO:root:pop fitness: 0.62868
INFO:root:elite fitness: 0.7166199999999999
INFO:root:Generation: 177
INFO:root:pop fitness: 0.6211899999999999
INFO:root:elite fitness: 0.72088
INFO:root:Generation: 195
INFO:root:pop fitness: 0.6295899999999999
INFO:root:elite fitness: 0.7212599999999999
INFO:root:Generation: 178
INFO:root:pop fitness: 0.6207699999999999
INFO:root:elite fitness: 0.7466799999999999
INFO:root:Generation: 196
INFO:root:pop fitness: 0.6323500000000001
INFO:root:elite fitness: 0.7159
INFO:root:Generation: 179
INFO:root:pop fitness: 0.6291300000000001
INFO:root:elite fitness: 0.7082399999999999
INFO:root:Generation: 197
INFO:root:pop fitness: 0.6301800000000001
INFO:root:elite fitness: 0.7267599999999999
INFO:root:Generation: 180
INFO:root:pop fitness: 0.6234399999999999
INFO:root:elite fitness: 0.7136200000000001
INFO:root:Generation: 198
INFO:root:pop fitness: 0.6288699999999999
INFO:root:elite fitness: 0.7218799999999999
INFO:root:Generation: 181
INFO:root:pop fitness: 0.64852
INFO:root:elite fitness: 0.74566
INFO:root:Generation: 199
INFO:root:pop fitness: 0.62693
INFO:root:elite fitness: 0.7244800000000001
INFO:root:Generation: 182
INFO:root:pop fitness: 0.6280100000000001
INFO:root:elite fitness: 0.7145
INFO:root:Generation: 183
INFO:root:pop fitness: 0.63563
INFO:root:elite fitness: 0.73566
INFO:root:Generation: 184
INFO:root:pop fitness: 0.62548
INFO:root:elite fitness: 0.71482
INFO:root:Generation: 185
INFO:root:pop fitness: 0.60838
INFO:root:elite fitness: 0.7022800000000001
INFO:root:Generation: 186
INFO:root:pop fitness: 0.63266
INFO:root:elite fitness: 0.73208
INFO:root:Generation: 187
INFO:root:pop fitness: 0.62116
INFO:root:elite fitness: 0.7194999999999997
INFO:root:Generation: 188
INFO:root:pop fitness: 0.6341100000000001
INFO:root:elite fitness: 0.7367999999999999
INFO:root:Generation: 189
INFO:root:pop fitness: 0.647
INFO:root:elite fitness: 0.73798
INFO:root:Generation: 190
INFO:root:pop fitness: 0.6565999999999999
INFO:root:elite fitness: 0.75848
INFO:root:Generation: 191
INFO:root:pop fitness: 0.6304099999999999
INFO:root:elite fitness: 0.7195400000000001
INFO:root:Generation: 192
INFO:root:pop fitness: 0.6389900000000001
INFO:root:elite fitness: 0.7340800000000001
INFO:root:Generation: 193
INFO:root:pop fitness: 0.6327600000000001
INFO:root:elite fitness: 0.7214999999999999
INFO:root:Generation: 194
INFO:root:pop fitness: 0.6285200000000001
INFO:root:elite fitness: 0.7121200000000001
INFO:root:Generation: 195
INFO:root:pop fitness: 0.63277
INFO:root:elite fitness: 0.74042
INFO:root:Generation: 196
INFO:root:pop fitness: 0.63613
INFO:root:elite fitness: 0.7303799999999999
INFO:root:Generation: 197
INFO:root:pop fitness: 0.6295199999999999
INFO:root:elite fitness: 0.7162200000000002
INFO:root:Generation: 198
INFO:root:pop fitness: 0.6241199999999999
INFO:root:elite fitness: 0.7158
INFO:root:Generation: 199
INFO:root:pop fitness: 0.6426400000000001
INFO:root:elite fitness: 0.7365200000000001
