INFO:root:run_master: Namespace(arms='10', hidden='64', layers='1', max_gen='200', message='', mutation_mag='0.1', name='resetSteps', noise=True, pop_size='50', save_result=True, steps='1', trials='100')
INFO:root:run_master: Namespace(arms='10', hidden='64', layers='1', max_gen='200', message='', mutation_mag='0.1', name='resetSteps', noise=False, pop_size='50', save_result=True, steps='1', trials='100')
INFO:root:Generation: 0
INFO:root:pop fitness: 0.09866
INFO:root:elite fitness: 0.10604000000000001
INFO:root:Generation: 0
INFO:root:pop fitness: 0.10318000000000001
INFO:root:elite fitness: 0.11588
INFO:root:Generation: 1
INFO:root:pop fitness: 0.09898
INFO:root:elite fitness: 0.1258
INFO:root:Generation: 1
INFO:root:pop fitness: 0.10136
INFO:root:elite fitness: 0.12976
INFO:root:Generation: 2
INFO:root:pop fitness: 0.0928
INFO:root:elite fitness: 0.12027999999999998
INFO:root:Generation: 2
INFO:root:pop fitness: 0.10134
INFO:root:elite fitness: 0.15328
INFO:root:Generation: 3
INFO:root:pop fitness: 0.09706
INFO:root:elite fitness: 0.15756000000000003
INFO:root:Generation: 3
INFO:root:pop fitness: 0.10456000000000001
INFO:root:elite fitness: 0.15264
INFO:root:Generation: 4
INFO:root:pop fitness: 0.10674000000000002
INFO:root:elite fitness: 0.16459999999999997
INFO:root:Generation: 4
INFO:root:pop fitness: 0.1121
INFO:root:elite fitness: 0.18395999999999998
INFO:root:Generation: 5
INFO:root:pop fitness: 0.09804
INFO:root:elite fitness: 0.15652
INFO:root:Generation: 5
INFO:root:pop fitness: 0.10097999999999999
INFO:root:elite fitness: 0.1648
INFO:root:Generation: 6
INFO:root:pop fitness: 0.10042
INFO:root:elite fitness: 0.19483999999999999
INFO:root:Generation: 6
INFO:root:pop fitness: 0.09682
INFO:root:elite fitness: 0.14772
INFO:root:Generation: 7
INFO:root:pop fitness: 0.10393999999999998
INFO:root:elite fitness: 0.16868000000000002
INFO:root:Generation: 7
INFO:root:pop fitness: 0.10985999999999999
INFO:root:elite fitness: 0.18988
INFO:root:Generation: 8
INFO:root:pop fitness: 0.0944
INFO:root:elite fitness: 0.17928
INFO:root:Generation: 8
INFO:root:pop fitness: 0.11274
INFO:root:elite fitness: 0.26344
INFO:root:Generation: 9
INFO:root:pop fitness: 0.10274
INFO:root:elite fitness: 0.22928
INFO:root:Generation: 9
INFO:root:pop fitness: 0.10091999999999998
INFO:root:elite fitness: 0.18536000000000002
INFO:root:Generation: 10
INFO:root:pop fitness: 0.10868
INFO:root:elite fitness: 0.19704
INFO:root:Generation: 10
INFO:root:pop fitness: 0.11282000000000002
INFO:root:elite fitness: 0.20224
INFO:root:Generation: 11
INFO:root:pop fitness: 0.12966
INFO:root:elite fitness: 0.24668000000000004
INFO:root:Generation: 12
INFO:root:pop fitness: 0.10494000000000002
INFO:root:elite fitness: 0.23032
INFO:root:Generation: 11
INFO:root:pop fitness: 0.11318
INFO:root:elite fitness: 0.18576
INFO:root:Generation: 13
INFO:root:pop fitness: 0.10644000000000002
INFO:root:elite fitness: 0.22848000000000002
INFO:root:Generation: 12
INFO:root:pop fitness: 0.1054
INFO:root:elite fitness: 0.20675999999999997
INFO:root:Generation: 14
INFO:root:pop fitness: 0.08898
INFO:root:elite fitness: 0.17956000000000003
INFO:root:Generation: 13
INFO:root:pop fitness: 0.11034
INFO:root:elite fitness: 0.19588
INFO:root:Generation: 15
INFO:root:pop fitness: 0.10325999999999999
INFO:root:elite fitness: 0.20220000000000002
INFO:root:Generation: 14
INFO:root:pop fitness: 0.12089999999999998
INFO:root:elite fitness: 0.23116
INFO:root:Generation: 16
INFO:root:pop fitness: 0.13132
INFO:root:elite fitness: 0.26328
INFO:root:Generation: 15
INFO:root:pop fitness: 0.13113999999999998
INFO:root:elite fitness: 0.25456
INFO:root:Generation: 17
INFO:root:pop fitness: 0.1075
INFO:root:elite fitness: 0.23576
INFO:root:Generation: 16
INFO:root:pop fitness: 0.09915999999999998
INFO:root:elite fitness: 0.20675999999999997
INFO:root:Generation: 18
INFO:root:pop fitness: 0.08248
INFO:root:elite fitness: 0.1632
INFO:root:Generation: 17
INFO:root:pop fitness: 0.09449999999999999
INFO:root:elite fitness: 0.22872
INFO:root:Generation: 19
INFO:root:pop fitness: 0.11543999999999999
INFO:root:elite fitness: 0.25611999999999996
INFO:root:Generation: 18
INFO:root:pop fitness: 0.09363999999999999
INFO:root:elite fitness: 0.23543999999999998
INFO:root:Generation: 20
INFO:root:pop fitness: 0.08254
INFO:root:elite fitness: 0.17764000000000002
INFO:root:Generation: 19
INFO:root:pop fitness: 0.11704
INFO:root:elite fitness: 0.24236000000000002
INFO:root:Generation: 21
INFO:root:pop fitness: 0.10407999999999999
INFO:root:elite fitness: 0.21604000000000004
INFO:root:Generation: 20
INFO:root:pop fitness: 0.10006
INFO:root:elite fitness: 0.19424000000000002
INFO:root:Generation: 22
INFO:root:pop fitness: 0.12952
INFO:root:elite fitness: 0.26367999999999997
INFO:root:Generation: 21
INFO:root:pop fitness: 0.09710000000000002
INFO:root:elite fitness: 0.17716
INFO:root:Generation: 23
INFO:root:pop fitness: 0.10921999999999998
INFO:root:elite fitness: 0.21028
INFO:root:Generation: 22
INFO:root:pop fitness: 0.09232000000000001
INFO:root:elite fitness: 0.20395999999999997
INFO:root:Generation: 24
INFO:root:pop fitness: 0.10241999999999997
INFO:root:elite fitness: 0.23104
INFO:root:Generation: 23
INFO:root:pop fitness: 0.10937999999999999
INFO:root:elite fitness: 0.22676000000000002
INFO:root:Generation: 25
INFO:root:pop fitness: 0.09702
INFO:root:elite fitness: 0.22616
INFO:root:Generation: 26
INFO:root:pop fitness: 0.10362
INFO:root:elite fitness: 0.21884
INFO:root:Generation: 24
INFO:root:pop fitness: 0.11289999999999999
INFO:root:elite fitness: 0.23224
INFO:root:Generation: 27
INFO:root:pop fitness: 0.10016
INFO:root:elite fitness: 0.29468000000000005
INFO:root:Generation: 25
INFO:root:pop fitness: 0.08764000000000001
INFO:root:elite fitness: 0.19048000000000007
INFO:root:Generation: 28
INFO:root:pop fitness: 0.08454
INFO:root:elite fitness: 0.19076000000000004
INFO:root:Generation: 26
INFO:root:pop fitness: 0.12238000000000002
INFO:root:elite fitness: 0.21779999999999997
INFO:root:Generation: 29
INFO:root:pop fitness: 0.11049999999999999
INFO:root:elite fitness: 0.22696000000000002
INFO:root:Generation: 27
INFO:root:pop fitness: 0.12313999999999999
INFO:root:elite fitness: 0.21975999999999998
INFO:root:Generation: 30
INFO:root:pop fitness: 0.10962
INFO:root:elite fitness: 0.22488
INFO:root:Generation: 28
INFO:root:pop fitness: 0.09986
INFO:root:elite fitness: 0.25152
INFO:root:Generation: 31
INFO:root:pop fitness: 0.09731999999999999
INFO:root:elite fitness: 0.24256
INFO:root:Generation: 29
INFO:root:pop fitness: 0.10052
INFO:root:elite fitness: 0.21484000000000003
INFO:root:Generation: 32
INFO:root:pop fitness: 0.11176000000000003
INFO:root:elite fitness: 0.21539999999999998
INFO:root:Generation: 30
INFO:root:pop fitness: 0.10013999999999999
INFO:root:elite fitness: 0.18175999999999998
INFO:root:Generation: 33
INFO:root:pop fitness: 0.12255999999999999
INFO:root:elite fitness: 0.252
INFO:root:Generation: 31
INFO:root:pop fitness: 0.10768000000000001
INFO:root:elite fitness: 0.26836
INFO:root:Generation: 34
INFO:root:pop fitness: 0.12308
INFO:root:elite fitness: 0.22455999999999998
INFO:root:Generation: 32
INFO:root:pop fitness: 0.09939999999999999
INFO:root:elite fitness: 0.23108000000000004
INFO:root:Generation: 35
INFO:root:pop fitness: 0.09624
INFO:root:elite fitness: 0.23244000000000004
INFO:root:Generation: 33
INFO:root:pop fitness: 0.09934000000000001
INFO:root:elite fitness: 0.21731999999999999
INFO:root:Generation: 36
INFO:root:pop fitness: 0.1171
INFO:root:elite fitness: 0.28412
INFO:root:Generation: 34
INFO:root:pop fitness: 0.10867999999999998
INFO:root:elite fitness: 0.20620000000000002
INFO:root:Generation: 37
INFO:root:pop fitness: 0.13585999999999998
INFO:root:elite fitness: 0.25795999999999997
INFO:root:Generation: 38
INFO:root:pop fitness: 0.08524
INFO:root:elite fitness: 0.18728
INFO:root:Generation: 35
INFO:root:pop fitness: 0.13966
INFO:root:elite fitness: 0.2916
INFO:root:Generation: 39
INFO:root:pop fitness: 0.11116
INFO:root:elite fitness: 0.21248
INFO:root:Generation: 36
INFO:root:pop fitness: 0.07728
INFO:root:elite fitness: 0.1576
INFO:root:Generation: 40
INFO:root:pop fitness: 0.12252
INFO:root:elite fitness: 0.27396
INFO:root:Generation: 37
INFO:root:pop fitness: 0.12734
INFO:root:elite fitness: 0.27259999999999995
INFO:root:Generation: 41
INFO:root:pop fitness: 0.11404000000000002
INFO:root:elite fitness: 0.28092
INFO:root:Generation: 38
INFO:root:pop fitness: 0.13457999999999998
INFO:root:elite fitness: 0.24628
INFO:root:Generation: 42
INFO:root:pop fitness: 0.11766
INFO:root:elite fitness: 0.23139999999999997
INFO:root:Generation: 39
INFO:root:pop fitness: 0.13907999999999998
INFO:root:elite fitness: 0.24756
INFO:root:Generation: 43
INFO:root:pop fitness: 0.10371999999999998
INFO:root:elite fitness: 0.2212
INFO:root:Generation: 40
INFO:root:pop fitness: 0.12741999999999998
INFO:root:elite fitness: 0.22996
INFO:root:Generation: 44
INFO:root:pop fitness: 0.13045999999999996
INFO:root:elite fitness: 0.23259999999999997
INFO:root:Generation: 41
INFO:root:pop fitness: 0.13288
INFO:root:elite fitness: 0.24355999999999997
INFO:root:Generation: 45
INFO:root:pop fitness: 0.13082
INFO:root:elite fitness: 0.2482
INFO:root:Generation: 42
INFO:root:pop fitness: 0.11870000000000001
INFO:root:elite fitness: 0.25616
INFO:root:Generation: 46
INFO:root:pop fitness: 0.11268
INFO:root:elite fitness: 0.19943999999999995
INFO:root:Generation: 43
INFO:root:pop fitness: 0.14679999999999999
INFO:root:elite fitness: 0.27508
INFO:root:Generation: 47
INFO:root:pop fitness: 0.11098
INFO:root:elite fitness: 0.24779999999999996
INFO:root:Generation: 44
INFO:root:pop fitness: 0.11299999999999999
INFO:root:elite fitness: 0.25008
INFO:root:Generation: 48
INFO:root:pop fitness: 0.11137999999999999
INFO:root:elite fitness: 0.21888
INFO:root:Generation: 45
INFO:root:pop fitness: 0.13233999999999999
INFO:root:elite fitness: 0.28796
INFO:root:Generation: 49
INFO:root:pop fitness: 0.15144000000000002
INFO:root:elite fitness: 0.29452
INFO:root:Generation: 50
INFO:root:pop fitness: 0.08786000000000001
INFO:root:elite fitness: 0.19776
INFO:root:Generation: 46
INFO:root:pop fitness: 0.12816
INFO:root:elite fitness: 0.24992
INFO:root:Generation: 51
INFO:root:pop fitness: 0.09834
INFO:root:elite fitness: 0.22087999999999997
INFO:root:Generation: 47
INFO:root:pop fitness: 0.1444
INFO:root:elite fitness: 0.28908
INFO:root:Generation: 52
INFO:root:pop fitness: 0.11522
INFO:root:elite fitness: 0.26204
INFO:root:Generation: 48
INFO:root:pop fitness: 0.14288
INFO:root:elite fitness: 0.30044
INFO:root:Generation: 53
INFO:root:pop fitness: 0.12476
INFO:root:elite fitness: 0.2382
INFO:root:Generation: 49
INFO:root:pop fitness: 0.13405999999999998
INFO:root:elite fitness: 0.24567999999999998
INFO:root:Generation: 54
INFO:root:pop fitness: 0.08975999999999999
INFO:root:elite fitness: 0.19536
INFO:root:Generation: 50
INFO:root:pop fitness: 0.1389
INFO:root:elite fitness: 0.24684
INFO:root:Generation: 55
INFO:root:pop fitness: 0.09427999999999999
INFO:root:elite fitness: 0.20648
INFO:root:Generation: 51
INFO:root:pop fitness: 0.1525
INFO:root:elite fitness: 0.28844000000000003
INFO:root:Generation: 56
INFO:root:pop fitness: 0.10428000000000003
INFO:root:elite fitness: 0.19971999999999998
INFO:root:Generation: 52
INFO:root:pop fitness: 0.13427999999999998
INFO:root:elite fitness: 0.24348000000000003
INFO:root:Generation: 57
INFO:root:pop fitness: 0.07994000000000001
INFO:root:elite fitness: 0.15656
INFO:root:Generation: 53
INFO:root:pop fitness: 0.1477
INFO:root:elite fitness: 0.23687999999999998
INFO:root:Generation: 58
INFO:root:pop fitness: 0.09388
INFO:root:elite fitness: 0.20356000000000002
INFO:root:Generation: 54
INFO:root:pop fitness: 0.1246
INFO:root:elite fitness: 0.26408
INFO:root:Generation: 59
INFO:root:pop fitness: 0.099
INFO:root:elite fitness: 0.19544
INFO:root:Generation: 55
INFO:root:pop fitness: 0.12151999999999999
INFO:root:elite fitness: 0.2632
INFO:root:Generation: 60
INFO:root:pop fitness: 0.12102
INFO:root:elite fitness: 0.257
INFO:root:Generation: 61
INFO:root:pop fitness: 0.12863999999999998
INFO:root:elite fitness: 0.26348
INFO:root:Generation: 56
INFO:root:pop fitness: 0.13432
INFO:root:elite fitness: 0.27096000000000003
INFO:root:Generation: 62
INFO:root:pop fitness: 0.10987999999999999
INFO:root:elite fitness: 0.22232000000000002
INFO:root:Generation: 57
INFO:root:pop fitness: 0.12421999999999997
INFO:root:elite fitness: 0.2242
INFO:root:Generation: 63
INFO:root:pop fitness: 0.09956
INFO:root:elite fitness: 0.19992000000000001
INFO:root:Generation: 58
INFO:root:pop fitness: 0.12746
INFO:root:elite fitness: 0.22476
INFO:root:Generation: 64
INFO:root:pop fitness: 0.11205999999999998
INFO:root:elite fitness: 0.25676
INFO:root:Generation: 59
INFO:root:pop fitness: 0.14172
INFO:root:elite fitness: 0.26404
INFO:root:Generation: 65
INFO:root:pop fitness: 0.08324000000000002
INFO:root:elite fitness: 0.16548000000000002
INFO:root:Generation: 60
INFO:root:pop fitness: 0.14714
INFO:root:elite fitness: 0.28344
INFO:root:Generation: 66
INFO:root:pop fitness: 0.12111999999999998
INFO:root:elite fitness: 0.27384000000000003
INFO:root:Generation: 61
INFO:root:pop fitness: 0.16318
INFO:root:elite fitness: 0.27208000000000004
INFO:root:Generation: 67
INFO:root:pop fitness: 0.09268000000000001
INFO:root:elite fitness: 0.2216
INFO:root:Generation: 62
INFO:root:pop fitness: 0.12702
INFO:root:elite fitness: 0.28303999999999996
INFO:root:Generation: 68
INFO:root:pop fitness: 0.10104
INFO:root:elite fitness: 0.22628000000000004
INFO:root:Generation: 63
INFO:root:pop fitness: 0.13898
INFO:root:elite fitness: 0.22583999999999999
INFO:root:Generation: 69
INFO:root:pop fitness: 0.10732
INFO:root:elite fitness: 0.21992
INFO:root:Generation: 64
INFO:root:pop fitness: 0.14978
INFO:root:elite fitness: 0.24916
INFO:root:Generation: 70
INFO:root:pop fitness: 0.12364000000000001
INFO:root:elite fitness: 0.24104
INFO:root:Generation: 65
INFO:root:pop fitness: 0.11606
INFO:root:elite fitness: 0.24072
INFO:root:Generation: 71
INFO:root:pop fitness: 0.14157999999999998
INFO:root:elite fitness: 0.24931999999999999
INFO:root:Generation: 66
INFO:root:pop fitness: 0.16388000000000003
INFO:root:elite fitness: 0.27568
INFO:root:Generation: 72
INFO:root:pop fitness: 0.11234
INFO:root:elite fitness: 0.22448
INFO:root:Generation: 73
INFO:root:pop fitness: 0.10815999999999999
INFO:root:elite fitness: 0.20611999999999997
INFO:root:Generation: 67
INFO:root:pop fitness: 0.1529
INFO:root:elite fitness: 0.29596000000000006
INFO:root:Generation: 74
INFO:root:pop fitness: 0.1365
INFO:root:elite fitness: 0.30988
INFO:root:Generation: 68
INFO:root:pop fitness: 0.16502
INFO:root:elite fitness: 0.34104
INFO:root:Generation: 75
INFO:root:pop fitness: 0.13598000000000002
INFO:root:elite fitness: 0.25116
INFO:root:Generation: 69
INFO:root:pop fitness: 0.13968000000000003
INFO:root:elite fitness: 0.23564
INFO:root:Generation: 76
INFO:root:pop fitness: 0.13932
INFO:root:elite fitness: 0.27244
INFO:root:Generation: 70
INFO:root:pop fitness: 0.14104
INFO:root:elite fitness: 0.27471999999999996
INFO:root:Generation: 77
INFO:root:pop fitness: 0.10149999999999998
INFO:root:elite fitness: 0.21607999999999997
INFO:root:Generation: 71
INFO:root:pop fitness: 0.15646
INFO:root:elite fitness: 0.28344
INFO:root:Generation: 78
INFO:root:pop fitness: 0.11291999999999999
INFO:root:elite fitness: 0.21608
INFO:root:Generation: 72
INFO:root:pop fitness: 0.16083999999999998
INFO:root:elite fitness: 0.29723999999999995
INFO:root:Generation: 79
INFO:root:pop fitness: 0.14678
INFO:root:elite fitness: 0.31724
INFO:root:Generation: 73
INFO:root:pop fitness: 0.15674
INFO:root:elite fitness: 0.3196
INFO:root:Generation: 80
INFO:root:pop fitness: 0.1228
INFO:root:elite fitness: 0.21280000000000002
INFO:root:Generation: 81
INFO:root:pop fitness: 0.1464
INFO:root:elite fitness: 0.28868000000000005
INFO:root:Generation: 74
INFO:root:pop fitness: 0.16527999999999998
INFO:root:elite fitness: 0.29768
INFO:root:Generation: 82
INFO:root:pop fitness: 0.15468
INFO:root:elite fitness: 0.29084
INFO:root:Generation: 75
INFO:root:pop fitness: 0.12642
INFO:root:elite fitness: 0.264
INFO:root:Generation: 83
INFO:root:pop fitness: 0.14928
INFO:root:elite fitness: 0.29396
INFO:root:Generation: 76
INFO:root:pop fitness: 0.15974
INFO:root:elite fitness: 0.26376
INFO:root:Generation: 84
INFO:root:pop fitness: 0.14222
INFO:root:elite fitness: 0.26139999999999997
INFO:root:Generation: 77
INFO:root:pop fitness: 0.11495999999999999
INFO:root:elite fitness: 0.2138
INFO:root:Generation: 85
INFO:root:pop fitness: 0.13205999999999998
INFO:root:elite fitness: 0.21744
INFO:root:Generation: 78
INFO:root:pop fitness: 0.12422000000000001
INFO:root:elite fitness: 0.21111999999999997
INFO:root:Generation: 86
INFO:root:pop fitness: 0.14018
INFO:root:elite fitness: 0.2838
INFO:root:Generation: 79
INFO:root:pop fitness: 0.11086
INFO:root:elite fitness: 0.19848
INFO:root:Generation: 87
INFO:root:pop fitness: 0.13374
INFO:root:elite fitness: 0.27608
INFO:root:Generation: 80
INFO:root:pop fitness: 0.15524000000000002
INFO:root:elite fitness: 0.25636
INFO:root:Generation: 88
INFO:root:pop fitness: 0.16040000000000001
INFO:root:elite fitness: 0.2902
INFO:root:Generation: 81
INFO:root:pop fitness: 0.1321
INFO:root:elite fitness: 0.25704
INFO:root:Generation: 89
INFO:root:pop fitness: 0.14215999999999998
INFO:root:elite fitness: 0.24475999999999998
INFO:root:Generation: 82
INFO:root:pop fitness: 0.14452
INFO:root:elite fitness: 0.22940000000000002
INFO:root:Generation: 90
INFO:root:pop fitness: 0.13162
INFO:root:elite fitness: 0.21875999999999998
INFO:root:Generation: 83
INFO:root:pop fitness: 0.14491999999999997
INFO:root:elite fitness: 0.29824
INFO:root:Generation: 91
INFO:root:pop fitness: 0.14400000000000002
INFO:root:elite fitness: 0.28116
INFO:root:Generation: 84
INFO:root:pop fitness: 0.1509
INFO:root:elite fitness: 0.26044
INFO:root:Generation: 92
INFO:root:pop fitness: 0.14384
INFO:root:elite fitness: 0.27732
INFO:root:Generation: 85
INFO:root:pop fitness: 0.15582000000000001
INFO:root:elite fitness: 0.29624
INFO:root:Generation: 93
INFO:root:pop fitness: 0.1461
INFO:root:elite fitness: 0.28891999999999995
INFO:root:Generation: 94
INFO:root:pop fitness: 0.16736
INFO:root:elite fitness: 0.26636
INFO:root:Generation: 86
INFO:root:pop fitness: 0.13262
INFO:root:elite fitness: 0.24792000000000003
INFO:root:Generation: 95
INFO:root:pop fitness: 0.14846
INFO:root:elite fitness: 0.24744
INFO:root:Generation: 87
INFO:root:pop fitness: 0.13879999999999998
INFO:root:elite fitness: 0.25199999999999995
INFO:root:Generation: 96
INFO:root:pop fitness: 0.14934000000000003
INFO:root:elite fitness: 0.2644
INFO:root:Generation: 88
INFO:root:pop fitness: 0.12516
INFO:root:elite fitness: 0.21812
INFO:root:Generation: 97
INFO:root:pop fitness: 0.15189999999999998
INFO:root:elite fitness: 0.26367999999999997
INFO:root:Generation: 89
INFO:root:pop fitness: 0.14429999999999998
INFO:root:elite fitness: 0.25648
INFO:root:Generation: 98
INFO:root:pop fitness: 0.13226000000000002
INFO:root:elite fitness: 0.24872000000000002
INFO:root:Generation: 90
INFO:root:pop fitness: 0.14400000000000002
INFO:root:elite fitness: 0.26516
INFO:root:Generation: 99
INFO:root:pop fitness: 0.14864
INFO:root:elite fitness: 0.31939999999999996
INFO:root:Generation: 91
INFO:root:pop fitness: 0.14964
INFO:root:elite fitness: 0.25956
INFO:root:Generation: 100
INFO:root:pop fitness: 0.14226
INFO:root:elite fitness: 0.27136
INFO:root:Generation: 92
INFO:root:pop fitness: 0.13699999999999998
INFO:root:elite fitness: 0.25956
INFO:root:Generation: 101
INFO:root:pop fitness: 0.15023999999999998
INFO:root:elite fitness: 0.28024
INFO:root:Generation: 93
INFO:root:pop fitness: 0.15282
INFO:root:elite fitness: 0.28972
INFO:root:Generation: 102
INFO:root:pop fitness: 0.14628
INFO:root:elite fitness: 0.30395999999999995
INFO:root:Generation: 94
INFO:root:pop fitness: 0.12926
INFO:root:elite fitness: 0.27916
INFO:root:Generation: 103
INFO:root:pop fitness: 0.14484000000000002
INFO:root:elite fitness: 0.25284
INFO:root:Generation: 95
INFO:root:pop fitness: 0.13486
INFO:root:elite fitness: 0.23631999999999997
INFO:root:Generation: 104
INFO:root:pop fitness: 0.13842000000000002
INFO:root:elite fitness: 0.25171999999999994
INFO:root:Generation: 96
INFO:root:pop fitness: 0.12129999999999999
INFO:root:elite fitness: 0.22655999999999998
INFO:root:Generation: 105
INFO:root:pop fitness: 0.13018000000000002
INFO:root:elite fitness: 0.27724
INFO:root:Generation: 97
INFO:root:pop fitness: 0.13643999999999998
INFO:root:elite fitness: 0.254
INFO:root:Generation: 106
INFO:root:pop fitness: 0.14598
INFO:root:elite fitness: 0.29628
INFO:root:Generation: 98
INFO:root:pop fitness: 0.12958
INFO:root:elite fitness: 0.27336000000000005
INFO:root:Generation: 107
INFO:root:pop fitness: 0.17550000000000002
INFO:root:elite fitness: 0.2816
INFO:root:Generation: 99
INFO:root:pop fitness: 0.15554
INFO:root:elite fitness: 0.30256
INFO:root:Generation: 108
INFO:root:pop fitness: 0.13726000000000002
INFO:root:elite fitness: 0.27332
INFO:root:Generation: 100
INFO:root:pop fitness: 0.14980000000000002
INFO:root:elite fitness: 0.26548
INFO:root:Generation: 109
INFO:root:pop fitness: 0.16283999999999998
INFO:root:elite fitness: 0.29764
INFO:root:Generation: 101
INFO:root:pop fitness: 0.13344
INFO:root:elite fitness: 0.27408
INFO:root:Generation: 110
INFO:root:pop fitness: 0.13784000000000002
INFO:root:elite fitness: 0.25372
INFO:root:Generation: 111
INFO:root:pop fitness: 0.17338000000000003
INFO:root:elite fitness: 0.33043999999999996
INFO:root:Generation: 102
INFO:root:pop fitness: 0.13504000000000002
INFO:root:elite fitness: 0.23240000000000002
INFO:root:Generation: 112
INFO:root:pop fitness: 0.19616000000000003
INFO:root:elite fitness: 0.32943999999999996
INFO:root:Generation: 103
INFO:root:pop fitness: 0.14398000000000002
INFO:root:elite fitness: 0.28247999999999995
INFO:root:Generation: 113
INFO:root:pop fitness: 0.18272000000000002
INFO:root:elite fitness: 0.31555999999999995
INFO:root:Generation: 104
INFO:root:pop fitness: 0.16097999999999998
INFO:root:elite fitness: 0.2808
INFO:root:Generation: 114
INFO:root:pop fitness: 0.16264
INFO:root:elite fitness: 0.24528
INFO:root:Generation: 105
INFO:root:pop fitness: 0.12836
INFO:root:elite fitness: 0.24044000000000001
INFO:root:Generation: 115
INFO:root:pop fitness: 0.16166
INFO:root:elite fitness: 0.24668000000000004
INFO:root:Generation: 106
INFO:root:pop fitness: 0.14215999999999998
INFO:root:elite fitness: 0.2526
INFO:root:Generation: 116
INFO:root:pop fitness: 0.15924000000000002
INFO:root:elite fitness: 0.30756
INFO:root:Generation: 107
INFO:root:pop fitness: 0.16728
INFO:root:elite fitness: 0.30452
INFO:root:Generation: 117
INFO:root:pop fitness: 0.17472000000000001
INFO:root:elite fitness: 0.29496
INFO:root:Generation: 108
INFO:root:pop fitness: 0.15618
INFO:root:elite fitness: 0.29876
INFO:root:Generation: 118
INFO:root:pop fitness: 0.19200000000000003
INFO:root:elite fitness: 0.31695999999999996
INFO:root:Generation: 109
INFO:root:pop fitness: 0.1428
INFO:root:elite fitness: 0.26528
INFO:root:Generation: 119
INFO:root:pop fitness: 0.17034
INFO:root:elite fitness: 0.3062
INFO:root:Generation: 110
INFO:root:pop fitness: 0.13348
INFO:root:elite fitness: 0.24719999999999998
INFO:root:Generation: 120
INFO:root:pop fitness: 0.14858000000000002
INFO:root:elite fitness: 0.33480000000000004
INFO:root:Generation: 111
INFO:root:pop fitness: 0.16412
INFO:root:elite fitness: 0.29888
INFO:root:Generation: 121
INFO:root:pop fitness: 0.15742
INFO:root:elite fitness: 0.24395999999999998
INFO:root:Generation: 112
INFO:root:pop fitness: 0.15574
INFO:root:elite fitness: 0.28628
INFO:root:Generation: 122
INFO:root:pop fitness: 0.15677999999999997
INFO:root:elite fitness: 0.26783999999999997
INFO:root:Generation: 113
INFO:root:pop fitness: 0.15792
INFO:root:elite fitness: 0.29624
INFO:root:Generation: 123
INFO:root:pop fitness: 0.19044000000000005
INFO:root:elite fitness: 0.29552
INFO:root:Generation: 114
INFO:root:pop fitness: 0.17584
INFO:root:elite fitness: 0.35332
INFO:root:Generation: 124
INFO:root:pop fitness: 0.14882
INFO:root:elite fitness: 0.28564
INFO:root:Generation: 115
INFO:root:pop fitness: 0.14102
INFO:root:elite fitness: 0.2646
INFO:root:Generation: 125
INFO:root:pop fitness: 0.1475
INFO:root:elite fitness: 0.27515999999999996
INFO:root:Generation: 116
INFO:root:pop fitness: 0.14270000000000002
INFO:root:elite fitness: 0.2708
INFO:root:Generation: 126
INFO:root:pop fitness: 0.13222
INFO:root:elite fitness: 0.28716
INFO:root:Generation: 127
INFO:root:pop fitness: 0.13721999999999998
INFO:root:elite fitness: 0.26796
INFO:root:Generation: 117
INFO:root:pop fitness: 0.13398000000000002
INFO:root:elite fitness: 0.22759999999999997
INFO:root:Generation: 128
INFO:root:pop fitness: 0.15658000000000002
INFO:root:elite fitness: 0.26848
INFO:root:Generation: 118
INFO:root:pop fitness: 0.15852
INFO:root:elite fitness: 0.26664
INFO:root:Generation: 129
INFO:root:pop fitness: 0.15209999999999999
INFO:root:elite fitness: 0.30608
INFO:root:Generation: 119
INFO:root:pop fitness: 0.15784
INFO:root:elite fitness: 0.27344
INFO:root:Generation: 130
INFO:root:pop fitness: 0.16212
INFO:root:elite fitness: 0.29336
INFO:root:Generation: 120
INFO:root:pop fitness: 0.12408
INFO:root:elite fitness: 0.25884
INFO:root:Generation: 131
INFO:root:pop fitness: 0.17815999999999999
INFO:root:elite fitness: 0.33696
INFO:root:Generation: 121
INFO:root:pop fitness: 0.15996
INFO:root:elite fitness: 0.28959999999999997
INFO:root:Generation: 132
INFO:root:pop fitness: 0.15632
INFO:root:elite fitness: 0.28503999999999996
INFO:root:Generation: 122
INFO:root:pop fitness: 0.14088
INFO:root:elite fitness: 0.23712
INFO:root:Generation: 133
INFO:root:pop fitness: 0.16232000000000002
INFO:root:elite fitness: 0.31308
INFO:root:Generation: 123
INFO:root:pop fitness: 0.13326
INFO:root:elite fitness: 0.29032
INFO:root:Generation: 134
INFO:root:pop fitness: 0.16114
INFO:root:elite fitness: 0.27887999999999996
INFO:root:Generation: 124
INFO:root:pop fitness: 0.16599999999999998
INFO:root:elite fitness: 0.285
INFO:root:Generation: 135
INFO:root:pop fitness: 0.17204000000000005
INFO:root:elite fitness: 0.34752000000000005
INFO:root:Generation: 125
INFO:root:pop fitness: 0.15078
INFO:root:elite fitness: 0.28015999999999996
INFO:root:Generation: 136
INFO:root:pop fitness: 0.16946000000000006
INFO:root:elite fitness: 0.28548
INFO:root:Generation: 126
INFO:root:pop fitness: 0.14284
INFO:root:elite fitness: 0.28592
INFO:root:Generation: 137
INFO:root:pop fitness: 0.16424
INFO:root:elite fitness: 0.28716
INFO:root:Generation: 127
INFO:root:pop fitness: 0.14469999999999997
INFO:root:elite fitness: 0.27736
INFO:root:Generation: 138
INFO:root:pop fitness: 0.15099999999999997
INFO:root:elite fitness: 0.27536
INFO:root:Generation: 128
INFO:root:pop fitness: 0.15883999999999998
INFO:root:elite fitness: 0.30428
INFO:root:Generation: 139
INFO:root:pop fitness: 0.1628
INFO:root:elite fitness: 0.28015999999999996
INFO:root:Generation: 140
INFO:root:pop fitness: 0.17193999999999995
INFO:root:elite fitness: 0.33312
INFO:root:Generation: 129
INFO:root:pop fitness: 0.14919999999999997
INFO:root:elite fitness: 0.28288
INFO:root:Generation: 141
INFO:root:pop fitness: 0.15778
INFO:root:elite fitness: 0.28592
INFO:root:Generation: 130
INFO:root:pop fitness: 0.17148
INFO:root:elite fitness: 0.32236000000000004
INFO:root:Generation: 142
INFO:root:pop fitness: 0.17536
INFO:root:elite fitness: 0.29507999999999995
INFO:root:Generation: 131
INFO:root:pop fitness: 0.14551999999999998
INFO:root:elite fitness: 0.31248000000000004
INFO:root:Generation: 143
INFO:root:pop fitness: 0.19226
INFO:root:elite fitness: 0.33924
INFO:root:Generation: 132
INFO:root:pop fitness: 0.16726000000000002
INFO:root:elite fitness: 0.28896
INFO:root:Generation: 144
INFO:root:pop fitness: 0.15724
INFO:root:elite fitness: 0.2802
INFO:root:Generation: 133
INFO:root:pop fitness: 0.1616
INFO:root:elite fitness: 0.27968
INFO:root:Generation: 145
INFO:root:pop fitness: 0.21922
INFO:root:elite fitness: 0.3592
INFO:root:Generation: 134
INFO:root:pop fitness: 0.16562
INFO:root:elite fitness: 0.29416
INFO:root:Generation: 146
INFO:root:pop fitness: 0.19804
INFO:root:elite fitness: 0.32120000000000004
INFO:root:Generation: 135
INFO:root:pop fitness: 0.15188000000000001
INFO:root:elite fitness: 0.29436
INFO:root:Generation: 147
INFO:root:pop fitness: 0.17840000000000003
INFO:root:elite fitness: 0.33176
INFO:root:Generation: 136
INFO:root:pop fitness: 0.18586
INFO:root:elite fitness: 0.30767999999999995
INFO:root:Generation: 148
INFO:root:pop fitness: 0.19526
INFO:root:elite fitness: 0.30328
INFO:root:Generation: 137
INFO:root:pop fitness: 0.19406
INFO:root:elite fitness: 0.32572
INFO:root:Generation: 149
INFO:root:pop fitness: 0.18739999999999998
INFO:root:elite fitness: 0.35216000000000003
INFO:root:Generation: 150
INFO:root:pop fitness: 0.19886000000000004
INFO:root:elite fitness: 0.32284
INFO:root:Generation: 138
INFO:root:pop fitness: 0.15464000000000003
INFO:root:elite fitness: 0.3146
INFO:root:Generation: 151
INFO:root:pop fitness: 0.21272000000000002
INFO:root:elite fitness: 0.38728
INFO:root:Generation: 139
INFO:root:pop fitness: 0.17346
INFO:root:elite fitness: 0.31036
INFO:root:Generation: 152
INFO:root:pop fitness: 0.19096
INFO:root:elite fitness: 0.30939999999999995
INFO:root:Generation: 140
INFO:root:pop fitness: 0.16292
INFO:root:elite fitness: 0.30604000000000003
INFO:root:Generation: 153
INFO:root:pop fitness: 0.21581999999999998
INFO:root:elite fitness: 0.3547199999999999
INFO:root:Generation: 141
INFO:root:pop fitness: 0.14465999999999998
INFO:root:elite fitness: 0.2646
INFO:root:Generation: 154
INFO:root:pop fitness: 0.16602
INFO:root:elite fitness: 0.3062
INFO:root:Generation: 142
INFO:root:pop fitness: 0.16259999999999997
INFO:root:elite fitness: 0.29396
INFO:root:Generation: 155
INFO:root:pop fitness: 0.1778
INFO:root:elite fitness: 0.31788
INFO:root:Generation: 143
INFO:root:pop fitness: 0.15531999999999999
INFO:root:elite fitness: 0.2896
INFO:root:Generation: 156
INFO:root:pop fitness: 0.20806000000000002
INFO:root:elite fitness: 0.33084
INFO:root:Generation: 144
INFO:root:pop fitness: 0.13756000000000002
INFO:root:elite fitness: 0.2816
INFO:root:Generation: 157
INFO:root:pop fitness: 0.1813
INFO:root:elite fitness: 0.34536
INFO:root:Generation: 145
INFO:root:pop fitness: 0.11876000000000002
INFO:root:elite fitness: 0.27132
INFO:root:Generation: 158
INFO:root:pop fitness: 0.15161999999999998
INFO:root:elite fitness: 0.30963999999999997
INFO:root:Generation: 146
INFO:root:pop fitness: 0.172
INFO:root:elite fitness: 0.31548
INFO:root:Generation: 159
INFO:root:pop fitness: 0.16622
INFO:root:elite fitness: 0.28235999999999994
INFO:root:Generation: 147
INFO:root:pop fitness: 0.14658
INFO:root:elite fitness: 0.24719999999999998
INFO:root:Generation: 160
INFO:root:pop fitness: 0.19058
INFO:root:elite fitness: 0.33820000000000006
INFO:root:Generation: 148
INFO:root:pop fitness: 0.14212000000000002
INFO:root:elite fitness: 0.25472
INFO:root:Generation: 161
INFO:root:pop fitness: 0.19060000000000002
INFO:root:elite fitness: 0.30247999999999997
INFO:root:Generation: 149
INFO:root:pop fitness: 0.13362
INFO:root:elite fitness: 0.23176000000000002
INFO:root:Generation: 162
INFO:root:pop fitness: 0.1934
INFO:root:elite fitness: 0.32748000000000005
INFO:root:Generation: 163
INFO:root:pop fitness: 0.21208000000000002
INFO:root:elite fitness: 0.37044000000000005
INFO:root:Generation: 150
INFO:root:pop fitness: 0.17343999999999998
INFO:root:elite fitness: 0.29812
INFO:root:Generation: 164
INFO:root:pop fitness: 0.15002
INFO:root:elite fitness: 0.28296
INFO:root:Generation: 151
INFO:root:pop fitness: 0.16246000000000002
INFO:root:elite fitness: 0.32132
INFO:root:Generation: 165
INFO:root:pop fitness: 0.16771999999999998
INFO:root:elite fitness: 0.2756
INFO:root:Generation: 152
INFO:root:pop fitness: 0.16676000000000002
INFO:root:elite fitness: 0.31432000000000004
INFO:root:Generation: 166
INFO:root:pop fitness: 0.17007999999999998
INFO:root:elite fitness: 0.28408
INFO:root:Generation: 153
INFO:root:pop fitness: 0.16374
INFO:root:elite fitness: 0.28568
INFO:root:Generation: 167
INFO:root:pop fitness: 0.20055999999999996
INFO:root:elite fitness: 0.31572
INFO:root:Generation: 154
INFO:root:pop fitness: 0.16246000000000002
INFO:root:elite fitness: 0.33572
INFO:root:Generation: 168
INFO:root:pop fitness: 0.16148000000000004
INFO:root:elite fitness: 0.30368
INFO:root:Generation: 155
INFO:root:pop fitness: 0.15516
INFO:root:elite fitness: 0.2792
INFO:root:Generation: 169
INFO:root:pop fitness: 0.18411999999999998
INFO:root:elite fitness: 0.33056
INFO:root:Generation: 156
INFO:root:pop fitness: 0.16154
INFO:root:elite fitness: 0.2914
INFO:root:Generation: 170
INFO:root:pop fitness: 0.18481999999999996
INFO:root:elite fitness: 0.34643999999999997
INFO:root:Generation: 157
INFO:root:pop fitness: 0.16604
INFO:root:elite fitness: 0.32699999999999996
INFO:root:Generation: 171
INFO:root:pop fitness: 0.17273999999999998
INFO:root:elite fitness: 0.30692
INFO:root:Generation: 158
INFO:root:pop fitness: 0.18446
INFO:root:elite fitness: 0.29608
INFO:root:Generation: 172
INFO:root:pop fitness: 0.20131999999999997
INFO:root:elite fitness: 0.31184
INFO:root:Generation: 159
INFO:root:pop fitness: 0.15874
INFO:root:elite fitness: 0.28616
INFO:root:Generation: 173
INFO:root:pop fitness: 0.17886000000000002
INFO:root:elite fitness: 0.31496
INFO:root:Generation: 160
INFO:root:pop fitness: 0.16176
INFO:root:elite fitness: 0.32876
INFO:root:Generation: 174
INFO:root:pop fitness: 0.18146
INFO:root:elite fitness: 0.3344
INFO:root:Generation: 175
INFO:root:pop fitness: 0.16265999999999997
INFO:root:elite fitness: 0.28696
INFO:root:Generation: 161
INFO:root:pop fitness: 0.15710000000000002
INFO:root:elite fitness: 0.29272000000000004
INFO:root:Generation: 176
INFO:root:pop fitness: 0.17518
INFO:root:elite fitness: 0.30308
INFO:root:Generation: 162
INFO:root:pop fitness: 0.13821999999999998
INFO:root:elite fitness: 0.24212
INFO:root:Generation: 177
INFO:root:pop fitness: 0.17898000000000003
INFO:root:elite fitness: 0.29532
INFO:root:Generation: 163
INFO:root:pop fitness: 0.1705
INFO:root:elite fitness: 0.33840000000000003
INFO:root:Generation: 178
INFO:root:pop fitness: 0.18588000000000002
INFO:root:elite fitness: 0.29363999999999996
INFO:root:Generation: 164
INFO:root:pop fitness: 0.16875999999999997
INFO:root:elite fitness: 0.30384
INFO:root:Generation: 179
INFO:root:pop fitness: 0.16002
INFO:root:elite fitness: 0.27596
INFO:root:Generation: 165
INFO:root:pop fitness: 0.16670000000000001
INFO:root:elite fitness: 0.32555999999999996
INFO:root:Generation: 180
INFO:root:pop fitness: 0.18048000000000003
INFO:root:elite fitness: 0.2838
INFO:root:Generation: 166
INFO:root:pop fitness: 0.14438000000000004
INFO:root:elite fitness: 0.28003999999999996
INFO:root:Generation: 181
INFO:root:pop fitness: 0.19283999999999998
INFO:root:elite fitness: 0.3680799999999999
INFO:root:Generation: 167
INFO:root:pop fitness: 0.18766
INFO:root:elite fitness: 0.3408
INFO:root:Generation: 182
INFO:root:pop fitness: 0.17652
INFO:root:elite fitness: 0.32516
INFO:root:Generation: 183
INFO:root:pop fitness: 0.19056
INFO:root:elite fitness: 0.32848000000000005
INFO:root:Generation: 168
INFO:root:pop fitness: 0.15688
INFO:root:elite fitness: 0.29472
INFO:root:Generation: 184
INFO:root:pop fitness: 0.18000000000000005
INFO:root:elite fitness: 0.30896
INFO:root:Generation: 169
INFO:root:pop fitness: 0.16804
INFO:root:elite fitness: 0.30312
INFO:root:Generation: 185
INFO:root:pop fitness: 0.15918000000000002
INFO:root:elite fitness: 0.26872
INFO:root:Generation: 170
INFO:root:pop fitness: 0.18644000000000002
INFO:root:elite fitness: 0.35548
INFO:root:Generation: 186
INFO:root:pop fitness: 0.17595999999999998
INFO:root:elite fitness: 0.2678
INFO:root:Generation: 171
INFO:root:pop fitness: 0.1592
INFO:root:elite fitness: 0.27319999999999994
INFO:root:Generation: 187
INFO:root:pop fitness: 0.18
INFO:root:elite fitness: 0.32311999999999996
INFO:root:Generation: 172
INFO:root:pop fitness: 0.18408000000000002
INFO:root:elite fitness: 0.3546000000000001
INFO:root:Generation: 188
INFO:root:pop fitness: 0.18722000000000003
INFO:root:elite fitness: 0.34991999999999995
INFO:root:Generation: 173
INFO:root:pop fitness: 0.18173999999999998
INFO:root:elite fitness: 0.30716
INFO:root:Generation: 189
INFO:root:pop fitness: 0.17120000000000002
INFO:root:elite fitness: 0.32204
INFO:root:Generation: 174
INFO:root:pop fitness: 0.15444
INFO:root:elite fitness: 0.28696
INFO:root:Generation: 190
INFO:root:pop fitness: 0.19542
INFO:root:elite fitness: 0.30696
INFO:root:Generation: 175
INFO:root:pop fitness: 0.17549999999999996
INFO:root:elite fitness: 0.38136000000000003
INFO:root:Generation: 191
INFO:root:pop fitness: 0.17538
INFO:root:elite fitness: 0.27684000000000003
INFO:root:Generation: 192
INFO:root:pop fitness: 0.18322000000000002
INFO:root:elite fitness: 0.34716
INFO:root:Generation: 176
INFO:root:pop fitness: 0.17292000000000005
INFO:root:elite fitness: 0.31172
INFO:root:Generation: 193
INFO:root:pop fitness: 0.16885999999999998
INFO:root:elite fitness: 0.285
INFO:root:Generation: 177
INFO:root:pop fitness: 0.18417999999999998
INFO:root:elite fitness: 0.29732
INFO:root:Generation: 194
INFO:root:pop fitness: 0.16271999999999998
INFO:root:elite fitness: 0.30372
INFO:root:Generation: 178
INFO:root:pop fitness: 0.17056000000000002
INFO:root:elite fitness: 0.3294
INFO:root:Generation: 195
INFO:root:pop fitness: 0.16827999999999999
INFO:root:elite fitness: 0.31272
INFO:root:Generation: 179
INFO:root:pop fitness: 0.13914
INFO:root:elite fitness: 0.268
INFO:root:Generation: 196
INFO:root:pop fitness: 0.16950000000000004
INFO:root:elite fitness: 0.279
INFO:root:Generation: 180
INFO:root:pop fitness: 0.16219999999999998
INFO:root:elite fitness: 0.32303999999999994
INFO:root:Generation: 197
INFO:root:pop fitness: 0.22517999999999996
INFO:root:elite fitness: 0.38439999999999996
INFO:root:Generation: 181
INFO:root:pop fitness: 0.16369999999999998
INFO:root:elite fitness: 0.29648
INFO:root:Generation: 198
INFO:root:pop fitness: 0.18130000000000002
INFO:root:elite fitness: 0.33515999999999996
INFO:root:Generation: 182
INFO:root:pop fitness: 0.17046
INFO:root:elite fitness: 0.31311999999999995
INFO:root:Generation: 199
INFO:root:pop fitness: 0.17792000000000002
INFO:root:elite fitness: 0.30708
INFO:root:Generation: 183
INFO:root:pop fitness: 0.18072
INFO:root:elite fitness: 0.34947999999999996
INFO:root:Generation: 184
INFO:root:pop fitness: 0.16316
INFO:root:elite fitness: 0.3006
INFO:root:Generation: 185
INFO:root:pop fitness: 0.17994
INFO:root:elite fitness: 0.30404000000000003
INFO:root:Generation: 186
INFO:root:pop fitness: 0.18353999999999998
INFO:root:elite fitness: 0.35680000000000006
INFO:root:Generation: 187
INFO:root:pop fitness: 0.19473999999999997
INFO:root:elite fitness: 0.33724
INFO:root:Generation: 188
INFO:root:pop fitness: 0.18416
INFO:root:elite fitness: 0.2898
INFO:root:Generation: 189
INFO:root:pop fitness: 0.19431999999999994
INFO:root:elite fitness: 0.32420000000000004
INFO:root:Generation: 190
INFO:root:pop fitness: 0.18042000000000002
INFO:root:elite fitness: 0.29568
INFO:root:Generation: 191
INFO:root:pop fitness: 0.19248
INFO:root:elite fitness: 0.36448
INFO:root:Generation: 192
INFO:root:pop fitness: 0.14646
INFO:root:elite fitness: 0.26616
INFO:root:Generation: 193
INFO:root:pop fitness: 0.16920000000000002
INFO:root:elite fitness: 0.3164
INFO:root:Generation: 194
INFO:root:pop fitness: 0.18812
INFO:root:elite fitness: 0.33924
INFO:root:Generation: 195
INFO:root:pop fitness: 0.19652
INFO:root:elite fitness: 0.38671999999999995
INFO:root:Generation: 196
INFO:root:pop fitness: 0.22660000000000002
INFO:root:elite fitness: 0.35152000000000005
INFO:root:Generation: 197
INFO:root:pop fitness: 0.20098
INFO:root:elite fitness: 0.31651999999999997
INFO:root:Generation: 198
INFO:root:pop fitness: 0.16906000000000002
INFO:root:elite fitness: 0.34712000000000004
INFO:root:Generation: 199
INFO:root:pop fitness: 0.21372
INFO:root:elite fitness: 0.38280000000000003
