INFO:root:run_master: Namespace(arms='10', hidden='128', layers='1', max_gen='200', message='', mutation_mag='0.1', name='nonStationary_v1', noise=True, pop_size='50', save_result=True, trials='100')
INFO:root:run_master: Namespace(arms='10', hidden='128', layers='1', max_gen='200', message='', mutation_mag='0.1', name='nonStationary_v1', noise=False, pop_size='50', save_result=True, trials='100')
INFO:root:Generation: 0
INFO:root:pop fitness: 0.10127999999999998
INFO:root:elite fitness: 0.11016
INFO:root:Generation: 0
INFO:root:pop fitness: 0.09815999999999998
INFO:root:elite fitness: 0.10923999999999999
INFO:root:Generation: 1
INFO:root:pop fitness: 0.10442
INFO:root:elite fitness: 0.1292
INFO:root:Generation: 1
INFO:root:pop fitness: 0.10456
INFO:root:elite fitness: 0.13408
INFO:root:Generation: 2
INFO:root:pop fitness: 0.09936000000000002
INFO:root:elite fitness: 0.14192
INFO:root:Generation: 2
INFO:root:pop fitness: 0.09622
INFO:root:elite fitness: 0.15408
INFO:root:Generation: 3
INFO:root:pop fitness: 0.09484000000000002
INFO:root:elite fitness: 0.16147999999999998
INFO:root:Generation: 3
INFO:root:pop fitness: 0.09774000000000001
INFO:root:elite fitness: 0.15616
INFO:root:Generation: 4
INFO:root:pop fitness: 0.10976
INFO:root:elite fitness: 0.19252000000000002
INFO:root:Generation: 4
INFO:root:pop fitness: 0.10307999999999998
INFO:root:elite fitness: 0.17212
INFO:root:Generation: 5
INFO:root:pop fitness: 0.10460000000000001
INFO:root:elite fitness: 0.1926
INFO:root:Generation: 5
INFO:root:pop fitness: 0.10878
INFO:root:elite fitness: 0.16580000000000003
INFO:root:Generation: 6
INFO:root:pop fitness: 0.1116
INFO:root:elite fitness: 0.22992
INFO:root:Generation: 6
INFO:root:pop fitness: 0.11420000000000002
INFO:root:elite fitness: 0.2036
INFO:root:Generation: 7
INFO:root:pop fitness: 0.10228
INFO:root:elite fitness: 0.17623999999999998
INFO:root:Generation: 7
INFO:root:pop fitness: 0.10425999999999998
INFO:root:elite fitness: 0.16848000000000002
INFO:root:Generation: 8
INFO:root:pop fitness: 0.12048
INFO:root:elite fitness: 0.19635999999999998
INFO:root:Generation: 8
INFO:root:pop fitness: 0.10358
INFO:root:elite fitness: 0.19043999999999997
INFO:root:Generation: 9
INFO:root:pop fitness: 0.09704
INFO:root:elite fitness: 0.18236
INFO:root:Generation: 9
INFO:root:pop fitness: 0.11188
INFO:root:elite fitness: 0.20584
INFO:root:Generation: 10
INFO:root:pop fitness: 0.09652
INFO:root:elite fitness: 0.17456000000000002
INFO:root:Generation: 10
INFO:root:pop fitness: 0.11460000000000001
INFO:root:elite fitness: 0.20416
INFO:root:Generation: 11
INFO:root:pop fitness: 0.09976000000000002
INFO:root:elite fitness: 0.21323999999999999
INFO:root:Generation: 11
INFO:root:pop fitness: 0.1185
INFO:root:elite fitness: 0.19992000000000001
INFO:root:Generation: 12
INFO:root:pop fitness: 0.10461999999999999
INFO:root:elite fitness: 0.15908
INFO:root:Generation: 12
INFO:root:pop fitness: 0.11768
INFO:root:elite fitness: 0.22736
INFO:root:Generation: 13
INFO:root:pop fitness: 0.09926
INFO:root:elite fitness: 0.21392
INFO:root:Generation: 13
INFO:root:pop fitness: 0.10690000000000001
INFO:root:elite fitness: 0.19400000000000003
INFO:root:Generation: 14
INFO:root:pop fitness: 0.09848000000000003
INFO:root:elite fitness: 0.22843999999999998
INFO:root:Generation: 14
INFO:root:pop fitness: 0.12710000000000002
INFO:root:elite fitness: 0.20764
INFO:root:Generation: 15
INFO:root:pop fitness: 0.09553999999999999
INFO:root:elite fitness: 0.17563999999999996
INFO:root:Generation: 15
INFO:root:pop fitness: 0.11167999999999999
INFO:root:elite fitness: 0.20443999999999998
INFO:root:Generation: 16
INFO:root:pop fitness: 0.09384
INFO:root:elite fitness: 0.15380000000000002
INFO:root:Generation: 16
INFO:root:pop fitness: 0.08807999999999999
INFO:root:elite fitness: 0.1834
INFO:root:Generation: 17
INFO:root:pop fitness: 0.09459999999999999
INFO:root:elite fitness: 0.20199999999999999
INFO:root:Generation: 17
INFO:root:pop fitness: 0.1188
INFO:root:elite fitness: 0.2112
INFO:root:Generation: 18
INFO:root:pop fitness: 0.10846000000000001
INFO:root:elite fitness: 0.2118
INFO:root:Generation: 18
INFO:root:pop fitness: 0.11104000000000001
INFO:root:elite fitness: 0.20304
INFO:root:Generation: 19
INFO:root:pop fitness: 0.10496
INFO:root:elite fitness: 0.19012
INFO:root:Generation: 19
INFO:root:pop fitness: 0.10970000000000002
INFO:root:elite fitness: 0.20428000000000002
INFO:root:Generation: 20
INFO:root:pop fitness: 0.10497999999999999
INFO:root:elite fitness: 0.1838
INFO:root:Generation: 20
INFO:root:pop fitness: 0.11380000000000001
INFO:root:elite fitness: 0.21524000000000004
INFO:root:Generation: 21
INFO:root:pop fitness: 0.10542
INFO:root:elite fitness: 0.19808
INFO:root:Generation: 21
INFO:root:pop fitness: 0.09975999999999999
INFO:root:elite fitness: 0.20772
INFO:root:Generation: 22
INFO:root:pop fitness: 0.10106
INFO:root:elite fitness: 0.20056000000000002
INFO:root:Generation: 22
INFO:root:pop fitness: 0.09746000000000002
INFO:root:elite fitness: 0.19488
INFO:root:Generation: 23
INFO:root:pop fitness: 0.08798
INFO:root:elite fitness: 0.17524
INFO:root:Generation: 23
INFO:root:pop fitness: 0.11296
INFO:root:elite fitness: 0.214
INFO:root:Generation: 24
INFO:root:pop fitness: 0.09795999999999999
INFO:root:elite fitness: 0.19876000000000002
INFO:root:Generation: 24
INFO:root:pop fitness: 0.12480000000000002
INFO:root:elite fitness: 0.21728000000000003
INFO:root:Generation: 25
INFO:root:pop fitness: 0.12394000000000002
INFO:root:elite fitness: 0.20528
INFO:root:Generation: 25
INFO:root:pop fitness: 0.11464
INFO:root:elite fitness: 0.20356000000000002
INFO:root:Generation: 26
INFO:root:pop fitness: 0.10626000000000001
INFO:root:elite fitness: 0.17983999999999997
INFO:root:Generation: 26
INFO:root:pop fitness: 0.12722
INFO:root:elite fitness: 0.21760000000000002
INFO:root:Generation: 27
INFO:root:pop fitness: 0.1005
INFO:root:elite fitness: 0.20292
INFO:root:Generation: 27
INFO:root:pop fitness: 0.11132000000000002
INFO:root:elite fitness: 0.18911999999999998
INFO:root:Generation: 28
INFO:root:pop fitness: 0.09442
INFO:root:elite fitness: 0.1748
INFO:root:Generation: 28
INFO:root:pop fitness: 0.10710000000000001
INFO:root:elite fitness: 0.19160000000000005
INFO:root:Generation: 29
INFO:root:pop fitness: 0.09516
INFO:root:elite fitness: 0.18067999999999998
INFO:root:Generation: 29
INFO:root:pop fitness: 0.11766
INFO:root:elite fitness: 0.19448000000000001
INFO:root:Generation: 30
INFO:root:pop fitness: 0.11135999999999999
INFO:root:elite fitness: 0.18835999999999997
INFO:root:Generation: 30
INFO:root:pop fitness: 0.10905999999999999
INFO:root:elite fitness: 0.19304000000000002
INFO:root:Generation: 31
INFO:root:pop fitness: 0.08078000000000002
INFO:root:elite fitness: 0.16591999999999998
INFO:root:Generation: 31
INFO:root:pop fitness: 0.11896
INFO:root:elite fitness: 0.20031999999999997
INFO:root:Generation: 32
INFO:root:pop fitness: 0.08578000000000001
INFO:root:elite fitness: 0.17584000000000002
INFO:root:Generation: 32
INFO:root:pop fitness: 0.11868000000000001
INFO:root:elite fitness: 0.22356
INFO:root:Generation: 33
INFO:root:pop fitness: 0.10197999999999999
INFO:root:elite fitness: 0.17848000000000003
INFO:root:Generation: 33
INFO:root:pop fitness: 0.10709999999999999
INFO:root:elite fitness: 0.21751999999999996
INFO:root:Generation: 34
INFO:root:pop fitness: 0.11468
INFO:root:elite fitness: 0.19216
INFO:root:Generation: 34
INFO:root:pop fitness: 0.1108
INFO:root:elite fitness: 0.172
INFO:root:Generation: 35
INFO:root:pop fitness: 0.1097
INFO:root:elite fitness: 0.18547999999999998
INFO:root:Generation: 35
INFO:root:pop fitness: 0.08610000000000001
INFO:root:elite fitness: 0.1656
INFO:root:Generation: 36
INFO:root:pop fitness: 0.11353999999999999
INFO:root:elite fitness: 0.24280000000000002
INFO:root:Generation: 36
INFO:root:pop fitness: 0.11592000000000001
INFO:root:elite fitness: 0.20620000000000002
INFO:root:Generation: 37
INFO:root:pop fitness: 0.12272
INFO:root:elite fitness: 0.2138
INFO:root:Generation: 37
INFO:root:pop fitness: 0.09849999999999999
INFO:root:elite fitness: 0.17980000000000004
INFO:root:Generation: 38
INFO:root:pop fitness: 0.11513999999999999
INFO:root:elite fitness: 0.21448
INFO:root:Generation: 38
INFO:root:pop fitness: 0.09004
INFO:root:elite fitness: 0.19291999999999995
INFO:root:Generation: 39
INFO:root:pop fitness: 0.11654
INFO:root:elite fitness: 0.2256
INFO:root:Generation: 39
INFO:root:pop fitness: 0.10668
INFO:root:elite fitness: 0.18736
INFO:root:Generation: 40
INFO:root:pop fitness: 0.11756
INFO:root:elite fitness: 0.22588
INFO:root:Generation: 40
INFO:root:pop fitness: 0.11551999999999998
INFO:root:elite fitness: 0.19308000000000003
INFO:root:Generation: 41
INFO:root:pop fitness: 0.13040000000000002
INFO:root:elite fitness: 0.20888
INFO:root:Generation: 41
INFO:root:pop fitness: 0.09668000000000002
INFO:root:elite fitness: 0.17407999999999998
INFO:root:Generation: 42
INFO:root:pop fitness: 0.10744
INFO:root:elite fitness: 0.19908
INFO:root:Generation: 42
INFO:root:pop fitness: 0.11241999999999999
INFO:root:elite fitness: 0.17756
INFO:root:Generation: 43
INFO:root:pop fitness: 0.11834
INFO:root:elite fitness: 0.236
INFO:root:Generation: 43
INFO:root:pop fitness: 0.12145999999999998
INFO:root:elite fitness: 0.22031999999999996
INFO:root:Generation: 44
INFO:root:pop fitness: 0.11289999999999999
INFO:root:elite fitness: 0.19188
INFO:root:Generation: 44
INFO:root:pop fitness: 0.11088
INFO:root:elite fitness: 0.19756
INFO:root:Generation: 45
INFO:root:pop fitness: 0.11231999999999999
INFO:root:elite fitness: 0.21956
INFO:root:Generation: 45
INFO:root:pop fitness: 0.12080000000000002
INFO:root:elite fitness: 0.21832000000000001
INFO:root:Generation: 46
INFO:root:pop fitness: 0.1038
INFO:root:elite fitness: 0.18340000000000004
INFO:root:Generation: 46
INFO:root:pop fitness: 0.11945999999999998
INFO:root:elite fitness: 0.222
INFO:root:Generation: 47
INFO:root:pop fitness: 0.13663999999999998
INFO:root:elite fitness: 0.20711999999999997
INFO:root:Generation: 47
INFO:root:pop fitness: 0.11066000000000001
INFO:root:elite fitness: 0.17312000000000002
INFO:root:Generation: 48
INFO:root:pop fitness: 0.12249999999999998
INFO:root:elite fitness: 0.21688
INFO:root:Generation: 48
INFO:root:pop fitness: 0.12095999999999998
INFO:root:elite fitness: 0.22264000000000003
INFO:root:Generation: 49
INFO:root:pop fitness: 0.10552
INFO:root:elite fitness: 0.20892
INFO:root:Generation: 49
INFO:root:pop fitness: 0.09247999999999999
INFO:root:elite fitness: 0.19064
INFO:root:Generation: 50
INFO:root:pop fitness: 0.12796
INFO:root:elite fitness: 0.20367999999999997
INFO:root:Generation: 50
INFO:root:pop fitness: 0.11482
INFO:root:elite fitness: 0.21511999999999998
INFO:root:Generation: 51
INFO:root:pop fitness: 0.11193999999999998
INFO:root:elite fitness: 0.19700000000000004
INFO:root:Generation: 51
INFO:root:pop fitness: 0.10642000000000001
INFO:root:elite fitness: 0.18911999999999998
INFO:root:Generation: 52
INFO:root:pop fitness: 0.12028000000000003
INFO:root:elite fitness: 0.20284000000000002
INFO:root:Generation: 52
INFO:root:pop fitness: 0.12744
INFO:root:elite fitness: 0.21187999999999999
INFO:root:Generation: 53
INFO:root:pop fitness: 0.13504
INFO:root:elite fitness: 0.23515999999999998
INFO:root:Generation: 53
INFO:root:pop fitness: 0.13858
INFO:root:elite fitness: 0.23015999999999998
INFO:root:Generation: 54
INFO:root:pop fitness: 0.12625999999999998
INFO:root:elite fitness: 0.23187999999999998
INFO:root:Generation: 54
INFO:root:pop fitness: 0.10183999999999999
INFO:root:elite fitness: 0.18712
INFO:root:Generation: 55
INFO:root:pop fitness: 0.11096
INFO:root:elite fitness: 0.19592
INFO:root:Generation: 55
INFO:root:pop fitness: 0.12284
INFO:root:elite fitness: 0.20588000000000004
INFO:root:Generation: 56
INFO:root:pop fitness: 0.10894
INFO:root:elite fitness: 0.20212
INFO:root:Generation: 56
INFO:root:pop fitness: 0.13364
INFO:root:elite fitness: 0.255
INFO:root:Generation: 57
INFO:root:pop fitness: 0.12802
INFO:root:elite fitness: 0.21400000000000002
INFO:root:Generation: 57
INFO:root:pop fitness: 0.12558
INFO:root:elite fitness: 0.22732
INFO:root:Generation: 58
INFO:root:pop fitness: 0.14324
INFO:root:elite fitness: 0.25088
INFO:root:Generation: 58
INFO:root:pop fitness: 0.11721999999999999
INFO:root:elite fitness: 0.2132
INFO:root:Generation: 59
INFO:root:pop fitness: 0.14132
INFO:root:elite fitness: 0.28672000000000003
INFO:root:Generation: 59
INFO:root:pop fitness: 0.13369999999999999
INFO:root:elite fitness: 0.22324
INFO:root:Generation: 60
INFO:root:pop fitness: 0.10544
INFO:root:elite fitness: 0.20628
INFO:root:Generation: 60
INFO:root:pop fitness: 0.14147999999999997
INFO:root:elite fitness: 0.23920000000000002
INFO:root:Generation: 61
INFO:root:pop fitness: 0.14274
INFO:root:elite fitness: 0.25016
INFO:root:Generation: 61
INFO:root:pop fitness: 0.12305999999999999
INFO:root:elite fitness: 0.22668
INFO:root:Generation: 62
INFO:root:pop fitness: 0.14078
INFO:root:elite fitness: 0.2432
INFO:root:Generation: 62
INFO:root:pop fitness: 0.11886000000000002
INFO:root:elite fitness: 0.22448
INFO:root:Generation: 63
INFO:root:pop fitness: 0.13066
INFO:root:elite fitness: 0.22616000000000003
INFO:root:Generation: 63
INFO:root:pop fitness: 0.12864
INFO:root:elite fitness: 0.24028000000000002
INFO:root:Generation: 64
INFO:root:pop fitness: 0.12977999999999998
INFO:root:elite fitness: 0.21232000000000004
INFO:root:Generation: 64
INFO:root:pop fitness: 0.13716
INFO:root:elite fitness: 0.24960000000000002
INFO:root:Generation: 65
INFO:root:pop fitness: 0.12736
INFO:root:elite fitness: 0.20484000000000002
INFO:root:Generation: 65
INFO:root:pop fitness: 0.12808
INFO:root:elite fitness: 0.21376
INFO:root:Generation: 66
INFO:root:pop fitness: 0.11260000000000002
INFO:root:elite fitness: 0.21015999999999999
INFO:root:Generation: 66
INFO:root:pop fitness: 0.13652000000000003
INFO:root:elite fitness: 0.2428
INFO:root:Generation: 67
INFO:root:pop fitness: 0.13308
INFO:root:elite fitness: 0.26808
INFO:root:Generation: 67
INFO:root:pop fitness: 0.16069999999999995
INFO:root:elite fitness: 0.24603999999999998
INFO:root:Generation: 68
INFO:root:pop fitness: 0.10737999999999999
INFO:root:elite fitness: 0.17815999999999999
INFO:root:Generation: 68
INFO:root:pop fitness: 0.13412000000000002
INFO:root:elite fitness: 0.20976
INFO:root:Generation: 69
INFO:root:pop fitness: 0.14143999999999998
INFO:root:elite fitness: 0.24388
INFO:root:Generation: 69
INFO:root:pop fitness: 0.1545
INFO:root:elite fitness: 0.26588
INFO:root:Generation: 70
INFO:root:pop fitness: 0.13546000000000002
INFO:root:elite fitness: 0.24344000000000002
INFO:root:Generation: 71
INFO:root:pop fitness: 0.14825999999999998
INFO:root:elite fitness: 0.25248000000000004
INFO:root:Generation: 70
INFO:root:pop fitness: 0.14294
INFO:root:elite fitness: 0.27964
INFO:root:Generation: 72
INFO:root:pop fitness: 0.15676
INFO:root:elite fitness: 0.24036
INFO:root:Generation: 71
INFO:root:pop fitness: 0.15588000000000002
INFO:root:elite fitness: 0.30008
INFO:root:Generation: 73
INFO:root:pop fitness: 0.1193
INFO:root:elite fitness: 0.20608
INFO:root:Generation: 72
INFO:root:pop fitness: 0.16676
INFO:root:elite fitness: 0.29359999999999997
INFO:root:Generation: 73
INFO:root:pop fitness: 0.16182
INFO:root:elite fitness: 0.25172
INFO:root:Generation: 74
INFO:root:pop fitness: 0.13945999999999997
INFO:root:elite fitness: 0.21224
INFO:root:Generation: 74
INFO:root:pop fitness: 0.14966
INFO:root:elite fitness: 0.24015999999999998
INFO:root:Generation: 75
INFO:root:pop fitness: 0.15192000000000003
INFO:root:elite fitness: 0.27164
INFO:root:Generation: 75
INFO:root:pop fitness: 0.14848
INFO:root:elite fitness: 0.28292
INFO:root:Generation: 76
INFO:root:pop fitness: 0.13242
INFO:root:elite fitness: 0.21616000000000002
INFO:root:Generation: 76
INFO:root:pop fitness: 0.12679999999999997
INFO:root:elite fitness: 0.21731999999999999
INFO:root:Generation: 77
INFO:root:pop fitness: 0.11918
INFO:root:elite fitness: 0.21732000000000004
INFO:root:Generation: 77
INFO:root:pop fitness: 0.13364
INFO:root:elite fitness: 0.21904
INFO:root:Generation: 78
INFO:root:pop fitness: 0.1378
INFO:root:elite fitness: 0.28559999999999997
INFO:root:Generation: 78
INFO:root:pop fitness: 0.14092000000000002
INFO:root:elite fitness: 0.26924000000000003
INFO:root:Generation: 79
INFO:root:pop fitness: 0.14844
INFO:root:elite fitness: 0.27248
INFO:root:Generation: 79
INFO:root:pop fitness: 0.15447999999999998
INFO:root:elite fitness: 0.2566
INFO:root:Generation: 80
INFO:root:pop fitness: 0.15062
INFO:root:elite fitness: 0.28312
INFO:root:Generation: 80
INFO:root:pop fitness: 0.15868000000000002
INFO:root:elite fitness: 0.2742
INFO:root:Generation: 81
INFO:root:pop fitness: 0.13732
INFO:root:elite fitness: 0.24240000000000003
INFO:root:Generation: 81
INFO:root:pop fitness: 0.12707999999999997
INFO:root:elite fitness: 0.21660000000000001
INFO:root:Generation: 82
INFO:root:pop fitness: 0.15714
INFO:root:elite fitness: 0.2606
INFO:root:Generation: 82
INFO:root:pop fitness: 0.1441
INFO:root:elite fitness: 0.24844000000000002
INFO:root:Generation: 83
INFO:root:pop fitness: 0.17009999999999997
INFO:root:elite fitness: 0.2772
INFO:root:Generation: 84
INFO:root:pop fitness: 0.14772
INFO:root:elite fitness: 0.24619999999999997
INFO:root:Generation: 83
INFO:root:pop fitness: 0.14358
INFO:root:elite fitness: 0.26067999999999997
INFO:root:Generation: 85
INFO:root:pop fitness: 0.1384
INFO:root:elite fitness: 0.23404000000000003
INFO:root:Generation: 84
INFO:root:pop fitness: 0.13254
INFO:root:elite fitness: 0.20067999999999997
INFO:root:Generation: 86
INFO:root:pop fitness: 0.17546000000000003
INFO:root:elite fitness: 0.34716
INFO:root:Generation: 85
INFO:root:pop fitness: 0.12054000000000001
INFO:root:elite fitness: 0.19364
INFO:root:Generation: 87
INFO:root:pop fitness: 0.15782
INFO:root:elite fitness: 0.24015999999999998
INFO:root:Generation: 88
INFO:root:pop fitness: 0.1636
INFO:root:elite fitness: 0.24756
INFO:root:Generation: 86
INFO:root:pop fitness: 0.15190000000000003
INFO:root:elite fitness: 0.29675999999999997
INFO:root:Generation: 89
INFO:root:pop fitness: 0.14800000000000002
INFO:root:elite fitness: 0.26599999999999996
INFO:root:Generation: 87
INFO:root:pop fitness: 0.14629999999999999
INFO:root:elite fitness: 0.24780000000000005
INFO:root:Generation: 90
INFO:root:pop fitness: 0.16635999999999998
INFO:root:elite fitness: 0.31964
INFO:root:Generation: 88
INFO:root:pop fitness: 0.12448000000000001
INFO:root:elite fitness: 0.22012
INFO:root:Generation: 91
INFO:root:pop fitness: 0.16434
INFO:root:elite fitness: 0.26628
INFO:root:Generation: 89
INFO:root:pop fitness: 0.15167999999999998
INFO:root:elite fitness: 0.28496
INFO:root:Generation: 92
INFO:root:pop fitness: 0.14366
INFO:root:elite fitness: 0.25952000000000003
INFO:root:Generation: 90
INFO:root:pop fitness: 0.1223
INFO:root:elite fitness: 0.23108
INFO:root:Generation: 91
INFO:root:pop fitness: 0.12798
INFO:root:elite fitness: 0.2004
INFO:root:Generation: 93
INFO:root:pop fitness: 0.13554
INFO:root:elite fitness: 0.21324
INFO:root:Generation: 92
INFO:root:pop fitness: 0.13384000000000001
INFO:root:elite fitness: 0.21524000000000001
INFO:root:Generation: 94
INFO:root:pop fitness: 0.15978
INFO:root:elite fitness: 0.267
INFO:root:Generation: 95
INFO:root:pop fitness: 0.1474
INFO:root:elite fitness: 0.19984
INFO:root:Generation: 93
INFO:root:pop fitness: 0.13685999999999998
INFO:root:elite fitness: 0.19736
INFO:root:Generation: 96
INFO:root:pop fitness: 0.13246
INFO:root:elite fitness: 0.22335999999999998
INFO:root:Generation: 94
INFO:root:pop fitness: 0.1497
INFO:root:elite fitness: 0.23707999999999999
INFO:root:Generation: 97
INFO:root:pop fitness: 0.10876
INFO:root:elite fitness: 0.17672000000000002
INFO:root:Generation: 95
INFO:root:pop fitness: 0.14082
INFO:root:elite fitness: 0.26044
INFO:root:Generation: 98
INFO:root:pop fitness: 0.13863999999999999
INFO:root:elite fitness: 0.248
INFO:root:Generation: 96
INFO:root:pop fitness: 0.15118
INFO:root:elite fitness: 0.27608
INFO:root:Generation: 99
INFO:root:pop fitness: 0.12883999999999998
INFO:root:elite fitness: 0.2052
INFO:root:Generation: 97
INFO:root:pop fitness: 0.14012
INFO:root:elite fitness: 0.23584
INFO:root:Generation: 100
INFO:root:pop fitness: 0.14522000000000002
INFO:root:elite fitness: 0.23764
INFO:root:Generation: 101
INFO:root:pop fitness: 0.15612
INFO:root:elite fitness: 0.32264000000000004
INFO:root:Generation: 98
INFO:root:pop fitness: 0.12288
INFO:root:elite fitness: 0.19976000000000002
INFO:root:Generation: 102
INFO:root:pop fitness: 0.13688
INFO:root:elite fitness: 0.22968
INFO:root:Generation: 99
INFO:root:pop fitness: 0.12778
INFO:root:elite fitness: 0.2202
INFO:root:Generation: 103
INFO:root:pop fitness: 0.13292
INFO:root:elite fitness: 0.23056
INFO:root:Generation: 100
INFO:root:pop fitness: 0.13788
INFO:root:elite fitness: 0.22531999999999996
INFO:root:Generation: 104
INFO:root:pop fitness: 0.13562
INFO:root:elite fitness: 0.21772
INFO:root:Generation: 101
INFO:root:pop fitness: 0.12802
INFO:root:elite fitness: 0.25268
INFO:root:Generation: 105
INFO:root:pop fitness: 0.15254
INFO:root:elite fitness: 0.29192
INFO:root:Generation: 102
INFO:root:pop fitness: 0.12679999999999997
INFO:root:elite fitness: 0.19912
INFO:root:Generation: 106
INFO:root:pop fitness: 0.15148
INFO:root:elite fitness: 0.22107999999999997
INFO:root:Generation: 107
INFO:root:pop fitness: 0.12932
INFO:root:elite fitness: 0.20004000000000002
INFO:root:Generation: 103
INFO:root:pop fitness: 0.13521999999999998
INFO:root:elite fitness: 0.20919999999999997
INFO:root:Generation: 108
INFO:root:pop fitness: 0.15312
INFO:root:elite fitness: 0.25336000000000003
INFO:root:Generation: 104
INFO:root:pop fitness: 0.13996
INFO:root:elite fitness: 0.21348000000000003
INFO:root:Generation: 109
INFO:root:pop fitness: 0.16192
INFO:root:elite fitness: 0.28196
INFO:root:Generation: 105
INFO:root:pop fitness: 0.12822
INFO:root:elite fitness: 0.22132000000000004
INFO:root:Generation: 110
INFO:root:pop fitness: 0.15037999999999999
INFO:root:elite fitness: 0.26788000000000006
INFO:root:Generation: 106
INFO:root:pop fitness: 0.13626
INFO:root:elite fitness: 0.235
INFO:root:Generation: 111
INFO:root:pop fitness: 0.16016000000000002
INFO:root:elite fitness: 0.26776
INFO:root:Generation: 107
INFO:root:pop fitness: 0.14157999999999998
INFO:root:elite fitness: 0.25104
INFO:root:Generation: 112
INFO:root:pop fitness: 0.14634
INFO:root:elite fitness: 0.24516
INFO:root:Generation: 108
INFO:root:pop fitness: 0.12217999999999998
INFO:root:elite fitness: 0.21516000000000002
INFO:root:Generation: 113
INFO:root:pop fitness: 0.13652
INFO:root:elite fitness: 0.253
INFO:root:Generation: 109
INFO:root:pop fitness: 0.14278
INFO:root:elite fitness: 0.22752
INFO:root:Generation: 114
INFO:root:pop fitness: 0.14868000000000003
INFO:root:elite fitness: 0.25724
INFO:root:Generation: 110
INFO:root:pop fitness: 0.1304
INFO:root:elite fitness: 0.22920000000000001
INFO:root:Generation: 115
INFO:root:pop fitness: 0.13466
INFO:root:elite fitness: 0.2372
INFO:root:Generation: 111
INFO:root:pop fitness: 0.13312000000000002
INFO:root:elite fitness: 0.21147999999999997
INFO:root:Generation: 116
INFO:root:pop fitness: 0.13378
INFO:root:elite fitness: 0.22764000000000004
INFO:root:Generation: 112
INFO:root:pop fitness: 0.12342000000000003
INFO:root:elite fitness: 0.21572
INFO:root:Generation: 117
INFO:root:pop fitness: 0.12818000000000002
INFO:root:elite fitness: 0.22568000000000002
INFO:root:Generation: 118
INFO:root:pop fitness: 0.16119999999999998
INFO:root:elite fitness: 0.26596
INFO:root:Generation: 113
INFO:root:pop fitness: 0.12624
INFO:root:elite fitness: 0.23232
INFO:root:Generation: 119
INFO:root:pop fitness: 0.13334000000000001
INFO:root:elite fitness: 0.18968
INFO:root:Generation: 114
INFO:root:pop fitness: 0.13494
INFO:root:elite fitness: 0.21832000000000001
INFO:root:Generation: 120
INFO:root:pop fitness: 0.11543999999999999
INFO:root:elite fitness: 0.21428
INFO:root:Generation: 115
INFO:root:pop fitness: 0.11684000000000001
INFO:root:elite fitness: 0.22872
INFO:root:Generation: 121
INFO:root:pop fitness: 0.14568
INFO:root:elite fitness: 0.24824
INFO:root:Generation: 116
INFO:root:pop fitness: 0.11231999999999999
INFO:root:elite fitness: 0.17711999999999997
INFO:root:Generation: 122
INFO:root:pop fitness: 0.1249
INFO:root:elite fitness: 0.20324
INFO:root:Generation: 117
INFO:root:pop fitness: 0.13454000000000002
INFO:root:elite fitness: 0.2302
INFO:root:Generation: 123
INFO:root:pop fitness: 0.136
INFO:root:elite fitness: 0.24284
INFO:root:Generation: 118
INFO:root:pop fitness: 0.13181999999999996
INFO:root:elite fitness: 0.27956000000000003
INFO:root:Generation: 124
INFO:root:pop fitness: 0.13932
INFO:root:elite fitness: 0.22432000000000002
INFO:root:Generation: 125
INFO:root:pop fitness: 0.16684000000000002
INFO:root:elite fitness: 0.28904
INFO:root:Generation: 119
INFO:root:pop fitness: 0.12964
INFO:root:elite fitness: 0.23600000000000002
INFO:root:Generation: 126
INFO:root:pop fitness: 0.14364000000000002
INFO:root:elite fitness: 0.24043999999999996
INFO:root:Generation: 120
INFO:root:pop fitness: 0.1301
INFO:root:elite fitness: 0.21132
INFO:root:Generation: 127
INFO:root:pop fitness: 0.14232
INFO:root:elite fitness: 0.24688000000000002
INFO:root:Generation: 121
INFO:root:pop fitness: 0.14648000000000003
INFO:root:elite fitness: 0.29192
INFO:root:Generation: 128
INFO:root:pop fitness: 0.13885999999999998
INFO:root:elite fitness: 0.25212
INFO:root:Generation: 122
INFO:root:pop fitness: 0.1214
INFO:root:elite fitness: 0.24236000000000002
INFO:root:Generation: 129
INFO:root:pop fitness: 0.1418
INFO:root:elite fitness: 0.24824
INFO:root:Generation: 130
INFO:root:pop fitness: 0.1531
INFO:root:elite fitness: 0.26376
INFO:root:Generation: 123
INFO:root:pop fitness: 0.12224
INFO:root:elite fitness: 0.21384000000000003
INFO:root:Generation: 131
INFO:root:pop fitness: 0.14852
INFO:root:elite fitness: 0.26052
INFO:root:Generation: 124
INFO:root:pop fitness: 0.12714000000000003
INFO:root:elite fitness: 0.22216000000000002
INFO:root:Generation: 132
INFO:root:pop fitness: 0.13206
INFO:root:elite fitness: 0.23188000000000003
INFO:root:Generation: 125
INFO:root:pop fitness: 0.149
INFO:root:elite fitness: 0.26328
INFO:root:Generation: 133
INFO:root:pop fitness: 0.14473999999999998
INFO:root:elite fitness: 0.25384
INFO:root:Generation: 134
INFO:root:pop fitness: 0.1368
INFO:root:elite fitness: 0.24900000000000003
INFO:root:Generation: 126
INFO:root:pop fitness: 0.12460000000000003
INFO:root:elite fitness: 0.23180000000000003
INFO:root:Generation: 135
INFO:root:pop fitness: 0.14456000000000002
INFO:root:elite fitness: 0.25948
INFO:root:Generation: 127
INFO:root:pop fitness: 0.12988000000000002
INFO:root:elite fitness: 0.24115999999999999
INFO:root:Generation: 136
INFO:root:pop fitness: 0.16496
INFO:root:elite fitness: 0.24423999999999998
INFO:root:Generation: 128
INFO:root:pop fitness: 0.13540000000000002
INFO:root:elite fitness: 0.22832
INFO:root:Generation: 137
INFO:root:pop fitness: 0.13452
INFO:root:elite fitness: 0.21876
INFO:root:Generation: 129
INFO:root:pop fitness: 0.16174000000000002
INFO:root:elite fitness: 0.274
INFO:root:Generation: 138
INFO:root:pop fitness: 0.1432
INFO:root:elite fitness: 0.26304
INFO:root:Generation: 130
INFO:root:pop fitness: 0.14518
INFO:root:elite fitness: 0.2519600000000001
INFO:root:Generation: 139
INFO:root:pop fitness: 0.14592000000000002
INFO:root:elite fitness: 0.24163999999999997
INFO:root:Generation: 131
INFO:root:pop fitness: 0.13932
INFO:root:elite fitness: 0.21452000000000002
INFO:root:Generation: 140
INFO:root:pop fitness: 0.15952
INFO:root:elite fitness: 0.28387999999999997
INFO:root:Generation: 132
INFO:root:pop fitness: 0.15862
INFO:root:elite fitness: 0.2492
INFO:root:Generation: 141
INFO:root:pop fitness: 0.17234
INFO:root:elite fitness: 0.27444
INFO:root:Generation: 133
INFO:root:pop fitness: 0.1351
INFO:root:elite fitness: 0.203
INFO:root:Generation: 142
INFO:root:pop fitness: 0.16826
INFO:root:elite fitness: 0.26655999999999996
INFO:root:Generation: 134
INFO:root:pop fitness: 0.12836
INFO:root:elite fitness: 0.19896
INFO:root:Generation: 143
INFO:root:pop fitness: 0.14986
INFO:root:elite fitness: 0.22355999999999998
INFO:root:Generation: 135
INFO:root:pop fitness: 0.14504
INFO:root:elite fitness: 0.24843999999999997
INFO:root:Generation: 144
INFO:root:pop fitness: 0.12992
INFO:root:elite fitness: 0.21524000000000001
INFO:root:Generation: 145
INFO:root:pop fitness: 0.13604
INFO:root:elite fitness: 0.21708000000000002
INFO:root:Generation: 136
INFO:root:pop fitness: 0.1274
INFO:root:elite fitness: 0.22355999999999998
INFO:root:Generation: 146
INFO:root:pop fitness: 0.16210000000000002
INFO:root:elite fitness: 0.23924
INFO:root:Generation: 137
INFO:root:pop fitness: 0.12712
INFO:root:elite fitness: 0.23212
INFO:root:Generation: 147
INFO:root:pop fitness: 0.15431999999999998
INFO:root:elite fitness: 0.26459999999999995
INFO:root:Generation: 138
INFO:root:pop fitness: 0.13628
INFO:root:elite fitness: 0.22907999999999998
INFO:root:Generation: 148
INFO:root:pop fitness: 0.133
INFO:root:elite fitness: 0.237
INFO:root:Generation: 139
INFO:root:pop fitness: 0.13118000000000002
INFO:root:elite fitness: 0.22587999999999997
INFO:root:Generation: 149
INFO:root:pop fitness: 0.1492
INFO:root:elite fitness: 0.22732
INFO:root:Generation: 140
INFO:root:pop fitness: 0.12036000000000001
INFO:root:elite fitness: 0.20948
INFO:root:Generation: 150
INFO:root:pop fitness: 0.16907999999999998
INFO:root:elite fitness: 0.30208
INFO:root:Generation: 141
INFO:root:pop fitness: 0.15605999999999998
INFO:root:elite fitness: 0.24151999999999998
INFO:root:Generation: 151
INFO:root:pop fitness: 0.13232000000000002
INFO:root:elite fitness: 0.23200000000000004
INFO:root:Generation: 142
INFO:root:pop fitness: 0.13294
INFO:root:elite fitness: 0.23676000000000003
INFO:root:Generation: 152
INFO:root:pop fitness: 0.13366
INFO:root:elite fitness: 0.21864
INFO:root:Generation: 143
INFO:root:pop fitness: 0.14623999999999998
INFO:root:elite fitness: 0.27024000000000004
INFO:root:Generation: 153
INFO:root:pop fitness: 0.13304000000000002
INFO:root:elite fitness: 0.25216
INFO:root:Generation: 144
INFO:root:pop fitness: 0.13898000000000002
INFO:root:elite fitness: 0.27183999999999997
INFO:root:Generation: 154
INFO:root:pop fitness: 0.14516
INFO:root:elite fitness: 0.28376
INFO:root:Generation: 145
INFO:root:pop fitness: 0.14029999999999998
INFO:root:elite fitness: 0.23108
INFO:root:Generation: 155
INFO:root:pop fitness: 0.1778
INFO:root:elite fitness: 0.27299999999999996
INFO:root:Generation: 146
INFO:root:pop fitness: 0.14917999999999998
INFO:root:elite fitness: 0.28288
INFO:root:Generation: 156
INFO:root:pop fitness: 0.16102
INFO:root:elite fitness: 0.2502
INFO:root:Generation: 157
INFO:root:pop fitness: 0.14398000000000002
INFO:root:elite fitness: 0.25723999999999997
INFO:root:Generation: 147
INFO:root:pop fitness: 0.15656
INFO:root:elite fitness: 0.25372
INFO:root:Generation: 158
INFO:root:pop fitness: 0.165
INFO:root:elite fitness: 0.2658
INFO:root:Generation: 148
INFO:root:pop fitness: 0.15280000000000002
INFO:root:elite fitness: 0.24355999999999997
INFO:root:Generation: 159
INFO:root:pop fitness: 0.17285999999999999
INFO:root:elite fitness: 0.29028000000000004
INFO:root:Generation: 149
INFO:root:pop fitness: 0.14552
INFO:root:elite fitness: 0.2428
INFO:root:Generation: 160
INFO:root:pop fitness: 0.18139999999999998
INFO:root:elite fitness: 0.28652
INFO:root:Generation: 150
INFO:root:pop fitness: 0.15326
INFO:root:elite fitness: 0.25668
INFO:root:Generation: 161
INFO:root:pop fitness: 0.16794
INFO:root:elite fitness: 0.30472
INFO:root:Generation: 151
INFO:root:pop fitness: 0.15454
INFO:root:elite fitness: 0.28984000000000004
INFO:root:Generation: 162
INFO:root:pop fitness: 0.15912000000000004
INFO:root:elite fitness: 0.27056
INFO:root:Generation: 163
INFO:root:pop fitness: 0.15378
INFO:root:elite fitness: 0.24683999999999998
INFO:root:Generation: 152
INFO:root:pop fitness: 0.14164000000000002
INFO:root:elite fitness: 0.3014
INFO:root:Generation: 164
INFO:root:pop fitness: 0.17559999999999998
INFO:root:elite fitness: 0.27168
INFO:root:Generation: 153
INFO:root:pop fitness: 0.15138
INFO:root:elite fitness: 0.22555999999999998
INFO:root:Generation: 165
INFO:root:pop fitness: 0.17636000000000002
INFO:root:elite fitness: 0.31928
INFO:root:Generation: 154
INFO:root:pop fitness: 0.13555999999999999
INFO:root:elite fitness: 0.22515999999999997
INFO:root:Generation: 166
INFO:root:pop fitness: 0.15896000000000002
INFO:root:elite fitness: 0.24804
INFO:root:Generation: 155
INFO:root:pop fitness: 0.15625999999999998
INFO:root:elite fitness: 0.24568
INFO:root:Generation: 167
INFO:root:pop fitness: 0.15680000000000002
INFO:root:elite fitness: 0.25092
INFO:root:Generation: 156
INFO:root:pop fitness: 0.15614
INFO:root:elite fitness: 0.26599999999999996
INFO:root:Generation: 168
INFO:root:pop fitness: 0.17472000000000001
INFO:root:elite fitness: 0.282
INFO:root:Generation: 157
INFO:root:pop fitness: 0.14484
INFO:root:elite fitness: 0.22671999999999998
INFO:root:Generation: 169
INFO:root:pop fitness: 0.19583999999999996
INFO:root:elite fitness: 0.36700000000000005
INFO:root:Generation: 158
INFO:root:pop fitness: 0.15778
INFO:root:elite fitness: 0.25332
INFO:root:Generation: 170
INFO:root:pop fitness: 0.16269999999999998
INFO:root:elite fitness: 0.26516
INFO:root:Generation: 171
INFO:root:pop fitness: 0.12516
INFO:root:elite fitness: 0.21708
INFO:root:Generation: 159
INFO:root:pop fitness: 0.1435
INFO:root:elite fitness: 0.22971999999999998
INFO:root:Generation: 172
INFO:root:pop fitness: 0.16978
INFO:root:elite fitness: 0.27056
INFO:root:Generation: 160
INFO:root:pop fitness: 0.14672000000000002
INFO:root:elite fitness: 0.2548
INFO:root:Generation: 173
INFO:root:pop fitness: 0.14387999999999998
INFO:root:elite fitness: 0.23308
INFO:root:Generation: 161
INFO:root:pop fitness: 0.14894
INFO:root:elite fitness: 0.21760000000000002
INFO:root:Generation: 174
INFO:root:pop fitness: 0.16448000000000002
INFO:root:elite fitness: 0.27756000000000003
INFO:root:Generation: 162
INFO:root:pop fitness: 0.13936
INFO:root:elite fitness: 0.21484000000000003
INFO:root:Generation: 175
INFO:root:pop fitness: 0.15138
INFO:root:elite fitness: 0.24272
INFO:root:Generation: 176
INFO:root:pop fitness: 0.16440000000000002
INFO:root:elite fitness: 0.27996
INFO:root:Generation: 163
INFO:root:pop fitness: 0.13526000000000002
INFO:root:elite fitness: 0.22368
INFO:root:Generation: 177
INFO:root:pop fitness: 0.20296
INFO:root:elite fitness: 0.30532
INFO:root:Generation: 164
INFO:root:pop fitness: 0.14926
INFO:root:elite fitness: 0.23440000000000003
INFO:root:Generation: 178
INFO:root:pop fitness: 0.18736
INFO:root:elite fitness: 0.29616
INFO:root:Generation: 165
INFO:root:pop fitness: 0.1509
INFO:root:elite fitness: 0.24436
INFO:root:Generation: 179
INFO:root:pop fitness: 0.15012000000000003
INFO:root:elite fitness: 0.24324
INFO:root:Generation: 166
INFO:root:pop fitness: 0.15118
INFO:root:elite fitness: 0.23379999999999998
INFO:root:Generation: 180
INFO:root:pop fitness: 0.17139999999999997
INFO:root:elite fitness: 0.27932
INFO:root:Generation: 167
INFO:root:pop fitness: 0.13774
INFO:root:elite fitness: 0.22496
INFO:root:Generation: 181
INFO:root:pop fitness: 0.18088
INFO:root:elite fitness: 0.29268
INFO:root:Generation: 168
INFO:root:pop fitness: 0.1545
INFO:root:elite fitness: 0.24108000000000002
INFO:root:Generation: 182
INFO:root:pop fitness: 0.16407999999999998
INFO:root:elite fitness: 0.26255999999999996
INFO:root:Generation: 169
INFO:root:pop fitness: 0.14434
INFO:root:elite fitness: 0.22436
INFO:root:Generation: 183
INFO:root:pop fitness: 0.16978000000000001
INFO:root:elite fitness: 0.29812
INFO:root:Generation: 170
INFO:root:pop fitness: 0.14797999999999997
INFO:root:elite fitness: 0.23864000000000002
INFO:root:Generation: 184
INFO:root:pop fitness: 0.15925999999999998
INFO:root:elite fitness: 0.29244
INFO:root:Generation: 171
INFO:root:pop fitness: 0.15118
INFO:root:elite fitness: 0.26188
INFO:root:Generation: 185
INFO:root:pop fitness: 0.14212
INFO:root:elite fitness: 0.22532000000000005
INFO:root:Generation: 172
INFO:root:pop fitness: 0.15448
INFO:root:elite fitness: 0.24552000000000004
INFO:root:Generation: 186
INFO:root:pop fitness: 0.18276
INFO:root:elite fitness: 0.29536
INFO:root:Generation: 173
INFO:root:pop fitness: 0.14014
INFO:root:elite fitness: 0.24567999999999998
INFO:root:Generation: 187
INFO:root:pop fitness: 0.12961999999999999
INFO:root:elite fitness: 0.26668000000000003
INFO:root:Generation: 174
INFO:root:pop fitness: 0.14564
INFO:root:elite fitness: 0.22843999999999998
INFO:root:Generation: 188
INFO:root:pop fitness: 0.1461
INFO:root:elite fitness: 0.25140000000000007
INFO:root:Generation: 175
INFO:root:pop fitness: 0.15964
INFO:root:elite fitness: 0.26848000000000005
INFO:root:Generation: 189
INFO:root:pop fitness: 0.16508
INFO:root:elite fitness: 0.25264
INFO:root:Generation: 176
INFO:root:pop fitness: 0.12415999999999996
INFO:root:elite fitness: 0.19924000000000003
INFO:root:Generation: 190
INFO:root:pop fitness: 0.17251999999999998
INFO:root:elite fitness: 0.27424
INFO:root:Generation: 191
INFO:root:pop fitness: 0.15398
INFO:root:elite fitness: 0.24712
INFO:root:Generation: 177
INFO:root:pop fitness: 0.13502
INFO:root:elite fitness: 0.24708
INFO:root:Generation: 192
INFO:root:pop fitness: 0.1596
INFO:root:elite fitness: 0.25064
INFO:root:Generation: 178
INFO:root:pop fitness: 0.14400000000000002
INFO:root:elite fitness: 0.24008
INFO:root:Generation: 193
INFO:root:pop fitness: 0.1659
INFO:root:elite fitness: 0.25836
INFO:root:Generation: 179
INFO:root:pop fitness: 0.14
INFO:root:elite fitness: 0.23747999999999997
INFO:root:Generation: 194
INFO:root:pop fitness: 0.16537999999999997
INFO:root:elite fitness: 0.24256
INFO:root:Generation: 180
INFO:root:pop fitness: 0.14858000000000002
INFO:root:elite fitness: 0.24736
INFO:root:Generation: 195
INFO:root:pop fitness: 0.15414
INFO:root:elite fitness: 0.2944
INFO:root:Generation: 181
INFO:root:pop fitness: 0.13448000000000002
INFO:root:elite fitness: 0.21911999999999998
INFO:root:Generation: 196
INFO:root:pop fitness: 0.14056000000000002
INFO:root:elite fitness: 0.23892
INFO:root:Generation: 182
INFO:root:pop fitness: 0.13662000000000002
INFO:root:elite fitness: 0.24512
INFO:root:Generation: 197
INFO:root:pop fitness: 0.14679999999999999
INFO:root:elite fitness: 0.28036
INFO:root:Generation: 183
INFO:root:pop fitness: 0.15422
INFO:root:elite fitness: 0.27327999999999997
INFO:root:Generation: 198
INFO:root:pop fitness: 0.16562
INFO:root:elite fitness: 0.28631999999999996
INFO:root:Generation: 184
INFO:root:pop fitness: 0.13912000000000002
INFO:root:elite fitness: 0.20131999999999997
INFO:root:Generation: 199
INFO:root:pop fitness: 0.14623999999999998
INFO:root:elite fitness: 0.25695999999999997
INFO:root:Generation: 185
INFO:root:pop fitness: 0.16010000000000002
INFO:root:elite fitness: 0.25736
INFO:root:Generation: 186
INFO:root:pop fitness: 0.1457
INFO:root:elite fitness: 0.21892
INFO:root:Generation: 187
INFO:root:pop fitness: 0.18142
INFO:root:elite fitness: 0.27504
INFO:root:Generation: 188
INFO:root:pop fitness: 0.14158
INFO:root:elite fitness: 0.24363999999999997
INFO:root:Generation: 189
INFO:root:pop fitness: 0.14407999999999999
INFO:root:elite fitness: 0.21256
INFO:root:Generation: 190
INFO:root:pop fitness: 0.1551
INFO:root:elite fitness: 0.27436
INFO:root:Generation: 191
INFO:root:pop fitness: 0.13924
INFO:root:elite fitness: 0.2336
INFO:root:Generation: 192
INFO:root:pop fitness: 0.1663
INFO:root:elite fitness: 0.27744
INFO:root:Generation: 193
INFO:root:pop fitness: 0.1447
INFO:root:elite fitness: 0.21504
INFO:root:Generation: 194
INFO:root:pop fitness: 0.14352
INFO:root:elite fitness: 0.25012
INFO:root:Generation: 195
INFO:root:pop fitness: 0.14123999999999998
INFO:root:elite fitness: 0.21895999999999996
INFO:root:Generation: 196
INFO:root:pop fitness: 0.15461999999999998
INFO:root:elite fitness: 0.25251999999999997
INFO:root:Generation: 197
INFO:root:pop fitness: 0.16284
INFO:root:elite fitness: 0.26204
INFO:root:Generation: 198
INFO:root:pop fitness: 0.17712
INFO:root:elite fitness: 0.2824
INFO:root:Generation: 199
INFO:root:pop fitness: 0.15718
INFO:root:elite fitness: 0.23416
