INFO:root:run_master: Namespace(arms='10', hidden='64', layers='1', max_gen='200', message='', mutation_mag='0.01', name='resetSteps', noise=True, pop_size='50', save_result=True, steps='3', trials='100')
INFO:root:run_master: Namespace(arms='10', hidden='64', layers='1', max_gen='200', message='', mutation_mag='0.01', name='resetSteps', noise=False, pop_size='50', save_result=True, steps='3', trials='100')
INFO:root:Generation: 0
INFO:root:pop fitness: 0.0987
INFO:root:elite fitness: 0.11071999999999999
INFO:root:Generation: 0
INFO:root:pop fitness: 0.10198
INFO:root:elite fitness: 0.11284000000000001
INFO:root:Generation: 1
INFO:root:pop fitness: 0.10404
INFO:root:elite fitness: 0.13448000000000002
INFO:root:Generation: 1
INFO:root:pop fitness: 0.09666000000000001
INFO:root:elite fitness: 0.11524000000000001
INFO:root:Generation: 2
INFO:root:pop fitness: 0.09795999999999999
INFO:root:elite fitness: 0.133
INFO:root:Generation: 2
INFO:root:pop fitness: 0.10186
INFO:root:elite fitness: 0.15532
INFO:root:Generation: 3
INFO:root:pop fitness: 0.10291999999999998
INFO:root:elite fitness: 0.15396
INFO:root:Generation: 3
INFO:root:pop fitness: 0.09032
INFO:root:elite fitness: 0.12308
INFO:root:Generation: 4
INFO:root:pop fitness: 0.11334000000000001
INFO:root:elite fitness: 0.18584000000000003
INFO:root:Generation: 4
INFO:root:pop fitness: 0.09458000000000003
INFO:root:elite fitness: 0.17296
INFO:root:Generation: 5
INFO:root:pop fitness: 0.11204
INFO:root:elite fitness: 0.19572000000000003
INFO:root:Generation: 5
INFO:root:pop fitness: 0.10164
INFO:root:elite fitness: 0.15295999999999998
INFO:root:Generation: 6
INFO:root:pop fitness: 0.10698
INFO:root:elite fitness: 0.18276
INFO:root:Generation: 6
INFO:root:pop fitness: 0.1184
INFO:root:elite fitness: 0.21252
INFO:root:Generation: 7
INFO:root:pop fitness: 0.10259999999999998
INFO:root:elite fitness: 0.18651999999999996
INFO:root:Generation: 7
INFO:root:pop fitness: 0.10784
INFO:root:elite fitness: 0.22108
INFO:root:Generation: 8
INFO:root:pop fitness: 0.11499999999999998
INFO:root:elite fitness: 0.20772
INFO:root:Generation: 9
INFO:root:pop fitness: 0.12032
INFO:root:elite fitness: 0.19944000000000003
INFO:root:Generation: 8
INFO:root:pop fitness: 0.11782
INFO:root:elite fitness: 0.22275999999999999
INFO:root:Generation: 10
INFO:root:pop fitness: 0.11548000000000001
INFO:root:elite fitness: 0.21044000000000002
INFO:root:Generation: 9
INFO:root:pop fitness: 0.10247999999999999
INFO:root:elite fitness: 0.17479999999999996
INFO:root:Generation: 11
INFO:root:pop fitness: 0.12066
INFO:root:elite fitness: 0.24248
INFO:root:Generation: 10
INFO:root:pop fitness: 0.10954000000000001
INFO:root:elite fitness: 0.20823999999999998
INFO:root:Generation: 12
INFO:root:pop fitness: 0.11244
INFO:root:elite fitness: 0.18744
INFO:root:Generation: 11
INFO:root:pop fitness: 0.10192
INFO:root:elite fitness: 0.19455999999999998
INFO:root:Generation: 13
INFO:root:pop fitness: 0.11386000000000002
INFO:root:elite fitness: 0.22775999999999996
INFO:root:Generation: 12
INFO:root:pop fitness: 0.09854000000000002
INFO:root:elite fitness: 0.18411999999999998
INFO:root:Generation: 14
INFO:root:pop fitness: 0.10711999999999999
INFO:root:elite fitness: 0.17084000000000002
INFO:root:Generation: 13
INFO:root:pop fitness: 0.10054000000000002
INFO:root:elite fitness: 0.21356000000000003
INFO:root:Generation: 15
INFO:root:pop fitness: 0.08946
INFO:root:elite fitness: 0.2064
INFO:root:Generation: 14
INFO:root:pop fitness: 0.1302
INFO:root:elite fitness: 0.25144
INFO:root:Generation: 16
INFO:root:pop fitness: 0.11203999999999999
INFO:root:elite fitness: 0.21004
INFO:root:Generation: 15
INFO:root:pop fitness: 0.12638
INFO:root:elite fitness: 0.24475999999999998
INFO:root:Generation: 17
INFO:root:pop fitness: 0.12196000000000001
INFO:root:elite fitness: 0.24488
INFO:root:Generation: 18
INFO:root:pop fitness: 0.11642
INFO:root:elite fitness: 0.25836
INFO:root:Generation: 16
INFO:root:pop fitness: 0.11720000000000001
INFO:root:elite fitness: 0.2458
INFO:root:Generation: 19
INFO:root:pop fitness: 0.12124
INFO:root:elite fitness: 0.22092000000000003
INFO:root:Generation: 17
INFO:root:pop fitness: 0.1225
INFO:root:elite fitness: 0.22784
INFO:root:Generation: 20
INFO:root:pop fitness: 0.13258
INFO:root:elite fitness: 0.24884
INFO:root:Generation: 18
INFO:root:pop fitness: 0.13196000000000002
INFO:root:elite fitness: 0.21988
INFO:root:Generation: 21
INFO:root:pop fitness: 0.12325999999999998
INFO:root:elite fitness: 0.2358
INFO:root:Generation: 19
INFO:root:pop fitness: 0.10935999999999998
INFO:root:elite fitness: 0.20296000000000003
INFO:root:Generation: 22
INFO:root:pop fitness: 0.12425999999999998
INFO:root:elite fitness: 0.25288
INFO:root:Generation: 20
INFO:root:pop fitness: 0.1283
INFO:root:elite fitness: 0.26488
INFO:root:Generation: 23
INFO:root:pop fitness: 0.11656000000000001
INFO:root:elite fitness: 0.21144000000000002
INFO:root:Generation: 21
INFO:root:pop fitness: 0.14078000000000002
INFO:root:elite fitness: 0.24316
INFO:root:Generation: 24
INFO:root:pop fitness: 0.11626000000000002
INFO:root:elite fitness: 0.19471999999999998
INFO:root:Generation: 22
INFO:root:pop fitness: 0.13632000000000002
INFO:root:elite fitness: 0.22488
INFO:root:Generation: 25
INFO:root:pop fitness: 0.10744
INFO:root:elite fitness: 0.22032
INFO:root:Generation: 26
INFO:root:pop fitness: 0.107
INFO:root:elite fitness: 0.17427999999999996
INFO:root:Generation: 23
INFO:root:pop fitness: 0.11454
INFO:root:elite fitness: 0.2256
INFO:root:Generation: 27
INFO:root:pop fitness: 0.11019999999999999
INFO:root:elite fitness: 0.2184
INFO:root:Generation: 24
INFO:root:pop fitness: 0.12467999999999999
INFO:root:elite fitness: 0.23504000000000003
INFO:root:Generation: 28
INFO:root:pop fitness: 0.12450000000000001
INFO:root:elite fitness: 0.26548
INFO:root:Generation: 25
INFO:root:pop fitness: 0.12338000000000003
INFO:root:elite fitness: 0.22143999999999997
INFO:root:Generation: 29
INFO:root:pop fitness: 0.13864
INFO:root:elite fitness: 0.28216
INFO:root:Generation: 26
INFO:root:pop fitness: 0.11714000000000001
INFO:root:elite fitness: 0.20595999999999998
INFO:root:Generation: 30
INFO:root:pop fitness: 0.11796
INFO:root:elite fitness: 0.195
INFO:root:Generation: 27
INFO:root:pop fitness: 0.13322000000000003
INFO:root:elite fitness: 0.2686
INFO:root:Generation: 31
INFO:root:pop fitness: 0.14668000000000003
INFO:root:elite fitness: 0.27104
INFO:root:Generation: 28
INFO:root:pop fitness: 0.11466
INFO:root:elite fitness: 0.23072000000000004
INFO:root:Generation: 32
INFO:root:pop fitness: 0.14200000000000002
INFO:root:elite fitness: 0.23544
INFO:root:Generation: 29
INFO:root:pop fitness: 0.12074
INFO:root:elite fitness: 0.20171999999999998
INFO:root:Generation: 33
INFO:root:pop fitness: 0.11986
INFO:root:elite fitness: 0.23987999999999998
INFO:root:Generation: 30
INFO:root:pop fitness: 0.15148
INFO:root:elite fitness: 0.26428
INFO:root:Generation: 34
INFO:root:pop fitness: 0.12806
INFO:root:elite fitness: 0.23884
INFO:root:Generation: 35
INFO:root:pop fitness: 0.08900000000000001
INFO:root:elite fitness: 0.1916
INFO:root:Generation: 31
INFO:root:pop fitness: 0.13668000000000002
INFO:root:elite fitness: 0.28728000000000004
INFO:root:Generation: 36
INFO:root:pop fitness: 0.10890000000000001
INFO:root:elite fitness: 0.21888000000000002
INFO:root:Generation: 32
INFO:root:pop fitness: 0.12922
INFO:root:elite fitness: 0.23299999999999998
INFO:root:Generation: 37
INFO:root:pop fitness: 0.12486000000000001
INFO:root:elite fitness: 0.26248
INFO:root:Generation: 33
INFO:root:pop fitness: 0.10964
INFO:root:elite fitness: 0.21167999999999998
INFO:root:Generation: 38
INFO:root:pop fitness: 0.11509999999999998
INFO:root:elite fitness: 0.2924
INFO:root:Generation: 34
INFO:root:pop fitness: 0.10634
INFO:root:elite fitness: 0.20735999999999996
INFO:root:Generation: 39
INFO:root:pop fitness: 0.12160000000000001
INFO:root:elite fitness: 0.27616
INFO:root:Generation: 35
INFO:root:pop fitness: 0.13571999999999998
INFO:root:elite fitness: 0.2354
INFO:root:Generation: 40
INFO:root:pop fitness: 0.13516
INFO:root:elite fitness: 0.2728
INFO:root:Generation: 36
INFO:root:pop fitness: 0.11132000000000002
INFO:root:elite fitness: 0.25792000000000004
INFO:root:Generation: 41
INFO:root:pop fitness: 0.1365
INFO:root:elite fitness: 0.23739999999999997
INFO:root:Generation: 37
INFO:root:pop fitness: 0.1497
INFO:root:elite fitness: 0.24860000000000004
INFO:root:Generation: 42
INFO:root:pop fitness: 0.15178
INFO:root:elite fitness: 0.30372
INFO:root:Generation: 38
INFO:root:pop fitness: 0.12504
INFO:root:elite fitness: 0.23800000000000002
INFO:root:Generation: 43
INFO:root:pop fitness: 0.13066
INFO:root:elite fitness: 0.28548
INFO:root:Generation: 39
INFO:root:pop fitness: 0.12504
INFO:root:elite fitness: 0.26152000000000003
INFO:root:Generation: 44
INFO:root:pop fitness: 0.11796
INFO:root:elite fitness: 0.22016000000000002
INFO:root:Generation: 45
INFO:root:pop fitness: 0.12564
INFO:root:elite fitness: 0.21055999999999997
INFO:root:Generation: 40
INFO:root:pop fitness: 0.13005999999999998
INFO:root:elite fitness: 0.21867999999999999
INFO:root:Generation: 46
INFO:root:pop fitness: 0.12997999999999998
INFO:root:elite fitness: 0.26192000000000004
INFO:root:Generation: 41
INFO:root:pop fitness: 0.12326000000000001
INFO:root:elite fitness: 0.24971999999999997
INFO:root:Generation: 47
INFO:root:pop fitness: 0.13716
INFO:root:elite fitness: 0.24264000000000002
INFO:root:Generation: 42
INFO:root:pop fitness: 0.12408000000000002
INFO:root:elite fitness: 0.23668
INFO:root:Generation: 48
INFO:root:pop fitness: 0.115
INFO:root:elite fitness: 0.22052
INFO:root:Generation: 43
INFO:root:pop fitness: 0.17406000000000002
INFO:root:elite fitness: 0.28524
INFO:root:Generation: 49
INFO:root:pop fitness: 0.14142
INFO:root:elite fitness: 0.23628
INFO:root:Generation: 44
INFO:root:pop fitness: 0.13774
INFO:root:elite fitness: 0.28848
INFO:root:Generation: 50
INFO:root:pop fitness: 0.12444000000000001
INFO:root:elite fitness: 0.23687999999999998
INFO:root:Generation: 45
INFO:root:pop fitness: 0.15826
INFO:root:elite fitness: 0.29148
INFO:root:Generation: 51
INFO:root:pop fitness: 0.16291999999999998
INFO:root:elite fitness: 0.27359999999999995
INFO:root:Generation: 46
INFO:root:pop fitness: 0.13821999999999998
INFO:root:elite fitness: 0.24100000000000002
INFO:root:Generation: 52
INFO:root:pop fitness: 0.12340000000000001
INFO:root:elite fitness: 0.25536000000000003
INFO:root:Generation: 53
INFO:root:pop fitness: 0.15824
INFO:root:elite fitness: 0.29716000000000004
INFO:root:Generation: 47
INFO:root:pop fitness: 0.13354000000000002
INFO:root:elite fitness: 0.28024
INFO:root:Generation: 54
INFO:root:pop fitness: 0.15834
INFO:root:elite fitness: 0.26424
INFO:root:Generation: 48
INFO:root:pop fitness: 0.13286
INFO:root:elite fitness: 0.25944
INFO:root:Generation: 55
INFO:root:pop fitness: 0.1629
INFO:root:elite fitness: 0.28932
INFO:root:Generation: 49
INFO:root:pop fitness: 0.12644
INFO:root:elite fitness: 0.27387999999999996
INFO:root:Generation: 56
INFO:root:pop fitness: 0.14561999999999997
INFO:root:elite fitness: 0.24376
INFO:root:Generation: 50
INFO:root:pop fitness: 0.1267
INFO:root:elite fitness: 0.2632
INFO:root:Generation: 57
INFO:root:pop fitness: 0.1289
INFO:root:elite fitness: 0.26744
INFO:root:Generation: 51
INFO:root:pop fitness: 0.1366
INFO:root:elite fitness: 0.2526
INFO:root:Generation: 58
INFO:root:pop fitness: 0.14416
INFO:root:elite fitness: 0.27728
INFO:root:Generation: 52
INFO:root:pop fitness: 0.14742
INFO:root:elite fitness: 0.2384
INFO:root:Generation: 59
INFO:root:pop fitness: 0.13984000000000002
INFO:root:elite fitness: 0.26599999999999996
INFO:root:Generation: 53
INFO:root:pop fitness: 0.15826
INFO:root:elite fitness: 0.29272
INFO:root:Generation: 60
INFO:root:pop fitness: 0.14676
INFO:root:elite fitness: 0.30019999999999997
INFO:root:Generation: 54
INFO:root:pop fitness: 0.16060000000000002
INFO:root:elite fitness: 0.25832
INFO:root:Generation: 61
INFO:root:pop fitness: 0.13785999999999998
INFO:root:elite fitness: 0.24456
INFO:root:Generation: 55
INFO:root:pop fitness: 0.13751999999999998
INFO:root:elite fitness: 0.2712
INFO:root:Generation: 62
INFO:root:pop fitness: 0.15178
INFO:root:elite fitness: 0.2388
INFO:root:Generation: 56
INFO:root:pop fitness: 0.16608
INFO:root:elite fitness: 0.26436000000000004
INFO:root:Generation: 63
INFO:root:pop fitness: 0.13958
INFO:root:elite fitness: 0.2738
INFO:root:Generation: 64
INFO:root:pop fitness: 0.1573
INFO:root:elite fitness: 0.25659999999999994
INFO:root:Generation: 57
INFO:root:pop fitness: 0.15714
INFO:root:elite fitness: 0.29788
INFO:root:Generation: 65
INFO:root:pop fitness: 0.13308
INFO:root:elite fitness: 0.23664000000000002
INFO:root:Generation: 58
INFO:root:pop fitness: 0.15924000000000002
INFO:root:elite fitness: 0.26552
INFO:root:Generation: 66
INFO:root:pop fitness: 0.16269999999999998
INFO:root:elite fitness: 0.27647999999999995
INFO:root:Generation: 59
INFO:root:pop fitness: 0.15934
INFO:root:elite fitness: 0.29528000000000004
INFO:root:Generation: 67
INFO:root:pop fitness: 0.12176000000000002
INFO:root:elite fitness: 0.22771999999999998
INFO:root:Generation: 60
INFO:root:pop fitness: 0.15974
INFO:root:elite fitness: 0.29688
INFO:root:Generation: 68
INFO:root:pop fitness: 0.1309
INFO:root:elite fitness: 0.26308
INFO:root:Generation: 61
INFO:root:pop fitness: 0.16155999999999998
INFO:root:elite fitness: 0.30888000000000004
INFO:root:Generation: 69
INFO:root:pop fitness: 0.13918
INFO:root:elite fitness: 0.27432
INFO:root:Generation: 62
INFO:root:pop fitness: 0.18205999999999997
INFO:root:elite fitness: 0.32372
INFO:root:Generation: 70
INFO:root:pop fitness: 0.15446000000000001
INFO:root:elite fitness: 0.2742
INFO:root:Generation: 71
INFO:root:pop fitness: 0.1505
INFO:root:elite fitness: 0.26708
INFO:root:Generation: 63
INFO:root:pop fitness: 0.14354
INFO:root:elite fitness: 0.24488000000000004
INFO:root:Generation: 72
INFO:root:pop fitness: 0.14018
INFO:root:elite fitness: 0.22756
INFO:root:Generation: 64
INFO:root:pop fitness: 0.15439999999999998
INFO:root:elite fitness: 0.29808
INFO:root:Generation: 73
INFO:root:pop fitness: 0.13212
INFO:root:elite fitness: 0.23976
INFO:root:Generation: 65
INFO:root:pop fitness: 0.14854
INFO:root:elite fitness: 0.27372
INFO:root:Generation: 74
INFO:root:pop fitness: 0.12732000000000002
INFO:root:elite fitness: 0.23404
INFO:root:Generation: 66
INFO:root:pop fitness: 0.15546
INFO:root:elite fitness: 0.2744
INFO:root:Generation: 75
INFO:root:pop fitness: 0.13763999999999998
INFO:root:elite fitness: 0.2766
INFO:root:Generation: 67
INFO:root:pop fitness: 0.13908
INFO:root:elite fitness: 0.28387999999999997
INFO:root:Generation: 76
INFO:root:pop fitness: 0.13196
INFO:root:elite fitness: 0.26764
INFO:root:Generation: 68
INFO:root:pop fitness: 0.15206
INFO:root:elite fitness: 0.29152000000000006
INFO:root:Generation: 77
INFO:root:pop fitness: 0.12810000000000002
INFO:root:elite fitness: 0.2226
INFO:root:Generation: 69
INFO:root:pop fitness: 0.17536
INFO:root:elite fitness: 0.30168
INFO:root:Generation: 78
INFO:root:pop fitness: 0.12788
INFO:root:elite fitness: 0.28164
INFO:root:Generation: 79
INFO:root:pop fitness: 0.1491
INFO:root:elite fitness: 0.27571999999999997
INFO:root:Generation: 70
INFO:root:pop fitness: 0.14472000000000002
INFO:root:elite fitness: 0.22616
INFO:root:Generation: 80
INFO:root:pop fitness: 0.14722000000000002
INFO:root:elite fitness: 0.28375999999999996
INFO:root:Generation: 71
INFO:root:pop fitness: 0.15023999999999998
INFO:root:elite fitness: 0.3178
INFO:root:Generation: 81
INFO:root:pop fitness: 0.14178000000000002
INFO:root:elite fitness: 0.25436
INFO:root:Generation: 72
INFO:root:pop fitness: 0.15886
INFO:root:elite fitness: 0.28128
INFO:root:Generation: 82
INFO:root:pop fitness: 0.14379999999999998
INFO:root:elite fitness: 0.25392
INFO:root:Generation: 73
INFO:root:pop fitness: 0.15246
INFO:root:elite fitness: 0.26924
INFO:root:Generation: 83
INFO:root:pop fitness: 0.15328
INFO:root:elite fitness: 0.26327999999999996
INFO:root:Generation: 74
INFO:root:pop fitness: 0.1668
INFO:root:elite fitness: 0.29256
INFO:root:Generation: 84
INFO:root:pop fitness: 0.15342
INFO:root:elite fitness: 0.2792
INFO:root:Generation: 75
INFO:root:pop fitness: 0.16577999999999998
INFO:root:elite fitness: 0.3396
INFO:root:Generation: 85
INFO:root:pop fitness: 0.14222
INFO:root:elite fitness: 0.27128
INFO:root:Generation: 76
INFO:root:pop fitness: 0.1623
INFO:root:elite fitness: 0.31095999999999996
INFO:root:Generation: 86
INFO:root:pop fitness: 0.14687999999999998
INFO:root:elite fitness: 0.28724
INFO:root:Generation: 77
INFO:root:pop fitness: 0.16760000000000003
INFO:root:elite fitness: 0.30656
INFO:root:Generation: 87
INFO:root:pop fitness: 0.13334
INFO:root:elite fitness: 0.25584
INFO:root:Generation: 88
INFO:root:pop fitness: 0.1468
INFO:root:elite fitness: 0.28352000000000005
INFO:root:Generation: 78
INFO:root:pop fitness: 0.1928
INFO:root:elite fitness: 0.297
INFO:root:Generation: 89
INFO:root:pop fitness: 0.14064000000000002
INFO:root:elite fitness: 0.27472
INFO:root:Generation: 79
INFO:root:pop fitness: 0.17134000000000005
INFO:root:elite fitness: 0.318
INFO:root:Generation: 90
INFO:root:pop fitness: 0.13924
INFO:root:elite fitness: 0.24092
INFO:root:Generation: 80
INFO:root:pop fitness: 0.16962000000000002
INFO:root:elite fitness: 0.31104
INFO:root:Generation: 91
INFO:root:pop fitness: 0.14176
INFO:root:elite fitness: 0.25724
INFO:root:Generation: 81
INFO:root:pop fitness: 0.17059999999999997
INFO:root:elite fitness: 0.29588000000000003
INFO:root:Generation: 92
INFO:root:pop fitness: 0.16808
INFO:root:elite fitness: 0.26372
INFO:root:Generation: 82
INFO:root:pop fitness: 0.19881999999999997
INFO:root:elite fitness: 0.35196
INFO:root:Generation: 93
INFO:root:pop fitness: 0.16164
INFO:root:elite fitness: 0.2676
INFO:root:Generation: 83
INFO:root:pop fitness: 0.19412000000000001
INFO:root:elite fitness: 0.31344
INFO:root:Generation: 94
INFO:root:pop fitness: 0.14615999999999998
INFO:root:elite fitness: 0.25028
INFO:root:Generation: 84
INFO:root:pop fitness: 0.2051
INFO:root:elite fitness: 0.32567999999999997
INFO:root:Generation: 95
INFO:root:pop fitness: 0.16322000000000003
INFO:root:elite fitness: 0.27164
INFO:root:Generation: 85
INFO:root:pop fitness: 0.17894
INFO:root:elite fitness: 0.31176
INFO:root:Generation: 96
INFO:root:pop fitness: 0.15374000000000002
INFO:root:elite fitness: 0.2758
INFO:root:Generation: 86
INFO:root:pop fitness: 0.18728000000000006
INFO:root:elite fitness: 0.31624
INFO:root:Generation: 97
INFO:root:pop fitness: 0.13608
INFO:root:elite fitness: 0.27455999999999997
INFO:root:Generation: 98
INFO:root:pop fitness: 0.16064
INFO:root:elite fitness: 0.26
INFO:root:Generation: 87
INFO:root:pop fitness: 0.19468
INFO:root:elite fitness: 0.34212000000000004
INFO:root:Generation: 99
INFO:root:pop fitness: 0.14646
INFO:root:elite fitness: 0.25324
INFO:root:Generation: 88
INFO:root:pop fitness: 0.1622
INFO:root:elite fitness: 0.34348000000000006
INFO:root:Generation: 100
INFO:root:pop fitness: 0.16163999999999998
INFO:root:elite fitness: 0.295
INFO:root:Generation: 89
INFO:root:pop fitness: 0.15501999999999996
INFO:root:elite fitness: 0.2832
INFO:root:Generation: 101
INFO:root:pop fitness: 0.14200000000000002
INFO:root:elite fitness: 0.24248
INFO:root:Generation: 90
INFO:root:pop fitness: 0.17386000000000001
INFO:root:elite fitness: 0.32632
INFO:root:Generation: 102
INFO:root:pop fitness: 0.17566000000000004
INFO:root:elite fitness: 0.30312000000000006
INFO:root:Generation: 91
INFO:root:pop fitness: 0.20642
INFO:root:elite fitness: 0.32227999999999996
INFO:root:Generation: 103
INFO:root:pop fitness: 0.16632000000000002
INFO:root:elite fitness: 0.31772
INFO:root:Generation: 92
INFO:root:pop fitness: 0.20378000000000004
INFO:root:elite fitness: 0.3032
INFO:root:Generation: 104
INFO:root:pop fitness: 0.1551
INFO:root:elite fitness: 0.2834
INFO:root:Generation: 105
INFO:root:pop fitness: 0.17118000000000003
INFO:root:elite fitness: 0.26928
INFO:root:Generation: 93
INFO:root:pop fitness: 0.22848000000000002
INFO:root:elite fitness: 0.35088
INFO:root:Generation: 106
INFO:root:pop fitness: 0.15192000000000003
INFO:root:elite fitness: 0.26872
INFO:root:Generation: 94
INFO:root:pop fitness: 0.18163999999999997
INFO:root:elite fitness: 0.30684
INFO:root:Generation: 107
INFO:root:pop fitness: 0.16012
INFO:root:elite fitness: 0.27259999999999995
INFO:root:Generation: 95
INFO:root:pop fitness: 0.1718
INFO:root:elite fitness: 0.28371999999999997
INFO:root:Generation: 108
INFO:root:pop fitness: 0.15540000000000004
INFO:root:elite fitness: 0.28476
INFO:root:Generation: 96
INFO:root:pop fitness: 0.19826
INFO:root:elite fitness: 0.37339999999999995
INFO:root:Generation: 109
INFO:root:pop fitness: 0.15889999999999999
INFO:root:elite fitness: 0.25632
INFO:root:Generation: 97
INFO:root:pop fitness: 0.19878000000000004
INFO:root:elite fitness: 0.34764
INFO:root:Generation: 110
INFO:root:pop fitness: 0.14919999999999997
INFO:root:elite fitness: 0.2606
INFO:root:Generation: 98
INFO:root:pop fitness: 0.17934
INFO:root:elite fitness: 0.32392
INFO:root:Generation: 111
INFO:root:pop fitness: 0.16475999999999996
INFO:root:elite fitness: 0.29928
INFO:root:Generation: 99
INFO:root:pop fitness: 0.18728
INFO:root:elite fitness: 0.35324000000000005
INFO:root:Generation: 112
INFO:root:pop fitness: 0.13527999999999998
INFO:root:elite fitness: 0.24235999999999996
INFO:root:Generation: 100
INFO:root:pop fitness: 0.16866
INFO:root:elite fitness: 0.28836
INFO:root:Generation: 113
INFO:root:pop fitness: 0.14132
INFO:root:elite fitness: 0.2896
INFO:root:Generation: 101
INFO:root:pop fitness: 0.18502
INFO:root:elite fitness: 0.34704
INFO:root:Generation: 114
INFO:root:pop fitness: 0.13868000000000003
INFO:root:elite fitness: 0.27352
INFO:root:Generation: 115
INFO:root:pop fitness: 0.17350000000000002
INFO:root:elite fitness: 0.28448
INFO:root:Generation: 102
INFO:root:pop fitness: 0.17857999999999996
INFO:root:elite fitness: 0.35212
INFO:root:Generation: 116
INFO:root:pop fitness: 0.16620000000000001
INFO:root:elite fitness: 0.30011999999999994
INFO:root:Generation: 103
INFO:root:pop fitness: 0.16496
INFO:root:elite fitness: 0.27552
INFO:root:Generation: 117
INFO:root:pop fitness: 0.17584000000000002
INFO:root:elite fitness: 0.36096000000000006
INFO:root:Generation: 104
INFO:root:pop fitness: 0.18438000000000002
INFO:root:elite fitness: 0.31288
INFO:root:Generation: 118
INFO:root:pop fitness: 0.13444
INFO:root:elite fitness: 0.26368
INFO:root:Generation: 105
INFO:root:pop fitness: 0.16938000000000003
INFO:root:elite fitness: 0.27836
INFO:root:Generation: 119
INFO:root:pop fitness: 0.12428
INFO:root:elite fitness: 0.24016
INFO:root:Generation: 106
INFO:root:pop fitness: 0.18746
INFO:root:elite fitness: 0.34135999999999994
INFO:root:Generation: 120
INFO:root:pop fitness: 0.14709999999999998
INFO:root:elite fitness: 0.26744
INFO:root:Generation: 107
INFO:root:pop fitness: 0.20519999999999997
INFO:root:elite fitness: 0.35192
INFO:root:Generation: 121
INFO:root:pop fitness: 0.13801999999999998
INFO:root:elite fitness: 0.2572
INFO:root:Generation: 108
INFO:root:pop fitness: 0.19184
INFO:root:elite fitness: 0.31412
INFO:root:Generation: 122
INFO:root:pop fitness: 0.13446000000000002
INFO:root:elite fitness: 0.2674
INFO:root:Generation: 109
INFO:root:pop fitness: 0.18447999999999998
INFO:root:elite fitness: 0.30084000000000005
INFO:root:Generation: 123
INFO:root:pop fitness: 0.14534
INFO:root:elite fitness: 0.28712
INFO:root:Generation: 110
INFO:root:pop fitness: 0.14942
INFO:root:elite fitness: 0.26227999999999996
INFO:root:Generation: 124
INFO:root:pop fitness: 0.15325999999999998
INFO:root:elite fitness: 0.24916000000000005
INFO:root:Generation: 125
INFO:root:pop fitness: 0.16518
INFO:root:elite fitness: 0.29216000000000003
INFO:root:Generation: 111
INFO:root:pop fitness: 0.15664
INFO:root:elite fitness: 0.2584
INFO:root:Generation: 126
INFO:root:pop fitness: 0.15946000000000002
INFO:root:elite fitness: 0.25551999999999997
INFO:root:Generation: 112
INFO:root:pop fitness: 0.16635999999999998
INFO:root:elite fitness: 0.30407999999999996
INFO:root:Generation: 127
INFO:root:pop fitness: 0.11788000000000003
INFO:root:elite fitness: 0.2618
INFO:root:Generation: 113
INFO:root:pop fitness: 0.16582
INFO:root:elite fitness: 0.2778
INFO:root:Generation: 128
INFO:root:pop fitness: 0.12818
INFO:root:elite fitness: 0.26272
INFO:root:Generation: 114
INFO:root:pop fitness: 0.19872000000000004
INFO:root:elite fitness: 0.35508
INFO:root:Generation: 129
INFO:root:pop fitness: 0.12556
INFO:root:elite fitness: 0.22380000000000003
INFO:root:Generation: 115
INFO:root:pop fitness: 0.18166000000000002
INFO:root:elite fitness: 0.3451600000000001
INFO:root:Generation: 130
INFO:root:pop fitness: 0.16012
INFO:root:elite fitness: 0.26396000000000003
INFO:root:Generation: 116
INFO:root:pop fitness: 0.22341999999999998
INFO:root:elite fitness: 0.38280000000000003
INFO:root:Generation: 131
INFO:root:pop fitness: 0.1506
INFO:root:elite fitness: 0.26831999999999995
INFO:root:Generation: 117
INFO:root:pop fitness: 0.20627999999999996
INFO:root:elite fitness: 0.37512000000000006
INFO:root:Generation: 132
INFO:root:pop fitness: 0.16570000000000004
INFO:root:elite fitness: 0.32472
INFO:root:Generation: 133
INFO:root:pop fitness: 0.17162
INFO:root:elite fitness: 0.31084
INFO:root:Generation: 118
INFO:root:pop fitness: 0.18166000000000002
INFO:root:elite fitness: 0.33092
INFO:root:Generation: 134
INFO:root:pop fitness: 0.14958000000000002
INFO:root:elite fitness: 0.28364
INFO:root:Generation: 119
INFO:root:pop fitness: 0.18876
INFO:root:elite fitness: 0.32292000000000004
INFO:root:Generation: 135
INFO:root:pop fitness: 0.18306
INFO:root:elite fitness: 0.32752000000000003
INFO:root:Generation: 120
INFO:root:pop fitness: 0.19276
INFO:root:elite fitness: 0.33588000000000007
INFO:root:Generation: 136
INFO:root:pop fitness: 0.16269999999999998
INFO:root:elite fitness: 0.29856
INFO:root:Generation: 121
INFO:root:pop fitness: 0.17245999999999997
INFO:root:elite fitness: 0.28336
INFO:root:Generation: 137
INFO:root:pop fitness: 0.17238
INFO:root:elite fitness: 0.32792
INFO:root:Generation: 122
INFO:root:pop fitness: 0.17362000000000002
INFO:root:elite fitness: 0.34256
INFO:root:Generation: 138
INFO:root:pop fitness: 0.16666
INFO:root:elite fitness: 0.3126
INFO:root:Generation: 123
INFO:root:pop fitness: 0.17920000000000003
INFO:root:elite fitness: 0.33447999999999994
INFO:root:Generation: 139
INFO:root:pop fitness: 0.14138
INFO:root:elite fitness: 0.26272
INFO:root:Generation: 124
INFO:root:pop fitness: 0.20323999999999998
INFO:root:elite fitness: 0.32704
INFO:root:Generation: 140
INFO:root:pop fitness: 0.14831999999999998
INFO:root:elite fitness: 0.32328
INFO:root:Generation: 125
INFO:root:pop fitness: 0.19645999999999997
INFO:root:elite fitness: 0.3162
INFO:root:Generation: 141
INFO:root:pop fitness: 0.15372
INFO:root:elite fitness: 0.30563999999999997
INFO:root:Generation: 142
INFO:root:pop fitness: 0.14395999999999998
INFO:root:elite fitness: 0.29600000000000004
INFO:root:Generation: 126
INFO:root:pop fitness: 0.20119999999999996
INFO:root:elite fitness: 0.37404000000000004
INFO:root:Generation: 143
INFO:root:pop fitness: 0.13646
INFO:root:elite fitness: 0.23884
INFO:root:Generation: 127
INFO:root:pop fitness: 0.20865999999999996
INFO:root:elite fitness: 0.3332
INFO:root:Generation: 144
INFO:root:pop fitness: 0.16474
INFO:root:elite fitness: 0.32724000000000003
INFO:root:Generation: 128
INFO:root:pop fitness: 0.20344000000000004
INFO:root:elite fitness: 0.33183999999999997
INFO:root:Generation: 145
INFO:root:pop fitness: 0.16593999999999998
INFO:root:elite fitness: 0.32724
INFO:root:Generation: 129
INFO:root:pop fitness: 0.21365999999999996
INFO:root:elite fitness: 0.38099999999999995
INFO:root:Generation: 146
INFO:root:pop fitness: 0.17896
INFO:root:elite fitness: 0.3482
INFO:root:Generation: 130
INFO:root:pop fitness: 0.1882
INFO:root:elite fitness: 0.34704
INFO:root:Generation: 147
INFO:root:pop fitness: 0.16246000000000002
INFO:root:elite fitness: 0.3386
INFO:root:Generation: 131
INFO:root:pop fitness: 0.17412
INFO:root:elite fitness: 0.32896000000000003
INFO:root:Generation: 148
INFO:root:pop fitness: 0.15746000000000002
INFO:root:elite fitness: 0.37596
INFO:root:Generation: 132
INFO:root:pop fitness: 0.18125999999999998
INFO:root:elite fitness: 0.34123999999999993
INFO:root:Generation: 149
INFO:root:pop fitness: 0.16662
INFO:root:elite fitness: 0.30572
INFO:root:Generation: 133
INFO:root:pop fitness: 0.18948
INFO:root:elite fitness: 0.35528
INFO:root:Generation: 150
INFO:root:pop fitness: 0.1699
INFO:root:elite fitness: 0.34124000000000004
INFO:root:Generation: 151
INFO:root:pop fitness: 0.16756000000000001
INFO:root:elite fitness: 0.28243999999999997
INFO:root:Generation: 134
INFO:root:pop fitness: 0.17984000000000003
INFO:root:elite fitness: 0.32512
INFO:root:Generation: 152
INFO:root:pop fitness: 0.16939999999999997
INFO:root:elite fitness: 0.29236
INFO:root:Generation: 135
INFO:root:pop fitness: 0.2032
INFO:root:elite fitness: 0.36772000000000005
INFO:root:Generation: 153
INFO:root:pop fitness: 0.17151999999999998
INFO:root:elite fitness: 0.29324
INFO:root:Generation: 136
INFO:root:pop fitness: 0.22158
INFO:root:elite fitness: 0.33751999999999993
INFO:root:Generation: 154
INFO:root:pop fitness: 0.17811999999999997
INFO:root:elite fitness: 0.31664
INFO:root:Generation: 137
INFO:root:pop fitness: 0.19748
INFO:root:elite fitness: 0.33184
INFO:root:Generation: 155
INFO:root:pop fitness: 0.1635
INFO:root:elite fitness: 0.29316000000000003
INFO:root:Generation: 138
INFO:root:pop fitness: 0.21800000000000005
INFO:root:elite fitness: 0.34840000000000004
INFO:root:Generation: 156
INFO:root:pop fitness: 0.17438000000000003
INFO:root:elite fitness: 0.30176
INFO:root:Generation: 139
INFO:root:pop fitness: 0.22776
INFO:root:elite fitness: 0.36152
INFO:root:Generation: 157
INFO:root:pop fitness: 0.19614
INFO:root:elite fitness: 0.36112
INFO:root:Generation: 140
INFO:root:pop fitness: 0.20995999999999998
INFO:root:elite fitness: 0.35576
INFO:root:Generation: 158
INFO:root:pop fitness: 0.19133999999999995
INFO:root:elite fitness: 0.36796000000000006
INFO:root:Generation: 141
INFO:root:pop fitness: 0.20936
INFO:root:elite fitness: 0.3422799999999999
INFO:root:Generation: 159
INFO:root:pop fitness: 0.21414000000000002
INFO:root:elite fitness: 0.38160000000000005
INFO:root:Generation: 142
INFO:root:pop fitness: 0.1873
INFO:root:elite fitness: 0.317
INFO:root:Generation: 160
INFO:root:pop fitness: 0.23362
INFO:root:elite fitness: 0.40448
INFO:root:Generation: 161
INFO:root:pop fitness: 0.2316
INFO:root:elite fitness: 0.43028000000000005
INFO:root:Generation: 143
INFO:root:pop fitness: 0.19974
INFO:root:elite fitness: 0.36688000000000004
INFO:root:Generation: 162
INFO:root:pop fitness: 0.22823999999999997
INFO:root:elite fitness: 0.39388000000000006
INFO:root:Generation: 144
INFO:root:pop fitness: 0.18076
INFO:root:elite fitness: 0.29384
INFO:root:Generation: 163
INFO:root:pop fitness: 0.17859999999999998
INFO:root:elite fitness: 0.35344000000000003
INFO:root:Generation: 145
INFO:root:pop fitness: 0.19480000000000003
INFO:root:elite fitness: 0.3564
INFO:root:Generation: 164
INFO:root:pop fitness: 0.17546000000000003
INFO:root:elite fitness: 0.30823999999999996
INFO:root:Generation: 146
INFO:root:pop fitness: 0.20253999999999997
INFO:root:elite fitness: 0.368
INFO:root:Generation: 165
INFO:root:pop fitness: 0.168
INFO:root:elite fitness: 0.30192
INFO:root:Generation: 147
INFO:root:pop fitness: 0.2147
INFO:root:elite fitness: 0.37596
INFO:root:Generation: 166
INFO:root:pop fitness: 0.1869
INFO:root:elite fitness: 0.3144
INFO:root:Generation: 148
INFO:root:pop fitness: 0.21916
INFO:root:elite fitness: 0.37464
INFO:root:Generation: 167
INFO:root:pop fitness: 0.19644000000000003
INFO:root:elite fitness: 0.29824
INFO:root:Generation: 149
INFO:root:pop fitness: 0.22072
INFO:root:elite fitness: 0.37816000000000005
INFO:root:Generation: 168
INFO:root:pop fitness: 0.19944000000000003
INFO:root:elite fitness: 0.34384
INFO:root:Generation: 150
INFO:root:pop fitness: 0.2231
INFO:root:elite fitness: 0.358
INFO:root:Generation: 169
INFO:root:pop fitness: 0.19192000000000004
INFO:root:elite fitness: 0.36652
INFO:root:Generation: 170
INFO:root:pop fitness: 0.16542
INFO:root:elite fitness: 0.3398
INFO:root:Generation: 151
INFO:root:pop fitness: 0.22843999999999998
INFO:root:elite fitness: 0.38079999999999997
INFO:root:Generation: 171
INFO:root:pop fitness: 0.15678
INFO:root:elite fitness: 0.26948000000000005
INFO:root:Generation: 152
INFO:root:pop fitness: 0.2271
INFO:root:elite fitness: 0.37444000000000005
INFO:root:Generation: 172
INFO:root:pop fitness: 0.14500000000000002
INFO:root:elite fitness: 0.28552000000000005
INFO:root:Generation: 153
INFO:root:pop fitness: 0.21036000000000002
INFO:root:elite fitness: 0.35356000000000004
INFO:root:Generation: 173
INFO:root:pop fitness: 0.15702
INFO:root:elite fitness: 0.27904
INFO:root:Generation: 154
INFO:root:pop fitness: 0.19368
INFO:root:elite fitness: 0.33671999999999996
INFO:root:Generation: 174
INFO:root:pop fitness: 0.16224
INFO:root:elite fitness: 0.28476
INFO:root:Generation: 155
INFO:root:pop fitness: 0.18041999999999997
INFO:root:elite fitness: 0.31604
INFO:root:Generation: 175
INFO:root:pop fitness: 0.14256
INFO:root:elite fitness: 0.298
INFO:root:Generation: 156
INFO:root:pop fitness: 0.1778
INFO:root:elite fitness: 0.32388
INFO:root:Generation: 176
INFO:root:pop fitness: 0.16815999999999998
INFO:root:elite fitness: 0.30936
INFO:root:Generation: 157
INFO:root:pop fitness: 0.24284000000000003
INFO:root:elite fitness: 0.39876
INFO:root:Generation: 177
INFO:root:pop fitness: 0.15669999999999998
INFO:root:elite fitness: 0.30208
INFO:root:Generation: 178
INFO:root:pop fitness: 0.16779999999999998
INFO:root:elite fitness: 0.32199999999999995
INFO:root:Generation: 158
INFO:root:pop fitness: 0.22403999999999996
INFO:root:elite fitness: 0.36828000000000005
INFO:root:Generation: 179
INFO:root:pop fitness: 0.20508000000000004
INFO:root:elite fitness: 0.31984
INFO:root:Generation: 159
INFO:root:pop fitness: 0.24222000000000002
INFO:root:elite fitness: 0.3940000000000001
INFO:root:Generation: 180
INFO:root:pop fitness: 0.17201999999999998
INFO:root:elite fitness: 0.3182
INFO:root:Generation: 160
INFO:root:pop fitness: 0.24244000000000004
INFO:root:elite fitness: 0.39135999999999993
INFO:root:Generation: 181
INFO:root:pop fitness: 0.17596
INFO:root:elite fitness: 0.29612
INFO:root:Generation: 161
INFO:root:pop fitness: 0.23798000000000002
INFO:root:elite fitness: 0.47192
INFO:root:Generation: 182
INFO:root:pop fitness: 0.18648
INFO:root:elite fitness: 0.38420000000000004
INFO:root:Generation: 162
INFO:root:pop fitness: 0.24824000000000002
INFO:root:elite fitness: 0.40764
INFO:root:Generation: 183
INFO:root:pop fitness: 0.17634
INFO:root:elite fitness: 0.33724
INFO:root:Generation: 163
INFO:root:pop fitness: 0.22002
INFO:root:elite fitness: 0.37096
INFO:root:Generation: 184
INFO:root:pop fitness: 0.17702
INFO:root:elite fitness: 0.2914
INFO:root:Generation: 164
INFO:root:pop fitness: 0.21794
INFO:root:elite fitness: 0.34172
INFO:root:Generation: 185
INFO:root:pop fitness: 0.19936
INFO:root:elite fitness: 0.34092
INFO:root:Generation: 186
INFO:root:pop fitness: 0.18686000000000003
INFO:root:elite fitness: 0.33583999999999997
INFO:root:Generation: 165
INFO:root:pop fitness: 0.21353999999999998
INFO:root:elite fitness: 0.36536
INFO:root:Generation: 187
INFO:root:pop fitness: 0.17934
INFO:root:elite fitness: 0.31692000000000004
INFO:root:Generation: 166
INFO:root:pop fitness: 0.23323999999999998
INFO:root:elite fitness: 0.3574
INFO:root:Generation: 188
INFO:root:pop fitness: 0.18960000000000002
INFO:root:elite fitness: 0.33891999999999994
INFO:root:Generation: 167
INFO:root:pop fitness: 0.23688000000000003
INFO:root:elite fitness: 0.34656000000000003
INFO:root:Generation: 189
INFO:root:pop fitness: 0.20945999999999998
INFO:root:elite fitness: 0.38071999999999995
INFO:root:Generation: 168
INFO:root:pop fitness: 0.20888
INFO:root:elite fitness: 0.31244000000000005
INFO:root:Generation: 190
INFO:root:pop fitness: 0.21696000000000001
INFO:root:elite fitness: 0.3777999999999999
INFO:root:Generation: 169
INFO:root:pop fitness: 0.16614
INFO:root:elite fitness: 0.29328
INFO:root:Generation: 191
INFO:root:pop fitness: 0.18099999999999997
INFO:root:elite fitness: 0.3411199999999999
INFO:root:Generation: 170
INFO:root:pop fitness: 0.20991999999999997
INFO:root:elite fitness: 0.3447200000000001
INFO:root:Generation: 192
INFO:root:pop fitness: 0.17356
INFO:root:elite fitness: 0.33980000000000005
INFO:root:Generation: 171
INFO:root:pop fitness: 0.17492000000000002
INFO:root:elite fitness: 0.28188
INFO:root:Generation: 193
INFO:root:pop fitness: 0.17704
INFO:root:elite fitness: 0.31067999999999996
INFO:root:Generation: 194
INFO:root:pop fitness: 0.18852
INFO:root:elite fitness: 0.38012
INFO:root:Generation: 172
INFO:root:pop fitness: 0.17776
INFO:root:elite fitness: 0.33072
INFO:root:Generation: 195
INFO:root:pop fitness: 0.20987999999999998
INFO:root:elite fitness: 0.35187999999999997
INFO:root:Generation: 173
INFO:root:pop fitness: 0.1751
INFO:root:elite fitness: 0.32236
INFO:root:Generation: 196
INFO:root:pop fitness: 0.19263999999999995
INFO:root:elite fitness: 0.3471999999999999
INFO:root:Generation: 174
INFO:root:pop fitness: 0.20488
INFO:root:elite fitness: 0.3941200000000001
INFO:root:Generation: 197
INFO:root:pop fitness: 0.19132
INFO:root:elite fitness: 0.3582
INFO:root:Generation: 175
INFO:root:pop fitness: 0.21894000000000002
INFO:root:elite fitness: 0.3832
INFO:root:Generation: 198
INFO:root:pop fitness: 0.20680000000000004
INFO:root:elite fitness: 0.344
INFO:root:Generation: 176
INFO:root:pop fitness: 0.19662000000000002
INFO:root:elite fitness: 0.35708
INFO:root:Generation: 199
INFO:root:pop fitness: 0.19929999999999995
INFO:root:elite fitness: 0.37484
INFO:root:Generation: 177
INFO:root:pop fitness: 0.21211999999999998
INFO:root:elite fitness: 0.36924000000000007
INFO:root:Generation: 178
INFO:root:pop fitness: 0.18882000000000002
INFO:root:elite fitness: 0.34564
INFO:root:Generation: 179
INFO:root:pop fitness: 0.20392
INFO:root:elite fitness: 0.32112
INFO:root:Generation: 180
INFO:root:pop fitness: 0.20136000000000004
INFO:root:elite fitness: 0.3594
INFO:root:Generation: 181
INFO:root:pop fitness: 0.20196000000000003
INFO:root:elite fitness: 0.36823999999999996
INFO:root:Generation: 182
INFO:root:pop fitness: 0.18540000000000006
INFO:root:elite fitness: 0.33020000000000005
INFO:root:Generation: 183
INFO:root:pop fitness: 0.19517999999999996
INFO:root:elite fitness: 0.32992000000000005
INFO:root:Generation: 184
INFO:root:pop fitness: 0.19948
INFO:root:elite fitness: 0.37444000000000005
INFO:root:Generation: 185
INFO:root:pop fitness: 0.20007999999999998
INFO:root:elite fitness: 0.38804
INFO:root:Generation: 186
INFO:root:pop fitness: 0.18331999999999998
INFO:root:elite fitness: 0.31064
INFO:root:Generation: 187
INFO:root:pop fitness: 0.17082
INFO:root:elite fitness: 0.31196
INFO:root:Generation: 188
INFO:root:pop fitness: 0.19634000000000001
INFO:root:elite fitness: 0.32992
INFO:root:Generation: 189
INFO:root:pop fitness: 0.18786000000000003
INFO:root:elite fitness: 0.31603999999999993
INFO:root:Generation: 190
INFO:root:pop fitness: 0.21420000000000003
INFO:root:elite fitness: 0.37564
INFO:root:Generation: 191
INFO:root:pop fitness: 0.21729999999999997
INFO:root:elite fitness: 0.37036
INFO:root:Generation: 192
INFO:root:pop fitness: 0.20638000000000006
INFO:root:elite fitness: 0.33568
INFO:root:Generation: 193
INFO:root:pop fitness: 0.19634000000000001
INFO:root:elite fitness: 0.32952
INFO:root:Generation: 194
INFO:root:pop fitness: 0.19341999999999998
INFO:root:elite fitness: 0.33980000000000005
INFO:root:Generation: 195
INFO:root:pop fitness: 0.19413999999999998
INFO:root:elite fitness: 0.33684
INFO:root:Generation: 196
INFO:root:pop fitness: 0.21846
INFO:root:elite fitness: 0.3576
INFO:root:Generation: 197
INFO:root:pop fitness: 0.22021999999999997
INFO:root:elite fitness: 0.32416000000000006
INFO:root:Generation: 198
INFO:root:pop fitness: 0.20686
INFO:root:elite fitness: 0.38936
INFO:root:Generation: 199
INFO:root:pop fitness: 0.21996
INFO:root:elite fitness: 0.35031999999999996
