INFO:root:run_master: Namespace(arms='10', hidden='8', layers='1', max_gen='200', message='', mutation_mag='0.1', name='smpl_diffEnv_v2', noise=False, pop_size='50', save_result=True, trials='100')
INFO:root:run_master: Namespace(arms='10', hidden='8', layers='1', max_gen='200', message='', mutation_mag='0.1', name='smpl_diffEnv_v2', noise=True, pop_size='50', save_result=True, trials='100')
INFO:root:Generation: 0
INFO:root:pop fitness: 0.1004
INFO:root:elite fitness: 0.11340000000000001
INFO:root:Generation: 0
INFO:root:pop fitness: 0.09916
INFO:root:elite fitness: 0.11220000000000001
INFO:root:Generation: 1
INFO:root:pop fitness: 0.09952
INFO:root:elite fitness: 0.11172
INFO:root:Generation: 1
INFO:root:pop fitness: 0.09824000000000002
INFO:root:elite fitness: 0.11424
INFO:root:Generation: 2
INFO:root:pop fitness: 0.09994
INFO:root:elite fitness: 0.11559999999999998
INFO:root:Generation: 2
INFO:root:pop fitness: 0.09986
INFO:root:elite fitness: 0.11488
INFO:root:Generation: 3
INFO:root:pop fitness: 0.10264
INFO:root:elite fitness: 0.12572
INFO:root:Generation: 3
INFO:root:pop fitness: 0.0999
INFO:root:elite fitness: 0.12359999999999999
INFO:root:Generation: 4
INFO:root:pop fitness: 0.10256
INFO:root:elite fitness: 0.1466
INFO:root:Generation: 5
INFO:root:pop fitness: 0.1047
INFO:root:elite fitness: 0.15184
INFO:root:Generation: 4
INFO:root:pop fitness: 0.09998000000000001
INFO:root:elite fitness: 0.11771999999999999
INFO:root:Generation: 6
INFO:root:pop fitness: 0.10846
INFO:root:elite fitness: 0.1552
INFO:root:Generation: 5
INFO:root:pop fitness: 0.10412
INFO:root:elite fitness: 0.12964
INFO:root:Generation: 7
INFO:root:pop fitness: 0.10914
INFO:root:elite fitness: 0.16740000000000002
INFO:root:Generation: 6
INFO:root:pop fitness: 0.10225999999999999
INFO:root:elite fitness: 0.127
INFO:root:Generation: 8
INFO:root:pop fitness: 0.11605999999999998
INFO:root:elite fitness: 0.1642
INFO:root:Generation: 7
INFO:root:pop fitness: 0.10248000000000003
INFO:root:elite fitness: 0.13016
INFO:root:Generation: 9
INFO:root:pop fitness: 0.11006
INFO:root:elite fitness: 0.17344
INFO:root:Generation: 8
INFO:root:pop fitness: 0.09545999999999999
INFO:root:elite fitness: 0.13776000000000002
INFO:root:Generation: 10
INFO:root:pop fitness: 0.12408
INFO:root:elite fitness: 0.18288000000000001
INFO:root:Generation: 9
INFO:root:pop fitness: 0.10856
INFO:root:elite fitness: 0.151
INFO:root:Generation: 11
INFO:root:pop fitness: 0.12750000000000003
INFO:root:elite fitness: 0.20284000000000002
INFO:root:Generation: 10
INFO:root:pop fitness: 0.1066
INFO:root:elite fitness: 0.17288
INFO:root:Generation: 12
INFO:root:pop fitness: 0.12086000000000001
INFO:root:elite fitness: 0.21099999999999997
INFO:root:Generation: 11
INFO:root:pop fitness: 0.0929
INFO:root:elite fitness: 0.16024000000000002
INFO:root:Generation: 13
INFO:root:pop fitness: 0.12494000000000001
INFO:root:elite fitness: 0.20164
INFO:root:Generation: 14
INFO:root:pop fitness: 0.13558
INFO:root:elite fitness: 0.23156
INFO:root:Generation: 12
INFO:root:pop fitness: 0.10904
INFO:root:elite fitness: 0.16856000000000004
INFO:root:Generation: 15
INFO:root:pop fitness: 0.12012
INFO:root:elite fitness: 0.21212
INFO:root:Generation: 16
INFO:root:pop fitness: 0.13632000000000002
INFO:root:elite fitness: 0.25276000000000004
INFO:root:Generation: 13
INFO:root:pop fitness: 0.11356
INFO:root:elite fitness: 0.18892
INFO:root:Generation: 17
INFO:root:pop fitness: 0.1462
INFO:root:elite fitness: 0.23848
INFO:root:Generation: 18
INFO:root:pop fitness: 0.15776
INFO:root:elite fitness: 0.27584
INFO:root:Generation: 14
INFO:root:pop fitness: 0.10038
INFO:root:elite fitness: 0.17956
INFO:root:Generation: 19
INFO:root:pop fitness: 0.14478
INFO:root:elite fitness: 0.25592
INFO:root:Generation: 15
INFO:root:pop fitness: 0.10368000000000002
INFO:root:elite fitness: 0.18068
INFO:root:Generation: 20
INFO:root:pop fitness: 0.15952
INFO:root:elite fitness: 0.27764
INFO:root:Generation: 16
INFO:root:pop fitness: 0.10061999999999999
INFO:root:elite fitness: 0.18123999999999998
INFO:root:Generation: 21
INFO:root:pop fitness: 0.15276
INFO:root:elite fitness: 0.25832
INFO:root:Generation: 17
INFO:root:pop fitness: 0.10206000000000001
INFO:root:elite fitness: 0.18748
INFO:root:Generation: 22
INFO:root:pop fitness: 0.1513
INFO:root:elite fitness: 0.25964000000000004
INFO:root:Generation: 18
INFO:root:pop fitness: 0.11793999999999999
INFO:root:elite fitness: 0.2318
INFO:root:Generation: 23
INFO:root:pop fitness: 0.149
INFO:root:elite fitness: 0.2758
INFO:root:Generation: 19
INFO:root:pop fitness: 0.09896
INFO:root:elite fitness: 0.19616
INFO:root:Generation: 24
INFO:root:pop fitness: 0.16140000000000002
INFO:root:elite fitness: 0.30588
INFO:root:Generation: 20
INFO:root:pop fitness: 0.1148
INFO:root:elite fitness: 0.21423999999999996
INFO:root:Generation: 25
INFO:root:pop fitness: 0.16142000000000004
INFO:root:elite fitness: 0.31140000000000007
INFO:root:Generation: 21
INFO:root:pop fitness: 0.11034
INFO:root:elite fitness: 0.20892
INFO:root:Generation: 26
INFO:root:pop fitness: 0.15032
INFO:root:elite fitness: 0.30284
INFO:root:Generation: 22
INFO:root:pop fitness: 0.11118
INFO:root:elite fitness: 0.19748
INFO:root:Generation: 27
INFO:root:pop fitness: 0.15085999999999997
INFO:root:elite fitness: 0.30688
INFO:root:Generation: 23
INFO:root:pop fitness: 0.11784
INFO:root:elite fitness: 0.20920000000000002
INFO:root:Generation: 28
INFO:root:pop fitness: 0.17423999999999995
INFO:root:elite fitness: 0.28584
INFO:root:Generation: 24
INFO:root:pop fitness: 0.12083999999999998
INFO:root:elite fitness: 0.21796
INFO:root:Generation: 29
INFO:root:pop fitness: 0.17243999999999995
INFO:root:elite fitness: 0.2982
INFO:root:Generation: 25
INFO:root:pop fitness: 0.11238000000000001
INFO:root:elite fitness: 0.19968
INFO:root:Generation: 30
INFO:root:pop fitness: 0.16796
INFO:root:elite fitness: 0.29059999999999997
INFO:root:Generation: 31
INFO:root:pop fitness: 0.17512
INFO:root:elite fitness: 0.30316
INFO:root:Generation: 26
INFO:root:pop fitness: 0.12576
INFO:root:elite fitness: 0.22916
INFO:root:Generation: 32
INFO:root:pop fitness: 0.17112000000000002
INFO:root:elite fitness: 0.3332
INFO:root:Generation: 27
INFO:root:pop fitness: 0.11379999999999998
INFO:root:elite fitness: 0.20644
INFO:root:Generation: 33
INFO:root:pop fitness: 0.1704
INFO:root:elite fitness: 0.33344
INFO:root:Generation: 28
INFO:root:pop fitness: 0.12301999999999999
INFO:root:elite fitness: 0.21764000000000003
INFO:root:Generation: 34
INFO:root:pop fitness: 0.16800000000000004
INFO:root:elite fitness: 0.27264000000000005
INFO:root:Generation: 29
INFO:root:pop fitness: 0.1252
INFO:root:elite fitness: 0.28944000000000003
INFO:root:Generation: 35
INFO:root:pop fitness: 0.17156000000000002
INFO:root:elite fitness: 0.28976
INFO:root:Generation: 30
INFO:root:pop fitness: 0.1458
INFO:root:elite fitness: 0.29604
INFO:root:Generation: 36
INFO:root:pop fitness: 0.18080000000000002
INFO:root:elite fitness: 0.3326
INFO:root:Generation: 31
INFO:root:pop fitness: 0.13136
INFO:root:elite fitness: 0.26184
INFO:root:Generation: 37
INFO:root:pop fitness: 0.15344
INFO:root:elite fitness: 0.29224
INFO:root:Generation: 32
INFO:root:pop fitness: 0.1389
INFO:root:elite fitness: 0.25755999999999996
INFO:root:Generation: 38
INFO:root:pop fitness: 0.16884
INFO:root:elite fitness: 0.30932
INFO:root:Generation: 39
INFO:root:pop fitness: 0.16902
INFO:root:elite fitness: 0.28112
INFO:root:Generation: 33
INFO:root:pop fitness: 0.12611999999999998
INFO:root:elite fitness: 0.2116
INFO:root:Generation: 40
INFO:root:pop fitness: 0.15428
INFO:root:elite fitness: 0.28716
INFO:root:Generation: 34
INFO:root:pop fitness: 0.13143999999999997
INFO:root:elite fitness: 0.26624
INFO:root:Generation: 41
INFO:root:pop fitness: 0.15726
INFO:root:elite fitness: 0.30644000000000005
INFO:root:Generation: 35
INFO:root:pop fitness: 0.13496
INFO:root:elite fitness: 0.26564
INFO:root:Generation: 42
INFO:root:pop fitness: 0.16566
INFO:root:elite fitness: 0.29752
INFO:root:Generation: 36
INFO:root:pop fitness: 0.13449999999999998
INFO:root:elite fitness: 0.25792
INFO:root:Generation: 43
INFO:root:pop fitness: 0.17226000000000002
INFO:root:elite fitness: 0.29
INFO:root:Generation: 37
INFO:root:pop fitness: 0.13329999999999997
INFO:root:elite fitness: 0.25796
INFO:root:Generation: 44
INFO:root:pop fitness: 0.14348
INFO:root:elite fitness: 0.27672
INFO:root:Generation: 45
INFO:root:pop fitness: 0.15875999999999998
INFO:root:elite fitness: 0.29216000000000003
INFO:root:Generation: 38
INFO:root:pop fitness: 0.12694
INFO:root:elite fitness: 0.22284000000000004
INFO:root:Generation: 46
INFO:root:pop fitness: 0.15936
INFO:root:elite fitness: 0.29996
INFO:root:Generation: 39
INFO:root:pop fitness: 0.1335
INFO:root:elite fitness: 0.28972
INFO:root:Generation: 47
INFO:root:pop fitness: 0.16215999999999997
INFO:root:elite fitness: 0.32176000000000005
INFO:root:Generation: 40
INFO:root:pop fitness: 0.13158
INFO:root:elite fitness: 0.25908
INFO:root:Generation: 48
INFO:root:pop fitness: 0.15604
INFO:root:elite fitness: 0.298
INFO:root:Generation: 49
INFO:root:pop fitness: 0.16136000000000003
INFO:root:elite fitness: 0.25256
INFO:root:Generation: 41
INFO:root:pop fitness: 0.13836
INFO:root:elite fitness: 0.2526
INFO:root:Generation: 50
INFO:root:pop fitness: 0.16396
INFO:root:elite fitness: 0.33287999999999995
INFO:root:Generation: 42
INFO:root:pop fitness: 0.12696
INFO:root:elite fitness: 0.22116000000000002
INFO:root:Generation: 51
INFO:root:pop fitness: 0.1543
INFO:root:elite fitness: 0.2896
INFO:root:Generation: 43
INFO:root:pop fitness: 0.1275
INFO:root:elite fitness: 0.25923999999999997
INFO:root:Generation: 52
INFO:root:pop fitness: 0.16294
INFO:root:elite fitness: 0.2906
INFO:root:Generation: 44
INFO:root:pop fitness: 0.13524
INFO:root:elite fitness: 0.23116
INFO:root:Generation: 53
INFO:root:pop fitness: 0.16496
INFO:root:elite fitness: 0.33428
INFO:root:Generation: 45
INFO:root:pop fitness: 0.13324
INFO:root:elite fitness: 0.24692
INFO:root:Generation: 54
INFO:root:pop fitness: 0.16427999999999998
INFO:root:elite fitness: 0.29468
INFO:root:Generation: 46
INFO:root:pop fitness: 0.12556
INFO:root:elite fitness: 0.23255999999999996
INFO:root:Generation: 55
INFO:root:pop fitness: 0.1603
INFO:root:elite fitness: 0.31248
INFO:root:Generation: 47
INFO:root:pop fitness: 0.12773999999999996
INFO:root:elite fitness: 0.23691999999999996
INFO:root:Generation: 56
INFO:root:pop fitness: 0.18212
INFO:root:elite fitness: 0.31636000000000003
INFO:root:Generation: 57
INFO:root:pop fitness: 0.15854
INFO:root:elite fitness: 0.29996
INFO:root:Generation: 48
INFO:root:pop fitness: 0.12972
INFO:root:elite fitness: 0.22895999999999997
INFO:root:Generation: 58
INFO:root:pop fitness: 0.15758
INFO:root:elite fitness: 0.26488
INFO:root:Generation: 49
INFO:root:pop fitness: 0.1232
INFO:root:elite fitness: 0.22040000000000004
INFO:root:Generation: 59
INFO:root:pop fitness: 0.15672
INFO:root:elite fitness: 0.28692
INFO:root:Generation: 50
INFO:root:pop fitness: 0.12926
INFO:root:elite fitness: 0.22824000000000003
INFO:root:Generation: 60
INFO:root:pop fitness: 0.13556
INFO:root:elite fitness: 0.24291999999999997
INFO:root:Generation: 51
INFO:root:pop fitness: 0.13518
INFO:root:elite fitness: 0.24824
INFO:root:Generation: 61
INFO:root:pop fitness: 0.15552000000000002
INFO:root:elite fitness: 0.31936
INFO:root:Generation: 52
INFO:root:pop fitness: 0.13241999999999998
INFO:root:elite fitness: 0.25668
INFO:root:Generation: 62
INFO:root:pop fitness: 0.16333999999999999
INFO:root:elite fitness: 0.32516
INFO:root:Generation: 53
INFO:root:pop fitness: 0.1266
INFO:root:elite fitness: 0.25728
INFO:root:Generation: 63
INFO:root:pop fitness: 0.17344000000000004
INFO:root:elite fitness: 0.30484
INFO:root:Generation: 54
INFO:root:pop fitness: 0.12908
INFO:root:elite fitness: 0.257
INFO:root:Generation: 64
INFO:root:pop fitness: 0.14448
INFO:root:elite fitness: 0.27836
INFO:root:run_master: Namespace(arms='10', hidden='8', layers='1', max_gen='200', message='', mutation_mag='0.1', name='smpl_diffEnv_v2', noise=False, pop_size='50', save_result=True, trials='100')
INFO:root:Generation: 55
INFO:root:pop fitness: 0.14148
INFO:root:elite fitness: 0.2534
INFO:root:Generation: 65
INFO:root:pop fitness: 0.17268
INFO:root:elite fitness: 0.29688
INFO:root:run_master: Namespace(arms='10', hidden='8', layers='1', max_gen='200', message='', mutation_mag='0.1', name='smpl_diffEnv_v2', noise=True, pop_size='50', save_result=True, trials='100')
INFO:root:Generation: 0
INFO:root:pop fitness: 0.09996000000000001
INFO:root:elite fitness: 0.11087999999999999
INFO:root:Generation: 0
INFO:root:pop fitness: 0.10112000000000002
INFO:root:elite fitness: 0.11291999999999998
INFO:root:Generation: 56
INFO:root:pop fitness: 0.12824
INFO:root:elite fitness: 0.23592
INFO:root:Generation: 1
INFO:root:pop fitness: 0.0992
INFO:root:elite fitness: 0.11192
INFO:root:Generation: 1
INFO:root:pop fitness: 0.10202
INFO:root:elite fitness: 0.11227999999999999
INFO:root:Generation: 2
INFO:root:pop fitness: 0.10121999999999998
INFO:root:elite fitness: 0.11676
INFO:root:Generation: 66
INFO:root:pop fitness: 0.18228000000000003
INFO:root:elite fitness: 0.33212
INFO:root:Generation: 57
INFO:root:pop fitness: 0.14845999999999998
INFO:root:elite fitness: 0.25483999999999996
INFO:root:Generation: 2
INFO:root:pop fitness: 0.1
INFO:root:elite fitness: 0.11804
INFO:root:Generation: 3
INFO:root:pop fitness: 0.0993
INFO:root:elite fitness: 0.11315999999999998
INFO:root:Generation: 67
INFO:root:pop fitness: 0.17758000000000002
INFO:root:elite fitness: 0.3132
INFO:root:Generation: 3
INFO:root:pop fitness: 0.10116
INFO:root:elite fitness: 0.11752000000000001
INFO:root:Generation: 58
INFO:root:pop fitness: 0.14215999999999998
INFO:root:elite fitness: 0.24968
INFO:root:Generation: 4
INFO:root:pop fitness: 0.10136
INFO:root:elite fitness: 0.12832
INFO:root:Generation: 68
INFO:root:pop fitness: 0.19402
INFO:root:elite fitness: 0.34324
INFO:root:Generation: 4
INFO:root:pop fitness: 0.10136
INFO:root:elite fitness: 0.12132
INFO:root:Generation: 5
INFO:root:pop fitness: 0.10076
INFO:root:elite fitness: 0.13316
INFO:root:Generation: 59
INFO:root:pop fitness: 0.13263999999999998
INFO:root:elite fitness: 0.2432
INFO:root:Generation: 6
INFO:root:pop fitness: 0.09585999999999999
INFO:root:elite fitness: 0.12612
INFO:root:Generation: 69
INFO:root:pop fitness: 0.19438
INFO:root:elite fitness: 0.32876000000000005
INFO:root:Generation: 5
INFO:root:pop fitness: 0.09678
INFO:root:elite fitness: 0.11519999999999998
INFO:root:Generation: 7
INFO:root:pop fitness: 0.10036000000000002
INFO:root:elite fitness: 0.12304
INFO:root:Generation: 60
INFO:root:pop fitness: 0.13212
INFO:root:elite fitness: 0.24363999999999997
INFO:root:Generation: 6
INFO:root:pop fitness: 0.1007
INFO:root:elite fitness: 0.12928
INFO:root:Generation: 70
INFO:root:pop fitness: 0.19918
INFO:root:elite fitness: 0.33604000000000006
INFO:root:Generation: 8
INFO:root:pop fitness: 0.09671999999999999
INFO:root:elite fitness: 0.14568
INFO:root:Generation: 7
INFO:root:pop fitness: 0.10392
INFO:root:elite fitness: 0.16396
INFO:root:Generation: 61
INFO:root:pop fitness: 0.13145999999999997
INFO:root:elite fitness: 0.26467999999999997
INFO:root:Generation: 9
INFO:root:pop fitness: 0.09528
INFO:root:elite fitness: 0.15231999999999998
INFO:root:Generation: 71
INFO:root:pop fitness: 0.17796
INFO:root:elite fitness: 0.28776
INFO:root:Generation: 8
INFO:root:pop fitness: 0.10606
INFO:root:elite fitness: 0.16484000000000001
INFO:root:Generation: 10
INFO:root:pop fitness: 0.10906
INFO:root:elite fitness: 0.16484
INFO:root:Generation: 62
INFO:root:pop fitness: 0.13884
INFO:root:elite fitness: 0.25096
INFO:root:Generation: 9
INFO:root:pop fitness: 0.1085
INFO:root:elite fitness: 0.18411999999999998
INFO:root:Generation: 72
INFO:root:pop fitness: 0.18233999999999997
INFO:root:elite fitness: 0.31876
INFO:root:Generation: 11
INFO:root:pop fitness: 0.10358
INFO:root:elite fitness: 0.16044
INFO:root:Generation: 10
INFO:root:pop fitness: 0.11576
INFO:root:elite fitness: 0.19876000000000002
INFO:root:Generation: 12
INFO:root:pop fitness: 0.11738000000000001
INFO:root:elite fitness: 0.17096000000000003
INFO:root:Generation: 73
INFO:root:pop fitness: 0.20171999999999998
INFO:root:elite fitness: 0.33740000000000003
INFO:root:Generation: 63
INFO:root:pop fitness: 0.12897999999999998
INFO:root:elite fitness: 0.24115999999999999
INFO:root:Generation: 11
INFO:root:pop fitness: 0.11828000000000001
INFO:root:elite fitness: 0.23452
INFO:root:Generation: 13
INFO:root:pop fitness: 0.11384000000000002
INFO:root:elite fitness: 0.17436
INFO:root:Generation: 14
INFO:root:pop fitness: 0.09892000000000001
INFO:root:elite fitness: 0.17380000000000004
INFO:root:Generation: 12
INFO:root:pop fitness: 0.10750000000000001
INFO:root:elite fitness: 0.17088
INFO:root:Generation: 74
INFO:root:pop fitness: 0.18738000000000002
INFO:root:elite fitness: 0.32732
INFO:root:Generation: 64
INFO:root:pop fitness: 0.12766
INFO:root:elite fitness: 0.26008
INFO:root:Generation: 13
INFO:root:pop fitness: 0.12644
INFO:root:elite fitness: 0.22544
INFO:root:Generation: 15
INFO:root:pop fitness: 0.10814
INFO:root:elite fitness: 0.17279999999999998
INFO:root:Generation: 75
INFO:root:pop fitness: 0.19771999999999998
INFO:root:elite fitness: 0.35320000000000007
INFO:root:Generation: 65
INFO:root:pop fitness: 0.13186
INFO:root:elite fitness: 0.23640000000000005
INFO:root:Generation: 16
INFO:root:pop fitness: 0.11519999999999998
INFO:root:elite fitness: 0.17679999999999998
INFO:root:Generation: 14
INFO:root:pop fitness: 0.11306
INFO:root:elite fitness: 0.20468
INFO:root:Generation: 76
INFO:root:pop fitness: 0.17624000000000004
INFO:root:elite fitness: 0.29628
INFO:root:Generation: 17
INFO:root:pop fitness: 0.11888
INFO:root:elite fitness: 0.21776
INFO:root:Generation: 66
INFO:root:pop fitness: 0.13509999999999997
INFO:root:elite fitness: 0.25832
INFO:root:Generation: 15
INFO:root:pop fitness: 0.10876
INFO:root:elite fitness: 0.20948
INFO:root:Generation: 18
INFO:root:pop fitness: 0.11586
INFO:root:elite fitness: 0.18100000000000002
INFO:root:Generation: 77
INFO:root:pop fitness: 0.18474000000000002
INFO:root:elite fitness: 0.29936
INFO:root:Generation: 16
INFO:root:pop fitness: 0.12259999999999999
INFO:root:elite fitness: 0.21148
INFO:root:Generation: 67
INFO:root:pop fitness: 0.13126
INFO:root:elite fitness: 0.24992
INFO:root:Generation: 19
INFO:root:pop fitness: 0.11287999999999998
INFO:root:elite fitness: 0.20444000000000004
INFO:root:Generation: 78
INFO:root:pop fitness: 0.1945
INFO:root:elite fitness: 0.35156000000000004
INFO:root:Generation: 17
INFO:root:pop fitness: 0.12198000000000002
INFO:root:elite fitness: 0.2186
INFO:root:Generation: 20
INFO:root:pop fitness: 0.12359999999999999
INFO:root:elite fitness: 0.22168
INFO:root:Generation: 68
INFO:root:pop fitness: 0.1327
INFO:root:elite fitness: 0.26516
INFO:root:Generation: 79
INFO:root:pop fitness: 0.18144000000000002
INFO:root:elite fitness: 0.3318
INFO:root:Generation: 21
INFO:root:pop fitness: 0.12658000000000003
INFO:root:elite fitness: 0.22392
INFO:root:Generation: 18
INFO:root:pop fitness: 0.11195999999999998
INFO:root:elite fitness: 0.21599999999999997
INFO:root:Generation: 69
INFO:root:pop fitness: 0.13327999999999998
INFO:root:elite fitness: 0.25148
INFO:root:Generation: 80
INFO:root:pop fitness: 0.18855999999999998
INFO:root:elite fitness: 0.33732
INFO:root:Generation: 22
INFO:root:pop fitness: 0.1121
INFO:root:elite fitness: 0.18175999999999998
INFO:root:Generation: 19
INFO:root:pop fitness: 0.12122
INFO:root:elite fitness: 0.20628
INFO:root:Generation: 70
INFO:root:pop fitness: 0.1352
INFO:root:elite fitness: 0.26052
INFO:root:Generation: 81
INFO:root:pop fitness: 0.17770000000000002
INFO:root:elite fitness: 0.29316
INFO:root:Generation: 23
INFO:root:pop fitness: 0.11946
INFO:root:elite fitness: 0.22715999999999997
INFO:root:Generation: 71
INFO:root:pop fitness: 0.1309
INFO:root:elite fitness: 0.30716
INFO:root:Generation: 20
INFO:root:pop fitness: 0.11856
INFO:root:elite fitness: 0.21719999999999998
INFO:root:Generation: 82
INFO:root:pop fitness: 0.19560000000000002
INFO:root:elite fitness: 0.32336
INFO:root:Generation: 72
INFO:root:pop fitness: 0.12957999999999997
INFO:root:elite fitness: 0.24412
INFO:root:Generation: 24
INFO:root:pop fitness: 0.10044
INFO:root:elite fitness: 0.18204
INFO:root:Generation: 21
INFO:root:pop fitness: 0.11653999999999998
INFO:root:elite fitness: 0.24308
INFO:root:Generation: 83
INFO:root:pop fitness: 0.17598
INFO:root:elite fitness: 0.33572
INFO:root:Generation: 73
INFO:root:pop fitness: 0.13218
INFO:root:elite fitness: 0.25916
INFO:root:Generation: 25
INFO:root:pop fitness: 0.1301
INFO:root:elite fitness: 0.22236
INFO:root:Generation: 84
INFO:root:pop fitness: 0.20681999999999998
INFO:root:elite fitness: 0.32128
INFO:root:Generation: 74
INFO:root:pop fitness: 0.14007999999999998
INFO:root:elite fitness: 0.215
INFO:root:Generation: 22
INFO:root:pop fitness: 0.10522000000000001
INFO:root:elite fitness: 0.21516000000000002
INFO:root:Generation: 85
INFO:root:pop fitness: 0.18435999999999997
INFO:root:elite fitness: 0.32936
INFO:root:Generation: 26
INFO:root:pop fitness: 0.09971999999999999
INFO:root:elite fitness: 0.18584000000000003
INFO:root:Generation: 75
INFO:root:pop fitness: 0.14086
INFO:root:elite fitness: 0.23664
INFO:root:Generation: 86
INFO:root:pop fitness: 0.18318
INFO:root:elite fitness: 0.34108
INFO:root:Generation: 23
INFO:root:pop fitness: 0.11066000000000001
INFO:root:elite fitness: 0.23199999999999998
INFO:root:Generation: 76
INFO:root:pop fitness: 0.14558
INFO:root:elite fitness: 0.26884
INFO:root:Generation: 27
INFO:root:pop fitness: 0.12572
INFO:root:elite fitness: 0.2104
INFO:root:Generation: 87
INFO:root:pop fitness: 0.18721999999999997
INFO:root:elite fitness: 0.32788000000000006
INFO:root:Generation: 88
INFO:root:pop fitness: 0.18922
INFO:root:elite fitness: 0.31588
INFO:root:Generation: 24
INFO:root:pop fitness: 0.1146
INFO:root:elite fitness: 0.21532
INFO:root:Generation: 77
INFO:root:pop fitness: 0.15996
INFO:root:elite fitness: 0.31507999999999997
INFO:root:Generation: 28
INFO:root:pop fitness: 0.12208000000000002
INFO:root:elite fitness: 0.20251999999999998
INFO:root:Generation: 89
INFO:root:pop fitness: 0.1852
INFO:root:elite fitness: 0.34348
INFO:root:Generation: 78
INFO:root:pop fitness: 0.1746
INFO:root:elite fitness: 0.30488
INFO:root:Generation: 25
INFO:root:pop fitness: 0.13142
INFO:root:elite fitness: 0.20108
INFO:root:Generation: 29
INFO:root:pop fitness: 0.11974
INFO:root:elite fitness: 0.20112
INFO:root:Generation: 90
INFO:root:pop fitness: 0.18632
INFO:root:elite fitness: 0.3318
INFO:root:Generation: 79
INFO:root:pop fitness: 0.17307999999999996
INFO:root:elite fitness: 0.34392
INFO:root:Generation: 91
INFO:root:pop fitness: 0.19948000000000005
INFO:root:elite fitness: 0.33512000000000003
INFO:root:Generation: 30
INFO:root:pop fitness: 0.12518
INFO:root:elite fitness: 0.22748
INFO:root:Generation: 26
INFO:root:pop fitness: 0.10522000000000001
INFO:root:elite fitness: 0.1962
INFO:root:Generation: 80
INFO:root:pop fitness: 0.16964
INFO:root:elite fitness: 0.29456
INFO:root:Generation: 92
INFO:root:pop fitness: 0.18644
INFO:root:elite fitness: 0.3696400000000001
INFO:root:Generation: 31
INFO:root:pop fitness: 0.14123999999999998
INFO:root:elite fitness: 0.2188
INFO:root:Generation: 81
INFO:root:pop fitness: 0.1777
INFO:root:elite fitness: 0.32868
INFO:root:Generation: 27
INFO:root:pop fitness: 0.114
INFO:root:elite fitness: 0.21204
INFO:root:Generation: 93
INFO:root:pop fitness: 0.18230000000000002
INFO:root:elite fitness: 0.29644
INFO:root:Generation: 82
INFO:root:pop fitness: 0.17714
INFO:root:elite fitness: 0.32116
INFO:root:Generation: 32
INFO:root:pop fitness: 0.11245999999999999
INFO:root:elite fitness: 0.19828000000000004
INFO:root:Generation: 28
INFO:root:pop fitness: 0.11687999999999998
INFO:root:elite fitness: 0.20612000000000003
INFO:root:Generation: 94
INFO:root:pop fitness: 0.17255999999999996
INFO:root:elite fitness: 0.26592000000000005
INFO:root:Generation: 83
INFO:root:pop fitness: 0.18377999999999997
INFO:root:elite fitness: 0.3298
INFO:root:Generation: 33
INFO:root:pop fitness: 0.10779999999999999
INFO:root:elite fitness: 0.18968
INFO:root:Generation: 84
INFO:root:pop fitness: 0.18592000000000003
INFO:root:elite fitness: 0.33555999999999997
INFO:root:Generation: 95
INFO:root:pop fitness: 0.17174000000000003
INFO:root:elite fitness: 0.35631999999999997
INFO:root:Generation: 29
INFO:root:pop fitness: 0.1222
INFO:root:elite fitness: 0.23747999999999997
INFO:root:Generation: 34
INFO:root:pop fitness: 0.13094
INFO:root:elite fitness: 0.22252000000000002
INFO:root:Generation: 85
INFO:root:pop fitness: 0.18796
INFO:root:elite fitness: 0.38431999999999994
INFO:root:Generation: 96
INFO:root:pop fitness: 0.18542000000000003
INFO:root:elite fitness: 0.33756
INFO:root:Generation: 30
INFO:root:pop fitness: 0.12308
INFO:root:elite fitness: 0.21924
INFO:root:Generation: 35
INFO:root:pop fitness: 0.11845999999999998
INFO:root:elite fitness: 0.20492000000000002
INFO:root:Generation: 86
INFO:root:pop fitness: 0.18056
INFO:root:elite fitness: 0.29124
INFO:root:Generation: 97
INFO:root:pop fitness: 0.17946
INFO:root:elite fitness: 0.33168
INFO:root:Generation: 31
INFO:root:pop fitness: 0.13034
INFO:root:elite fitness: 0.24368
INFO:root:Generation: 36
INFO:root:pop fitness: 0.1263
INFO:root:elite fitness: 0.22703999999999996
INFO:root:Generation: 87
INFO:root:pop fitness: 0.17688000000000006
INFO:root:elite fitness: 0.31272
INFO:root:Generation: 98
INFO:root:pop fitness: 0.17751999999999998
INFO:root:elite fitness: 0.30648
INFO:root:Generation: 88
INFO:root:pop fitness: 0.18651999999999996
INFO:root:elite fitness: 0.35216000000000003
INFO:root:Generation: 99
INFO:root:pop fitness: 0.17983999999999997
INFO:root:elite fitness: 0.37020000000000003
INFO:root:Generation: 37
INFO:root:pop fitness: 0.14700000000000002
INFO:root:elite fitness: 0.24508000000000002
INFO:root:Generation: 32
INFO:root:pop fitness: 0.12038
INFO:root:elite fitness: 0.23404000000000003
INFO:root:Generation: 89
INFO:root:pop fitness: 0.18940000000000004
INFO:root:elite fitness: 0.34088000000000007
INFO:root:Generation: 100
INFO:root:pop fitness: 0.18288000000000001
INFO:root:elite fitness: 0.33224000000000004
INFO:root:Generation: 38
INFO:root:pop fitness: 0.13454
INFO:root:elite fitness: 0.22972
INFO:root:Generation: 90
INFO:root:pop fitness: 0.18744
INFO:root:elite fitness: 0.35375999999999996
INFO:root:Generation: 33
INFO:root:pop fitness: 0.11354000000000002
INFO:root:elite fitness: 0.1886
INFO:root:Generation: 101
INFO:root:pop fitness: 0.17507999999999999
INFO:root:elite fitness: 0.32955999999999996
INFO:root:Generation: 91
INFO:root:pop fitness: 0.17858000000000002
INFO:root:elite fitness: 0.35052
INFO:root:Generation: 102
INFO:root:pop fitness: 0.18539999999999998
INFO:root:elite fitness: 0.32336
INFO:root:Generation: 39
INFO:root:pop fitness: 0.13995999999999997
INFO:root:elite fitness: 0.251
INFO:root:Generation: 34
INFO:root:pop fitness: 0.12634
INFO:root:elite fitness: 0.21396
INFO:root:Generation: 92
INFO:root:pop fitness: 0.1769
INFO:root:elite fitness: 0.30608
INFO:root:Generation: 103
INFO:root:pop fitness: 0.17183999999999996
INFO:root:elite fitness: 0.33416
INFO:root:Generation: 40
INFO:root:pop fitness: 0.12792
INFO:root:elite fitness: 0.22099999999999997
INFO:root:Generation: 35
INFO:root:pop fitness: 0.12578
INFO:root:elite fitness: 0.24780000000000002
INFO:root:Generation: 104
INFO:root:pop fitness: 0.19444
INFO:root:elite fitness: 0.3428
INFO:root:Generation: 93
INFO:root:pop fitness: 0.17623999999999998
INFO:root:elite fitness: 0.30123999999999995
INFO:root:Generation: 41
INFO:root:pop fitness: 0.14356
INFO:root:elite fitness: 0.26628
INFO:root:Generation: 105
INFO:root:pop fitness: 0.18966000000000002
INFO:root:elite fitness: 0.32256
INFO:root:Generation: 36
INFO:root:pop fitness: 0.13398
INFO:root:elite fitness: 0.25004000000000004
INFO:root:Generation: 106
INFO:root:pop fitness: 0.19122
INFO:root:elite fitness: 0.32148
INFO:root:Generation: 42
INFO:root:pop fitness: 0.12478
INFO:root:elite fitness: 0.20243999999999995
INFO:root:Generation: 94
INFO:root:pop fitness: 0.17753999999999998
INFO:root:elite fitness: 0.33492000000000005
INFO:root:Generation: 37
INFO:root:pop fitness: 0.1273
INFO:root:elite fitness: 0.23895999999999998
INFO:root:Generation: 107
INFO:root:pop fitness: 0.1925
INFO:root:elite fitness: 0.37420000000000003
INFO:root:Generation: 95
INFO:root:pop fitness: 0.19640000000000002
INFO:root:elite fitness: 0.34056000000000003
INFO:root:Generation: 43
INFO:root:pop fitness: 0.12215999999999998
INFO:root:elite fitness: 0.25256000000000006
INFO:root:Generation: 108
INFO:root:pop fitness: 0.18866000000000002
INFO:root:elite fitness: 0.35432
INFO:root:Generation: 38
INFO:root:pop fitness: 0.12972
INFO:root:elite fitness: 0.22343999999999997
INFO:root:Generation: 96
INFO:root:pop fitness: 0.18228000000000003
INFO:root:elite fitness: 0.33899999999999997
INFO:root:Generation: 109
INFO:root:pop fitness: 0.19084000000000004
INFO:root:elite fitness: 0.34540000000000004
INFO:root:Generation: 44
INFO:root:pop fitness: 0.13562
INFO:root:elite fitness: 0.25476
INFO:root:Generation: 97
INFO:root:pop fitness: 0.17009999999999997
INFO:root:elite fitness: 0.36755999999999994
INFO:root:Generation: 39
INFO:root:pop fitness: 0.11126000000000001
INFO:root:elite fitness: 0.2236
INFO:root:Generation: 45
INFO:root:pop fitness: 0.14992
INFO:root:elite fitness: 0.26519999999999994
INFO:root:Generation: 110
INFO:root:pop fitness: 0.20992
INFO:root:elite fitness: 0.40428
INFO:root:Generation: 98
INFO:root:pop fitness: 0.16355999999999998
INFO:root:elite fitness: 0.27852
INFO:root:Generation: 40
INFO:root:pop fitness: 0.12804000000000001
INFO:root:elite fitness: 0.23548000000000002
INFO:root:Generation: 99
INFO:root:pop fitness: 0.17248000000000002
INFO:root:elite fitness: 0.32644
INFO:root:Generation: 46
INFO:root:pop fitness: 0.15518
INFO:root:elite fitness: 0.28904
INFO:root:Generation: 111
INFO:root:pop fitness: 0.21095999999999995
INFO:root:elite fitness: 0.36776000000000003
INFO:root:Generation: 41
INFO:root:pop fitness: 0.11963999999999998
INFO:root:elite fitness: 0.26792
INFO:root:Generation: 100
INFO:root:pop fitness: 0.17532
INFO:root:elite fitness: 0.32452
INFO:root:Generation: 47
INFO:root:pop fitness: 0.14504
INFO:root:elite fitness: 0.2382
INFO:root:Generation: 112
INFO:root:pop fitness: 0.19794
INFO:root:elite fitness: 0.32348
INFO:root:Generation: 101
INFO:root:pop fitness: 0.17694
INFO:root:elite fitness: 0.3779599999999999
INFO:root:Generation: 48
INFO:root:pop fitness: 0.14271999999999999
INFO:root:elite fitness: 0.235
INFO:root:Generation: 42
INFO:root:pop fitness: 0.13392
INFO:root:elite fitness: 0.24368
INFO:root:Generation: 113
INFO:root:pop fitness: 0.17028000000000001
INFO:root:elite fitness: 0.31636
INFO:root:Generation: 49
INFO:root:pop fitness: 0.13543999999999998
INFO:root:elite fitness: 0.24176000000000003
INFO:root:Generation: 102
INFO:root:pop fitness: 0.17918
INFO:root:elite fitness: 0.33211999999999997
INFO:root:Generation: 43
INFO:root:pop fitness: 0.13132000000000002
INFO:root:elite fitness: 0.25356
INFO:root:Generation: 114
INFO:root:pop fitness: 0.2083
INFO:root:elite fitness: 0.38844
INFO:root:Generation: 50
INFO:root:pop fitness: 0.1288
INFO:root:elite fitness: 0.21227999999999997
INFO:root:Generation: 103
INFO:root:pop fitness: 0.18381999999999998
INFO:root:elite fitness: 0.37064
INFO:root:Generation: 115
INFO:root:pop fitness: 0.17442
INFO:root:elite fitness: 0.33516000000000007
INFO:root:Generation: 44
INFO:root:pop fitness: 0.12312
INFO:root:elite fitness: 0.22327999999999995
INFO:root:Generation: 51
INFO:root:pop fitness: 0.15418
INFO:root:elite fitness: 0.25456
INFO:root:Generation: 116
INFO:root:pop fitness: 0.19246000000000002
INFO:root:elite fitness: 0.38808
INFO:root:Generation: 104
INFO:root:pop fitness: 0.17797999999999997
INFO:root:elite fitness: 0.34020000000000006
INFO:root:Generation: 45
INFO:root:pop fitness: 0.12692
INFO:root:elite fitness: 0.23316000000000003
INFO:root:Generation: 52
INFO:root:pop fitness: 0.15264
INFO:root:elite fitness: 0.26036000000000004
INFO:root:Generation: 117
INFO:root:pop fitness: 0.20398
INFO:root:elite fitness: 0.35444000000000003
INFO:root:Generation: 118
INFO:root:pop fitness: 0.19744000000000003
INFO:root:elite fitness: 0.34212000000000004
INFO:root:Generation: 105
INFO:root:pop fitness: 0.18053999999999998
INFO:root:elite fitness: 0.31564
INFO:root:Generation: 53
INFO:root:pop fitness: 0.14392000000000002
INFO:root:elite fitness: 0.2336
INFO:root:Generation: 46
INFO:root:pop fitness: 0.12908
INFO:root:elite fitness: 0.23259999999999997
INFO:root:Generation: 119
INFO:root:pop fitness: 0.18158000000000002
INFO:root:elite fitness: 0.3292
INFO:root:Generation: 106
INFO:root:pop fitness: 0.1746
INFO:root:elite fitness: 0.33256
INFO:root:Generation: 54
INFO:root:pop fitness: 0.14054
INFO:root:elite fitness: 0.2484
INFO:root:Generation: 120
INFO:root:pop fitness: 0.19436
INFO:root:elite fitness: 0.3328
INFO:root:Generation: 47
INFO:root:pop fitness: 0.13336
INFO:root:elite fitness: 0.24971999999999997
INFO:root:Generation: 107
INFO:root:pop fitness: 0.17300000000000001
INFO:root:elite fitness: 0.30816
INFO:root:Generation: 121
INFO:root:pop fitness: 0.2005
INFO:root:elite fitness: 0.35924
INFO:root:Generation: 55
INFO:root:pop fitness: 0.15518
INFO:root:elite fitness: 0.23116
INFO:root:Generation: 48
INFO:root:pop fitness: 0.12533999999999998
INFO:root:elite fitness: 0.21056000000000005
INFO:root:Generation: 108
INFO:root:pop fitness: 0.18606000000000006
INFO:root:elite fitness: 0.3236
INFO:root:Generation: 122
INFO:root:pop fitness: 0.21936
INFO:root:elite fitness: 0.34804
INFO:root:Generation: 109
INFO:root:pop fitness: 0.17784
INFO:root:elite fitness: 0.30304000000000003
INFO:root:Generation: 56
INFO:root:pop fitness: 0.14428
INFO:root:elite fitness: 0.24651999999999996
INFO:root:Generation: 49
INFO:root:pop fitness: 0.1175
INFO:root:elite fitness: 0.19492
INFO:root:Generation: 110
INFO:root:pop fitness: 0.18600000000000003
INFO:root:elite fitness: 0.36599999999999994
INFO:root:Generation: 123
INFO:root:pop fitness: 0.22594
INFO:root:elite fitness: 0.36080000000000007
INFO:root:Generation: 57
INFO:root:pop fitness: 0.15676
INFO:root:elite fitness: 0.25176
INFO:root:Generation: 124
INFO:root:pop fitness: 0.2054
INFO:root:elite fitness: 0.3575600000000001
INFO:root:Generation: 111
INFO:root:pop fitness: 0.16826
INFO:root:elite fitness: 0.32655999999999996
INFO:root:Generation: 50
INFO:root:pop fitness: 0.12511999999999998
INFO:root:elite fitness: 0.25428
INFO:root:Generation: 125
INFO:root:pop fitness: 0.21516
INFO:root:elite fitness: 0.39432
INFO:root:Generation: 112
INFO:root:pop fitness: 0.16711999999999996
INFO:root:elite fitness: 0.32636000000000004
INFO:root:Generation: 58
INFO:root:pop fitness: 0.1451
INFO:root:elite fitness: 0.23372000000000004
INFO:root:Generation: 126
INFO:root:pop fitness: 0.21047999999999997
INFO:root:elite fitness: 0.3905199999999999
INFO:root:Generation: 51
INFO:root:pop fitness: 0.12786
INFO:root:elite fitness: 0.23995999999999998
INFO:root:Generation: 113
INFO:root:pop fitness: 0.18102000000000001
INFO:root:elite fitness: 0.31392000000000003
INFO:root:Generation: 59
INFO:root:pop fitness: 0.14932
INFO:root:elite fitness: 0.26067999999999997
INFO:root:Generation: 127
INFO:root:pop fitness: 0.19548
INFO:root:elite fitness: 0.35172
INFO:root:Generation: 114
INFO:root:pop fitness: 0.18318
INFO:root:elite fitness: 0.33488
INFO:root:Generation: 52
INFO:root:pop fitness: 0.1305
INFO:root:elite fitness: 0.23867999999999998
INFO:root:Generation: 128
INFO:root:pop fitness: 0.21818
INFO:root:elite fitness: 0.3672800000000001
INFO:root:Generation: 60
INFO:root:pop fitness: 0.14646
INFO:root:elite fitness: 0.2334
INFO:root:Generation: 115
INFO:root:pop fitness: 0.18384
INFO:root:elite fitness: 0.3571599999999999
INFO:root:Generation: 53
INFO:root:pop fitness: 0.15624000000000002
INFO:root:elite fitness: 0.26099999999999995
INFO:root:Generation: 129
INFO:root:pop fitness: 0.22347999999999998
INFO:root:elite fitness: 0.36684
INFO:root:Generation: 61
INFO:root:pop fitness: 0.14996
INFO:root:elite fitness: 0.24736
INFO:root:Generation: 116
INFO:root:pop fitness: 0.17586
INFO:root:elite fitness: 0.3122
INFO:root:Generation: 54
INFO:root:pop fitness: 0.14568
INFO:root:elite fitness: 0.27044
INFO:root:Generation: 130
INFO:root:pop fitness: 0.22018000000000001
INFO:root:elite fitness: 0.38944
INFO:root:Generation: 62
INFO:root:pop fitness: 0.1605
INFO:root:elite fitness: 0.26352
INFO:root:Generation: 117
INFO:root:pop fitness: 0.17826
INFO:root:elite fitness: 0.31939999999999996
INFO:root:Generation: 55
INFO:root:pop fitness: 0.13658
INFO:root:elite fitness: 0.25764
INFO:root:Generation: 63
INFO:root:pop fitness: 0.14284
INFO:root:elite fitness: 0.27836
INFO:root:Generation: 118
INFO:root:pop fitness: 0.17618000000000003
INFO:root:elite fitness: 0.32931999999999995
INFO:root:Generation: 131
INFO:root:pop fitness: 0.22612000000000004
INFO:root:elite fitness: 0.3564
INFO:root:Generation: 56
INFO:root:pop fitness: 0.1381
INFO:root:elite fitness: 0.26096
INFO:root:Generation: 64
INFO:root:pop fitness: 0.13987999999999998
INFO:root:elite fitness: 0.231
INFO:root:Generation: 119
INFO:root:pop fitness: 0.17120000000000002
INFO:root:elite fitness: 0.30932
INFO:root:Generation: 132
INFO:root:pop fitness: 0.20551999999999995
INFO:root:elite fitness: 0.30347999999999997
INFO:root:Generation: 65
INFO:root:pop fitness: 0.13956000000000002
INFO:root:elite fitness: 0.28431999999999996
INFO:root:Generation: 57
INFO:root:pop fitness: 0.14074
INFO:root:elite fitness: 0.23571999999999999
INFO:root:Generation: 120
INFO:root:pop fitness: 0.17226
INFO:root:elite fitness: 0.35084
INFO:root:Generation: 133
INFO:root:pop fitness: 0.19286
INFO:root:elite fitness: 0.30251999999999996
INFO:root:Generation: 66
INFO:root:pop fitness: 0.14876
INFO:root:elite fitness: 0.26696000000000003
INFO:root:Generation: 58
INFO:root:pop fitness: 0.15267999999999998
INFO:root:elite fitness: 0.26064
INFO:root:Generation: 121
INFO:root:pop fitness: 0.17314000000000004
INFO:root:elite fitness: 0.28628
INFO:root:Generation: 134
INFO:root:pop fitness: 0.2211
INFO:root:elite fitness: 0.36996
INFO:root:Generation: 67
INFO:root:pop fitness: 0.16218
INFO:root:elite fitness: 0.26311999999999997
INFO:root:Generation: 122
INFO:root:pop fitness: 0.17054
INFO:root:elite fitness: 0.33708
INFO:root:Generation: 59
INFO:root:pop fitness: 0.14116
INFO:root:elite fitness: 0.2892
INFO:root:Generation: 135
INFO:root:pop fitness: 0.19776000000000005
INFO:root:elite fitness: 0.30619999999999997
INFO:root:Generation: 68
INFO:root:pop fitness: 0.14007999999999998
INFO:root:elite fitness: 0.21788
INFO:root:Generation: 60
INFO:root:pop fitness: 0.14154
INFO:root:elite fitness: 0.2562
INFO:root:Generation: 123
INFO:root:pop fitness: 0.17404000000000003
INFO:root:elite fitness: 0.33299999999999996
INFO:root:Generation: 69
INFO:root:pop fitness: 0.1585
INFO:root:elite fitness: 0.29368
INFO:root:Generation: 136
INFO:root:pop fitness: 0.17333999999999997
INFO:root:elite fitness: 0.31688
INFO:root:Generation: 61
INFO:root:pop fitness: 0.12914
INFO:root:elite fitness: 0.25192
INFO:root:Generation: 70
INFO:root:pop fitness: 0.15108
INFO:root:elite fitness: 0.23552
INFO:root:Generation: 137
INFO:root:pop fitness: 0.19426
INFO:root:elite fitness: 0.35
INFO:root:Generation: 124
INFO:root:pop fitness: 0.17582
INFO:root:elite fitness: 0.30516000000000004
INFO:root:Generation: 62
INFO:root:pop fitness: 0.13293999999999997
INFO:root:elite fitness: 0.25903999999999994
INFO:root:Generation: 71
INFO:root:pop fitness: 0.16602
INFO:root:elite fitness: 0.30404
INFO:root:Generation: 138
INFO:root:pop fitness: 0.19114
INFO:root:elite fitness: 0.3386
INFO:root:Generation: 72
INFO:root:pop fitness: 0.16463999999999998
INFO:root:elite fitness: 0.2688
INFO:root:Generation: 125
INFO:root:pop fitness: 0.16852
INFO:root:elite fitness: 0.29928
INFO:root:Generation: 63
INFO:root:pop fitness: 0.14007999999999998
INFO:root:elite fitness: 0.2612
INFO:root:Generation: 139
INFO:root:pop fitness: 0.20124000000000006
INFO:root:elite fitness: 0.3466
INFO:root:Generation: 73
INFO:root:pop fitness: 0.16427999999999998
INFO:root:elite fitness: 0.25528
INFO:root:Generation: 64
INFO:root:pop fitness: 0.13026
INFO:root:elite fitness: 0.21431999999999998
INFO:root:Generation: 126
INFO:root:pop fitness: 0.18628000000000003
INFO:root:elite fitness: 0.38568
INFO:root:Generation: 140
INFO:root:pop fitness: 0.20068000000000003
INFO:root:elite fitness: 0.35216000000000003
INFO:root:Generation: 74
INFO:root:pop fitness: 0.15188
INFO:root:elite fitness: 0.25956
INFO:root:Generation: 65
INFO:root:pop fitness: 0.14100000000000001
INFO:root:elite fitness: 0.26488
INFO:root:Generation: 127
INFO:root:pop fitness: 0.17242000000000002
INFO:root:elite fitness: 0.28732
INFO:root:Generation: 141
INFO:root:pop fitness: 0.19094
INFO:root:elite fitness: 0.33504
INFO:root:Generation: 75
INFO:root:pop fitness: 0.14428
INFO:root:elite fitness: 0.2742
INFO:root:Generation: 66
INFO:root:pop fitness: 0.13399999999999998
INFO:root:elite fitness: 0.27127999999999997
INFO:root:Generation: 128
INFO:root:pop fitness: 0.17397999999999997
INFO:root:elite fitness: 0.3472
INFO:root:Generation: 142
INFO:root:pop fitness: 0.18431999999999998
INFO:root:elite fitness: 0.33488
INFO:root:Generation: 76
INFO:root:pop fitness: 0.16234
INFO:root:elite fitness: 0.30112
INFO:root:Generation: 67
INFO:root:pop fitness: 0.13778
INFO:root:elite fitness: 0.25780000000000003
INFO:root:Generation: 143
INFO:root:pop fitness: 0.20696
INFO:root:elite fitness: 0.35988
INFO:root:Generation: 129
INFO:root:pop fitness: 0.17337999999999998
INFO:root:elite fitness: 0.25896
INFO:root:Generation: 77
INFO:root:pop fitness: 0.17708
INFO:root:elite fitness: 0.31904
INFO:root:Generation: 68
INFO:root:pop fitness: 0.13738
INFO:root:elite fitness: 0.24996
INFO:root:Generation: 144
INFO:root:pop fitness: 0.20164
INFO:root:elite fitness: 0.39796
INFO:root:Generation: 78
INFO:root:pop fitness: 0.1564
INFO:root:elite fitness: 0.26676
INFO:root:Generation: 130
INFO:root:pop fitness: 0.16136
INFO:root:elite fitness: 0.30844
INFO:root:Generation: 69
INFO:root:pop fitness: 0.1245
INFO:root:elite fitness: 0.25772
INFO:root:Generation: 79
INFO:root:pop fitness: 0.16658
INFO:root:elite fitness: 0.29632000000000003
INFO:root:Generation: 145
INFO:root:pop fitness: 0.21516000000000002
INFO:root:elite fitness: 0.37572000000000005
INFO:root:Generation: 131
INFO:root:pop fitness: 0.17529999999999998
INFO:root:elite fitness: 0.2972
INFO:root:Generation: 70
INFO:root:pop fitness: 0.13526
INFO:root:elite fitness: 0.28056000000000003
INFO:root:Generation: 80
INFO:root:pop fitness: 0.16228
INFO:root:elite fitness: 0.30483999999999994
INFO:root:Generation: 146
INFO:root:pop fitness: 0.19414
INFO:root:elite fitness: 0.33147999999999994
INFO:root:Generation: 71
INFO:root:pop fitness: 0.15612
INFO:root:elite fitness: 0.31876000000000004
INFO:root:Generation: 132
INFO:root:pop fitness: 0.14964
INFO:root:elite fitness: 0.31255999999999995
INFO:root:Generation: 147
INFO:root:pop fitness: 0.19364
INFO:root:elite fitness: 0.33504
INFO:root:Generation: 81
INFO:root:pop fitness: 0.15992
INFO:root:elite fitness: 0.28764
INFO:root:Generation: 72
INFO:root:pop fitness: 0.13994
INFO:root:elite fitness: 0.22492
INFO:root:Generation: 133
INFO:root:pop fitness: 0.163
INFO:root:elite fitness: 0.28152
INFO:root:Generation: 148
INFO:root:pop fitness: 0.20118000000000003
INFO:root:elite fitness: 0.41100000000000003
INFO:root:Generation: 82
INFO:root:pop fitness: 0.17834
INFO:root:elite fitness: 0.31524
INFO:root:Generation: 73
INFO:root:pop fitness: 0.14534
INFO:root:elite fitness: 0.25367999999999996
INFO:root:Generation: 149
INFO:root:pop fitness: 0.19696000000000002
INFO:root:elite fitness: 0.30588
INFO:root:Generation: 83
INFO:root:pop fitness: 0.15512000000000004
INFO:root:elite fitness: 0.2856
INFO:root:Generation: 134
INFO:root:pop fitness: 0.16646
INFO:root:elite fitness: 0.27188
INFO:root:Generation: 74
INFO:root:pop fitness: 0.14184000000000002
INFO:root:elite fitness: 0.25452
INFO:root:Generation: 150
INFO:root:pop fitness: 0.19432
INFO:root:elite fitness: 0.35208000000000006
INFO:root:Generation: 84
INFO:root:pop fitness: 0.14982
INFO:root:elite fitness: 0.29291999999999996
INFO:root:Generation: 135
INFO:root:pop fitness: 0.17218
INFO:root:elite fitness: 0.31308
INFO:root:Generation: 75
INFO:root:pop fitness: 0.14968
INFO:root:elite fitness: 0.32444
INFO:root:Generation: 151
INFO:root:pop fitness: 0.19992
INFO:root:elite fitness: 0.33135999999999993
INFO:root:Generation: 85
INFO:root:pop fitness: 0.13982
INFO:root:elite fitness: 0.24111999999999997
INFO:root:Generation: 136
INFO:root:pop fitness: 0.17074
INFO:root:elite fitness: 0.30872
INFO:root:Generation: 76
INFO:root:pop fitness: 0.15460000000000002
INFO:root:elite fitness: 0.29524
INFO:root:Generation: 86
INFO:root:pop fitness: 0.16322
INFO:root:elite fitness: 0.2766
INFO:root:Generation: 152
INFO:root:pop fitness: 0.18782
INFO:root:elite fitness: 0.33852000000000004
INFO:root:Generation: 137
INFO:root:pop fitness: 0.17090000000000002
INFO:root:elite fitness: 0.30588
INFO:root:Generation: 77
INFO:root:pop fitness: 0.15410000000000001
INFO:root:elite fitness: 0.32532000000000005
INFO:root:Generation: 87
INFO:root:pop fitness: 0.13477999999999998
INFO:root:elite fitness: 0.25156
INFO:root:Generation: 153
INFO:root:pop fitness: 0.16494000000000003
INFO:root:elite fitness: 0.28328000000000003
INFO:root:Generation: 138
INFO:root:pop fitness: 0.16558
INFO:root:elite fitness: 0.34464
INFO:root:Generation: 88
INFO:root:pop fitness: 0.15811999999999998
INFO:root:elite fitness: 0.30084
INFO:root:Generation: 78
INFO:root:pop fitness: 0.16104
INFO:root:elite fitness: 0.2752
INFO:root:Generation: 154
INFO:root:pop fitness: 0.18063999999999997
INFO:root:elite fitness: 0.28972000000000003
INFO:root:Generation: 89
INFO:root:pop fitness: 0.15758
INFO:root:elite fitness: 0.25516
INFO:root:Generation: 79
INFO:root:pop fitness: 0.15203999999999998
INFO:root:elite fitness: 0.3148
INFO:root:Generation: 139
INFO:root:pop fitness: 0.17906
INFO:root:elite fitness: 0.31459999999999994
INFO:root:Generation: 90
INFO:root:pop fitness: 0.1593
INFO:root:elite fitness: 0.24975999999999998
INFO:root:Generation: 155
INFO:root:pop fitness: 0.21144000000000002
INFO:root:elite fitness: 0.36156
INFO:root:Generation: 80
INFO:root:pop fitness: 0.14718
INFO:root:elite fitness: 0.29852
INFO:root:Generation: 156
INFO:root:pop fitness: 0.21526
INFO:root:elite fitness: 0.36504000000000003
INFO:root:Generation: 140
INFO:root:pop fitness: 0.16607999999999998
INFO:root:elite fitness: 0.31567999999999996
INFO:root:Generation: 91
INFO:root:pop fitness: 0.15122
INFO:root:elite fitness: 0.25956
INFO:root:Generation: 81
INFO:root:pop fitness: 0.15504
INFO:root:elite fitness: 0.29472000000000004
INFO:root:Generation: 157
INFO:root:pop fitness: 0.22889999999999996
INFO:root:elite fitness: 0.42624
INFO:root:Generation: 92
INFO:root:pop fitness: 0.16509999999999997
INFO:root:elite fitness: 0.27956
INFO:root:Generation: 141
INFO:root:pop fitness: 0.17618000000000003
INFO:root:elite fitness: 0.316
INFO:root:Generation: 82
INFO:root:pop fitness: 0.13298
INFO:root:elite fitness: 0.26376
INFO:root:Generation: 158
INFO:root:pop fitness: 0.22554000000000002
INFO:root:elite fitness: 0.39519999999999994
INFO:root:Generation: 93
INFO:root:pop fitness: 0.16869999999999996
INFO:root:elite fitness: 0.28919999999999996
INFO:root:Generation: 142
INFO:root:pop fitness: 0.18055999999999997
INFO:root:elite fitness: 0.335
INFO:root:Generation: 159
INFO:root:pop fitness: 0.20854
INFO:root:elite fitness: 0.35812
INFO:root:Generation: 83
INFO:root:pop fitness: 0.14431999999999998
INFO:root:elite fitness: 0.2698
INFO:root:Generation: 94
INFO:root:pop fitness: 0.14652
INFO:root:elite fitness: 0.24816
INFO:root:Generation: 143
INFO:root:pop fitness: 0.17445999999999998
INFO:root:elite fitness: 0.33716
INFO:root:Generation: 160
INFO:root:pop fitness: 0.20990000000000006
INFO:root:elite fitness: 0.35404
INFO:root:Generation: 95
INFO:root:pop fitness: 0.15750000000000003
INFO:root:elite fitness: 0.2894
INFO:root:Generation: 84
INFO:root:pop fitness: 0.13248
INFO:root:elite fitness: 0.2898
INFO:root:Generation: 161
INFO:root:pop fitness: 0.20654000000000003
INFO:root:elite fitness: 0.36219999999999997
INFO:root:Generation: 144
INFO:root:pop fitness: 0.16957999999999998
INFO:root:elite fitness: 0.2568
INFO:root:Generation: 96
INFO:root:pop fitness: 0.15557999999999997
INFO:root:elite fitness: 0.29548
INFO:root:Generation: 85
INFO:root:pop fitness: 0.1519
INFO:root:elite fitness: 0.30340000000000006
INFO:root:Generation: 145
INFO:root:pop fitness: 0.17718000000000003
INFO:root:elite fitness: 0.3387199999999999
INFO:root:Generation: 97
INFO:root:pop fitness: 0.15108
INFO:root:elite fitness: 0.25584
INFO:root:Generation: 162
INFO:root:pop fitness: 0.20822000000000002
INFO:root:elite fitness: 0.37140000000000006
INFO:root:Generation: 86
INFO:root:pop fitness: 0.1372
INFO:root:elite fitness: 0.255
INFO:root:Generation: 98
INFO:root:pop fitness: 0.15928
INFO:root:elite fitness: 0.24044000000000001
INFO:root:Generation: 146
INFO:root:pop fitness: 0.16714
INFO:root:elite fitness: 0.29875999999999997
INFO:root:Generation: 87
INFO:root:pop fitness: 0.15624
INFO:root:elite fitness: 0.32852
INFO:root:Generation: 99
INFO:root:pop fitness: 0.16372
INFO:root:elite fitness: 0.28887999999999997
INFO:root:Generation: 163
INFO:root:pop fitness: 0.19588000000000005
INFO:root:elite fitness: 0.35912
INFO:root:Generation: 147
INFO:root:pop fitness: 0.16445999999999997
INFO:root:elite fitness: 0.31372
INFO:root:Generation: 88
INFO:root:pop fitness: 0.16816000000000003
INFO:root:elite fitness: 0.31612
INFO:root:Generation: 100
INFO:root:pop fitness: 0.16651999999999997
INFO:root:elite fitness: 0.30072
INFO:root:Generation: 164
INFO:root:pop fitness: 0.21404000000000004
INFO:root:elite fitness: 0.38176000000000004
INFO:root:Generation: 89
INFO:root:pop fitness: 0.14528
INFO:root:elite fitness: 0.27652
INFO:root:Generation: 148
INFO:root:pop fitness: 0.15214
INFO:root:elite fitness: 0.29648
INFO:root:Generation: 101
INFO:root:pop fitness: 0.16916
INFO:root:elite fitness: 0.30212
INFO:root:Generation: 165
INFO:root:pop fitness: 0.21963999999999995
INFO:root:elite fitness: 0.38980000000000004
INFO:root:Generation: 90
INFO:root:pop fitness: 0.16573999999999997
INFO:root:elite fitness: 0.3533199999999999
INFO:root:Generation: 149
INFO:root:pop fitness: 0.15575999999999998
INFO:root:elite fitness: 0.28300000000000003
INFO:root:Generation: 102
INFO:root:pop fitness: 0.18208
INFO:root:elite fitness: 0.31184
INFO:root:Generation: 166
INFO:root:pop fitness: 0.19813999999999996
INFO:root:elite fitness: 0.31983999999999996
INFO:root:Generation: 91
INFO:root:pop fitness: 0.14364
INFO:root:elite fitness: 0.29516
INFO:root:Generation: 103
INFO:root:pop fitness: 0.16862
INFO:root:elite fitness: 0.31
INFO:root:Generation: 150
INFO:root:pop fitness: 0.16085999999999998
INFO:root:elite fitness: 0.29192
INFO:root:Generation: 167
INFO:root:pop fitness: 0.22196
INFO:root:elite fitness: 0.364
INFO:root:Generation: 104
INFO:root:pop fitness: 0.15896
INFO:root:elite fitness: 0.28631999999999996
INFO:root:Generation: 92
INFO:root:pop fitness: 0.13682
INFO:root:elite fitness: 0.26843999999999996
INFO:root:Generation: 151
INFO:root:pop fitness: 0.155
INFO:root:elite fitness: 0.32543999999999995
INFO:root:Generation: 168
INFO:root:pop fitness: 0.21494
INFO:root:elite fitness: 0.373
INFO:root:Generation: 105
INFO:root:pop fitness: 0.17809999999999998
INFO:root:elite fitness: 0.30524
INFO:root:Generation: 93
INFO:root:pop fitness: 0.13916
INFO:root:elite fitness: 0.26144
INFO:root:Generation: 152
INFO:root:pop fitness: 0.17183999999999996
INFO:root:elite fitness: 0.32176000000000005
INFO:root:Generation: 106
INFO:root:pop fitness: 0.16384
INFO:root:elite fitness: 0.27132
INFO:root:Generation: 169
INFO:root:pop fitness: 0.21953999999999996
INFO:root:elite fitness: 0.3482
INFO:root:Generation: 94
INFO:root:pop fitness: 0.1472
INFO:root:elite fitness: 0.29944
INFO:root:Generation: 153
INFO:root:pop fitness: 0.17424
INFO:root:elite fitness: 0.31379999999999997
INFO:root:Generation: 107
INFO:root:pop fitness: 0.17332
INFO:root:elite fitness: 0.29092
INFO:root:Generation: 170
INFO:root:pop fitness: 0.21096
INFO:root:elite fitness: 0.39155999999999996
INFO:root:Generation: 95
INFO:root:pop fitness: 0.15194000000000002
INFO:root:elite fitness: 0.31872
INFO:root:Generation: 154
INFO:root:pop fitness: 0.17146
INFO:root:elite fitness: 0.30012
INFO:root:Generation: 108
INFO:root:pop fitness: 0.157
INFO:root:elite fitness: 0.32708
INFO:root:Generation: 171
INFO:root:pop fitness: 0.20146
INFO:root:elite fitness: 0.35184
INFO:root:Generation: 96
INFO:root:pop fitness: 0.14966000000000002
INFO:root:elite fitness: 0.27384000000000003
INFO:root:Generation: 155
INFO:root:pop fitness: 0.17026000000000002
INFO:root:elite fitness: 0.29772
INFO:root:Generation: 109
INFO:root:pop fitness: 0.15392
INFO:root:elite fitness: 0.2748
INFO:root:Generation: 172
INFO:root:pop fitness: 0.19333999999999998
INFO:root:elite fitness: 0.29832000000000003
INFO:root:Generation: 97
INFO:root:pop fitness: 0.14693999999999996
INFO:root:elite fitness: 0.31044
INFO:root:Generation: 156
INFO:root:pop fitness: 0.162
INFO:root:elite fitness: 0.33416
INFO:root:Generation: 110
INFO:root:pop fitness: 0.15339999999999998
INFO:root:elite fitness: 0.30216
INFO:root:Generation: 173
INFO:root:pop fitness: 0.20952
INFO:root:elite fitness: 0.34528
INFO:root:Generation: 98
INFO:root:pop fitness: 0.1381
INFO:root:elite fitness: 0.26548
INFO:root:Generation: 111
INFO:root:pop fitness: 0.16748000000000002
INFO:root:elite fitness: 0.32584
INFO:root:Generation: 157
INFO:root:pop fitness: 0.16957999999999998
INFO:root:elite fitness: 0.30816
INFO:root:Generation: 174
INFO:root:pop fitness: 0.2027
INFO:root:elite fitness: 0.34312000000000004
INFO:root:Generation: 99
INFO:root:pop fitness: 0.1574
INFO:root:elite fitness: 0.27352
INFO:root:Generation: 112
INFO:root:pop fitness: 0.16454000000000002
INFO:root:elite fitness: 0.27415999999999996
INFO:root:Generation: 158
INFO:root:pop fitness: 0.17442
INFO:root:elite fitness: 0.3464
INFO:root:Generation: 175
INFO:root:pop fitness: 0.2088
INFO:root:elite fitness: 0.34032
INFO:root:Generation: 100
INFO:root:pop fitness: 0.1575
INFO:root:elite fitness: 0.29884
INFO:root:Generation: 113
INFO:root:pop fitness: 0.1545
INFO:root:elite fitness: 0.24532
INFO:root:Generation: 159
INFO:root:pop fitness: 0.166
INFO:root:elite fitness: 0.27924
INFO:root:Generation: 176
INFO:root:pop fitness: 0.20058
INFO:root:elite fitness: 0.37816000000000005
INFO:root:Generation: 101
INFO:root:pop fitness: 0.13824000000000003
INFO:root:elite fitness: 0.29136
INFO:root:Generation: 114
INFO:root:pop fitness: 0.15109999999999998
INFO:root:elite fitness: 0.25592
INFO:root:Generation: 160
INFO:root:pop fitness: 0.17714
INFO:root:elite fitness: 0.31728
INFO:root:Generation: 177
INFO:root:pop fitness: 0.1883
INFO:root:elite fitness: 0.32924
INFO:root:Generation: 102
INFO:root:pop fitness: 0.15486
INFO:root:elite fitness: 0.29783999999999994
INFO:root:Generation: 178
INFO:root:pop fitness: 0.1909
INFO:root:elite fitness: 0.38372
INFO:root:Generation: 115
INFO:root:pop fitness: 0.14394
INFO:root:elite fitness: 0.24731999999999998
INFO:root:Generation: 161
INFO:root:pop fitness: 0.18244
INFO:root:elite fitness: 0.30128
INFO:root:Generation: 103
INFO:root:pop fitness: 0.14656
INFO:root:elite fitness: 0.27980000000000005
INFO:root:Generation: 179
INFO:root:pop fitness: 0.20716000000000004
INFO:root:elite fitness: 0.35596000000000005
INFO:root:Generation: 116
INFO:root:pop fitness: 0.16412000000000002
INFO:root:elite fitness: 0.27676
INFO:root:Generation: 162
INFO:root:pop fitness: 0.17604
INFO:root:elite fitness: 0.3312
INFO:root:Generation: 180
INFO:root:pop fitness: 0.20131999999999997
INFO:root:elite fitness: 0.39203999999999994
INFO:root:Generation: 104
INFO:root:pop fitness: 0.14791999999999997
INFO:root:elite fitness: 0.3082
INFO:root:Generation: 163
INFO:root:pop fitness: 0.19078
INFO:root:elite fitness: 0.30992000000000003
INFO:root:Generation: 117
INFO:root:pop fitness: 0.14407999999999999
INFO:root:elite fitness: 0.25767999999999996
INFO:root:Generation: 181
INFO:root:pop fitness: 0.21486
INFO:root:elite fitness: 0.37992000000000004
INFO:root:Generation: 105
INFO:root:pop fitness: 0.16062
INFO:root:elite fitness: 0.30452
INFO:root:Generation: 182
INFO:root:pop fitness: 0.2043
INFO:root:elite fitness: 0.31276
INFO:root:Generation: 164
INFO:root:pop fitness: 0.18657999999999997
INFO:root:elite fitness: 0.31204
INFO:root:Generation: 118
INFO:root:pop fitness: 0.15486
INFO:root:elite fitness: 0.2618400000000001
INFO:root:Generation: 183
INFO:root:pop fitness: 0.19602
INFO:root:elite fitness: 0.32531999999999994
INFO:root:Generation: 165
INFO:root:pop fitness: 0.18694000000000002
INFO:root:elite fitness: 0.31915999999999994
INFO:root:Generation: 106
INFO:root:pop fitness: 0.15073999999999999
INFO:root:elite fitness: 0.28572000000000003
INFO:root:Generation: 119
INFO:root:pop fitness: 0.16695999999999997
INFO:root:elite fitness: 0.29908
INFO:root:Generation: 184
INFO:root:pop fitness: 0.17595999999999998
INFO:root:elite fitness: 0.27252
INFO:root:Generation: 166
INFO:root:pop fitness: 0.18960000000000002
INFO:root:elite fitness: 0.31744
INFO:root:Generation: 107
INFO:root:pop fitness: 0.15544000000000002
INFO:root:elite fitness: 0.29748
INFO:root:Generation: 120
INFO:root:pop fitness: 0.17803999999999998
INFO:root:elite fitness: 0.32512
INFO:root:Generation: 185
INFO:root:pop fitness: 0.20965999999999999
INFO:root:elite fitness: 0.3488
INFO:root:Generation: 167
INFO:root:pop fitness: 0.17946
INFO:root:elite fitness: 0.32908000000000004
INFO:root:Generation: 108
INFO:root:pop fitness: 0.17689999999999997
INFO:root:elite fitness: 0.33076
INFO:root:Generation: 121
INFO:root:pop fitness: 0.17262
INFO:root:elite fitness: 0.30528
INFO:root:Generation: 186
INFO:root:pop fitness: 0.2266
INFO:root:elite fitness: 0.38251999999999997
INFO:root:Generation: 168
INFO:root:pop fitness: 0.1779
INFO:root:elite fitness: 0.33852000000000004
INFO:root:Generation: 187
INFO:root:pop fitness: 0.20430000000000004
INFO:root:elite fitness: 0.34936
INFO:root:Generation: 122
INFO:root:pop fitness: 0.15298
INFO:root:elite fitness: 0.25564
INFO:root:Generation: 109
INFO:root:pop fitness: 0.16442000000000004
INFO:root:elite fitness: 0.32580000000000003
INFO:root:Generation: 169
INFO:root:pop fitness: 0.19269999999999998
INFO:root:elite fitness: 0.38552
INFO:root:Generation: 188
INFO:root:pop fitness: 0.2225
INFO:root:elite fitness: 0.36664
INFO:root:Generation: 123
INFO:root:pop fitness: 0.16130000000000003
INFO:root:elite fitness: 0.29100000000000004
INFO:root:Generation: 110
INFO:root:pop fitness: 0.17042000000000002
INFO:root:elite fitness: 0.31964000000000004
INFO:root:Generation: 170
INFO:root:pop fitness: 0.1824
INFO:root:elite fitness: 0.29972
INFO:root:Generation: 124
INFO:root:pop fitness: 0.18481999999999996
INFO:root:elite fitness: 0.32508
INFO:root:Generation: 189
INFO:root:pop fitness: 0.20457999999999998
INFO:root:elite fitness: 0.32480000000000003
INFO:root:Generation: 111
INFO:root:pop fitness: 0.16988
INFO:root:elite fitness: 0.31135999999999997
INFO:root:Generation: 171
INFO:root:pop fitness: 0.19066
INFO:root:elite fitness: 0.3324
INFO:root:Generation: 125
INFO:root:pop fitness: 0.17754
INFO:root:elite fitness: 0.30996
INFO:root:Generation: 190
INFO:root:pop fitness: 0.19556
INFO:root:elite fitness: 0.32276000000000005
INFO:root:Generation: 112
INFO:root:pop fitness: 0.18502
INFO:root:elite fitness: 0.33592
INFO:root:Generation: 126
INFO:root:pop fitness: 0.15706
INFO:root:elite fitness: 0.28723999999999994
INFO:root:Generation: 172
INFO:root:pop fitness: 0.19519999999999998
INFO:root:elite fitness: 0.33932
INFO:root:Generation: 191
INFO:root:pop fitness: 0.21652000000000002
INFO:root:elite fitness: 0.36175999999999997
INFO:root:Generation: 113
INFO:root:pop fitness: 0.16438
INFO:root:elite fitness: 0.31932
INFO:root:Generation: 127
INFO:root:pop fitness: 0.15284
INFO:root:elite fitness: 0.27672
INFO:root:Generation: 192
INFO:root:pop fitness: 0.21289999999999998
INFO:root:elite fitness: 0.37904000000000004
INFO:root:Generation: 173
INFO:root:pop fitness: 0.18175999999999998
INFO:root:elite fitness: 0.31288
INFO:root:Generation: 128
INFO:root:pop fitness: 0.1685
INFO:root:elite fitness: 0.32004000000000005
INFO:root:Generation: 114
INFO:root:pop fitness: 0.16584
INFO:root:elite fitness: 0.3232
INFO:root:Generation: 129
INFO:root:pop fitness: 0.17298000000000002
INFO:root:elite fitness: 0.2704
INFO:root:Generation: 115
INFO:root:pop fitness: 0.17498000000000002
INFO:root:elite fitness: 0.32780000000000004
INFO:root:Generation: 174
INFO:root:pop fitness: 0.1784
INFO:root:elite fitness: 0.30852
INFO:root:Generation: 193
INFO:root:pop fitness: 0.19902
INFO:root:elite fitness: 0.36295999999999995
INFO:root:Generation: 130
INFO:root:pop fitness: 0.17827999999999997
INFO:root:elite fitness: 0.29591999999999996
INFO:root:Generation: 116
INFO:root:pop fitness: 0.16494
INFO:root:elite fitness: 0.33444
INFO:root:Generation: 175
INFO:root:pop fitness: 0.1932
INFO:root:elite fitness: 0.38624
INFO:root:Generation: 131
INFO:root:pop fitness: 0.15721999999999997
INFO:root:elite fitness: 0.31044
INFO:root:Generation: 194
INFO:root:pop fitness: 0.18077999999999997
INFO:root:elite fitness: 0.32632
INFO:root:Generation: 117
INFO:root:pop fitness: 0.15744000000000002
INFO:root:elite fitness: 0.31579999999999997
INFO:root:Generation: 176
INFO:root:pop fitness: 0.18631999999999999
INFO:root:elite fitness: 0.30436
INFO:root:Generation: 132
INFO:root:pop fitness: 0.16534
INFO:root:elite fitness: 0.30528
INFO:root:Generation: 195
INFO:root:pop fitness: 0.19290000000000002
INFO:root:elite fitness: 0.36292
INFO:root:Generation: 118
INFO:root:pop fitness: 0.15786
INFO:root:elite fitness: 0.289
INFO:root:Generation: 177
INFO:root:pop fitness: 0.18605999999999998
INFO:root:elite fitness: 0.33212
INFO:root:Generation: 133
INFO:root:pop fitness: 0.16668
INFO:root:elite fitness: 0.28296
INFO:root:Generation: 196
INFO:root:pop fitness: 0.2193
INFO:root:elite fitness: 0.35803999999999997
INFO:root:Generation: 119
INFO:root:pop fitness: 0.16866
INFO:root:elite fitness: 0.31124
INFO:root:Generation: 134
INFO:root:pop fitness: 0.16726
INFO:root:elite fitness: 0.28712
INFO:root:Generation: 178
INFO:root:pop fitness: 0.18184
INFO:root:elite fitness: 0.29224000000000006
INFO:root:Generation: 197
INFO:root:pop fitness: 0.19672
INFO:root:elite fitness: 0.38380000000000003
INFO:root:Generation: 135
INFO:root:pop fitness: 0.16868
INFO:root:elite fitness: 0.31392
INFO:root:Generation: 120
INFO:root:pop fitness: 0.15762
INFO:root:elite fitness: 0.32736000000000004
INFO:root:Generation: 198
INFO:root:pop fitness: 0.19174
INFO:root:elite fitness: 0.31623999999999997
INFO:root:Generation: 179
INFO:root:pop fitness: 0.17824
INFO:root:elite fitness: 0.35191999999999996
INFO:root:Generation: 136
INFO:root:pop fitness: 0.16147999999999998
INFO:root:elite fitness: 0.2992
INFO:root:Generation: 121
INFO:root:pop fitness: 0.14526
INFO:root:elite fitness: 0.30491999999999997
INFO:root:Generation: 199
INFO:root:pop fitness: 0.20698
INFO:root:elite fitness: 0.40704
INFO:root:Generation: 137
INFO:root:pop fitness: 0.17178000000000002
INFO:root:elite fitness: 0.29544
INFO:root:Generation: 122
INFO:root:pop fitness: 0.15696
INFO:root:elite fitness: 0.26508
INFO:root:Generation: 180
INFO:root:pop fitness: 0.17983999999999997
INFO:root:elite fitness: 0.34708
INFO:root:Generation: 138
INFO:root:pop fitness: 0.17703999999999998
INFO:root:elite fitness: 0.30988
INFO:root:Generation: 123
INFO:root:pop fitness: 0.15594
INFO:root:elite fitness: 0.3293600000000001
INFO:root:Generation: 139
INFO:root:pop fitness: 0.17248000000000002
INFO:root:elite fitness: 0.30692
INFO:root:Generation: 124
INFO:root:pop fitness: 0.14672000000000002
INFO:root:elite fitness: 0.29268
INFO:root:Generation: 181
INFO:root:pop fitness: 0.19357999999999997
INFO:root:elite fitness: 0.3124
INFO:root:Generation: 140
INFO:root:pop fitness: 0.16519999999999999
INFO:root:elite fitness: 0.29572000000000004
INFO:root:Generation: 125
INFO:root:pop fitness: 0.15818
INFO:root:elite fitness: 0.30692
INFO:root:Generation: 182
INFO:root:pop fitness: 0.18821999999999994
INFO:root:elite fitness: 0.35092
INFO:root:Generation: 141
INFO:root:pop fitness: 0.17368000000000003
INFO:root:elite fitness: 0.29431999999999997
INFO:root:Generation: 126
INFO:root:pop fitness: 0.17066000000000003
INFO:root:elite fitness: 0.31676
INFO:root:Generation: 142
INFO:root:pop fitness: 0.17826
INFO:root:elite fitness: 0.31516
INFO:root:Generation: 183
INFO:root:pop fitness: 0.18127999999999997
INFO:root:elite fitness: 0.32092000000000004
INFO:root:Generation: 143
INFO:root:pop fitness: 0.16724
INFO:root:elite fitness: 0.33640000000000003
INFO:root:Generation: 127
INFO:root:pop fitness: 0.15608
INFO:root:elite fitness: 0.31316000000000005
INFO:root:Generation: 184
INFO:root:pop fitness: 0.19282
INFO:root:elite fitness: 0.37827999999999995
INFO:root:Generation: 144
INFO:root:pop fitness: 0.16655999999999999
INFO:root:elite fitness: 0.28632
INFO:root:Generation: 128
INFO:root:pop fitness: 0.14246
INFO:root:elite fitness: 0.3064
INFO:root:Generation: 145
INFO:root:pop fitness: 0.17378
INFO:root:elite fitness: 0.33152000000000004
INFO:root:Generation: 185
INFO:root:pop fitness: 0.18983999999999998
INFO:root:elite fitness: 0.32896000000000003
INFO:root:Generation: 129
INFO:root:pop fitness: 0.15536
INFO:root:elite fitness: 0.29352
INFO:root:Generation: 146
INFO:root:pop fitness: 0.17099999999999999
INFO:root:elite fitness: 0.30324
INFO:root:Generation: 186
INFO:root:pop fitness: 0.17582
INFO:root:elite fitness: 0.31984
INFO:root:Generation: 130
INFO:root:pop fitness: 0.17102
INFO:root:elite fitness: 0.32464
INFO:root:Generation: 147
INFO:root:pop fitness: 0.17673999999999995
INFO:root:elite fitness: 0.27716
INFO:root:Generation: 187
INFO:root:pop fitness: 0.18561999999999998
INFO:root:elite fitness: 0.36684000000000005
INFO:root:Generation: 131
INFO:root:pop fitness: 0.16519999999999999
INFO:root:elite fitness: 0.3274
INFO:root:Generation: 148
INFO:root:pop fitness: 0.16852
INFO:root:elite fitness: 0.26712
INFO:root:Generation: 188
INFO:root:pop fitness: 0.18532000000000004
INFO:root:elite fitness: 0.29672
INFO:root:Generation: 132
INFO:root:pop fitness: 0.16765999999999998
INFO:root:elite fitness: 0.37884
INFO:root:Generation: 149
INFO:root:pop fitness: 0.18284
INFO:root:elite fitness: 0.32323999999999997
INFO:root:Generation: 189
INFO:root:pop fitness: 0.19186
INFO:root:elite fitness: 0.3492
INFO:root:Generation: 133
INFO:root:pop fitness: 0.15726
INFO:root:elite fitness: 0.30116
INFO:root:Generation: 150
INFO:root:pop fitness: 0.17353999999999994
INFO:root:elite fitness: 0.30576000000000003
INFO:root:Generation: 190
INFO:root:pop fitness: 0.1861
INFO:root:elite fitness: 0.34260000000000007
INFO:root:Generation: 134
INFO:root:pop fitness: 0.15236000000000002
INFO:root:elite fitness: 0.29008
INFO:root:Generation: 151
INFO:root:pop fitness: 0.18123999999999998
INFO:root:elite fitness: 0.33671999999999996
INFO:root:Generation: 191
INFO:root:pop fitness: 0.1814
INFO:root:elite fitness: 0.35244
INFO:root:Generation: 135
INFO:root:pop fitness: 0.14495999999999998
INFO:root:elite fitness: 0.289
INFO:root:Generation: 152
INFO:root:pop fitness: 0.18471999999999997
INFO:root:elite fitness: 0.29392
INFO:root:Generation: 192
INFO:root:pop fitness: 0.1974
INFO:root:elite fitness: 0.33088
INFO:root:Generation: 153
INFO:root:pop fitness: 0.18358
INFO:root:elite fitness: 0.31060000000000004
INFO:root:Generation: 136
INFO:root:pop fitness: 0.16308
INFO:root:elite fitness: 0.36368
INFO:root:Generation: 193
INFO:root:pop fitness: 0.19274000000000002
INFO:root:elite fitness: 0.30035999999999996
INFO:root:Generation: 154
INFO:root:pop fitness: 0.18184
INFO:root:elite fitness: 0.33952
INFO:root:Generation: 137
INFO:root:pop fitness: 0.15348
INFO:root:elite fitness: 0.29932
INFO:root:Generation: 155
INFO:root:pop fitness: 0.17546
INFO:root:elite fitness: 0.34419999999999995
INFO:root:Generation: 194
INFO:root:pop fitness: 0.19126
INFO:root:elite fitness: 0.33355999999999997
INFO:root:Generation: 138
INFO:root:pop fitness: 0.16033999999999998
INFO:root:elite fitness: 0.2742
INFO:root:Generation: 156
INFO:root:pop fitness: 0.17798000000000003
INFO:root:elite fitness: 0.32704
INFO:root:Generation: 195
INFO:root:pop fitness: 0.17355999999999994
INFO:root:elite fitness: 0.30963999999999997
INFO:root:Generation: 139
INFO:root:pop fitness: 0.16048
INFO:root:elite fitness: 0.33016
INFO:root:Generation: 157
INFO:root:pop fitness: 0.17453999999999997
INFO:root:elite fitness: 0.35468000000000005
INFO:root:Generation: 140
INFO:root:pop fitness: 0.15096
INFO:root:elite fitness: 0.26012
INFO:root:Generation: 196
INFO:root:pop fitness: 0.17724
INFO:root:elite fitness: 0.31123999999999996
INFO:root:Generation: 158
INFO:root:pop fitness: 0.17462
INFO:root:elite fitness: 0.27776
INFO:root:Generation: 159
INFO:root:pop fitness: 0.17104000000000003
INFO:root:elite fitness: 0.32248
INFO:root:Generation: 197
INFO:root:pop fitness: 0.16864
INFO:root:elite fitness: 0.32688
INFO:root:Generation: 141
INFO:root:pop fitness: 0.14984
INFO:root:elite fitness: 0.30824
INFO:root:Generation: 160
INFO:root:pop fitness: 0.16874
INFO:root:elite fitness: 0.3156
INFO:root:Generation: 198
INFO:root:pop fitness: 0.1732
INFO:root:elite fitness: 0.32176000000000005
INFO:root:Generation: 142
INFO:root:pop fitness: 0.15638
INFO:root:elite fitness: 0.28404
INFO:root:Generation: 161
INFO:root:pop fitness: 0.1725
INFO:root:elite fitness: 0.28723999999999994
INFO:root:Generation: 199
INFO:root:pop fitness: 0.17608000000000001
INFO:root:elite fitness: 0.3456
INFO:root:Generation: 143
INFO:root:pop fitness: 0.16872
INFO:root:elite fitness: 0.30676000000000003
INFO:root:Generation: 162
INFO:root:pop fitness: 0.1659
INFO:root:elite fitness: 0.30924
INFO:root:Generation: 144
INFO:root:pop fitness: 0.15256
INFO:root:elite fitness: 0.33020000000000005
INFO:root:Generation: 163
INFO:root:pop fitness: 0.16833999999999996
INFO:root:elite fitness: 0.2754
INFO:root:Generation: 164
INFO:root:pop fitness: 0.17388
INFO:root:elite fitness: 0.32504000000000005
INFO:root:Generation: 145
INFO:root:pop fitness: 0.17013999999999999
INFO:root:elite fitness: 0.3768
INFO:root:Generation: 165
INFO:root:pop fitness: 0.19114000000000003
INFO:root:elite fitness: 0.3642
INFO:root:Generation: 166
INFO:root:pop fitness: 0.18611999999999998
INFO:root:elite fitness: 0.32136000000000003
INFO:root:Generation: 146
INFO:root:pop fitness: 0.16192
INFO:root:elite fitness: 0.33792
INFO:root:Generation: 167
INFO:root:pop fitness: 0.18431999999999998
INFO:root:elite fitness: 0.31804000000000004
INFO:root:Generation: 147
INFO:root:pop fitness: 0.14574
INFO:root:elite fitness: 0.29628
INFO:root:Generation: 168
INFO:root:pop fitness: 0.18338000000000002
INFO:root:elite fitness: 0.3171999999999999
INFO:root:Generation: 148
INFO:root:pop fitness: 0.16593999999999998
INFO:root:elite fitness: 0.30752
INFO:root:Generation: 169
INFO:root:pop fitness: 0.16965999999999998
INFO:root:elite fitness: 0.26616
INFO:root:Generation: 149
INFO:root:pop fitness: 0.16436
INFO:root:elite fitness: 0.37348
INFO:root:Generation: 170
INFO:root:pop fitness: 0.17299999999999996
INFO:root:elite fitness: 0.29388
INFO:root:Generation: 150
INFO:root:pop fitness: 0.16349999999999998
INFO:root:elite fitness: 0.33628
INFO:root:Generation: 171
INFO:root:pop fitness: 0.17164
INFO:root:elite fitness: 0.3108
INFO:root:Generation: 172
INFO:root:pop fitness: 0.18114
INFO:root:elite fitness: 0.30312
INFO:root:Generation: 151
INFO:root:pop fitness: 0.17620000000000002
INFO:root:elite fitness: 0.37123999999999996
INFO:root:Generation: 173
INFO:root:pop fitness: 0.18452000000000002
INFO:root:elite fitness: 0.32295999999999997
INFO:root:Generation: 152
INFO:root:pop fitness: 0.18012
INFO:root:elite fitness: 0.36024
INFO:root:Generation: 174
INFO:root:pop fitness: 0.19132
INFO:root:elite fitness: 0.34604000000000007
INFO:root:Generation: 153
INFO:root:pop fitness: 0.17142
INFO:root:elite fitness: 0.31628000000000006
INFO:root:Generation: 175
INFO:root:pop fitness: 0.19104
INFO:root:elite fitness: 0.3909600000000001
INFO:root:Generation: 154
INFO:root:pop fitness: 0.16400000000000003
INFO:root:elite fitness: 0.31956
INFO:root:Generation: 176
INFO:root:pop fitness: 0.17958
INFO:root:elite fitness: 0.26724
INFO:root:Generation: 155
INFO:root:pop fitness: 0.17744
INFO:root:elite fitness: 0.3352399999999999
INFO:root:Generation: 177
INFO:root:pop fitness: 0.19094
INFO:root:elite fitness: 0.3124
INFO:root:Generation: 156
INFO:root:pop fitness: 0.15824000000000002
INFO:root:elite fitness: 0.31636
INFO:root:Generation: 178
INFO:root:pop fitness: 0.18164000000000002
INFO:root:elite fitness: 0.31012
INFO:root:Generation: 157
INFO:root:pop fitness: 0.1856
INFO:root:elite fitness: 0.37836
INFO:root:Generation: 179
INFO:root:pop fitness: 0.17796
INFO:root:elite fitness: 0.33812000000000003
INFO:root:Generation: 158
INFO:root:pop fitness: 0.16124000000000002
INFO:root:elite fitness: 0.32132
INFO:root:Generation: 180
INFO:root:pop fitness: 0.17552
INFO:root:elite fitness: 0.3104
INFO:root:Generation: 181
INFO:root:pop fitness: 0.1868
INFO:root:elite fitness: 0.33224
INFO:root:Generation: 159
INFO:root:pop fitness: 0.15586
INFO:root:elite fitness: 0.3284
INFO:root:Generation: 182
INFO:root:pop fitness: 0.18989999999999999
INFO:root:elite fitness: 0.29152
INFO:root:Generation: 160
INFO:root:pop fitness: 0.18834000000000004
INFO:root:elite fitness: 0.39192
INFO:root:Generation: 183
INFO:root:pop fitness: 0.18774000000000002
INFO:root:elite fitness: 0.30288000000000004
INFO:root:Generation: 161
INFO:root:pop fitness: 0.16892
INFO:root:elite fitness: 0.32408000000000003
INFO:root:Generation: 184
INFO:root:pop fitness: 0.19072
INFO:root:elite fitness: 0.34156
INFO:root:Generation: 185
INFO:root:pop fitness: 0.17689999999999997
INFO:root:elite fitness: 0.29388
INFO:root:Generation: 162
INFO:root:pop fitness: 0.18404
INFO:root:elite fitness: 0.3267999999999999
INFO:root:Generation: 186
INFO:root:pop fitness: 0.19151999999999997
INFO:root:elite fitness: 0.30307999999999996
INFO:root:Generation: 163
INFO:root:pop fitness: 0.16076000000000001
INFO:root:elite fitness: 0.31016
INFO:root:Generation: 187
INFO:root:pop fitness: 0.16924
INFO:root:elite fitness: 0.30184000000000005
INFO:root:Generation: 164
INFO:root:pop fitness: 0.16136000000000003
INFO:root:elite fitness: 0.35456000000000004
INFO:root:Generation: 188
INFO:root:pop fitness: 0.18303999999999995
INFO:root:elite fitness: 0.30616
INFO:root:Generation: 165
INFO:root:pop fitness: 0.16846
INFO:root:elite fitness: 0.3262799999999999
INFO:root:Generation: 189
INFO:root:pop fitness: 0.16576000000000002
INFO:root:elite fitness: 0.298
INFO:root:Generation: 166
INFO:root:pop fitness: 0.17629999999999998
INFO:root:elite fitness: 0.33536
INFO:root:Generation: 190
INFO:root:pop fitness: 0.18491999999999997
INFO:root:elite fitness: 0.32628
INFO:root:Generation: 167
INFO:root:pop fitness: 0.17136000000000004
INFO:root:elite fitness: 0.34548
INFO:root:Generation: 191
INFO:root:pop fitness: 0.18866
INFO:root:elite fitness: 0.32044000000000006
INFO:root:Generation: 168
INFO:root:pop fitness: 0.18539999999999998
INFO:root:elite fitness: 0.31424
INFO:root:Generation: 192
INFO:root:pop fitness: 0.179
INFO:root:elite fitness: 0.29252
INFO:root:Generation: 169
INFO:root:pop fitness: 0.16304
INFO:root:elite fitness: 0.28528
INFO:root:Generation: 193
INFO:root:pop fitness: 0.18357999999999997
INFO:root:elite fitness: 0.30860000000000004
INFO:root:Generation: 170
INFO:root:pop fitness: 0.18542000000000003
INFO:root:elite fitness: 0.34336
INFO:root:Generation: 194
INFO:root:pop fitness: 0.17587999999999998
INFO:root:elite fitness: 0.30820000000000003
INFO:root:Generation: 171
INFO:root:pop fitness: 0.17148
INFO:root:elite fitness: 0.36184000000000005
INFO:root:Generation: 195
INFO:root:pop fitness: 0.18236
INFO:root:elite fitness: 0.29556
INFO:root:Generation: 172
INFO:root:pop fitness: 0.17458
INFO:root:elite fitness: 0.34412
INFO:root:Generation: 196
INFO:root:pop fitness: 0.18552
INFO:root:elite fitness: 0.33304
INFO:root:Generation: 173
INFO:root:pop fitness: 0.17647999999999997
INFO:root:elite fitness: 0.36524
INFO:root:Generation: 197
INFO:root:pop fitness: 0.17978000000000002
INFO:root:elite fitness: 0.29908
INFO:root:Generation: 198
INFO:root:pop fitness: 0.15984
INFO:root:elite fitness: 0.28216
INFO:root:Generation: 174
INFO:root:pop fitness: 0.1716
INFO:root:elite fitness: 0.34292
INFO:root:Generation: 199
INFO:root:pop fitness: 0.18203999999999992
INFO:root:elite fitness: 0.28872
INFO:root:Generation: 175
INFO:root:pop fitness: 0.17506000000000005
INFO:root:elite fitness: 0.32012
INFO:root:Generation: 176
INFO:root:pop fitness: 0.17644
INFO:root:elite fitness: 0.33640000000000003
INFO:root:Generation: 177
INFO:root:pop fitness: 0.16122
INFO:root:elite fitness: 0.35456
INFO:root:Generation: 178
INFO:root:pop fitness: 0.16513999999999998
INFO:root:elite fitness: 0.29588000000000003
INFO:root:Generation: 179
INFO:root:pop fitness: 0.15790000000000004
INFO:root:elite fitness: 0.33832
INFO:root:Generation: 180
INFO:root:pop fitness: 0.17765999999999998
INFO:root:elite fitness: 0.30907999999999997
INFO:root:Generation: 181
INFO:root:pop fitness: 0.15496
INFO:root:elite fitness: 0.32336
INFO:root:Generation: 182
INFO:root:pop fitness: 0.1611
INFO:root:elite fitness: 0.29892
INFO:root:Generation: 183
INFO:root:pop fitness: 0.1793
INFO:root:elite fitness: 0.30612
INFO:root:Generation: 184
INFO:root:pop fitness: 0.16709999999999997
INFO:root:elite fitness: 0.32956
INFO:root:Generation: 185
INFO:root:pop fitness: 0.18073999999999998
INFO:root:elite fitness: 0.37052
INFO:root:Generation: 186
INFO:root:pop fitness: 0.17880000000000001
INFO:root:elite fitness: 0.30784
INFO:root:Generation: 187
INFO:root:pop fitness: 0.16713999999999996
INFO:root:elite fitness: 0.30664
INFO:root:Generation: 188
INFO:root:pop fitness: 0.16542
INFO:root:elite fitness: 0.31576
INFO:root:Generation: 189
INFO:root:pop fitness: 0.17762
INFO:root:elite fitness: 0.3734
INFO:root:Generation: 190
INFO:root:pop fitness: 0.17026000000000002
INFO:root:elite fitness: 0.3072
INFO:root:Generation: 191
INFO:root:pop fitness: 0.18009999999999998
INFO:root:elite fitness: 0.3238399999999999
INFO:root:Generation: 192
INFO:root:pop fitness: 0.17745999999999998
INFO:root:elite fitness: 0.33564000000000005
INFO:root:Generation: 193
INFO:root:pop fitness: 0.17782
INFO:root:elite fitness: 0.34304
INFO:root:Generation: 194
INFO:root:pop fitness: 0.20106000000000004
INFO:root:elite fitness: 0.38831999999999994
INFO:root:Generation: 195
INFO:root:pop fitness: 0.18234000000000003
INFO:root:elite fitness: 0.36548
INFO:root:Generation: 196
INFO:root:pop fitness: 0.1773
INFO:root:elite fitness: 0.34296000000000004
INFO:root:Generation: 197
INFO:root:pop fitness: 0.16868
INFO:root:elite fitness: 0.34752000000000005
INFO:root:Generation: 198
INFO:root:pop fitness: 0.16318000000000002
INFO:root:elite fitness: 0.35316
INFO:root:Generation: 199
INFO:root:pop fitness: 0.17797999999999997
INFO:root:elite fitness: 0.35496
