INFO:root:run_master: Namespace(arms='10', hidden='128', layers='3', max_gen='200', message='', mutation_mag='0.01', name='resetEnv50_v2', noise=True, pop_size='50', save_result=True, trials='100')
INFO:root:run_master: Namespace(arms='10', hidden='128', layers='3', max_gen='200', message='', mutation_mag='0.01', name='resetEnv50_v2', noise=False, pop_size='50', save_result=True, trials='100')
INFO:root:Generation: 0
INFO:root:pop fitness: 0.10108
INFO:root:elite fitness: 0.11460000000000001
INFO:root:Generation: 0
INFO:root:pop fitness: 0.09918
INFO:root:elite fitness: 0.11108000000000001
INFO:root:Generation: 1
INFO:root:pop fitness: 0.09667999999999999
INFO:root:elite fitness: 0.13668
INFO:root:Generation: 1
INFO:root:pop fitness: 0.10122
INFO:root:elite fitness: 0.13828
INFO:root:Generation: 2
INFO:root:pop fitness: 0.11254
INFO:root:elite fitness: 0.19692
INFO:root:Generation: 2
INFO:root:pop fitness: 0.11012000000000001
INFO:root:elite fitness: 0.2202
INFO:root:Generation: 3
INFO:root:pop fitness: 0.09301999999999999
INFO:root:elite fitness: 0.17492000000000002
INFO:root:Generation: 3
INFO:root:pop fitness: 0.11148000000000001
INFO:root:elite fitness: 0.22632000000000002
INFO:root:Generation: 4
INFO:root:pop fitness: 0.12073999999999999
INFO:root:elite fitness: 0.21084000000000003
INFO:root:Generation: 4
INFO:root:pop fitness: 0.12312
INFO:root:elite fitness: 0.2266
INFO:root:Generation: 5
INFO:root:pop fitness: 0.10686
INFO:root:elite fitness: 0.18436
INFO:root:Generation: 5
INFO:root:pop fitness: 0.1069
INFO:root:elite fitness: 0.21712
INFO:root:Generation: 6
INFO:root:pop fitness: 0.09787999999999998
INFO:root:elite fitness: 0.19791999999999998
INFO:root:Generation: 6
INFO:root:pop fitness: 0.1133
INFO:root:elite fitness: 0.22760000000000005
INFO:root:Generation: 7
INFO:root:pop fitness: 0.08907999999999999
INFO:root:elite fitness: 0.20364000000000002
INFO:root:Generation: 7
INFO:root:pop fitness: 0.08564
INFO:root:elite fitness: 0.16584
INFO:root:Generation: 8
INFO:root:pop fitness: 0.09664
INFO:root:elite fitness: 0.196
INFO:root:Generation: 8
INFO:root:pop fitness: 0.12158
INFO:root:elite fitness: 0.24896000000000001
INFO:root:Generation: 9
INFO:root:pop fitness: 0.1002
INFO:root:elite fitness: 0.20476000000000003
INFO:root:Generation: 9
INFO:root:pop fitness: 0.09734
INFO:root:elite fitness: 0.25832
INFO:root:Generation: 10
INFO:root:pop fitness: 0.1182
INFO:root:elite fitness: 0.21240000000000003
INFO:root:Generation: 10
INFO:root:pop fitness: 0.12459999999999999
INFO:root:elite fitness: 0.20236
INFO:root:Generation: 11
INFO:root:pop fitness: 0.09664
INFO:root:elite fitness: 0.21308
INFO:root:Generation: 11
INFO:root:pop fitness: 0.12384
INFO:root:elite fitness: 0.23163999999999998
INFO:root:Generation: 12
INFO:root:pop fitness: 0.098
INFO:root:elite fitness: 0.23252000000000003
INFO:root:Generation: 12
INFO:root:pop fitness: 0.10525999999999999
INFO:root:elite fitness: 0.2378
INFO:root:Generation: 13
INFO:root:pop fitness: 0.08600000000000002
INFO:root:elite fitness: 0.21724
INFO:root:Generation: 13
INFO:root:pop fitness: 0.1017
INFO:root:elite fitness: 0.24280000000000002
INFO:root:Generation: 14
INFO:root:pop fitness: 0.09994000000000001
INFO:root:elite fitness: 0.21108000000000002
INFO:root:Generation: 14
INFO:root:pop fitness: 0.08656000000000001
INFO:root:elite fitness: 0.1698
INFO:root:Generation: 15
INFO:root:pop fitness: 0.09854000000000003
INFO:root:elite fitness: 0.17548000000000002
INFO:root:Generation: 15
INFO:root:pop fitness: 0.09286
INFO:root:elite fitness: 0.19628
INFO:root:Generation: 16
INFO:root:pop fitness: 0.09634000000000001
INFO:root:elite fitness: 0.19932
INFO:root:Generation: 16
INFO:root:pop fitness: 0.10826000000000001
INFO:root:elite fitness: 0.24059999999999998
INFO:root:Generation: 17
INFO:root:pop fitness: 0.09852
INFO:root:elite fitness: 0.20823999999999998
INFO:root:Generation: 17
INFO:root:pop fitness: 0.11894000000000002
INFO:root:elite fitness: 0.2248
INFO:root:Generation: 18
INFO:root:pop fitness: 0.11658000000000002
INFO:root:elite fitness: 0.2158
INFO:root:Generation: 18
INFO:root:pop fitness: 0.10542
INFO:root:elite fitness: 0.21628000000000003
INFO:root:Generation: 19
INFO:root:pop fitness: 0.11638000000000001
INFO:root:elite fitness: 0.21960000000000002
INFO:root:Generation: 19
INFO:root:pop fitness: 0.10759999999999997
INFO:root:elite fitness: 0.20440000000000003
INFO:root:Generation: 20
INFO:root:pop fitness: 0.1267
INFO:root:elite fitness: 0.25188
INFO:root:Generation: 20
INFO:root:pop fitness: 0.13052
INFO:root:elite fitness: 0.2346
INFO:root:Generation: 21
INFO:root:pop fitness: 0.1047
INFO:root:elite fitness: 0.20652
INFO:root:Generation: 21
INFO:root:pop fitness: 0.092
INFO:root:elite fitness: 0.21688
INFO:root:Generation: 22
INFO:root:pop fitness: 0.10132000000000002
INFO:root:elite fitness: 0.24788
INFO:root:Generation: 22
INFO:root:pop fitness: 0.12718
INFO:root:elite fitness: 0.27712
INFO:root:Generation: 23
INFO:root:pop fitness: 0.07842000000000002
INFO:root:elite fitness: 0.18888000000000002
INFO:root:Generation: 23
INFO:root:pop fitness: 0.10734
INFO:root:elite fitness: 0.24475999999999998
INFO:root:Generation: 24
INFO:root:pop fitness: 0.11321999999999999
INFO:root:elite fitness: 0.2242
INFO:root:Generation: 24
INFO:root:pop fitness: 0.11542
INFO:root:elite fitness: 0.2244
INFO:root:Generation: 25
INFO:root:pop fitness: 0.13126
INFO:root:elite fitness: 0.25712
INFO:root:Generation: 25
INFO:root:pop fitness: 0.10228000000000001
INFO:root:elite fitness: 0.19692
INFO:root:Generation: 26
INFO:root:pop fitness: 0.12834
INFO:root:elite fitness: 0.25488000000000005
INFO:root:Generation: 26
INFO:root:pop fitness: 0.09344
INFO:root:elite fitness: 0.21532
INFO:root:Generation: 27
INFO:root:pop fitness: 0.09579999999999998
INFO:root:elite fitness: 0.15672000000000003
INFO:root:Generation: 27
INFO:root:pop fitness: 0.10223999999999997
INFO:root:elite fitness: 0.24535999999999997
INFO:root:Generation: 28
INFO:root:pop fitness: 0.11144
INFO:root:elite fitness: 0.21367999999999998
INFO:root:Generation: 28
INFO:root:pop fitness: 0.0873
INFO:root:elite fitness: 0.20752000000000004
INFO:root:Generation: 29
INFO:root:pop fitness: 0.1305
INFO:root:elite fitness: 0.24836000000000003
INFO:root:Generation: 29
INFO:root:pop fitness: 0.09594000000000001
INFO:root:elite fitness: 0.22752
INFO:root:Generation: 30
INFO:root:pop fitness: 0.13344
INFO:root:elite fitness: 0.23472
INFO:root:Generation: 30
INFO:root:pop fitness: 0.09436
INFO:root:elite fitness: 0.21855999999999998
INFO:root:Generation: 31
INFO:root:pop fitness: 0.10601999999999999
INFO:root:elite fitness: 0.23828000000000002
INFO:root:Generation: 31
INFO:root:pop fitness: 0.12882
INFO:root:elite fitness: 0.22880000000000003
INFO:root:Generation: 32
INFO:root:pop fitness: 0.14112000000000002
INFO:root:elite fitness: 0.24507999999999996
INFO:root:Generation: 32
INFO:root:pop fitness: 0.1007
INFO:root:elite fitness: 0.21428
INFO:root:Generation: 33
INFO:root:pop fitness: 0.12748
INFO:root:elite fitness: 0.28531999999999996
INFO:root:Generation: 33
INFO:root:pop fitness: 0.11199999999999999
INFO:root:elite fitness: 0.20144
INFO:root:Generation: 34
INFO:root:pop fitness: 0.12752
INFO:root:elite fitness: 0.23392
INFO:root:Generation: 34
INFO:root:pop fitness: 0.10938
INFO:root:elite fitness: 0.19088000000000002
INFO:root:Generation: 35
INFO:root:pop fitness: 0.10782000000000001
INFO:root:elite fitness: 0.22432
INFO:root:Generation: 36
INFO:root:pop fitness: 0.1291
INFO:root:elite fitness: 0.2728
INFO:root:Generation: 35
INFO:root:pop fitness: 0.11606
INFO:root:elite fitness: 0.24348
INFO:root:Generation: 37
INFO:root:pop fitness: 0.10464000000000001
INFO:root:elite fitness: 0.22976
INFO:root:Generation: 36
INFO:root:pop fitness: 0.11448
INFO:root:elite fitness: 0.22775999999999996
INFO:root:Generation: 38
INFO:root:pop fitness: 0.1009
INFO:root:elite fitness: 0.24715999999999996
INFO:root:Generation: 37
INFO:root:pop fitness: 0.11975999999999999
INFO:root:elite fitness: 0.20544
INFO:root:Generation: 39
INFO:root:pop fitness: 0.14306000000000002
INFO:root:elite fitness: 0.26844
INFO:root:Generation: 38
INFO:root:pop fitness: 0.13558
INFO:root:elite fitness: 0.25832
INFO:root:Generation: 40
INFO:root:pop fitness: 0.10914
INFO:root:elite fitness: 0.23212
INFO:root:Generation: 39
INFO:root:pop fitness: 0.10364000000000001
INFO:root:elite fitness: 0.21964000000000003
INFO:root:Generation: 41
INFO:root:pop fitness: 0.11592000000000001
INFO:root:elite fitness: 0.27292
INFO:root:Generation: 40
INFO:root:pop fitness: 0.10678000000000001
INFO:root:elite fitness: 0.22176
INFO:root:Generation: 42
INFO:root:pop fitness: 0.1283
INFO:root:elite fitness: 0.25460000000000005
INFO:root:Generation: 43
INFO:root:pop fitness: 0.11738
INFO:root:elite fitness: 0.24372
INFO:root:Generation: 41
INFO:root:pop fitness: 0.12978
INFO:root:elite fitness: 0.23499999999999996
INFO:root:Generation: 44
INFO:root:pop fitness: 0.12922
INFO:root:elite fitness: 0.23476
INFO:root:Generation: 42
INFO:root:pop fitness: 0.132
INFO:root:elite fitness: 0.25324
INFO:root:Generation: 45
INFO:root:pop fitness: 0.10478000000000001
INFO:root:elite fitness: 0.24856
INFO:root:Generation: 43
INFO:root:pop fitness: 0.11708
INFO:root:elite fitness: 0.23608
INFO:root:Generation: 46
INFO:root:pop fitness: 0.14118
INFO:root:elite fitness: 0.24875999999999998
INFO:root:Generation: 44
INFO:root:pop fitness: 0.14762
INFO:root:elite fitness: 0.28476
INFO:root:Generation: 47
INFO:root:pop fitness: 0.12238000000000002
INFO:root:elite fitness: 0.22591999999999998
INFO:root:Generation: 45
INFO:root:pop fitness: 0.15328000000000003
INFO:root:elite fitness: 0.26488
INFO:root:Generation: 48
INFO:root:pop fitness: 0.11252000000000001
INFO:root:elite fitness: 0.21648
INFO:root:Generation: 46
INFO:root:pop fitness: 0.12712
INFO:root:elite fitness: 0.21708000000000002
INFO:root:Generation: 49
INFO:root:pop fitness: 0.11298
INFO:root:elite fitness: 0.22580000000000003
INFO:root:Generation: 47
INFO:root:pop fitness: 0.11546
INFO:root:elite fitness: 0.22792
INFO:root:Generation: 50
INFO:root:pop fitness: 0.14062
INFO:root:elite fitness: 0.27224
INFO:root:Generation: 48
INFO:root:pop fitness: 0.12198
INFO:root:elite fitness: 0.24768000000000004
INFO:root:Generation: 51
INFO:root:pop fitness: 0.12805999999999998
INFO:root:elite fitness: 0.26228
INFO:root:Generation: 49
INFO:root:pop fitness: 0.09817999999999999
INFO:root:elite fitness: 0.21564
INFO:root:Generation: 52
INFO:root:pop fitness: 0.12312000000000001
INFO:root:elite fitness: 0.24231999999999998
INFO:root:Generation: 50
INFO:root:pop fitness: 0.12214
INFO:root:elite fitness: 0.23916
INFO:root:Generation: 53
INFO:root:pop fitness: 0.13196
INFO:root:elite fitness: 0.27696000000000004
INFO:root:Generation: 54
INFO:root:pop fitness: 0.12494
INFO:root:elite fitness: 0.26843999999999996
INFO:root:Generation: 51
INFO:root:pop fitness: 0.13168
INFO:root:elite fitness: 0.26508
INFO:root:Generation: 55
INFO:root:pop fitness: 0.10516
INFO:root:elite fitness: 0.17836
INFO:root:Generation: 52
INFO:root:pop fitness: 0.13572
INFO:root:elite fitness: 0.2838
INFO:root:Generation: 56
INFO:root:pop fitness: 0.10688
INFO:root:elite fitness: 0.24663999999999997
INFO:root:Generation: 53
INFO:root:pop fitness: 0.14178000000000002
INFO:root:elite fitness: 0.2666
INFO:root:Generation: 57
INFO:root:pop fitness: 0.12568
INFO:root:elite fitness: 0.21636000000000002
INFO:root:Generation: 54
INFO:root:pop fitness: 0.1562
INFO:root:elite fitness: 0.29112
INFO:root:Generation: 58
INFO:root:pop fitness: 0.12097999999999999
INFO:root:elite fitness: 0.25264
INFO:root:Generation: 55
INFO:root:pop fitness: 0.14668
INFO:root:elite fitness: 0.26224000000000003
INFO:root:Generation: 59
INFO:root:pop fitness: 0.12093999999999999
INFO:root:elite fitness: 0.22416
INFO:root:Generation: 56
INFO:root:pop fitness: 0.13806000000000002
INFO:root:elite fitness: 0.26964000000000005
INFO:root:Generation: 60
INFO:root:pop fitness: 0.11993999999999998
INFO:root:elite fitness: 0.25983999999999996
INFO:root:Generation: 57
INFO:root:pop fitness: 0.14522000000000002
INFO:root:elite fitness: 0.26792
INFO:root:Generation: 61
INFO:root:pop fitness: 0.11706000000000001
INFO:root:elite fitness: 0.23884
INFO:root:Generation: 58
INFO:root:pop fitness: 0.12560000000000002
INFO:root:elite fitness: 0.22948000000000002
INFO:root:Generation: 62
INFO:root:pop fitness: 0.10310000000000001
INFO:root:elite fitness: 0.24164000000000002
INFO:root:Generation: 59
INFO:root:pop fitness: 0.13132000000000002
INFO:root:elite fitness: 0.28024
INFO:root:Generation: 63
INFO:root:pop fitness: 0.12916
INFO:root:elite fitness: 0.26064
INFO:root:Generation: 60
INFO:root:pop fitness: 0.145
INFO:root:elite fitness: 0.24748
INFO:root:Generation: 64
INFO:root:pop fitness: 0.10655999999999999
INFO:root:elite fitness: 0.21952000000000002
INFO:root:Generation: 61
INFO:root:pop fitness: 0.11352000000000001
INFO:root:elite fitness: 0.20848000000000003
INFO:root:Generation: 65
INFO:root:pop fitness: 0.11749999999999998
INFO:root:elite fitness: 0.25232
INFO:root:Generation: 62
INFO:root:pop fitness: 0.11631999999999999
INFO:root:elite fitness: 0.2376
INFO:root:Generation: 66
INFO:root:pop fitness: 0.11726
INFO:root:elite fitness: 0.21331999999999998
INFO:root:Generation: 63
INFO:root:pop fitness: 0.10184000000000001
INFO:root:elite fitness: 0.21684
INFO:root:Generation: 67
INFO:root:pop fitness: 0.12198
INFO:root:elite fitness: 0.25288
INFO:root:Generation: 64
INFO:root:pop fitness: 0.11466000000000001
INFO:root:elite fitness: 0.21852
INFO:root:Generation: 68
INFO:root:pop fitness: 0.12848
INFO:root:elite fitness: 0.21731999999999999
INFO:root:Generation: 65
INFO:root:pop fitness: 0.12898
INFO:root:elite fitness: 0.26727999999999996
INFO:root:Generation: 69
INFO:root:pop fitness: 0.09262000000000001
INFO:root:elite fitness: 0.20467999999999997
INFO:root:Generation: 66
INFO:root:pop fitness: 0.12020000000000002
INFO:root:elite fitness: 0.2518
INFO:root:Generation: 70
INFO:root:pop fitness: 0.13326000000000002
INFO:root:elite fitness: 0.23612000000000002
INFO:root:Generation: 67
INFO:root:pop fitness: 0.12562
INFO:root:elite fitness: 0.22564
INFO:root:Generation: 71
INFO:root:pop fitness: 0.15539999999999998
INFO:root:elite fitness: 0.29228
INFO:root:Generation: 68
INFO:root:pop fitness: 0.09402
INFO:root:elite fitness: 0.17948
INFO:root:Generation: 72
INFO:root:pop fitness: 0.11517999999999999
INFO:root:elite fitness: 0.22823999999999997
INFO:root:Generation: 69
INFO:root:pop fitness: 0.14702
INFO:root:elite fitness: 0.29400000000000004
INFO:root:Generation: 73
INFO:root:pop fitness: 0.14384
INFO:root:elite fitness: 0.27671999999999997
INFO:root:Generation: 74
INFO:root:pop fitness: 0.12354000000000001
INFO:root:elite fitness: 0.26144
INFO:root:Generation: 70
INFO:root:pop fitness: 0.10788
INFO:root:elite fitness: 0.23948
INFO:root:Generation: 75
INFO:root:pop fitness: 0.12539999999999998
INFO:root:elite fitness: 0.23252000000000003
INFO:root:Generation: 71
INFO:root:pop fitness: 0.11839999999999998
INFO:root:elite fitness: 0.26012
INFO:root:Generation: 76
INFO:root:pop fitness: 0.15142
INFO:root:elite fitness: 0.30484
INFO:root:Generation: 72
INFO:root:pop fitness: 0.14723999999999998
INFO:root:elite fitness: 0.32124
INFO:root:Generation: 77
INFO:root:pop fitness: 0.11005999999999999
INFO:root:elite fitness: 0.21960000000000002
INFO:root:Generation: 73
INFO:root:pop fitness: 0.13419999999999999
INFO:root:elite fitness: 0.25844
INFO:root:Generation: 78
INFO:root:pop fitness: 0.1319
INFO:root:elite fitness: 0.26899999999999996
INFO:root:Generation: 74
INFO:root:pop fitness: 0.13048
INFO:root:elite fitness: 0.27352
INFO:root:Generation: 79
INFO:root:pop fitness: 0.11764
INFO:root:elite fitness: 0.23039999999999997
INFO:root:Generation: 80
INFO:root:pop fitness: 0.1454
INFO:root:elite fitness: 0.27971999999999997
INFO:root:Generation: 75
INFO:root:pop fitness: 0.14414
INFO:root:elite fitness: 0.26744
INFO:root:Generation: 81
INFO:root:pop fitness: 0.15599999999999997
INFO:root:elite fitness: 0.29784000000000005
INFO:root:Generation: 76
INFO:root:pop fitness: 0.12784
INFO:root:elite fitness: 0.22848000000000002
INFO:root:Generation: 82
INFO:root:pop fitness: 0.10486
INFO:root:elite fitness: 0.24044000000000004
INFO:root:Generation: 77
INFO:root:pop fitness: 0.1509
INFO:root:elite fitness: 0.3002
INFO:root:Generation: 83
INFO:root:pop fitness: 0.14596
INFO:root:elite fitness: 0.26208000000000004
INFO:root:Generation: 78
INFO:root:pop fitness: 0.10368000000000001
INFO:root:elite fitness: 0.1916
INFO:root:Generation: 79
INFO:root:pop fitness: 0.1374
INFO:root:elite fitness: 0.2474
INFO:root:Generation: 84
INFO:root:pop fitness: 0.12722
INFO:root:elite fitness: 0.29612
INFO:root:Generation: 85
INFO:root:pop fitness: 0.13898
INFO:root:elite fitness: 0.27203999999999995
INFO:root:Generation: 80
INFO:root:pop fitness: 0.14168
INFO:root:elite fitness: 0.278
INFO:root:Generation: 86
INFO:root:pop fitness: 0.1469
INFO:root:elite fitness: 0.27887999999999996
INFO:root:Generation: 81
INFO:root:pop fitness: 0.12934
INFO:root:elite fitness: 0.26755999999999996
INFO:root:Generation: 87
INFO:root:pop fitness: 0.12244
INFO:root:elite fitness: 0.22576000000000002
INFO:root:Generation: 82
INFO:root:pop fitness: 0.12118000000000001
INFO:root:elite fitness: 0.24284000000000003
INFO:root:Generation: 88
INFO:root:pop fitness: 0.14037999999999998
INFO:root:elite fitness: 0.2624
INFO:root:Generation: 83
INFO:root:pop fitness: 0.16122
INFO:root:elite fitness: 0.26460000000000006
INFO:root:Generation: 89
INFO:root:pop fitness: 0.12108000000000001
INFO:root:elite fitness: 0.23256000000000004
INFO:root:Generation: 84
INFO:root:pop fitness: 0.13964000000000001
INFO:root:elite fitness: 0.29603999999999997
INFO:root:Generation: 90
INFO:root:pop fitness: 0.11993999999999999
INFO:root:elite fitness: 0.24384000000000003
INFO:root:Generation: 85
INFO:root:pop fitness: 0.10182000000000001
INFO:root:elite fitness: 0.21564
INFO:root:Generation: 91
INFO:root:pop fitness: 0.1222
INFO:root:elite fitness: 0.26988
INFO:root:Generation: 86
INFO:root:pop fitness: 0.13082
INFO:root:elite fitness: 0.23492000000000002
INFO:root:Generation: 92
INFO:root:pop fitness: 0.10908
INFO:root:elite fitness: 0.24251999999999999
INFO:root:Generation: 87
INFO:root:pop fitness: 0.10947999999999998
INFO:root:elite fitness: 0.21384
INFO:root:Generation: 93
INFO:root:pop fitness: 0.13464
INFO:root:elite fitness: 0.25736000000000003
INFO:root:Generation: 88
INFO:root:pop fitness: 0.12166
INFO:root:elite fitness: 0.25432
INFO:root:Generation: 94
INFO:root:pop fitness: 0.1366
INFO:root:elite fitness: 0.25684
INFO:root:Generation: 89
INFO:root:pop fitness: 0.12219999999999999
INFO:root:elite fitness: 0.30216
INFO:root:Generation: 95
INFO:root:pop fitness: 0.12214
INFO:root:elite fitness: 0.23495999999999997
INFO:root:Generation: 90
INFO:root:pop fitness: 0.11492000000000001
INFO:root:elite fitness: 0.2174
INFO:root:Generation: 96
INFO:root:pop fitness: 0.1025
INFO:root:elite fitness: 0.2216
INFO:root:Generation: 91
INFO:root:pop fitness: 0.14184
INFO:root:elite fitness: 0.23076
INFO:root:Generation: 97
INFO:root:pop fitness: 0.12847999999999998
INFO:root:elite fitness: 0.23984000000000003
INFO:root:Generation: 92
INFO:root:pop fitness: 0.1531
INFO:root:elite fitness: 0.27647999999999995
INFO:root:Generation: 98
INFO:root:pop fitness: 0.13586
INFO:root:elite fitness: 0.30216
INFO:root:Generation: 93
INFO:root:pop fitness: 0.15200000000000002
INFO:root:elite fitness: 0.30296
INFO:root:Generation: 99
INFO:root:pop fitness: 0.15836
INFO:root:elite fitness: 0.31488
INFO:root:Generation: 94
INFO:root:pop fitness: 0.13355999999999998
INFO:root:elite fitness: 0.23564
INFO:root:Generation: 100
INFO:root:pop fitness: 0.13008
INFO:root:elite fitness: 0.26148
INFO:root:Generation: 95
INFO:root:pop fitness: 0.14828000000000002
INFO:root:elite fitness: 0.30528
INFO:root:Generation: 101
INFO:root:pop fitness: 0.13074000000000002
INFO:root:elite fitness: 0.21368
INFO:root:Generation: 102
INFO:root:pop fitness: 0.12296
INFO:root:elite fitness: 0.24888000000000002
INFO:root:Generation: 96
INFO:root:pop fitness: 0.11870000000000001
INFO:root:elite fitness: 0.24532
INFO:root:Generation: 103
INFO:root:pop fitness: 0.14429999999999998
INFO:root:elite fitness: 0.25236000000000003
INFO:root:Generation: 97
INFO:root:pop fitness: 0.12516
INFO:root:elite fitness: 0.2828
INFO:root:Generation: 104
INFO:root:pop fitness: 0.13468
INFO:root:elite fitness: 0.24136
INFO:root:Generation: 98
INFO:root:pop fitness: 0.1551
INFO:root:elite fitness: 0.26655999999999996
INFO:root:Generation: 105
INFO:root:pop fitness: 0.16128
INFO:root:elite fitness: 0.27484
INFO:root:Generation: 99
INFO:root:pop fitness: 0.15398
INFO:root:elite fitness: 0.30564
INFO:root:Generation: 106
INFO:root:pop fitness: 0.1272
INFO:root:elite fitness: 0.22519999999999998
INFO:root:Generation: 100
INFO:root:pop fitness: 0.14236000000000001
INFO:root:elite fitness: 0.26584
INFO:root:Generation: 107
INFO:root:pop fitness: 0.13920000000000002
INFO:root:elite fitness: 0.24688
INFO:root:Generation: 101
INFO:root:pop fitness: 0.16601999999999997
INFO:root:elite fitness: 0.29792
INFO:root:Generation: 108
INFO:root:pop fitness: 0.12916
INFO:root:elite fitness: 0.25964
INFO:root:Generation: 102
INFO:root:pop fitness: 0.14980000000000002
INFO:root:elite fitness: 0.28944000000000003
INFO:root:Generation: 109
INFO:root:pop fitness: 0.13598
INFO:root:elite fitness: 0.258
INFO:root:Generation: 103
INFO:root:pop fitness: 0.12210000000000001
INFO:root:elite fitness: 0.24047999999999997
INFO:root:Generation: 110
INFO:root:pop fitness: 0.12919999999999998
INFO:root:elite fitness: 0.26427999999999996
INFO:root:Generation: 104
INFO:root:pop fitness: 0.11888
INFO:root:elite fitness: 0.25228
INFO:root:Generation: 111
INFO:root:pop fitness: 0.15062
INFO:root:elite fitness: 0.26768
INFO:root:Generation: 105
INFO:root:pop fitness: 0.14292000000000002
INFO:root:elite fitness: 0.28748
INFO:root:Generation: 112
INFO:root:pop fitness: 0.15133999999999997
INFO:root:elite fitness: 0.27584
INFO:root:Generation: 106
INFO:root:pop fitness: 0.1349
INFO:root:elite fitness: 0.2618
INFO:root:Generation: 113
INFO:root:pop fitness: 0.11661999999999999
INFO:root:elite fitness: 0.22908
INFO:root:Generation: 107
INFO:root:pop fitness: 0.13346000000000002
INFO:root:elite fitness: 0.2672
INFO:root:Generation: 114
INFO:root:pop fitness: 0.13068
INFO:root:elite fitness: 0.27436
INFO:root:Generation: 108
INFO:root:pop fitness: 0.16413999999999998
INFO:root:elite fitness: 0.32856
INFO:root:Generation: 115
INFO:root:pop fitness: 0.14216
INFO:root:elite fitness: 0.23944000000000001
INFO:root:Generation: 116
INFO:root:pop fitness: 0.1241
INFO:root:elite fitness: 0.25615999999999994
INFO:root:Generation: 109
INFO:root:pop fitness: 0.11443999999999999
INFO:root:elite fitness: 0.26444
INFO:root:Generation: 117
INFO:root:pop fitness: 0.10108
INFO:root:elite fitness: 0.20812
INFO:root:Generation: 110
INFO:root:pop fitness: 0.1105
INFO:root:elite fitness: 0.21115999999999996
INFO:root:Generation: 118
INFO:root:pop fitness: 0.15764
INFO:root:elite fitness: 0.29076
INFO:root:Generation: 111
INFO:root:pop fitness: 0.14818
INFO:root:elite fitness: 0.32892000000000005
INFO:root:Generation: 119
INFO:root:pop fitness: 0.14248
INFO:root:elite fitness: 0.2522
INFO:root:Generation: 112
INFO:root:pop fitness: 0.15360000000000001
INFO:root:elite fitness: 0.29688000000000003
INFO:root:Generation: 120
INFO:root:pop fitness: 0.15792
INFO:root:elite fitness: 0.29644
INFO:root:Generation: 113
INFO:root:pop fitness: 0.13673999999999997
INFO:root:elite fitness: 0.2682399999999999
INFO:root:Generation: 121
INFO:root:pop fitness: 0.13482
INFO:root:elite fitness: 0.24128
INFO:root:Generation: 114
INFO:root:pop fitness: 0.13206
INFO:root:elite fitness: 0.22908
INFO:root:Generation: 122
INFO:root:pop fitness: 0.14509999999999998
INFO:root:elite fitness: 0.3096
INFO:root:Generation: 115
INFO:root:pop fitness: 0.14448
INFO:root:elite fitness: 0.29584
INFO:root:Generation: 123
INFO:root:pop fitness: 0.14534
INFO:root:elite fitness: 0.27468
INFO:root:Generation: 116
INFO:root:pop fitness: 0.14684
INFO:root:elite fitness: 0.3064
INFO:root:Generation: 124
INFO:root:pop fitness: 0.13418000000000002
INFO:root:elite fitness: 0.25124
INFO:root:Generation: 117
INFO:root:pop fitness: 0.14386000000000002
INFO:root:elite fitness: 0.31283999999999995
INFO:root:Generation: 125
INFO:root:pop fitness: 0.17019999999999996
INFO:root:elite fitness: 0.31472
INFO:root:Generation: 118
INFO:root:pop fitness: 0.1679
INFO:root:elite fitness: 0.3350000000000001
INFO:root:Generation: 126
INFO:root:pop fitness: 0.14892
INFO:root:elite fitness: 0.27747999999999995
INFO:root:Generation: 119
INFO:root:pop fitness: 0.12037999999999999
INFO:root:elite fitness: 0.24328
INFO:root:Generation: 127
INFO:root:pop fitness: 0.12578
INFO:root:elite fitness: 0.23788
INFO:root:Generation: 120
INFO:root:pop fitness: 0.14448
INFO:root:elite fitness: 0.28068000000000004
INFO:root:Generation: 128
INFO:root:pop fitness: 0.1085
INFO:root:elite fitness: 0.20096
INFO:root:Generation: 129
INFO:root:pop fitness: 0.14208
INFO:root:elite fitness: 0.22875999999999996
INFO:root:Generation: 121
INFO:root:pop fitness: 0.14892
INFO:root:elite fitness: 0.29992
INFO:root:Generation: 130
INFO:root:pop fitness: 0.11758
INFO:root:elite fitness: 0.25816
INFO:root:Generation: 122
INFO:root:pop fitness: 0.13374
INFO:root:elite fitness: 0.20024
INFO:root:Generation: 131
INFO:root:pop fitness: 0.14692
INFO:root:elite fitness: 0.27631999999999995
INFO:root:Generation: 123
INFO:root:pop fitness: 0.1583
INFO:root:elite fitness: 0.3332
INFO:root:Generation: 132
INFO:root:pop fitness: 0.15206
INFO:root:elite fitness: 0.26156
INFO:root:Generation: 124
INFO:root:pop fitness: 0.11428
INFO:root:elite fitness: 0.2736
INFO:root:Generation: 133
INFO:root:pop fitness: 0.13163999999999998
INFO:root:elite fitness: 0.25296
INFO:root:Generation: 125
INFO:root:pop fitness: 0.11667999999999999
INFO:root:elite fitness: 0.23568
INFO:root:Generation: 134
INFO:root:pop fitness: 0.12664
INFO:root:elite fitness: 0.23664
INFO:root:Generation: 126
INFO:root:pop fitness: 0.13
INFO:root:elite fitness: 0.24644
INFO:root:Generation: 135
INFO:root:pop fitness: 0.13816
INFO:root:elite fitness: 0.28056000000000003
INFO:root:Generation: 127
INFO:root:pop fitness: 0.13956
INFO:root:elite fitness: 0.28559999999999997
INFO:root:Generation: 136
INFO:root:pop fitness: 0.13828000000000001
INFO:root:elite fitness: 0.25044
INFO:root:Generation: 128
INFO:root:pop fitness: 0.15536
INFO:root:elite fitness: 0.29088
INFO:root:Generation: 137
INFO:root:pop fitness: 0.15852
INFO:root:elite fitness: 0.28875999999999996
INFO:root:Generation: 129
INFO:root:pop fitness: 0.15109999999999998
INFO:root:elite fitness: 0.27276
INFO:root:Generation: 138
INFO:root:pop fitness: 0.12486000000000001
INFO:root:elite fitness: 0.22908
INFO:root:Generation: 130
INFO:root:pop fitness: 0.1441
INFO:root:elite fitness: 0.24972000000000003
INFO:root:Generation: 139
INFO:root:pop fitness: 0.13432
INFO:root:elite fitness: 0.24096
INFO:root:Generation: 131
INFO:root:pop fitness: 0.11984
INFO:root:elite fitness: 0.25464
INFO:root:Generation: 140
INFO:root:pop fitness: 0.13366
INFO:root:elite fitness: 0.23348000000000002
INFO:root:Generation: 132
INFO:root:pop fitness: 0.13441999999999998
INFO:root:elite fitness: 0.22124000000000002
INFO:root:Generation: 141
INFO:root:pop fitness: 0.13884
INFO:root:elite fitness: 0.259
INFO:root:Generation: 133
INFO:root:pop fitness: 0.12746000000000002
INFO:root:elite fitness: 0.28468
INFO:root:Generation: 142
INFO:root:pop fitness: 0.14909999999999998
INFO:root:elite fitness: 0.28844000000000003
INFO:root:Generation: 134
INFO:root:pop fitness: 0.11370000000000001
INFO:root:elite fitness: 0.20156
INFO:root:Generation: 143
INFO:root:pop fitness: 0.1199
INFO:root:elite fitness: 0.22252
INFO:root:Generation: 135
INFO:root:pop fitness: 0.08752
INFO:root:elite fitness: 0.18712000000000004
INFO:root:Generation: 144
INFO:root:pop fitness: 0.12802000000000002
INFO:root:elite fitness: 0.25104
INFO:root:Generation: 136
INFO:root:pop fitness: 0.13356
INFO:root:elite fitness: 0.23292000000000002
INFO:root:Generation: 145
INFO:root:pop fitness: 0.13784000000000002
INFO:root:elite fitness: 0.28116
INFO:root:Generation: 146
INFO:root:pop fitness: 0.14282000000000003
INFO:root:elite fitness: 0.27156
INFO:root:Generation: 137
INFO:root:pop fitness: 0.10371999999999999
INFO:root:elite fitness: 0.18667999999999998
INFO:root:Generation: 147
INFO:root:pop fitness: 0.16576000000000005
INFO:root:elite fitness: 0.32484
INFO:root:Generation: 138
INFO:root:pop fitness: 0.12074000000000001
INFO:root:elite fitness: 0.24776
INFO:root:Generation: 148
INFO:root:pop fitness: 0.1744
INFO:root:elite fitness: 0.3508
INFO:root:Generation: 139
INFO:root:pop fitness: 0.12282
INFO:root:elite fitness: 0.24352000000000001
INFO:root:Generation: 149
INFO:root:pop fitness: 0.14528000000000002
INFO:root:elite fitness: 0.24295999999999998
INFO:root:Generation: 140
INFO:root:pop fitness: 0.12764
INFO:root:elite fitness: 0.2712
INFO:root:Generation: 150
INFO:root:pop fitness: 0.1506
INFO:root:elite fitness: 0.30648
INFO:root:Generation: 141
INFO:root:pop fitness: 0.11382000000000002
INFO:root:elite fitness: 0.23616
INFO:root:Generation: 151
INFO:root:pop fitness: 0.17706000000000002
INFO:root:elite fitness: 0.34587999999999997
INFO:root:Generation: 142
INFO:root:pop fitness: 0.13329999999999997
INFO:root:elite fitness: 0.26052
INFO:root:Generation: 152
INFO:root:pop fitness: 0.162
INFO:root:elite fitness: 0.31804
INFO:root:Generation: 143
INFO:root:pop fitness: 0.10056000000000001
INFO:root:elite fitness: 0.25292000000000003
INFO:root:Generation: 153
INFO:root:pop fitness: 0.15852
INFO:root:elite fitness: 0.28612000000000004
INFO:root:Generation: 144
INFO:root:pop fitness: 0.12333999999999999
INFO:root:elite fitness: 0.22016000000000002
INFO:root:Generation: 154
INFO:root:pop fitness: 0.14384000000000002
INFO:root:elite fitness: 0.26644
INFO:root:Generation: 145
INFO:root:pop fitness: 0.16936000000000004
INFO:root:elite fitness: 0.33436
INFO:root:Generation: 155
INFO:root:pop fitness: 0.17484
INFO:root:elite fitness: 0.31348000000000004
INFO:root:Generation: 146
INFO:root:pop fitness: 0.15644
INFO:root:elite fitness: 0.32176000000000005
INFO:root:Generation: 156
INFO:root:pop fitness: 0.168
INFO:root:elite fitness: 0.3332
INFO:root:Generation: 147
INFO:root:pop fitness: 0.13592
INFO:root:elite fitness: 0.29180000000000006
INFO:root:Generation: 157
INFO:root:pop fitness: 0.15
INFO:root:elite fitness: 0.2902
INFO:root:Generation: 148
INFO:root:pop fitness: 0.14218
INFO:root:elite fitness: 0.28464
INFO:root:Generation: 158
INFO:root:pop fitness: 0.14448
INFO:root:elite fitness: 0.27287999999999996
INFO:root:Generation: 149
INFO:root:pop fitness: 0.11783999999999999
INFO:root:elite fitness: 0.26123999999999997
INFO:root:Generation: 159
INFO:root:pop fitness: 0.14801999999999998
INFO:root:elite fitness: 0.27268000000000003
INFO:root:Generation: 150
INFO:root:pop fitness: 0.12764
INFO:root:elite fitness: 0.26072
INFO:root:Generation: 160
INFO:root:pop fitness: 0.11914000000000001
INFO:root:elite fitness: 0.23323999999999998
INFO:root:Generation: 151
INFO:root:pop fitness: 0.14046
INFO:root:elite fitness: 0.24548000000000003
INFO:root:Generation: 161
INFO:root:pop fitness: 0.15894
INFO:root:elite fitness: 0.2672
INFO:root:Generation: 152
INFO:root:pop fitness: 0.15394000000000002
INFO:root:elite fitness: 0.30684
INFO:root:Generation: 162
INFO:root:pop fitness: 0.1636
INFO:root:elite fitness: 0.30075999999999997
INFO:root:Generation: 163
INFO:root:pop fitness: 0.15356
INFO:root:elite fitness: 0.27812
INFO:root:Generation: 153
INFO:root:pop fitness: 0.13788
INFO:root:elite fitness: 0.28908
INFO:root:Generation: 164
INFO:root:pop fitness: 0.15022
INFO:root:elite fitness: 0.32584
INFO:root:Generation: 154
INFO:root:pop fitness: 0.12627999999999998
INFO:root:elite fitness: 0.26236
INFO:root:Generation: 165
INFO:root:pop fitness: 0.17143999999999998
INFO:root:elite fitness: 0.30648
INFO:root:Generation: 155
INFO:root:pop fitness: 0.17278
INFO:root:elite fitness: 0.27996000000000004
INFO:root:Generation: 166
INFO:root:pop fitness: 0.11974
INFO:root:elite fitness: 0.25064
INFO:root:Generation: 156
INFO:root:pop fitness: 0.17490000000000003
INFO:root:elite fitness: 0.3118
INFO:root:Generation: 167
INFO:root:pop fitness: 0.16724
INFO:root:elite fitness: 0.29056
INFO:root:Generation: 157
INFO:root:pop fitness: 0.12468000000000001
INFO:root:elite fitness: 0.25236000000000003
INFO:root:Generation: 168
INFO:root:pop fitness: 0.18478000000000003
INFO:root:elite fitness: 0.314
INFO:root:Generation: 158
INFO:root:pop fitness: 0.13864
INFO:root:elite fitness: 0.27384000000000003
INFO:root:Generation: 169
INFO:root:pop fitness: 0.16402
INFO:root:elite fitness: 0.3554
INFO:root:Generation: 159
INFO:root:pop fitness: 0.134
INFO:root:elite fitness: 0.30316000000000004
INFO:root:Generation: 170
INFO:root:pop fitness: 0.1576
INFO:root:elite fitness: 0.28408
INFO:root:Generation: 160
INFO:root:pop fitness: 0.14948
INFO:root:elite fitness: 0.29988
INFO:root:Generation: 171
INFO:root:pop fitness: 0.1698
INFO:root:elite fitness: 0.32171999999999995
INFO:root:Generation: 161
INFO:root:pop fitness: 0.17282
INFO:root:elite fitness: 0.3152
INFO:root:Generation: 172
INFO:root:pop fitness: 0.14526000000000003
INFO:root:elite fitness: 0.28532
INFO:root:Generation: 162
INFO:root:pop fitness: 0.15692
INFO:root:elite fitness: 0.33552000000000004
INFO:root:Generation: 173
INFO:root:pop fitness: 0.15464
INFO:root:elite fitness: 0.27924
INFO:root:Generation: 163
INFO:root:pop fitness: 0.13712
INFO:root:elite fitness: 0.26712
INFO:root:Generation: 174
INFO:root:pop fitness: 0.16088000000000002
INFO:root:elite fitness: 0.32732
INFO:root:Generation: 164
INFO:root:pop fitness: 0.14034
INFO:root:elite fitness: 0.31216
INFO:root:Generation: 175
INFO:root:pop fitness: 0.14726
INFO:root:elite fitness: 0.27508
INFO:root:Generation: 165
INFO:root:pop fitness: 0.13848000000000002
INFO:root:elite fitness: 0.26
INFO:root:Generation: 176
INFO:root:pop fitness: 0.15586
INFO:root:elite fitness: 0.26208000000000004
INFO:root:Generation: 166
INFO:root:pop fitness: 0.15106000000000003
INFO:root:elite fitness: 0.28688
INFO:root:Generation: 177
INFO:root:pop fitness: 0.1609
INFO:root:elite fitness: 0.29008
INFO:root:Generation: 167
INFO:root:pop fitness: 0.13269999999999998
INFO:root:elite fitness: 0.28748
INFO:root:Generation: 178
INFO:root:pop fitness: 0.16020000000000004
INFO:root:elite fitness: 0.27016
INFO:root:Generation: 168
INFO:root:pop fitness: 0.14522000000000002
INFO:root:elite fitness: 0.27643999999999996
INFO:root:Generation: 179
INFO:root:pop fitness: 0.14792000000000002
INFO:root:elite fitness: 0.27396
INFO:root:Generation: 169
INFO:root:pop fitness: 0.17728000000000002
INFO:root:elite fitness: 0.29356
INFO:root:Generation: 180
INFO:root:pop fitness: 0.15756
INFO:root:elite fitness: 0.29416
INFO:root:Generation: 170
INFO:root:pop fitness: 0.15782000000000004
INFO:root:elite fitness: 0.28435999999999995
INFO:root:Generation: 181
INFO:root:pop fitness: 0.15366
INFO:root:elite fitness: 0.31732000000000005
INFO:root:Generation: 171
INFO:root:pop fitness: 0.13774
INFO:root:elite fitness: 0.28168
INFO:root:Generation: 182
INFO:root:pop fitness: 0.16158
INFO:root:elite fitness: 0.30688000000000004
INFO:root:Generation: 172
INFO:root:pop fitness: 0.15195999999999998
INFO:root:elite fitness: 0.29772000000000004
INFO:root:Generation: 183
INFO:root:pop fitness: 0.1789
INFO:root:elite fitness: 0.32699999999999996
INFO:root:Generation: 173
INFO:root:pop fitness: 0.13832
INFO:root:elite fitness: 0.25367999999999996
INFO:root:Generation: 184
INFO:root:pop fitness: 0.1533
INFO:root:elite fitness: 0.28636
INFO:root:Generation: 185
INFO:root:pop fitness: 0.17394
INFO:root:elite fitness: 0.30172000000000004
INFO:root:Generation: 174
INFO:root:pop fitness: 0.15236
INFO:root:elite fitness: 0.28071999999999997
INFO:root:Generation: 175
INFO:root:pop fitness: 0.13952
INFO:root:elite fitness: 0.2874
INFO:root:Generation: 186
INFO:root:pop fitness: 0.17642
INFO:root:elite fitness: 0.28044
INFO:root:Generation: 187
INFO:root:pop fitness: 0.16099999999999998
INFO:root:elite fitness: 0.30608
INFO:root:Generation: 176
INFO:root:pop fitness: 0.16857999999999998
INFO:root:elite fitness: 0.33244
INFO:root:Generation: 188
INFO:root:pop fitness: 0.14517999999999998
INFO:root:elite fitness: 0.26272
INFO:root:Generation: 177
INFO:root:pop fitness: 0.14252000000000004
INFO:root:elite fitness: 0.32004000000000005
INFO:root:Generation: 189
INFO:root:pop fitness: 0.18791999999999998
INFO:root:elite fitness: 0.31124
INFO:root:Generation: 178
INFO:root:pop fitness: 0.16424
INFO:root:elite fitness: 0.34448
INFO:root:Generation: 190
INFO:root:pop fitness: 0.14706000000000002
INFO:root:elite fitness: 0.28592
INFO:root:Generation: 179
INFO:root:pop fitness: 0.1432
INFO:root:elite fitness: 0.23787999999999998
INFO:root:Generation: 191
INFO:root:pop fitness: 0.1777
INFO:root:elite fitness: 0.33216
INFO:root:Generation: 180
INFO:root:pop fitness: 0.18776
INFO:root:elite fitness: 0.3538
INFO:root:Generation: 192
INFO:root:pop fitness: 0.12324
INFO:root:elite fitness: 0.24339999999999995
INFO:root:Generation: 181
INFO:root:pop fitness: 0.17178000000000002
INFO:root:elite fitness: 0.33923999999999993
INFO:root:Generation: 193
INFO:root:pop fitness: 0.18581999999999999
INFO:root:elite fitness: 0.31184
INFO:root:Generation: 182
INFO:root:pop fitness: 0.16262000000000001
INFO:root:elite fitness: 0.29088
INFO:root:Generation: 194
INFO:root:pop fitness: 0.15318
INFO:root:elite fitness: 0.31436
INFO:root:Generation: 183
INFO:root:pop fitness: 0.1575
INFO:root:elite fitness: 0.32844
INFO:root:Generation: 195
INFO:root:pop fitness: 0.12318
INFO:root:elite fitness: 0.28828
INFO:root:Generation: 184
INFO:root:pop fitness: 0.19384
INFO:root:elite fitness: 0.37032
INFO:root:Generation: 196
INFO:root:pop fitness: 0.12518
INFO:root:elite fitness: 0.22704000000000002
INFO:root:Generation: 185
INFO:root:pop fitness: 0.16713999999999998
INFO:root:elite fitness: 0.32256
INFO:root:Generation: 197
INFO:root:pop fitness: 0.16724
INFO:root:elite fitness: 0.29368
INFO:root:Generation: 186
INFO:root:pop fitness: 0.21165999999999996
INFO:root:elite fitness: 0.33408
INFO:root:Generation: 198
INFO:root:pop fitness: 0.15996000000000005
INFO:root:elite fitness: 0.28528
INFO:root:Generation: 187
INFO:root:pop fitness: 0.17992
INFO:root:elite fitness: 0.2998
INFO:root:Generation: 199
INFO:root:pop fitness: 0.12622
INFO:root:elite fitness: 0.28132
INFO:root:Generation: 188
INFO:root:pop fitness: 0.19956
INFO:root:elite fitness: 0.34316
INFO:root:Generation: 189
INFO:root:pop fitness: 0.1743
INFO:root:elite fitness: 0.28764
INFO:root:Generation: 190
INFO:root:pop fitness: 0.16758000000000003
INFO:root:elite fitness: 0.31523999999999996
INFO:root:Generation: 191
INFO:root:pop fitness: 0.17588
INFO:root:elite fitness: 0.2892
INFO:root:Generation: 192
INFO:root:pop fitness: 0.13622
INFO:root:elite fitness: 0.27843999999999997
INFO:root:Generation: 193
INFO:root:pop fitness: 0.16258
INFO:root:elite fitness: 0.31048
INFO:root:Generation: 194
INFO:root:pop fitness: 0.16462
INFO:root:elite fitness: 0.3348
INFO:root:Generation: 195
INFO:root:pop fitness: 0.1592
INFO:root:elite fitness: 0.31676000000000004
INFO:root:Generation: 196
INFO:root:pop fitness: 0.13918
INFO:root:elite fitness: 0.25016
INFO:root:Generation: 197
INFO:root:pop fitness: 0.16246000000000002
INFO:root:elite fitness: 0.34556
INFO:root:Generation: 198
INFO:root:pop fitness: 0.16598
INFO:root:elite fitness: 0.34015999999999996
INFO:root:Generation: 199
INFO:root:pop fitness: 0.14170000000000002
INFO:root:elite fitness: 0.26328
