INFO:root:run_master: Namespace(arms='10', hidden='16', layers='3', max_gen='200', message='', mutation_mag='0.01', name='nonStationary_v2', noise=False, pop_size='50', save_result=True, trials='100')
INFO:root:run_master: Namespace(arms='10', hidden='16', layers='3', max_gen='200', message='', mutation_mag='0.01', name='nonStationary_v2', noise=True, pop_size='50', save_result=True, trials='100')
INFO:root:Generation: 0
INFO:root:pop fitness: 0.09820000000000001
INFO:root:elite fitness: 0.10832000000000001
INFO:root:Generation: 0
INFO:root:pop fitness: 0.10106
INFO:root:elite fitness: 0.11256000000000001
INFO:root:Generation: 1
INFO:root:pop fitness: 0.10001999999999998
INFO:root:elite fitness: 0.11728
INFO:root:Generation: 1
INFO:root:pop fitness: 0.09947999999999999
INFO:root:elite fitness: 0.11156
INFO:root:Generation: 2
INFO:root:pop fitness: 0.10139999999999998
INFO:root:elite fitness: 0.11327999999999999
INFO:root:Generation: 2
INFO:root:pop fitness: 0.0984
INFO:root:elite fitness: 0.11155999999999999
INFO:root:Generation: 3
INFO:root:pop fitness: 0.10048
INFO:root:elite fitness: 0.1128
INFO:root:Generation: 3
INFO:root:pop fitness: 0.09864
INFO:root:elite fitness: 0.11599999999999999
INFO:root:Generation: 4
INFO:root:pop fitness: 0.09976000000000002
INFO:root:elite fitness: 0.11267999999999999
INFO:root:Generation: 4
INFO:root:pop fitness: 0.09852
INFO:root:elite fitness: 0.12044
INFO:root:Generation: 5
INFO:root:pop fitness: 0.10176
INFO:root:elite fitness: 0.12936
INFO:root:Generation: 6
INFO:root:pop fitness: 0.09519999999999999
INFO:root:elite fitness: 0.12148000000000002
INFO:root:Generation: 5
INFO:root:pop fitness: 0.10684
INFO:root:elite fitness: 0.12668
INFO:root:Generation: 7
INFO:root:pop fitness: 0.09545999999999999
INFO:root:elite fitness: 0.12768000000000002
INFO:root:Generation: 6
INFO:root:pop fitness: 0.09802000000000001
INFO:root:elite fitness: 0.12408000000000001
INFO:root:Generation: 7
INFO:root:pop fitness: 0.0967
INFO:root:elite fitness: 0.12972
INFO:root:Generation: 8
INFO:root:pop fitness: 0.09676
INFO:root:elite fitness: 0.12952
INFO:root:Generation: 9
INFO:root:pop fitness: 0.10088
INFO:root:elite fitness: 0.13252
INFO:root:Generation: 8
INFO:root:pop fitness: 0.10369999999999999
INFO:root:elite fitness: 0.13908
INFO:root:Generation: 10
INFO:root:pop fitness: 0.09609999999999999
INFO:root:elite fitness: 0.1326
INFO:root:Generation: 9
INFO:root:pop fitness: 0.0959
INFO:root:elite fitness: 0.12952
INFO:root:Generation: 11
INFO:root:pop fitness: 0.10707999999999998
INFO:root:elite fitness: 0.14936
INFO:root:Generation: 10
INFO:root:pop fitness: 0.10496
INFO:root:elite fitness: 0.13956000000000002
INFO:root:Generation: 12
INFO:root:pop fitness: 0.0984
INFO:root:elite fitness: 0.14812
INFO:root:Generation: 11
INFO:root:pop fitness: 0.09962
INFO:root:elite fitness: 0.14508000000000001
INFO:root:Generation: 13
INFO:root:pop fitness: 0.10480000000000002
INFO:root:elite fitness: 0.16364
INFO:root:Generation: 12
INFO:root:pop fitness: 0.10867999999999998
INFO:root:elite fitness: 0.16968
INFO:root:Generation: 13
INFO:root:pop fitness: 0.10627999999999999
INFO:root:elite fitness: 0.16823999999999997
INFO:root:Generation: 14
INFO:root:pop fitness: 0.10122
INFO:root:elite fitness: 0.17228
INFO:root:Generation: 14
INFO:root:pop fitness: 0.10304
INFO:root:elite fitness: 0.13988
INFO:root:Generation: 15
INFO:root:pop fitness: 0.10319999999999999
INFO:root:elite fitness: 0.18784000000000003
INFO:root:Generation: 15
INFO:root:pop fitness: 0.11510000000000002
INFO:root:elite fitness: 0.17104
INFO:root:Generation: 16
INFO:root:pop fitness: 0.09341999999999999
INFO:root:elite fitness: 0.14436
INFO:root:Generation: 16
INFO:root:pop fitness: 0.1103
INFO:root:elite fitness: 0.18216000000000002
INFO:root:Generation: 17
INFO:root:pop fitness: 0.11068000000000001
INFO:root:elite fitness: 0.17732
INFO:root:Generation: 17
INFO:root:pop fitness: 0.10344000000000002
INFO:root:elite fitness: 0.15444000000000002
INFO:root:Generation: 18
INFO:root:pop fitness: 0.10274000000000001
INFO:root:elite fitness: 0.18188000000000001
INFO:root:Generation: 18
INFO:root:pop fitness: 0.10936
INFO:root:elite fitness: 0.16596
INFO:root:Generation: 19
INFO:root:pop fitness: 0.10790000000000001
INFO:root:elite fitness: 0.17056000000000002
INFO:root:Generation: 19
INFO:root:pop fitness: 0.11024
INFO:root:elite fitness: 0.17484000000000002
INFO:root:Generation: 20
INFO:root:pop fitness: 0.10102
INFO:root:elite fitness: 0.16612000000000002
INFO:root:Generation: 20
INFO:root:pop fitness: 0.11684000000000001
INFO:root:elite fitness: 0.17371999999999996
INFO:root:Generation: 21
INFO:root:pop fitness: 0.09314
INFO:root:elite fitness: 0.15488000000000002
INFO:root:Generation: 21
INFO:root:pop fitness: 0.10012
INFO:root:elite fitness: 0.16924
INFO:root:Generation: 22
INFO:root:pop fitness: 0.08756
INFO:root:elite fitness: 0.13928
INFO:root:Generation: 22
INFO:root:pop fitness: 0.12030000000000002
INFO:root:elite fitness: 0.17220000000000002
INFO:root:Generation: 23
INFO:root:pop fitness: 0.11437999999999998
INFO:root:elite fitness: 0.17952
INFO:root:Generation: 23
INFO:root:pop fitness: 0.12666
INFO:root:elite fitness: 0.20524
INFO:root:Generation: 24
INFO:root:pop fitness: 0.12007999999999999
INFO:root:elite fitness: 0.22391999999999995
INFO:root:Generation: 24
INFO:root:pop fitness: 0.12569999999999998
INFO:root:elite fitness: 0.20255999999999996
INFO:root:Generation: 25
INFO:root:pop fitness: 0.11216000000000001
INFO:root:elite fitness: 0.18088
INFO:root:Generation: 25
INFO:root:pop fitness: 0.10522000000000001
INFO:root:elite fitness: 0.16016000000000002
INFO:root:Generation: 26
INFO:root:pop fitness: 0.12988
INFO:root:elite fitness: 0.21495999999999998
INFO:root:Generation: 26
INFO:root:pop fitness: 0.11184000000000001
INFO:root:elite fitness: 0.1664
INFO:root:Generation: 27
INFO:root:pop fitness: 0.12614
INFO:root:elite fitness: 0.25379999999999997
INFO:root:Generation: 27
INFO:root:pop fitness: 0.11704000000000002
INFO:root:elite fitness: 0.19884000000000002
INFO:root:Generation: 28
INFO:root:pop fitness: 0.12078
INFO:root:elite fitness: 0.18188
INFO:root:Generation: 28
INFO:root:pop fitness: 0.11334
INFO:root:elite fitness: 0.19608
INFO:root:Generation: 29
INFO:root:pop fitness: 0.13351999999999997
INFO:root:elite fitness: 0.22324000000000002
INFO:root:Generation: 29
INFO:root:pop fitness: 0.12588
INFO:root:elite fitness: 0.16948
INFO:root:Generation: 30
INFO:root:pop fitness: 0.10886
INFO:root:elite fitness: 0.1598
INFO:root:Generation: 30
INFO:root:pop fitness: 0.11045999999999999
INFO:root:elite fitness: 0.18596000000000001
INFO:root:Generation: 31
INFO:root:pop fitness: 0.12272
INFO:root:elite fitness: 0.17128
INFO:root:Generation: 31
INFO:root:pop fitness: 0.10844
INFO:root:elite fitness: 0.17212000000000002
INFO:root:Generation: 32
INFO:root:pop fitness: 0.12184
INFO:root:elite fitness: 0.17672000000000002
INFO:root:Generation: 32
INFO:root:pop fitness: 0.12862
INFO:root:elite fitness: 0.19688
INFO:root:Generation: 33
INFO:root:pop fitness: 0.11988000000000001
INFO:root:elite fitness: 0.19559999999999994
INFO:root:Generation: 33
INFO:root:pop fitness: 0.12538
INFO:root:elite fitness: 0.19143999999999997
INFO:root:Generation: 34
INFO:root:pop fitness: 0.12594000000000002
INFO:root:elite fitness: 0.22204000000000002
INFO:root:Generation: 34
INFO:root:pop fitness: 0.09618
INFO:root:elite fitness: 0.15460000000000002
INFO:root:Generation: 35
INFO:root:pop fitness: 0.13754000000000002
INFO:root:elite fitness: 0.2248
INFO:root:Generation: 35
INFO:root:pop fitness: 0.12648
INFO:root:elite fitness: 0.22196000000000002
INFO:root:Generation: 36
INFO:root:pop fitness: 0.12137999999999999
INFO:root:elite fitness: 0.17555999999999997
INFO:root:Generation: 36
INFO:root:pop fitness: 0.12106000000000001
INFO:root:elite fitness: 0.21431999999999998
INFO:root:Generation: 37
INFO:root:pop fitness: 0.12
INFO:root:elite fitness: 0.212
INFO:root:Generation: 37
INFO:root:pop fitness: 0.12200000000000001
INFO:root:elite fitness: 0.21736
INFO:root:Generation: 38
INFO:root:pop fitness: 0.11907999999999999
INFO:root:elite fitness: 0.19451999999999997
INFO:root:Generation: 38
INFO:root:pop fitness: 0.10469999999999999
INFO:root:elite fitness: 0.17704
INFO:root:Generation: 39
INFO:root:pop fitness: 0.12516
INFO:root:elite fitness: 0.23384
INFO:root:Generation: 39
INFO:root:pop fitness: 0.12128000000000001
INFO:root:elite fitness: 0.21676
INFO:root:Generation: 40
INFO:root:pop fitness: 0.13438
INFO:root:elite fitness: 0.19515999999999997
INFO:root:Generation: 40
INFO:root:pop fitness: 0.12838
INFO:root:elite fitness: 0.21636
INFO:root:Generation: 41
INFO:root:pop fitness: 0.11264000000000002
INFO:root:elite fitness: 0.20484000000000002
INFO:root:Generation: 41
INFO:root:pop fitness: 0.13456
INFO:root:elite fitness: 0.21608000000000005
INFO:root:Generation: 42
INFO:root:pop fitness: 0.11152000000000001
INFO:root:elite fitness: 0.19376
INFO:root:Generation: 42
INFO:root:pop fitness: 0.11538
INFO:root:elite fitness: 0.18368
INFO:root:Generation: 43
INFO:root:pop fitness: 0.12952
INFO:root:elite fitness: 0.19044
INFO:root:Generation: 44
INFO:root:pop fitness: 0.12974
INFO:root:elite fitness: 0.20548000000000002
INFO:root:Generation: 43
INFO:root:pop fitness: 0.10354000000000001
INFO:root:elite fitness: 0.16572000000000003
INFO:root:Generation: 45
INFO:root:pop fitness: 0.12516
INFO:root:elite fitness: 0.24303999999999998
INFO:root:Generation: 44
INFO:root:pop fitness: 0.11448
INFO:root:elite fitness: 0.20032
INFO:root:Generation: 46
INFO:root:pop fitness: 0.12844
INFO:root:elite fitness: 0.22296000000000002
INFO:root:Generation: 45
INFO:root:pop fitness: 0.11874000000000003
INFO:root:elite fitness: 0.20752000000000004
INFO:root:Generation: 47
INFO:root:pop fitness: 0.11306000000000001
INFO:root:elite fitness: 0.17980000000000002
INFO:root:Generation: 46
INFO:root:pop fitness: 0.1241
INFO:root:elite fitness: 0.21431999999999998
INFO:root:Generation: 48
INFO:root:pop fitness: 0.13612
INFO:root:elite fitness: 0.24188
INFO:root:Generation: 47
INFO:root:pop fitness: 0.11116
INFO:root:elite fitness: 0.17356
INFO:root:Generation: 49
INFO:root:pop fitness: 0.136
INFO:root:elite fitness: 0.22332000000000002
INFO:root:Generation: 48
INFO:root:pop fitness: 0.11685999999999998
INFO:root:elite fitness: 0.19700000000000004
INFO:root:Generation: 50
INFO:root:pop fitness: 0.11045999999999999
INFO:root:elite fitness: 0.18016000000000001
INFO:root:Generation: 49
INFO:root:pop fitness: 0.12465999999999999
INFO:root:elite fitness: 0.2242
INFO:root:Generation: 51
INFO:root:pop fitness: 0.14484
INFO:root:elite fitness: 0.24372
INFO:root:Generation: 50
INFO:root:pop fitness: 0.10372000000000002
INFO:root:elite fitness: 0.1846
INFO:root:Generation: 52
INFO:root:pop fitness: 0.13864
INFO:root:elite fitness: 0.22127999999999998
INFO:root:Generation: 51
INFO:root:pop fitness: 0.11178
INFO:root:elite fitness: 0.18272
INFO:root:Generation: 53
INFO:root:pop fitness: 0.13468
INFO:root:elite fitness: 0.23752000000000004
INFO:root:Generation: 52
INFO:root:pop fitness: 0.10860000000000002
INFO:root:elite fitness: 0.18864
INFO:root:Generation: 54
INFO:root:pop fitness: 0.12183999999999998
INFO:root:elite fitness: 0.20964
INFO:root:Generation: 53
INFO:root:pop fitness: 0.09014000000000001
INFO:root:elite fitness: 0.17648000000000003
INFO:root:Generation: 55
INFO:root:pop fitness: 0.12340000000000001
INFO:root:elite fitness: 0.23548
INFO:root:Generation: 56
INFO:root:pop fitness: 0.12984
INFO:root:elite fitness: 0.22568
INFO:root:Generation: 54
INFO:root:pop fitness: 0.1117
INFO:root:elite fitness: 0.17944000000000002
INFO:root:Generation: 57
INFO:root:pop fitness: 0.12016
INFO:root:elite fitness: 0.19852
INFO:root:Generation: 55
INFO:root:pop fitness: 0.12048
INFO:root:elite fitness: 0.18652000000000002
INFO:root:Generation: 58
INFO:root:pop fitness: 0.12072000000000001
INFO:root:elite fitness: 0.21380000000000002
INFO:root:Generation: 56
INFO:root:pop fitness: 0.11238000000000001
INFO:root:elite fitness: 0.18220000000000003
INFO:root:Generation: 59
INFO:root:pop fitness: 0.12933999999999998
INFO:root:elite fitness: 0.21896000000000002
INFO:root:Generation: 57
INFO:root:pop fitness: 0.12101999999999999
INFO:root:elite fitness: 0.20112
INFO:root:Generation: 60
INFO:root:pop fitness: 0.14076
INFO:root:elite fitness: 0.27424
INFO:root:Generation: 58
INFO:root:pop fitness: 0.11402
INFO:root:elite fitness: 0.20896
INFO:root:Generation: 61
INFO:root:pop fitness: 0.13168
INFO:root:elite fitness: 0.20692
INFO:root:Generation: 59
INFO:root:pop fitness: 0.10988000000000002
INFO:root:elite fitness: 0.1936
INFO:root:Generation: 62
INFO:root:pop fitness: 0.13708
INFO:root:elite fitness: 0.21924000000000002
INFO:root:Generation: 60
INFO:root:pop fitness: 0.12858
INFO:root:elite fitness: 0.20627999999999996
INFO:root:Generation: 63
INFO:root:pop fitness: 0.13466
INFO:root:elite fitness: 0.21772
INFO:root:Generation: 61
INFO:root:pop fitness: 0.11344000000000001
INFO:root:elite fitness: 0.18992
INFO:root:Generation: 64
INFO:root:pop fitness: 0.12602
INFO:root:elite fitness: 0.22180000000000002
INFO:root:Generation: 65
INFO:root:pop fitness: 0.12982000000000002
INFO:root:elite fitness: 0.22168
INFO:root:Generation: 62
INFO:root:pop fitness: 0.13828
INFO:root:elite fitness: 0.24756
INFO:root:Generation: 66
INFO:root:pop fitness: 0.12147999999999999
INFO:root:elite fitness: 0.19916
INFO:root:Generation: 63
INFO:root:pop fitness: 0.12006
INFO:root:elite fitness: 0.21316
INFO:root:Generation: 67
INFO:root:pop fitness: 0.12846000000000002
INFO:root:elite fitness: 0.22392000000000004
INFO:root:Generation: 64
INFO:root:pop fitness: 0.13332
INFO:root:elite fitness: 0.24963999999999997
INFO:root:Generation: 68
INFO:root:pop fitness: 0.13992
INFO:root:elite fitness: 0.22760000000000002
INFO:root:Generation: 65
INFO:root:pop fitness: 0.11967999999999998
INFO:root:elite fitness: 0.19264
INFO:root:Generation: 69
INFO:root:pop fitness: 0.12172000000000001
INFO:root:elite fitness: 0.20728
INFO:root:Generation: 66
INFO:root:pop fitness: 0.1286
INFO:root:elite fitness: 0.22412
INFO:root:Generation: 70
INFO:root:pop fitness: 0.13912000000000002
INFO:root:elite fitness: 0.24072000000000002
INFO:root:Generation: 67
INFO:root:pop fitness: 0.12854000000000002
INFO:root:elite fitness: 0.20884
INFO:root:Generation: 71
INFO:root:pop fitness: 0.12614
INFO:root:elite fitness: 0.20748
INFO:root:Generation: 68
INFO:root:pop fitness: 0.14170000000000002
INFO:root:elite fitness: 0.25484
INFO:root:Generation: 72
INFO:root:pop fitness: 0.13476000000000002
INFO:root:elite fitness: 0.2114
INFO:root:Generation: 73
INFO:root:pop fitness: 0.1284
INFO:root:elite fitness: 0.19216
INFO:root:Generation: 69
INFO:root:pop fitness: 0.1643
INFO:root:elite fitness: 0.2544
INFO:root:Generation: 74
INFO:root:pop fitness: 0.11811999999999999
INFO:root:elite fitness: 0.19440000000000002
INFO:root:Generation: 70
INFO:root:pop fitness: 0.13226000000000002
INFO:root:elite fitness: 0.20675999999999997
INFO:root:Generation: 75
INFO:root:pop fitness: 0.12082000000000001
INFO:root:elite fitness: 0.19296
INFO:root:Generation: 71
INFO:root:pop fitness: 0.13446
INFO:root:elite fitness: 0.22532
INFO:root:Generation: 76
INFO:root:pop fitness: 0.12386
INFO:root:elite fitness: 0.23732
INFO:root:Generation: 72
INFO:root:pop fitness: 0.12884
INFO:root:elite fitness: 0.20832
INFO:root:Generation: 77
INFO:root:pop fitness: 0.13363999999999998
INFO:root:elite fitness: 0.23436
INFO:root:Generation: 73
INFO:root:pop fitness: 0.12702
INFO:root:elite fitness: 0.21352000000000002
INFO:root:Generation: 78
INFO:root:pop fitness: 0.14370000000000002
INFO:root:elite fitness: 0.2324
INFO:root:Generation: 74
INFO:root:pop fitness: 0.13644
INFO:root:elite fitness: 0.21160000000000004
INFO:root:Generation: 79
INFO:root:pop fitness: 0.12398000000000002
INFO:root:elite fitness: 0.19572
INFO:root:Generation: 75
INFO:root:pop fitness: 0.13246
INFO:root:elite fitness: 0.27083999999999997
INFO:root:Generation: 80
INFO:root:pop fitness: 0.132
INFO:root:elite fitness: 0.22580000000000003
INFO:root:Generation: 76
INFO:root:pop fitness: 0.14214000000000002
INFO:root:elite fitness: 0.23404
INFO:root:Generation: 81
INFO:root:pop fitness: 0.14059999999999997
INFO:root:elite fitness: 0.21175999999999998
INFO:root:Generation: 82
INFO:root:pop fitness: 0.1315
INFO:root:elite fitness: 0.23195999999999997
INFO:root:Generation: 77
INFO:root:pop fitness: 0.14884000000000003
INFO:root:elite fitness: 0.24116000000000004
INFO:root:Generation: 83
INFO:root:pop fitness: 0.13172
INFO:root:elite fitness: 0.23891999999999997
INFO:root:Generation: 78
INFO:root:pop fitness: 0.14468000000000003
INFO:root:elite fitness: 0.23920000000000002
INFO:root:Generation: 84
INFO:root:pop fitness: 0.12918000000000002
INFO:root:elite fitness: 0.20336
INFO:root:Generation: 79
INFO:root:pop fitness: 0.14928
INFO:root:elite fitness: 0.26655999999999996
INFO:root:Generation: 85
INFO:root:pop fitness: 0.11285999999999997
INFO:root:elite fitness: 0.19355999999999998
INFO:root:Generation: 80
INFO:root:pop fitness: 0.14336000000000002
INFO:root:elite fitness: 0.26215999999999995
INFO:root:Generation: 86
INFO:root:pop fitness: 0.12724
INFO:root:elite fitness: 0.20988000000000004
INFO:root:Generation: 81
INFO:root:pop fitness: 0.13872
INFO:root:elite fitness: 0.20336
INFO:root:Generation: 87
INFO:root:pop fitness: 0.14344
INFO:root:elite fitness: 0.23775999999999997
INFO:root:Generation: 82
INFO:root:pop fitness: 0.13849999999999998
INFO:root:elite fitness: 0.21875999999999998
INFO:root:Generation: 88
INFO:root:pop fitness: 0.13622
INFO:root:elite fitness: 0.25848000000000004
INFO:root:Generation: 83
INFO:root:pop fitness: 0.12359999999999997
INFO:root:elite fitness: 0.20764
INFO:root:Generation: 89
INFO:root:pop fitness: 0.13106
INFO:root:elite fitness: 0.24019999999999997
INFO:root:Generation: 84
INFO:root:pop fitness: 0.12358000000000001
INFO:root:elite fitness: 0.20624000000000003
INFO:root:Generation: 90
INFO:root:pop fitness: 0.13072
INFO:root:elite fitness: 0.20176
INFO:root:Generation: 85
INFO:root:pop fitness: 0.12134
INFO:root:elite fitness: 0.19791999999999998
INFO:root:Generation: 91
INFO:root:pop fitness: 0.13032
INFO:root:elite fitness: 0.18996000000000002
INFO:root:Generation: 86
INFO:root:pop fitness: 0.11686
INFO:root:elite fitness: 0.19448000000000001
INFO:root:Generation: 92
INFO:root:pop fitness: 0.13432
INFO:root:elite fitness: 0.2248
INFO:root:Generation: 87
INFO:root:pop fitness: 0.141
INFO:root:elite fitness: 0.20628
INFO:root:Generation: 93
INFO:root:pop fitness: 0.13471999999999998
INFO:root:elite fitness: 0.22268000000000002
INFO:root:Generation: 94
INFO:root:pop fitness: 0.12300000000000001
INFO:root:elite fitness: 0.23128
INFO:root:Generation: 88
INFO:root:pop fitness: 0.12966
INFO:root:elite fitness: 0.23212
INFO:root:Generation: 95
INFO:root:pop fitness: 0.1194
INFO:root:elite fitness: 0.1902
INFO:root:Generation: 89
INFO:root:pop fitness: 0.147
INFO:root:elite fitness: 0.24563999999999997
INFO:root:Generation: 96
INFO:root:pop fitness: 0.14312
INFO:root:elite fitness: 0.25152
INFO:root:Generation: 90
INFO:root:pop fitness: 0.14332
INFO:root:elite fitness: 0.2576
INFO:root:Generation: 97
INFO:root:pop fitness: 0.12564
INFO:root:elite fitness: 0.22427999999999998
INFO:root:Generation: 91
INFO:root:pop fitness: 0.13972
INFO:root:elite fitness: 0.21816000000000002
INFO:root:Generation: 98
INFO:root:pop fitness: 0.13224
INFO:root:elite fitness: 0.2236
INFO:root:Generation: 92
INFO:root:pop fitness: 0.14642
INFO:root:elite fitness: 0.2372
INFO:root:Generation: 99
INFO:root:pop fitness: 0.131
INFO:root:elite fitness: 0.21012000000000003
INFO:root:Generation: 93
INFO:root:pop fitness: 0.11708
INFO:root:elite fitness: 0.20796000000000003
INFO:root:Generation: 100
INFO:root:pop fitness: 0.11513999999999999
INFO:root:elite fitness: 0.20063999999999996
INFO:root:Generation: 94
INFO:root:pop fitness: 0.1315
INFO:root:elite fitness: 0.22020000000000003
INFO:root:Generation: 101
INFO:root:pop fitness: 0.13252
INFO:root:elite fitness: 0.2238
INFO:root:Generation: 102
INFO:root:pop fitness: 0.12592
INFO:root:elite fitness: 0.19607999999999998
INFO:root:Generation: 95
INFO:root:pop fitness: 0.12341999999999999
INFO:root:elite fitness: 0.21195999999999998
INFO:root:Generation: 103
INFO:root:pop fitness: 0.11768
INFO:root:elite fitness: 0.18748
INFO:root:Generation: 96
INFO:root:pop fitness: 0.12566
INFO:root:elite fitness: 0.20623999999999998
INFO:root:Generation: 104
INFO:root:pop fitness: 0.1144
INFO:root:elite fitness: 0.20012
INFO:root:Generation: 97
INFO:root:pop fitness: 0.11674
INFO:root:elite fitness: 0.19252000000000002
INFO:root:Generation: 105
INFO:root:pop fitness: 0.1286
INFO:root:elite fitness: 0.20304
INFO:root:Generation: 98
INFO:root:pop fitness: 0.13302000000000003
INFO:root:elite fitness: 0.2194
INFO:root:Generation: 106
INFO:root:pop fitness: 0.13712
INFO:root:elite fitness: 0.23844000000000004
INFO:root:Generation: 99
INFO:root:pop fitness: 0.12694
INFO:root:elite fitness: 0.22112
INFO:root:Generation: 107
INFO:root:pop fitness: 0.13746
INFO:root:elite fitness: 0.22343999999999997
INFO:root:Generation: 100
INFO:root:pop fitness: 0.12392000000000002
INFO:root:elite fitness: 0.17863999999999997
INFO:root:Generation: 108
INFO:root:pop fitness: 0.14518
INFO:root:elite fitness: 0.27204
INFO:root:Generation: 101
INFO:root:pop fitness: 0.13757999999999998
INFO:root:elite fitness: 0.21316
INFO:root:Generation: 109
INFO:root:pop fitness: 0.12366000000000002
INFO:root:elite fitness: 0.19356
INFO:root:Generation: 102
INFO:root:pop fitness: 0.12516000000000002
INFO:root:elite fitness: 0.21384000000000003
INFO:root:Generation: 110
INFO:root:pop fitness: 0.12844
INFO:root:elite fitness: 0.20991999999999997
INFO:root:Generation: 103
INFO:root:pop fitness: 0.13674
INFO:root:elite fitness: 0.23707999999999999
INFO:root:Generation: 111
INFO:root:pop fitness: 0.13011999999999999
INFO:root:elite fitness: 0.22196000000000002
INFO:root:Generation: 104
INFO:root:pop fitness: 0.12848
INFO:root:elite fitness: 0.22095999999999996
INFO:root:Generation: 112
INFO:root:pop fitness: 0.14744
INFO:root:elite fitness: 0.24911999999999998
INFO:root:Generation: 105
INFO:root:pop fitness: 0.11484
INFO:root:elite fitness: 0.22768
INFO:root:Generation: 113
INFO:root:pop fitness: 0.13702
INFO:root:elite fitness: 0.2086
INFO:root:Generation: 106
INFO:root:pop fitness: 0.11496
INFO:root:elite fitness: 0.19808
INFO:root:Generation: 114
INFO:root:pop fitness: 0.13876000000000002
INFO:root:elite fitness: 0.2656
INFO:root:Generation: 107
INFO:root:pop fitness: 0.10777999999999999
INFO:root:elite fitness: 0.17148000000000002
INFO:root:Generation: 115
INFO:root:pop fitness: 0.1373
INFO:root:elite fitness: 0.234
INFO:root:Generation: 108
INFO:root:pop fitness: 0.14752
INFO:root:elite fitness: 0.25468
INFO:root:Generation: 116
INFO:root:pop fitness: 0.12264000000000001
INFO:root:elite fitness: 0.2588
INFO:root:Generation: 109
INFO:root:pop fitness: 0.11008
INFO:root:elite fitness: 0.19384
INFO:root:Generation: 117
INFO:root:pop fitness: 0.15166000000000002
INFO:root:elite fitness: 0.24719999999999998
INFO:root:Generation: 118
INFO:root:pop fitness: 0.1416
INFO:root:elite fitness: 0.22020000000000003
INFO:root:Generation: 110
INFO:root:pop fitness: 0.11644
INFO:root:elite fitness: 0.20331999999999997
INFO:root:Generation: 119
INFO:root:pop fitness: 0.14406
INFO:root:elite fitness: 0.2866
INFO:root:Generation: 111
INFO:root:pop fitness: 0.12764
INFO:root:elite fitness: 0.19723999999999997
INFO:root:Generation: 120
INFO:root:pop fitness: 0.13362000000000002
INFO:root:elite fitness: 0.20736000000000002
INFO:root:Generation: 112
INFO:root:pop fitness: 0.11675999999999999
INFO:root:elite fitness: 0.1866
INFO:root:Generation: 121
INFO:root:pop fitness: 0.12357999999999998
INFO:root:elite fitness: 0.22424000000000002
INFO:root:Generation: 113
INFO:root:pop fitness: 0.11858
INFO:root:elite fitness: 0.19419999999999998
INFO:root:Generation: 122
INFO:root:pop fitness: 0.12328000000000001
INFO:root:elite fitness: 0.20664000000000002
INFO:root:Generation: 114
INFO:root:pop fitness: 0.11738
INFO:root:elite fitness: 0.18424000000000004
INFO:root:Generation: 123
INFO:root:pop fitness: 0.14932
INFO:root:elite fitness: 0.23108000000000004
INFO:root:Generation: 115
INFO:root:pop fitness: 0.12898
INFO:root:elite fitness: 0.21224
INFO:root:Generation: 124
INFO:root:pop fitness: 0.1376
INFO:root:elite fitness: 0.22748000000000002
INFO:root:Generation: 116
INFO:root:pop fitness: 0.13354
INFO:root:elite fitness: 0.20176
INFO:root:Generation: 125
INFO:root:pop fitness: 0.1478
INFO:root:elite fitness: 0.25892
INFO:root:Generation: 117
INFO:root:pop fitness: 0.12916000000000002
INFO:root:elite fitness: 0.243
INFO:root:Generation: 126
INFO:root:pop fitness: 0.14185999999999999
INFO:root:elite fitness: 0.22728
INFO:root:Generation: 118
INFO:root:pop fitness: 0.12683999999999998
INFO:root:elite fitness: 0.2138
INFO:root:Generation: 127
INFO:root:pop fitness: 0.1331
INFO:root:elite fitness: 0.21075999999999998
INFO:root:Generation: 119
INFO:root:pop fitness: 0.13218
INFO:root:elite fitness: 0.23079999999999998
INFO:root:Generation: 128
INFO:root:pop fitness: 0.13704
INFO:root:elite fitness: 0.21500000000000002
INFO:root:Generation: 120
INFO:root:pop fitness: 0.14508
INFO:root:elite fitness: 0.23895999999999998
INFO:root:Generation: 129
INFO:root:pop fitness: 0.14354
INFO:root:elite fitness: 0.23596
INFO:root:Generation: 121
INFO:root:pop fitness: 0.12905999999999998
INFO:root:elite fitness: 0.21812
INFO:root:Generation: 130
INFO:root:pop fitness: 0.14664
INFO:root:elite fitness: 0.25188
INFO:root:Generation: 131
INFO:root:pop fitness: 0.14594000000000001
INFO:root:elite fitness: 0.23187999999999998
INFO:root:Generation: 122
INFO:root:pop fitness: 0.1283
INFO:root:elite fitness: 0.22211999999999998
INFO:root:Generation: 132
INFO:root:pop fitness: 0.14806
INFO:root:elite fitness: 0.22504000000000002
INFO:root:Generation: 123
INFO:root:pop fitness: 0.12876
INFO:root:elite fitness: 0.22535999999999998
INFO:root:Generation: 133
INFO:root:pop fitness: 0.13464
INFO:root:elite fitness: 0.20252000000000003
INFO:root:Generation: 124
INFO:root:pop fitness: 0.11388
INFO:root:elite fitness: 0.17127999999999996
INFO:root:Generation: 134
INFO:root:pop fitness: 0.15002000000000001
INFO:root:elite fitness: 0.25056
INFO:root:Generation: 125
INFO:root:pop fitness: 0.12628
INFO:root:elite fitness: 0.19572000000000003
INFO:root:Generation: 135
INFO:root:pop fitness: 0.13577999999999998
INFO:root:elite fitness: 0.24108000000000004
INFO:root:Generation: 126
INFO:root:pop fitness: 0.12719999999999998
INFO:root:elite fitness: 0.20055999999999996
INFO:root:Generation: 136
INFO:root:pop fitness: 0.15218
INFO:root:elite fitness: 0.24792000000000003
INFO:root:Generation: 127
INFO:root:pop fitness: 0.12298000000000002
INFO:root:elite fitness: 0.20183999999999996
INFO:root:Generation: 137
INFO:root:pop fitness: 0.14245999999999998
INFO:root:elite fitness: 0.23843999999999999
INFO:root:Generation: 128
INFO:root:pop fitness: 0.13873999999999997
INFO:root:elite fitness: 0.24904
INFO:root:Generation: 138
INFO:root:pop fitness: 0.13590000000000002
INFO:root:elite fitness: 0.22184
INFO:root:Generation: 129
INFO:root:pop fitness: 0.11986000000000002
INFO:root:elite fitness: 0.19872
INFO:root:Generation: 139
INFO:root:pop fitness: 0.1334
INFO:root:elite fitness: 0.20375999999999997
INFO:root:Generation: 130
INFO:root:pop fitness: 0.13144000000000003
INFO:root:elite fitness: 0.21240000000000003
INFO:root:Generation: 140
INFO:root:pop fitness: 0.14014
INFO:root:elite fitness: 0.2134
INFO:root:Generation: 131
INFO:root:pop fitness: 0.13899999999999998
INFO:root:elite fitness: 0.24220000000000003
INFO:root:Generation: 141
INFO:root:pop fitness: 0.14042000000000002
INFO:root:elite fitness: 0.26484
INFO:root:Generation: 132
INFO:root:pop fitness: 0.13674
INFO:root:elite fitness: 0.22395999999999996
INFO:root:Generation: 142
INFO:root:pop fitness: 0.13312000000000002
INFO:root:elite fitness: 0.23075999999999997
INFO:root:Generation: 143
INFO:root:pop fitness: 0.13816
INFO:root:elite fitness: 0.24423999999999998
INFO:root:Generation: 133
INFO:root:pop fitness: 0.13358
INFO:root:elite fitness: 0.19432
INFO:root:Generation: 144
INFO:root:pop fitness: 0.1469
INFO:root:elite fitness: 0.22448
INFO:root:Generation: 134
INFO:root:pop fitness: 0.14748
INFO:root:elite fitness: 0.23683999999999997
INFO:root:Generation: 145
INFO:root:pop fitness: 0.14635999999999996
INFO:root:elite fitness: 0.22664
INFO:root:Generation: 135
INFO:root:pop fitness: 0.13804
INFO:root:elite fitness: 0.23256
INFO:root:Generation: 146
INFO:root:pop fitness: 0.15776
INFO:root:elite fitness: 0.2652
INFO:root:Generation: 136
INFO:root:pop fitness: 0.1454
INFO:root:elite fitness: 0.26872
INFO:root:Generation: 147
INFO:root:pop fitness: 0.14754
INFO:root:elite fitness: 0.22736
INFO:root:Generation: 137
INFO:root:pop fitness: 0.13382
INFO:root:elite fitness: 0.21780000000000002
INFO:root:Generation: 148
INFO:root:pop fitness: 0.15884
INFO:root:elite fitness: 0.32968
INFO:root:Generation: 138
INFO:root:pop fitness: 0.13384000000000001
INFO:root:elite fitness: 0.27256
INFO:root:Generation: 149
INFO:root:pop fitness: 0.14066
INFO:root:elite fitness: 0.23648
INFO:root:Generation: 150
INFO:root:pop fitness: 0.15930000000000002
INFO:root:elite fitness: 0.26596
INFO:root:Generation: 139
INFO:root:pop fitness: 0.13362000000000002
INFO:root:elite fitness: 0.21575999999999998
INFO:root:Generation: 151
INFO:root:pop fitness: 0.15374000000000002
INFO:root:elite fitness: 0.2432
INFO:root:Generation: 140
INFO:root:pop fitness: 0.16064
INFO:root:elite fitness: 0.24123999999999998
INFO:root:Generation: 152
INFO:root:pop fitness: 0.16752
INFO:root:elite fitness: 0.2766
INFO:root:Generation: 141
INFO:root:pop fitness: 0.14848
INFO:root:elite fitness: 0.21964000000000003
INFO:root:Generation: 153
INFO:root:pop fitness: 0.1589
INFO:root:elite fitness: 0.26652000000000003
INFO:root:Generation: 142
INFO:root:pop fitness: 0.14709999999999998
INFO:root:elite fitness: 0.24144000000000002
INFO:root:Generation: 154
INFO:root:pop fitness: 0.16949999999999998
INFO:root:elite fitness: 0.26580000000000004
INFO:root:Generation: 143
INFO:root:pop fitness: 0.15998000000000004
INFO:root:elite fitness: 0.27916
INFO:root:Generation: 155
INFO:root:pop fitness: 0.15722
INFO:root:elite fitness: 0.25148
INFO:root:Generation: 144
INFO:root:pop fitness: 0.15238000000000002
INFO:root:elite fitness: 0.23939999999999997
INFO:root:Generation: 156
INFO:root:pop fitness: 0.15606
INFO:root:elite fitness: 0.2398
INFO:root:Generation: 145
INFO:root:pop fitness: 0.15088
INFO:root:elite fitness: 0.24256
INFO:root:Generation: 157
INFO:root:pop fitness: 0.17758
INFO:root:elite fitness: 0.25420000000000004
INFO:root:Generation: 146
INFO:root:pop fitness: 0.1562
INFO:root:elite fitness: 0.27024000000000004
INFO:root:Generation: 158
INFO:root:pop fitness: 0.15972
INFO:root:elite fitness: 0.24628
INFO:root:Generation: 147
INFO:root:pop fitness: 0.14132000000000003
INFO:root:elite fitness: 0.23931999999999998
INFO:root:Generation: 159
INFO:root:pop fitness: 0.16102
INFO:root:elite fitness: 0.31952
INFO:root:Generation: 148
INFO:root:pop fitness: 0.14952
INFO:root:elite fitness: 0.21916
INFO:root:Generation: 160
INFO:root:pop fitness: 0.15344
INFO:root:elite fitness: 0.24547999999999998
INFO:root:Generation: 149
INFO:root:pop fitness: 0.17232
INFO:root:elite fitness: 0.26492
INFO:root:Generation: 161
INFO:root:pop fitness: 0.18018
INFO:root:elite fitness: 0.26115999999999995
INFO:root:Generation: 150
INFO:root:pop fitness: 0.16637999999999997
INFO:root:elite fitness: 0.27528
INFO:root:Generation: 162
INFO:root:pop fitness: 0.17526000000000003
INFO:root:elite fitness: 0.27896
INFO:root:Generation: 151
INFO:root:pop fitness: 0.14254
INFO:root:elite fitness: 0.21959999999999996
INFO:root:Generation: 163
INFO:root:pop fitness: 0.14886000000000002
INFO:root:elite fitness: 0.21252
INFO:root:Generation: 152
INFO:root:pop fitness: 0.17118000000000003
INFO:root:elite fitness: 0.25628000000000006
INFO:root:Generation: 164
INFO:root:pop fitness: 0.16226
INFO:root:elite fitness: 0.31228
INFO:root:Generation: 153
INFO:root:pop fitness: 0.1461
INFO:root:elite fitness: 0.22928
INFO:root:Generation: 165
INFO:root:pop fitness: 0.1422
INFO:root:elite fitness: 0.22816
INFO:root:Generation: 166
INFO:root:pop fitness: 0.13607999999999998
INFO:root:elite fitness: 0.22616
INFO:root:Generation: 154
INFO:root:pop fitness: 0.14918
INFO:root:elite fitness: 0.22788
INFO:root:Generation: 167
INFO:root:pop fitness: 0.15532
INFO:root:elite fitness: 0.24776
INFO:root:Generation: 155
INFO:root:pop fitness: 0.14566
INFO:root:elite fitness: 0.26156
INFO:root:Generation: 168
INFO:root:pop fitness: 0.16765999999999998
INFO:root:elite fitness: 0.26492000000000004
INFO:root:Generation: 156
INFO:root:pop fitness: 0.13207999999999998
INFO:root:elite fitness: 0.21760000000000002
INFO:root:Generation: 169
INFO:root:pop fitness: 0.16834
INFO:root:elite fitness: 0.28968
INFO:root:Generation: 157
INFO:root:pop fitness: 0.15472000000000002
INFO:root:elite fitness: 0.2334
INFO:root:Generation: 170
INFO:root:pop fitness: 0.1566
INFO:root:elite fitness: 0.24884
INFO:root:Generation: 158
INFO:root:pop fitness: 0.14864000000000002
INFO:root:elite fitness: 0.24208
INFO:root:Generation: 171
INFO:root:pop fitness: 0.17156
INFO:root:elite fitness: 0.28456
INFO:root:Generation: 159
INFO:root:pop fitness: 0.15316000000000002
INFO:root:elite fitness: 0.24448
INFO:root:Generation: 172
INFO:root:pop fitness: 0.15318
INFO:root:elite fitness: 0.26727999999999996
INFO:root:Generation: 160
INFO:root:pop fitness: 0.13068000000000002
INFO:root:elite fitness: 0.2148
INFO:root:Generation: 173
INFO:root:pop fitness: 0.14034000000000002
INFO:root:elite fitness: 0.2128
INFO:root:Generation: 161
INFO:root:pop fitness: 0.15042
INFO:root:elite fitness: 0.25088000000000005
INFO:root:Generation: 174
INFO:root:pop fitness: 0.174
INFO:root:elite fitness: 0.27464
INFO:root:Generation: 162
INFO:root:pop fitness: 0.15479999999999997
INFO:root:elite fitness: 0.25932000000000005
INFO:root:Generation: 175
INFO:root:pop fitness: 0.14792000000000002
INFO:root:elite fitness: 0.24628
INFO:root:Generation: 176
INFO:root:pop fitness: 0.15120000000000003
INFO:root:elite fitness: 0.261
INFO:root:Generation: 163
INFO:root:pop fitness: 0.16570000000000001
INFO:root:elite fitness: 0.2488
INFO:root:Generation: 177
INFO:root:pop fitness: 0.16988
INFO:root:elite fitness: 0.27432
INFO:root:Generation: 164
INFO:root:pop fitness: 0.14302
INFO:root:elite fitness: 0.21756
INFO:root:Generation: 178
INFO:root:pop fitness: 0.15856
INFO:root:elite fitness: 0.23983999999999997
INFO:root:Generation: 165
INFO:root:pop fitness: 0.16183999999999998
INFO:root:elite fitness: 0.265
INFO:root:Generation: 179
INFO:root:pop fitness: 0.14322
INFO:root:elite fitness: 0.25616
INFO:root:Generation: 166
INFO:root:pop fitness: 0.1444
INFO:root:elite fitness: 0.24416000000000002
INFO:root:Generation: 180
INFO:root:pop fitness: 0.16068
INFO:root:elite fitness: 0.28659999999999997
INFO:root:Generation: 167
INFO:root:pop fitness: 0.14665999999999998
INFO:root:elite fitness: 0.23592000000000002
INFO:root:Generation: 181
INFO:root:pop fitness: 0.16204000000000002
INFO:root:elite fitness: 0.24904
INFO:root:Generation: 168
INFO:root:pop fitness: 0.15806
INFO:root:elite fitness: 0.28187999999999996
INFO:root:Generation: 182
INFO:root:pop fitness: 0.18832000000000004
INFO:root:elite fitness: 0.30764
INFO:root:Generation: 169
INFO:root:pop fitness: 0.15525999999999998
INFO:root:elite fitness: 0.228
INFO:root:Generation: 183
INFO:root:pop fitness: 0.17861999999999997
INFO:root:elite fitness: 0.27856
INFO:root:Generation: 184
INFO:root:pop fitness: 0.17073999999999998
INFO:root:elite fitness: 0.26404
INFO:root:Generation: 170
INFO:root:pop fitness: 0.14756
INFO:root:elite fitness: 0.25912
INFO:root:Generation: 185
INFO:root:pop fitness: 0.16247999999999999
INFO:root:elite fitness: 0.27536
INFO:root:Generation: 171
INFO:root:pop fitness: 0.16228
INFO:root:elite fitness: 0.22655999999999998
INFO:root:Generation: 186
INFO:root:pop fitness: 0.1754
INFO:root:elite fitness: 0.25748
INFO:root:Generation: 172
INFO:root:pop fitness: 0.16652000000000006
INFO:root:elite fitness: 0.2792
INFO:root:Generation: 187
INFO:root:pop fitness: 0.15364
INFO:root:elite fitness: 0.24744
INFO:root:Generation: 173
INFO:root:pop fitness: 0.17255999999999996
INFO:root:elite fitness: 0.28048
INFO:root:Generation: 188
INFO:root:pop fitness: 0.18936
INFO:root:elite fitness: 0.32112
INFO:root:Generation: 189
INFO:root:pop fitness: 0.17830000000000001
INFO:root:elite fitness: 0.31488000000000005
INFO:root:Generation: 174
INFO:root:pop fitness: 0.15600000000000003
INFO:root:elite fitness: 0.247
INFO:root:Generation: 190
INFO:root:pop fitness: 0.15552
INFO:root:elite fitness: 0.23404
INFO:root:Generation: 175
INFO:root:pop fitness: 0.1783
INFO:root:elite fitness: 0.29291999999999996
INFO:root:Generation: 191
INFO:root:pop fitness: 0.15353999999999998
INFO:root:elite fitness: 0.27748
INFO:root:Generation: 176
INFO:root:pop fitness: 0.15984
INFO:root:elite fitness: 0.28268
INFO:root:Generation: 192
INFO:root:pop fitness: 0.15614
INFO:root:elite fitness: 0.28044
INFO:root:Generation: 177
INFO:root:pop fitness: 0.17538
INFO:root:elite fitness: 0.30591999999999997
INFO:root:Generation: 193
INFO:root:pop fitness: 0.15652
INFO:root:elite fitness: 0.25324
INFO:root:Generation: 178
INFO:root:pop fitness: 0.18704
INFO:root:elite fitness: 0.27604
INFO:root:Generation: 194
INFO:root:pop fitness: 0.1739
INFO:root:elite fitness: 0.28368000000000004
INFO:root:Generation: 179
INFO:root:pop fitness: 0.17694
INFO:root:elite fitness: 0.2864
INFO:root:Generation: 195
INFO:root:pop fitness: 0.15930000000000002
INFO:root:elite fitness: 0.24888000000000002
INFO:root:Generation: 180
INFO:root:pop fitness: 0.1457
INFO:root:elite fitness: 0.21291999999999997
INFO:root:Generation: 196
INFO:root:pop fitness: 0.16912
INFO:root:elite fitness: 0.2712
INFO:root:Generation: 181
INFO:root:pop fitness: 0.18318
INFO:root:elite fitness: 0.29975999999999997
INFO:root:Generation: 197
INFO:root:pop fitness: 0.14772000000000002
INFO:root:elite fitness: 0.24224
INFO:root:Generation: 182
INFO:root:pop fitness: 0.16577999999999998
INFO:root:elite fitness: 0.30416
INFO:root:Generation: 198
INFO:root:pop fitness: 0.15403999999999998
INFO:root:elite fitness: 0.24927999999999997
INFO:root:Generation: 183
INFO:root:pop fitness: 0.16569999999999996
INFO:root:elite fitness: 0.26211999999999996
INFO:root:Generation: 199
INFO:root:pop fitness: 0.16274
INFO:root:elite fitness: 0.2522
INFO:root:Generation: 184
INFO:root:pop fitness: 0.16916
INFO:root:elite fitness: 0.25888
INFO:root:Generation: 185
INFO:root:pop fitness: 0.17737999999999998
INFO:root:elite fitness: 0.278
INFO:root:Generation: 186
INFO:root:pop fitness: 0.18078
INFO:root:elite fitness: 0.28728000000000004
INFO:root:Generation: 187
INFO:root:pop fitness: 0.1848
INFO:root:elite fitness: 0.3054
INFO:root:Generation: 188
INFO:root:pop fitness: 0.17758000000000002
INFO:root:elite fitness: 0.254
INFO:root:Generation: 189
INFO:root:pop fitness: 0.16424
INFO:root:elite fitness: 0.28240000000000004
INFO:root:Generation: 190
INFO:root:pop fitness: 0.18026
INFO:root:elite fitness: 0.27124
INFO:root:Generation: 191
INFO:root:pop fitness: 0.17544
INFO:root:elite fitness: 0.28164
INFO:root:Generation: 192
INFO:root:pop fitness: 0.16087999999999997
INFO:root:elite fitness: 0.23915999999999996
INFO:root:Generation: 193
INFO:root:pop fitness: 0.17701999999999998
INFO:root:elite fitness: 0.2988
INFO:root:Generation: 194
INFO:root:pop fitness: 0.17562
INFO:root:elite fitness: 0.27771999999999997
INFO:root:Generation: 195
INFO:root:pop fitness: 0.16914
INFO:root:elite fitness: 0.24855999999999998
INFO:root:Generation: 196
INFO:root:pop fitness: 0.17854000000000003
INFO:root:elite fitness: 0.29148
INFO:root:Generation: 197
INFO:root:pop fitness: 0.16922
INFO:root:elite fitness: 0.26208000000000004
INFO:root:Generation: 198
INFO:root:pop fitness: 0.16291999999999998
INFO:root:elite fitness: 0.25776000000000004
INFO:root:Generation: 199
INFO:root:pop fitness: 0.1832
INFO:root:elite fitness: 0.28292
