INFO:root:run_master: Namespace(arms='10', hidden='32', layers='3', max_gen='200', message='', mutation_mag='0.1', name='nonStationary_v2', noise=False, pop_size='150', save_result=True, trials='100')
INFO:root:run_master: Namespace(arms='10', hidden='32', layers='3', max_gen='200', message='', mutation_mag='0.1', name='nonStationary_v2', noise=True, pop_size='150', save_result=True, trials='100')
INFO:root:Generation: 0
INFO:root:pop fitness: 0.10149999999999998
INFO:root:elite fitness: 0.11528000000000001
INFO:root:Generation: 0
INFO:root:pop fitness: 0.09945333333333331
INFO:root:elite fitness: 0.10998666666666668
INFO:root:Generation: 1
INFO:root:pop fitness: 0.10107999999999999
INFO:root:elite fitness: 0.11478666666666666
INFO:root:Generation: 1
INFO:root:pop fitness: 0.10109333333333333
INFO:root:elite fitness: 0.11652000000000001
INFO:root:Generation: 2
INFO:root:pop fitness: 0.09661999999999998
INFO:root:elite fitness: 0.11814666666666668
INFO:root:Generation: 2
INFO:root:pop fitness: 0.10016666666666665
INFO:root:elite fitness: 0.12468000000000001
INFO:root:Generation: 3
INFO:root:pop fitness: 0.10319333333333333
INFO:root:elite fitness: 0.13299999999999998
INFO:root:Generation: 3
INFO:root:pop fitness: 0.10181333333333334
INFO:root:elite fitness: 0.13857333333333335
INFO:root:Generation: 4
INFO:root:pop fitness: 0.10403333333333332
INFO:root:elite fitness: 0.14018666666666668
INFO:root:Generation: 4
INFO:root:pop fitness: 0.10004
INFO:root:elite fitness: 0.15009333333333336
INFO:root:Generation: 5
INFO:root:pop fitness: 0.09807333333333333
INFO:root:elite fitness: 0.14864
INFO:root:Generation: 5
INFO:root:pop fitness: 0.09975333333333332
INFO:root:elite fitness: 0.14018666666666665
INFO:root:Generation: 6
INFO:root:pop fitness: 0.10628666666666665
INFO:root:elite fitness: 0.16390666666666667
INFO:root:Generation: 6
INFO:root:pop fitness: 0.09991333333333334
INFO:root:elite fitness: 0.15049333333333334
INFO:root:Generation: 7
INFO:root:pop fitness: 0.10101333333333333
INFO:root:elite fitness: 0.17290666666666665
INFO:root:Generation: 8
INFO:root:pop fitness: 0.10478666666666668
INFO:root:elite fitness: 0.18481333333333333
INFO:root:Generation: 7
INFO:root:pop fitness: 0.10590666666666669
INFO:root:elite fitness: 0.17790666666666669
INFO:root:Generation: 9
INFO:root:pop fitness: 0.10509999999999999
INFO:root:elite fitness: 0.19178666666666666
INFO:root:Generation: 8
INFO:root:pop fitness: 0.11098
INFO:root:elite fitness: 0.19429333333333332
INFO:root:Generation: 10
INFO:root:pop fitness: 0.10776666666666666
INFO:root:elite fitness: 0.18109333333333336
INFO:root:Generation: 9
INFO:root:pop fitness: 0.09874666666666668
INFO:root:elite fitness: 0.1694266666666667
INFO:root:Generation: 11
INFO:root:pop fitness: 0.11122666666666665
INFO:root:elite fitness: 0.19176000000000004
INFO:root:Generation: 10
INFO:root:pop fitness: 0.09276000000000001
INFO:root:elite fitness: 0.17377333333333336
INFO:root:Generation: 12
INFO:root:pop fitness: 0.10163333333333334
INFO:root:elite fitness: 0.19690666666666667
INFO:root:Generation: 11
INFO:root:pop fitness: 0.10152000000000001
INFO:root:elite fitness: 0.17537333333333333
INFO:root:Generation: 13
INFO:root:pop fitness: 0.10612666666666667
INFO:root:elite fitness: 0.18604
INFO:root:Generation: 12
INFO:root:pop fitness: 0.11067333333333333
INFO:root:elite fitness: 0.19524
INFO:root:Generation: 14
INFO:root:pop fitness: 0.11187333333333332
INFO:root:elite fitness: 0.20743999999999999
INFO:root:Generation: 13
INFO:root:pop fitness: 0.10419333333333335
INFO:root:elite fitness: 0.19114666666666666
INFO:root:Generation: 15
INFO:root:pop fitness: 0.10443333333333332
INFO:root:elite fitness: 0.20748000000000003
INFO:root:Generation: 14
INFO:root:pop fitness: 0.10232666666666666
INFO:root:elite fitness: 0.17050666666666667
INFO:root:Generation: 16
INFO:root:pop fitness: 0.11316
INFO:root:elite fitness: 0.19242666666666663
INFO:root:Generation: 15
INFO:root:pop fitness: 0.10601333333333333
INFO:root:elite fitness: 0.19372000000000006
INFO:root:Generation: 17
INFO:root:pop fitness: 0.10193333333333333
INFO:root:elite fitness: 0.19001333333333334
INFO:root:Generation: 18
INFO:root:pop fitness: 0.10704666666666665
INFO:root:elite fitness: 0.19786666666666666
INFO:root:Generation: 16
INFO:root:pop fitness: 0.10132666666666668
INFO:root:elite fitness: 0.17872000000000002
INFO:root:Generation: 19
INFO:root:pop fitness: 0.10767333333333333
INFO:root:elite fitness: 0.1907066666666667
INFO:root:Generation: 17
INFO:root:pop fitness: 0.10451333333333333
INFO:root:elite fitness: 0.19524000000000002
INFO:root:Generation: 20
INFO:root:pop fitness: 0.09682666666666666
INFO:root:elite fitness: 0.1702133333333333
INFO:root:Generation: 18
INFO:root:pop fitness: 0.10270000000000001
INFO:root:elite fitness: 0.18436
INFO:root:Generation: 21
INFO:root:pop fitness: 0.09842
INFO:root:elite fitness: 0.18193333333333334
INFO:root:Generation: 19
INFO:root:pop fitness: 0.10421333333333334
INFO:root:elite fitness: 0.18482666666666667
INFO:root:Generation: 22
INFO:root:pop fitness: 0.1033333333333333
INFO:root:elite fitness: 0.17696
INFO:root:Generation: 20
INFO:root:pop fitness: 0.09722666666666667
INFO:root:elite fitness: 0.18145333333333333
INFO:root:Generation: 23
INFO:root:pop fitness: 0.10562666666666667
INFO:root:elite fitness: 0.1764133333333333
INFO:root:Generation: 21
INFO:root:pop fitness: 0.10589333333333334
INFO:root:elite fitness: 0.18474666666666664
INFO:root:Generation: 24
INFO:root:pop fitness: 0.10288666666666667
INFO:root:elite fitness: 0.19306666666666664
INFO:root:Generation: 22
INFO:root:pop fitness: 0.10796666666666667
INFO:root:elite fitness: 0.20372
INFO:root:Generation: 25
INFO:root:pop fitness: 0.09840000000000002
INFO:root:elite fitness: 0.18886666666666668
INFO:root:Generation: 23
INFO:root:pop fitness: 0.10755333333333335
INFO:root:elite fitness: 0.18905333333333332
INFO:root:Generation: 26
INFO:root:pop fitness: 0.10144
INFO:root:elite fitness: 0.18621333333333331
INFO:root:Generation: 24
INFO:root:pop fitness: 0.10333333333333333
INFO:root:elite fitness: 0.18660000000000002
INFO:root:Generation: 27
INFO:root:pop fitness: 0.11089333333333332
INFO:root:elite fitness: 0.18916000000000002
INFO:root:Generation: 28
INFO:root:pop fitness: 0.10562666666666667
INFO:root:elite fitness: 0.19205333333333333
INFO:root:Generation: 25
INFO:root:pop fitness: 0.10691333333333333
INFO:root:elite fitness: 0.20268000000000003
INFO:root:Generation: 29
INFO:root:pop fitness: 0.10259333333333333
INFO:root:elite fitness: 0.18878666666666669
INFO:root:Generation: 26
INFO:root:pop fitness: 0.12733333333333335
INFO:root:elite fitness: 0.22328000000000003
INFO:root:Generation: 30
INFO:root:pop fitness: 0.12328666666666668
INFO:root:elite fitness: 0.22804000000000002
INFO:root:Generation: 27
INFO:root:pop fitness: 0.12481999999999999
INFO:root:elite fitness: 0.23099999999999998
INFO:root:Generation: 31
INFO:root:pop fitness: 0.11362
INFO:root:elite fitness: 0.20793333333333333
INFO:root:Generation: 32
INFO:root:pop fitness: 0.10418666666666666
INFO:root:elite fitness: 0.19169333333333333
INFO:root:Generation: 28
INFO:root:pop fitness: 0.11621333333333335
INFO:root:elite fitness: 0.21272
INFO:root:Generation: 33
INFO:root:pop fitness: 0.11035333333333332
INFO:root:elite fitness: 0.19568
INFO:root:Generation: 29
INFO:root:pop fitness: 0.11680666666666667
INFO:root:elite fitness: 0.21877333333333335
INFO:root:Generation: 34
INFO:root:pop fitness: 0.10618666666666667
INFO:root:elite fitness: 0.19518666666666665
INFO:root:Generation: 30
INFO:root:pop fitness: 0.12245333333333332
INFO:root:elite fitness: 0.21394666666666665
INFO:root:Generation: 35
INFO:root:pop fitness: 0.11476666666666664
INFO:root:elite fitness: 0.19158666666666663
INFO:root:Generation: 31
INFO:root:pop fitness: 0.12269333333333333
INFO:root:elite fitness: 0.22948
INFO:root:Generation: 36
INFO:root:pop fitness: 0.09960666666666666
INFO:root:elite fitness: 0.18350666666666665
INFO:root:Generation: 32
INFO:root:pop fitness: 0.12179333333333332
INFO:root:elite fitness: 0.21269333333333335
INFO:root:Generation: 37
INFO:root:pop fitness: 0.10722666666666664
INFO:root:elite fitness: 0.20448
INFO:root:Generation: 33
INFO:root:pop fitness: 0.11311333333333333
INFO:root:elite fitness: 0.20358666666666667
INFO:root:Generation: 38
INFO:root:pop fitness: 0.11207999999999999
INFO:root:elite fitness: 0.21490666666666663
INFO:root:Generation: 34
INFO:root:pop fitness: 0.12306
INFO:root:elite fitness: 0.21708000000000002
INFO:root:Generation: 39
INFO:root:pop fitness: 0.10216666666666667
INFO:root:elite fitness: 0.19670666666666664
INFO:root:Generation: 35
INFO:root:pop fitness: 0.10156
INFO:root:elite fitness: 0.18286666666666668
INFO:root:Generation: 40
INFO:root:pop fitness: 0.09513333333333333
INFO:root:elite fitness: 0.1648133333333333
INFO:root:Generation: 36
INFO:root:pop fitness: 0.11535333333333332
INFO:root:elite fitness: 0.21569333333333332
INFO:root:Generation: 41
INFO:root:pop fitness: 0.11352666666666666
INFO:root:elite fitness: 0.20445333333333332
INFO:root:Generation: 37
INFO:root:pop fitness: 0.11179333333333333
INFO:root:elite fitness: 0.20199999999999999
INFO:root:Generation: 42
INFO:root:pop fitness: 0.10704666666666668
INFO:root:elite fitness: 0.18362666666666663
INFO:root:Generation: 38
INFO:root:pop fitness: 0.11713333333333334
INFO:root:elite fitness: 0.19470666666666667
INFO:root:Generation: 43
INFO:root:pop fitness: 0.1099733333333333
INFO:root:elite fitness: 0.20245333333333335
INFO:root:Generation: 44
INFO:root:pop fitness: 0.11226666666666664
INFO:root:elite fitness: 0.20130666666666666
INFO:root:Generation: 39
INFO:root:pop fitness: 0.11884
INFO:root:elite fitness: 0.23656000000000002
INFO:root:Generation: 45
INFO:root:pop fitness: 0.11911333333333332
INFO:root:elite fitness: 0.21104
INFO:root:Generation: 40
INFO:root:pop fitness: 0.11787999999999998
INFO:root:elite fitness: 0.21318666666666666
INFO:root:Generation: 46
INFO:root:pop fitness: 0.10691333333333333
INFO:root:elite fitness: 0.19662666666666667
INFO:root:Generation: 41
INFO:root:pop fitness: 0.11763333333333331
INFO:root:elite fitness: 0.19482666666666668
INFO:root:Generation: 47
INFO:root:pop fitness: 0.11676000000000002
INFO:root:elite fitness: 0.19961333333333336
INFO:root:Generation: 42
INFO:root:pop fitness: 0.12214666666666668
INFO:root:elite fitness: 0.20849333333333334
INFO:root:Generation: 48
INFO:root:pop fitness: 0.12552666666666668
INFO:root:elite fitness: 0.21988000000000005
INFO:root:Generation: 43
INFO:root:pop fitness: 0.12078666666666668
INFO:root:elite fitness: 0.21513333333333334
INFO:root:Generation: 49
INFO:root:pop fitness: 0.11095333333333333
INFO:root:elite fitness: 0.20834666666666662
INFO:root:Generation: 44
INFO:root:pop fitness: 0.1286
INFO:root:elite fitness: 0.23401333333333327
INFO:root:Generation: 50
INFO:root:pop fitness: 0.10855333333333332
INFO:root:elite fitness: 0.19416000000000003
INFO:root:Generation: 51
INFO:root:pop fitness: 0.11310000000000002
INFO:root:elite fitness: 0.2062
INFO:root:Generation: 45
INFO:root:pop fitness: 0.12562666666666666
INFO:root:elite fitness: 0.21016000000000004
INFO:root:Generation: 52
INFO:root:pop fitness: 0.10432000000000001
INFO:root:elite fitness: 0.17766666666666667
INFO:root:Generation: 46
INFO:root:pop fitness: 0.12107333333333332
INFO:root:elite fitness: 0.21340000000000003
INFO:root:Generation: 53
INFO:root:pop fitness: 0.09808666666666667
INFO:root:elite fitness: 0.19573333333333334
INFO:root:Generation: 47
INFO:root:pop fitness: 0.11968666666666664
INFO:root:elite fitness: 0.21961333333333333
INFO:root:Generation: 54
INFO:root:pop fitness: 0.10782666666666667
INFO:root:elite fitness: 0.19199999999999998
INFO:root:Generation: 55
INFO:root:pop fitness: 0.10421333333333334
INFO:root:elite fitness: 0.18872000000000003
INFO:root:Generation: 48
INFO:root:pop fitness: 0.13063333333333332
INFO:root:elite fitness: 0.22126666666666664
INFO:root:Generation: 56
INFO:root:pop fitness: 0.10552000000000002
INFO:root:elite fitness: 0.18134666666666663
INFO:root:Generation: 49
INFO:root:pop fitness: 0.12496000000000002
INFO:root:elite fitness: 0.23305333333333333
INFO:root:Generation: 57
INFO:root:pop fitness: 0.11907333333333334
INFO:root:elite fitness: 0.20904
INFO:root:Generation: 58
INFO:root:pop fitness: 0.11828000000000001
INFO:root:elite fitness: 0.20816
INFO:root:Generation: 50
INFO:root:pop fitness: 0.11862666666666667
INFO:root:elite fitness: 0.21550666666666668
INFO:root:Generation: 59
INFO:root:pop fitness: 0.11912666666666666
INFO:root:elite fitness: 0.21064
INFO:root:Generation: 51
INFO:root:pop fitness: 0.12336666666666667
INFO:root:elite fitness: 0.21563999999999997
INFO:root:Generation: 60
INFO:root:pop fitness: 0.11561333333333333
INFO:root:elite fitness: 0.21037333333333333
INFO:root:Generation: 61
INFO:root:pop fitness: 0.11241999999999999
INFO:root:elite fitness: 0.20654666666666668
INFO:root:Generation: 52
INFO:root:pop fitness: 0.12841999999999998
INFO:root:elite fitness: 0.22265333333333334
INFO:root:Generation: 62
INFO:root:pop fitness: 0.12870666666666666
INFO:root:elite fitness: 0.22474666666666668
INFO:root:Generation: 53
INFO:root:pop fitness: 0.12964
INFO:root:elite fitness: 0.22165333333333337
INFO:root:Generation: 63
INFO:root:pop fitness: 0.1237
INFO:root:elite fitness: 0.20748
INFO:root:Generation: 54
INFO:root:pop fitness: 0.12749333333333332
INFO:root:elite fitness: 0.24350666666666673
INFO:root:Generation: 64
INFO:root:pop fitness: 0.12226000000000002
INFO:root:elite fitness: 0.21814666666666668
INFO:root:Generation: 55
INFO:root:pop fitness: 0.12089333333333334
INFO:root:elite fitness: 0.22842666666666664
INFO:root:Generation: 65
INFO:root:pop fitness: 0.12176666666666668
INFO:root:elite fitness: 0.21916000000000002
INFO:root:Generation: 56
INFO:root:pop fitness: 0.12522
INFO:root:elite fitness: 0.21786666666666665
INFO:root:Generation: 66
INFO:root:pop fitness: 0.13216666666666665
INFO:root:elite fitness: 0.22876
INFO:root:Generation: 57
INFO:root:pop fitness: 0.12180666666666667
INFO:root:elite fitness: 0.21388000000000001
INFO:root:Generation: 67
INFO:root:pop fitness: 0.12178
INFO:root:elite fitness: 0.20889333333333332
INFO:root:Generation: 58
INFO:root:pop fitness: 0.1345666666666667
INFO:root:elite fitness: 0.2273066666666666
INFO:root:Generation: 68
INFO:root:pop fitness: 0.14464
INFO:root:elite fitness: 0.24842666666666668
INFO:root:Generation: 59
INFO:root:pop fitness: 0.12881333333333336
INFO:root:elite fitness: 0.23156000000000007
INFO:root:Generation: 69
INFO:root:pop fitness: 0.13417333333333334
INFO:root:elite fitness: 0.23351999999999998
INFO:root:Generation: 60
INFO:root:pop fitness: 0.12428666666666667
INFO:root:elite fitness: 0.21716000000000005
INFO:root:Generation: 70
INFO:root:pop fitness: 0.13902666666666666
INFO:root:elite fitness: 0.24152000000000007
INFO:root:Generation: 61
INFO:root:pop fitness: 0.1286
INFO:root:elite fitness: 0.23065333333333338
INFO:root:Generation: 71
INFO:root:pop fitness: 0.12244
INFO:root:elite fitness: 0.21873333333333334
INFO:root:Generation: 62
INFO:root:pop fitness: 0.13705333333333333
INFO:root:elite fitness: 0.24286666666666668
INFO:root:Generation: 72
INFO:root:pop fitness: 0.1276933333333333
INFO:root:elite fitness: 0.23112
INFO:root:Generation: 63
INFO:root:pop fitness: 0.13079333333333334
INFO:root:elite fitness: 0.23637333333333335
INFO:root:Generation: 73
INFO:root:pop fitness: 0.14072666666666667
INFO:root:elite fitness: 0.2435733333333333
INFO:root:Generation: 74
INFO:root:pop fitness: 0.12236666666666667
INFO:root:elite fitness: 0.2175866666666667
INFO:root:Generation: 64
INFO:root:pop fitness: 0.12268666666666665
INFO:root:elite fitness: 0.22648000000000001
INFO:root:Generation: 75
INFO:root:pop fitness: 0.13012
INFO:root:elite fitness: 0.2273466666666667
INFO:root:Generation: 65
INFO:root:pop fitness: 0.12792666666666666
INFO:root:elite fitness: 0.2328
INFO:root:Generation: 76
INFO:root:pop fitness: 0.13001333333333334
INFO:root:elite fitness: 0.22548
INFO:root:Generation: 66
INFO:root:pop fitness: 0.12340000000000001
INFO:root:elite fitness: 0.21276
INFO:root:Generation: 77
INFO:root:pop fitness: 0.13708000000000004
INFO:root:elite fitness: 0.24517333333333335
INFO:root:Generation: 67
INFO:root:pop fitness: 0.12232666666666664
INFO:root:elite fitness: 0.2295066666666667
INFO:root:Generation: 78
INFO:root:pop fitness: 0.14325999999999997
INFO:root:elite fitness: 0.2526266666666667
INFO:root:Generation: 68
INFO:root:pop fitness: 0.12812
INFO:root:elite fitness: 0.21752
INFO:root:Generation: 79
INFO:root:pop fitness: 0.1294266666666667
INFO:root:elite fitness: 0.23457333333333338
INFO:root:Generation: 69
INFO:root:pop fitness: 0.12173333333333332
INFO:root:elite fitness: 0.21602666666666664
INFO:root:Generation: 80
INFO:root:pop fitness: 0.12946666666666667
INFO:root:elite fitness: 0.21272
INFO:root:Generation: 70
INFO:root:pop fitness: 0.11968
INFO:root:elite fitness: 0.21201333333333333
INFO:root:Generation: 81
INFO:root:pop fitness: 0.13332
INFO:root:elite fitness: 0.23074666666666668
INFO:root:Generation: 71
INFO:root:pop fitness: 0.12083999999999999
INFO:root:elite fitness: 0.2191066666666667
INFO:root:Generation: 82
INFO:root:pop fitness: 0.14012
INFO:root:elite fitness: 0.2430266666666666
INFO:root:Generation: 72
INFO:root:pop fitness: 0.13376
INFO:root:elite fitness: 0.24429333333333336
INFO:root:Generation: 83
INFO:root:pop fitness: 0.1337533333333333
INFO:root:elite fitness: 0.23335999999999993
INFO:root:Generation: 73
INFO:root:pop fitness: 0.13178666666666666
INFO:root:elite fitness: 0.22709333333333337
INFO:root:Generation: 84
INFO:root:pop fitness: 0.13198666666666667
INFO:root:elite fitness: 0.21946666666666667
INFO:root:Generation: 74
INFO:root:pop fitness: 0.13112666666666667
INFO:root:elite fitness: 0.2313066666666667
INFO:root:Generation: 85
INFO:root:pop fitness: 0.14153333333333334
INFO:root:elite fitness: 0.24377333333333334
INFO:root:Generation: 75
INFO:root:pop fitness: 0.11810666666666668
INFO:root:elite fitness: 0.20133333333333336
INFO:root:Generation: 86
INFO:root:pop fitness: 0.12215999999999999
INFO:root:elite fitness: 0.22253333333333336
INFO:root:Generation: 76
INFO:root:pop fitness: 0.12462666666666666
INFO:root:elite fitness: 0.21537333333333336
INFO:root:Generation: 87
INFO:root:pop fitness: 0.13266666666666665
INFO:root:elite fitness: 0.22525333333333342
INFO:root:Generation: 77
INFO:root:pop fitness: 0.13909333333333335
INFO:root:elite fitness: 0.26252
INFO:root:Generation: 88
INFO:root:pop fitness: 0.13043333333333337
INFO:root:elite fitness: 0.2324933333333333
INFO:root:Generation: 89
INFO:root:pop fitness: 0.14053333333333332
INFO:root:elite fitness: 0.24682666666666667
INFO:root:Generation: 78
INFO:root:pop fitness: 0.12432666666666667
INFO:root:elite fitness: 0.22982666666666665
INFO:root:Generation: 90
INFO:root:pop fitness: 0.13742666666666667
INFO:root:elite fitness: 0.2572266666666667
INFO:root:Generation: 79
INFO:root:pop fitness: 0.13878666666666664
INFO:root:elite fitness: 0.2399733333333333
INFO:root:Generation: 91
INFO:root:pop fitness: 0.13732666666666665
INFO:root:elite fitness: 0.23688000000000003
INFO:root:Generation: 80
INFO:root:pop fitness: 0.13348666666666667
INFO:root:elite fitness: 0.24638666666666664
INFO:root:Generation: 92
INFO:root:pop fitness: 0.13840666666666665
INFO:root:elite fitness: 0.22369333333333336
INFO:root:Generation: 81
INFO:root:pop fitness: 0.12391999999999999
INFO:root:elite fitness: 0.20274666666666671
INFO:root:Generation: 93
INFO:root:pop fitness: 0.14249333333333336
INFO:root:elite fitness: 0.2609066666666666
INFO:root:Generation: 82
INFO:root:pop fitness: 0.1253866666666667
INFO:root:elite fitness: 0.19978666666666667
INFO:root:Generation: 94
INFO:root:pop fitness: 0.13537333333333335
INFO:root:elite fitness: 0.2286133333333334
INFO:root:Generation: 83
INFO:root:pop fitness: 0.13398000000000002
INFO:root:elite fitness: 0.2508133333333333
INFO:root:Generation: 95
INFO:root:pop fitness: 0.12512666666666666
INFO:root:elite fitness: 0.21365333333333333
INFO:root:Generation: 84
INFO:root:pop fitness: 0.12386666666666665
INFO:root:elite fitness: 0.22080000000000002
INFO:root:Generation: 96
INFO:root:pop fitness: 0.1288
INFO:root:elite fitness: 0.22202666666666668
INFO:root:Generation: 85
INFO:root:pop fitness: 0.12972666666666668
INFO:root:elite fitness: 0.24280000000000002
INFO:root:Generation: 97
INFO:root:pop fitness: 0.13455999999999999
INFO:root:elite fitness: 0.2503066666666666
INFO:root:Generation: 86
INFO:root:pop fitness: 0.14608666666666664
INFO:root:elite fitness: 0.24075999999999997
INFO:root:Generation: 98
INFO:root:pop fitness: 0.11546666666666666
INFO:root:elite fitness: 0.21088
INFO:root:Generation: 99
INFO:root:pop fitness: 0.12403333333333334
INFO:root:elite fitness: 0.21601333333333328
INFO:root:Generation: 87
INFO:root:pop fitness: 0.13092666666666666
INFO:root:elite fitness: 0.2179333333333333
INFO:root:Generation: 100
INFO:root:pop fitness: 0.1189733333333333
INFO:root:elite fitness: 0.21741333333333335
INFO:root:Generation: 88
INFO:root:pop fitness: 0.13900666666666667
INFO:root:elite fitness: 0.23525333333333326
INFO:root:Generation: 101
INFO:root:pop fitness: 0.12705999999999998
INFO:root:elite fitness: 0.20278666666666664
INFO:root:Generation: 89
INFO:root:pop fitness: 0.13642666666666667
INFO:root:elite fitness: 0.22510666666666665
INFO:root:Generation: 102
INFO:root:pop fitness: 0.13996666666666666
INFO:root:elite fitness: 0.2344933333333334
INFO:root:Generation: 90
INFO:root:pop fitness: 0.13993333333333335
INFO:root:elite fitness: 0.23404
INFO:root:Generation: 103
INFO:root:pop fitness: 0.13643333333333332
INFO:root:elite fitness: 0.2286133333333334
INFO:root:Generation: 91
INFO:root:pop fitness: 0.13837333333333335
INFO:root:elite fitness: 0.23727999999999994
INFO:root:Generation: 104
INFO:root:pop fitness: 0.13730666666666666
INFO:root:elite fitness: 0.23625333333333334
INFO:root:Generation: 92
INFO:root:pop fitness: 0.13778
INFO:root:elite fitness: 0.22993333333333335
INFO:root:Generation: 105
INFO:root:pop fitness: 0.13809333333333332
INFO:root:elite fitness: 0.2507333333333333
INFO:root:Generation: 93
INFO:root:pop fitness: 0.15341333333333335
INFO:root:elite fitness: 0.25165333333333334
INFO:root:Generation: 106
INFO:root:pop fitness: 0.1315
INFO:root:elite fitness: 0.22407999999999997
INFO:root:Generation: 94
INFO:root:pop fitness: 0.1454133333333333
INFO:root:elite fitness: 0.23493333333333338
INFO:root:Generation: 107
INFO:root:pop fitness: 0.12329333333333334
INFO:root:elite fitness: 0.21706666666666669
INFO:root:Generation: 108
INFO:root:pop fitness: 0.11826
INFO:root:elite fitness: 0.23257333333333335
INFO:root:Generation: 95
INFO:root:pop fitness: 0.13776000000000002
INFO:root:elite fitness: 0.25001333333333325
INFO:root:Generation: 109
INFO:root:pop fitness: 0.13004666666666664
INFO:root:elite fitness: 0.23132
INFO:root:Generation: 96
INFO:root:pop fitness: 0.14512666666666665
INFO:root:elite fitness: 0.22906666666666667
INFO:root:Generation: 110
INFO:root:pop fitness: 0.14048000000000002
INFO:root:elite fitness: 0.24150666666666665
INFO:root:Generation: 97
INFO:root:pop fitness: 0.14691333333333334
INFO:root:elite fitness: 0.23159999999999997
INFO:root:Generation: 111
INFO:root:pop fitness: 0.13369333333333336
INFO:root:elite fitness: 0.22430666666666668
INFO:root:Generation: 98
INFO:root:pop fitness: 0.13837999999999998
INFO:root:elite fitness: 0.26445333333333326
INFO:root:Generation: 112
INFO:root:pop fitness: 0.14251333333333335
INFO:root:elite fitness: 0.2385733333333334
INFO:root:Generation: 113
INFO:root:pop fitness: 0.12637333333333334
INFO:root:elite fitness: 0.2372533333333333
INFO:root:Generation: 99
INFO:root:pop fitness: 0.14277333333333336
INFO:root:elite fitness: 0.22549333333333332
INFO:root:Generation: 114
INFO:root:pop fitness: 0.12883333333333333
INFO:root:elite fitness: 0.21570666666666669
INFO:root:Generation: 115
INFO:root:pop fitness: 0.13992
INFO:root:elite fitness: 0.23434666666666668
INFO:root:Generation: 100
INFO:root:pop fitness: 0.1422466666666667
INFO:root:elite fitness: 0.24566666666666667
INFO:root:Generation: 116
INFO:root:pop fitness: 0.1355
INFO:root:elite fitness: 0.24364
INFO:root:Generation: 101
INFO:root:pop fitness: 0.14592666666666665
INFO:root:elite fitness: 0.24565333333333333
INFO:root:Generation: 117
INFO:root:pop fitness: 0.13785333333333336
INFO:root:elite fitness: 0.21533333333333332
INFO:root:Generation: 102
INFO:root:pop fitness: 0.14975333333333335
INFO:root:elite fitness: 0.24052
INFO:root:Generation: 118
INFO:root:pop fitness: 0.13255333333333336
INFO:root:elite fitness: 0.22424000000000002
INFO:root:Generation: 103
INFO:root:pop fitness: 0.15568666666666667
INFO:root:elite fitness: 0.2514133333333333
INFO:root:Generation: 119
INFO:root:pop fitness: 0.12356666666666667
INFO:root:elite fitness: 0.21218666666666666
INFO:root:Generation: 104
INFO:root:pop fitness: 0.13894
INFO:root:elite fitness: 0.22673333333333331
INFO:root:Generation: 120
INFO:root:pop fitness: 0.12793333333333334
INFO:root:elite fitness: 0.22342666666666675
INFO:root:Generation: 105
INFO:root:pop fitness: 0.14532666666666666
INFO:root:elite fitness: 0.2397466666666667
INFO:root:Generation: 121
INFO:root:pop fitness: 0.13881333333333334
INFO:root:elite fitness: 0.24525333333333332
INFO:root:Generation: 106
INFO:root:pop fitness: 0.13382666666666668
INFO:root:elite fitness: 0.21552000000000002
INFO:root:Generation: 122
INFO:root:pop fitness: 0.14094666666666666
INFO:root:elite fitness: 0.24498666666666669
INFO:root:Generation: 107
INFO:root:pop fitness: 0.15376
INFO:root:elite fitness: 0.24861333333333335
INFO:root:Generation: 123
INFO:root:pop fitness: 0.13027333333333332
INFO:root:elite fitness: 0.22478666666666663
INFO:root:Generation: 108
INFO:root:pop fitness: 0.13692666666666667
INFO:root:elite fitness: 0.23460000000000003
INFO:root:Generation: 124
INFO:root:pop fitness: 0.14246
INFO:root:elite fitness: 0.2335733333333333
INFO:root:Generation: 125
INFO:root:pop fitness: 0.13781333333333334
INFO:root:elite fitness: 0.25825333333333333
INFO:root:Generation: 109
INFO:root:pop fitness: 0.14173333333333338
INFO:root:elite fitness: 0.23938666666666666
INFO:root:Generation: 126
INFO:root:pop fitness: 0.14079333333333333
INFO:root:elite fitness: 0.22890666666666665
INFO:root:Generation: 110
INFO:root:pop fitness: 0.13352666666666665
INFO:root:elite fitness: 0.24692000000000003
INFO:root:Generation: 127
INFO:root:pop fitness: 0.1379133333333333
INFO:root:elite fitness: 0.24201333333333327
INFO:root:Generation: 111
INFO:root:pop fitness: 0.13562
INFO:root:elite fitness: 0.23686666666666673
INFO:root:Generation: 128
INFO:root:pop fitness: 0.13467333333333334
INFO:root:elite fitness: 0.2547466666666667
INFO:root:Generation: 112
INFO:root:pop fitness: 0.1464933333333333
INFO:root:elite fitness: 0.26648
INFO:root:Generation: 129
INFO:root:pop fitness: 0.13432000000000002
INFO:root:elite fitness: 0.21681333333333333
INFO:root:Generation: 113
INFO:root:pop fitness: 0.13664
INFO:root:elite fitness: 0.24711999999999998
INFO:root:Generation: 130
INFO:root:pop fitness: 0.1479
INFO:root:elite fitness: 0.23656000000000002
INFO:root:Generation: 114
INFO:root:pop fitness: 0.14166666666666666
INFO:root:elite fitness: 0.23369333333333334
INFO:root:Generation: 131
INFO:root:pop fitness: 0.14310000000000003
INFO:root:elite fitness: 0.25193333333333334
INFO:root:Generation: 132
INFO:root:pop fitness: 0.12638
INFO:root:elite fitness: 0.21719999999999998
INFO:root:Generation: 115
INFO:root:pop fitness: 0.14066000000000004
INFO:root:elite fitness: 0.23933333333333331
INFO:root:Generation: 133
INFO:root:pop fitness: 0.1431066666666667
INFO:root:elite fitness: 0.23393333333333327
INFO:root:Generation: 116
INFO:root:pop fitness: 0.14871333333333334
INFO:root:elite fitness: 0.24406666666666665
INFO:root:Generation: 134
INFO:root:pop fitness: 0.14366
INFO:root:elite fitness: 0.25148000000000004
INFO:root:Generation: 117
INFO:root:pop fitness: 0.14694666666666667
INFO:root:elite fitness: 0.24877333333333346
INFO:root:Generation: 135
INFO:root:pop fitness: 0.14277333333333336
INFO:root:elite fitness: 0.2605733333333334
INFO:root:Generation: 136
INFO:root:pop fitness: 0.14576000000000003
INFO:root:elite fitness: 0.24585333333333334
INFO:root:Generation: 118
INFO:root:pop fitness: 0.15579333333333334
INFO:root:elite fitness: 0.26752
INFO:root:Generation: 137
INFO:root:pop fitness: 0.14515333333333336
INFO:root:elite fitness: 0.2500266666666667
INFO:root:Generation: 119
INFO:root:pop fitness: 0.15166000000000002
INFO:root:elite fitness: 0.2401333333333333
INFO:root:Generation: 138
INFO:root:pop fitness: 0.15536000000000003
INFO:root:elite fitness: 0.26965333333333336
INFO:root:Generation: 139
INFO:root:pop fitness: 0.14504
INFO:root:elite fitness: 0.24553333333333327
INFO:root:Generation: 120
INFO:root:pop fitness: 0.1416
INFO:root:elite fitness: 0.24062666666666668
INFO:root:Generation: 140
INFO:root:pop fitness: 0.16074
INFO:root:elite fitness: 0.26216
INFO:root:Generation: 121
INFO:root:pop fitness: 0.15312000000000003
INFO:root:elite fitness: 0.25461333333333336
INFO:root:Generation: 141
INFO:root:pop fitness: 0.14440666666666668
INFO:root:elite fitness: 0.25611999999999996
INFO:root:Generation: 122
INFO:root:pop fitness: 0.14142666666666664
INFO:root:elite fitness: 0.2537333333333333
INFO:root:Generation: 142
INFO:root:pop fitness: 0.13667333333333334
INFO:root:elite fitness: 0.22542666666666672
INFO:root:Generation: 123
INFO:root:pop fitness: 0.15914666666666666
INFO:root:elite fitness: 0.27536
INFO:root:Generation: 143
INFO:root:pop fitness: 0.15314666666666668
INFO:root:elite fitness: 0.24794666666666668
INFO:root:Generation: 124
INFO:root:pop fitness: 0.14758666666666664
INFO:root:elite fitness: 0.23477333333333333
INFO:root:Generation: 144
INFO:root:pop fitness: 0.15653999999999998
INFO:root:elite fitness: 0.26425333333333334
INFO:root:Generation: 125
INFO:root:pop fitness: 0.13639333333333337
INFO:root:elite fitness: 0.2212133333333333
INFO:root:Generation: 145
INFO:root:pop fitness: 0.14136
INFO:root:elite fitness: 0.24152
INFO:root:Generation: 126
INFO:root:pop fitness: 0.14698
INFO:root:elite fitness: 0.23632
INFO:root:Generation: 146
INFO:root:pop fitness: 0.13907999999999995
INFO:root:elite fitness: 0.2463333333333333
INFO:root:Generation: 147
INFO:root:pop fitness: 0.14129999999999998
INFO:root:elite fitness: 0.2309466666666667
INFO:root:Generation: 127
INFO:root:pop fitness: 0.13566000000000003
INFO:root:elite fitness: 0.24772
INFO:root:Generation: 148
INFO:root:pop fitness: 0.15548
INFO:root:elite fitness: 0.26676
INFO:root:Generation: 149
INFO:root:pop fitness: 0.15626666666666666
INFO:root:elite fitness: 0.26252
INFO:root:Generation: 128
INFO:root:pop fitness: 0.14753333333333335
INFO:root:elite fitness: 0.24689333333333333
INFO:root:Generation: 150
INFO:root:pop fitness: 0.13934666666666667
INFO:root:elite fitness: 0.2237466666666667
INFO:root:Generation: 129
INFO:root:pop fitness: 0.15194666666666667
INFO:root:elite fitness: 0.2530533333333333
INFO:root:Generation: 151
INFO:root:pop fitness: 0.13713333333333333
INFO:root:elite fitness: 0.23788
INFO:root:Generation: 152
INFO:root:pop fitness: 0.15116666666666667
INFO:root:elite fitness: 0.25967999999999997
INFO:root:Generation: 130
INFO:root:pop fitness: 0.14544666666666667
INFO:root:elite fitness: 0.246
INFO:root:Generation: 153
INFO:root:pop fitness: 0.15890666666666667
INFO:root:elite fitness: 0.25244
INFO:root:Generation: 131
INFO:root:pop fitness: 0.14548000000000003
INFO:root:elite fitness: 0.23158666666666666
INFO:root:Generation: 154
INFO:root:pop fitness: 0.15943333333333332
INFO:root:elite fitness: 0.2497066666666667
INFO:root:Generation: 132
INFO:root:pop fitness: 0.14931333333333333
INFO:root:elite fitness: 0.24498666666666674
INFO:root:Generation: 155
INFO:root:pop fitness: 0.15802000000000002
INFO:root:elite fitness: 0.26604
INFO:root:Generation: 133
INFO:root:pop fitness: 0.1471866666666667
INFO:root:elite fitness: 0.24102666666666664
INFO:root:Generation: 156
INFO:root:pop fitness: 0.14122666666666664
INFO:root:elite fitness: 0.22406666666666666
INFO:root:Generation: 134
INFO:root:pop fitness: 0.13775333333333337
INFO:root:elite fitness: 0.235
INFO:root:Generation: 157
INFO:root:pop fitness: 0.15636
INFO:root:elite fitness: 0.25994666666666666
INFO:root:Generation: 135
INFO:root:pop fitness: 0.12564666666666668
INFO:root:elite fitness: 0.21700000000000003
INFO:root:Generation: 158
INFO:root:pop fitness: 0.14879333333333336
INFO:root:elite fitness: 0.24701333333333333
INFO:root:Generation: 159
INFO:root:pop fitness: 0.14534000000000002
INFO:root:elite fitness: 0.26378666666666667
INFO:root:Generation: 136
INFO:root:pop fitness: 0.14134
INFO:root:elite fitness: 0.25368000000000007
INFO:root:Generation: 160
INFO:root:pop fitness: 0.14830000000000002
INFO:root:elite fitness: 0.2664666666666667
INFO:root:Generation: 137
INFO:root:pop fitness: 0.14817999999999998
INFO:root:elite fitness: 0.23501333333333335
INFO:root:Generation: 161
INFO:root:pop fitness: 0.1435
INFO:root:elite fitness: 0.23683999999999997
INFO:root:Generation: 138
INFO:root:pop fitness: 0.14196666666666669
INFO:root:elite fitness: 0.24709333333333333
INFO:root:Generation: 162
INFO:root:pop fitness: 0.14348666666666668
INFO:root:elite fitness: 0.23410666666666666
INFO:root:Generation: 139
INFO:root:pop fitness: 0.14876666666666669
INFO:root:elite fitness: 0.2771466666666667
INFO:root:Generation: 163
INFO:root:pop fitness: 0.1411266666666667
INFO:root:elite fitness: 0.2374933333333334
INFO:root:Generation: 140
INFO:root:pop fitness: 0.1446066666666667
INFO:root:elite fitness: 0.2558
INFO:root:Generation: 164
INFO:root:pop fitness: 0.13595333333333334
INFO:root:elite fitness: 0.23170666666666667
INFO:root:Generation: 141
INFO:root:pop fitness: 0.14036
INFO:root:elite fitness: 0.21700000000000003
INFO:root:Generation: 165
INFO:root:pop fitness: 0.14586666666666667
INFO:root:elite fitness: 0.25282666666666664
INFO:root:Generation: 142
INFO:root:pop fitness: 0.14357333333333333
INFO:root:elite fitness: 0.22528
INFO:root:Generation: 166
INFO:root:pop fitness: 0.14406000000000002
INFO:root:elite fitness: 0.24385333333333326
INFO:root:Generation: 143
INFO:root:pop fitness: 0.13216
INFO:root:elite fitness: 0.24099999999999994
INFO:root:Generation: 167
INFO:root:pop fitness: 0.13097999999999999
INFO:root:elite fitness: 0.22041333333333332
INFO:root:Generation: 168
INFO:root:pop fitness: 0.14741333333333334
INFO:root:elite fitness: 0.24675999999999998
INFO:root:Generation: 144
INFO:root:pop fitness: 0.14536666666666667
INFO:root:elite fitness: 0.23645333333333332
INFO:root:Generation: 169
INFO:root:pop fitness: 0.14197333333333334
INFO:root:elite fitness: 0.23884
INFO:root:Generation: 145
INFO:root:pop fitness: 0.14453999999999997
INFO:root:elite fitness: 0.24582666666666664
INFO:root:Generation: 170
INFO:root:pop fitness: 0.1536066666666667
INFO:root:elite fitness: 0.2664266666666666
INFO:root:Generation: 146
INFO:root:pop fitness: 0.15214
INFO:root:elite fitness: 0.2546933333333333
INFO:root:Generation: 171
INFO:root:pop fitness: 0.14653333333333335
INFO:root:elite fitness: 0.24344
INFO:root:Generation: 147
INFO:root:pop fitness: 0.15525333333333333
INFO:root:elite fitness: 0.2575733333333333
INFO:root:Generation: 172
INFO:root:pop fitness: 0.14951333333333333
INFO:root:elite fitness: 0.24340000000000003
INFO:root:Generation: 173
INFO:root:pop fitness: 0.14432
INFO:root:elite fitness: 0.24365333333333333
INFO:root:Generation: 148
INFO:root:pop fitness: 0.13866
INFO:root:elite fitness: 0.23892
INFO:root:Generation: 174
INFO:root:pop fitness: 0.14348
INFO:root:elite fitness: 0.23016
INFO:root:Generation: 149
INFO:root:pop fitness: 0.14708000000000002
INFO:root:elite fitness: 0.24529333333333325
INFO:root:Generation: 150
INFO:root:pop fitness: 0.14068666666666668
INFO:root:elite fitness: 0.25550666666666666
INFO:root:Generation: 175
INFO:root:pop fitness: 0.16307333333333332
INFO:root:elite fitness: 0.24660000000000007
INFO:root:Generation: 151
INFO:root:pop fitness: 0.14604666666666666
INFO:root:elite fitness: 0.26842666666666665
INFO:root:Generation: 176
INFO:root:pop fitness: 0.14892
INFO:root:elite fitness: 0.23941333333333337
INFO:root:Generation: 152
INFO:root:pop fitness: 0.15033999999999997
INFO:root:elite fitness: 0.24716
INFO:root:Generation: 177
INFO:root:pop fitness: 0.13756666666666667
INFO:root:elite fitness: 0.24869333333333335
INFO:root:Generation: 153
INFO:root:pop fitness: 0.14996
INFO:root:elite fitness: 0.2540533333333333
INFO:root:Generation: 178
INFO:root:pop fitness: 0.15136000000000002
INFO:root:elite fitness: 0.26213333333333333
INFO:root:Generation: 154
INFO:root:pop fitness: 0.1553733333333333
INFO:root:elite fitness: 0.25937333333333334
INFO:root:Generation: 179
INFO:root:pop fitness: 0.15574
INFO:root:elite fitness: 0.2665333333333333
INFO:root:Generation: 155
INFO:root:pop fitness: 0.14678
INFO:root:elite fitness: 0.2571333333333333
INFO:root:Generation: 180
INFO:root:pop fitness: 0.1426
INFO:root:elite fitness: 0.23233333333333334
INFO:root:Generation: 156
INFO:root:pop fitness: 0.1471533333333333
INFO:root:elite fitness: 0.2614933333333333
INFO:root:Generation: 181
INFO:root:pop fitness: 0.13857999999999998
INFO:root:elite fitness: 0.2376666666666667
INFO:root:Generation: 157
INFO:root:pop fitness: 0.14757333333333333
INFO:root:elite fitness: 0.24654666666666672
INFO:root:Generation: 182
INFO:root:pop fitness: 0.14176666666666668
INFO:root:elite fitness: 0.23296000000000003
INFO:root:Generation: 158
INFO:root:pop fitness: 0.16548666666666667
INFO:root:elite fitness: 0.2614666666666667
INFO:root:Generation: 183
INFO:root:pop fitness: 0.1466
INFO:root:elite fitness: 0.2538666666666667
INFO:root:Generation: 159
INFO:root:pop fitness: 0.16018000000000002
INFO:root:elite fitness: 0.25796
INFO:root:Generation: 184
INFO:root:pop fitness: 0.15092
INFO:root:elite fitness: 0.24846666666666664
INFO:root:Generation: 160
INFO:root:pop fitness: 0.14628
INFO:root:elite fitness: 0.24750666666666665
INFO:root:Generation: 185
INFO:root:pop fitness: 0.14112666666666665
INFO:root:elite fitness: 0.24699999999999997
INFO:root:Generation: 161
INFO:root:pop fitness: 0.16917999999999997
INFO:root:elite fitness: 0.29262666666666665
INFO:root:Generation: 186
INFO:root:pop fitness: 0.16025333333333336
INFO:root:elite fitness: 0.26324
INFO:root:Generation: 162
INFO:root:pop fitness: 0.15288666666666667
INFO:root:elite fitness: 0.2424933333333333
INFO:root:Generation: 187
INFO:root:pop fitness: 0.14638666666666664
INFO:root:elite fitness: 0.23616000000000004
INFO:root:Generation: 163
INFO:root:pop fitness: 0.15316000000000002
INFO:root:elite fitness: 0.26092
INFO:root:Generation: 188
INFO:root:pop fitness: 0.14585333333333333
INFO:root:elite fitness: 0.25694666666666666
INFO:root:Generation: 164
INFO:root:pop fitness: 0.1481
INFO:root:elite fitness: 0.24544000000000002
INFO:root:Generation: 189
INFO:root:pop fitness: 0.14548666666666668
INFO:root:elite fitness: 0.23585333333333333
INFO:root:Generation: 165
INFO:root:pop fitness: 0.15939333333333333
INFO:root:elite fitness: 0.2568533333333334
INFO:root:Generation: 190
INFO:root:pop fitness: 0.15432666666666667
INFO:root:elite fitness: 0.24705333333333332
INFO:root:Generation: 166
INFO:root:pop fitness: 0.16958000000000004
INFO:root:elite fitness: 0.2875333333333333
INFO:root:Generation: 191
INFO:root:pop fitness: 0.15252
INFO:root:elite fitness: 0.2590266666666666
INFO:root:Generation: 167
INFO:root:pop fitness: 0.14498666666666665
INFO:root:elite fitness: 0.25754666666666665
INFO:root:Generation: 192
INFO:root:pop fitness: 0.13521333333333335
INFO:root:elite fitness: 0.23484
INFO:root:Generation: 168
INFO:root:pop fitness: 0.15696000000000002
INFO:root:elite fitness: 0.23593333333333333
INFO:root:Generation: 193
INFO:root:pop fitness: 0.15552
INFO:root:elite fitness: 0.2523333333333333
INFO:root:Generation: 169
INFO:root:pop fitness: 0.14499333333333334
INFO:root:elite fitness: 0.24322666666666673
INFO:root:Generation: 194
INFO:root:pop fitness: 0.15348666666666666
INFO:root:elite fitness: 0.25720000000000004
INFO:root:Generation: 170
INFO:root:pop fitness: 0.16344
INFO:root:elite fitness: 0.27512000000000003
INFO:root:Generation: 195
INFO:root:pop fitness: 0.16032000000000002
INFO:root:elite fitness: 0.26524000000000003
INFO:root:Generation: 171
INFO:root:pop fitness: 0.15866666666666665
INFO:root:elite fitness: 0.2573066666666667
INFO:root:Generation: 196
INFO:root:pop fitness: 0.16558000000000003
INFO:root:elite fitness: 0.2636266666666666
INFO:root:Generation: 172
INFO:root:pop fitness: 0.15208000000000002
INFO:root:elite fitness: 0.25066666666666665
INFO:root:Generation: 197
INFO:root:pop fitness: 0.15580666666666668
INFO:root:elite fitness: 0.2581733333333333
INFO:root:Generation: 173
INFO:root:pop fitness: 0.14467333333333335
INFO:root:elite fitness: 0.24694666666666668
INFO:root:Generation: 198
INFO:root:pop fitness: 0.14726
INFO:root:elite fitness: 0.24661333333333332
INFO:root:Generation: 174
INFO:root:pop fitness: 0.1582866666666667
INFO:root:elite fitness: 0.26952
INFO:root:Generation: 199
INFO:root:pop fitness: 0.14002
INFO:root:elite fitness: 0.24929333333333328
INFO:root:Generation: 175
INFO:root:pop fitness: 0.14867333333333335
INFO:root:elite fitness: 0.2589066666666667
INFO:root:Generation: 176
INFO:root:pop fitness: 0.16146000000000002
INFO:root:elite fitness: 0.2640533333333333
INFO:root:Generation: 177
INFO:root:pop fitness: 0.16516666666666666
INFO:root:elite fitness: 0.26597333333333334
INFO:root:Generation: 178
INFO:root:pop fitness: 0.16677999999999998
INFO:root:elite fitness: 0.2838666666666667
INFO:root:Generation: 179
INFO:root:pop fitness: 0.15601333333333336
INFO:root:elite fitness: 0.2724533333333333
INFO:root:Generation: 180
INFO:root:pop fitness: 0.15442666666666666
INFO:root:elite fitness: 0.25720000000000004
INFO:root:Generation: 181
INFO:root:pop fitness: 0.15108
INFO:root:elite fitness: 0.2600666666666667
INFO:root:Generation: 182
INFO:root:pop fitness: 0.16075333333333333
INFO:root:elite fitness: 0.27138666666666666
INFO:root:Generation: 183
INFO:root:pop fitness: 0.1640333333333333
INFO:root:elite fitness: 0.26768
INFO:root:Generation: 184
INFO:root:pop fitness: 0.16060000000000002
INFO:root:elite fitness: 0.2605066666666667
INFO:root:Generation: 185
INFO:root:pop fitness: 0.15847333333333333
INFO:root:elite fitness: 0.2803333333333334
INFO:root:Generation: 186
INFO:root:pop fitness: 0.14723333333333333
INFO:root:elite fitness: 0.25157333333333337
INFO:root:Generation: 187
INFO:root:pop fitness: 0.15225333333333335
INFO:root:elite fitness: 0.24898666666666666
INFO:root:Generation: 188
INFO:root:pop fitness: 0.15804666666666667
INFO:root:elite fitness: 0.28368
INFO:root:Generation: 189
INFO:root:pop fitness: 0.17110666666666666
INFO:root:elite fitness: 0.285
INFO:root:Generation: 190
INFO:root:pop fitness: 0.13807999999999998
INFO:root:elite fitness: 0.24336000000000002
INFO:root:Generation: 191
INFO:root:pop fitness: 0.15824
INFO:root:elite fitness: 0.2547866666666666
INFO:root:Generation: 192
INFO:root:pop fitness: 0.16588666666666665
INFO:root:elite fitness: 0.26611999999999997
INFO:root:Generation: 193
INFO:root:pop fitness: 0.15594
INFO:root:elite fitness: 0.2702
INFO:root:Generation: 194
INFO:root:pop fitness: 0.16612666666666667
INFO:root:elite fitness: 0.2659066666666667
INFO:root:Generation: 195
INFO:root:pop fitness: 0.16188666666666668
INFO:root:elite fitness: 0.2748933333333333
INFO:root:Generation: 196
INFO:root:pop fitness: 0.15539999999999998
INFO:root:elite fitness: 0.25326666666666664
INFO:root:Generation: 197
INFO:root:pop fitness: 0.15188
INFO:root:elite fitness: 0.23881333333333335
INFO:root:Generation: 198
INFO:root:pop fitness: 0.14479333333333333
INFO:root:elite fitness: 0.24910666666666667
INFO:root:Generation: 199
INFO:root:pop fitness: 0.1418
INFO:root:elite fitness: 0.24450666666666668
