INFO:root:run_master: Namespace(arms='10', hidden='128', layers='1', max_gen='200', message='', mutation_mag='0.01', name='resetSteps', noise=False, pop_size='150', save_result=True, steps='3', trials='100')
INFO:root:run_master: Namespace(arms='10', hidden='128', layers='1', max_gen='200', message='', mutation_mag='0.01', name='resetSteps', noise=True, pop_size='150', save_result=True, steps='3', trials='100')
INFO:root:Generation: 0
INFO:root:pop fitness: 0.10030000000000001
INFO:root:elite fitness: 0.11434666666666665
INFO:root:Generation: 0
INFO:root:pop fitness: 0.09905999999999998
INFO:root:elite fitness: 0.10961333333333334
INFO:root:Generation: 1
INFO:root:pop fitness: 0.10443333333333335
INFO:root:elite fitness: 0.1366933333333333
INFO:root:Generation: 2
INFO:root:pop fitness: 0.10448666666666667
INFO:root:elite fitness: 0.14964000000000002
INFO:root:Generation: 1
INFO:root:pop fitness: 0.10104666666666667
INFO:root:elite fitness: 0.13790666666666668
INFO:root:Generation: 3
INFO:root:pop fitness: 0.10715999999999999
INFO:root:elite fitness: 0.18805333333333338
INFO:root:Generation: 2
INFO:root:pop fitness: 0.09775333333333333
INFO:root:elite fitness: 0.14417333333333335
INFO:root:Generation: 4
INFO:root:pop fitness: 0.10182666666666668
INFO:root:elite fitness: 0.15649333333333335
INFO:root:Generation: 3
INFO:root:pop fitness: 0.09484666666666666
INFO:root:elite fitness: 0.15083999999999997
INFO:root:Generation: 5
INFO:root:pop fitness: 0.10181333333333333
INFO:root:elite fitness: 0.17932
INFO:root:Generation: 4
INFO:root:pop fitness: 0.10898000000000001
INFO:root:elite fitness: 0.18589333333333335
INFO:root:Generation: 6
INFO:root:pop fitness: 0.09766666666666668
INFO:root:elite fitness: 0.17246666666666666
INFO:root:Generation: 5
INFO:root:pop fitness: 0.10946666666666668
INFO:root:elite fitness: 0.20362666666666668
INFO:root:Generation: 7
INFO:root:pop fitness: 0.09957999999999999
INFO:root:elite fitness: 0.18992
INFO:root:Generation: 6
INFO:root:pop fitness: 0.10644666666666666
INFO:root:elite fitness: 0.19424
INFO:root:Generation: 8
INFO:root:pop fitness: 0.1002
INFO:root:elite fitness: 0.17409333333333335
INFO:root:Generation: 7
INFO:root:pop fitness: 0.09814
INFO:root:elite fitness: 0.18082666666666666
INFO:root:Generation: 9
INFO:root:pop fitness: 0.11518
INFO:root:elite fitness: 0.2037466666666667
INFO:root:Generation: 8
INFO:root:pop fitness: 0.10556
INFO:root:elite fitness: 0.18968000000000002
INFO:root:Generation: 10
INFO:root:pop fitness: 0.10905999999999999
INFO:root:elite fitness: 0.2224
INFO:root:Generation: 9
INFO:root:pop fitness: 0.10794
INFO:root:elite fitness: 0.2023333333333333
INFO:root:Generation: 11
INFO:root:pop fitness: 0.11591999999999998
INFO:root:elite fitness: 0.2118666666666667
INFO:root:Generation: 10
INFO:root:pop fitness: 0.09950666666666666
INFO:root:elite fitness: 0.23713333333333333
INFO:root:Generation: 11
INFO:root:pop fitness: 0.09954666666666667
INFO:root:elite fitness: 0.19613333333333335
INFO:root:Generation: 12
INFO:root:pop fitness: 0.12190666666666668
INFO:root:elite fitness: 0.23958666666666673
INFO:root:Generation: 12
INFO:root:pop fitness: 0.09462000000000001
INFO:root:elite fitness: 0.17624
INFO:root:Generation: 13
INFO:root:pop fitness: 0.11303333333333332
INFO:root:elite fitness: 0.20812
INFO:root:Generation: 13
INFO:root:pop fitness: 0.11562666666666667
INFO:root:elite fitness: 0.21549333333333331
INFO:root:Generation: 14
INFO:root:pop fitness: 0.10792000000000002
INFO:root:elite fitness: 0.20620000000000005
INFO:root:Generation: 14
INFO:root:pop fitness: 0.11964666666666668
INFO:root:elite fitness: 0.24268
INFO:root:Generation: 15
INFO:root:pop fitness: 0.12528
INFO:root:elite fitness: 0.2524
INFO:root:Generation: 15
INFO:root:pop fitness: 0.12008666666666666
INFO:root:elite fitness: 0.2402533333333334
INFO:root:Generation: 16
INFO:root:pop fitness: 0.12475333333333334
INFO:root:elite fitness: 0.2299866666666667
INFO:root:Generation: 17
INFO:root:pop fitness: 0.13365333333333332
INFO:root:elite fitness: 0.27318666666666663
INFO:root:Generation: 16
INFO:root:pop fitness: 0.11129333333333336
INFO:root:elite fitness: 0.22973333333333334
INFO:root:Generation: 18
INFO:root:pop fitness: 0.12532666666666667
INFO:root:elite fitness: 0.2545866666666667
INFO:root:Generation: 17
INFO:root:pop fitness: 0.12960666666666668
INFO:root:elite fitness: 0.24339999999999995
INFO:root:Generation: 19
INFO:root:pop fitness: 0.11223999999999999
INFO:root:elite fitness: 0.2375866666666667
INFO:root:Generation: 18
INFO:root:pop fitness: 0.11028666666666666
INFO:root:elite fitness: 0.20800000000000002
INFO:root:Generation: 20
INFO:root:pop fitness: 0.11935999999999998
INFO:root:elite fitness: 0.23451999999999998
INFO:root:Generation: 21
INFO:root:pop fitness: 0.13370666666666667
INFO:root:elite fitness: 0.2688933333333333
INFO:root:Generation: 19
INFO:root:pop fitness: 0.12674
INFO:root:elite fitness: 0.23841333333333334
INFO:root:Generation: 22
INFO:root:pop fitness: 0.11565333333333333
INFO:root:elite fitness: 0.22307999999999997
INFO:root:Generation: 20
INFO:root:pop fitness: 0.13413333333333333
INFO:root:elite fitness: 0.24318666666666663
INFO:root:Generation: 23
INFO:root:pop fitness: 0.1248
INFO:root:elite fitness: 0.25450666666666666
INFO:root:Generation: 21
INFO:root:pop fitness: 0.11826666666666666
INFO:root:elite fitness: 0.24917333333333333
INFO:root:Generation: 24
INFO:root:pop fitness: 0.12572666666666665
INFO:root:elite fitness: 0.24939999999999998
INFO:root:Generation: 22
INFO:root:pop fitness: 0.12428000000000002
INFO:root:elite fitness: 0.24460000000000004
INFO:root:Generation: 25
INFO:root:pop fitness: 0.11454666666666669
INFO:root:elite fitness: 0.26837333333333335
INFO:root:Generation: 23
INFO:root:pop fitness: 0.12969999999999998
INFO:root:elite fitness: 0.2700000000000001
INFO:root:Generation: 26
INFO:root:pop fitness: 0.13408666666666666
INFO:root:elite fitness: 0.27268000000000003
INFO:root:Generation: 27
INFO:root:pop fitness: 0.12033999999999999
INFO:root:elite fitness: 0.24831999999999999
INFO:root:Generation: 24
INFO:root:pop fitness: 0.12443333333333333
INFO:root:elite fitness: 0.24961333333333333
INFO:root:Generation: 28
INFO:root:pop fitness: 0.12684666666666666
INFO:root:elite fitness: 0.2616133333333333
INFO:root:Generation: 25
INFO:root:pop fitness: 0.12227333333333334
INFO:root:elite fitness: 0.2274266666666666
INFO:root:Generation: 29
INFO:root:pop fitness: 0.11167333333333332
INFO:root:elite fitness: 0.21524000000000001
INFO:root:Generation: 26
INFO:root:pop fitness: 0.13563333333333333
INFO:root:elite fitness: 0.26416
INFO:root:Generation: 30
INFO:root:pop fitness: 0.11144000000000001
INFO:root:elite fitness: 0.22557333333333332
INFO:root:Generation: 27
INFO:root:pop fitness: 0.13774
INFO:root:elite fitness: 0.25454666666666664
INFO:root:Generation: 31
INFO:root:pop fitness: 0.13422
INFO:root:elite fitness: 0.2996933333333333
INFO:root:Generation: 32
INFO:root:pop fitness: 0.12426666666666666
INFO:root:elite fitness: 0.23918666666666663
INFO:root:Generation: 28
INFO:root:pop fitness: 0.12903333333333333
INFO:root:elite fitness: 0.23992
INFO:root:Generation: 33
INFO:root:pop fitness: 0.12766666666666665
INFO:root:elite fitness: 0.26292
INFO:root:Generation: 29
INFO:root:pop fitness: 0.14051333333333332
INFO:root:elite fitness: 0.2774266666666667
INFO:root:Generation: 34
INFO:root:pop fitness: 0.12827999999999998
INFO:root:elite fitness: 0.24144000000000002
INFO:root:Generation: 30
INFO:root:pop fitness: 0.12319999999999998
INFO:root:elite fitness: 0.23590666666666674
INFO:root:Generation: 35
INFO:root:pop fitness: 0.11542000000000002
INFO:root:elite fitness: 0.23152
INFO:root:Generation: 31
INFO:root:pop fitness: 0.12359333333333332
INFO:root:elite fitness: 0.24437333333333336
INFO:root:Generation: 36
INFO:root:pop fitness: 0.12072666666666665
INFO:root:elite fitness: 0.23216000000000003
INFO:root:Generation: 32
INFO:root:pop fitness: 0.12874666666666665
INFO:root:elite fitness: 0.22593333333333335
INFO:root:Generation: 37
INFO:root:pop fitness: 0.13546666666666668
INFO:root:elite fitness: 0.28294666666666674
INFO:root:Generation: 33
INFO:root:pop fitness: 0.12704
INFO:root:elite fitness: 0.24545333333333333
INFO:root:Generation: 34
INFO:root:pop fitness: 0.13344
INFO:root:elite fitness: 0.23642666666666665
INFO:root:Generation: 38
INFO:root:pop fitness: 0.13244666666666668
INFO:root:elite fitness: 0.26797333333333334
INFO:root:Generation: 39
INFO:root:pop fitness: 0.13154666666666667
INFO:root:elite fitness: 0.23957333333333333
INFO:root:Generation: 35
INFO:root:pop fitness: 0.14542000000000002
INFO:root:elite fitness: 0.26348
INFO:root:Generation: 40
INFO:root:pop fitness: 0.14384666666666665
INFO:root:elite fitness: 0.3175866666666667
INFO:root:Generation: 36
INFO:root:pop fitness: 0.1397
INFO:root:elite fitness: 0.2640666666666667
INFO:root:Generation: 41
INFO:root:pop fitness: 0.1501
INFO:root:elite fitness: 0.3014133333333333
INFO:root:Generation: 37
INFO:root:pop fitness: 0.12514666666666666
INFO:root:elite fitness: 0.24231999999999998
INFO:root:Generation: 42
INFO:root:pop fitness: 0.16525333333333336
INFO:root:elite fitness: 0.29609333333333343
INFO:root:Generation: 38
INFO:root:pop fitness: 0.14644000000000001
INFO:root:elite fitness: 0.27346666666666664
INFO:root:Generation: 43
INFO:root:pop fitness: 0.13897333333333337
INFO:root:elite fitness: 0.26324
INFO:root:Generation: 44
INFO:root:pop fitness: 0.1484066666666667
INFO:root:elite fitness: 0.27853333333333335
INFO:root:Generation: 39
INFO:root:pop fitness: 0.12748666666666664
INFO:root:elite fitness: 0.26328
INFO:root:Generation: 40
INFO:root:pop fitness: 0.12325333333333333
INFO:root:elite fitness: 0.2541733333333334
INFO:root:Generation: 45
INFO:root:pop fitness: 0.12866666666666668
INFO:root:elite fitness: 0.2611866666666666
INFO:root:Generation: 41
INFO:root:pop fitness: 0.13588666666666668
INFO:root:elite fitness: 0.2576133333333333
INFO:root:Generation: 46
INFO:root:pop fitness: 0.1551466666666667
INFO:root:elite fitness: 0.2825866666666667
INFO:root:Generation: 47
INFO:root:pop fitness: 0.14024
INFO:root:elite fitness: 0.25061333333333335
INFO:root:Generation: 42
INFO:root:pop fitness: 0.1334866666666667
INFO:root:elite fitness: 0.2572533333333334
INFO:root:Generation: 48
INFO:root:pop fitness: 0.16326666666666667
INFO:root:elite fitness: 0.27765333333333336
INFO:root:Generation: 43
INFO:root:pop fitness: 0.14632666666666666
INFO:root:elite fitness: 0.27201333333333333
INFO:root:Generation: 49
INFO:root:pop fitness: 0.15030666666666667
INFO:root:elite fitness: 0.2770266666666667
INFO:root:Generation: 44
INFO:root:pop fitness: 0.14892
INFO:root:elite fitness: 0.2888
INFO:root:Generation: 50
INFO:root:pop fitness: 0.15574000000000002
INFO:root:elite fitness: 0.2690933333333333
INFO:root:Generation: 45
INFO:root:pop fitness: 0.14848666666666666
INFO:root:elite fitness: 0.2623066666666667
INFO:root:Generation: 51
INFO:root:pop fitness: 0.15480000000000002
INFO:root:elite fitness: 0.28004000000000007
INFO:root:Generation: 46
INFO:root:pop fitness: 0.14004
INFO:root:elite fitness: 0.2518666666666667
INFO:root:Generation: 52
INFO:root:pop fitness: 0.14804000000000003
INFO:root:elite fitness: 0.28888
INFO:root:Generation: 47
INFO:root:pop fitness: 0.13244
INFO:root:elite fitness: 0.2624
INFO:root:Generation: 53
INFO:root:pop fitness: 0.14397333333333334
INFO:root:elite fitness: 0.2522933333333333
INFO:root:Generation: 48
INFO:root:pop fitness: 0.1431
INFO:root:elite fitness: 0.26465333333333335
INFO:root:Generation: 54
INFO:root:pop fitness: 0.15246666666666664
INFO:root:elite fitness: 0.30733333333333324
INFO:root:Generation: 49
INFO:root:pop fitness: 0.14746
INFO:root:elite fitness: 0.2817733333333333
INFO:root:Generation: 50
INFO:root:pop fitness: 0.1552533333333333
INFO:root:elite fitness: 0.31244
INFO:root:Generation: 55
INFO:root:pop fitness: 0.15376
INFO:root:elite fitness: 0.2782
INFO:root:Generation: 51
INFO:root:pop fitness: 0.14493333333333336
INFO:root:elite fitness: 0.28656000000000004
INFO:root:Generation: 56
INFO:root:pop fitness: 0.14147333333333334
INFO:root:elite fitness: 0.28964
INFO:root:Generation: 52
INFO:root:pop fitness: 0.16088666666666665
INFO:root:elite fitness: 0.31076
INFO:root:Generation: 57
INFO:root:pop fitness: 0.15298
INFO:root:elite fitness: 0.29054666666666673
INFO:root:Generation: 53
INFO:root:pop fitness: 0.15678666666666666
INFO:root:elite fitness: 0.29072
INFO:root:Generation: 58
INFO:root:pop fitness: 0.12776666666666667
INFO:root:elite fitness: 0.24033333333333337
INFO:root:Generation: 59
INFO:root:pop fitness: 0.13734
INFO:root:elite fitness: 0.2704666666666667
INFO:root:Generation: 54
INFO:root:pop fitness: 0.15427333333333332
INFO:root:elite fitness: 0.28817333333333334
INFO:root:Generation: 60
INFO:root:pop fitness: 0.13863333333333333
INFO:root:elite fitness: 0.2630133333333333
INFO:root:Generation: 55
INFO:root:pop fitness: 0.15947333333333333
INFO:root:elite fitness: 0.2807733333333333
INFO:root:Generation: 61
INFO:root:pop fitness: 0.15208666666666668
INFO:root:elite fitness: 0.2697733333333333
INFO:root:Generation: 56
INFO:root:pop fitness: 0.16038
INFO:root:elite fitness: 0.2858800000000001
INFO:root:Generation: 62
INFO:root:pop fitness: 0.16092666666666666
INFO:root:elite fitness: 0.29807999999999996
INFO:root:Generation: 57
INFO:root:pop fitness: 0.16782
INFO:root:elite fitness: 0.29235999999999995
INFO:root:Generation: 63
INFO:root:pop fitness: 0.15117333333333335
INFO:root:elite fitness: 0.2913333333333333
INFO:root:Generation: 58
INFO:root:pop fitness: 0.17766
INFO:root:elite fitness: 0.31492
INFO:root:Generation: 64
INFO:root:pop fitness: 0.14142666666666664
INFO:root:elite fitness: 0.2678266666666667
INFO:root:Generation: 59
INFO:root:pop fitness: 0.18725333333333333
INFO:root:elite fitness: 0.31170666666666674
INFO:root:Generation: 60
INFO:root:pop fitness: 0.19064000000000003
INFO:root:elite fitness: 0.3256266666666666
INFO:root:Generation: 65
INFO:root:pop fitness: 0.14638
INFO:root:elite fitness: 0.28013333333333335
INFO:root:Generation: 61
INFO:root:pop fitness: 0.17959333333333333
INFO:root:elite fitness: 0.31856000000000007
INFO:root:Generation: 66
INFO:root:pop fitness: 0.14463333333333334
INFO:root:elite fitness: 0.26896000000000003
INFO:root:Generation: 62
INFO:root:pop fitness: 0.17567333333333332
INFO:root:elite fitness: 0.33382666666666655
INFO:root:Generation: 67
INFO:root:pop fitness: 0.1581733333333334
INFO:root:elite fitness: 0.3002533333333333
INFO:root:Generation: 68
INFO:root:pop fitness: 0.15451333333333336
INFO:root:elite fitness: 0.2751333333333333
INFO:root:Generation: 63
INFO:root:pop fitness: 0.17976666666666666
INFO:root:elite fitness: 0.3164266666666667
INFO:root:Generation: 69
INFO:root:pop fitness: 0.17576666666666668
INFO:root:elite fitness: 0.2902
INFO:root:Generation: 70
INFO:root:pop fitness: 0.16064000000000003
INFO:root:elite fitness: 0.28354666666666667
INFO:root:Generation: 64
INFO:root:pop fitness: 0.18580666666666665
INFO:root:elite fitness: 0.37228000000000006
INFO:root:Generation: 71
INFO:root:pop fitness: 0.15693333333333334
INFO:root:elite fitness: 0.29824
INFO:root:Generation: 65
INFO:root:pop fitness: 0.19444666666666668
INFO:root:elite fitness: 0.3465066666666667
INFO:root:Generation: 72
INFO:root:pop fitness: 0.14611999999999994
INFO:root:elite fitness: 0.25948
INFO:root:Generation: 73
INFO:root:pop fitness: 0.16327333333333333
INFO:root:elite fitness: 0.31448000000000004
INFO:root:Generation: 66
INFO:root:pop fitness: 0.19325333333333333
INFO:root:elite fitness: 0.3447333333333333
INFO:root:Generation: 74
INFO:root:pop fitness: 0.13357333333333335
INFO:root:elite fitness: 0.2496266666666667
INFO:root:Generation: 67
INFO:root:pop fitness: 0.17725333333333335
INFO:root:elite fitness: 0.32637333333333324
INFO:root:Generation: 75
INFO:root:pop fitness: 0.14149999999999996
INFO:root:elite fitness: 0.2687866666666667
INFO:root:Generation: 76
INFO:root:pop fitness: 0.14074000000000003
INFO:root:elite fitness: 0.26183999999999996
INFO:root:Generation: 68
INFO:root:pop fitness: 0.16892000000000001
INFO:root:elite fitness: 0.31564000000000003
INFO:root:Generation: 69
INFO:root:pop fitness: 0.17642
INFO:root:elite fitness: 0.32517333333333337
INFO:root:Generation: 77
INFO:root:pop fitness: 0.13806000000000002
INFO:root:elite fitness: 0.25608
INFO:root:Generation: 70
INFO:root:pop fitness: 0.17513333333333336
INFO:root:elite fitness: 0.3234
INFO:root:Generation: 78
INFO:root:pop fitness: 0.13318666666666668
INFO:root:elite fitness: 0.2743066666666667
INFO:root:Generation: 71
INFO:root:pop fitness: 0.17569999999999997
INFO:root:elite fitness: 0.30236
INFO:root:Generation: 79
INFO:root:pop fitness: 0.14604666666666666
INFO:root:elite fitness: 0.26248
INFO:root:Generation: 72
INFO:root:pop fitness: 0.16737333333333335
INFO:root:elite fitness: 0.30896000000000007
INFO:root:Generation: 80
INFO:root:pop fitness: 0.13712666666666667
INFO:root:elite fitness: 0.2661333333333334
INFO:root:Generation: 73
INFO:root:pop fitness: 0.16356
INFO:root:elite fitness: 0.31124000000000007
INFO:root:Generation: 74
INFO:root:pop fitness: 0.17334000000000002
INFO:root:elite fitness: 0.3296533333333334
INFO:root:Generation: 81
INFO:root:pop fitness: 0.14392666666666667
INFO:root:elite fitness: 0.27262666666666663
INFO:root:Generation: 75
INFO:root:pop fitness: 0.17428000000000002
INFO:root:elite fitness: 0.3146133333333333
INFO:root:Generation: 82
INFO:root:pop fitness: 0.15075999999999998
INFO:root:elite fitness: 0.26426666666666665
INFO:root:Generation: 76
INFO:root:pop fitness: 0.1727466666666667
INFO:root:elite fitness: 0.32186666666666663
INFO:root:Generation: 83
INFO:root:pop fitness: 0.14202
INFO:root:elite fitness: 0.28236000000000006
INFO:root:Generation: 77
INFO:root:pop fitness: 0.1710866666666667
INFO:root:elite fitness: 0.3204
INFO:root:Generation: 84
INFO:root:pop fitness: 0.13799333333333336
INFO:root:elite fitness: 0.23669333333333328
INFO:root:Generation: 78
INFO:root:pop fitness: 0.17406000000000002
INFO:root:elite fitness: 0.32295999999999997
INFO:root:Generation: 85
INFO:root:pop fitness: 0.1358933333333333
INFO:root:elite fitness: 0.2535066666666667
INFO:root:Generation: 79
INFO:root:pop fitness: 0.19129333333333334
INFO:root:elite fitness: 0.31936000000000003
INFO:root:Generation: 86
INFO:root:pop fitness: 0.16133333333333333
INFO:root:elite fitness: 0.30963999999999997
INFO:root:Generation: 87
INFO:root:pop fitness: 0.15048666666666666
INFO:root:elite fitness: 0.29793333333333333
INFO:root:Generation: 80
INFO:root:pop fitness: 0.18630666666666668
INFO:root:elite fitness: 0.34496000000000004
INFO:root:Generation: 88
INFO:root:pop fitness: 0.15705999999999998
INFO:root:elite fitness: 0.29089333333333334
INFO:root:Generation: 89
INFO:root:pop fitness: 0.14567999999999998
INFO:root:elite fitness: 0.26116
INFO:root:Generation: 81
INFO:root:pop fitness: 0.18050666666666668
INFO:root:elite fitness: 0.3438533333333333
INFO:root:Generation: 90
INFO:root:pop fitness: 0.13493999999999998
INFO:root:elite fitness: 0.29469333333333336
INFO:root:Generation: 82
INFO:root:pop fitness: 0.18520666666666666
INFO:root:elite fitness: 0.33673333333333333
INFO:root:Generation: 91
INFO:root:pop fitness: 0.15853333333333333
INFO:root:elite fitness: 0.2845733333333333
INFO:root:Generation: 92
INFO:root:pop fitness: 0.16120666666666664
INFO:root:elite fitness: 0.31278666666666666
INFO:root:Generation: 83
INFO:root:pop fitness: 0.17513333333333336
INFO:root:elite fitness: 0.32348
INFO:root:Generation: 93
INFO:root:pop fitness: 0.15812666666666664
INFO:root:elite fitness: 0.28961333333333333
INFO:root:Generation: 94
INFO:root:pop fitness: 0.16120666666666664
INFO:root:elite fitness: 0.28613333333333346
INFO:root:Generation: 84
INFO:root:pop fitness: 0.17569333333333334
INFO:root:elite fitness: 0.32067999999999997
INFO:root:Generation: 85
INFO:root:pop fitness: 0.1756133333333333
INFO:root:elite fitness: 0.31952
INFO:root:Generation: 95
INFO:root:pop fitness: 0.15529333333333334
INFO:root:elite fitness: 0.2666266666666667
INFO:root:Generation: 86
INFO:root:pop fitness: 0.16816
INFO:root:elite fitness: 0.27545333333333344
INFO:root:Generation: 96
INFO:root:pop fitness: 0.14636666666666667
INFO:root:elite fitness: 0.27698666666666666
INFO:root:Generation: 87
INFO:root:pop fitness: 0.1801866666666667
INFO:root:elite fitness: 0.31310666666666664
INFO:root:Generation: 97
INFO:root:pop fitness: 0.16425999999999996
INFO:root:elite fitness: 0.30846666666666667
INFO:root:Generation: 88
INFO:root:pop fitness: 0.1741
INFO:root:elite fitness: 0.3084133333333333
INFO:root:Generation: 89
INFO:root:pop fitness: 0.17837333333333333
INFO:root:elite fitness: 0.30522666666666665
INFO:root:Generation: 98
INFO:root:pop fitness: 0.15536000000000003
INFO:root:elite fitness: 0.28099999999999997
INFO:root:Generation: 90
INFO:root:pop fitness: 0.16886666666666666
INFO:root:elite fitness: 0.3139466666666667
INFO:root:Generation: 99
INFO:root:pop fitness: 0.15988666666666668
INFO:root:elite fitness: 0.271
INFO:root:Generation: 91
INFO:root:pop fitness: 0.17498666666666665
INFO:root:elite fitness: 0.34578666666666663
INFO:root:Generation: 100
INFO:root:pop fitness: 0.16587333333333334
INFO:root:elite fitness: 0.3452
INFO:root:Generation: 101
INFO:root:pop fitness: 0.16599999999999998
INFO:root:elite fitness: 0.3176933333333333
INFO:root:Generation: 92
INFO:root:pop fitness: 0.17220666666666667
INFO:root:elite fitness: 0.3044266666666666
INFO:root:Generation: 102
INFO:root:pop fitness: 0.15861999999999998
INFO:root:elite fitness: 0.28773333333333334
INFO:root:Generation: 93
INFO:root:pop fitness: 0.17892
INFO:root:elite fitness: 0.3442666666666666
INFO:root:Generation: 103
INFO:root:pop fitness: 0.16956666666666667
INFO:root:elite fitness: 0.29256000000000004
INFO:root:Generation: 94
INFO:root:pop fitness: 0.19307333333333332
INFO:root:elite fitness: 0.36778666666666665
INFO:root:Generation: 104
INFO:root:pop fitness: 0.16773333333333335
INFO:root:elite fitness: 0.30908
INFO:root:Generation: 95
INFO:root:pop fitness: 0.20948666666666668
INFO:root:elite fitness: 0.3701066666666667
INFO:root:Generation: 105
INFO:root:pop fitness: 0.1647266666666667
INFO:root:elite fitness: 0.3251466666666667
INFO:root:Generation: 96
INFO:root:pop fitness: 0.19752
INFO:root:elite fitness: 0.3451333333333333
INFO:root:Generation: 106
INFO:root:pop fitness: 0.18139333333333335
INFO:root:elite fitness: 0.32669333333333334
INFO:root:Generation: 97
INFO:root:pop fitness: 0.17194666666666666
INFO:root:elite fitness: 0.31870666666666664
INFO:root:Generation: 107
INFO:root:pop fitness: 0.17004666666666665
INFO:root:elite fitness: 0.29788
INFO:root:Generation: 98
INFO:root:pop fitness: 0.18179333333333336
INFO:root:elite fitness: 0.31896
INFO:root:Generation: 108
INFO:root:pop fitness: 0.16198000000000004
INFO:root:elite fitness: 0.2888666666666667
INFO:root:Generation: 109
INFO:root:pop fitness: 0.16469333333333333
INFO:root:elite fitness: 0.29128000000000004
INFO:root:Generation: 99
INFO:root:pop fitness: 0.16946
INFO:root:elite fitness: 0.28770666666666667
INFO:root:Generation: 110
INFO:root:pop fitness: 0.15067999999999998
INFO:root:elite fitness: 0.2688666666666667
INFO:root:Generation: 100
INFO:root:pop fitness: 0.16762
INFO:root:elite fitness: 0.30257333333333336
INFO:root:Generation: 111
INFO:root:pop fitness: 0.1548733333333333
INFO:root:elite fitness: 0.28530666666666665
INFO:root:Generation: 112
INFO:root:pop fitness: 0.15342
INFO:root:elite fitness: 0.2787733333333333
INFO:root:Generation: 101
INFO:root:pop fitness: 0.16782666666666665
INFO:root:elite fitness: 0.2962266666666667
INFO:root:Generation: 113
INFO:root:pop fitness: 0.16828666666666667
INFO:root:elite fitness: 0.30219999999999997
INFO:root:Generation: 102
INFO:root:pop fitness: 0.18339333333333332
INFO:root:elite fitness: 0.32371999999999995
INFO:root:Generation: 114
INFO:root:pop fitness: 0.15673333333333334
INFO:root:elite fitness: 0.30344
INFO:root:Generation: 115
INFO:root:pop fitness: 0.17034666666666667
INFO:root:elite fitness: 0.30824
INFO:root:Generation: 116
INFO:root:pop fitness: 0.17948666666666663
INFO:root:elite fitness: 0.30421333333333334
INFO:root:Generation: 103
INFO:root:pop fitness: 0.17420666666666668
INFO:root:elite fitness: 0.32158666666666663
INFO:root:Generation: 117
INFO:root:pop fitness: 0.18073999999999998
INFO:root:elite fitness: 0.3115200000000001
INFO:root:Generation: 118
INFO:root:pop fitness: 0.16561333333333333
INFO:root:elite fitness: 0.3396
INFO:root:Generation: 104
INFO:root:pop fitness: 0.16921333333333333
INFO:root:elite fitness: 0.30937333333333333
INFO:root:Generation: 119
INFO:root:pop fitness: 0.16312666666666667
INFO:root:elite fitness: 0.2903866666666667
INFO:root:Generation: 120
INFO:root:pop fitness: 0.17257333333333336
INFO:root:elite fitness: 0.33337333333333335
INFO:root:Generation: 121
INFO:root:pop fitness: 0.16763333333333336
INFO:root:elite fitness: 0.3096533333333334
INFO:root:Generation: 105
INFO:root:pop fitness: 0.16920666666666667
INFO:root:elite fitness: 0.31401333333333337
INFO:root:Generation: 122
INFO:root:pop fitness: 0.18015333333333336
INFO:root:elite fitness: 0.3146666666666667
INFO:root:Generation: 123
INFO:root:pop fitness: 0.17443333333333336
INFO:root:elite fitness: 0.33941333333333334
INFO:root:Generation: 124
INFO:root:pop fitness: 0.1759466666666667
INFO:root:elite fitness: 0.30695999999999996
INFO:root:Generation: 106
INFO:root:pop fitness: 0.15979333333333334
INFO:root:elite fitness: 0.28887999999999997
INFO:root:Generation: 125
INFO:root:pop fitness: 0.1720866666666667
INFO:root:elite fitness: 0.31608
INFO:root:Generation: 126
INFO:root:pop fitness: 0.16906666666666667
INFO:root:elite fitness: 0.3181866666666667
INFO:root:Generation: 107
INFO:root:pop fitness: 0.17118
INFO:root:elite fitness: 0.29330666666666666
INFO:root:Generation: 127
INFO:root:pop fitness: 0.1828533333333333
INFO:root:elite fitness: 0.31796
INFO:root:Generation: 108
INFO:root:pop fitness: 0.16698000000000002
INFO:root:elite fitness: 0.2903866666666667
INFO:root:Generation: 128
INFO:root:pop fitness: 0.17591333333333334
INFO:root:elite fitness: 0.32227999999999996
INFO:root:Generation: 129
INFO:root:pop fitness: 0.18874
INFO:root:elite fitness: 0.34703999999999996
INFO:root:Generation: 130
INFO:root:pop fitness: 0.17357333333333333
INFO:root:elite fitness: 0.30762666666666666
INFO:root:Generation: 109
INFO:root:pop fitness: 0.17946666666666666
INFO:root:elite fitness: 0.33757333333333334
INFO:root:Generation: 131
INFO:root:pop fitness: 0.19178666666666666
INFO:root:elite fitness: 0.33109333333333335
INFO:root:Generation: 132
INFO:root:pop fitness: 0.18498666666666666
INFO:root:elite fitness: 0.3222
INFO:root:Generation: 133
INFO:root:pop fitness: 0.1779
INFO:root:elite fitness: 0.3389333333333333
INFO:root:Generation: 110
INFO:root:pop fitness: 0.19532666666666668
INFO:root:elite fitness: 0.3332933333333334
INFO:root:Generation: 134
INFO:root:pop fitness: 0.18322
INFO:root:elite fitness: 0.33005333333333337
INFO:root:Generation: 135
INFO:root:pop fitness: 0.18338666666666664
INFO:root:elite fitness: 0.3301466666666667
INFO:root:Generation: 111
INFO:root:pop fitness: 0.18332
INFO:root:elite fitness: 0.32941333333333334
INFO:root:Generation: 112
INFO:root:pop fitness: 0.20089333333333334
INFO:root:elite fitness: 0.36017333333333323
INFO:root:Generation: 136
INFO:root:pop fitness: 0.1601933333333333
INFO:root:elite fitness: 0.3146133333333333
INFO:root:Generation: 113
INFO:root:pop fitness: 0.19417333333333334
INFO:root:elite fitness: 0.3294266666666667
INFO:root:Generation: 137
INFO:root:pop fitness: 0.16776666666666668
INFO:root:elite fitness: 0.28501333333333334
INFO:root:Generation: 138
INFO:root:pop fitness: 0.17876666666666666
INFO:root:elite fitness: 0.30418666666666666
INFO:root:Generation: 114
INFO:root:pop fitness: 0.2103
INFO:root:elite fitness: 0.37476
INFO:root:Generation: 139
INFO:root:pop fitness: 0.16852
INFO:root:elite fitness: 0.29528
INFO:root:Generation: 140
INFO:root:pop fitness: 0.18449333333333334
INFO:root:elite fitness: 0.33164
INFO:root:Generation: 115
INFO:root:pop fitness: 0.20906000000000002
INFO:root:elite fitness: 0.3629866666666666
INFO:root:Generation: 141
INFO:root:pop fitness: 0.17941999999999997
INFO:root:elite fitness: 0.32495999999999997
INFO:root:Generation: 142
INFO:root:pop fitness: 0.18663333333333335
INFO:root:elite fitness: 0.3252533333333334
INFO:root:Generation: 116
INFO:root:pop fitness: 0.1991133333333333
INFO:root:elite fitness: 0.34403999999999996
INFO:root:Generation: 143
INFO:root:pop fitness: 0.1927333333333333
INFO:root:elite fitness: 0.35488000000000003
INFO:root:Generation: 117
INFO:root:pop fitness: 0.19168666666666667
INFO:root:elite fitness: 0.34854666666666667
INFO:root:Generation: 144
INFO:root:pop fitness: 0.18025333333333332
INFO:root:elite fitness: 0.30394666666666664
INFO:root:Generation: 118
INFO:root:pop fitness: 0.19033333333333333
INFO:root:elite fitness: 0.33552000000000004
INFO:root:Generation: 145
INFO:root:pop fitness: 0.18965333333333334
INFO:root:elite fitness: 0.32864
INFO:root:Generation: 119
INFO:root:pop fitness: 0.20518
INFO:root:elite fitness: 0.34941333333333335
INFO:root:Generation: 146
INFO:root:pop fitness: 0.18312000000000003
INFO:root:elite fitness: 0.33028
INFO:root:Generation: 120
INFO:root:pop fitness: 0.19180666666666668
INFO:root:elite fitness: 0.3358666666666667
INFO:root:Generation: 147
INFO:root:pop fitness: 0.1851533333333333
INFO:root:elite fitness: 0.35656000000000004
INFO:root:Generation: 121
INFO:root:pop fitness: 0.18748666666666666
INFO:root:elite fitness: 0.3258266666666667
INFO:root:Generation: 148
INFO:root:pop fitness: 0.19632000000000002
INFO:root:elite fitness: 0.34405333333333343
INFO:root:Generation: 122
INFO:root:pop fitness: 0.19119333333333333
INFO:root:elite fitness: 0.31632
INFO:root:Generation: 149
INFO:root:pop fitness: 0.20063333333333333
INFO:root:elite fitness: 0.37132
INFO:root:Generation: 123
INFO:root:pop fitness: 0.1822
INFO:root:elite fitness: 0.31056
INFO:root:Generation: 150
INFO:root:pop fitness: 0.1773666666666667
INFO:root:elite fitness: 0.31024000000000007
INFO:root:Generation: 124
INFO:root:pop fitness: 0.20776666666666668
INFO:root:elite fitness: 0.36096
INFO:root:Generation: 151
INFO:root:pop fitness: 0.18107999999999996
INFO:root:elite fitness: 0.3411333333333333
INFO:root:Generation: 152
INFO:root:pop fitness: 0.19050666666666663
INFO:root:elite fitness: 0.3502666666666667
INFO:root:Generation: 125
INFO:root:pop fitness: 0.18164000000000002
INFO:root:elite fitness: 0.31969333333333333
INFO:root:Generation: 153
INFO:root:pop fitness: 0.18487333333333333
INFO:root:elite fitness: 0.34342666666666666
INFO:root:Generation: 126
INFO:root:pop fitness: 0.20857333333333333
INFO:root:elite fitness: 0.39032
INFO:root:Generation: 154
INFO:root:pop fitness: 0.18121333333333334
INFO:root:elite fitness: 0.32564000000000004
INFO:root:Generation: 127
INFO:root:pop fitness: 0.19351333333333334
INFO:root:elite fitness: 0.3609866666666666
INFO:root:Generation: 155
INFO:root:pop fitness: 0.18542
INFO:root:elite fitness: 0.3310266666666667
INFO:root:Generation: 128
INFO:root:pop fitness: 0.17351999999999998
INFO:root:elite fitness: 0.32452
INFO:root:Generation: 156
INFO:root:pop fitness: 0.19092666666666666
INFO:root:elite fitness: 0.3440533333333333
INFO:root:Generation: 129
INFO:root:pop fitness: 0.18396
INFO:root:elite fitness: 0.3372666666666667
INFO:root:Generation: 157
INFO:root:pop fitness: 0.18053333333333335
INFO:root:elite fitness: 0.32239999999999996
INFO:root:Generation: 130
INFO:root:pop fitness: 0.18211333333333335
INFO:root:elite fitness: 0.32126666666666664
INFO:root:Generation: 158
INFO:root:pop fitness: 0.17277333333333333
INFO:root:elite fitness: 0.2979466666666667
INFO:root:Generation: 159
INFO:root:pop fitness: 0.17989333333333335
INFO:root:elite fitness: 0.30185333333333325
INFO:root:Generation: 131
INFO:root:pop fitness: 0.18395333333333336
INFO:root:elite fitness: 0.3153066666666667
INFO:root:Generation: 160
INFO:root:pop fitness: 0.19575333333333333
INFO:root:elite fitness: 0.3486266666666667
INFO:root:Generation: 132
INFO:root:pop fitness: 0.18258
INFO:root:elite fitness: 0.2963333333333333
INFO:root:Generation: 161
INFO:root:pop fitness: 0.1995
INFO:root:elite fitness: 0.34468
INFO:root:Generation: 133
INFO:root:pop fitness: 0.1791533333333333
INFO:root:elite fitness: 0.32909333333333335
INFO:root:Generation: 162
INFO:root:pop fitness: 0.21461333333333332
INFO:root:elite fitness: 0.36268
INFO:root:Generation: 134
INFO:root:pop fitness: 0.18414666666666668
INFO:root:elite fitness: 0.3179866666666667
INFO:root:Generation: 163
INFO:root:pop fitness: 0.18835333333333334
INFO:root:elite fitness: 0.37698666666666675
INFO:root:Generation: 164
INFO:root:pop fitness: 0.18542666666666666
INFO:root:elite fitness: 0.3359333333333333
INFO:root:Generation: 135
INFO:root:pop fitness: 0.19225333333333333
INFO:root:elite fitness: 0.32952000000000004
INFO:root:Generation: 165
INFO:root:pop fitness: 0.18152000000000001
INFO:root:elite fitness: 0.3388
INFO:root:Generation: 136
INFO:root:pop fitness: 0.17662
INFO:root:elite fitness: 0.33422666666666667
INFO:root:Generation: 166
INFO:root:pop fitness: 0.21556000000000003
INFO:root:elite fitness: 0.35187999999999997
INFO:root:Generation: 137
INFO:root:pop fitness: 0.18162666666666666
INFO:root:elite fitness: 0.35912000000000005
INFO:root:Generation: 167
INFO:root:pop fitness: 0.1985333333333333
INFO:root:elite fitness: 0.3670666666666667
INFO:root:Generation: 138
INFO:root:pop fitness: 0.18335333333333334
INFO:root:elite fitness: 0.3676
INFO:root:Generation: 168
INFO:root:pop fitness: 0.20656666666666668
INFO:root:elite fitness: 0.32244000000000006
INFO:root:Generation: 139
INFO:root:pop fitness: 0.18214666666666668
INFO:root:elite fitness: 0.3269066666666667
INFO:root:Generation: 169
INFO:root:pop fitness: 0.19024666666666665
INFO:root:elite fitness: 0.35016
INFO:root:Generation: 140
INFO:root:pop fitness: 0.18217333333333333
INFO:root:elite fitness: 0.33840000000000003
INFO:root:Generation: 170
INFO:root:pop fitness: 0.2003066666666667
INFO:root:elite fitness: 0.31784
INFO:root:Generation: 141
INFO:root:pop fitness: 0.18487333333333333
INFO:root:elite fitness: 0.34324000000000005
INFO:root:Generation: 171
INFO:root:pop fitness: 0.19647999999999996
INFO:root:elite fitness: 0.33308000000000004
INFO:root:Generation: 172
INFO:root:pop fitness: 0.20048000000000005
INFO:root:elite fitness: 0.34115999999999996
INFO:root:Generation: 142
INFO:root:pop fitness: 0.15931999999999996
INFO:root:elite fitness: 0.30530666666666667
INFO:root:Generation: 173
INFO:root:pop fitness: 0.1995866666666667
INFO:root:elite fitness: 0.35799999999999993
INFO:root:Generation: 143
INFO:root:pop fitness: 0.17349333333333333
INFO:root:elite fitness: 0.33202666666666675
INFO:root:Generation: 174
INFO:root:pop fitness: 0.19310666666666668
INFO:root:elite fitness: 0.37946666666666673
INFO:root:Generation: 144
INFO:root:pop fitness: 0.16784000000000002
INFO:root:elite fitness: 0.3044
INFO:root:Generation: 175
INFO:root:pop fitness: 0.1916133333333333
INFO:root:elite fitness: 0.30856
INFO:root:Generation: 145
INFO:root:pop fitness: 0.17784000000000003
INFO:root:elite fitness: 0.30833333333333335
INFO:root:Generation: 176
INFO:root:pop fitness: 0.18632
INFO:root:elite fitness: 0.3314133333333333
INFO:root:Generation: 146
INFO:root:pop fitness: 0.18796666666666667
INFO:root:elite fitness: 0.3506
INFO:root:Generation: 177
INFO:root:pop fitness: 0.19124
INFO:root:elite fitness: 0.33624
INFO:root:Generation: 147
INFO:root:pop fitness: 0.18539333333333333
INFO:root:elite fitness: 0.3479333333333333
INFO:root:Generation: 178
INFO:root:pop fitness: 0.19721999999999998
INFO:root:elite fitness: 0.34302666666666665
INFO:root:Generation: 148
INFO:root:pop fitness: 0.17676000000000003
INFO:root:elite fitness: 0.3347466666666666
INFO:root:Generation: 179
INFO:root:pop fitness: 0.21186666666666665
INFO:root:elite fitness: 0.36394666666666664
INFO:root:Generation: 149
INFO:root:pop fitness: 0.18916000000000002
INFO:root:elite fitness: 0.3344533333333333
INFO:root:Generation: 180
INFO:root:pop fitness: 0.20551333333333338
INFO:root:elite fitness: 0.34244
INFO:root:Generation: 150
INFO:root:pop fitness: 0.19675333333333334
INFO:root:elite fitness: 0.3465466666666666
INFO:root:Generation: 181
INFO:root:pop fitness: 0.20079333333333332
INFO:root:elite fitness: 0.3252266666666666
INFO:root:Generation: 151
INFO:root:pop fitness: 0.18978
INFO:root:elite fitness: 0.33027999999999996
INFO:root:Generation: 182
INFO:root:pop fitness: 0.19112666666666667
INFO:root:elite fitness: 0.3242133333333333
INFO:root:Generation: 152
INFO:root:pop fitness: 0.18186
INFO:root:elite fitness: 0.3398133333333333
INFO:root:Generation: 183
INFO:root:pop fitness: 0.19829999999999998
INFO:root:elite fitness: 0.32512
INFO:root:Generation: 153
INFO:root:pop fitness: 0.17868
INFO:root:elite fitness: 0.29838666666666663
INFO:root:Generation: 184
INFO:root:pop fitness: 0.19400666666666666
INFO:root:elite fitness: 0.34276
INFO:root:Generation: 154
INFO:root:pop fitness: 0.20007333333333333
INFO:root:elite fitness: 0.34453333333333336
INFO:root:Generation: 185
INFO:root:pop fitness: 0.19182
INFO:root:elite fitness: 0.33371999999999996
INFO:root:Generation: 186
INFO:root:pop fitness: 0.20226
INFO:root:elite fitness: 0.35864000000000007
INFO:root:Generation: 155
INFO:root:pop fitness: 0.19469999999999998
INFO:root:elite fitness: 0.3531733333333333
INFO:root:Generation: 187
INFO:root:pop fitness: 0.18650666666666665
INFO:root:elite fitness: 0.3480266666666667
INFO:root:Generation: 188
INFO:root:pop fitness: 0.19573333333333334
INFO:root:elite fitness: 0.3470266666666667
INFO:root:Generation: 156
INFO:root:pop fitness: 0.19526
INFO:root:elite fitness: 0.34120000000000006
INFO:root:Generation: 189
INFO:root:pop fitness: 0.18569333333333332
INFO:root:elite fitness: 0.32936
INFO:root:Generation: 157
INFO:root:pop fitness: 0.18743333333333334
INFO:root:elite fitness: 0.33401333333333333
INFO:root:Generation: 190
INFO:root:pop fitness: 0.18609333333333333
INFO:root:elite fitness: 0.31859999999999994
INFO:root:Generation: 158
INFO:root:pop fitness: 0.16882000000000003
INFO:root:elite fitness: 0.32025333333333333
INFO:root:Generation: 191
INFO:root:pop fitness: 0.18853333333333333
INFO:root:elite fitness: 0.31712
INFO:root:Generation: 159
INFO:root:pop fitness: 0.18364666666666665
INFO:root:elite fitness: 0.3014666666666666
INFO:root:Generation: 160
INFO:root:pop fitness: 0.17017333333333334
INFO:root:elite fitness: 0.3010933333333334
INFO:root:Generation: 192
INFO:root:pop fitness: 0.1784466666666667
INFO:root:elite fitness: 0.30266666666666664
INFO:root:Generation: 161
INFO:root:pop fitness: 0.17213333333333336
INFO:root:elite fitness: 0.2955866666666666
INFO:root:Generation: 162
INFO:root:pop fitness: 0.18564666666666668
INFO:root:elite fitness: 0.32309333333333334
INFO:root:Generation: 193
INFO:root:pop fitness: 0.18946666666666667
INFO:root:elite fitness: 0.32621333333333336
INFO:root:Generation: 163
INFO:root:pop fitness: 0.18995333333333334
INFO:root:elite fitness: 0.33643999999999996
INFO:root:Generation: 164
INFO:root:pop fitness: 0.19628666666666666
INFO:root:elite fitness: 0.33629333333333333
INFO:root:Generation: 194
INFO:root:pop fitness: 0.19350666666666666
INFO:root:elite fitness: 0.3359466666666666
INFO:root:Generation: 165
INFO:root:pop fitness: 0.21274666666666667
INFO:root:elite fitness: 0.34767999999999993
INFO:root:Generation: 166
INFO:root:pop fitness: 0.18810666666666667
INFO:root:elite fitness: 0.34140000000000004
INFO:root:Generation: 167
INFO:root:pop fitness: 0.18588666666666667
INFO:root:elite fitness: 0.36216
INFO:root:Generation: 195
INFO:root:pop fitness: 0.18682666666666667
INFO:root:elite fitness: 0.33952000000000004
INFO:root:Generation: 168
INFO:root:pop fitness: 0.18084666666666668
INFO:root:elite fitness: 0.3332133333333333
INFO:root:Generation: 196
INFO:root:pop fitness: 0.18144000000000002
INFO:root:elite fitness: 0.31796
INFO:root:Generation: 169
INFO:root:pop fitness: 0.18813333333333332
INFO:root:elite fitness: 0.3127066666666667
INFO:root:Generation: 170
INFO:root:pop fitness: 0.19634000000000001
INFO:root:elite fitness: 0.3533866666666667
INFO:root:Generation: 197
INFO:root:pop fitness: 0.18408000000000002
INFO:root:elite fitness: 0.32724000000000003
INFO:root:Generation: 171
INFO:root:pop fitness: 0.19230666666666665
INFO:root:elite fitness: 0.35642666666666667
INFO:root:Generation: 172
INFO:root:pop fitness: 0.19971333333333333
INFO:root:elite fitness: 0.37381333333333333
INFO:root:Generation: 198
INFO:root:pop fitness: 0.19248666666666667
INFO:root:elite fitness: 0.36796
INFO:root:Generation: 173
INFO:root:pop fitness: 0.1996
INFO:root:elite fitness: 0.34289333333333333
INFO:root:Generation: 174
INFO:root:pop fitness: 0.20273333333333332
INFO:root:elite fitness: 0.35307999999999995
INFO:root:Generation: 199
INFO:root:pop fitness: 0.20650666666666667
INFO:root:elite fitness: 0.36094666666666664
INFO:root:Generation: 175
INFO:root:pop fitness: 0.1901133333333333
INFO:root:elite fitness: 0.3371733333333333
INFO:root:Generation: 176
INFO:root:pop fitness: 0.20674666666666666
INFO:root:elite fitness: 0.33941333333333334
INFO:root:Generation: 177
INFO:root:pop fitness: 0.19259333333333337
INFO:root:elite fitness: 0.3350266666666666
INFO:root:Generation: 178
INFO:root:pop fitness: 0.18365333333333334
INFO:root:elite fitness: 0.3316666666666667
INFO:root:Generation: 179
INFO:root:pop fitness: 0.18479333333333334
INFO:root:elite fitness: 0.32424
INFO:root:Generation: 180
INFO:root:pop fitness: 0.19262
INFO:root:elite fitness: 0.3237866666666667
INFO:root:Generation: 181
INFO:root:pop fitness: 0.18816666666666668
INFO:root:elite fitness: 0.3164133333333333
INFO:root:Generation: 182
INFO:root:pop fitness: 0.19690666666666667
INFO:root:elite fitness: 0.3371333333333334
INFO:root:Generation: 183
INFO:root:pop fitness: 0.18175333333333332
INFO:root:elite fitness: 0.31716000000000005
INFO:root:Generation: 184
INFO:root:pop fitness: 0.20316000000000004
INFO:root:elite fitness: 0.34753333333333336
INFO:root:Generation: 185
INFO:root:pop fitness: 0.17709999999999998
INFO:root:elite fitness: 0.33574666666666675
INFO:root:Generation: 186
INFO:root:pop fitness: 0.17305333333333334
INFO:root:elite fitness: 0.3315866666666667
INFO:root:Generation: 187
INFO:root:pop fitness: 0.19021333333333335
INFO:root:elite fitness: 0.32320000000000004
INFO:root:Generation: 188
INFO:root:pop fitness: 0.19874666666666668
INFO:root:elite fitness: 0.32854666666666665
INFO:root:Generation: 189
INFO:root:pop fitness: 0.18802000000000002
INFO:root:elite fitness: 0.33629333333333333
INFO:root:Generation: 190
INFO:root:pop fitness: 0.1894266666666667
INFO:root:elite fitness: 0.3201333333333334
INFO:root:Generation: 191
INFO:root:pop fitness: 0.17236666666666667
INFO:root:elite fitness: 0.2938533333333334
INFO:root:Generation: 192
INFO:root:pop fitness: 0.17715333333333333
INFO:root:elite fitness: 0.3086133333333333
INFO:root:Generation: 193
INFO:root:pop fitness: 0.1800466666666667
INFO:root:elite fitness: 0.33393333333333336
INFO:root:Generation: 194
INFO:root:pop fitness: 0.18672666666666668
INFO:root:elite fitness: 0.3399999999999999
INFO:root:Generation: 195
INFO:root:pop fitness: 0.18889333333333336
INFO:root:elite fitness: 0.33171999999999996
INFO:root:Generation: 196
INFO:root:pop fitness: 0.18735333333333332
INFO:root:elite fitness: 0.33452000000000004
INFO:root:Generation: 197
INFO:root:pop fitness: 0.19546666666666668
INFO:root:elite fitness: 0.3545066666666667
INFO:root:Generation: 198
INFO:root:pop fitness: 0.18996666666666667
INFO:root:elite fitness: 0.3242533333333334
INFO:root:Generation: 199
INFO:root:pop fitness: 0.21156
INFO:root:elite fitness: 0.36193333333333333
