INFO:root:run_master: Namespace(arms='10', hidden='8', layers='1', max_gen='200', message='', mutation_mag='0.1', name='cumulativeRwd', noise=True, pop_size='100', save_result=True, steps='1', trials='100')
INFO:root:run_master: Namespace(arms='10', hidden='8', layers='1', max_gen='200', message='', mutation_mag='0.1', name='cumulativeRwd', noise=False, pop_size='100', save_result=True, steps='1', trials='100')
INFO:root:Generation: 0
INFO:root:pop fitness: 0.49379000000000006
INFO:root:elite fitness: 0.52578
INFO:root:Generation: 0
INFO:root:pop fitness: 0.49951
INFO:root:elite fitness: 0.541
INFO:root:Generation: 1
INFO:root:pop fitness: 0.50128
INFO:root:elite fitness: 0.53288
INFO:root:Generation: 1
INFO:root:pop fitness: 0.50651
INFO:root:elite fitness: 0.5429400000000001
INFO:root:Generation: 2
INFO:root:pop fitness: 0.50487
INFO:root:elite fitness: 0.5507
INFO:root:Generation: 2
INFO:root:pop fitness: 0.49491000000000007
INFO:root:elite fitness: 0.5339
INFO:root:Generation: 3
INFO:root:pop fitness: 0.49789
INFO:root:elite fitness: 0.539
INFO:root:Generation: 3
INFO:root:pop fitness: 0.49649000000000015
INFO:root:elite fitness: 0.5405800000000001
INFO:root:Generation: 4
INFO:root:pop fitness: 0.5013500000000001
INFO:root:elite fitness: 0.54226
INFO:root:Generation: 4
INFO:root:pop fitness: 0.50093
INFO:root:elite fitness: 0.5444
INFO:root:Generation: 5
INFO:root:pop fitness: 0.50126
INFO:root:elite fitness: 0.5487400000000001
INFO:root:Generation: 5
INFO:root:pop fitness: 0.49932000000000004
INFO:root:elite fitness: 0.53732
INFO:root:Generation: 6
INFO:root:pop fitness: 0.5048299999999999
INFO:root:elite fitness: 0.56672
INFO:root:Generation: 6
INFO:root:pop fitness: 0.50204
INFO:root:elite fitness: 0.54556
INFO:root:Generation: 7
INFO:root:pop fitness: 0.49595000000000006
INFO:root:elite fitness: 0.5514600000000001
INFO:root:Generation: 8
INFO:root:pop fitness: 0.50619
INFO:root:elite fitness: 0.56278
INFO:root:Generation: 7
INFO:root:pop fitness: 0.4963
INFO:root:elite fitness: 0.54104
INFO:root:Generation: 9
INFO:root:pop fitness: 0.5065500000000001
INFO:root:elite fitness: 0.5697000000000001
INFO:root:Generation: 8
INFO:root:pop fitness: 0.5033000000000001
INFO:root:elite fitness: 0.55622
INFO:root:Generation: 10
INFO:root:pop fitness: 0.5019100000000001
INFO:root:elite fitness: 0.56334
INFO:root:Generation: 9
INFO:root:pop fitness: 0.49892000000000003
INFO:root:elite fitness: 0.54244
INFO:root:Generation: 11
INFO:root:pop fitness: 0.50384
INFO:root:elite fitness: 0.5569
INFO:root:Generation: 10
INFO:root:pop fitness: 0.49668999999999996
INFO:root:elite fitness: 0.5459600000000001
INFO:root:Generation: 12
INFO:root:pop fitness: 0.50183
INFO:root:elite fitness: 0.56094
INFO:root:Generation: 11
INFO:root:pop fitness: 0.501
INFO:root:elite fitness: 0.55104
INFO:root:Generation: 13
INFO:root:pop fitness: 0.51199
INFO:root:elite fitness: 0.56436
INFO:root:Generation: 12
INFO:root:pop fitness: 0.50635
INFO:root:elite fitness: 0.56072
INFO:root:Generation: 14
INFO:root:pop fitness: 0.5212
INFO:root:elite fitness: 0.6111599999999999
INFO:root:Generation: 13
INFO:root:pop fitness: 0.50857
INFO:root:elite fitness: 0.5674600000000001
INFO:root:Generation: 15
INFO:root:pop fitness: 0.5097
INFO:root:elite fitness: 0.58446
INFO:root:Generation: 14
INFO:root:pop fitness: 0.51239
INFO:root:elite fitness: 0.5718799999999999
INFO:root:Generation: 16
INFO:root:pop fitness: 0.51434
INFO:root:elite fitness: 0.58114
INFO:root:Generation: 15
INFO:root:pop fitness: 0.51032
INFO:root:elite fitness: 0.57696
INFO:root:Generation: 17
INFO:root:pop fitness: 0.5133600000000001
INFO:root:elite fitness: 0.5977399999999999
INFO:root:Generation: 18
INFO:root:pop fitness: 0.5201199999999999
INFO:root:elite fitness: 0.5979399999999999
INFO:root:Generation: 16
INFO:root:pop fitness: 0.5085999999999999
INFO:root:elite fitness: 0.5783
INFO:root:Generation: 19
INFO:root:pop fitness: 0.52737
INFO:root:elite fitness: 0.6122
INFO:root:Generation: 17
INFO:root:pop fitness: 0.5125200000000001
INFO:root:elite fitness: 0.57646
INFO:root:Generation: 20
INFO:root:pop fitness: 0.54574
INFO:root:elite fitness: 0.6335000000000001
INFO:root:Generation: 18
INFO:root:pop fitness: 0.50523
INFO:root:elite fitness: 0.58226
INFO:root:Generation: 21
INFO:root:pop fitness: 0.53829
INFO:root:elite fitness: 0.6231800000000001
INFO:root:Generation: 19
INFO:root:pop fitness: 0.51458
INFO:root:elite fitness: 0.57992
INFO:root:Generation: 22
INFO:root:pop fitness: 0.55096
INFO:root:elite fitness: 0.61954
INFO:root:Generation: 20
INFO:root:pop fitness: 0.5053699999999999
INFO:root:elite fitness: 0.5821000000000001
INFO:root:Generation: 23
INFO:root:pop fitness: 0.55167
INFO:root:elite fitness: 0.63076
INFO:root:Generation: 21
INFO:root:pop fitness: 0.51536
INFO:root:elite fitness: 0.58266
INFO:root:Generation: 24
INFO:root:pop fitness: 0.55509
INFO:root:elite fitness: 0.64794
INFO:root:Generation: 22
INFO:root:pop fitness: 0.50886
INFO:root:elite fitness: 0.57216
INFO:root:Generation: 25
INFO:root:pop fitness: 0.5542099999999999
INFO:root:elite fitness: 0.63506
INFO:root:Generation: 23
INFO:root:pop fitness: 0.52975
INFO:root:elite fitness: 0.60322
INFO:root:Generation: 26
INFO:root:pop fitness: 0.56539
INFO:root:elite fitness: 0.6401
INFO:root:Generation: 24
INFO:root:pop fitness: 0.51695
INFO:root:elite fitness: 0.61132
INFO:root:Generation: 27
INFO:root:pop fitness: 0.5545699999999999
INFO:root:elite fitness: 0.64932
INFO:root:Generation: 28
INFO:root:pop fitness: 0.56573
INFO:root:elite fitness: 0.64984
INFO:root:Generation: 25
INFO:root:pop fitness: 0.51587
INFO:root:elite fitness: 0.5922999999999999
INFO:root:Generation: 29
INFO:root:pop fitness: 0.5820599999999999
INFO:root:elite fitness: 0.66672
INFO:root:Generation: 26
INFO:root:pop fitness: 0.52063
INFO:root:elite fitness: 0.61332
INFO:root:Generation: 30
INFO:root:pop fitness: 0.56477
INFO:root:elite fitness: 0.64782
INFO:root:Generation: 27
INFO:root:pop fitness: 0.53427
INFO:root:elite fitness: 0.6281599999999999
INFO:root:Generation: 31
INFO:root:pop fitness: 0.56144
INFO:root:elite fitness: 0.6553999999999999
INFO:root:Generation: 28
INFO:root:pop fitness: 0.5359
INFO:root:elite fitness: 0.61552
INFO:root:Generation: 32
INFO:root:pop fitness: 0.5721200000000001
INFO:root:elite fitness: 0.6688200000000001
INFO:root:Generation: 29
INFO:root:pop fitness: 0.5347900000000001
INFO:root:elite fitness: 0.61224
INFO:root:Generation: 33
INFO:root:pop fitness: 0.57188
INFO:root:elite fitness: 0.6570600000000002
INFO:root:Generation: 30
INFO:root:pop fitness: 0.5451
INFO:root:elite fitness: 0.6383399999999999
INFO:root:Generation: 34
INFO:root:pop fitness: 0.5760400000000001
INFO:root:elite fitness: 0.6688799999999999
INFO:root:Generation: 31
INFO:root:pop fitness: 0.53763
INFO:root:elite fitness: 0.62692
INFO:root:Generation: 35
INFO:root:pop fitness: 0.58274
INFO:root:elite fitness: 0.67506
INFO:root:Generation: 32
INFO:root:pop fitness: 0.53403
INFO:root:elite fitness: 0.62236
INFO:root:Generation: 36
INFO:root:pop fitness: 0.56467
INFO:root:elite fitness: 0.6676599999999999
INFO:root:Generation: 37
INFO:root:pop fitness: 0.5653199999999999
INFO:root:elite fitness: 0.65432
INFO:root:Generation: 33
INFO:root:pop fitness: 0.5431900000000001
INFO:root:elite fitness: 0.65964
INFO:root:Generation: 38
INFO:root:pop fitness: 0.57696
INFO:root:elite fitness: 0.6639
INFO:root:Generation: 34
INFO:root:pop fitness: 0.5501999999999999
INFO:root:elite fitness: 0.64424
INFO:root:Generation: 39
INFO:root:pop fitness: 0.5729799999999999
INFO:root:elite fitness: 0.65236
INFO:root:Generation: 35
INFO:root:pop fitness: 0.5601799999999999
INFO:root:elite fitness: 0.6539
INFO:root:Generation: 40
INFO:root:pop fitness: 0.57623
INFO:root:elite fitness: 0.66912
INFO:root:Generation: 36
INFO:root:pop fitness: 0.5603600000000001
INFO:root:elite fitness: 0.65862
INFO:root:Generation: 41
INFO:root:pop fitness: 0.56658
INFO:root:elite fitness: 0.6663600000000001
INFO:root:Generation: 37
INFO:root:pop fitness: 0.55024
INFO:root:elite fitness: 0.6328
INFO:root:Generation: 42
INFO:root:pop fitness: 0.5653899999999998
INFO:root:elite fitness: 0.65376
INFO:root:Generation: 38
INFO:root:pop fitness: 0.5695
INFO:root:elite fitness: 0.66964
INFO:root:Generation: 43
INFO:root:pop fitness: 0.60906
INFO:root:elite fitness: 0.6992
INFO:root:Generation: 39
INFO:root:pop fitness: 0.5643099999999999
INFO:root:elite fitness: 0.6536000000000002
INFO:root:Generation: 44
INFO:root:pop fitness: 0.5989399999999999
INFO:root:elite fitness: 0.70272
INFO:root:Generation: 40
INFO:root:pop fitness: 0.56881
INFO:root:elite fitness: 0.672
INFO:root:Generation: 45
INFO:root:pop fitness: 0.5987300000000001
INFO:root:elite fitness: 0.6839400000000001
INFO:root:Generation: 46
INFO:root:pop fitness: 0.5902400000000001
INFO:root:elite fitness: 0.6755199999999999
INFO:root:Generation: 41
INFO:root:pop fitness: 0.5916
INFO:root:elite fitness: 0.69416
INFO:root:Generation: 47
INFO:root:pop fitness: 0.5982299999999999
INFO:root:elite fitness: 0.6838599999999999
INFO:root:Generation: 42
INFO:root:pop fitness: 0.57457
INFO:root:elite fitness: 0.6649800000000002
INFO:root:Generation: 48
INFO:root:pop fitness: 0.6124499999999999
INFO:root:elite fitness: 0.7162400000000002
INFO:root:Generation: 43
INFO:root:pop fitness: 0.5795899999999999
INFO:root:elite fitness: 0.6726000000000001
INFO:root:Generation: 49
INFO:root:pop fitness: 0.5977899999999999
INFO:root:elite fitness: 0.6805000000000001
INFO:root:Generation: 44
INFO:root:pop fitness: 0.5647000000000001
INFO:root:elite fitness: 0.66008
INFO:root:Generation: 50
INFO:root:pop fitness: 0.60407
INFO:root:elite fitness: 0.693
INFO:root:Generation: 45
INFO:root:pop fitness: 0.59628
INFO:root:elite fitness: 0.6824800000000001
INFO:root:Generation: 51
INFO:root:pop fitness: 0.59677
INFO:root:elite fitness: 0.6948000000000001
INFO:root:Generation: 46
INFO:root:pop fitness: 0.58305
INFO:root:elite fitness: 0.6769200000000001
INFO:root:Generation: 52
INFO:root:pop fitness: 0.60997
INFO:root:elite fitness: 0.7143
INFO:root:Generation: 47
INFO:root:pop fitness: 0.5798000000000001
INFO:root:elite fitness: 0.6824000000000001
INFO:root:Generation: 53
INFO:root:pop fitness: 0.60419
INFO:root:elite fitness: 0.6926200000000001
INFO:root:Generation: 54
INFO:root:pop fitness: 0.60988
INFO:root:elite fitness: 0.7022399999999998
INFO:root:Generation: 48
INFO:root:pop fitness: 0.5710999999999999
INFO:root:elite fitness: 0.67366
INFO:root:Generation: 55
INFO:root:pop fitness: 0.6166699999999999
INFO:root:elite fitness: 0.69304
INFO:root:Generation: 49
INFO:root:pop fitness: 0.59244
INFO:root:elite fitness: 0.6811399999999999
INFO:root:Generation: 56
INFO:root:pop fitness: 0.6193100000000001
INFO:root:elite fitness: 0.7114999999999999
INFO:root:Generation: 50
INFO:root:pop fitness: 0.60117
INFO:root:elite fitness: 0.6923599999999999
INFO:root:Generation: 57
INFO:root:pop fitness: 0.60205
INFO:root:elite fitness: 0.67986
INFO:root:Generation: 51
INFO:root:pop fitness: 0.58481
INFO:root:elite fitness: 0.6988600000000001
INFO:root:Generation: 58
INFO:root:pop fitness: 0.5969599999999999
INFO:root:elite fitness: 0.6885799999999999
INFO:root:Generation: 52
INFO:root:pop fitness: 0.5946600000000001
INFO:root:elite fitness: 0.6876999999999999
INFO:root:Generation: 59
INFO:root:pop fitness: 0.5933700000000001
INFO:root:elite fitness: 0.70356
INFO:root:Generation: 53
INFO:root:pop fitness: 0.6015
INFO:root:elite fitness: 0.6962999999999999
INFO:root:Generation: 60
INFO:root:pop fitness: 0.60104
INFO:root:elite fitness: 0.6939200000000001
INFO:root:Generation: 54
INFO:root:pop fitness: 0.5917799999999999
INFO:root:elite fitness: 0.69024
INFO:root:Generation: 61
INFO:root:pop fitness: 0.61387
INFO:root:elite fitness: 0.71608
INFO:root:Generation: 62
INFO:root:pop fitness: 0.6046999999999999
INFO:root:elite fitness: 0.6967599999999998
INFO:root:Generation: 55
INFO:root:pop fitness: 0.60216
INFO:root:elite fitness: 0.70804
INFO:root:Generation: 63
INFO:root:pop fitness: 0.61756
INFO:root:elite fitness: 0.7166799999999999
INFO:root:Generation: 56
INFO:root:pop fitness: 0.5962900000000001
INFO:root:elite fitness: 0.69392
INFO:root:Generation: 64
INFO:root:pop fitness: 0.6258299999999999
INFO:root:elite fitness: 0.73442
INFO:root:Generation: 57
INFO:root:pop fitness: 0.5960799999999999
INFO:root:elite fitness: 0.68824
INFO:root:Generation: 65
INFO:root:pop fitness: 0.6078800000000001
INFO:root:elite fitness: 0.69192
INFO:root:Generation: 58
INFO:root:pop fitness: 0.5905600000000001
INFO:root:elite fitness: 0.6755
INFO:root:Generation: 66
INFO:root:pop fitness: 0.61869
INFO:root:elite fitness: 0.72464
INFO:root:Generation: 59
INFO:root:pop fitness: 0.58207
INFO:root:elite fitness: 0.6773399999999999
INFO:root:Generation: 67
INFO:root:pop fitness: 0.6240400000000002
INFO:root:elite fitness: 0.7203600000000001
INFO:root:Generation: 60
INFO:root:pop fitness: 0.58246
INFO:root:elite fitness: 0.65634
INFO:root:Generation: 68
INFO:root:pop fitness: 0.63076
INFO:root:elite fitness: 0.72836
INFO:root:Generation: 69
INFO:root:pop fitness: 0.6230100000000001
INFO:root:elite fitness: 0.7243200000000001
INFO:root:Generation: 61
INFO:root:pop fitness: 0.59804
INFO:root:elite fitness: 0.7082599999999999
INFO:root:Generation: 70
INFO:root:pop fitness: 0.62164
INFO:root:elite fitness: 0.7142599999999999
INFO:root:Generation: 62
INFO:root:pop fitness: 0.5886100000000001
INFO:root:elite fitness: 0.6888199999999999
INFO:root:Generation: 71
INFO:root:pop fitness: 0.63111
INFO:root:elite fitness: 0.7098
INFO:root:Generation: 63
INFO:root:pop fitness: 0.59697
INFO:root:elite fitness: 0.6979400000000001
INFO:root:Generation: 72
INFO:root:pop fitness: 0.63317
INFO:root:elite fitness: 0.7336599999999999
INFO:root:Generation: 64
INFO:root:pop fitness: 0.59701
INFO:root:elite fitness: 0.6849
INFO:root:Generation: 73
INFO:root:pop fitness: 0.63022
INFO:root:elite fitness: 0.72788
INFO:root:Generation: 65
INFO:root:pop fitness: 0.60608
INFO:root:elite fitness: 0.69482
INFO:root:Generation: 74
INFO:root:pop fitness: 0.62853
INFO:root:elite fitness: 0.7158199999999999
INFO:root:Generation: 66
INFO:root:pop fitness: 0.6014
INFO:root:elite fitness: 0.6960200000000001
INFO:root:Generation: 75
INFO:root:pop fitness: 0.6394299999999999
INFO:root:elite fitness: 0.73406
INFO:root:Generation: 67
INFO:root:pop fitness: 0.6106099999999999
INFO:root:elite fitness: 0.7068999999999999
INFO:root:Generation: 76
INFO:root:pop fitness: 0.62195
INFO:root:elite fitness: 0.73628
INFO:root:Generation: 68
INFO:root:pop fitness: 0.60572
INFO:root:elite fitness: 0.718
INFO:root:Generation: 77
INFO:root:pop fitness: 0.62997
INFO:root:elite fitness: 0.72516
INFO:root:Generation: 78
INFO:root:pop fitness: 0.63317
INFO:root:elite fitness: 0.7129800000000001
INFO:root:Generation: 69
INFO:root:pop fitness: 0.62279
INFO:root:elite fitness: 0.7211200000000001
INFO:root:Generation: 79
INFO:root:pop fitness: 0.6320199999999999
INFO:root:elite fitness: 0.73194
INFO:root:Generation: 70
INFO:root:pop fitness: 0.6066199999999999
INFO:root:elite fitness: 0.7093
INFO:root:Generation: 80
INFO:root:pop fitness: 0.63693
INFO:root:elite fitness: 0.72352
INFO:root:Generation: 71
INFO:root:pop fitness: 0.60888
INFO:root:elite fitness: 0.7035800000000001
INFO:root:Generation: 81
INFO:root:pop fitness: 0.6392399999999999
INFO:root:elite fitness: 0.7279799999999998
INFO:root:Generation: 72
INFO:root:pop fitness: 0.60293
INFO:root:elite fitness: 0.6863999999999999
INFO:root:Generation: 82
INFO:root:pop fitness: 0.64026
INFO:root:elite fitness: 0.7182199999999999
INFO:root:Generation: 73
INFO:root:pop fitness: 0.6127799999999999
INFO:root:elite fitness: 0.7143
INFO:root:Generation: 83
INFO:root:pop fitness: 0.6383199999999999
INFO:root:elite fitness: 0.7326600000000002
INFO:root:Generation: 74
INFO:root:pop fitness: 0.60279
INFO:root:elite fitness: 0.69048
INFO:root:Generation: 84
INFO:root:pop fitness: 0.6467700000000001
INFO:root:elite fitness: 0.7473000000000001
INFO:root:Generation: 75
INFO:root:pop fitness: 0.5978000000000001
INFO:root:elite fitness: 0.6786399999999999
INFO:root:Generation: 85
INFO:root:pop fitness: 0.6362199999999999
INFO:root:elite fitness: 0.7414199999999999
INFO:root:Generation: 76
INFO:root:pop fitness: 0.6122399999999999
INFO:root:elite fitness: 0.7
INFO:root:Generation: 86
INFO:root:pop fitness: 0.63635
INFO:root:elite fitness: 0.73118
INFO:root:Generation: 87
INFO:root:pop fitness: 0.64443
INFO:root:elite fitness: 0.7260800000000001
INFO:root:Generation: 77
INFO:root:pop fitness: 0.60821
INFO:root:elite fitness: 0.6957999999999999
INFO:root:Generation: 88
INFO:root:pop fitness: 0.63446
INFO:root:elite fitness: 0.7167199999999998
INFO:root:Generation: 78
INFO:root:pop fitness: 0.6093899999999999
INFO:root:elite fitness: 0.6882600000000001
INFO:root:Generation: 89
INFO:root:pop fitness: 0.63226
INFO:root:elite fitness: 0.71494
INFO:root:Generation: 79
INFO:root:pop fitness: 0.61596
INFO:root:elite fitness: 0.6958399999999999
INFO:root:Generation: 90
INFO:root:pop fitness: 0.6383800000000001
INFO:root:elite fitness: 0.7240199999999999
INFO:root:Generation: 80
INFO:root:pop fitness: 0.5911899999999999
INFO:root:elite fitness: 0.6851600000000001
INFO:root:Generation: 91
INFO:root:pop fitness: 0.6340299999999999
INFO:root:elite fitness: 0.7298800000000001
INFO:root:Generation: 81
INFO:root:pop fitness: 0.6071
INFO:root:elite fitness: 0.7043599999999999
INFO:root:Generation: 92
INFO:root:pop fitness: 0.6347600000000001
INFO:root:elite fitness: 0.7216799999999999
INFO:root:Generation: 82
INFO:root:pop fitness: 0.6000900000000001
INFO:root:elite fitness: 0.6954199999999999
INFO:root:Generation: 93
INFO:root:pop fitness: 0.6355299999999999
INFO:root:elite fitness: 0.72958
INFO:root:Generation: 94
INFO:root:pop fitness: 0.63348
INFO:root:elite fitness: 0.7339199999999999
INFO:root:Generation: 83
INFO:root:pop fitness: 0.6230800000000001
INFO:root:elite fitness: 0.71148
INFO:root:Generation: 95
INFO:root:pop fitness: 0.6282800000000001
INFO:root:elite fitness: 0.7293999999999998
INFO:root:Generation: 84
INFO:root:pop fitness: 0.62364
INFO:root:elite fitness: 0.71962
INFO:root:Generation: 96
INFO:root:pop fitness: 0.63503
INFO:root:elite fitness: 0.72136
INFO:root:Generation: 85
INFO:root:pop fitness: 0.61769
INFO:root:elite fitness: 0.70992
INFO:root:Generation: 97
INFO:root:pop fitness: 0.6368800000000001
INFO:root:elite fitness: 0.7253999999999999
INFO:root:Generation: 86
INFO:root:pop fitness: 0.6314800000000002
INFO:root:elite fitness: 0.728
INFO:root:Generation: 98
INFO:root:pop fitness: 0.6312599999999999
INFO:root:elite fitness: 0.70868
INFO:root:Generation: 87
INFO:root:pop fitness: 0.60301
INFO:root:elite fitness: 0.68036
INFO:root:Generation: 99
INFO:root:pop fitness: 0.63451
INFO:root:elite fitness: 0.7244399999999999
INFO:root:Generation: 88
INFO:root:pop fitness: 0.61226
INFO:root:elite fitness: 0.7105199999999999
INFO:root:Generation: 100
INFO:root:pop fitness: 0.6477499999999999
INFO:root:elite fitness: 0.73326
INFO:root:Generation: 89
INFO:root:pop fitness: 0.6142
INFO:root:elite fitness: 0.7150200000000001
INFO:root:Generation: 101
INFO:root:pop fitness: 0.62645
INFO:root:elite fitness: 0.7203
INFO:root:Generation: 90
INFO:root:pop fitness: 0.6118300000000001
INFO:root:elite fitness: 0.6896
INFO:root:Generation: 102
INFO:root:pop fitness: 0.63277
INFO:root:elite fitness: 0.7365800000000001
INFO:root:Generation: 103
INFO:root:pop fitness: 0.62683
INFO:root:elite fitness: 0.7158399999999999
INFO:root:Generation: 91
INFO:root:pop fitness: 0.6182400000000001
INFO:root:elite fitness: 0.72228
INFO:root:Generation: 104
INFO:root:pop fitness: 0.63028
INFO:root:elite fitness: 0.71262
INFO:root:Generation: 92
INFO:root:pop fitness: 0.6186900000000001
INFO:root:elite fitness: 0.72186
INFO:root:Generation: 105
INFO:root:pop fitness: 0.6516
INFO:root:elite fitness: 0.7367
INFO:root:Generation: 93
INFO:root:pop fitness: 0.6009899999999999
INFO:root:elite fitness: 0.6901999999999999
INFO:root:Generation: 106
INFO:root:pop fitness: 0.6528
INFO:root:elite fitness: 0.7381599999999999
INFO:root:Generation: 94
INFO:root:pop fitness: 0.60789
INFO:root:elite fitness: 0.72864
INFO:root:Generation: 107
INFO:root:pop fitness: 0.63586
INFO:root:elite fitness: 0.7386199999999998
INFO:root:Generation: 95
INFO:root:pop fitness: 0.61427
INFO:root:elite fitness: 0.70402
INFO:root:Generation: 108
INFO:root:pop fitness: 0.6557699999999999
INFO:root:elite fitness: 0.7303399999999999
INFO:root:Generation: 96
INFO:root:pop fitness: 0.60698
INFO:root:elite fitness: 0.6924800000000001
INFO:root:Generation: 109
INFO:root:pop fitness: 0.65498
INFO:root:elite fitness: 0.7384999999999999
INFO:root:Generation: 97
INFO:root:pop fitness: 0.61536
INFO:root:elite fitness: 0.71496
INFO:root:Generation: 110
INFO:root:pop fitness: 0.6613
INFO:root:elite fitness: 0.74396
INFO:root:Generation: 98
INFO:root:pop fitness: 0.61002
INFO:root:elite fitness: 0.7084999999999999
INFO:root:Generation: 111
INFO:root:pop fitness: 0.6562
INFO:root:elite fitness: 0.73552
INFO:root:Generation: 112
INFO:root:pop fitness: 0.6473300000000002
INFO:root:elite fitness: 0.7339
INFO:root:Generation: 99
INFO:root:pop fitness: 0.61102
INFO:root:elite fitness: 0.7156399999999999
INFO:root:Generation: 113
INFO:root:pop fitness: 0.6572500000000001
INFO:root:elite fitness: 0.72404
INFO:root:Generation: 100
INFO:root:pop fitness: 0.62823
INFO:root:elite fitness: 0.7120000000000001
INFO:root:Generation: 114
INFO:root:pop fitness: 0.6514899999999999
INFO:root:elite fitness: 0.72708
INFO:root:Generation: 101
INFO:root:pop fitness: 0.62237
INFO:root:elite fitness: 0.7067000000000001
INFO:root:Generation: 115
INFO:root:pop fitness: 0.66448
INFO:root:elite fitness: 0.7490400000000002
INFO:root:Generation: 102
INFO:root:pop fitness: 0.60827
INFO:root:elite fitness: 0.6998399999999999
INFO:root:Generation: 116
INFO:root:pop fitness: 0.6454899999999999
INFO:root:elite fitness: 0.7301800000000002
INFO:root:Generation: 103
INFO:root:pop fitness: 0.6200600000000001
INFO:root:elite fitness: 0.71624
INFO:root:Generation: 117
INFO:root:pop fitness: 0.6565899999999999
INFO:root:elite fitness: 0.72646
INFO:root:Generation: 104
INFO:root:pop fitness: 0.6124499999999999
INFO:root:elite fitness: 0.7007000000000001
INFO:root:Generation: 118
INFO:root:pop fitness: 0.6540799999999999
INFO:root:elite fitness: 0.7398399999999999
INFO:root:Generation: 119
INFO:root:pop fitness: 0.6545299999999998
INFO:root:elite fitness: 0.7391199999999999
INFO:root:Generation: 105
INFO:root:pop fitness: 0.61914
INFO:root:elite fitness: 0.7132799999999999
INFO:root:Generation: 120
INFO:root:pop fitness: 0.6655499999999998
INFO:root:elite fitness: 0.74436
INFO:root:Generation: 106
INFO:root:pop fitness: 0.6188199999999999
INFO:root:elite fitness: 0.7195600000000002
INFO:root:Generation: 121
INFO:root:pop fitness: 0.64873
INFO:root:elite fitness: 0.7433599999999998
INFO:root:Generation: 107
INFO:root:pop fitness: 0.6185900000000001
INFO:root:elite fitness: 0.7082999999999999
INFO:root:Generation: 122
INFO:root:pop fitness: 0.6496200000000001
INFO:root:elite fitness: 0.7405200000000001
INFO:root:Generation: 108
INFO:root:pop fitness: 0.61838
INFO:root:elite fitness: 0.71608
INFO:root:Generation: 123
INFO:root:pop fitness: 0.6638199999999997
INFO:root:elite fitness: 0.7615800000000001
INFO:root:Generation: 109
INFO:root:pop fitness: 0.6334099999999999
INFO:root:elite fitness: 0.7142000000000001
INFO:root:Generation: 124
INFO:root:pop fitness: 0.6528
INFO:root:elite fitness: 0.73946
INFO:root:Generation: 110
INFO:root:pop fitness: 0.6218100000000001
INFO:root:elite fitness: 0.71476
INFO:root:Generation: 125
INFO:root:pop fitness: 0.66435
INFO:root:elite fitness: 0.7625
INFO:root:Generation: 111
INFO:root:pop fitness: 0.6306
INFO:root:elite fitness: 0.72456
INFO:root:Generation: 126
INFO:root:pop fitness: 0.6718600000000001
INFO:root:elite fitness: 0.7514800000000001
INFO:root:Generation: 112
INFO:root:pop fitness: 0.62649
INFO:root:elite fitness: 0.72636
INFO:root:Generation: 127
INFO:root:pop fitness: 0.6642199999999998
INFO:root:elite fitness: 0.7431399999999999
INFO:root:Generation: 128
INFO:root:pop fitness: 0.66473
INFO:root:elite fitness: 0.7565800000000001
INFO:root:Generation: 113
INFO:root:pop fitness: 0.6281899999999999
INFO:root:elite fitness: 0.72566
INFO:root:Generation: 129
INFO:root:pop fitness: 0.6699300000000001
INFO:root:elite fitness: 0.75158
INFO:root:Generation: 114
INFO:root:pop fitness: 0.6264000000000001
INFO:root:elite fitness: 0.72842
INFO:root:Generation: 130
INFO:root:pop fitness: 0.64814
INFO:root:elite fitness: 0.7519999999999999
INFO:root:Generation: 115
INFO:root:pop fitness: 0.6363599999999999
INFO:root:elite fitness: 0.7556000000000002
INFO:root:Generation: 131
INFO:root:pop fitness: 0.6547300000000001
INFO:root:elite fitness: 0.75436
INFO:root:Generation: 116
INFO:root:pop fitness: 0.64607
INFO:root:elite fitness: 0.7289000000000001
INFO:root:Generation: 132
INFO:root:pop fitness: 0.6568900000000001
INFO:root:elite fitness: 0.7411999999999999
INFO:root:Generation: 117
INFO:root:pop fitness: 0.63749
INFO:root:elite fitness: 0.7250200000000001
INFO:root:Generation: 133
INFO:root:pop fitness: 0.67001
INFO:root:elite fitness: 0.7518200000000002
INFO:root:Generation: 118
INFO:root:pop fitness: 0.62302
INFO:root:elite fitness: 0.70588
INFO:root:Generation: 134
INFO:root:pop fitness: 0.6708699999999999
INFO:root:elite fitness: 0.7492200000000001
INFO:root:Generation: 119
INFO:root:pop fitness: 0.6311999999999999
INFO:root:elite fitness: 0.7290399999999999
INFO:root:Generation: 135
INFO:root:pop fitness: 0.63652
INFO:root:elite fitness: 0.7255800000000001
INFO:root:Generation: 120
INFO:root:pop fitness: 0.63831
INFO:root:elite fitness: 0.7265599999999999
INFO:root:Generation: 136
INFO:root:pop fitness: 0.6500400000000002
INFO:root:elite fitness: 0.72524
INFO:root:Generation: 137
INFO:root:pop fitness: 0.6494500000000001
INFO:root:elite fitness: 0.7382599999999998
INFO:root:Generation: 121
INFO:root:pop fitness: 0.639
INFO:root:elite fitness: 0.72222
INFO:root:Generation: 138
INFO:root:pop fitness: 0.6454000000000001
INFO:root:elite fitness: 0.7111799999999999
INFO:root:Generation: 122
INFO:root:pop fitness: 0.64221
INFO:root:elite fitness: 0.7325400000000001
INFO:root:Generation: 139
INFO:root:pop fitness: 0.65119
INFO:root:elite fitness: 0.74798
INFO:root:Generation: 123
INFO:root:pop fitness: 0.6434799999999999
INFO:root:elite fitness: 0.71408
INFO:root:Generation: 140
INFO:root:pop fitness: 0.6418900000000001
INFO:root:elite fitness: 0.73426
INFO:root:Generation: 124
INFO:root:pop fitness: 0.63701
INFO:root:elite fitness: 0.7222799999999999
INFO:root:Generation: 141
INFO:root:pop fitness: 0.64735
INFO:root:elite fitness: 0.7382599999999999
INFO:root:Generation: 125
INFO:root:pop fitness: 0.62747
INFO:root:elite fitness: 0.71662
INFO:root:Generation: 142
INFO:root:pop fitness: 0.65225
INFO:root:elite fitness: 0.7540399999999999
INFO:root:Generation: 126
INFO:root:pop fitness: 0.6319199999999999
INFO:root:elite fitness: 0.72886
INFO:root:Generation: 143
INFO:root:pop fitness: 0.6546000000000001
INFO:root:elite fitness: 0.74508
INFO:root:Generation: 144
INFO:root:pop fitness: 0.6580799999999999
INFO:root:elite fitness: 0.74594
INFO:root:Generation: 127
INFO:root:pop fitness: 0.63935
INFO:root:elite fitness: 0.7348999999999998
INFO:root:Generation: 145
INFO:root:pop fitness: 0.65925
INFO:root:elite fitness: 0.74178
INFO:root:Generation: 128
INFO:root:pop fitness: 0.6369299999999999
INFO:root:elite fitness: 0.7369599999999998
INFO:root:Generation: 146
INFO:root:pop fitness: 0.6602899999999999
INFO:root:elite fitness: 0.7514
INFO:root:Generation: 129
INFO:root:pop fitness: 0.6413600000000002
INFO:root:elite fitness: 0.7278200000000001
INFO:root:Generation: 147
INFO:root:pop fitness: 0.65424
INFO:root:elite fitness: 0.73284
INFO:root:Generation: 130
INFO:root:pop fitness: 0.6359400000000001
INFO:root:elite fitness: 0.7326199999999998
INFO:root:Generation: 148
INFO:root:pop fitness: 0.65664
INFO:root:elite fitness: 0.7480600000000002
INFO:root:Generation: 131
INFO:root:pop fitness: 0.62554
INFO:root:elite fitness: 0.71892
INFO:root:Generation: 149
INFO:root:pop fitness: 0.6510000000000001
INFO:root:elite fitness: 0.74292
INFO:root:Generation: 132
INFO:root:pop fitness: 0.63715
INFO:root:elite fitness: 0.7276800000000001
INFO:root:Generation: 150
INFO:root:pop fitness: 0.6528299999999999
INFO:root:elite fitness: 0.7441200000000001
INFO:root:Generation: 133
INFO:root:pop fitness: 0.6351100000000001
INFO:root:elite fitness: 0.7189
INFO:root:Generation: 151
INFO:root:pop fitness: 0.64684
INFO:root:elite fitness: 0.73394
INFO:root:Generation: 152
INFO:root:pop fitness: 0.6618999999999998
INFO:root:elite fitness: 0.74086
INFO:root:Generation: 134
INFO:root:pop fitness: 0.63603
INFO:root:elite fitness: 0.7136799999999998
INFO:root:Generation: 153
INFO:root:pop fitness: 0.64493
INFO:root:elite fitness: 0.7373599999999999
INFO:root:Generation: 135
INFO:root:pop fitness: 0.63778
INFO:root:elite fitness: 0.72256
INFO:root:Generation: 154
INFO:root:pop fitness: 0.65679
INFO:root:elite fitness: 0.7284199999999998
INFO:root:Generation: 136
INFO:root:pop fitness: 0.65345
INFO:root:elite fitness: 0.7546
INFO:root:Generation: 155
INFO:root:pop fitness: 0.65169
INFO:root:elite fitness: 0.7355999999999999
INFO:root:Generation: 137
INFO:root:pop fitness: 0.6439900000000001
INFO:root:elite fitness: 0.7308399999999999
INFO:root:Generation: 156
INFO:root:pop fitness: 0.6619899999999999
INFO:root:elite fitness: 0.7451000000000001
INFO:root:Generation: 138
INFO:root:pop fitness: 0.64528
INFO:root:elite fitness: 0.7354000000000002
INFO:root:Generation: 157
INFO:root:pop fitness: 0.6578800000000001
INFO:root:elite fitness: 0.75284
INFO:root:Generation: 139
INFO:root:pop fitness: 0.64991
INFO:root:elite fitness: 0.7445999999999999
INFO:root:Generation: 158
INFO:root:pop fitness: 0.6550400000000001
INFO:root:elite fitness: 0.7304599999999999
INFO:root:Generation: 159
INFO:root:pop fitness: 0.6503799999999998
INFO:root:elite fitness: 0.7349
INFO:root:Generation: 140
INFO:root:pop fitness: 0.65035
INFO:root:elite fitness: 0.7398199999999998
INFO:root:Generation: 160
INFO:root:pop fitness: 0.65171
INFO:root:elite fitness: 0.72788
INFO:root:Generation: 141
INFO:root:pop fitness: 0.6500900000000001
INFO:root:elite fitness: 0.7416799999999999
INFO:root:Generation: 161
INFO:root:pop fitness: 0.67364
INFO:root:elite fitness: 0.75704
INFO:root:Generation: 142
INFO:root:pop fitness: 0.64756
INFO:root:elite fitness: 0.74848
INFO:root:Generation: 162
INFO:root:pop fitness: 0.6614600000000002
INFO:root:elite fitness: 0.73614
INFO:root:Generation: 143
INFO:root:pop fitness: 0.6387200000000001
INFO:root:elite fitness: 0.7365000000000002
INFO:root:Generation: 163
INFO:root:pop fitness: 0.64717
INFO:root:elite fitness: 0.72902
INFO:root:Generation: 144
INFO:root:pop fitness: 0.6346900000000001
INFO:root:elite fitness: 0.7250200000000001
INFO:root:Generation: 164
INFO:root:pop fitness: 0.66452
INFO:root:elite fitness: 0.7559
INFO:root:Generation: 145
INFO:root:pop fitness: 0.64648
INFO:root:elite fitness: 0.7505
INFO:root:Generation: 165
INFO:root:pop fitness: 0.6389699999999999
INFO:root:elite fitness: 0.71224
INFO:root:Generation: 166
INFO:root:pop fitness: 0.65628
INFO:root:elite fitness: 0.7505
INFO:root:Generation: 146
INFO:root:pop fitness: 0.6463500000000001
INFO:root:elite fitness: 0.7353200000000001
INFO:root:Generation: 167
INFO:root:pop fitness: 0.64583
INFO:root:elite fitness: 0.7299
INFO:root:Generation: 147
INFO:root:pop fitness: 0.63627
INFO:root:elite fitness: 0.7279599999999999
INFO:root:Generation: 168
INFO:root:pop fitness: 0.6622100000000001
INFO:root:elite fitness: 0.73738
INFO:root:Generation: 148
INFO:root:pop fitness: 0.65196
INFO:root:elite fitness: 0.73604
INFO:root:Generation: 169
INFO:root:pop fitness: 0.65577
INFO:root:elite fitness: 0.7483799999999998
INFO:root:Generation: 149
INFO:root:pop fitness: 0.64026
INFO:root:elite fitness: 0.72438
INFO:root:Generation: 170
INFO:root:pop fitness: 0.65254
INFO:root:elite fitness: 0.7267
INFO:root:Generation: 150
INFO:root:pop fitness: 0.6438299999999999
INFO:root:elite fitness: 0.74186
INFO:root:Generation: 171
INFO:root:pop fitness: 0.6589000000000002
INFO:root:elite fitness: 0.7529399999999999
INFO:root:Generation: 151
INFO:root:pop fitness: 0.64544
INFO:root:elite fitness: 0.71726
INFO:root:Generation: 172
INFO:root:pop fitness: 0.65238
INFO:root:elite fitness: 0.7571400000000001
INFO:root:Generation: 152
INFO:root:pop fitness: 0.6555399999999999
INFO:root:elite fitness: 0.7506999999999999
INFO:root:Generation: 173
INFO:root:pop fitness: 0.6548500000000002
INFO:root:elite fitness: 0.75128
INFO:root:Generation: 174
INFO:root:pop fitness: 0.66486
INFO:root:elite fitness: 0.7350599999999998
INFO:root:Generation: 153
INFO:root:pop fitness: 0.6489
INFO:root:elite fitness: 0.72072
INFO:root:Generation: 175
INFO:root:pop fitness: 0.65165
INFO:root:elite fitness: 0.7349799999999999
INFO:root:Generation: 154
INFO:root:pop fitness: 0.6464
INFO:root:elite fitness: 0.74646
INFO:root:Generation: 176
INFO:root:pop fitness: 0.6693899999999998
INFO:root:elite fitness: 0.7545600000000001
INFO:root:Generation: 155
INFO:root:pop fitness: 0.6577100000000001
INFO:root:elite fitness: 0.73716
INFO:root:Generation: 177
INFO:root:pop fitness: 0.66315
INFO:root:elite fitness: 0.7532799999999998
INFO:root:Generation: 156
INFO:root:pop fitness: 0.65787
INFO:root:elite fitness: 0.75296
INFO:root:Generation: 178
INFO:root:pop fitness: 0.66278
INFO:root:elite fitness: 0.7397399999999998
INFO:root:Generation: 157
INFO:root:pop fitness: 0.64806
INFO:root:elite fitness: 0.7453
INFO:root:Generation: 179
INFO:root:pop fitness: 0.67112
INFO:root:elite fitness: 0.7605400000000002
INFO:root:Generation: 158
INFO:root:pop fitness: 0.6458799999999999
INFO:root:elite fitness: 0.7315599999999999
INFO:root:Generation: 180
INFO:root:pop fitness: 0.65354
INFO:root:elite fitness: 0.7364800000000001
INFO:root:Generation: 159
INFO:root:pop fitness: 0.6589800000000001
INFO:root:elite fitness: 0.74944
INFO:root:Generation: 181
INFO:root:pop fitness: 0.6633899999999998
INFO:root:elite fitness: 0.7398399999999999
INFO:root:Generation: 182
INFO:root:pop fitness: 0.66218
INFO:root:elite fitness: 0.74764
INFO:root:Generation: 160
INFO:root:pop fitness: 0.66238
INFO:root:elite fitness: 0.7468
INFO:root:Generation: 183
INFO:root:pop fitness: 0.65306
INFO:root:elite fitness: 0.7467600000000002
INFO:root:Generation: 161
INFO:root:pop fitness: 0.64914
INFO:root:elite fitness: 0.7183399999999999
INFO:root:Generation: 184
INFO:root:pop fitness: 0.6710600000000001
INFO:root:elite fitness: 0.7642599999999998
INFO:root:Generation: 162
INFO:root:pop fitness: 0.6530500000000002
INFO:root:elite fitness: 0.74484
INFO:root:Generation: 185
INFO:root:pop fitness: 0.6585900000000002
INFO:root:elite fitness: 0.75196
INFO:root:Generation: 163
INFO:root:pop fitness: 0.6406000000000001
INFO:root:elite fitness: 0.7242999999999999
INFO:root:Generation: 186
INFO:root:pop fitness: 0.6592699999999999
INFO:root:elite fitness: 0.7491
INFO:root:Generation: 164
INFO:root:pop fitness: 0.65558
INFO:root:elite fitness: 0.7389199999999999
INFO:root:Generation: 187
INFO:root:pop fitness: 0.6613199999999999
INFO:root:elite fitness: 0.7562000000000002
INFO:root:Generation: 165
INFO:root:pop fitness: 0.6486300000000002
INFO:root:elite fitness: 0.7397400000000001
INFO:root:Generation: 188
INFO:root:pop fitness: 0.6799000000000001
INFO:root:elite fitness: 0.7642000000000002
INFO:root:Generation: 166
INFO:root:pop fitness: 0.65411
INFO:root:elite fitness: 0.74988
INFO:root:Generation: 189
INFO:root:pop fitness: 0.6664199999999998
INFO:root:elite fitness: 0.74182
INFO:root:Generation: 190
INFO:root:pop fitness: 0.6589000000000002
INFO:root:elite fitness: 0.73894
INFO:root:Generation: 167
INFO:root:pop fitness: 0.66046
INFO:root:elite fitness: 0.7526599999999999
INFO:root:Generation: 191
INFO:root:pop fitness: 0.6508800000000001
INFO:root:elite fitness: 0.7419199999999999
INFO:root:Generation: 168
INFO:root:pop fitness: 0.64814
INFO:root:elite fitness: 0.72976
INFO:root:Generation: 192
INFO:root:pop fitness: 0.6623199999999998
INFO:root:elite fitness: 0.75318
INFO:root:Generation: 169
INFO:root:pop fitness: 0.65861
INFO:root:elite fitness: 0.7478800000000001
INFO:root:Generation: 193
INFO:root:pop fitness: 0.6558600000000001
INFO:root:elite fitness: 0.7484400000000001
INFO:root:Generation: 170
INFO:root:pop fitness: 0.6298900000000001
INFO:root:elite fitness: 0.7263200000000001
INFO:root:Generation: 194
INFO:root:pop fitness: 0.6712600000000001
INFO:root:elite fitness: 0.7485600000000001
INFO:root:Generation: 171
INFO:root:pop fitness: 0.6471899999999999
INFO:root:elite fitness: 0.7470399999999999
INFO:root:Generation: 195
INFO:root:pop fitness: 0.66738
INFO:root:elite fitness: 0.77024
INFO:root:Generation: 172
INFO:root:pop fitness: 0.65538
INFO:root:elite fitness: 0.7409399999999999
INFO:root:Generation: 196
INFO:root:pop fitness: 0.6732299999999998
INFO:root:elite fitness: 0.7576599999999999
INFO:root:Generation: 197
INFO:root:pop fitness: 0.6690599999999998
INFO:root:elite fitness: 0.7481399999999999
INFO:root:Generation: 173
INFO:root:pop fitness: 0.64271
INFO:root:elite fitness: 0.73584
INFO:root:Generation: 198
INFO:root:pop fitness: 0.64556
INFO:root:elite fitness: 0.7313000000000001
INFO:root:Generation: 174
INFO:root:pop fitness: 0.65051
INFO:root:elite fitness: 0.7630599999999998
INFO:root:Generation: 199
INFO:root:pop fitness: 0.67956
INFO:root:elite fitness: 0.7688999999999999
INFO:root:Generation: 175
INFO:root:pop fitness: 0.6422600000000002
INFO:root:elite fitness: 0.7458399999999998
INFO:root:Generation: 176
INFO:root:pop fitness: 0.6471799999999999
INFO:root:elite fitness: 0.7431599999999999
INFO:root:Generation: 177
INFO:root:pop fitness: 0.65252
INFO:root:elite fitness: 0.75202
INFO:root:Generation: 178
INFO:root:pop fitness: 0.64414
INFO:root:elite fitness: 0.7405999999999999
INFO:root:Generation: 179
INFO:root:pop fitness: 0.65972
INFO:root:elite fitness: 0.7357
INFO:root:Generation: 180
INFO:root:pop fitness: 0.6482100000000002
INFO:root:elite fitness: 0.74238
INFO:root:Generation: 181
INFO:root:pop fitness: 0.6434799999999999
INFO:root:elite fitness: 0.7172999999999999
INFO:root:Generation: 182
INFO:root:pop fitness: 0.66045
INFO:root:elite fitness: 0.7569400000000001
INFO:root:Generation: 183
INFO:root:pop fitness: 0.64288
INFO:root:elite fitness: 0.71664
INFO:root:Generation: 184
INFO:root:pop fitness: 0.65199
INFO:root:elite fitness: 0.74826
INFO:root:Generation: 185
INFO:root:pop fitness: 0.6546500000000001
INFO:root:elite fitness: 0.7621999999999999
INFO:root:Generation: 186
INFO:root:pop fitness: 0.6528299999999999
INFO:root:elite fitness: 0.75204
INFO:root:Generation: 187
INFO:root:pop fitness: 0.6483399999999999
INFO:root:elite fitness: 0.75176
INFO:root:Generation: 188
INFO:root:pop fitness: 0.64568
INFO:root:elite fitness: 0.7488999999999999
INFO:root:Generation: 189
INFO:root:pop fitness: 0.6659900000000002
INFO:root:elite fitness: 0.75176
INFO:root:Generation: 190
INFO:root:pop fitness: 0.6659100000000001
INFO:root:elite fitness: 0.76164
INFO:root:Generation: 191
INFO:root:pop fitness: 0.657
INFO:root:elite fitness: 0.7494800000000003
INFO:root:Generation: 192
INFO:root:pop fitness: 0.66522
INFO:root:elite fitness: 0.75518
INFO:root:Generation: 193
INFO:root:pop fitness: 0.66699
INFO:root:elite fitness: 0.7372000000000001
INFO:root:Generation: 194
INFO:root:pop fitness: 0.66497
INFO:root:elite fitness: 0.7384599999999999
INFO:root:Generation: 195
INFO:root:pop fitness: 0.66321
INFO:root:elite fitness: 0.72134
INFO:root:Generation: 196
INFO:root:pop fitness: 0.65288
INFO:root:elite fitness: 0.7463200000000001
INFO:root:Generation: 197
INFO:root:pop fitness: 0.6627199999999999
INFO:root:elite fitness: 0.7586600000000001
INFO:root:Generation: 198
INFO:root:pop fitness: 0.66212
INFO:root:elite fitness: 0.7490200000000001
INFO:root:Generation: 199
INFO:root:pop fitness: 0.6531100000000001
INFO:root:elite fitness: 0.73186
