INFO:root:run_master: Namespace(arms='10', hidden='128', layers='1', max_gen='200', message='', mutation_mag='0.1', name='nonStationary_v1', noise=True, pop_size='100', save_result=True, trials='100')
INFO:root:run_master: Namespace(arms='10', hidden='128', layers='1', max_gen='200', message='', mutation_mag='0.1', name='nonStationary_v1', noise=False, pop_size='100', save_result=True, trials='100')
INFO:root:Generation: 0
INFO:root:pop fitness: 0.10057
INFO:root:elite fitness: 0.11252
INFO:root:Generation: 0
INFO:root:pop fitness: 0.10054000000000002
INFO:root:elite fitness: 0.11336
INFO:root:Generation: 1
INFO:root:pop fitness: 0.09514000000000002
INFO:root:elite fitness: 0.11710000000000001
INFO:root:Generation: 1
INFO:root:pop fitness: 0.10804
INFO:root:elite fitness: 0.1499
INFO:root:Generation: 2
INFO:root:pop fitness: 0.09856
INFO:root:elite fitness: 0.14644000000000001
INFO:root:Generation: 2
INFO:root:pop fitness: 0.09988
INFO:root:elite fitness: 0.13268
INFO:root:Generation: 3
INFO:root:pop fitness: 0.09720000000000001
INFO:root:elite fitness: 0.13144
INFO:root:Generation: 3
INFO:root:pop fitness: 0.09525
INFO:root:elite fitness: 0.15080000000000002
INFO:root:Generation: 4
INFO:root:pop fitness: 0.09844999999999998
INFO:root:elite fitness: 0.16772
INFO:root:Generation: 4
INFO:root:pop fitness: 0.09839999999999999
INFO:root:elite fitness: 0.16378
INFO:root:Generation: 5
INFO:root:pop fitness: 0.09437
INFO:root:elite fitness: 0.14931999999999998
INFO:root:Generation: 5
INFO:root:pop fitness: 0.10056000000000001
INFO:root:elite fitness: 0.16492
INFO:root:Generation: 6
INFO:root:pop fitness: 0.09773000000000001
INFO:root:elite fitness: 0.14812000000000003
INFO:root:Generation: 6
INFO:root:pop fitness: 0.10457000000000001
INFO:root:elite fitness: 0.17186
INFO:root:Generation: 7
INFO:root:pop fitness: 0.10412999999999999
INFO:root:elite fitness: 0.15886
INFO:root:Generation: 7
INFO:root:pop fitness: 0.11196999999999999
INFO:root:elite fitness: 0.18926
INFO:root:Generation: 8
INFO:root:pop fitness: 0.09504000000000001
INFO:root:elite fitness: 0.1574
INFO:root:Generation: 8
INFO:root:pop fitness: 0.10802000000000002
INFO:root:elite fitness: 0.18184
INFO:root:Generation: 9
INFO:root:pop fitness: 0.10232000000000001
INFO:root:elite fitness: 0.17249999999999996
INFO:root:Generation: 9
INFO:root:pop fitness: 0.08988999999999997
INFO:root:elite fitness: 0.1528
INFO:root:Generation: 10
INFO:root:pop fitness: 0.08414000000000002
INFO:root:elite fitness: 0.1475
INFO:root:Generation: 10
INFO:root:pop fitness: 0.0999
INFO:root:elite fitness: 0.16625999999999996
INFO:root:Generation: 11
INFO:root:pop fitness: 0.10357999999999999
INFO:root:elite fitness: 0.19046
INFO:root:Generation: 11
INFO:root:pop fitness: 0.10672000000000001
INFO:root:elite fitness: 0.18136000000000002
INFO:root:Generation: 12
INFO:root:pop fitness: 0.10407999999999999
INFO:root:elite fitness: 0.19630000000000003
INFO:root:Generation: 12
INFO:root:pop fitness: 0.088
INFO:root:elite fitness: 0.17507999999999999
INFO:root:Generation: 13
INFO:root:pop fitness: 0.10568000000000001
INFO:root:elite fitness: 0.17685999999999996
INFO:root:Generation: 13
INFO:root:pop fitness: 0.11455000000000001
INFO:root:elite fitness: 0.19695999999999997
INFO:root:Generation: 14
INFO:root:pop fitness: 0.09485999999999999
INFO:root:elite fitness: 0.18209999999999998
INFO:root:Generation: 15
INFO:root:pop fitness: 0.10994999999999999
INFO:root:elite fitness: 0.20488
INFO:root:Generation: 14
INFO:root:pop fitness: 0.10946000000000002
INFO:root:elite fitness: 0.179
INFO:root:Generation: 16
INFO:root:pop fitness: 0.11133000000000001
INFO:root:elite fitness: 0.19589999999999996
INFO:root:Generation: 15
INFO:root:pop fitness: 0.10845000000000002
INFO:root:elite fitness: 0.1923
INFO:root:Generation: 17
INFO:root:pop fitness: 0.10238
INFO:root:elite fitness: 0.18535999999999997
INFO:root:Generation: 16
INFO:root:pop fitness: 0.09507
INFO:root:elite fitness: 0.162
INFO:root:Generation: 18
INFO:root:pop fitness: 0.11309999999999999
INFO:root:elite fitness: 0.20632000000000006
INFO:root:Generation: 17
INFO:root:pop fitness: 0.10273000000000002
INFO:root:elite fitness: 0.17683999999999997
INFO:root:Generation: 19
INFO:root:pop fitness: 0.10464000000000001
INFO:root:elite fitness: 0.19518000000000005
INFO:root:Generation: 18
INFO:root:pop fitness: 0.09631
INFO:root:elite fitness: 0.1761
INFO:root:Generation: 20
INFO:root:pop fitness: 0.10969
INFO:root:elite fitness: 0.21536000000000002
INFO:root:Generation: 19
INFO:root:pop fitness: 0.11234999999999999
INFO:root:elite fitness: 0.22157999999999997
INFO:root:Generation: 21
INFO:root:pop fitness: 0.12318
INFO:root:elite fitness: 0.22058000000000003
INFO:root:Generation: 20
INFO:root:pop fitness: 0.09591000000000001
INFO:root:elite fitness: 0.17388
INFO:root:Generation: 22
INFO:root:pop fitness: 0.11189
INFO:root:elite fitness: 0.23141999999999996
INFO:root:Generation: 21
INFO:root:pop fitness: 0.10744999999999998
INFO:root:elite fitness: 0.20494
INFO:root:Generation: 23
INFO:root:pop fitness: 0.10862
INFO:root:elite fitness: 0.21170000000000003
INFO:root:Generation: 22
INFO:root:pop fitness: 0.11332
INFO:root:elite fitness: 0.24089999999999998
INFO:root:Generation: 24
INFO:root:pop fitness: 0.10105000000000003
INFO:root:elite fitness: 0.19334000000000004
INFO:root:Generation: 23
INFO:root:pop fitness: 0.10812000000000001
INFO:root:elite fitness: 0.19291999999999998
INFO:root:Generation: 25
INFO:root:pop fitness: 0.11004
INFO:root:elite fitness: 0.17855999999999997
INFO:root:Generation: 24
INFO:root:pop fitness: 0.11457999999999996
INFO:root:elite fitness: 0.21913999999999997
INFO:root:Generation: 26
INFO:root:pop fitness: 0.11177999999999998
INFO:root:elite fitness: 0.19647999999999996
INFO:root:Generation: 25
INFO:root:pop fitness: 0.10247
INFO:root:elite fitness: 0.19140000000000001
INFO:root:Generation: 27
INFO:root:pop fitness: 0.10508000000000002
INFO:root:elite fitness: 0.1975
INFO:root:Generation: 26
INFO:root:pop fitness: 0.10512000000000002
INFO:root:elite fitness: 0.19626000000000002
INFO:root:Generation: 28
INFO:root:pop fitness: 0.10538
INFO:root:elite fitness: 0.17424
INFO:root:Generation: 27
INFO:root:pop fitness: 0.10103
INFO:root:elite fitness: 0.19164
INFO:root:Generation: 29
INFO:root:pop fitness: 0.09348000000000001
INFO:root:elite fitness: 0.16344
INFO:root:Generation: 28
INFO:root:pop fitness: 0.11170000000000002
INFO:root:elite fitness: 0.21541999999999997
INFO:root:Generation: 30
INFO:root:pop fitness: 0.11195000000000001
INFO:root:elite fitness: 0.21694000000000002
INFO:root:Generation: 31
INFO:root:pop fitness: 0.11617000000000002
INFO:root:elite fitness: 0.22026
INFO:root:Generation: 29
INFO:root:pop fitness: 0.10972
INFO:root:elite fitness: 0.19924000000000003
INFO:root:Generation: 32
INFO:root:pop fitness: 0.12456999999999999
INFO:root:elite fitness: 0.21417999999999995
INFO:root:Generation: 30
INFO:root:pop fitness: 0.10852
INFO:root:elite fitness: 0.20926000000000003
INFO:root:Generation: 33
INFO:root:pop fitness: 0.10537999999999999
INFO:root:elite fitness: 0.17357999999999996
INFO:root:Generation: 31
INFO:root:pop fitness: 0.11526999999999997
INFO:root:elite fitness: 0.2078
INFO:root:Generation: 34
INFO:root:pop fitness: 0.11613999999999997
INFO:root:elite fitness: 0.2244
INFO:root:Generation: 32
INFO:root:pop fitness: 0.10876000000000001
INFO:root:elite fitness: 0.21267999999999998
INFO:root:Generation: 35
INFO:root:pop fitness: 0.1331
INFO:root:elite fitness: 0.22959999999999997
INFO:root:Generation: 33
INFO:root:pop fitness: 0.10713
INFO:root:elite fitness: 0.19742000000000004
INFO:root:Generation: 36
INFO:root:pop fitness: 0.11967999999999998
INFO:root:elite fitness: 0.20982000000000003
INFO:root:Generation: 34
INFO:root:pop fitness: 0.11896000000000001
INFO:root:elite fitness: 0.19870000000000002
INFO:root:Generation: 37
INFO:root:pop fitness: 0.13344000000000003
INFO:root:elite fitness: 0.23700000000000002
INFO:root:Generation: 35
INFO:root:pop fitness: 0.11237000000000003
INFO:root:elite fitness: 0.21032
INFO:root:Generation: 38
INFO:root:pop fitness: 0.12168999999999999
INFO:root:elite fitness: 0.23256
INFO:root:Generation: 36
INFO:root:pop fitness: 0.11457
INFO:root:elite fitness: 0.1985
INFO:root:Generation: 39
INFO:root:pop fitness: 0.11449
INFO:root:elite fitness: 0.21282
INFO:root:Generation: 37
INFO:root:pop fitness: 0.12034
INFO:root:elite fitness: 0.21971999999999997
INFO:root:Generation: 40
INFO:root:pop fitness: 0.11358
INFO:root:elite fitness: 0.19736000000000004
INFO:root:Generation: 38
INFO:root:pop fitness: 0.12382999999999997
INFO:root:elite fitness: 0.21593999999999997
INFO:root:Generation: 41
INFO:root:pop fitness: 0.12020000000000002
INFO:root:elite fitness: 0.19952000000000006
INFO:root:Generation: 39
INFO:root:pop fitness: 0.11502000000000001
INFO:root:elite fitness: 0.21277999999999994
INFO:root:Generation: 42
INFO:root:pop fitness: 0.12946000000000002
INFO:root:elite fitness: 0.22218
INFO:root:Generation: 40
INFO:root:pop fitness: 0.11273
INFO:root:elite fitness: 0.19008
INFO:root:Generation: 43
INFO:root:pop fitness: 0.12352000000000002
INFO:root:elite fitness: 0.20202
INFO:root:Generation: 41
INFO:root:pop fitness: 0.11045999999999999
INFO:root:elite fitness: 0.19901999999999997
INFO:root:Generation: 44
INFO:root:pop fitness: 0.10101999999999998
INFO:root:elite fitness: 0.18374000000000001
INFO:root:Generation: 42
INFO:root:pop fitness: 0.11553999999999999
INFO:root:elite fitness: 0.20253999999999997
INFO:root:Generation: 45
INFO:root:pop fitness: 0.11095
INFO:root:elite fitness: 0.20978000000000002
INFO:root:Generation: 43
INFO:root:pop fitness: 0.10748
INFO:root:elite fitness: 0.18474000000000004
INFO:root:Generation: 46
INFO:root:pop fitness: 0.11193999999999998
INFO:root:elite fitness: 0.20793999999999996
INFO:root:Generation: 44
INFO:root:pop fitness: 0.11527000000000001
INFO:root:elite fitness: 0.2053
INFO:root:Generation: 47
INFO:root:pop fitness: 0.11711
INFO:root:elite fitness: 0.20118
INFO:root:Generation: 48
INFO:root:pop fitness: 0.13127000000000003
INFO:root:elite fitness: 0.22455999999999998
INFO:root:Generation: 45
INFO:root:pop fitness: 0.11166999999999999
INFO:root:elite fitness: 0.20308
INFO:root:Generation: 49
INFO:root:pop fitness: 0.13417999999999997
INFO:root:elite fitness: 0.24025999999999997
INFO:root:Generation: 46
INFO:root:pop fitness: 0.12591
INFO:root:elite fitness: 0.22977999999999998
INFO:root:Generation: 50
INFO:root:pop fitness: 0.12133000000000001
INFO:root:elite fitness: 0.20980000000000001
INFO:root:Generation: 47
INFO:root:pop fitness: 0.13071
INFO:root:elite fitness: 0.20949999999999996
INFO:root:Generation: 51
INFO:root:pop fitness: 0.12417000000000002
INFO:root:elite fitness: 0.21634
INFO:root:Generation: 48
INFO:root:pop fitness: 0.14539
INFO:root:elite fitness: 0.24704
INFO:root:Generation: 52
INFO:root:pop fitness: 0.11975
INFO:root:elite fitness: 0.20356000000000002
INFO:root:Generation: 49
INFO:root:pop fitness: 0.12249000000000003
INFO:root:elite fitness: 0.22372
INFO:root:Generation: 53
INFO:root:pop fitness: 0.11434000000000001
INFO:root:elite fitness: 0.1978
INFO:root:Generation: 50
INFO:root:pop fitness: 0.13822
INFO:root:elite fitness: 0.2492
INFO:root:Generation: 54
INFO:root:pop fitness: 0.12637
INFO:root:elite fitness: 0.19857999999999998
INFO:root:Generation: 51
INFO:root:pop fitness: 0.13536
INFO:root:elite fitness: 0.24477999999999997
INFO:root:Generation: 55
INFO:root:pop fitness: 0.12358000000000001
INFO:root:elite fitness: 0.21927999999999997
INFO:root:Generation: 52
INFO:root:pop fitness: 0.12022000000000001
INFO:root:elite fitness: 0.23038000000000003
INFO:root:Generation: 56
INFO:root:pop fitness: 0.1241
INFO:root:elite fitness: 0.21636000000000002
INFO:root:Generation: 53
INFO:root:pop fitness: 0.12625
INFO:root:elite fitness: 0.22236
INFO:root:Generation: 57
INFO:root:pop fitness: 0.11538999999999999
INFO:root:elite fitness: 0.19242
INFO:root:Generation: 54
INFO:root:pop fitness: 0.1383
INFO:root:elite fitness: 0.22668000000000002
INFO:root:Generation: 58
INFO:root:pop fitness: 0.12062999999999997
INFO:root:elite fitness: 0.19938000000000003
INFO:root:Generation: 55
INFO:root:pop fitness: 0.14332
INFO:root:elite fitness: 0.23406000000000002
INFO:root:Generation: 59
INFO:root:pop fitness: 0.11508000000000002
INFO:root:elite fitness: 0.22171999999999997
INFO:root:Generation: 56
INFO:root:pop fitness: 0.14282
INFO:root:elite fitness: 0.22229999999999997
INFO:root:Generation: 60
INFO:root:pop fitness: 0.12344999999999999
INFO:root:elite fitness: 0.22537999999999997
INFO:root:Generation: 61
INFO:root:pop fitness: 0.12789999999999999
INFO:root:elite fitness: 0.22690000000000002
INFO:root:Generation: 57
INFO:root:pop fitness: 0.12951
INFO:root:elite fitness: 0.22722
INFO:root:Generation: 62
INFO:root:pop fitness: 0.13458
INFO:root:elite fitness: 0.22694000000000003
INFO:root:Generation: 58
INFO:root:pop fitness: 0.12679
INFO:root:elite fitness: 0.23892
INFO:root:Generation: 63
INFO:root:pop fitness: 0.12220000000000003
INFO:root:elite fitness: 0.2109
INFO:root:Generation: 59
INFO:root:pop fitness: 0.13491
INFO:root:elite fitness: 0.2297
INFO:root:Generation: 64
INFO:root:pop fitness: 0.12429
INFO:root:elite fitness: 0.21004
INFO:root:Generation: 60
INFO:root:pop fitness: 0.13877
INFO:root:elite fitness: 0.21324
INFO:root:Generation: 65
INFO:root:pop fitness: 0.12423999999999999
INFO:root:elite fitness: 0.24398
INFO:root:Generation: 61
INFO:root:pop fitness: 0.13995000000000002
INFO:root:elite fitness: 0.23582
INFO:root:Generation: 66
INFO:root:pop fitness: 0.13065
INFO:root:elite fitness: 0.22858
INFO:root:Generation: 62
INFO:root:pop fitness: 0.14370000000000002
INFO:root:elite fitness: 0.23776
INFO:root:Generation: 67
INFO:root:pop fitness: 0.11686
INFO:root:elite fitness: 0.20782
INFO:root:Generation: 63
INFO:root:pop fitness: 0.13885
INFO:root:elite fitness: 0.22734000000000001
INFO:root:Generation: 68
INFO:root:pop fitness: 0.11786999999999999
INFO:root:elite fitness: 0.20056000000000004
INFO:root:Generation: 64
INFO:root:pop fitness: 0.14135999999999999
INFO:root:elite fitness: 0.25456
INFO:root:Generation: 69
INFO:root:pop fitness: 0.13335
INFO:root:elite fitness: 0.21921999999999997
INFO:root:Generation: 65
INFO:root:pop fitness: 0.12124000000000003
INFO:root:elite fitness: 0.20296
INFO:root:Generation: 70
INFO:root:pop fitness: 0.12702000000000002
INFO:root:elite fitness: 0.22427999999999998
INFO:root:Generation: 66
INFO:root:pop fitness: 0.15259
INFO:root:elite fitness: 0.23796000000000003
INFO:root:Generation: 71
INFO:root:pop fitness: 0.13662000000000002
INFO:root:elite fitness: 0.23236
INFO:root:Generation: 67
INFO:root:pop fitness: 0.1447
INFO:root:elite fitness: 0.23846
INFO:root:Generation: 72
INFO:root:pop fitness: 0.1292
INFO:root:elite fitness: 0.21524000000000001
INFO:root:Generation: 68
INFO:root:pop fitness: 0.13717000000000001
INFO:root:elite fitness: 0.23256000000000004
INFO:root:Generation: 73
INFO:root:pop fitness: 0.12347000000000001
INFO:root:elite fitness: 0.21170000000000005
INFO:root:Generation: 69
INFO:root:pop fitness: 0.14120000000000002
INFO:root:elite fitness: 0.24702
INFO:root:Generation: 74
INFO:root:pop fitness: 0.10905
INFO:root:elite fitness: 0.19755999999999996
INFO:root:Generation: 70
INFO:root:pop fitness: 0.12759
INFO:root:elite fitness: 0.2159
INFO:root:Generation: 75
INFO:root:pop fitness: 0.11811999999999998
INFO:root:elite fitness: 0.19473999999999997
INFO:root:Generation: 71
INFO:root:pop fitness: 0.13754
INFO:root:elite fitness: 0.24994
INFO:root:Generation: 76
INFO:root:pop fitness: 0.13035
INFO:root:elite fitness: 0.24198000000000003
INFO:root:Generation: 77
INFO:root:pop fitness: 0.12839000000000003
INFO:root:elite fitness: 0.21663999999999997
INFO:root:Generation: 72
INFO:root:pop fitness: 0.12872
INFO:root:elite fitness: 0.21532
INFO:root:Generation: 78
INFO:root:pop fitness: 0.14176000000000002
INFO:root:elite fitness: 0.23922000000000002
INFO:root:Generation: 73
INFO:root:pop fitness: 0.13702
INFO:root:elite fitness: 0.22296
INFO:root:Generation: 79
INFO:root:pop fitness: 0.12329000000000001
INFO:root:elite fitness: 0.23875999999999997
INFO:root:Generation: 74
INFO:root:pop fitness: 0.13346
INFO:root:elite fitness: 0.22585999999999998
INFO:root:Generation: 80
INFO:root:pop fitness: 0.11271000000000003
INFO:root:elite fitness: 0.18644
INFO:root:Generation: 75
INFO:root:pop fitness: 0.13244
INFO:root:elite fitness: 0.22111999999999996
INFO:root:Generation: 81
INFO:root:pop fitness: 0.12031
INFO:root:elite fitness: 0.19922000000000004
INFO:root:Generation: 76
INFO:root:pop fitness: 0.14595000000000002
INFO:root:elite fitness: 0.23972000000000004
INFO:root:Generation: 82
INFO:root:pop fitness: 0.12729000000000001
INFO:root:elite fitness: 0.22207999999999997
INFO:root:Generation: 77
INFO:root:pop fitness: 0.13214000000000004
INFO:root:elite fitness: 0.22517999999999996
INFO:root:Generation: 83
INFO:root:pop fitness: 0.12425000000000003
INFO:root:elite fitness: 0.2115
INFO:root:Generation: 78
INFO:root:pop fitness: 0.14653
INFO:root:elite fitness: 0.2421
INFO:root:Generation: 84
INFO:root:pop fitness: 0.12102
INFO:root:elite fitness: 0.21462
INFO:root:Generation: 79
INFO:root:pop fitness: 0.13317
INFO:root:elite fitness: 0.20846
INFO:root:Generation: 85
INFO:root:pop fitness: 0.12887
INFO:root:elite fitness: 0.23170000000000002
INFO:root:Generation: 80
INFO:root:pop fitness: 0.13677
INFO:root:elite fitness: 0.21108000000000002
INFO:root:Generation: 86
INFO:root:pop fitness: 0.13274000000000002
INFO:root:elite fitness: 0.24534
INFO:root:Generation: 81
INFO:root:pop fitness: 0.14525
INFO:root:elite fitness: 0.24812
INFO:root:Generation: 87
INFO:root:pop fitness: 0.13675
INFO:root:elite fitness: 0.25486000000000003
INFO:root:Generation: 82
INFO:root:pop fitness: 0.14672
INFO:root:elite fitness: 0.24294000000000002
INFO:root:Generation: 88
INFO:root:pop fitness: 0.12711999999999998
INFO:root:elite fitness: 0.23696
INFO:root:Generation: 83
INFO:root:pop fitness: 0.13874
INFO:root:elite fitness: 0.25076
INFO:root:Generation: 89
INFO:root:pop fitness: 0.13329000000000002
INFO:root:elite fitness: 0.24082
INFO:root:Generation: 84
INFO:root:pop fitness: 0.14996
INFO:root:elite fitness: 0.23668000000000003
INFO:root:Generation: 90
INFO:root:pop fitness: 0.12661
INFO:root:elite fitness: 0.22284000000000007
INFO:root:Generation: 85
INFO:root:pop fitness: 0.13465000000000005
INFO:root:elite fitness: 0.23766
INFO:root:Generation: 91
INFO:root:pop fitness: 0.12024999999999998
INFO:root:elite fitness: 0.20373999999999998
INFO:root:Generation: 92
INFO:root:pop fitness: 0.11999
INFO:root:elite fitness: 0.21686000000000002
INFO:root:Generation: 86
INFO:root:pop fitness: 0.13863
INFO:root:elite fitness: 0.22884000000000002
INFO:root:Generation: 93
INFO:root:pop fitness: 0.12958999999999998
INFO:root:elite fitness: 0.23768
INFO:root:Generation: 87
INFO:root:pop fitness: 0.13587
INFO:root:elite fitness: 0.22777999999999998
INFO:root:Generation: 94
INFO:root:pop fitness: 0.11478
INFO:root:elite fitness: 0.19732
INFO:root:Generation: 88
INFO:root:pop fitness: 0.13035
INFO:root:elite fitness: 0.21064000000000005
INFO:root:Generation: 95
INFO:root:pop fitness: 0.12934
INFO:root:elite fitness: 0.23193999999999998
INFO:root:Generation: 89
INFO:root:pop fitness: 0.13146000000000002
INFO:root:elite fitness: 0.22457999999999997
INFO:root:Generation: 96
INFO:root:pop fitness: 0.11851000000000003
INFO:root:elite fitness: 0.22119999999999998
INFO:root:Generation: 90
INFO:root:pop fitness: 0.13627999999999998
INFO:root:elite fitness: 0.24005999999999997
INFO:root:Generation: 97
INFO:root:pop fitness: 0.11547
INFO:root:elite fitness: 0.2023
INFO:root:Generation: 91
INFO:root:pop fitness: 0.1395
INFO:root:elite fitness: 0.23888
INFO:root:Generation: 98
INFO:root:pop fitness: 0.11384
INFO:root:elite fitness: 0.21194000000000002
INFO:root:Generation: 92
INFO:root:pop fitness: 0.12383000000000002
INFO:root:elite fitness: 0.22078000000000003
INFO:root:Generation: 99
INFO:root:pop fitness: 0.12560000000000002
INFO:root:elite fitness: 0.21952000000000002
INFO:root:Generation: 93
INFO:root:pop fitness: 0.13066
INFO:root:elite fitness: 0.23308
INFO:root:Generation: 100
INFO:root:pop fitness: 0.12709
INFO:root:elite fitness: 0.2318
INFO:root:Generation: 94
INFO:root:pop fitness: 0.13244
INFO:root:elite fitness: 0.26170000000000004
INFO:root:Generation: 101
INFO:root:pop fitness: 0.12296
INFO:root:elite fitness: 0.22792
INFO:root:Generation: 95
INFO:root:pop fitness: 0.14212000000000002
INFO:root:elite fitness: 0.26264
INFO:root:Generation: 102
INFO:root:pop fitness: 0.13237000000000002
INFO:root:elite fitness: 0.27714
INFO:root:Generation: 96
INFO:root:pop fitness: 0.12648
INFO:root:elite fitness: 0.21124
INFO:root:Generation: 103
INFO:root:pop fitness: 0.10600000000000001
INFO:root:elite fitness: 0.19111999999999998
INFO:root:Generation: 97
INFO:root:pop fitness: 0.13215
INFO:root:elite fitness: 0.21502000000000002
INFO:root:Generation: 104
INFO:root:pop fitness: 0.12877
INFO:root:elite fitness: 0.22462
INFO:root:Generation: 98
INFO:root:pop fitness: 0.1372
INFO:root:elite fitness: 0.25486000000000003
INFO:root:Generation: 105
INFO:root:pop fitness: 0.11648000000000001
INFO:root:elite fitness: 0.23743999999999998
INFO:root:Generation: 99
INFO:root:pop fitness: 0.15486999999999998
INFO:root:elite fitness: 0.25478
INFO:root:Generation: 106
INFO:root:pop fitness: 0.11234999999999999
INFO:root:elite fitness: 0.20234000000000002
INFO:root:Generation: 100
INFO:root:pop fitness: 0.14422000000000001
INFO:root:elite fitness: 0.252
INFO:root:Generation: 107
INFO:root:pop fitness: 0.10816999999999999
INFO:root:elite fitness: 0.21036000000000002
INFO:root:Generation: 101
INFO:root:pop fitness: 0.13766
INFO:root:elite fitness: 0.2316
INFO:root:Generation: 108
INFO:root:pop fitness: 0.11387
INFO:root:elite fitness: 0.19898
INFO:root:Generation: 109
INFO:root:pop fitness: 0.1195
INFO:root:elite fitness: 0.2075
INFO:root:Generation: 102
INFO:root:pop fitness: 0.13856999999999997
INFO:root:elite fitness: 0.21162000000000003
INFO:root:Generation: 110
INFO:root:pop fitness: 0.13254000000000002
INFO:root:elite fitness: 0.21628000000000003
INFO:root:Generation: 103
INFO:root:pop fitness: 0.12615
INFO:root:elite fitness: 0.23945999999999998
INFO:root:Generation: 111
INFO:root:pop fitness: 0.12783999999999998
INFO:root:elite fitness: 0.24030000000000004
INFO:root:Generation: 104
INFO:root:pop fitness: 0.14006000000000005
INFO:root:elite fitness: 0.22099999999999997
INFO:root:Generation: 112
INFO:root:pop fitness: 0.11782999999999999
INFO:root:elite fitness: 0.20772
INFO:root:Generation: 105
INFO:root:pop fitness: 0.14241
INFO:root:elite fitness: 0.25117999999999996
INFO:root:Generation: 113
INFO:root:pop fitness: 0.11530999999999998
INFO:root:elite fitness: 0.20504
INFO:root:Generation: 106
INFO:root:pop fitness: 0.13568
INFO:root:elite fitness: 0.2437
INFO:root:Generation: 114
INFO:root:pop fitness: 0.12960999999999998
INFO:root:elite fitness: 0.23502000000000003
INFO:root:Generation: 107
INFO:root:pop fitness: 0.14955999999999997
INFO:root:elite fitness: 0.27601999999999993
INFO:root:Generation: 115
INFO:root:pop fitness: 0.1189
INFO:root:elite fitness: 0.21116
INFO:root:Generation: 108
INFO:root:pop fitness: 0.13701
INFO:root:elite fitness: 0.23438000000000003
INFO:root:Generation: 116
INFO:root:pop fitness: 0.12392000000000002
INFO:root:elite fitness: 0.20769999999999997
INFO:root:Generation: 109
INFO:root:pop fitness: 0.13887
INFO:root:elite fitness: 0.22607999999999998
INFO:root:Generation: 117
INFO:root:pop fitness: 0.13406
INFO:root:elite fitness: 0.23689999999999997
INFO:root:Generation: 110
INFO:root:pop fitness: 0.14192
INFO:root:elite fitness: 0.24904
INFO:root:Generation: 118
INFO:root:pop fitness: 0.12800999999999998
INFO:root:elite fitness: 0.21406
INFO:root:Generation: 111
INFO:root:pop fitness: 0.13682
INFO:root:elite fitness: 0.23604000000000003
INFO:root:Generation: 119
INFO:root:pop fitness: 0.13281
INFO:root:elite fitness: 0.20709999999999998
INFO:root:Generation: 112
INFO:root:pop fitness: 0.14037
INFO:root:elite fitness: 0.24462
INFO:root:Generation: 120
INFO:root:pop fitness: 0.13519
INFO:root:elite fitness: 0.22912
INFO:root:Generation: 113
INFO:root:pop fitness: 0.14346000000000003
INFO:root:elite fitness: 0.23326
INFO:root:Generation: 121
INFO:root:pop fitness: 0.13319
INFO:root:elite fitness: 0.22870000000000001
INFO:root:Generation: 122
INFO:root:pop fitness: 0.12552
INFO:root:elite fitness: 0.24102
INFO:root:Generation: 114
INFO:root:pop fitness: 0.12425000000000001
INFO:root:elite fitness: 0.21381999999999998
INFO:root:Generation: 123
INFO:root:pop fitness: 0.12735
INFO:root:elite fitness: 0.2144
INFO:root:Generation: 115
INFO:root:pop fitness: 0.11617000000000001
INFO:root:elite fitness: 0.20657999999999999
INFO:root:Generation: 124
INFO:root:pop fitness: 0.13246
INFO:root:elite fitness: 0.22560000000000002
INFO:root:Generation: 116
INFO:root:pop fitness: 0.13792000000000001
INFO:root:elite fitness: 0.22242
INFO:root:Generation: 125
INFO:root:pop fitness: 0.12344
INFO:root:elite fitness: 0.23914000000000002
INFO:root:Generation: 117
INFO:root:pop fitness: 0.13432
INFO:root:elite fitness: 0.24200000000000002
INFO:root:Generation: 126
INFO:root:pop fitness: 0.12416000000000002
INFO:root:elite fitness: 0.21146
INFO:root:Generation: 118
INFO:root:pop fitness: 0.12722
INFO:root:elite fitness: 0.23216
INFO:root:Generation: 127
INFO:root:pop fitness: 0.15056
INFO:root:elite fitness: 0.25736
INFO:root:Generation: 119
INFO:root:pop fitness: 0.13787000000000002
INFO:root:elite fitness: 0.26647999999999994
INFO:root:Generation: 128
INFO:root:pop fitness: 0.14165
INFO:root:elite fitness: 0.23848
INFO:root:Generation: 120
INFO:root:pop fitness: 0.1527
INFO:root:elite fitness: 0.24348
INFO:root:Generation: 129
INFO:root:pop fitness: 0.14671
INFO:root:elite fitness: 0.23122
INFO:root:Generation: 121
INFO:root:pop fitness: 0.13007
INFO:root:elite fitness: 0.22990000000000005
INFO:root:Generation: 130
INFO:root:pop fitness: 0.13582
INFO:root:elite fitness: 0.25379999999999997
INFO:root:Generation: 122
INFO:root:pop fitness: 0.1584
INFO:root:elite fitness: 0.2371
INFO:root:Generation: 131
INFO:root:pop fitness: 0.14225
INFO:root:elite fitness: 0.22878000000000004
INFO:root:Generation: 123
INFO:root:pop fitness: 0.14697000000000002
INFO:root:elite fitness: 0.25698
INFO:root:Generation: 132
INFO:root:pop fitness: 0.12833999999999998
INFO:root:elite fitness: 0.23018
INFO:root:Generation: 124
INFO:root:pop fitness: 0.14368999999999998
INFO:root:elite fitness: 0.24468
INFO:root:Generation: 133
INFO:root:pop fitness: 0.13512999999999997
INFO:root:elite fitness: 0.22406000000000004
INFO:root:Generation: 125
INFO:root:pop fitness: 0.13764000000000004
INFO:root:elite fitness: 0.22774
INFO:root:Generation: 134
INFO:root:pop fitness: 0.13738
INFO:root:elite fitness: 0.26237999999999995
INFO:root:Generation: 126
INFO:root:pop fitness: 0.13612
INFO:root:elite fitness: 0.21638000000000002
INFO:root:Generation: 135
INFO:root:pop fitness: 0.12228000000000001
INFO:root:elite fitness: 0.22261999999999996
INFO:root:Generation: 127
INFO:root:pop fitness: 0.13274
INFO:root:elite fitness: 0.22724000000000003
INFO:root:Generation: 136
INFO:root:pop fitness: 0.13669
INFO:root:elite fitness: 0.245
INFO:root:Generation: 137
INFO:root:pop fitness: 0.13044
INFO:root:elite fitness: 0.22588
INFO:root:Generation: 128
INFO:root:pop fitness: 0.13373
INFO:root:elite fitness: 0.22234
INFO:root:Generation: 138
INFO:root:pop fitness: 0.13285000000000002
INFO:root:elite fitness: 0.22858
INFO:root:Generation: 129
INFO:root:pop fitness: 0.14356
INFO:root:elite fitness: 0.23537999999999998
INFO:root:Generation: 139
INFO:root:pop fitness: 0.13107999999999997
INFO:root:elite fitness: 0.22542
INFO:root:Generation: 130
INFO:root:pop fitness: 0.13118000000000002
INFO:root:elite fitness: 0.21969999999999998
INFO:root:Generation: 140
INFO:root:pop fitness: 0.12057000000000002
INFO:root:elite fitness: 0.21184
INFO:root:Generation: 131
INFO:root:pop fitness: 0.14015000000000002
INFO:root:elite fitness: 0.23362000000000002
INFO:root:Generation: 141
INFO:root:pop fitness: 0.11739000000000002
INFO:root:elite fitness: 0.20135999999999998
INFO:root:Generation: 132
INFO:root:pop fitness: 0.14492
INFO:root:elite fitness: 0.24691999999999997
INFO:root:Generation: 142
INFO:root:pop fitness: 0.11671999999999999
INFO:root:elite fitness: 0.19556
INFO:root:Generation: 133
INFO:root:pop fitness: 0.13434000000000001
INFO:root:elite fitness: 0.21187999999999996
INFO:root:Generation: 143
INFO:root:pop fitness: 0.11169999999999998
INFO:root:elite fitness: 0.19982
INFO:root:Generation: 134
INFO:root:pop fitness: 0.14561
INFO:root:elite fitness: 0.23876000000000006
INFO:root:Generation: 144
INFO:root:pop fitness: 0.1246
INFO:root:elite fitness: 0.22640000000000002
INFO:root:Generation: 135
INFO:root:pop fitness: 0.14986
INFO:root:elite fitness: 0.24498
INFO:root:Generation: 145
INFO:root:pop fitness: 0.13831
INFO:root:elite fitness: 0.22790000000000002
INFO:root:Generation: 136
INFO:root:pop fitness: 0.13643999999999998
INFO:root:elite fitness: 0.21862
INFO:root:Generation: 146
INFO:root:pop fitness: 0.12587
INFO:root:elite fitness: 0.21229999999999996
INFO:root:Generation: 137
INFO:root:pop fitness: 0.14993
INFO:root:elite fitness: 0.24419999999999997
INFO:root:Generation: 147
INFO:root:pop fitness: 0.13249000000000002
INFO:root:elite fitness: 0.22118000000000002
INFO:root:Generation: 138
INFO:root:pop fitness: 0.15471000000000001
INFO:root:elite fitness: 0.2525
INFO:root:Generation: 148
INFO:root:pop fitness: 0.14144999999999996
INFO:root:elite fitness: 0.21779999999999997
INFO:root:Generation: 149
INFO:root:pop fitness: 0.14200000000000002
INFO:root:elite fitness: 0.24662000000000003
INFO:root:Generation: 139
INFO:root:pop fitness: 0.14543999999999999
INFO:root:elite fitness: 0.22018000000000004
INFO:root:Generation: 150
INFO:root:pop fitness: 0.1413
INFO:root:elite fitness: 0.23681999999999997
INFO:root:Generation: 140
INFO:root:pop fitness: 0.15775999999999998
INFO:root:elite fitness: 0.26412
INFO:root:Generation: 151
INFO:root:pop fitness: 0.13946999999999998
INFO:root:elite fitness: 0.2447
INFO:root:Generation: 141
INFO:root:pop fitness: 0.15138
INFO:root:elite fitness: 0.27748
INFO:root:Generation: 152
INFO:root:pop fitness: 0.14282
INFO:root:elite fitness: 0.25508
INFO:root:Generation: 142
INFO:root:pop fitness: 0.12941
INFO:root:elite fitness: 0.23220000000000002
INFO:root:Generation: 153
INFO:root:pop fitness: 0.13199
INFO:root:elite fitness: 0.21597999999999998
INFO:root:Generation: 143
INFO:root:pop fitness: 0.15627000000000002
INFO:root:elite fitness: 0.26644
INFO:root:Generation: 154
INFO:root:pop fitness: 0.13418
INFO:root:elite fitness: 0.22035999999999997
INFO:root:Generation: 144
INFO:root:pop fitness: 0.15499000000000002
INFO:root:elite fitness: 0.25412
INFO:root:Generation: 155
INFO:root:pop fitness: 0.13965000000000002
INFO:root:elite fitness: 0.23714000000000002
INFO:root:Generation: 145
INFO:root:pop fitness: 0.13954999999999998
INFO:root:elite fitness: 0.24473999999999996
INFO:root:Generation: 156
INFO:root:pop fitness: 0.1288
INFO:root:elite fitness: 0.22223999999999997
INFO:root:Generation: 146
INFO:root:pop fitness: 0.14111
INFO:root:elite fitness: 0.24306
INFO:root:Generation: 157
INFO:root:pop fitness: 0.12484000000000002
INFO:root:elite fitness: 0.21714
INFO:root:Generation: 147
INFO:root:pop fitness: 0.14326
INFO:root:elite fitness: 0.23456000000000002
INFO:root:Generation: 158
INFO:root:pop fitness: 0.12924000000000002
INFO:root:elite fitness: 0.2293
INFO:root:Generation: 148
INFO:root:pop fitness: 0.15167
INFO:root:elite fitness: 0.245
INFO:root:Generation: 159
INFO:root:pop fitness: 0.13369
INFO:root:elite fitness: 0.21638
INFO:root:Generation: 160
INFO:root:pop fitness: 0.12074
INFO:root:elite fitness: 0.22027999999999995
INFO:root:Generation: 149
INFO:root:pop fitness: 0.14331
INFO:root:elite fitness: 0.24444
INFO:root:Generation: 161
INFO:root:pop fitness: 0.15716
INFO:root:elite fitness: 0.26787999999999995
INFO:root:Generation: 150
INFO:root:pop fitness: 0.15381999999999998
INFO:root:elite fitness: 0.25592
INFO:root:Generation: 162
INFO:root:pop fitness: 0.136
INFO:root:elite fitness: 0.24046
INFO:root:Generation: 151
INFO:root:pop fitness: 0.15348
INFO:root:elite fitness: 0.26802
INFO:root:Generation: 163
INFO:root:pop fitness: 0.14136
INFO:root:elite fitness: 0.26468
INFO:root:Generation: 152
INFO:root:pop fitness: 0.16643000000000005
INFO:root:elite fitness: 0.28625999999999996
INFO:root:Generation: 164
INFO:root:pop fitness: 0.13784000000000002
INFO:root:elite fitness: 0.23070000000000002
INFO:root:Generation: 153
INFO:root:pop fitness: 0.15571
INFO:root:elite fitness: 0.27684000000000003
INFO:root:Generation: 165
INFO:root:pop fitness: 0.13968000000000003
INFO:root:elite fitness: 0.2418
INFO:root:Generation: 154
INFO:root:pop fitness: 0.16005000000000003
INFO:root:elite fitness: 0.27488
INFO:root:Generation: 166
INFO:root:pop fitness: 0.13783
INFO:root:elite fitness: 0.22935999999999995
INFO:root:Generation: 155
INFO:root:pop fitness: 0.17520000000000008
INFO:root:elite fitness: 0.29538
INFO:root:Generation: 167
INFO:root:pop fitness: 0.15108
INFO:root:elite fitness: 0.23863999999999996
INFO:root:Generation: 156
INFO:root:pop fitness: 0.16622999999999993
INFO:root:elite fitness: 0.25192000000000003
INFO:root:Generation: 168
INFO:root:pop fitness: 0.14757
INFO:root:elite fitness: 0.24447999999999998
INFO:root:Generation: 157
INFO:root:pop fitness: 0.16673
INFO:root:elite fitness: 0.28746000000000005
INFO:root:Generation: 169
INFO:root:pop fitness: 0.12885000000000002
INFO:root:elite fitness: 0.2164
INFO:root:Generation: 158
INFO:root:pop fitness: 0.17867
INFO:root:elite fitness: 0.28114
INFO:root:Generation: 170
INFO:root:pop fitness: 0.1378
INFO:root:elite fitness: 0.24982
INFO:root:Generation: 171
INFO:root:pop fitness: 0.13757000000000003
INFO:root:elite fitness: 0.23285999999999998
INFO:root:Generation: 159
INFO:root:pop fitness: 0.15199
INFO:root:elite fitness: 0.27258
INFO:root:Generation: 172
INFO:root:pop fitness: 0.15537
INFO:root:elite fitness: 0.2328
INFO:root:Generation: 160
INFO:root:pop fitness: 0.15736999999999998
INFO:root:elite fitness: 0.29202
INFO:root:Generation: 173
INFO:root:pop fitness: 0.16692999999999997
INFO:root:elite fitness: 0.28065999999999997
INFO:root:Generation: 161
INFO:root:pop fitness: 0.16448000000000002
INFO:root:elite fitness: 0.25270000000000004
INFO:root:Generation: 174
INFO:root:pop fitness: 0.15307999999999997
INFO:root:elite fitness: 0.26628
INFO:root:Generation: 162
INFO:root:pop fitness: 0.15583
INFO:root:elite fitness: 0.25711999999999996
INFO:root:Generation: 175
INFO:root:pop fitness: 0.14776
INFO:root:elite fitness: 0.2521
INFO:root:Generation: 163
INFO:root:pop fitness: 0.17010000000000003
INFO:root:elite fitness: 0.28844000000000003
INFO:root:Generation: 176
INFO:root:pop fitness: 0.14445
INFO:root:elite fitness: 0.24869999999999998
INFO:root:Generation: 164
INFO:root:pop fitness: 0.16078999999999996
INFO:root:elite fitness: 0.26526000000000005
INFO:root:Generation: 177
INFO:root:pop fitness: 0.15855000000000002
INFO:root:elite fitness: 0.27388
INFO:root:Generation: 165
INFO:root:pop fitness: 0.15761
INFO:root:elite fitness: 0.2681
INFO:root:Generation: 178
INFO:root:pop fitness: 0.14462000000000003
INFO:root:elite fitness: 0.26532
INFO:root:Generation: 166
INFO:root:pop fitness: 0.17069000000000004
INFO:root:elite fitness: 0.27754
INFO:root:Generation: 179
INFO:root:pop fitness: 0.13676
INFO:root:elite fitness: 0.26914
INFO:root:Generation: 180
INFO:root:pop fitness: 0.15725
INFO:root:elite fitness: 0.25808
INFO:root:Generation: 167
INFO:root:pop fitness: 0.16924
INFO:root:elite fitness: 0.25822
INFO:root:Generation: 181
INFO:root:pop fitness: 0.15983
INFO:root:elite fitness: 0.26158
INFO:root:Generation: 168
INFO:root:pop fitness: 0.16286
INFO:root:elite fitness: 0.26706
INFO:root:Generation: 182
INFO:root:pop fitness: 0.15972999999999998
INFO:root:elite fitness: 0.26727999999999996
INFO:root:Generation: 169
INFO:root:pop fitness: 0.15658999999999998
INFO:root:elite fitness: 0.25720000000000004
INFO:root:Generation: 183
INFO:root:pop fitness: 0.14082
INFO:root:elite fitness: 0.26227999999999996
INFO:root:Generation: 170
INFO:root:pop fitness: 0.16088999999999998
INFO:root:elite fitness: 0.27082
INFO:root:Generation: 184
INFO:root:pop fitness: 0.16258999999999996
INFO:root:elite fitness: 0.27438
INFO:root:Generation: 171
INFO:root:pop fitness: 0.14278999999999997
INFO:root:elite fitness: 0.24874000000000002
INFO:root:Generation: 185
INFO:root:pop fitness: 0.15103000000000003
INFO:root:elite fitness: 0.23944
INFO:root:Generation: 172
INFO:root:pop fitness: 0.16248000000000004
INFO:root:elite fitness: 0.25814
INFO:root:Generation: 186
INFO:root:pop fitness: 0.14991999999999997
INFO:root:elite fitness: 0.24020000000000002
INFO:root:Generation: 173
INFO:root:pop fitness: 0.15252000000000002
INFO:root:elite fitness: 0.23790000000000003
INFO:root:Generation: 187
INFO:root:pop fitness: 0.15200000000000002
INFO:root:elite fitness: 0.25362
INFO:root:Generation: 174
INFO:root:pop fitness: 0.16890999999999995
INFO:root:elite fitness: 0.27404000000000006
INFO:root:Generation: 188
INFO:root:pop fitness: 0.14133999999999997
INFO:root:elite fitness: 0.23568
INFO:root:Generation: 189
INFO:root:pop fitness: 0.16216999999999998
INFO:root:elite fitness: 0.25322
INFO:root:Generation: 175
INFO:root:pop fitness: 0.16297
INFO:root:elite fitness: 0.25761999999999996
INFO:root:Generation: 190
INFO:root:pop fitness: 0.1497
INFO:root:elite fitness: 0.24590000000000004
INFO:root:Generation: 176
INFO:root:pop fitness: 0.1631
INFO:root:elite fitness: 0.26242
INFO:root:Generation: 191
INFO:root:pop fitness: 0.15781000000000003
INFO:root:elite fitness: 0.26413999999999993
INFO:root:Generation: 177
INFO:root:pop fitness: 0.17122
INFO:root:elite fitness: 0.27226
INFO:root:Generation: 192
INFO:root:pop fitness: 0.14683
INFO:root:elite fitness: 0.24854000000000007
INFO:root:Generation: 178
INFO:root:pop fitness: 0.17087
INFO:root:elite fitness: 0.28576
INFO:root:Generation: 193
INFO:root:pop fitness: 0.15502000000000002
INFO:root:elite fitness: 0.26442000000000004
INFO:root:Generation: 179
INFO:root:pop fitness: 0.16393000000000002
INFO:root:elite fitness: 0.26170000000000004
INFO:root:Generation: 194
INFO:root:pop fitness: 0.14915
INFO:root:elite fitness: 0.2536
INFO:root:Generation: 180
INFO:root:pop fitness: 0.16693999999999998
INFO:root:elite fitness: 0.26754
INFO:root:Generation: 195
INFO:root:pop fitness: 0.16757000000000002
INFO:root:elite fitness: 0.28034000000000003
INFO:root:Generation: 181
INFO:root:pop fitness: 0.17769999999999997
INFO:root:elite fitness: 0.29788
INFO:root:Generation: 196
INFO:root:pop fitness: 0.15799000000000002
INFO:root:elite fitness: 0.27182
INFO:root:Generation: 182
INFO:root:pop fitness: 0.16784
INFO:root:elite fitness: 0.26567999999999997
INFO:root:Generation: 197
INFO:root:pop fitness: 0.15205
INFO:root:elite fitness: 0.26738
INFO:root:Generation: 183
INFO:root:pop fitness: 0.16144999999999998
INFO:root:elite fitness: 0.2701
INFO:root:Generation: 198
INFO:root:pop fitness: 0.15315
INFO:root:elite fitness: 0.26624
INFO:root:Generation: 184
INFO:root:pop fitness: 0.18211
INFO:root:elite fitness: 0.27852
INFO:root:Generation: 199
INFO:root:pop fitness: 0.16384999999999997
INFO:root:elite fitness: 0.26958000000000004
INFO:root:Generation: 185
INFO:root:pop fitness: 0.16912999999999997
INFO:root:elite fitness: 0.29396000000000005
INFO:root:Generation: 186
INFO:root:pop fitness: 0.17352
INFO:root:elite fitness: 0.27471999999999996
INFO:root:Generation: 187
INFO:root:pop fitness: 0.16942000000000004
INFO:root:elite fitness: 0.26776000000000005
INFO:root:Generation: 188
INFO:root:pop fitness: 0.17112
INFO:root:elite fitness: 0.2589
INFO:root:Generation: 189
INFO:root:pop fitness: 0.17407
INFO:root:elite fitness: 0.2925
INFO:root:Generation: 190
INFO:root:pop fitness: 0.15879
INFO:root:elite fitness: 0.26498
INFO:root:Generation: 191
INFO:root:pop fitness: 0.15667
INFO:root:elite fitness: 0.27786
INFO:root:Generation: 192
INFO:root:pop fitness: 0.14396
INFO:root:elite fitness: 0.23527999999999996
INFO:root:Generation: 193
INFO:root:pop fitness: 0.16071000000000002
INFO:root:elite fitness: 0.27248
INFO:root:Generation: 194
INFO:root:pop fitness: 0.16599
INFO:root:elite fitness: 0.27734
INFO:root:Generation: 195
INFO:root:pop fitness: 0.15362
INFO:root:elite fitness: 0.25062
INFO:root:Generation: 196
INFO:root:pop fitness: 0.16069999999999995
INFO:root:elite fitness: 0.27352
INFO:root:Generation: 197
INFO:root:pop fitness: 0.15613
INFO:root:elite fitness: 0.25664000000000003
INFO:root:Generation: 198
INFO:root:pop fitness: 0.1697
INFO:root:elite fitness: 0.26758
INFO:root:Generation: 199
INFO:root:pop fitness: 0.16668
INFO:root:elite fitness: 0.28102
