INFO:root:run_master: Namespace(arms='10', hidden='8', layers='3', max_gen='200', message='', mutation_mag='0.01', name='resetSteps', noise=True, pop_size='150', save_result=True, steps='1', trials='100')
INFO:root:run_master: Namespace(arms='10', hidden='8', layers='3', max_gen='200', message='', mutation_mag='0.01', name='resetSteps', noise=False, pop_size='150', save_result=True, steps='1', trials='100')
INFO:root:Generation: 0
INFO:root:pop fitness: 0.10016
INFO:root:elite fitness: 0.11345333333333334
INFO:root:Generation: 0
INFO:root:pop fitness: 0.10106
INFO:root:elite fitness: 0.11448000000000003
INFO:root:Generation: 1
INFO:root:pop fitness: 0.10079333333333333
INFO:root:elite fitness: 0.1189733333333333
INFO:root:Generation: 1
INFO:root:pop fitness: 0.09952666666666665
INFO:root:elite fitness: 0.11146666666666669
INFO:root:Generation: 2
INFO:root:pop fitness: 0.10112666666666667
INFO:root:elite fitness: 0.1182
INFO:root:Generation: 2
INFO:root:pop fitness: 0.10239999999999999
INFO:root:elite fitness: 0.12390666666666668
INFO:root:Generation: 3
INFO:root:pop fitness: 0.09983333333333333
INFO:root:elite fitness: 0.11576000000000003
INFO:root:Generation: 3
INFO:root:pop fitness: 0.09932666666666665
INFO:root:elite fitness: 0.11551999999999997
INFO:root:Generation: 4
INFO:root:pop fitness: 0.10131333333333332
INFO:root:elite fitness: 0.11856000000000001
INFO:root:Generation: 4
INFO:root:pop fitness: 0.09966666666666667
INFO:root:elite fitness: 0.11586666666666669
INFO:root:Generation: 5
INFO:root:pop fitness: 0.09996666666666665
INFO:root:elite fitness: 0.11933333333333337
INFO:root:Generation: 5
INFO:root:pop fitness: 0.09999333333333332
INFO:root:elite fitness: 0.11862666666666667
INFO:root:Generation: 6
INFO:root:pop fitness: 0.09994
INFO:root:elite fitness: 0.12169333333333335
INFO:root:Generation: 6
INFO:root:pop fitness: 0.09939999999999997
INFO:root:elite fitness: 0.12594666666666668
INFO:root:Generation: 7
INFO:root:pop fitness: 0.09701333333333333
INFO:root:elite fitness: 0.11937333333333333
INFO:root:Generation: 7
INFO:root:pop fitness: 0.09934
INFO:root:elite fitness: 0.12444000000000001
INFO:root:Generation: 8
INFO:root:pop fitness: 0.10347333333333335
INFO:root:elite fitness: 0.12498666666666668
INFO:root:Generation: 8
INFO:root:pop fitness: 0.10122666666666667
INFO:root:elite fitness: 0.12850666666666666
INFO:root:Generation: 9
INFO:root:pop fitness: 0.10058666666666666
INFO:root:elite fitness: 0.12664
INFO:root:Generation: 9
INFO:root:pop fitness: 0.09708666666666665
INFO:root:elite fitness: 0.12670666666666666
INFO:root:Generation: 10
INFO:root:pop fitness: 0.10077333333333333
INFO:root:elite fitness: 0.12482666666666667
INFO:root:Generation: 10
INFO:root:pop fitness: 0.09603999999999999
INFO:root:elite fitness: 0.1260133333333333
INFO:root:Generation: 11
INFO:root:pop fitness: 0.10098666666666667
INFO:root:elite fitness: 0.12956000000000004
INFO:root:Generation: 12
INFO:root:pop fitness: 0.09914666666666665
INFO:root:elite fitness: 0.12869333333333333
INFO:root:Generation: 11
INFO:root:pop fitness: 0.10064666666666666
INFO:root:elite fitness: 0.12686666666666668
INFO:root:Generation: 13
INFO:root:pop fitness: 0.09924
INFO:root:elite fitness: 0.13069333333333333
INFO:root:Generation: 12
INFO:root:pop fitness: 0.10420000000000001
INFO:root:elite fitness: 0.13735999999999998
INFO:root:Generation: 14
INFO:root:pop fitness: 0.10298666666666667
INFO:root:elite fitness: 0.14212000000000002
INFO:root:Generation: 13
INFO:root:pop fitness: 0.0963
INFO:root:elite fitness: 0.12748
INFO:root:Generation: 15
INFO:root:pop fitness: 0.09820666666666668
INFO:root:elite fitness: 0.13162666666666667
INFO:root:Generation: 14
INFO:root:pop fitness: 0.09790666666666667
INFO:root:elite fitness: 0.12163999999999998
INFO:root:Generation: 16
INFO:root:pop fitness: 0.10552666666666667
INFO:root:elite fitness: 0.15326666666666663
INFO:root:Generation: 15
INFO:root:pop fitness: 0.10183333333333332
INFO:root:elite fitness: 0.13605333333333333
INFO:root:Generation: 17
INFO:root:pop fitness: 0.09856666666666665
INFO:root:elite fitness: 0.13970666666666667
INFO:root:Generation: 16
INFO:root:pop fitness: 0.10138000000000001
INFO:root:elite fitness: 0.14206666666666665
INFO:root:Generation: 18
INFO:root:pop fitness: 0.10825999999999998
INFO:root:elite fitness: 0.15806666666666666
INFO:root:Generation: 17
INFO:root:pop fitness: 0.10124
INFO:root:elite fitness: 0.14409333333333332
INFO:root:Generation: 19
INFO:root:pop fitness: 0.10075333333333333
INFO:root:elite fitness: 0.14366666666666666
INFO:root:Generation: 18
INFO:root:pop fitness: 0.09914666666666667
INFO:root:elite fitness: 0.13112000000000001
INFO:root:Generation: 20
INFO:root:pop fitness: 0.10484666666666666
INFO:root:elite fitness: 0.14725333333333335
INFO:root:Generation: 19
INFO:root:pop fitness: 0.10332666666666666
INFO:root:elite fitness: 0.14730666666666664
INFO:root:Generation: 21
INFO:root:pop fitness: 0.10626666666666668
INFO:root:elite fitness: 0.15522666666666665
INFO:root:Generation: 20
INFO:root:pop fitness: 0.10542
INFO:root:elite fitness: 0.15160000000000004
INFO:root:Generation: 22
INFO:root:pop fitness: 0.10096666666666666
INFO:root:elite fitness: 0.1481866666666667
INFO:root:Generation: 23
INFO:root:pop fitness: 0.10398666666666666
INFO:root:elite fitness: 0.15161333333333335
INFO:root:Generation: 21
INFO:root:pop fitness: 0.09737333333333334
INFO:root:elite fitness: 0.14065333333333332
INFO:root:Generation: 24
INFO:root:pop fitness: 0.11002666666666665
INFO:root:elite fitness: 0.17136
INFO:root:Generation: 22
INFO:root:pop fitness: 0.10533333333333333
INFO:root:elite fitness: 0.15805333333333335
INFO:root:Generation: 25
INFO:root:pop fitness: 0.10280666666666666
INFO:root:elite fitness: 0.15282666666666667
INFO:root:Generation: 23
INFO:root:pop fitness: 0.10418666666666666
INFO:root:elite fitness: 0.15288
INFO:root:Generation: 26
INFO:root:pop fitness: 0.10391333333333333
INFO:root:elite fitness: 0.16353333333333334
INFO:root:Generation: 24
INFO:root:pop fitness: 0.10634
INFO:root:elite fitness: 0.16297333333333333
INFO:root:Generation: 27
INFO:root:pop fitness: 0.10481333333333334
INFO:root:elite fitness: 0.15256
INFO:root:Generation: 25
INFO:root:pop fitness: 0.11493333333333332
INFO:root:elite fitness: 0.16606666666666667
INFO:root:Generation: 28
INFO:root:pop fitness: 0.10804
INFO:root:elite fitness: 0.17509333333333335
INFO:root:Generation: 26
INFO:root:pop fitness: 0.11112666666666665
INFO:root:elite fitness: 0.1627866666666667
INFO:root:Generation: 29
INFO:root:pop fitness: 0.11706666666666665
INFO:root:elite fitness: 0.17383999999999997
INFO:root:Generation: 27
INFO:root:pop fitness: 0.10426
INFO:root:elite fitness: 0.1556
INFO:root:Generation: 30
INFO:root:pop fitness: 0.11148000000000001
INFO:root:elite fitness: 0.18490666666666664
INFO:root:Generation: 28
INFO:root:pop fitness: 0.10736666666666667
INFO:root:elite fitness: 0.16169333333333336
INFO:root:Generation: 31
INFO:root:pop fitness: 0.11941333333333333
INFO:root:elite fitness: 0.19818666666666668
INFO:root:Generation: 32
INFO:root:pop fitness: 0.12305333333333332
INFO:root:elite fitness: 0.19749333333333335
INFO:root:Generation: 29
INFO:root:pop fitness: 0.10475333333333334
INFO:root:elite fitness: 0.1594266666666667
INFO:root:Generation: 33
INFO:root:pop fitness: 0.12156000000000002
INFO:root:elite fitness: 0.21658666666666668
INFO:root:Generation: 30
INFO:root:pop fitness: 0.10825999999999998
INFO:root:elite fitness: 0.16766666666666666
INFO:root:Generation: 34
INFO:root:pop fitness: 0.12232666666666664
INFO:root:elite fitness: 0.19986666666666664
INFO:root:Generation: 31
INFO:root:pop fitness: 0.11184666666666668
INFO:root:elite fitness: 0.17108
INFO:root:Generation: 35
INFO:root:pop fitness: 0.11862666666666667
INFO:root:elite fitness: 0.2086
INFO:root:Generation: 32
INFO:root:pop fitness: 0.11193333333333333
INFO:root:elite fitness: 0.17990666666666666
INFO:root:Generation: 36
INFO:root:pop fitness: 0.12242666666666664
INFO:root:elite fitness: 0.22066666666666668
INFO:root:Generation: 33
INFO:root:pop fitness: 0.11045333333333335
INFO:root:elite fitness: 0.17969333333333337
INFO:root:Generation: 37
INFO:root:pop fitness: 0.12558
INFO:root:elite fitness: 0.22052000000000002
INFO:root:Generation: 34
INFO:root:pop fitness: 0.11129999999999998
INFO:root:elite fitness: 0.2005866666666667
INFO:root:Generation: 38
INFO:root:pop fitness: 0.12484666666666665
INFO:root:elite fitness: 0.2391066666666666
INFO:root:Generation: 35
INFO:root:pop fitness: 0.11992666666666667
INFO:root:elite fitness: 0.2094266666666667
INFO:root:Generation: 39
INFO:root:pop fitness: 0.12273333333333336
INFO:root:elite fitness: 0.2116
INFO:root:Generation: 40
INFO:root:pop fitness: 0.11790000000000002
INFO:root:elite fitness: 0.20646666666666671
INFO:root:Generation: 36
INFO:root:pop fitness: 0.11675333333333336
INFO:root:elite fitness: 0.21181333333333333
INFO:root:Generation: 41
INFO:root:pop fitness: 0.13429333333333332
INFO:root:elite fitness: 0.22633333333333336
INFO:root:Generation: 37
INFO:root:pop fitness: 0.11573333333333333
INFO:root:elite fitness: 0.19794666666666666
INFO:root:Generation: 42
INFO:root:pop fitness: 0.13008666666666668
INFO:root:elite fitness: 0.22902666666666666
INFO:root:Generation: 38
INFO:root:pop fitness: 0.12546000000000002
INFO:root:elite fitness: 0.18932
INFO:root:Generation: 43
INFO:root:pop fitness: 0.12153999999999998
INFO:root:elite fitness: 0.20873333333333335
INFO:root:Generation: 39
INFO:root:pop fitness: 0.12085333333333334
INFO:root:elite fitness: 0.20688000000000004
INFO:root:Generation: 44
INFO:root:pop fitness: 0.12109333333333334
INFO:root:elite fitness: 0.20998666666666668
INFO:root:Generation: 40
INFO:root:pop fitness: 0.12599333333333332
INFO:root:elite fitness: 0.20153333333333331
INFO:root:Generation: 45
INFO:root:pop fitness: 0.12986666666666666
INFO:root:elite fitness: 0.21601333333333333
INFO:root:Generation: 41
INFO:root:pop fitness: 0.12053999999999997
INFO:root:elite fitness: 0.19233333333333333
INFO:root:Generation: 46
INFO:root:pop fitness: 0.11643333333333333
INFO:root:elite fitness: 0.19136
INFO:root:Generation: 42
INFO:root:pop fitness: 0.12488666666666665
INFO:root:elite fitness: 0.19408
INFO:root:Generation: 47
INFO:root:pop fitness: 0.12572666666666668
INFO:root:elite fitness: 0.23496000000000006
INFO:root:Generation: 43
INFO:root:pop fitness: 0.1447266666666667
INFO:root:elite fitness: 0.24577333333333334
INFO:root:Generation: 48
INFO:root:pop fitness: 0.12154000000000001
INFO:root:elite fitness: 0.22254666666666664
INFO:root:Generation: 44
INFO:root:pop fitness: 0.11417333333333332
INFO:root:elite fitness: 0.22154666666666667
INFO:root:Generation: 49
INFO:root:pop fitness: 0.12900666666666671
INFO:root:elite fitness: 0.2268133333333333
INFO:root:Generation: 50
INFO:root:pop fitness: 0.14030666666666666
INFO:root:elite fitness: 0.24296
INFO:root:Generation: 45
INFO:root:pop fitness: 0.11828666666666665
INFO:root:elite fitness: 0.20347999999999997
INFO:root:Generation: 51
INFO:root:pop fitness: 0.13038666666666668
INFO:root:elite fitness: 0.23748000000000005
INFO:root:Generation: 46
INFO:root:pop fitness: 0.13735999999999998
INFO:root:elite fitness: 0.22688000000000003
INFO:root:Generation: 52
INFO:root:pop fitness: 0.13041333333333335
INFO:root:elite fitness: 0.22435999999999998
INFO:root:Generation: 47
INFO:root:pop fitness: 0.1277666666666667
INFO:root:elite fitness: 0.20817333333333335
INFO:root:Generation: 53
INFO:root:pop fitness: 0.12481999999999999
INFO:root:elite fitness: 0.22620000000000004
INFO:root:Generation: 48
INFO:root:pop fitness: 0.13014
INFO:root:elite fitness: 0.22513333333333335
INFO:root:Generation: 54
INFO:root:pop fitness: 0.13258
INFO:root:elite fitness: 0.23725333333333334
INFO:root:Generation: 49
INFO:root:pop fitness: 0.12648
INFO:root:elite fitness: 0.22299999999999998
INFO:root:Generation: 55
INFO:root:pop fitness: 0.1386866666666667
INFO:root:elite fitness: 0.23179999999999998
INFO:root:Generation: 50
INFO:root:pop fitness: 0.1227
INFO:root:elite fitness: 0.20821333333333336
INFO:root:Generation: 56
INFO:root:pop fitness: 0.1370866666666667
INFO:root:elite fitness: 0.24197333333333332
INFO:root:Generation: 51
INFO:root:pop fitness: 0.13181333333333334
INFO:root:elite fitness: 0.20996
INFO:root:Generation: 57
INFO:root:pop fitness: 0.14720000000000003
INFO:root:elite fitness: 0.24762666666666666
INFO:root:Generation: 52
INFO:root:pop fitness: 0.13077333333333332
INFO:root:elite fitness: 0.20752
INFO:root:Generation: 58
INFO:root:pop fitness: 0.13319999999999999
INFO:root:elite fitness: 0.23945333333333332
INFO:root:Generation: 53
INFO:root:pop fitness: 0.14447333333333334
INFO:root:elite fitness: 0.24509333333333336
INFO:root:Generation: 59
INFO:root:pop fitness: 0.13834666666666667
INFO:root:elite fitness: 0.25811999999999996
INFO:root:Generation: 60
INFO:root:pop fitness: 0.14983333333333335
INFO:root:elite fitness: 0.2726133333333334
INFO:root:Generation: 54
INFO:root:pop fitness: 0.13823333333333332
INFO:root:elite fitness: 0.23590666666666668
INFO:root:Generation: 61
INFO:root:pop fitness: 0.15340666666666666
INFO:root:elite fitness: 0.27785333333333334
INFO:root:Generation: 55
INFO:root:pop fitness: 0.14285333333333333
INFO:root:elite fitness: 0.2534666666666666
INFO:root:Generation: 62
INFO:root:pop fitness: 0.13792666666666667
INFO:root:elite fitness: 0.23279999999999995
INFO:root:Generation: 56
INFO:root:pop fitness: 0.1329
INFO:root:elite fitness: 0.23293333333333335
INFO:root:Generation: 63
INFO:root:pop fitness: 0.13790000000000002
INFO:root:elite fitness: 0.24305333333333337
INFO:root:Generation: 57
INFO:root:pop fitness: 0.13170666666666667
INFO:root:elite fitness: 0.2278
INFO:root:Generation: 64
INFO:root:pop fitness: 0.15704666666666664
INFO:root:elite fitness: 0.2624666666666667
INFO:root:Generation: 58
INFO:root:pop fitness: 0.1359266666666667
INFO:root:elite fitness: 0.23399999999999996
INFO:root:Generation: 65
INFO:root:pop fitness: 0.13694666666666666
INFO:root:elite fitness: 0.24394666666666665
INFO:root:Generation: 59
INFO:root:pop fitness: 0.13668000000000002
INFO:root:elite fitness: 0.25122666666666665
INFO:root:Generation: 66
INFO:root:pop fitness: 0.14742666666666665
INFO:root:elite fitness: 0.27099999999999996
INFO:root:Generation: 60
INFO:root:pop fitness: 0.13988
INFO:root:elite fitness: 0.23715999999999998
INFO:root:Generation: 67
INFO:root:pop fitness: 0.14900000000000002
INFO:root:elite fitness: 0.26888
INFO:root:Generation: 61
INFO:root:pop fitness: 0.13376
INFO:root:elite fitness: 0.23201333333333338
INFO:root:Generation: 68
INFO:root:pop fitness: 0.14867333333333335
INFO:root:elite fitness: 0.25814666666666664
INFO:root:Generation: 62
INFO:root:pop fitness: 0.13402666666666666
INFO:root:elite fitness: 0.24508
INFO:root:Generation: 69
INFO:root:pop fitness: 0.15589999999999998
INFO:root:elite fitness: 0.26765333333333335
INFO:root:Generation: 70
INFO:root:pop fitness: 0.14322666666666664
INFO:root:elite fitness: 0.2484933333333334
INFO:root:Generation: 63
INFO:root:pop fitness: 0.13842
INFO:root:elite fitness: 0.23853333333333335
INFO:root:Generation: 71
INFO:root:pop fitness: 0.15499333333333334
INFO:root:elite fitness: 0.2660533333333333
INFO:root:Generation: 64
INFO:root:pop fitness: 0.13058666666666668
INFO:root:elite fitness: 0.24321333333333334
INFO:root:Generation: 72
INFO:root:pop fitness: 0.15304666666666666
INFO:root:elite fitness: 0.2746
INFO:root:Generation: 65
INFO:root:pop fitness: 0.1316133333333333
INFO:root:elite fitness: 0.23654666666666666
INFO:root:Generation: 73
INFO:root:pop fitness: 0.14535333333333333
INFO:root:elite fitness: 0.2451599999999999
INFO:root:Generation: 66
INFO:root:pop fitness: 0.12978666666666663
INFO:root:elite fitness: 0.21916000000000002
INFO:root:Generation: 74
INFO:root:pop fitness: 0.15288666666666667
INFO:root:elite fitness: 0.26542666666666664
INFO:root:Generation: 67
INFO:root:pop fitness: 0.13547333333333333
INFO:root:elite fitness: 0.2316133333333333
INFO:root:Generation: 75
INFO:root:pop fitness: 0.14784
INFO:root:elite fitness: 0.2834666666666667
INFO:root:Generation: 68
INFO:root:pop fitness: 0.13291333333333333
INFO:root:elite fitness: 0.23597333333333334
INFO:root:Generation: 76
INFO:root:pop fitness: 0.15244666666666665
INFO:root:elite fitness: 0.2767866666666667
INFO:root:Generation: 69
INFO:root:pop fitness: 0.12854666666666664
INFO:root:elite fitness: 0.22139999999999996
INFO:root:Generation: 77
INFO:root:pop fitness: 0.14610666666666666
INFO:root:elite fitness: 0.25778666666666666
INFO:root:Generation: 70
INFO:root:pop fitness: 0.14115333333333335
INFO:root:elite fitness: 0.24213333333333334
INFO:root:Generation: 78
INFO:root:pop fitness: 0.15300000000000002
INFO:root:elite fitness: 0.27626666666666666
INFO:root:Generation: 79
INFO:root:pop fitness: 0.15598666666666663
INFO:root:elite fitness: 0.26053333333333334
INFO:root:Generation: 71
INFO:root:pop fitness: 0.14582666666666666
INFO:root:elite fitness: 0.26211999999999996
INFO:root:Generation: 80
INFO:root:pop fitness: 0.1576133333333333
INFO:root:elite fitness: 0.2785333333333333
INFO:root:Generation: 72
INFO:root:pop fitness: 0.14688
INFO:root:elite fitness: 0.24410666666666667
INFO:root:Generation: 81
INFO:root:pop fitness: 0.16007333333333332
INFO:root:elite fitness: 0.2858666666666667
INFO:root:Generation: 73
INFO:root:pop fitness: 0.13979333333333335
INFO:root:elite fitness: 0.24242666666666665
INFO:root:Generation: 82
INFO:root:pop fitness: 0.17103333333333334
INFO:root:elite fitness: 0.28551999999999994
INFO:root:Generation: 74
INFO:root:pop fitness: 0.13032000000000002
INFO:root:elite fitness: 0.22646666666666665
INFO:root:Generation: 83
INFO:root:pop fitness: 0.17789333333333335
INFO:root:elite fitness: 0.3221066666666667
INFO:root:Generation: 75
INFO:root:pop fitness: 0.14124
INFO:root:elite fitness: 0.22808000000000003
INFO:root:Generation: 84
INFO:root:pop fitness: 0.17267333333333335
INFO:root:elite fitness: 0.32310666666666665
INFO:root:Generation: 76
INFO:root:pop fitness: 0.13518666666666668
INFO:root:elite fitness: 0.228
INFO:root:Generation: 85
INFO:root:pop fitness: 0.16983333333333334
INFO:root:elite fitness: 0.31864
INFO:root:Generation: 77
INFO:root:pop fitness: 0.14104666666666665
INFO:root:elite fitness: 0.23729333333333333
INFO:root:Generation: 86
INFO:root:pop fitness: 0.17125333333333334
INFO:root:elite fitness: 0.31178666666666666
INFO:root:Generation: 78
INFO:root:pop fitness: 0.13836
INFO:root:elite fitness: 0.2358133333333333
INFO:root:Generation: 87
INFO:root:pop fitness: 0.15828
INFO:root:elite fitness: 0.27584
INFO:root:Generation: 79
INFO:root:pop fitness: 0.14709333333333333
INFO:root:elite fitness: 0.2526533333333333
INFO:root:Generation: 88
INFO:root:pop fitness: 0.16404
INFO:root:elite fitness: 0.3072666666666667
INFO:root:Generation: 89
INFO:root:pop fitness: 0.16388
INFO:root:elite fitness: 0.28304
INFO:root:Generation: 80
INFO:root:pop fitness: 0.15225999999999998
INFO:root:elite fitness: 0.23957333333333328
INFO:root:Generation: 90
INFO:root:pop fitness: 0.17042000000000002
INFO:root:elite fitness: 0.2959333333333334
INFO:root:Generation: 81
INFO:root:pop fitness: 0.14517333333333332
INFO:root:elite fitness: 0.24408000000000005
INFO:root:Generation: 91
INFO:root:pop fitness: 0.17898666666666666
INFO:root:elite fitness: 0.3178666666666667
INFO:root:Generation: 82
INFO:root:pop fitness: 0.13898
INFO:root:elite fitness: 0.25167999999999996
INFO:root:Generation: 92
INFO:root:pop fitness: 0.16642666666666667
INFO:root:elite fitness: 0.29469333333333336
INFO:root:Generation: 83
INFO:root:pop fitness: 0.14782
INFO:root:elite fitness: 0.2584666666666667
INFO:root:Generation: 93
INFO:root:pop fitness: 0.16699333333333333
INFO:root:elite fitness: 0.29284
INFO:root:Generation: 84
INFO:root:pop fitness: 0.14692666666666668
INFO:root:elite fitness: 0.26004
INFO:root:Generation: 94
INFO:root:pop fitness: 0.16547333333333333
INFO:root:elite fitness: 0.31626666666666664
INFO:root:Generation: 85
INFO:root:pop fitness: 0.15152000000000002
INFO:root:elite fitness: 0.24729333333333328
INFO:root:Generation: 95
INFO:root:pop fitness: 0.1654533333333333
INFO:root:elite fitness: 0.28685333333333335
INFO:root:Generation: 86
INFO:root:pop fitness: 0.15794
INFO:root:elite fitness: 0.27964000000000006
INFO:root:Generation: 96
INFO:root:pop fitness: 0.16888
INFO:root:elite fitness: 0.3008133333333333
INFO:root:Generation: 87
INFO:root:pop fitness: 0.15012
INFO:root:elite fitness: 0.27542666666666665
INFO:root:Generation: 97
INFO:root:pop fitness: 0.17136
INFO:root:elite fitness: 0.31104000000000004
INFO:root:Generation: 88
INFO:root:pop fitness: 0.15661333333333333
INFO:root:elite fitness: 0.25577333333333335
INFO:root:Generation: 98
INFO:root:pop fitness: 0.17006
INFO:root:elite fitness: 0.3198533333333333
INFO:root:Generation: 89
INFO:root:pop fitness: 0.15690666666666664
INFO:root:elite fitness: 0.28058666666666665
INFO:root:Generation: 99
INFO:root:pop fitness: 0.17810666666666672
INFO:root:elite fitness: 0.32321333333333335
INFO:root:Generation: 100
INFO:root:pop fitness: 0.17294
INFO:root:elite fitness: 0.31469333333333327
INFO:root:Generation: 90
INFO:root:pop fitness: 0.16250666666666666
INFO:root:elite fitness: 0.27745333333333333
INFO:root:Generation: 101
INFO:root:pop fitness: 0.15857333333333334
INFO:root:elite fitness: 0.29418666666666665
INFO:root:Generation: 91
INFO:root:pop fitness: 0.15239333333333335
INFO:root:elite fitness: 0.2635866666666666
INFO:root:Generation: 102
INFO:root:pop fitness: 0.17034000000000002
INFO:root:elite fitness: 0.2888266666666667
INFO:root:Generation: 92
INFO:root:pop fitness: 0.16546000000000002
INFO:root:elite fitness: 0.2932933333333334
INFO:root:Generation: 103
INFO:root:pop fitness: 0.14815333333333333
INFO:root:elite fitness: 0.27220000000000005
INFO:root:Generation: 93
INFO:root:pop fitness: 0.16012666666666667
INFO:root:elite fitness: 0.28404
INFO:root:Generation: 104
INFO:root:pop fitness: 0.15405333333333335
INFO:root:elite fitness: 0.2762266666666666
INFO:root:Generation: 94
INFO:root:pop fitness: 0.14814666666666668
INFO:root:elite fitness: 0.2637733333333333
INFO:root:Generation: 105
INFO:root:pop fitness: 0.17630000000000004
INFO:root:elite fitness: 0.31256
INFO:root:Generation: 95
INFO:root:pop fitness: 0.16061333333333336
INFO:root:elite fitness: 0.25049333333333335
INFO:root:Generation: 106
INFO:root:pop fitness: 0.17128000000000002
INFO:root:elite fitness: 0.29748
INFO:root:Generation: 96
INFO:root:pop fitness: 0.16963333333333333
INFO:root:elite fitness: 0.2733466666666666
INFO:root:Generation: 107
INFO:root:pop fitness: 0.18875333333333336
INFO:root:elite fitness: 0.3072
INFO:root:Generation: 97
INFO:root:pop fitness: 0.16450000000000004
INFO:root:elite fitness: 0.27837333333333336
INFO:root:Generation: 108
INFO:root:pop fitness: 0.17728666666666665
INFO:root:elite fitness: 0.3543466666666667
INFO:root:Generation: 98
INFO:root:pop fitness: 0.15894
INFO:root:elite fitness: 0.2825866666666667
INFO:root:Generation: 109
INFO:root:pop fitness: 0.17244
INFO:root:elite fitness: 0.2814933333333333
INFO:root:Generation: 110
INFO:root:pop fitness: 0.18391333333333335
INFO:root:elite fitness: 0.3496133333333334
INFO:root:Generation: 99
INFO:root:pop fitness: 0.15698666666666666
INFO:root:elite fitness: 0.2612
INFO:root:Generation: 111
INFO:root:pop fitness: 0.16892000000000001
INFO:root:elite fitness: 0.27745333333333333
INFO:root:Generation: 100
INFO:root:pop fitness: 0.16180666666666668
INFO:root:elite fitness: 0.2872266666666667
INFO:root:Generation: 112
INFO:root:pop fitness: 0.16971999999999998
INFO:root:elite fitness: 0.2968266666666666
INFO:root:Generation: 101
INFO:root:pop fitness: 0.14716
INFO:root:elite fitness: 0.2670933333333334
INFO:root:Generation: 113
INFO:root:pop fitness: 0.16979333333333335
INFO:root:elite fitness: 0.29288000000000003
INFO:root:Generation: 102
INFO:root:pop fitness: 0.16347333333333333
INFO:root:elite fitness: 0.29884
INFO:root:Generation: 114
INFO:root:pop fitness: 0.16372666666666666
INFO:root:elite fitness: 0.3052266666666667
INFO:root:Generation: 103
INFO:root:pop fitness: 0.15190666666666666
INFO:root:elite fitness: 0.26644
INFO:root:Generation: 115
INFO:root:pop fitness: 0.17227333333333333
INFO:root:elite fitness: 0.29796
INFO:root:Generation: 104
INFO:root:pop fitness: 0.15852
INFO:root:elite fitness: 0.27446666666666664
INFO:root:Generation: 116
INFO:root:pop fitness: 0.16410666666666668
INFO:root:elite fitness: 0.30421333333333334
INFO:root:Generation: 105
INFO:root:pop fitness: 0.16164666666666672
INFO:root:elite fitness: 0.28692
INFO:root:Generation: 117
INFO:root:pop fitness: 0.1699
INFO:root:elite fitness: 0.2840266666666666
INFO:root:Generation: 106
INFO:root:pop fitness: 0.16195333333333334
INFO:root:elite fitness: 0.28785333333333335
INFO:root:Generation: 118
INFO:root:pop fitness: 0.17384666666666668
INFO:root:elite fitness: 0.32368
INFO:root:Generation: 119
INFO:root:pop fitness: 0.17186666666666667
INFO:root:elite fitness: 0.30463999999999997
INFO:root:Generation: 107
INFO:root:pop fitness: 0.15788000000000002
INFO:root:elite fitness: 0.2784666666666667
INFO:root:Generation: 120
INFO:root:pop fitness: 0.16849333333333333
INFO:root:elite fitness: 0.30292
INFO:root:Generation: 108
INFO:root:pop fitness: 0.17053333333333331
INFO:root:elite fitness: 0.29486666666666667
INFO:root:Generation: 121
INFO:root:pop fitness: 0.16863999999999998
INFO:root:elite fitness: 0.3008133333333333
INFO:root:Generation: 109
INFO:root:pop fitness: 0.17382666666666666
INFO:root:elite fitness: 0.29788
INFO:root:Generation: 122
INFO:root:pop fitness: 0.17858
INFO:root:elite fitness: 0.32381333333333334
INFO:root:Generation: 110
INFO:root:pop fitness: 0.17008
INFO:root:elite fitness: 0.31201333333333336
INFO:root:Generation: 123
INFO:root:pop fitness: 0.17104000000000003
INFO:root:elite fitness: 0.29272
INFO:root:Generation: 111
INFO:root:pop fitness: 0.1672266666666667
INFO:root:elite fitness: 0.29173333333333334
INFO:root:Generation: 124
INFO:root:pop fitness: 0.17131333333333335
INFO:root:elite fitness: 0.3293866666666667
INFO:root:Generation: 112
INFO:root:pop fitness: 0.17604666666666668
INFO:root:elite fitness: 0.2941466666666666
INFO:root:Generation: 125
INFO:root:pop fitness: 0.16413333333333335
INFO:root:elite fitness: 0.30148
INFO:root:Generation: 113
INFO:root:pop fitness: 0.17343999999999998
INFO:root:elite fitness: 0.31250666666666665
INFO:root:Generation: 126
INFO:root:pop fitness: 0.18308666666666668
INFO:root:elite fitness: 0.3085333333333334
INFO:root:Generation: 114
INFO:root:pop fitness: 0.16904666666666665
INFO:root:elite fitness: 0.28029333333333334
INFO:root:Generation: 127
INFO:root:pop fitness: 0.16189333333333333
INFO:root:elite fitness: 0.2952666666666666
INFO:root:Generation: 115
INFO:root:pop fitness: 0.16568666666666668
INFO:root:elite fitness: 0.30244000000000004
INFO:root:Generation: 128
INFO:root:pop fitness: 0.17006666666666667
INFO:root:elite fitness: 0.2950933333333334
INFO:root:Generation: 129
INFO:root:pop fitness: 0.16211333333333333
INFO:root:elite fitness: 0.28456000000000004
INFO:root:Generation: 116
INFO:root:pop fitness: 0.16511333333333336
INFO:root:elite fitness: 0.29874666666666666
INFO:root:Generation: 130
INFO:root:pop fitness: 0.16702666666666668
INFO:root:elite fitness: 0.31949333333333335
INFO:root:Generation: 117
INFO:root:pop fitness: 0.16965999999999998
INFO:root:elite fitness: 0.27857333333333323
INFO:root:Generation: 131
INFO:root:pop fitness: 0.1710533333333333
INFO:root:elite fitness: 0.3189733333333333
INFO:root:Generation: 118
INFO:root:pop fitness: 0.18036666666666668
INFO:root:elite fitness: 0.30984000000000006
INFO:root:Generation: 132
INFO:root:pop fitness: 0.16743333333333335
INFO:root:elite fitness: 0.3064
INFO:root:Generation: 119
INFO:root:pop fitness: 0.17947333333333332
INFO:root:elite fitness: 0.31938666666666665
INFO:root:Generation: 133
INFO:root:pop fitness: 0.1632266666666667
INFO:root:elite fitness: 0.31984000000000007
INFO:root:Generation: 120
INFO:root:pop fitness: 0.1636066666666667
INFO:root:elite fitness: 0.28226666666666667
INFO:root:Generation: 134
INFO:root:pop fitness: 0.15
INFO:root:elite fitness: 0.2683333333333333
INFO:root:Generation: 121
INFO:root:pop fitness: 0.16046000000000002
INFO:root:elite fitness: 0.2831466666666666
INFO:root:Generation: 135
INFO:root:pop fitness: 0.15812666666666667
INFO:root:elite fitness: 0.29046666666666665
INFO:root:Generation: 122
INFO:root:pop fitness: 0.17178000000000002
INFO:root:elite fitness: 0.31084
INFO:root:Generation: 136
INFO:root:pop fitness: 0.16406
INFO:root:elite fitness: 0.27942666666666666
INFO:root:Generation: 123
INFO:root:pop fitness: 0.16492
INFO:root:elite fitness: 0.28990666666666665
INFO:root:Generation: 137
INFO:root:pop fitness: 0.16461333333333333
INFO:root:elite fitness: 0.28503999999999996
INFO:root:Generation: 124
INFO:root:pop fitness: 0.17536
INFO:root:elite fitness: 0.3012666666666666
INFO:root:Generation: 138
INFO:root:pop fitness: 0.17039333333333337
INFO:root:elite fitness: 0.26753333333333335
INFO:root:Generation: 139
INFO:root:pop fitness: 0.15419333333333335
INFO:root:elite fitness: 0.26522666666666667
INFO:root:Generation: 125
INFO:root:pop fitness: 0.17319333333333334
INFO:root:elite fitness: 0.2776133333333334
INFO:root:Generation: 140
INFO:root:pop fitness: 0.17319333333333334
INFO:root:elite fitness: 0.2870266666666667
INFO:root:Generation: 126
INFO:root:pop fitness: 0.15652000000000002
INFO:root:elite fitness: 0.27444
INFO:root:Generation: 141
INFO:root:pop fitness: 0.16459333333333334
INFO:root:elite fitness: 0.2916666666666667
INFO:root:Generation: 127
INFO:root:pop fitness: 0.17969333333333334
INFO:root:elite fitness: 0.3207333333333333
INFO:root:Generation: 142
INFO:root:pop fitness: 0.17586000000000002
INFO:root:elite fitness: 0.3364533333333333
INFO:root:Generation: 128
INFO:root:pop fitness: 0.17942666666666668
INFO:root:elite fitness: 0.33281333333333335
INFO:root:Generation: 143
INFO:root:pop fitness: 0.17096
INFO:root:elite fitness: 0.3149733333333334
INFO:root:Generation: 129
INFO:root:pop fitness: 0.16900666666666664
INFO:root:elite fitness: 0.30946666666666667
INFO:root:Generation: 144
INFO:root:pop fitness: 0.16616666666666668
INFO:root:elite fitness: 0.27558666666666665
INFO:root:Generation: 130
INFO:root:pop fitness: 0.16318666666666667
INFO:root:elite fitness: 0.26344000000000006
INFO:root:Generation: 145
INFO:root:pop fitness: 0.1713
INFO:root:elite fitness: 0.31312
INFO:root:Generation: 131
INFO:root:pop fitness: 0.16956666666666664
INFO:root:elite fitness: 0.2970933333333333
INFO:root:Generation: 146
INFO:root:pop fitness: 0.16076000000000004
INFO:root:elite fitness: 0.28813333333333335
INFO:root:Generation: 132
INFO:root:pop fitness: 0.17205333333333334
INFO:root:elite fitness: 0.31233333333333335
INFO:root:Generation: 147
INFO:root:pop fitness: 0.17276
INFO:root:elite fitness: 0.30882666666666664
INFO:root:Generation: 133
INFO:root:pop fitness: 0.15518666666666667
INFO:root:elite fitness: 0.2731733333333333
INFO:root:Generation: 148
INFO:root:pop fitness: 0.16706
INFO:root:elite fitness: 0.3154666666666666
INFO:root:Generation: 134
INFO:root:pop fitness: 0.17744
INFO:root:elite fitness: 0.3192266666666667
INFO:root:Generation: 149
INFO:root:pop fitness: 0.18186000000000002
INFO:root:elite fitness: 0.33235999999999993
INFO:root:Generation: 150
INFO:root:pop fitness: 0.1530733333333333
INFO:root:elite fitness: 0.27219999999999994
INFO:root:Generation: 135
INFO:root:pop fitness: 0.17392000000000002
INFO:root:elite fitness: 0.29821333333333333
INFO:root:Generation: 151
INFO:root:pop fitness: 0.15558666666666668
INFO:root:elite fitness: 0.3074933333333333
INFO:root:Generation: 136
INFO:root:pop fitness: 0.17821333333333336
INFO:root:elite fitness: 0.3173866666666667
INFO:root:Generation: 152
INFO:root:pop fitness: 0.16918000000000002
INFO:root:elite fitness: 0.29133333333333333
INFO:root:Generation: 137
INFO:root:pop fitness: 0.16863333333333333
INFO:root:elite fitness: 0.29938666666666675
INFO:root:Generation: 153
INFO:root:pop fitness: 0.15822666666666668
INFO:root:elite fitness: 0.2759066666666667
INFO:root:Generation: 138
INFO:root:pop fitness: 0.16097999999999998
INFO:root:elite fitness: 0.27964
INFO:root:Generation: 154
INFO:root:pop fitness: 0.17315999999999998
INFO:root:elite fitness: 0.29846666666666666
INFO:root:Generation: 139
INFO:root:pop fitness: 0.16884
INFO:root:elite fitness: 0.2841333333333333
INFO:root:Generation: 155
INFO:root:pop fitness: 0.1701
INFO:root:elite fitness: 0.2874266666666667
INFO:root:Generation: 140
INFO:root:pop fitness: 0.16862666666666665
INFO:root:elite fitness: 0.2932933333333334
INFO:root:Generation: 156
INFO:root:pop fitness: 0.1689733333333333
INFO:root:elite fitness: 0.2898266666666666
INFO:root:Generation: 141
INFO:root:pop fitness: 0.16332666666666665
INFO:root:elite fitness: 0.27585333333333334
INFO:root:Generation: 157
INFO:root:pop fitness: 0.15169333333333335
INFO:root:elite fitness: 0.26711999999999997
INFO:root:Generation: 158
INFO:root:pop fitness: 0.15718000000000004
INFO:root:elite fitness: 0.2855066666666667
INFO:root:Generation: 142
INFO:root:pop fitness: 0.17334000000000002
INFO:root:elite fitness: 0.33269333333333334
INFO:root:Generation: 159
INFO:root:pop fitness: 0.16883333333333336
INFO:root:elite fitness: 0.30088000000000004
INFO:root:Generation: 143
INFO:root:pop fitness: 0.17289333333333332
INFO:root:elite fitness: 0.3263066666666667
INFO:root:Generation: 160
INFO:root:pop fitness: 0.16262000000000001
INFO:root:elite fitness: 0.28551999999999994
INFO:root:Generation: 144
INFO:root:pop fitness: 0.15888
INFO:root:elite fitness: 0.28473333333333334
INFO:root:Generation: 161
INFO:root:pop fitness: 0.15404666666666667
INFO:root:elite fitness: 0.2753199999999999
INFO:root:Generation: 145
INFO:root:pop fitness: 0.1792733333333333
INFO:root:elite fitness: 0.29993333333333333
INFO:root:Generation: 162
INFO:root:pop fitness: 0.15427333333333332
INFO:root:elite fitness: 0.2750666666666667
INFO:root:Generation: 146
INFO:root:pop fitness: 0.1789
INFO:root:elite fitness: 0.30386666666666673
INFO:root:Generation: 163
INFO:root:pop fitness: 0.14998
INFO:root:elite fitness: 0.28069333333333335
INFO:root:Generation: 147
INFO:root:pop fitness: 0.18199333333333334
INFO:root:elite fitness: 0.3188933333333333
INFO:root:Generation: 164
INFO:root:pop fitness: 0.17022666666666667
INFO:root:elite fitness: 0.3092533333333333
INFO:root:Generation: 148
INFO:root:pop fitness: 0.16365333333333335
INFO:root:elite fitness: 0.28681333333333336
INFO:root:Generation: 165
INFO:root:pop fitness: 0.17540666666666666
INFO:root:elite fitness: 0.321
INFO:root:Generation: 149
INFO:root:pop fitness: 0.16151333333333337
INFO:root:elite fitness: 0.3116133333333333
INFO:root:Generation: 166
INFO:root:pop fitness: 0.17775333333333332
INFO:root:elite fitness: 0.31445333333333336
INFO:root:Generation: 150
INFO:root:pop fitness: 0.17984
INFO:root:elite fitness: 0.28547999999999996
INFO:root:Generation: 167
INFO:root:pop fitness: 0.16432666666666668
INFO:root:elite fitness: 0.30860000000000004
INFO:root:Generation: 151
INFO:root:pop fitness: 0.16800666666666667
INFO:root:elite fitness: 0.3020000000000001
INFO:root:Generation: 168
INFO:root:pop fitness: 0.18365333333333334
INFO:root:elite fitness: 0.32028
INFO:root:Generation: 169
INFO:root:pop fitness: 0.15488
INFO:root:elite fitness: 0.2641066666666667
INFO:root:Generation: 152
INFO:root:pop fitness: 0.17455333333333334
INFO:root:elite fitness: 0.30012
INFO:root:Generation: 170
INFO:root:pop fitness: 0.1640533333333333
INFO:root:elite fitness: 0.30873333333333336
INFO:root:Generation: 153
INFO:root:pop fitness: 0.17871333333333334
INFO:root:elite fitness: 0.3143333333333333
INFO:root:Generation: 171
INFO:root:pop fitness: 0.16537333333333332
INFO:root:elite fitness: 0.29357333333333335
INFO:root:Generation: 154
INFO:root:pop fitness: 0.17712666666666668
INFO:root:elite fitness: 0.31980000000000003
INFO:root:Generation: 172
INFO:root:pop fitness: 0.15406
INFO:root:elite fitness: 0.30476
INFO:root:Generation: 155
INFO:root:pop fitness: 0.17408666666666667
INFO:root:elite fitness: 0.28717333333333334
INFO:root:Generation: 173
INFO:root:pop fitness: 0.17502
INFO:root:elite fitness: 0.2729866666666667
INFO:root:Generation: 156
INFO:root:pop fitness: 0.18656666666666663
INFO:root:elite fitness: 0.3225733333333333
INFO:root:Generation: 174
INFO:root:pop fitness: 0.17452666666666666
INFO:root:elite fitness: 0.2922666666666667
INFO:root:Generation: 157
INFO:root:pop fitness: 0.19548666666666667
INFO:root:elite fitness: 0.34314666666666666
INFO:root:Generation: 175
INFO:root:pop fitness: 0.16872
INFO:root:elite fitness: 0.2876266666666667
INFO:root:Generation: 158
INFO:root:pop fitness: 0.17150666666666667
INFO:root:elite fitness: 0.30752000000000007
INFO:root:Generation: 176
INFO:root:pop fitness: 0.17654666666666666
INFO:root:elite fitness: 0.30508
INFO:root:Generation: 159
INFO:root:pop fitness: 0.1865
INFO:root:elite fitness: 0.32237333333333335
INFO:root:Generation: 177
INFO:root:pop fitness: 0.1641266666666667
INFO:root:elite fitness: 0.27563999999999994
INFO:root:Generation: 178
INFO:root:pop fitness: 0.17697333333333332
INFO:root:elite fitness: 0.30039999999999994
INFO:root:Generation: 160
INFO:root:pop fitness: 0.17828000000000002
INFO:root:elite fitness: 0.29957333333333336
INFO:root:Generation: 179
INFO:root:pop fitness: 0.1700866666666667
INFO:root:elite fitness: 0.3045733333333333
INFO:root:Generation: 161
INFO:root:pop fitness: 0.17829333333333333
INFO:root:elite fitness: 0.31154666666666664
INFO:root:Generation: 180
INFO:root:pop fitness: 0.16992
INFO:root:elite fitness: 0.2754000000000001
INFO:root:Generation: 162
INFO:root:pop fitness: 0.16810000000000003
INFO:root:elite fitness: 0.2866266666666667
INFO:root:Generation: 181
INFO:root:pop fitness: 0.16688666666666666
INFO:root:elite fitness: 0.30155999999999994
INFO:root:Generation: 163
INFO:root:pop fitness: 0.18363333333333332
INFO:root:elite fitness: 0.31177333333333335
INFO:root:Generation: 182
INFO:root:pop fitness: 0.16586666666666666
INFO:root:elite fitness: 0.28335999999999995
INFO:root:Generation: 164
INFO:root:pop fitness: 0.17702
INFO:root:elite fitness: 0.31045333333333336
INFO:root:Generation: 183
INFO:root:pop fitness: 0.16474
INFO:root:elite fitness: 0.28547999999999996
INFO:root:Generation: 165
INFO:root:pop fitness: 0.18704666666666667
INFO:root:elite fitness: 0.3065466666666667
INFO:root:Generation: 184
INFO:root:pop fitness: 0.18780666666666665
INFO:root:elite fitness: 0.3102133333333333
INFO:root:Generation: 166
INFO:root:pop fitness: 0.17415333333333333
INFO:root:elite fitness: 0.3111733333333333
INFO:root:Generation: 185
INFO:root:pop fitness: 0.16987333333333335
INFO:root:elite fitness: 0.30802666666666667
INFO:root:Generation: 167
INFO:root:pop fitness: 0.17695333333333332
INFO:root:elite fitness: 0.32671999999999995
INFO:root:Generation: 186
INFO:root:pop fitness: 0.17351999999999998
INFO:root:elite fitness: 0.311
INFO:root:Generation: 168
INFO:root:pop fitness: 0.17892666666666668
INFO:root:elite fitness: 0.32792
INFO:root:Generation: 187
INFO:root:pop fitness: 0.17742
INFO:root:elite fitness: 0.30012
INFO:root:Generation: 188
INFO:root:pop fitness: 0.18246
INFO:root:elite fitness: 0.3252133333333333
INFO:root:Generation: 169
INFO:root:pop fitness: 0.20022666666666666
INFO:root:elite fitness: 0.34364
INFO:root:Generation: 189
INFO:root:pop fitness: 0.17056666666666667
INFO:root:elite fitness: 0.29967999999999995
INFO:root:Generation: 170
INFO:root:pop fitness: 0.18711333333333333
INFO:root:elite fitness: 0.33070666666666665
INFO:root:Generation: 190
INFO:root:pop fitness: 0.17182666666666666
INFO:root:elite fitness: 0.29948
INFO:root:Generation: 171
INFO:root:pop fitness: 0.19846666666666665
INFO:root:elite fitness: 0.3481066666666667
INFO:root:Generation: 191
INFO:root:pop fitness: 0.17908000000000002
INFO:root:elite fitness: 0.3031466666666667
INFO:root:Generation: 172
INFO:root:pop fitness: 0.1892933333333333
INFO:root:elite fitness: 0.31350666666666666
INFO:root:Generation: 192
INFO:root:pop fitness: 0.17318000000000003
INFO:root:elite fitness: 0.30488000000000004
INFO:root:Generation: 173
INFO:root:pop fitness: 0.19372
INFO:root:elite fitness: 0.33732000000000006
INFO:root:Generation: 193
INFO:root:pop fitness: 0.18167999999999998
INFO:root:elite fitness: 0.3062133333333333
INFO:root:Generation: 174
INFO:root:pop fitness: 0.20090000000000002
INFO:root:elite fitness: 0.36316000000000004
INFO:root:Generation: 194
INFO:root:pop fitness: 0.17680666666666667
INFO:root:elite fitness: 0.31695999999999996
INFO:root:Generation: 175
INFO:root:pop fitness: 0.1676933333333333
INFO:root:elite fitness: 0.28654666666666667
INFO:root:Generation: 195
INFO:root:pop fitness: 0.17229333333333335
INFO:root:elite fitness: 0.3237466666666667
INFO:root:Generation: 176
INFO:root:pop fitness: 0.19896
INFO:root:elite fitness: 0.3563733333333334
INFO:root:Generation: 196
INFO:root:pop fitness: 0.17823999999999998
INFO:root:elite fitness: 0.30726666666666663
INFO:root:Generation: 197
INFO:root:pop fitness: 0.18402000000000002
INFO:root:elite fitness: 0.32273333333333337
INFO:root:Generation: 177
INFO:root:pop fitness: 0.18676666666666666
INFO:root:elite fitness: 0.31511999999999996
INFO:root:Generation: 198
INFO:root:pop fitness: 0.18355333333333335
INFO:root:elite fitness: 0.30801333333333325
INFO:root:Generation: 178
INFO:root:pop fitness: 0.18157333333333334
INFO:root:elite fitness: 0.30372000000000005
INFO:root:Generation: 199
INFO:root:pop fitness: 0.17839333333333335
INFO:root:elite fitness: 0.32266666666666666
INFO:root:Generation: 179
INFO:root:pop fitness: 0.17548000000000002
INFO:root:elite fitness: 0.29672000000000004
INFO:root:Generation: 180
INFO:root:pop fitness: 0.17844666666666667
INFO:root:elite fitness: 0.31193333333333334
INFO:root:Generation: 181
INFO:root:pop fitness: 0.21010666666666666
INFO:root:elite fitness: 0.36837333333333333
INFO:root:Generation: 182
INFO:root:pop fitness: 0.18500666666666665
INFO:root:elite fitness: 0.30250666666666665
INFO:root:Generation: 183
INFO:root:pop fitness: 0.18598666666666663
INFO:root:elite fitness: 0.3138133333333333
INFO:root:Generation: 184
INFO:root:pop fitness: 0.19504666666666665
INFO:root:elite fitness: 0.33559999999999995
INFO:root:Generation: 185
INFO:root:pop fitness: 0.20709333333333332
INFO:root:elite fitness: 0.3180666666666666
INFO:root:Generation: 186
INFO:root:pop fitness: 0.17354666666666665
INFO:root:elite fitness: 0.2912666666666667
INFO:root:Generation: 187
INFO:root:pop fitness: 0.18412666666666666
INFO:root:elite fitness: 0.33111999999999997
INFO:root:Generation: 188
INFO:root:pop fitness: 0.18667333333333333
INFO:root:elite fitness: 0.34813333333333335
INFO:root:Generation: 189
INFO:root:pop fitness: 0.20285333333333336
INFO:root:elite fitness: 0.33081333333333335
INFO:root:Generation: 190
INFO:root:pop fitness: 0.20609999999999998
INFO:root:elite fitness: 0.34365333333333337
INFO:root:Generation: 191
INFO:root:pop fitness: 0.19715333333333335
INFO:root:elite fitness: 0.3317466666666667
INFO:root:Generation: 192
INFO:root:pop fitness: 0.19820666666666667
INFO:root:elite fitness: 0.3437333333333333
INFO:root:Generation: 193
INFO:root:pop fitness: 0.19704000000000002
INFO:root:elite fitness: 0.35150666666666663
INFO:root:Generation: 194
INFO:root:pop fitness: 0.20224
INFO:root:elite fitness: 0.3080266666666666
INFO:root:Generation: 195
INFO:root:pop fitness: 0.18924
INFO:root:elite fitness: 0.33873333333333333
INFO:root:Generation: 196
INFO:root:pop fitness: 0.18218
INFO:root:elite fitness: 0.3066533333333334
INFO:root:Generation: 197
INFO:root:pop fitness: 0.18479333333333334
INFO:root:elite fitness: 0.32942666666666665
INFO:root:Generation: 198
INFO:root:pop fitness: 0.18992666666666666
INFO:root:elite fitness: 0.31634666666666666
INFO:root:Generation: 199
INFO:root:pop fitness: 0.19559999999999997
INFO:root:elite fitness: 0.30296
