INFO:root:run_master: Namespace(arms='10', hidden='32', layers='3', max_gen='200', message='', mutation_mag='0.01', name='resetEnv50_v1', noise=False, pop_size='100', save_result=True, trials='100')
INFO:root:run_master: Namespace(arms='10', hidden='32', layers='3', max_gen='200', message='', mutation_mag='0.01', name='resetEnv50_v1', noise=True, pop_size='100', save_result=True, trials='100')
INFO:root:Generation: 0
INFO:root:pop fitness: 0.09998
INFO:root:elite fitness: 0.11130000000000001
INFO:root:Generation: 0
INFO:root:pop fitness: 0.09915999999999998
INFO:root:elite fitness: 0.11077999999999999
INFO:root:Generation: 1
INFO:root:pop fitness: 0.10017000000000004
INFO:root:elite fitness: 0.11346
INFO:root:Generation: 1
INFO:root:pop fitness: 0.10148
INFO:root:elite fitness: 0.11524
INFO:root:Generation: 2
INFO:root:pop fitness: 0.09889
INFO:root:elite fitness: 0.12002
INFO:root:Generation: 2
INFO:root:pop fitness: 0.10236999999999999
INFO:root:elite fitness: 0.12182
INFO:root:Generation: 3
INFO:root:pop fitness: 0.09905
INFO:root:elite fitness: 0.12478000000000002
INFO:root:Generation: 3
INFO:root:pop fitness: 0.10171000000000001
INFO:root:elite fitness: 0.12844
INFO:root:Generation: 4
INFO:root:pop fitness: 0.10468999999999999
INFO:root:elite fitness: 0.14352
INFO:root:Generation: 4
INFO:root:pop fitness: 0.09596000000000002
INFO:root:elite fitness: 0.14286
INFO:root:Generation: 5
INFO:root:pop fitness: 0.10145
INFO:root:elite fitness: 0.15156
INFO:root:Generation: 5
INFO:root:pop fitness: 0.10343999999999999
INFO:root:elite fitness: 0.14564
INFO:root:Generation: 6
INFO:root:pop fitness: 0.10187000000000002
INFO:root:elite fitness: 0.16258
INFO:root:Generation: 7
INFO:root:pop fitness: 0.10705000000000002
INFO:root:elite fitness: 0.17042000000000002
INFO:root:Generation: 6
INFO:root:pop fitness: 0.10022
INFO:root:elite fitness: 0.16727999999999998
INFO:root:Generation: 8
INFO:root:pop fitness: 0.09743000000000002
INFO:root:elite fitness: 0.16570000000000001
INFO:root:Generation: 7
INFO:root:pop fitness: 0.10764
INFO:root:elite fitness: 0.17964
INFO:root:Generation: 9
INFO:root:pop fitness: 0.11002
INFO:root:elite fitness: 0.17532
INFO:root:Generation: 8
INFO:root:pop fitness: 0.11077999999999999
INFO:root:elite fitness: 0.22216000000000002
INFO:root:Generation: 10
INFO:root:pop fitness: 0.10587999999999999
INFO:root:elite fitness: 0.17798000000000003
INFO:root:Generation: 9
INFO:root:pop fitness: 0.10056000000000001
INFO:root:elite fitness: 0.1912
INFO:root:Generation: 10
INFO:root:pop fitness: 0.11026000000000001
INFO:root:elite fitness: 0.19555999999999998
INFO:root:Generation: 11
INFO:root:pop fitness: 0.11189
INFO:root:elite fitness: 0.21259999999999998
INFO:root:Generation: 11
INFO:root:pop fitness: 0.10523999999999999
INFO:root:elite fitness: 0.19304000000000002
INFO:root:Generation: 12
INFO:root:pop fitness: 0.11021
INFO:root:elite fitness: 0.21381999999999998
INFO:root:Generation: 12
INFO:root:pop fitness: 0.09785999999999997
INFO:root:elite fitness: 0.17374000000000003
INFO:root:Generation: 13
INFO:root:pop fitness: 0.11327
INFO:root:elite fitness: 0.19012
INFO:root:Generation: 14
INFO:root:pop fitness: 0.12612
INFO:root:elite fitness: 0.23594
INFO:root:Generation: 13
INFO:root:pop fitness: 0.10132999999999999
INFO:root:elite fitness: 0.17862000000000003
INFO:root:Generation: 15
INFO:root:pop fitness: 0.12953
INFO:root:elite fitness: 0.23766
INFO:root:Generation: 16
INFO:root:pop fitness: 0.12868999999999997
INFO:root:elite fitness: 0.239
INFO:root:Generation: 17
INFO:root:pop fitness: 0.10529
INFO:root:elite fitness: 0.2009
INFO:root:Generation: 14
INFO:root:pop fitness: 0.10228999999999999
INFO:root:elite fitness: 0.18605999999999998
INFO:root:Generation: 18
INFO:root:pop fitness: 0.11334
INFO:root:elite fitness: 0.20757999999999996
INFO:root:Generation: 19
INFO:root:pop fitness: 0.12010000000000001
INFO:root:elite fitness: 0.21593999999999997
INFO:root:Generation: 15
INFO:root:pop fitness: 0.10582000000000001
INFO:root:elite fitness: 0.1924
INFO:root:Generation: 20
INFO:root:pop fitness: 0.10219999999999999
INFO:root:elite fitness: 0.20786000000000002
INFO:root:Generation: 21
INFO:root:pop fitness: 0.11146000000000003
INFO:root:elite fitness: 0.22130000000000002
INFO:root:Generation: 16
INFO:root:pop fitness: 0.10024000000000001
INFO:root:elite fitness: 0.2022
INFO:root:Generation: 22
INFO:root:pop fitness: 0.10720999999999999
INFO:root:elite fitness: 0.20982
INFO:root:Generation: 23
INFO:root:pop fitness: 0.10911
INFO:root:elite fitness: 0.18986000000000003
INFO:root:Generation: 17
INFO:root:pop fitness: 0.10937999999999999
INFO:root:elite fitness: 0.22082000000000002
INFO:root:Generation: 24
INFO:root:pop fitness: 0.10983000000000001
INFO:root:elite fitness: 0.21546000000000004
INFO:root:Generation: 25
INFO:root:pop fitness: 0.11918
INFO:root:elite fitness: 0.21878
INFO:root:Generation: 18
INFO:root:pop fitness: 0.11601999999999997
INFO:root:elite fitness: 0.21139999999999998
INFO:root:Generation: 26
INFO:root:pop fitness: 0.13658
INFO:root:elite fitness: 0.26678
INFO:root:Generation: 27
INFO:root:pop fitness: 0.13175
INFO:root:elite fitness: 0.26242
INFO:root:Generation: 19
INFO:root:pop fitness: 0.10566999999999999
INFO:root:elite fitness: 0.20334
INFO:root:Generation: 28
INFO:root:pop fitness: 0.11595000000000001
INFO:root:elite fitness: 0.23828
INFO:root:Generation: 20
INFO:root:pop fitness: 0.12333999999999999
INFO:root:elite fitness: 0.23304
INFO:root:Generation: 29
INFO:root:pop fitness: 0.12479999999999998
INFO:root:elite fitness: 0.24462
INFO:root:Generation: 21
INFO:root:pop fitness: 0.13119999999999998
INFO:root:elite fitness: 0.24678
INFO:root:Generation: 30
INFO:root:pop fitness: 0.12712
INFO:root:elite fitness: 0.25808000000000003
INFO:root:Generation: 31
INFO:root:pop fitness: 0.12616000000000002
INFO:root:elite fitness: 0.25452
INFO:root:Generation: 22
INFO:root:pop fitness: 0.12318
INFO:root:elite fitness: 0.24156
INFO:root:Generation: 32
INFO:root:pop fitness: 0.13365
INFO:root:elite fitness: 0.24824000000000002
INFO:root:Generation: 23
INFO:root:pop fitness: 0.12119999999999999
INFO:root:elite fitness: 0.27096000000000003
INFO:root:Generation: 33
INFO:root:pop fitness: 0.11837999999999997
INFO:root:elite fitness: 0.22875999999999996
INFO:root:Generation: 24
INFO:root:pop fitness: 0.11532999999999999
INFO:root:elite fitness: 0.21682
INFO:root:Generation: 34
INFO:root:pop fitness: 0.11391
INFO:root:elite fitness: 0.22588
INFO:root:Generation: 25
INFO:root:pop fitness: 0.11087
INFO:root:elite fitness: 0.20560000000000003
INFO:root:Generation: 35
INFO:root:pop fitness: 0.11611000000000005
INFO:root:elite fitness: 0.23996000000000003
INFO:root:Generation: 26
INFO:root:pop fitness: 0.10595
INFO:root:elite fitness: 0.22324
INFO:root:Generation: 27
INFO:root:pop fitness: 0.11359000000000002
INFO:root:elite fitness: 0.23586
INFO:root:Generation: 36
INFO:root:pop fitness: 0.10391
INFO:root:elite fitness: 0.21601999999999996
INFO:root:Generation: 28
INFO:root:pop fitness: 0.13571000000000003
INFO:root:elite fitness: 0.27527999999999997
INFO:root:Generation: 37
INFO:root:pop fitness: 0.11476000000000001
INFO:root:elite fitness: 0.22097999999999998
INFO:root:Generation: 38
INFO:root:pop fitness: 0.14191000000000004
INFO:root:elite fitness: 0.24586000000000005
INFO:root:Generation: 29
INFO:root:pop fitness: 0.12295
INFO:root:elite fitness: 0.22061999999999998
INFO:root:Generation: 39
INFO:root:pop fitness: 0.13057
INFO:root:elite fitness: 0.26294
INFO:root:Generation: 30
INFO:root:pop fitness: 0.11415999999999998
INFO:root:elite fitness: 0.20744000000000004
INFO:root:Generation: 40
INFO:root:pop fitness: 0.14561000000000002
INFO:root:elite fitness: 0.31007999999999997
INFO:root:Generation: 31
INFO:root:pop fitness: 0.13005
INFO:root:elite fitness: 0.23626000000000003
INFO:root:Generation: 41
INFO:root:pop fitness: 0.15038
INFO:root:elite fitness: 0.2695
INFO:root:Generation: 32
INFO:root:pop fitness: 0.125
INFO:root:elite fitness: 0.23704
INFO:root:Generation: 42
INFO:root:pop fitness: 0.13484
INFO:root:elite fitness: 0.24158000000000002
INFO:root:Generation: 33
INFO:root:pop fitness: 0.12517
INFO:root:elite fitness: 0.24434
INFO:root:Generation: 43
INFO:root:pop fitness: 0.13955
INFO:root:elite fitness: 0.23912000000000003
INFO:root:Generation: 34
INFO:root:pop fitness: 0.12079000000000001
INFO:root:elite fitness: 0.23936000000000004
INFO:root:Generation: 35
INFO:root:pop fitness: 0.13611
INFO:root:elite fitness: 0.24578
INFO:root:Generation: 44
INFO:root:pop fitness: 0.12233000000000001
INFO:root:elite fitness: 0.23000000000000004
INFO:root:Generation: 36
INFO:root:pop fitness: 0.1416
INFO:root:elite fitness: 0.29284000000000004
INFO:root:Generation: 45
INFO:root:pop fitness: 0.15018
INFO:root:elite fitness: 0.27104
INFO:root:Generation: 37
INFO:root:pop fitness: 0.13654
INFO:root:elite fitness: 0.27274
INFO:root:Generation: 46
INFO:root:pop fitness: 0.14680999999999997
INFO:root:elite fitness: 0.27259999999999995
INFO:root:Generation: 38
INFO:root:pop fitness: 0.1353
INFO:root:elite fitness: 0.26668
INFO:root:Generation: 39
INFO:root:pop fitness: 0.13491
INFO:root:elite fitness: 0.27696000000000004
INFO:root:Generation: 47
INFO:root:pop fitness: 0.14713
INFO:root:elite fitness: 0.26678
INFO:root:Generation: 40
INFO:root:pop fitness: 0.14777
INFO:root:elite fitness: 0.28474
INFO:root:Generation: 48
INFO:root:pop fitness: 0.14098
INFO:root:elite fitness: 0.25912
INFO:root:Generation: 41
INFO:root:pop fitness: 0.14397000000000001
INFO:root:elite fitness: 0.28616
INFO:root:Generation: 49
INFO:root:pop fitness: 0.12882
INFO:root:elite fitness: 0.23052000000000003
INFO:root:Generation: 42
INFO:root:pop fitness: 0.13446999999999998
INFO:root:elite fitness: 0.25382
INFO:root:Generation: 50
INFO:root:pop fitness: 0.14418
INFO:root:elite fitness: 0.26222000000000006
INFO:root:Generation: 43
INFO:root:pop fitness: 0.11915
INFO:root:elite fitness: 0.21572000000000002
INFO:root:Generation: 44
INFO:root:pop fitness: 0.1364
INFO:root:elite fitness: 0.29363999999999996
INFO:root:Generation: 51
INFO:root:pop fitness: 0.15983
INFO:root:elite fitness: 0.27732
INFO:root:Generation: 52
INFO:root:pop fitness: 0.1494
INFO:root:elite fitness: 0.31878
INFO:root:Generation: 45
INFO:root:pop fitness: 0.13138000000000002
INFO:root:elite fitness: 0.23598000000000002
INFO:root:Generation: 46
INFO:root:pop fitness: 0.15041999999999997
INFO:root:elite fitness: 0.2686
INFO:root:Generation: 53
INFO:root:pop fitness: 0.14889000000000002
INFO:root:elite fitness: 0.27847999999999995
INFO:root:Generation: 47
INFO:root:pop fitness: 0.15234999999999999
INFO:root:elite fitness: 0.28452
INFO:root:Generation: 54
INFO:root:pop fitness: 0.13303000000000004
INFO:root:elite fitness: 0.29578
INFO:root:Generation: 48
INFO:root:pop fitness: 0.14190000000000003
INFO:root:elite fitness: 0.29656
INFO:root:Generation: 49
INFO:root:pop fitness: 0.13533
INFO:root:elite fitness: 0.26632000000000006
INFO:root:Generation: 55
INFO:root:pop fitness: 0.15768000000000001
INFO:root:elite fitness: 0.29098
INFO:root:Generation: 56
INFO:root:pop fitness: 0.15096
INFO:root:elite fitness: 0.26796
INFO:root:Generation: 50
INFO:root:pop fitness: 0.12662
INFO:root:elite fitness: 0.24624000000000001
INFO:root:Generation: 57
INFO:root:pop fitness: 0.16628
INFO:root:elite fitness: 0.3158
INFO:root:Generation: 51
INFO:root:pop fitness: 0.1421
INFO:root:elite fitness: 0.30084
INFO:root:Generation: 58
INFO:root:pop fitness: 0.18752999999999997
INFO:root:elite fitness: 0.3171
INFO:root:Generation: 59
INFO:root:pop fitness: 0.14687999999999998
INFO:root:elite fitness: 0.2921
INFO:root:Generation: 52
INFO:root:pop fitness: 0.1399
INFO:root:elite fitness: 0.2797
INFO:root:Generation: 60
INFO:root:pop fitness: 0.17273
INFO:root:elite fitness: 0.31698000000000004
INFO:root:Generation: 53
INFO:root:pop fitness: 0.13328
INFO:root:elite fitness: 0.26156
INFO:root:Generation: 61
INFO:root:pop fitness: 0.15767
INFO:root:elite fitness: 0.26946000000000003
INFO:root:Generation: 54
INFO:root:pop fitness: 0.14159999999999998
INFO:root:elite fitness: 0.2788
INFO:root:Generation: 62
INFO:root:pop fitness: 0.16567
INFO:root:elite fitness: 0.30476000000000003
INFO:root:Generation: 63
INFO:root:pop fitness: 0.18206999999999998
INFO:root:elite fitness: 0.31795999999999996
INFO:root:Generation: 55
INFO:root:pop fitness: 0.15253000000000003
INFO:root:elite fitness: 0.28662
INFO:root:Generation: 64
INFO:root:pop fitness: 0.16649
INFO:root:elite fitness: 0.31648000000000004
INFO:root:Generation: 56
INFO:root:pop fitness: 0.15263000000000002
INFO:root:elite fitness: 0.28216
INFO:root:Generation: 65
INFO:root:pop fitness: 0.14538
INFO:root:elite fitness: 0.27004
INFO:root:Generation: 57
INFO:root:pop fitness: 0.13548
INFO:root:elite fitness: 0.27658
INFO:root:Generation: 66
INFO:root:pop fitness: 0.16242
INFO:root:elite fitness: 0.28756
INFO:root:Generation: 58
INFO:root:pop fitness: 0.1229
INFO:root:elite fitness: 0.23488000000000003
INFO:root:Generation: 67
INFO:root:pop fitness: 0.16428
INFO:root:elite fitness: 0.28669999999999995
INFO:root:Generation: 68
INFO:root:pop fitness: 0.14657
INFO:root:elite fitness: 0.2888
INFO:root:Generation: 59
INFO:root:pop fitness: 0.15316000000000002
INFO:root:elite fitness: 0.28098
INFO:root:Generation: 69
INFO:root:pop fitness: 0.15071
INFO:root:elite fitness: 0.31632
INFO:root:Generation: 60
INFO:root:pop fitness: 0.14681999999999998
INFO:root:elite fitness: 0.2799
INFO:root:Generation: 70
INFO:root:pop fitness: 0.14512
INFO:root:elite fitness: 0.25538000000000005
INFO:root:Generation: 61
INFO:root:pop fitness: 0.13373000000000002
INFO:root:elite fitness: 0.25632
INFO:root:Generation: 71
INFO:root:pop fitness: 0.15519
INFO:root:elite fitness: 0.31442
INFO:root:Generation: 62
INFO:root:pop fitness: 0.14993
INFO:root:elite fitness: 0.28478000000000003
INFO:root:Generation: 72
INFO:root:pop fitness: 0.16412000000000002
INFO:root:elite fitness: 0.27344
INFO:root:Generation: 63
INFO:root:pop fitness: 0.16114
INFO:root:elite fitness: 0.28976
INFO:root:Generation: 73
INFO:root:pop fitness: 0.16684000000000002
INFO:root:elite fitness: 0.29522
INFO:root:Generation: 64
INFO:root:pop fitness: 0.16276
INFO:root:elite fitness: 0.31511999999999996
INFO:root:Generation: 74
INFO:root:pop fitness: 0.16752000000000003
INFO:root:elite fitness: 0.32204
INFO:root:Generation: 65
INFO:root:pop fitness: 0.16142000000000004
INFO:root:elite fitness: 0.29088
INFO:root:Generation: 75
INFO:root:pop fitness: 0.16577000000000003
INFO:root:elite fitness: 0.29868
INFO:root:Generation: 66
INFO:root:pop fitness: 0.15113
INFO:root:elite fitness: 0.2868800000000001
INFO:root:Generation: 76
INFO:root:pop fitness: 0.15915
INFO:root:elite fitness: 0.31674
INFO:root:Generation: 67
INFO:root:pop fitness: 0.16715
INFO:root:elite fitness: 0.29844
INFO:root:Generation: 77
INFO:root:pop fitness: 0.16567000000000004
INFO:root:elite fitness: 0.28181999999999996
INFO:root:Generation: 68
INFO:root:pop fitness: 0.15403999999999998
INFO:root:elite fitness: 0.27542
INFO:root:Generation: 78
INFO:root:pop fitness: 0.16821000000000003
INFO:root:elite fitness: 0.3094
INFO:root:Generation: 69
INFO:root:pop fitness: 0.16041
INFO:root:elite fitness: 0.3146
INFO:root:Generation: 79
INFO:root:pop fitness: 0.15598
INFO:root:elite fitness: 0.27226
INFO:root:Generation: 70
INFO:root:pop fitness: 0.17374000000000003
INFO:root:elite fitness: 0.31968
INFO:root:Generation: 80
INFO:root:pop fitness: 0.18117999999999998
INFO:root:elite fitness: 0.30879999999999996
INFO:root:Generation: 71
INFO:root:pop fitness: 0.15815
INFO:root:elite fitness: 0.27578
INFO:root:Generation: 81
INFO:root:pop fitness: 0.15940000000000001
INFO:root:elite fitness: 0.2726
INFO:root:Generation: 72
INFO:root:pop fitness: 0.1532
INFO:root:elite fitness: 0.31010000000000004
INFO:root:Generation: 82
INFO:root:pop fitness: 0.14525
INFO:root:elite fitness: 0.27083999999999997
INFO:root:Generation: 83
INFO:root:pop fitness: 0.15498
INFO:root:elite fitness: 0.27594
INFO:root:Generation: 73
INFO:root:pop fitness: 0.16648000000000007
INFO:root:elite fitness: 0.27449999999999997
INFO:root:Generation: 84
INFO:root:pop fitness: 0.17945999999999998
INFO:root:elite fitness: 0.33364
INFO:root:Generation: 74
INFO:root:pop fitness: 0.15066
INFO:root:elite fitness: 0.28644
INFO:root:Generation: 85
INFO:root:pop fitness: 0.19021000000000002
INFO:root:elite fitness: 0.3382
INFO:root:Generation: 86
INFO:root:pop fitness: 0.16127
INFO:root:elite fitness: 0.29534
INFO:root:Generation: 75
INFO:root:pop fitness: 0.17746000000000003
INFO:root:elite fitness: 0.29106
INFO:root:Generation: 87
INFO:root:pop fitness: 0.16857000000000003
INFO:root:elite fitness: 0.33838000000000007
INFO:root:Generation: 88
INFO:root:pop fitness: 0.19224
INFO:root:elite fitness: 0.34004000000000006
INFO:root:Generation: 76
INFO:root:pop fitness: 0.1945
INFO:root:elite fitness: 0.36596000000000006
INFO:root:Generation: 89
INFO:root:pop fitness: 0.16753999999999997
INFO:root:elite fitness: 0.28556000000000004
INFO:root:Generation: 90
INFO:root:pop fitness: 0.15810000000000002
INFO:root:elite fitness: 0.30811999999999995
INFO:root:Generation: 77
INFO:root:pop fitness: 0.18258
INFO:root:elite fitness: 0.30486
INFO:root:Generation: 91
INFO:root:pop fitness: 0.15945
INFO:root:elite fitness: 0.28741999999999995
INFO:root:Generation: 78
INFO:root:pop fitness: 0.16755999999999996
INFO:root:elite fitness: 0.29816
INFO:root:Generation: 92
INFO:root:pop fitness: 0.1424
INFO:root:elite fitness: 0.26584
INFO:root:Generation: 79
INFO:root:pop fitness: 0.17816
INFO:root:elite fitness: 0.31711999999999996
INFO:root:Generation: 93
INFO:root:pop fitness: 0.16520999999999997
INFO:root:elite fitness: 0.28826
INFO:root:Generation: 80
INFO:root:pop fitness: 0.17842000000000002
INFO:root:elite fitness: 0.31108
INFO:root:Generation: 94
INFO:root:pop fitness: 0.16863
INFO:root:elite fitness: 0.3244
INFO:root:Generation: 81
INFO:root:pop fitness: 0.16504000000000002
INFO:root:elite fitness: 0.30428
INFO:root:Generation: 95
INFO:root:pop fitness: 0.17822999999999997
INFO:root:elite fitness: 0.3280800000000001
INFO:root:Generation: 82
INFO:root:pop fitness: 0.17125000000000004
INFO:root:elite fitness: 0.32946
INFO:root:Generation: 96
INFO:root:pop fitness: 0.17341
INFO:root:elite fitness: 0.31574
INFO:root:Generation: 83
INFO:root:pop fitness: 0.19265000000000002
INFO:root:elite fitness: 0.31244
INFO:root:Generation: 97
INFO:root:pop fitness: 0.16388999999999998
INFO:root:elite fitness: 0.30112
INFO:root:Generation: 84
INFO:root:pop fitness: 0.18109000000000003
INFO:root:elite fitness: 0.31676
INFO:root:Generation: 98
INFO:root:pop fitness: 0.15102000000000002
INFO:root:elite fitness: 0.2949
INFO:root:Generation: 85
INFO:root:pop fitness: 0.16976
INFO:root:elite fitness: 0.33994
INFO:root:Generation: 99
INFO:root:pop fitness: 0.15553
INFO:root:elite fitness: 0.27196000000000004
INFO:root:Generation: 86
INFO:root:pop fitness: 0.15486
INFO:root:elite fitness: 0.29650000000000004
INFO:root:Generation: 100
INFO:root:pop fitness: 0.16195
INFO:root:elite fitness: 0.27834
INFO:root:Generation: 101
INFO:root:pop fitness: 0.15016999999999997
INFO:root:elite fitness: 0.28676
INFO:root:Generation: 87
INFO:root:pop fitness: 0.19519999999999998
INFO:root:elite fitness: 0.34556000000000003
INFO:root:Generation: 102
INFO:root:pop fitness: 0.16719
INFO:root:elite fitness: 0.32422000000000006
INFO:root:Generation: 88
INFO:root:pop fitness: 0.18034000000000003
INFO:root:elite fitness: 0.32902000000000003
INFO:root:Generation: 103
INFO:root:pop fitness: 0.17733000000000002
INFO:root:elite fitness: 0.32206
INFO:root:Generation: 89
INFO:root:pop fitness: 0.17461
INFO:root:elite fitness: 0.31606
INFO:root:Generation: 104
INFO:root:pop fitness: 0.16567
INFO:root:elite fitness: 0.30592
INFO:root:Generation: 90
INFO:root:pop fitness: 0.18474000000000002
INFO:root:elite fitness: 0.36060000000000003
INFO:root:Generation: 105
INFO:root:pop fitness: 0.17106000000000002
INFO:root:elite fitness: 0.32846
INFO:root:Generation: 91
INFO:root:pop fitness: 0.1844
INFO:root:elite fitness: 0.32556000000000007
INFO:root:Generation: 106
INFO:root:pop fitness: 0.16845999999999997
INFO:root:elite fitness: 0.31498000000000004
INFO:root:Generation: 92
INFO:root:pop fitness: 0.18422000000000008
INFO:root:elite fitness: 0.32949999999999996
INFO:root:Generation: 107
INFO:root:pop fitness: 0.17695000000000005
INFO:root:elite fitness: 0.28896
INFO:root:Generation: 93
INFO:root:pop fitness: 0.16508
INFO:root:elite fitness: 0.31220000000000003
INFO:root:Generation: 108
INFO:root:pop fitness: 0.19125000000000003
INFO:root:elite fitness: 0.34182
INFO:root:Generation: 94
INFO:root:pop fitness: 0.17257999999999998
INFO:root:elite fitness: 0.29602000000000006
INFO:root:Generation: 109
INFO:root:pop fitness: 0.17764999999999997
INFO:root:elite fitness: 0.29288000000000003
INFO:root:Generation: 95
INFO:root:pop fitness: 0.18600999999999995
INFO:root:elite fitness: 0.31304
INFO:root:Generation: 96
INFO:root:pop fitness: 0.17506999999999998
INFO:root:elite fitness: 0.31736000000000003
INFO:root:Generation: 110
INFO:root:pop fitness: 0.17995
INFO:root:elite fitness: 0.32661999999999997
INFO:root:Generation: 111
INFO:root:pop fitness: 0.16720000000000002
INFO:root:elite fitness: 0.30516
INFO:root:Generation: 97
INFO:root:pop fitness: 0.18947
INFO:root:elite fitness: 0.32762
INFO:root:Generation: 98
INFO:root:pop fitness: 0.17315999999999998
INFO:root:elite fitness: 0.32202
INFO:root:Generation: 112
INFO:root:pop fitness: 0.18585000000000002
INFO:root:elite fitness: 0.31798
INFO:root:Generation: 99
INFO:root:pop fitness: 0.1881
INFO:root:elite fitness: 0.32216
INFO:root:Generation: 113
INFO:root:pop fitness: 0.18235999999999997
INFO:root:elite fitness: 0.30516000000000004
INFO:root:Generation: 100
INFO:root:pop fitness: 0.18227000000000004
INFO:root:elite fitness: 0.32238
INFO:root:Generation: 114
INFO:root:pop fitness: 0.18403999999999995
INFO:root:elite fitness: 0.31338
INFO:root:Generation: 115
INFO:root:pop fitness: 0.18005999999999997
INFO:root:elite fitness: 0.36678000000000005
INFO:root:Generation: 101
INFO:root:pop fitness: 0.16549
INFO:root:elite fitness: 0.29464
INFO:root:Generation: 116
INFO:root:pop fitness: 0.16354999999999997
INFO:root:elite fitness: 0.29188
INFO:root:Generation: 102
INFO:root:pop fitness: 0.17729999999999996
INFO:root:elite fitness: 0.32545999999999997
INFO:root:Generation: 117
INFO:root:pop fitness: 0.1987
INFO:root:elite fitness: 0.34169999999999995
INFO:root:Generation: 103
INFO:root:pop fitness: 0.19625000000000004
INFO:root:elite fitness: 0.32222
INFO:root:Generation: 118
INFO:root:pop fitness: 0.20753999999999997
INFO:root:elite fitness: 0.35159999999999997
INFO:root:Generation: 104
INFO:root:pop fitness: 0.17774000000000004
INFO:root:elite fitness: 0.30212
INFO:root:Generation: 119
INFO:root:pop fitness: 0.18669000000000005
INFO:root:elite fitness: 0.32758000000000004
INFO:root:Generation: 105
INFO:root:pop fitness: 0.17639
INFO:root:elite fitness: 0.29822
INFO:root:Generation: 120
INFO:root:pop fitness: 0.18786999999999998
INFO:root:elite fitness: 0.37024000000000007
INFO:root:Generation: 106
INFO:root:pop fitness: 0.18019000000000002
INFO:root:elite fitness: 0.33069999999999994
INFO:root:Generation: 121
INFO:root:pop fitness: 0.18315
INFO:root:elite fitness: 0.30616
INFO:root:Generation: 107
INFO:root:pop fitness: 0.17470000000000002
INFO:root:elite fitness: 0.29722
INFO:root:Generation: 122
INFO:root:pop fitness: 0.19528999999999996
INFO:root:elite fitness: 0.35348
INFO:root:Generation: 123
INFO:root:pop fitness: 0.19208000000000006
INFO:root:elite fitness: 0.31177999999999995
INFO:root:Generation: 108
INFO:root:pop fitness: 0.16746
INFO:root:elite fitness: 0.32944
INFO:root:Generation: 124
INFO:root:pop fitness: 0.19177999999999998
INFO:root:elite fitness: 0.37029999999999996
INFO:root:Generation: 125
INFO:root:pop fitness: 0.18119999999999997
INFO:root:elite fitness: 0.30488
INFO:root:Generation: 109
INFO:root:pop fitness: 0.1667
INFO:root:elite fitness: 0.31534
INFO:root:Generation: 126
INFO:root:pop fitness: 0.18569
INFO:root:elite fitness: 0.32576
INFO:root:Generation: 127
INFO:root:pop fitness: 0.17747
INFO:root:elite fitness: 0.34320000000000006
INFO:root:Generation: 110
INFO:root:pop fitness: 0.18998000000000004
INFO:root:elite fitness: 0.35006
INFO:root:Generation: 128
INFO:root:pop fitness: 0.16529000000000005
INFO:root:elite fitness: 0.2863
INFO:root:Generation: 111
INFO:root:pop fitness: 0.15867999999999996
INFO:root:elite fitness: 0.27092000000000005
INFO:root:Generation: 129
INFO:root:pop fitness: 0.17431000000000005
INFO:root:elite fitness: 0.28888
INFO:root:Generation: 112
INFO:root:pop fitness: 0.14261
INFO:root:elite fitness: 0.28102
INFO:root:Generation: 130
INFO:root:pop fitness: 0.17921000000000006
INFO:root:elite fitness: 0.3660000000000001
INFO:root:Generation: 131
INFO:root:pop fitness: 0.17434000000000002
INFO:root:elite fitness: 0.28887999999999997
INFO:root:Generation: 113
INFO:root:pop fitness: 0.18182999999999996
INFO:root:elite fitness: 0.32554
INFO:root:Generation: 132
INFO:root:pop fitness: 0.15852000000000002
INFO:root:elite fitness: 0.31792
INFO:root:Generation: 133
INFO:root:pop fitness: 0.17060000000000003
INFO:root:elite fitness: 0.33299999999999996
INFO:root:Generation: 114
INFO:root:pop fitness: 0.15575999999999998
INFO:root:elite fitness: 0.29702
INFO:root:Generation: 134
INFO:root:pop fitness: 0.15868000000000002
INFO:root:elite fitness: 0.28463999999999995
INFO:root:Generation: 115
INFO:root:pop fitness: 0.16656
INFO:root:elite fitness: 0.29878
INFO:root:Generation: 135
INFO:root:pop fitness: 0.15295
INFO:root:elite fitness: 0.30044
INFO:root:Generation: 116
INFO:root:pop fitness: 0.16949999999999998
INFO:root:elite fitness: 0.2944
INFO:root:Generation: 136
INFO:root:pop fitness: 0.16386
INFO:root:elite fitness: 0.30323999999999995
INFO:root:Generation: 117
INFO:root:pop fitness: 0.17448999999999998
INFO:root:elite fitness: 0.30548000000000003
INFO:root:Generation: 137
INFO:root:pop fitness: 0.16265999999999997
INFO:root:elite fitness: 0.29012
INFO:root:Generation: 118
INFO:root:pop fitness: 0.18996000000000002
INFO:root:elite fitness: 0.30918
INFO:root:Generation: 138
INFO:root:pop fitness: 0.17866999999999997
INFO:root:elite fitness: 0.32677999999999996
INFO:root:Generation: 119
INFO:root:pop fitness: 0.17295000000000005
INFO:root:elite fitness: 0.32575999999999994
INFO:root:Generation: 139
INFO:root:pop fitness: 0.19211999999999996
INFO:root:elite fitness: 0.33244000000000007
INFO:root:Generation: 120
INFO:root:pop fitness: 0.16930000000000003
INFO:root:elite fitness: 0.31538000000000005
INFO:root:Generation: 140
INFO:root:pop fitness: 0.15233
INFO:root:elite fitness: 0.28174
INFO:root:Generation: 121
INFO:root:pop fitness: 0.16468
INFO:root:elite fitness: 0.32594
INFO:root:Generation: 141
INFO:root:pop fitness: 0.15888
INFO:root:elite fitness: 0.27240000000000003
INFO:root:Generation: 122
INFO:root:pop fitness: 0.17211
INFO:root:elite fitness: 0.33147999999999994
INFO:root:Generation: 142
INFO:root:pop fitness: 0.16054000000000002
INFO:root:elite fitness: 0.30094
INFO:root:Generation: 123
INFO:root:pop fitness: 0.17931
INFO:root:elite fitness: 0.30390000000000006
INFO:root:Generation: 124
INFO:root:pop fitness: 0.16920000000000002
INFO:root:elite fitness: 0.30883999999999995
INFO:root:Generation: 143
INFO:root:pop fitness: 0.17077
INFO:root:elite fitness: 0.3240799999999999
INFO:root:Generation: 125
INFO:root:pop fitness: 0.19373
INFO:root:elite fitness: 0.35318000000000005
INFO:root:Generation: 144
INFO:root:pop fitness: 0.15289000000000003
INFO:root:elite fitness: 0.3002
INFO:root:Generation: 126
INFO:root:pop fitness: 0.19248
INFO:root:elite fitness: 0.3214599999999999
INFO:root:Generation: 145
INFO:root:pop fitness: 0.14797
INFO:root:elite fitness: 0.26126000000000005
INFO:root:Generation: 127
INFO:root:pop fitness: 0.20732999999999996
INFO:root:elite fitness: 0.33510000000000006
INFO:root:Generation: 146
INFO:root:pop fitness: 0.16358
INFO:root:elite fitness: 0.31112000000000006
INFO:root:Generation: 128
INFO:root:pop fitness: 0.19753999999999997
INFO:root:elite fitness: 0.32416000000000006
INFO:root:Generation: 147
INFO:root:pop fitness: 0.16862000000000002
INFO:root:elite fitness: 0.30006
INFO:root:Generation: 129
INFO:root:pop fitness: 0.20468000000000003
INFO:root:elite fitness: 0.35612
INFO:root:Generation: 148
INFO:root:pop fitness: 0.17415
INFO:root:elite fitness: 0.31302
INFO:root:Generation: 130
INFO:root:pop fitness: 0.19799000000000005
INFO:root:elite fitness: 0.33366
INFO:root:Generation: 149
INFO:root:pop fitness: 0.16431000000000004
INFO:root:elite fitness: 0.31168
INFO:root:Generation: 131
INFO:root:pop fitness: 0.20181000000000002
INFO:root:elite fitness: 0.34007999999999994
INFO:root:Generation: 150
INFO:root:pop fitness: 0.16724999999999998
INFO:root:elite fitness: 0.28576
INFO:root:Generation: 132
INFO:root:pop fitness: 0.18907
INFO:root:elite fitness: 0.34007999999999994
INFO:root:Generation: 133
INFO:root:pop fitness: 0.19127000000000002
INFO:root:elite fitness: 0.341
INFO:root:Generation: 151
INFO:root:pop fitness: 0.13411
INFO:root:elite fitness: 0.27728
INFO:root:Generation: 134
INFO:root:pop fitness: 0.19470999999999997
INFO:root:elite fitness: 0.34992000000000006
INFO:root:Generation: 152
INFO:root:pop fitness: 0.15974000000000002
INFO:root:elite fitness: 0.29912
INFO:root:Generation: 135
INFO:root:pop fitness: 0.1721
INFO:root:elite fitness: 0.32088
INFO:root:Generation: 153
INFO:root:pop fitness: 0.16453999999999996
INFO:root:elite fitness: 0.29752
INFO:root:Generation: 136
INFO:root:pop fitness: 0.18516000000000002
INFO:root:elite fitness: 0.36748
INFO:root:Generation: 154
INFO:root:pop fitness: 0.17869
INFO:root:elite fitness: 0.31644
INFO:root:Generation: 137
INFO:root:pop fitness: 0.17643
INFO:root:elite fitness: 0.3062
INFO:root:Generation: 155
INFO:root:pop fitness: 0.17233
INFO:root:elite fitness: 0.29868
INFO:root:Generation: 138
INFO:root:pop fitness: 0.19554000000000002
INFO:root:elite fitness: 0.36457999999999996
INFO:root:Generation: 156
INFO:root:pop fitness: 0.18169000000000002
INFO:root:elite fitness: 0.31122
INFO:root:Generation: 139
INFO:root:pop fitness: 0.21753999999999998
INFO:root:elite fitness: 0.36223999999999995
INFO:root:Generation: 157
INFO:root:pop fitness: 0.17752
INFO:root:elite fitness: 0.30391999999999997
INFO:root:Generation: 140
INFO:root:pop fitness: 0.19085000000000002
INFO:root:elite fitness: 0.37584
INFO:root:Generation: 158
INFO:root:pop fitness: 0.17595000000000005
INFO:root:elite fitness: 0.29546000000000006
INFO:root:Generation: 141
INFO:root:pop fitness: 0.18362
INFO:root:elite fitness: 0.32825999999999994
INFO:root:Generation: 159
INFO:root:pop fitness: 0.15561
INFO:root:elite fitness: 0.318
INFO:root:Generation: 142
INFO:root:pop fitness: 0.17823000000000003
INFO:root:elite fitness: 0.31964000000000004
INFO:root:Generation: 143
INFO:root:pop fitness: 0.18140000000000003
INFO:root:elite fitness: 0.3295
INFO:root:Generation: 160
INFO:root:pop fitness: 0.15274
INFO:root:elite fitness: 0.25622
INFO:root:Generation: 144
INFO:root:pop fitness: 0.17452000000000006
INFO:root:elite fitness: 0.3363999999999999
INFO:root:Generation: 161
INFO:root:pop fitness: 0.15656
INFO:root:elite fitness: 0.30702
INFO:root:Generation: 145
INFO:root:pop fitness: 0.18785999999999997
INFO:root:elite fitness: 0.33738
INFO:root:Generation: 162
INFO:root:pop fitness: 0.15904999999999997
INFO:root:elite fitness: 0.29892
INFO:root:Generation: 163
INFO:root:pop fitness: 0.1705
INFO:root:elite fitness: 0.30792
INFO:root:Generation: 146
INFO:root:pop fitness: 0.17868000000000003
INFO:root:elite fitness: 0.35748
INFO:root:Generation: 164
INFO:root:pop fitness: 0.17522
INFO:root:elite fitness: 0.3053
INFO:root:Generation: 147
INFO:root:pop fitness: 0.19540999999999997
INFO:root:elite fitness: 0.34129999999999994
INFO:root:Generation: 165
INFO:root:pop fitness: 0.17116999999999996
INFO:root:elite fitness: 0.30282
INFO:root:Generation: 148
INFO:root:pop fitness: 0.17991999999999997
INFO:root:elite fitness: 0.31042000000000003
INFO:root:Generation: 166
INFO:root:pop fitness: 0.15998
INFO:root:elite fitness: 0.30928
INFO:root:Generation: 149
INFO:root:pop fitness: 0.15414999999999998
INFO:root:elite fitness: 0.26617999999999997
INFO:root:Generation: 167
INFO:root:pop fitness: 0.15963000000000002
INFO:root:elite fitness: 0.28794
INFO:root:Generation: 150
INFO:root:pop fitness: 0.17074
INFO:root:elite fitness: 0.29264
INFO:root:Generation: 168
INFO:root:pop fitness: 0.15814999999999999
INFO:root:elite fitness: 0.30976000000000004
INFO:root:Generation: 151
INFO:root:pop fitness: 0.17541999999999994
INFO:root:elite fitness: 0.32372
INFO:root:Generation: 169
INFO:root:pop fitness: 0.16793
INFO:root:elite fitness: 0.32122
INFO:root:Generation: 152
INFO:root:pop fitness: 0.18135999999999997
INFO:root:elite fitness: 0.31998
INFO:root:Generation: 170
INFO:root:pop fitness: 0.18209
INFO:root:elite fitness: 0.337
INFO:root:Generation: 153
INFO:root:pop fitness: 0.15927
INFO:root:elite fitness: 0.29622
INFO:root:Generation: 171
INFO:root:pop fitness: 0.14068999999999998
INFO:root:elite fitness: 0.25134
INFO:root:Generation: 154
INFO:root:pop fitness: 0.18318
INFO:root:elite fitness: 0.31620000000000004
INFO:root:Generation: 172
INFO:root:pop fitness: 0.16505999999999996
INFO:root:elite fitness: 0.28802
INFO:root:Generation: 155
INFO:root:pop fitness: 0.17488999999999996
INFO:root:elite fitness: 0.34128000000000003
INFO:root:Generation: 173
INFO:root:pop fitness: 0.16432000000000002
INFO:root:elite fitness: 0.2846
INFO:root:Generation: 156
INFO:root:pop fitness: 0.15841
INFO:root:elite fitness: 0.27958
INFO:root:Generation: 174
INFO:root:pop fitness: 0.14814
INFO:root:elite fitness: 0.29575999999999997
INFO:root:Generation: 175
INFO:root:pop fitness: 0.16307
INFO:root:elite fitness: 0.27066
INFO:root:Generation: 157
INFO:root:pop fitness: 0.17635
INFO:root:elite fitness: 0.28836
INFO:root:Generation: 176
INFO:root:pop fitness: 0.17998
INFO:root:elite fitness: 0.30226000000000003
INFO:root:Generation: 158
INFO:root:pop fitness: 0.18907
INFO:root:elite fitness: 0.32789999999999997
INFO:root:Generation: 177
INFO:root:pop fitness: 0.18015
INFO:root:elite fitness: 0.30608
INFO:root:Generation: 159
INFO:root:pop fitness: 0.19924
INFO:root:elite fitness: 0.33102
INFO:root:Generation: 178
INFO:root:pop fitness: 0.16481
INFO:root:elite fitness: 0.29342
INFO:root:Generation: 160
INFO:root:pop fitness: 0.18594000000000005
INFO:root:elite fitness: 0.30262000000000006
INFO:root:Generation: 179
INFO:root:pop fitness: 0.15369
INFO:root:elite fitness: 0.26202000000000003
INFO:root:Generation: 161
INFO:root:pop fitness: 0.1711
INFO:root:elite fitness: 0.3423800000000001
INFO:root:Generation: 180
INFO:root:pop fitness: 0.16523
INFO:root:elite fitness: 0.30285999999999996
INFO:root:Generation: 162
INFO:root:pop fitness: 0.17550999999999997
INFO:root:elite fitness: 0.31920000000000004
INFO:root:Generation: 181
INFO:root:pop fitness: 0.16347
INFO:root:elite fitness: 0.3038
INFO:root:Generation: 163
INFO:root:pop fitness: 0.20375000000000007
INFO:root:elite fitness: 0.33480000000000004
INFO:root:Generation: 182
INFO:root:pop fitness: 0.15354
INFO:root:elite fitness: 0.27308
INFO:root:Generation: 183
INFO:root:pop fitness: 0.17539000000000005
INFO:root:elite fitness: 0.3067
INFO:root:Generation: 164
INFO:root:pop fitness: 0.17427
INFO:root:elite fitness: 0.29468000000000005
INFO:root:Generation: 184
INFO:root:pop fitness: 0.19846999999999998
INFO:root:elite fitness: 0.31628
INFO:root:Generation: 165
INFO:root:pop fitness: 0.17067000000000004
INFO:root:elite fitness: 0.31522
INFO:root:Generation: 185
INFO:root:pop fitness: 0.16544
INFO:root:elite fitness: 0.31152
INFO:root:Generation: 166
INFO:root:pop fitness: 0.18154
INFO:root:elite fitness: 0.29425999999999997
INFO:root:Generation: 186
INFO:root:pop fitness: 0.18972999999999998
INFO:root:elite fitness: 0.34895999999999994
INFO:root:Generation: 167
INFO:root:pop fitness: 0.21461000000000002
INFO:root:elite fitness: 0.35938000000000003
INFO:root:Generation: 187
INFO:root:pop fitness: 0.16543000000000002
INFO:root:elite fitness: 0.27218000000000003
INFO:root:Generation: 168
INFO:root:pop fitness: 0.17553000000000002
INFO:root:elite fitness: 0.29118
INFO:root:Generation: 188
INFO:root:pop fitness: 0.16346
INFO:root:elite fitness: 0.2695
INFO:root:Generation: 169
INFO:root:pop fitness: 0.19681999999999994
INFO:root:elite fitness: 0.32288000000000006
INFO:root:Generation: 189
INFO:root:pop fitness: 0.17020999999999997
INFO:root:elite fitness: 0.2851
INFO:root:Generation: 170
INFO:root:pop fitness: 0.18291999999999997
INFO:root:elite fitness: 0.31145999999999996
INFO:root:Generation: 190
INFO:root:pop fitness: 0.17145999999999997
INFO:root:elite fitness: 0.33466
INFO:root:Generation: 191
INFO:root:pop fitness: 0.16913
INFO:root:elite fitness: 0.31995999999999997
INFO:root:Generation: 171
INFO:root:pop fitness: 0.20401
INFO:root:elite fitness: 0.33482
INFO:root:Generation: 192
INFO:root:pop fitness: 0.16185999999999998
INFO:root:elite fitness: 0.27697999999999995
INFO:root:Generation: 172
INFO:root:pop fitness: 0.19008000000000003
INFO:root:elite fitness: 0.31378
INFO:root:Generation: 193
INFO:root:pop fitness: 0.16606
INFO:root:elite fitness: 0.29434
INFO:root:Generation: 173
INFO:root:pop fitness: 0.19139
INFO:root:elite fitness: 0.32772
INFO:root:Generation: 194
INFO:root:pop fitness: 0.18954999999999994
INFO:root:elite fitness: 0.3166
INFO:root:Generation: 174
INFO:root:pop fitness: 0.20686
INFO:root:elite fitness: 0.32403999999999994
INFO:root:Generation: 195
INFO:root:pop fitness: 0.16504000000000002
INFO:root:elite fitness: 0.3
INFO:root:Generation: 175
INFO:root:pop fitness: 0.19406
INFO:root:elite fitness: 0.34184
INFO:root:Generation: 196
INFO:root:pop fitness: 0.15417999999999998
INFO:root:elite fitness: 0.31995999999999997
INFO:root:Generation: 176
INFO:root:pop fitness: 0.20310000000000003
INFO:root:elite fitness: 0.34528
INFO:root:Generation: 197
INFO:root:pop fitness: 0.16352999999999998
INFO:root:elite fitness: 0.32410000000000005
INFO:root:Generation: 177
INFO:root:pop fitness: 0.19235000000000002
INFO:root:elite fitness: 0.36698000000000003
INFO:root:Generation: 198
INFO:root:pop fitness: 0.15375
INFO:root:elite fitness: 0.28496
INFO:root:Generation: 178
INFO:root:pop fitness: 0.18723000000000004
INFO:root:elite fitness: 0.31787999999999994
INFO:root:Generation: 199
INFO:root:pop fitness: 0.17284
INFO:root:elite fitness: 0.31332
INFO:root:Generation: 179
INFO:root:pop fitness: 0.18830000000000002
INFO:root:elite fitness: 0.31157999999999997
INFO:root:Generation: 180
INFO:root:pop fitness: 0.21289000000000002
INFO:root:elite fitness: 0.36965999999999993
INFO:root:Generation: 181
INFO:root:pop fitness: 0.18785999999999997
INFO:root:elite fitness: 0.33982
INFO:root:Generation: 182
INFO:root:pop fitness: 0.19685
INFO:root:elite fitness: 0.35272
INFO:root:Generation: 183
INFO:root:pop fitness: 0.17603000000000002
INFO:root:elite fitness: 0.32556000000000007
INFO:root:Generation: 184
INFO:root:pop fitness: 0.20756999999999998
INFO:root:elite fitness: 0.36229999999999996
INFO:root:Generation: 185
INFO:root:pop fitness: 0.20323999999999998
INFO:root:elite fitness: 0.3738
INFO:root:Generation: 186
INFO:root:pop fitness: 0.18790000000000004
INFO:root:elite fitness: 0.32176000000000005
INFO:root:Generation: 187
INFO:root:pop fitness: 0.21112999999999998
INFO:root:elite fitness: 0.3345
INFO:root:Generation: 188
INFO:root:pop fitness: 0.20627000000000004
INFO:root:elite fitness: 0.37464
INFO:root:Generation: 189
INFO:root:pop fitness: 0.18887000000000004
INFO:root:elite fitness: 0.31804000000000004
INFO:root:Generation: 190
INFO:root:pop fitness: 0.18496000000000007
INFO:root:elite fitness: 0.34124000000000004
INFO:root:Generation: 191
INFO:root:pop fitness: 0.18868999999999997
INFO:root:elite fitness: 0.30817999999999995
INFO:root:Generation: 192
INFO:root:pop fitness: 0.21911999999999995
INFO:root:elite fitness: 0.369
INFO:root:Generation: 193
INFO:root:pop fitness: 0.20472
INFO:root:elite fitness: 0.34386000000000005
INFO:root:Generation: 194
INFO:root:pop fitness: 0.20925000000000005
INFO:root:elite fitness: 0.36096000000000006
INFO:root:Generation: 195
INFO:root:pop fitness: 0.20388
INFO:root:elite fitness: 0.36221999999999993
INFO:root:Generation: 196
INFO:root:pop fitness: 0.19021000000000002
INFO:root:elite fitness: 0.33143999999999996
INFO:root:Generation: 197
INFO:root:pop fitness: 0.17537
INFO:root:elite fitness: 0.3017
INFO:root:Generation: 198
INFO:root:pop fitness: 0.17497
INFO:root:elite fitness: 0.31334
INFO:root:Generation: 199
INFO:root:pop fitness: 0.19604
INFO:root:elite fitness: 0.36094000000000004
