INFO:root:run_master: Namespace(arms='10', hidden='8', layers='1', max_gen='200', message='', mutation_mag='0.1', name='resetSteps', noise=True, pop_size='50', save_result=True, steps='1', trials='100')
INFO:root:run_master: Namespace(arms='10', hidden='8', layers='1', max_gen='200', message='', mutation_mag='0.1', name='resetSteps', noise=False, pop_size='50', save_result=True, steps='1', trials='100')
INFO:root:Generation: 0
INFO:root:pop fitness: 0.09941999999999998
INFO:root:elite fitness: 0.11359999999999999
INFO:root:Generation: 0
INFO:root:pop fitness: 0.10126000000000002
INFO:root:elite fitness: 0.11496
INFO:root:Generation: 1
INFO:root:pop fitness: 0.10411999999999998
INFO:root:elite fitness: 0.12072
INFO:root:Generation: 1
INFO:root:pop fitness: 0.10097999999999999
INFO:root:elite fitness: 0.1148
INFO:root:Generation: 2
INFO:root:pop fitness: 0.09780000000000001
INFO:root:elite fitness: 0.1194
INFO:root:Generation: 2
INFO:root:pop fitness: 0.10075999999999999
INFO:root:elite fitness: 0.12024000000000001
INFO:root:Generation: 3
INFO:root:pop fitness: 0.09934
INFO:root:elite fitness: 0.11655999999999998
INFO:root:Generation: 3
INFO:root:pop fitness: 0.10154
INFO:root:elite fitness: 0.12332000000000001
INFO:root:Generation: 4
INFO:root:pop fitness: 0.10369999999999999
INFO:root:elite fitness: 0.12264000000000001
INFO:root:Generation: 4
INFO:root:pop fitness: 0.10134
INFO:root:elite fitness: 0.12888
INFO:root:Generation: 5
INFO:root:pop fitness: 0.09652000000000001
INFO:root:elite fitness: 0.11359999999999999
INFO:root:Generation: 5
INFO:root:pop fitness: 0.09831999999999999
INFO:root:elite fitness: 0.11968
INFO:root:Generation: 6
INFO:root:pop fitness: 0.09754
INFO:root:elite fitness: 0.12632
INFO:root:Generation: 6
INFO:root:pop fitness: 0.10192
INFO:root:elite fitness: 0.13064
INFO:root:Generation: 7
INFO:root:pop fitness: 0.09624
INFO:root:elite fitness: 0.12844
INFO:root:Generation: 7
INFO:root:pop fitness: 0.10441999999999999
INFO:root:elite fitness: 0.14004
INFO:root:Generation: 8
INFO:root:pop fitness: 0.09648000000000001
INFO:root:elite fitness: 0.12775999999999998
INFO:root:Generation: 9
INFO:root:pop fitness: 0.0895
INFO:root:elite fitness: 0.12532
INFO:root:Generation: 8
INFO:root:pop fitness: 0.10366
INFO:root:elite fitness: 0.14120000000000002
INFO:root:Generation: 10
INFO:root:pop fitness: 0.10328
INFO:root:elite fitness: 0.16343999999999997
INFO:root:Generation: 9
INFO:root:pop fitness: 0.09880000000000001
INFO:root:elite fitness: 0.13436
INFO:root:Generation: 11
INFO:root:pop fitness: 0.09356000000000002
INFO:root:elite fitness: 0.13676
INFO:root:Generation: 10
INFO:root:pop fitness: 0.11239999999999999
INFO:root:elite fitness: 0.17432000000000003
INFO:root:Generation: 12
INFO:root:pop fitness: 0.10110000000000001
INFO:root:elite fitness: 0.15403999999999998
INFO:root:Generation: 11
INFO:root:pop fitness: 0.11914
INFO:root:elite fitness: 0.18288000000000001
INFO:root:Generation: 13
INFO:root:pop fitness: 0.10846
INFO:root:elite fitness: 0.16704
INFO:root:Generation: 12
INFO:root:pop fitness: 0.12268000000000003
INFO:root:elite fitness: 0.21411999999999998
INFO:root:Generation: 14
INFO:root:pop fitness: 0.10612
INFO:root:elite fitness: 0.16752000000000003
INFO:root:Generation: 13
INFO:root:pop fitness: 0.12744
INFO:root:elite fitness: 0.20576000000000005
INFO:root:Generation: 15
INFO:root:pop fitness: 0.10835999999999998
INFO:root:elite fitness: 0.21056
INFO:root:Generation: 14
INFO:root:pop fitness: 0.11618000000000002
INFO:root:elite fitness: 0.21356000000000003
INFO:root:Generation: 16
INFO:root:pop fitness: 0.09466
INFO:root:elite fitness: 0.15352
INFO:root:Generation: 15
INFO:root:pop fitness: 0.1223
INFO:root:elite fitness: 0.22312
INFO:root:Generation: 17
INFO:root:pop fitness: 0.09854000000000002
INFO:root:elite fitness: 0.15788000000000002
INFO:root:Generation: 16
INFO:root:pop fitness: 0.11649999999999999
INFO:root:elite fitness: 0.2128
INFO:root:Generation: 18
INFO:root:pop fitness: 0.11664
INFO:root:elite fitness: 0.21356000000000003
INFO:root:Generation: 19
INFO:root:pop fitness: 0.1025
INFO:root:elite fitness: 0.15312
INFO:root:Generation: 17
INFO:root:pop fitness: 0.13393999999999998
INFO:root:elite fitness: 0.23459999999999998
INFO:root:Generation: 20
INFO:root:pop fitness: 0.10451999999999999
INFO:root:elite fitness: 0.17044
INFO:root:Generation: 18
INFO:root:pop fitness: 0.12468
INFO:root:elite fitness: 0.23604000000000003
INFO:root:Generation: 21
INFO:root:pop fitness: 0.12067999999999998
INFO:root:elite fitness: 0.25384000000000007
INFO:root:Generation: 19
INFO:root:pop fitness: 0.11692
INFO:root:elite fitness: 0.20376000000000002
INFO:root:Generation: 22
INFO:root:pop fitness: 0.13602
INFO:root:elite fitness: 0.21872
INFO:root:Generation: 20
INFO:root:pop fitness: 0.13736
INFO:root:elite fitness: 0.24084
INFO:root:Generation: 23
INFO:root:pop fitness: 0.12458
INFO:root:elite fitness: 0.20071999999999998
INFO:root:Generation: 21
INFO:root:pop fitness: 0.11204
INFO:root:elite fitness: 0.21388
INFO:root:Generation: 24
INFO:root:pop fitness: 0.13060000000000002
INFO:root:elite fitness: 0.22624000000000002
INFO:root:Generation: 22
INFO:root:pop fitness: 0.12784
INFO:root:elite fitness: 0.21088
INFO:root:Generation: 25
INFO:root:pop fitness: 0.1206
INFO:root:elite fitness: 0.19812000000000002
INFO:root:Generation: 26
INFO:root:pop fitness: 0.10288
INFO:root:elite fitness: 0.18568
INFO:root:Generation: 23
INFO:root:pop fitness: 0.11323999999999998
INFO:root:elite fitness: 0.21308
INFO:root:Generation: 27
INFO:root:pop fitness: 0.1133
INFO:root:elite fitness: 0.19035999999999997
INFO:root:Generation: 24
INFO:root:pop fitness: 0.14034000000000002
INFO:root:elite fitness: 0.22072000000000003
INFO:root:Generation: 28
INFO:root:pop fitness: 0.10432000000000001
INFO:root:elite fitness: 0.23192000000000002
INFO:root:Generation: 25
INFO:root:pop fitness: 0.1122
INFO:root:elite fitness: 0.2118
INFO:root:Generation: 29
INFO:root:pop fitness: 0.12146000000000001
INFO:root:elite fitness: 0.22715999999999997
INFO:root:Generation: 26
INFO:root:pop fitness: 0.10210000000000001
INFO:root:elite fitness: 0.16699999999999998
INFO:root:Generation: 30
INFO:root:pop fitness: 0.11536000000000002
INFO:root:elite fitness: 0.2048
INFO:root:Generation: 27
INFO:root:pop fitness: 0.10076
INFO:root:elite fitness: 0.20028
INFO:root:Generation: 31
INFO:root:pop fitness: 0.0974
INFO:root:elite fitness: 0.19184
INFO:root:Generation: 28
INFO:root:pop fitness: 0.11954000000000001
INFO:root:elite fitness: 0.20592000000000002
INFO:root:Generation: 32
INFO:root:pop fitness: 0.13022
INFO:root:elite fitness: 0.24735999999999997
INFO:root:Generation: 29
INFO:root:pop fitness: 0.1321
INFO:root:elite fitness: 0.25236
INFO:root:Generation: 33
INFO:root:pop fitness: 0.11004000000000001
INFO:root:elite fitness: 0.22943999999999998
INFO:root:Generation: 34
INFO:root:pop fitness: 0.11569999999999998
INFO:root:elite fitness: 0.20884
INFO:root:Generation: 30
INFO:root:pop fitness: 0.11243999999999998
INFO:root:elite fitness: 0.22552
INFO:root:Generation: 35
INFO:root:pop fitness: 0.12453999999999998
INFO:root:elite fitness: 0.22279999999999997
INFO:root:Generation: 31
INFO:root:pop fitness: 0.10392000000000001
INFO:root:elite fitness: 0.2168
INFO:root:Generation: 36
INFO:root:pop fitness: 0.10458
INFO:root:elite fitness: 0.22284000000000004
INFO:root:Generation: 32
INFO:root:pop fitness: 0.113
INFO:root:elite fitness: 0.21608
INFO:root:Generation: 37
INFO:root:pop fitness: 0.11322000000000002
INFO:root:elite fitness: 0.22820000000000001
INFO:root:Generation: 33
INFO:root:pop fitness: 0.12871999999999997
INFO:root:elite fitness: 0.23612
INFO:root:Generation: 38
INFO:root:pop fitness: 0.10232
INFO:root:elite fitness: 0.233
INFO:root:Generation: 34
INFO:root:pop fitness: 0.11822
INFO:root:elite fitness: 0.24336000000000002
INFO:root:Generation: 39
INFO:root:pop fitness: 0.11900000000000001
INFO:root:elite fitness: 0.20864000000000002
INFO:root:Generation: 35
INFO:root:pop fitness: 0.11226000000000001
INFO:root:elite fitness: 0.20511999999999997
INFO:root:Generation: 40
INFO:root:pop fitness: 0.12084000000000002
INFO:root:elite fitness: 0.20196000000000003
INFO:root:Generation: 36
INFO:root:pop fitness: 0.11696
INFO:root:elite fitness: 0.22740000000000002
INFO:root:Generation: 41
INFO:root:pop fitness: 0.11246
INFO:root:elite fitness: 0.23172000000000004
INFO:root:Generation: 37
INFO:root:pop fitness: 0.13
INFO:root:elite fitness: 0.22724
INFO:root:Generation: 42
INFO:root:pop fitness: 0.09562
INFO:root:elite fitness: 0.18539999999999998
INFO:root:Generation: 43
INFO:root:pop fitness: 0.11756
INFO:root:elite fitness: 0.27156
INFO:root:Generation: 38
INFO:root:pop fitness: 0.12517999999999999
INFO:root:elite fitness: 0.22452000000000003
INFO:root:Generation: 44
INFO:root:pop fitness: 0.10266
INFO:root:elite fitness: 0.23751999999999998
INFO:root:Generation: 39
INFO:root:pop fitness: 0.12625999999999998
INFO:root:elite fitness: 0.22216000000000002
INFO:root:Generation: 45
INFO:root:pop fitness: 0.10147999999999996
INFO:root:elite fitness: 0.2118
INFO:root:Generation: 40
INFO:root:pop fitness: 0.12451999999999998
INFO:root:elite fitness: 0.26044
INFO:root:Generation: 46
INFO:root:pop fitness: 0.11299999999999999
INFO:root:elite fitness: 0.20188000000000003
INFO:root:Generation: 41
INFO:root:pop fitness: 0.14592000000000002
INFO:root:elite fitness: 0.26684
INFO:root:Generation: 47
INFO:root:pop fitness: 0.12816
INFO:root:elite fitness: 0.22715999999999997
INFO:root:Generation: 42
INFO:root:pop fitness: 0.14861999999999997
INFO:root:elite fitness: 0.26376
INFO:root:Generation: 48
INFO:root:pop fitness: 0.11559999999999998
INFO:root:elite fitness: 0.2682
INFO:root:Generation: 43
INFO:root:pop fitness: 0.14035999999999998
INFO:root:elite fitness: 0.25220000000000004
INFO:root:Generation: 49
INFO:root:pop fitness: 0.12156
INFO:root:elite fitness: 0.22532
INFO:root:Generation: 44
INFO:root:pop fitness: 0.16304
INFO:root:elite fitness: 0.2928
INFO:root:Generation: 50
INFO:root:pop fitness: 0.10220000000000001
INFO:root:elite fitness: 0.19176
INFO:root:Generation: 45
INFO:root:pop fitness: 0.14346
INFO:root:elite fitness: 0.26616
INFO:root:Generation: 51
INFO:root:pop fitness: 0.12096
INFO:root:elite fitness: 0.23656
INFO:root:Generation: 52
INFO:root:pop fitness: 0.13942
INFO:root:elite fitness: 0.22048
INFO:root:Generation: 46
INFO:root:pop fitness: 0.14329999999999998
INFO:root:elite fitness: 0.28332
INFO:root:Generation: 53
INFO:root:pop fitness: 0.10788
INFO:root:elite fitness: 0.20628000000000005
INFO:root:Generation: 47
INFO:root:pop fitness: 0.12596
INFO:root:elite fitness: 0.24171999999999996
INFO:root:Generation: 54
INFO:root:pop fitness: 0.10326
INFO:root:elite fitness: 0.20796
INFO:root:Generation: 48
INFO:root:pop fitness: 0.13571999999999998
INFO:root:elite fitness: 0.26388
INFO:root:Generation: 55
INFO:root:pop fitness: 0.1328
INFO:root:elite fitness: 0.24028
INFO:root:Generation: 49
INFO:root:pop fitness: 0.13332
INFO:root:elite fitness: 0.22351999999999997
INFO:root:Generation: 56
INFO:root:pop fitness: 0.11986000000000001
INFO:root:elite fitness: 0.21664000000000003
INFO:root:Generation: 50
INFO:root:pop fitness: 0.12984
INFO:root:elite fitness: 0.25488
INFO:root:Generation: 57
INFO:root:pop fitness: 0.12484000000000002
INFO:root:elite fitness: 0.20068000000000003
INFO:root:Generation: 51
INFO:root:pop fitness: 0.13704
INFO:root:elite fitness: 0.23960000000000004
INFO:root:Generation: 58
INFO:root:pop fitness: 0.1327
INFO:root:elite fitness: 0.27304
INFO:root:Generation: 52
INFO:root:pop fitness: 0.12058000000000002
INFO:root:elite fitness: 0.22732
INFO:root:Generation: 59
INFO:root:pop fitness: 0.11392
INFO:root:elite fitness: 0.2208
INFO:root:Generation: 53
INFO:root:pop fitness: 0.12405999999999999
INFO:root:elite fitness: 0.26924000000000003
INFO:root:Generation: 60
INFO:root:pop fitness: 0.10905999999999999
INFO:root:elite fitness: 0.20244
INFO:root:Generation: 54
INFO:root:pop fitness: 0.15475999999999998
INFO:root:elite fitness: 0.3224
INFO:root:Generation: 61
INFO:root:pop fitness: 0.11802
INFO:root:elite fitness: 0.21608000000000005
INFO:root:Generation: 55
INFO:root:pop fitness: 0.15739999999999998
INFO:root:elite fitness: 0.25892
INFO:root:Generation: 62
INFO:root:pop fitness: 0.14268
INFO:root:elite fitness: 0.25228
INFO:root:Generation: 63
INFO:root:pop fitness: 0.13418000000000002
INFO:root:elite fitness: 0.27140000000000003
INFO:root:Generation: 56
INFO:root:pop fitness: 0.12728
INFO:root:elite fitness: 0.2658
INFO:root:Generation: 64
INFO:root:pop fitness: 0.12269999999999999
INFO:root:elite fitness: 0.2458
INFO:root:Generation: 57
INFO:root:pop fitness: 0.13419999999999999
INFO:root:elite fitness: 0.27648
INFO:root:Generation: 65
INFO:root:pop fitness: 0.10932
INFO:root:elite fitness: 0.19560000000000002
INFO:root:Generation: 58
INFO:root:pop fitness: 0.12564
INFO:root:elite fitness: 0.23380000000000004
INFO:root:Generation: 66
INFO:root:pop fitness: 0.13412000000000002
INFO:root:elite fitness: 0.24572000000000002
INFO:root:Generation: 59
INFO:root:pop fitness: 0.13066000000000003
INFO:root:elite fitness: 0.21888000000000002
INFO:root:Generation: 67
INFO:root:pop fitness: 0.14056000000000002
INFO:root:elite fitness: 0.23968000000000003
INFO:root:Generation: 60
INFO:root:pop fitness: 0.13898000000000002
INFO:root:elite fitness: 0.27268000000000003
INFO:root:Generation: 68
INFO:root:pop fitness: 0.14662
INFO:root:elite fitness: 0.27576
INFO:root:Generation: 61
INFO:root:pop fitness: 0.14367999999999997
INFO:root:elite fitness: 0.27111999999999997
INFO:root:Generation: 69
INFO:root:pop fitness: 0.14401999999999998
INFO:root:elite fitness: 0.23503999999999997
INFO:root:Generation: 62
INFO:root:pop fitness: 0.14859999999999998
INFO:root:elite fitness: 0.27536
INFO:root:Generation: 70
INFO:root:pop fitness: 0.12838
INFO:root:elite fitness: 0.23184000000000002
INFO:root:Generation: 63
INFO:root:pop fitness: 0.1475
INFO:root:elite fitness: 0.25768
INFO:root:Generation: 71
INFO:root:pop fitness: 0.12166
INFO:root:elite fitness: 0.23323999999999998
INFO:root:Generation: 72
INFO:root:pop fitness: 0.142
INFO:root:elite fitness: 0.27196
INFO:root:Generation: 64
INFO:root:pop fitness: 0.14828
INFO:root:elite fitness: 0.26572
INFO:root:Generation: 73
INFO:root:pop fitness: 0.1326
INFO:root:elite fitness: 0.24719999999999998
INFO:root:Generation: 65
INFO:root:pop fitness: 0.14418
INFO:root:elite fitness: 0.2554
INFO:root:Generation: 74
INFO:root:pop fitness: 0.14589999999999997
INFO:root:elite fitness: 0.26248
INFO:root:Generation: 66
INFO:root:pop fitness: 0.13468
INFO:root:elite fitness: 0.25732000000000005
INFO:root:Generation: 75
INFO:root:pop fitness: 0.11511999999999999
INFO:root:elite fitness: 0.21088
INFO:root:Generation: 67
INFO:root:pop fitness: 0.14186
INFO:root:elite fitness: 0.22568000000000002
INFO:root:Generation: 76
INFO:root:pop fitness: 0.12467999999999999
INFO:root:elite fitness: 0.21244
INFO:root:Generation: 68
INFO:root:pop fitness: 0.12533999999999998
INFO:root:elite fitness: 0.22648
INFO:root:Generation: 77
INFO:root:pop fitness: 0.14884000000000003
INFO:root:elite fitness: 0.25944
INFO:root:Generation: 78
INFO:root:pop fitness: 0.12714000000000003
INFO:root:elite fitness: 0.24136000000000002
INFO:root:Generation: 69
INFO:root:pop fitness: 0.1429
INFO:root:elite fitness: 0.29231999999999997
INFO:root:Generation: 79
INFO:root:pop fitness: 0.15336
INFO:root:elite fitness: 0.28428000000000003
INFO:root:Generation: 70
INFO:root:pop fitness: 0.14426
INFO:root:elite fitness: 0.26159999999999994
INFO:root:Generation: 80
INFO:root:pop fitness: 0.13416
INFO:root:elite fitness: 0.25196
INFO:root:Generation: 71
INFO:root:pop fitness: 0.12746
INFO:root:elite fitness: 0.21244
INFO:root:Generation: 81
INFO:root:pop fitness: 0.12196000000000001
INFO:root:elite fitness: 0.21843999999999997
INFO:root:Generation: 72
INFO:root:pop fitness: 0.13369999999999999
INFO:root:elite fitness: 0.26208000000000004
INFO:root:Generation: 82
INFO:root:pop fitness: 0.13788
INFO:root:elite fitness: 0.27827999999999997
INFO:root:Generation: 73
INFO:root:pop fitness: 0.13782
INFO:root:elite fitness: 0.25688
INFO:root:Generation: 83
INFO:root:pop fitness: 0.13347999999999996
INFO:root:elite fitness: 0.23916
INFO:root:Generation: 74
INFO:root:pop fitness: 0.15132
INFO:root:elite fitness: 0.24896000000000004
INFO:root:Generation: 84
INFO:root:pop fitness: 0.13318000000000002
INFO:root:elite fitness: 0.26544
INFO:root:Generation: 75
INFO:root:pop fitness: 0.13916
INFO:root:elite fitness: 0.30219999999999997
INFO:root:Generation: 85
INFO:root:pop fitness: 0.14686000000000002
INFO:root:elite fitness: 0.25904
INFO:root:Generation: 86
INFO:root:pop fitness: 0.13286
INFO:root:elite fitness: 0.26531999999999994
INFO:root:Generation: 76
INFO:root:pop fitness: 0.13956000000000002
INFO:root:elite fitness: 0.2648
INFO:root:Generation: 87
INFO:root:pop fitness: 0.14512
INFO:root:elite fitness: 0.2572
INFO:root:Generation: 77
INFO:root:pop fitness: 0.15047999999999997
INFO:root:elite fitness: 0.27408
INFO:root:Generation: 88
INFO:root:pop fitness: 0.14512
INFO:root:elite fitness: 0.23931999999999998
INFO:root:Generation: 78
INFO:root:pop fitness: 0.14362
INFO:root:elite fitness: 0.29016
INFO:root:Generation: 89
INFO:root:pop fitness: 0.15506
INFO:root:elite fitness: 0.25323999999999997
INFO:root:Generation: 79
INFO:root:pop fitness: 0.15336
INFO:root:elite fitness: 0.27788
INFO:root:Generation: 90
INFO:root:pop fitness: 0.12192
INFO:root:elite fitness: 0.24364
INFO:root:Generation: 80
INFO:root:pop fitness: 0.1844
INFO:root:elite fitness: 0.36460000000000004
INFO:root:Generation: 91
INFO:root:pop fitness: 0.1078
INFO:root:elite fitness: 0.20779999999999998
INFO:root:Generation: 81
INFO:root:pop fitness: 0.19330000000000003
INFO:root:elite fitness: 0.3458800000000001
INFO:root:Generation: 92
INFO:root:pop fitness: 0.13909999999999997
INFO:root:elite fitness: 0.26252
INFO:root:Generation: 82
INFO:root:pop fitness: 0.18402000000000002
INFO:root:elite fitness: 0.31676000000000004
INFO:root:Generation: 93
INFO:root:pop fitness: 0.1562
INFO:root:elite fitness: 0.26608000000000004
INFO:root:Generation: 83
INFO:root:pop fitness: 0.18593999999999997
INFO:root:elite fitness: 0.3162
INFO:root:Generation: 94
INFO:root:pop fitness: 0.14762
INFO:root:elite fitness: 0.24756
INFO:root:Generation: 84
INFO:root:pop fitness: 0.1711
INFO:root:elite fitness: 0.33752000000000004
INFO:root:Generation: 95
INFO:root:pop fitness: 0.14345999999999998
INFO:root:elite fitness: 0.25120000000000003
INFO:root:Generation: 96
INFO:root:pop fitness: 0.14544
INFO:root:elite fitness: 0.26084
INFO:root:Generation: 85
INFO:root:pop fitness: 0.18837999999999996
INFO:root:elite fitness: 0.37052
INFO:root:Generation: 97
INFO:root:pop fitness: 0.15856
INFO:root:elite fitness: 0.28112000000000004
INFO:root:Generation: 86
INFO:root:pop fitness: 0.17096
INFO:root:elite fitness: 0.31504
INFO:root:Generation: 98
INFO:root:pop fitness: 0.17898000000000003
INFO:root:elite fitness: 0.31584
INFO:root:Generation: 87
INFO:root:pop fitness: 0.15664
INFO:root:elite fitness: 0.30104
INFO:root:Generation: 99
INFO:root:pop fitness: 0.1598
INFO:root:elite fitness: 0.28532
INFO:root:Generation: 88
INFO:root:pop fitness: 0.16246000000000002
INFO:root:elite fitness: 0.27276
INFO:root:Generation: 100
INFO:root:pop fitness: 0.17964
INFO:root:elite fitness: 0.3218
INFO:root:Generation: 89
INFO:root:pop fitness: 0.15652
INFO:root:elite fitness: 0.31872000000000006
INFO:root:Generation: 101
INFO:root:pop fitness: 0.1616
INFO:root:elite fitness: 0.332
INFO:root:Generation: 90
INFO:root:pop fitness: 0.17096
INFO:root:elite fitness: 0.30956000000000006
INFO:root:Generation: 102
INFO:root:pop fitness: 0.14184000000000002
INFO:root:elite fitness: 0.2648
INFO:root:Generation: 91
INFO:root:pop fitness: 0.15768
INFO:root:elite fitness: 0.27676
INFO:root:Generation: 103
INFO:root:pop fitness: 0.13038
INFO:root:elite fitness: 0.23504000000000003
INFO:root:Generation: 92
INFO:root:pop fitness: 0.15584
INFO:root:elite fitness: 0.29888
INFO:root:Generation: 104
INFO:root:pop fitness: 0.14101999999999998
INFO:root:elite fitness: 0.26272
INFO:root:Generation: 105
INFO:root:pop fitness: 0.16678
INFO:root:elite fitness: 0.28876
INFO:root:Generation: 93
INFO:root:pop fitness: 0.16716
INFO:root:elite fitness: 0.26644
INFO:root:Generation: 106
INFO:root:pop fitness: 0.15734
INFO:root:elite fitness: 0.31192
INFO:root:Generation: 94
INFO:root:pop fitness: 0.18875999999999998
INFO:root:elite fitness: 0.29708
INFO:root:Generation: 107
INFO:root:pop fitness: 0.14022
INFO:root:elite fitness: 0.2776
INFO:root:Generation: 95
INFO:root:pop fitness: 0.19799999999999998
INFO:root:elite fitness: 0.3406
INFO:root:Generation: 108
INFO:root:pop fitness: 0.14152
INFO:root:elite fitness: 0.26044
INFO:root:Generation: 96
INFO:root:pop fitness: 0.18454000000000004
INFO:root:elite fitness: 0.31492000000000003
INFO:root:Generation: 109
INFO:root:pop fitness: 0.14656
INFO:root:elite fitness: 0.29948
INFO:root:Generation: 97
INFO:root:pop fitness: 0.17880000000000001
INFO:root:elite fitness: 0.33356
INFO:root:Generation: 110
INFO:root:pop fitness: 0.15998
INFO:root:elite fitness: 0.29460000000000003
INFO:root:Generation: 98
INFO:root:pop fitness: 0.16998000000000002
INFO:root:elite fitness: 0.30335999999999996
INFO:root:Generation: 111
INFO:root:pop fitness: 0.16072
INFO:root:elite fitness: 0.27488
INFO:root:Generation: 99
INFO:root:pop fitness: 0.19951999999999998
INFO:root:elite fitness: 0.31388
INFO:root:Generation: 112
INFO:root:pop fitness: 0.16732
INFO:root:elite fitness: 0.3655199999999999
INFO:root:Generation: 100
INFO:root:pop fitness: 0.18899999999999997
INFO:root:elite fitness: 0.36488
INFO:root:Generation: 113
INFO:root:pop fitness: 0.17994
INFO:root:elite fitness: 0.342
INFO:root:Generation: 101
INFO:root:pop fitness: 0.18595999999999996
INFO:root:elite fitness: 0.36083999999999994
INFO:root:Generation: 114
INFO:root:pop fitness: 0.16036
INFO:root:elite fitness: 0.28852
INFO:root:Generation: 102
INFO:root:pop fitness: 0.17632
INFO:root:elite fitness: 0.34444
INFO:root:Generation: 115
INFO:root:pop fitness: 0.17512
INFO:root:elite fitness: 0.29612
INFO:root:Generation: 116
INFO:root:pop fitness: 0.16446000000000002
INFO:root:elite fitness: 0.27888
INFO:root:Generation: 103
INFO:root:pop fitness: 0.18836000000000003
INFO:root:elite fitness: 0.30284
INFO:root:Generation: 117
INFO:root:pop fitness: 0.16618000000000002
INFO:root:elite fitness: 0.30356000000000005
INFO:root:Generation: 104
INFO:root:pop fitness: 0.20242000000000002
INFO:root:elite fitness: 0.3656400000000001
INFO:root:Generation: 118
INFO:root:pop fitness: 0.16916
INFO:root:elite fitness: 0.3226
INFO:root:Generation: 105
INFO:root:pop fitness: 0.17178000000000002
INFO:root:elite fitness: 0.29832000000000003
INFO:root:Generation: 119
INFO:root:pop fitness: 0.1469
INFO:root:elite fitness: 0.30612
INFO:root:Generation: 106
INFO:root:pop fitness: 0.14948
INFO:root:elite fitness: 0.27143999999999996
INFO:root:Generation: 120
INFO:root:pop fitness: 0.16984
INFO:root:elite fitness: 0.2862
INFO:root:Generation: 107
INFO:root:pop fitness: 0.18767999999999996
INFO:root:elite fitness: 0.34448000000000006
INFO:root:Generation: 121
INFO:root:pop fitness: 0.16716
INFO:root:elite fitness: 0.29456000000000004
INFO:root:Generation: 108
INFO:root:pop fitness: 0.16858
INFO:root:elite fitness: 0.30852
INFO:root:Generation: 122
INFO:root:pop fitness: 0.16584
INFO:root:elite fitness: 0.29779999999999995
INFO:root:Generation: 109
INFO:root:pop fitness: 0.17199999999999996
INFO:root:elite fitness: 0.30948
INFO:root:Generation: 123
INFO:root:pop fitness: 0.17626000000000006
INFO:root:elite fitness: 0.33875999999999995
INFO:root:Generation: 110
INFO:root:pop fitness: 0.20881999999999998
INFO:root:elite fitness: 0.37024
INFO:root:Generation: 124
INFO:root:pop fitness: 0.15683999999999998
INFO:root:elite fitness: 0.33311999999999997
INFO:root:Generation: 125
INFO:root:pop fitness: 0.14880000000000002
INFO:root:elite fitness: 0.272
INFO:root:Generation: 111
INFO:root:pop fitness: 0.17244
INFO:root:elite fitness: 0.31995999999999997
INFO:root:Generation: 126
INFO:root:pop fitness: 0.17036
INFO:root:elite fitness: 0.28288
INFO:root:Generation: 112
INFO:root:pop fitness: 0.18242
INFO:root:elite fitness: 0.34564000000000006
INFO:root:Generation: 127
INFO:root:pop fitness: 0.20858000000000002
INFO:root:elite fitness: 0.34692
INFO:root:Generation: 113
INFO:root:pop fitness: 0.17284
INFO:root:elite fitness: 0.28464
INFO:root:Generation: 128
INFO:root:pop fitness: 0.18897999999999995
INFO:root:elite fitness: 0.326
INFO:root:Generation: 114
INFO:root:pop fitness: 0.18708000000000002
INFO:root:elite fitness: 0.30972
INFO:root:Generation: 129
INFO:root:pop fitness: 0.1624
INFO:root:elite fitness: 0.30011999999999994
INFO:root:Generation: 115
INFO:root:pop fitness: 0.21290000000000003
INFO:root:elite fitness: 0.38696
INFO:root:Generation: 130
INFO:root:pop fitness: 0.1619
INFO:root:elite fitness: 0.33027999999999996
INFO:root:Generation: 116
INFO:root:pop fitness: 0.18627999999999997
INFO:root:elite fitness: 0.3522799999999999
INFO:root:Generation: 131
INFO:root:pop fitness: 0.18574
INFO:root:elite fitness: 0.33736000000000005
INFO:root:Generation: 117
INFO:root:pop fitness: 0.19194
INFO:root:elite fitness: 0.324
INFO:root:Generation: 132
INFO:root:pop fitness: 0.17675999999999997
INFO:root:elite fitness: 0.27283999999999997
INFO:root:Generation: 118
INFO:root:pop fitness: 0.19041999999999998
INFO:root:elite fitness: 0.35936
INFO:root:Generation: 133
INFO:root:pop fitness: 0.17135999999999998
INFO:root:elite fitness: 0.32295999999999997
INFO:root:Generation: 134
INFO:root:pop fitness: 0.16442
INFO:root:elite fitness: 0.28931999999999997
INFO:root:Generation: 119
INFO:root:pop fitness: 0.17844
INFO:root:elite fitness: 0.30944
INFO:root:Generation: 135
INFO:root:pop fitness: 0.1519
INFO:root:elite fitness: 0.25756
INFO:root:Generation: 120
INFO:root:pop fitness: 0.17546
INFO:root:elite fitness: 0.30791999999999997
INFO:root:Generation: 136
INFO:root:pop fitness: 0.17377999999999996
INFO:root:elite fitness: 0.27976
INFO:root:Generation: 121
INFO:root:pop fitness: 0.16336000000000003
INFO:root:elite fitness: 0.31748
INFO:root:Generation: 137
INFO:root:pop fitness: 0.15982
INFO:root:elite fitness: 0.29075999999999996
INFO:root:Generation: 122
INFO:root:pop fitness: 0.18037999999999996
INFO:root:elite fitness: 0.32588
INFO:root:Generation: 138
INFO:root:pop fitness: 0.15490000000000004
INFO:root:elite fitness: 0.28572
INFO:root:Generation: 123
INFO:root:pop fitness: 0.1686
INFO:root:elite fitness: 0.3246
INFO:root:Generation: 139
INFO:root:pop fitness: 0.20478
INFO:root:elite fitness: 0.32443999999999995
INFO:root:Generation: 124
INFO:root:pop fitness: 0.17064000000000001
INFO:root:elite fitness: 0.29164
INFO:root:Generation: 140
INFO:root:pop fitness: 0.19959999999999997
INFO:root:elite fitness: 0.36291999999999996
INFO:root:Generation: 125
INFO:root:pop fitness: 0.15528
INFO:root:elite fitness: 0.28224
INFO:root:Generation: 141
INFO:root:pop fitness: 0.17104000000000003
INFO:root:elite fitness: 0.32864
INFO:root:Generation: 126
INFO:root:pop fitness: 0.1884
INFO:root:elite fitness: 0.32708
INFO:root:Generation: 142
INFO:root:pop fitness: 0.16276
INFO:root:elite fitness: 0.2952
INFO:root:Generation: 143
INFO:root:pop fitness: 0.20132000000000003
INFO:root:elite fitness: 0.35892
INFO:root:Generation: 127
INFO:root:pop fitness: 0.17998000000000006
INFO:root:elite fitness: 0.32024
INFO:root:Generation: 144
INFO:root:pop fitness: 0.19707999999999998
INFO:root:elite fitness: 0.34795999999999994
INFO:root:Generation: 128
INFO:root:pop fitness: 0.19018000000000002
INFO:root:elite fitness: 0.36548
INFO:root:Generation: 145
INFO:root:pop fitness: 0.18669999999999998
INFO:root:elite fitness: 0.29512
INFO:root:Generation: 129
INFO:root:pop fitness: 0.19283999999999998
INFO:root:elite fitness: 0.30839999999999995
INFO:root:Generation: 146
INFO:root:pop fitness: 0.15319999999999998
INFO:root:elite fitness: 0.26468
INFO:root:Generation: 130
INFO:root:pop fitness: 0.18214000000000002
INFO:root:elite fitness: 0.29468000000000005
INFO:root:Generation: 147
INFO:root:pop fitness: 0.19548
INFO:root:elite fitness: 0.42096000000000006
INFO:root:Generation: 131
INFO:root:pop fitness: 0.16862000000000002
INFO:root:elite fitness: 0.29812
INFO:root:Generation: 148
INFO:root:pop fitness: 0.19768
INFO:root:elite fitness: 0.37316000000000005
INFO:root:Generation: 132
INFO:root:pop fitness: 0.20839999999999997
INFO:root:elite fitness: 0.42428000000000005
INFO:root:Generation: 149
INFO:root:pop fitness: 0.18632
INFO:root:elite fitness: 0.36152
INFO:root:Generation: 133
INFO:root:pop fitness: 0.17954
INFO:root:elite fitness: 0.2804
INFO:root:Generation: 150
INFO:root:pop fitness: 0.17172000000000004
INFO:root:elite fitness: 0.30228
INFO:root:Generation: 134
INFO:root:pop fitness: 0.16286
INFO:root:elite fitness: 0.32628
INFO:root:Generation: 151
INFO:root:pop fitness: 0.18712
INFO:root:elite fitness: 0.35212000000000004
INFO:root:Generation: 152
INFO:root:pop fitness: 0.19527999999999998
INFO:root:elite fitness: 0.36719999999999997
INFO:root:Generation: 135
INFO:root:pop fitness: 0.17036
INFO:root:elite fitness: 0.30472
INFO:root:Generation: 153
INFO:root:pop fitness: 0.17353999999999994
INFO:root:elite fitness: 0.31956
INFO:root:Generation: 136
INFO:root:pop fitness: 0.17367999999999997
INFO:root:elite fitness: 0.3346
INFO:root:Generation: 154
INFO:root:pop fitness: 0.19226000000000001
INFO:root:elite fitness: 0.32295999999999997
INFO:root:Generation: 137
INFO:root:pop fitness: 0.16282
INFO:root:elite fitness: 0.3306
INFO:root:Generation: 155
INFO:root:pop fitness: 0.18279999999999996
INFO:root:elite fitness: 0.32952
INFO:root:Generation: 138
INFO:root:pop fitness: 0.15169999999999997
INFO:root:elite fitness: 0.3042
INFO:root:Generation: 156
INFO:root:pop fitness: 0.15732000000000002
INFO:root:elite fitness: 0.31296
INFO:root:Generation: 139
INFO:root:pop fitness: 0.17305999999999996
INFO:root:elite fitness: 0.28668000000000005
INFO:root:Generation: 157
INFO:root:pop fitness: 0.20177999999999993
INFO:root:elite fitness: 0.3544
INFO:root:Generation: 140
INFO:root:pop fitness: 0.13892
INFO:root:elite fitness: 0.27008000000000004
INFO:root:Generation: 158
INFO:root:pop fitness: 0.18109999999999998
INFO:root:elite fitness: 0.31492000000000003
INFO:root:Generation: 141
INFO:root:pop fitness: 0.17049999999999998
INFO:root:elite fitness: 0.29092
INFO:root:Generation: 159
INFO:root:pop fitness: 0.18588000000000002
INFO:root:elite fitness: 0.30008
INFO:root:Generation: 142
INFO:root:pop fitness: 0.18034
INFO:root:elite fitness: 0.33848
INFO:root:Generation: 160
INFO:root:pop fitness: 0.18760000000000002
INFO:root:elite fitness: 0.33172
INFO:root:Generation: 161
INFO:root:pop fitness: 0.15623999999999996
INFO:root:elite fitness: 0.32832
INFO:root:Generation: 143
INFO:root:pop fitness: 0.19354
INFO:root:elite fitness: 0.33252000000000004
INFO:root:Generation: 162
INFO:root:pop fitness: 0.17074
INFO:root:elite fitness: 0.3086
INFO:root:Generation: 144
INFO:root:pop fitness: 0.15514
INFO:root:elite fitness: 0.265
INFO:root:Generation: 163
INFO:root:pop fitness: 0.16889999999999997
INFO:root:elite fitness: 0.30416
INFO:root:Generation: 145
INFO:root:pop fitness: 0.1672
INFO:root:elite fitness: 0.35108000000000006
INFO:root:Generation: 164
INFO:root:pop fitness: 0.17146
INFO:root:elite fitness: 0.35328
INFO:root:Generation: 146
INFO:root:pop fitness: 0.1582
INFO:root:elite fitness: 0.29316
INFO:root:Generation: 165
INFO:root:pop fitness: 0.18631999999999999
INFO:root:elite fitness: 0.34484000000000004
INFO:root:Generation: 147
INFO:root:pop fitness: 0.15706
INFO:root:elite fitness: 0.27512000000000003
INFO:root:Generation: 166
INFO:root:pop fitness: 0.18683999999999998
INFO:root:elite fitness: 0.35492000000000007
INFO:root:Generation: 148
INFO:root:pop fitness: 0.1531
INFO:root:elite fitness: 0.29112
INFO:root:Generation: 167
INFO:root:pop fitness: 0.20832000000000003
INFO:root:elite fitness: 0.37064
INFO:root:Generation: 149
INFO:root:pop fitness: 0.17122
INFO:root:elite fitness: 0.27724000000000004
INFO:root:Generation: 168
INFO:root:pop fitness: 0.17408
INFO:root:elite fitness: 0.34252000000000005
INFO:root:Generation: 150
INFO:root:pop fitness: 0.17664
INFO:root:elite fitness: 0.2994
INFO:root:Generation: 169
INFO:root:pop fitness: 0.19732
INFO:root:elite fitness: 0.35072000000000003
INFO:root:Generation: 151
INFO:root:pop fitness: 0.17012
INFO:root:elite fitness: 0.2854
INFO:root:Generation: 170
INFO:root:pop fitness: 0.14998
INFO:root:elite fitness: 0.29796
INFO:root:Generation: 171
INFO:root:pop fitness: 0.16990000000000002
INFO:root:elite fitness: 0.31472
INFO:root:Generation: 152
INFO:root:pop fitness: 0.19870000000000004
INFO:root:elite fitness: 0.321
INFO:root:Generation: 172
INFO:root:pop fitness: 0.17706000000000002
INFO:root:elite fitness: 0.33124000000000003
INFO:root:Generation: 153
INFO:root:pop fitness: 0.16488
INFO:root:elite fitness: 0.3138
INFO:root:Generation: 173
INFO:root:pop fitness: 0.16444
INFO:root:elite fitness: 0.29796
INFO:root:Generation: 154
INFO:root:pop fitness: 0.14508
INFO:root:elite fitness: 0.23776000000000003
INFO:root:Generation: 174
INFO:root:pop fitness: 0.1675
INFO:root:elite fitness: 0.27172
INFO:root:Generation: 155
INFO:root:pop fitness: 0.16374
INFO:root:elite fitness: 0.33984000000000003
INFO:root:Generation: 175
INFO:root:pop fitness: 0.13618
INFO:root:elite fitness: 0.24603999999999998
INFO:root:Generation: 156
INFO:root:pop fitness: 0.17120000000000002
INFO:root:elite fitness: 0.29907999999999996
INFO:root:Generation: 176
INFO:root:pop fitness: 0.13074000000000002
INFO:root:elite fitness: 0.23728000000000002
INFO:root:Generation: 157
INFO:root:pop fitness: 0.16763999999999998
INFO:root:elite fitness: 0.27684000000000003
INFO:root:Generation: 177
INFO:root:pop fitness: 0.1613
INFO:root:elite fitness: 0.29016000000000003
INFO:root:Generation: 158
INFO:root:pop fitness: 0.14976
INFO:root:elite fitness: 0.28236
INFO:root:Generation: 178
INFO:root:pop fitness: 0.17214000000000002
INFO:root:elite fitness: 0.30823999999999996
INFO:root:Generation: 159
INFO:root:pop fitness: 0.17526
INFO:root:elite fitness: 0.30091999999999997
INFO:root:Generation: 179
INFO:root:pop fitness: 0.1709
INFO:root:elite fitness: 0.27384
INFO:root:Generation: 180
INFO:root:pop fitness: 0.18162000000000003
INFO:root:elite fitness: 0.38300000000000006
INFO:root:Generation: 160
INFO:root:pop fitness: 0.17043999999999998
INFO:root:elite fitness: 0.25632
INFO:root:Generation: 181
INFO:root:pop fitness: 0.2223
INFO:root:elite fitness: 0.37896
INFO:root:Generation: 161
INFO:root:pop fitness: 0.16454000000000002
INFO:root:elite fitness: 0.29236
INFO:root:Generation: 182
INFO:root:pop fitness: 0.17396000000000003
INFO:root:elite fitness: 0.32304
INFO:root:Generation: 162
INFO:root:pop fitness: 0.17500000000000004
INFO:root:elite fitness: 0.27856
INFO:root:Generation: 183
INFO:root:pop fitness: 0.17568
INFO:root:elite fitness: 0.32652000000000003
INFO:root:Generation: 163
INFO:root:pop fitness: 0.16534000000000001
INFO:root:elite fitness: 0.31104
INFO:root:Generation: 184
INFO:root:pop fitness: 0.1889
INFO:root:elite fitness: 0.33340000000000003
INFO:root:Generation: 164
INFO:root:pop fitness: 0.18446
INFO:root:elite fitness: 0.28947999999999996
INFO:root:Generation: 185
INFO:root:pop fitness: 0.17445999999999998
INFO:root:elite fitness: 0.29296
INFO:root:Generation: 165
INFO:root:pop fitness: 0.15204
INFO:root:elite fitness: 0.30032
INFO:root:Generation: 186
INFO:root:pop fitness: 0.16216
INFO:root:elite fitness: 0.28428000000000003
INFO:root:Generation: 166
INFO:root:pop fitness: 0.16752000000000003
INFO:root:elite fitness: 0.30756
INFO:root:Generation: 187
INFO:root:pop fitness: 0.14830000000000002
INFO:root:elite fitness: 0.3354
INFO:root:Generation: 167
INFO:root:pop fitness: 0.16671999999999998
INFO:root:elite fitness: 0.31088
INFO:root:Generation: 188
INFO:root:pop fitness: 0.17251999999999998
INFO:root:elite fitness: 0.33
INFO:root:Generation: 168
INFO:root:pop fitness: 0.14808000000000002
INFO:root:elite fitness: 0.31096
INFO:root:Generation: 189
INFO:root:pop fitness: 0.17228000000000002
INFO:root:elite fitness: 0.29656
INFO:root:Generation: 190
INFO:root:pop fitness: 0.16622
INFO:root:elite fitness: 0.28703999999999996
INFO:root:Generation: 169
INFO:root:pop fitness: 0.12816
INFO:root:elite fitness: 0.26908
INFO:root:Generation: 191
INFO:root:pop fitness: 0.15259999999999999
INFO:root:elite fitness: 0.26804
INFO:root:Generation: 170
INFO:root:pop fitness: 0.15758
INFO:root:elite fitness: 0.32188
INFO:root:Generation: 192
INFO:root:pop fitness: 0.17073999999999998
INFO:root:elite fitness: 0.29079999999999995
INFO:root:Generation: 171
INFO:root:pop fitness: 0.15274000000000001
INFO:root:elite fitness: 0.31004000000000004
INFO:root:Generation: 193
INFO:root:pop fitness: 0.1379
INFO:root:elite fitness: 0.24248
INFO:root:Generation: 172
INFO:root:pop fitness: 0.17296
INFO:root:elite fitness: 0.27992
INFO:root:Generation: 194
INFO:root:pop fitness: 0.17314000000000004
INFO:root:elite fitness: 0.32688
INFO:root:Generation: 173
INFO:root:pop fitness: 0.18706000000000003
INFO:root:elite fitness: 0.34143999999999997
INFO:root:Generation: 195
INFO:root:pop fitness: 0.13518
INFO:root:elite fitness: 0.29116
INFO:root:Generation: 174
INFO:root:pop fitness: 0.18408000000000002
INFO:root:elite fitness: 0.36312000000000005
INFO:root:Generation: 196
INFO:root:pop fitness: 0.16788
INFO:root:elite fitness: 0.3382
INFO:root:Generation: 175
INFO:root:pop fitness: 0.16016000000000002
INFO:root:elite fitness: 0.28224
INFO:root:Generation: 197
INFO:root:pop fitness: 0.1681
INFO:root:elite fitness: 0.31644
INFO:root:Generation: 176
INFO:root:pop fitness: 0.15276
INFO:root:elite fitness: 0.32436
INFO:root:Generation: 198
INFO:root:pop fitness: 0.16744
INFO:root:elite fitness: 0.34336
INFO:root:Generation: 199
INFO:root:pop fitness: 0.18134000000000003
INFO:root:elite fitness: 0.34036
INFO:root:Generation: 177
INFO:root:pop fitness: 0.14873999999999998
INFO:root:elite fitness: 0.282
INFO:root:Generation: 178
INFO:root:pop fitness: 0.19031999999999996
INFO:root:elite fitness: 0.34024
INFO:root:Generation: 179
INFO:root:pop fitness: 0.15108
INFO:root:elite fitness: 0.27992
INFO:root:Generation: 180
INFO:root:pop fitness: 0.20635999999999996
INFO:root:elite fitness: 0.34356000000000003
INFO:root:Generation: 181
INFO:root:pop fitness: 0.15986
INFO:root:elite fitness: 0.26216
INFO:root:Generation: 182
INFO:root:pop fitness: 0.18880000000000002
INFO:root:elite fitness: 0.32199999999999995
INFO:root:Generation: 183
INFO:root:pop fitness: 0.17710000000000004
INFO:root:elite fitness: 0.31804
INFO:root:Generation: 184
INFO:root:pop fitness: 0.16956000000000007
INFO:root:elite fitness: 0.28675999999999996
INFO:root:Generation: 185
INFO:root:pop fitness: 0.14368
INFO:root:elite fitness: 0.2732
INFO:root:Generation: 186
INFO:root:pop fitness: 0.15255999999999997
INFO:root:elite fitness: 0.27452
INFO:root:Generation: 187
INFO:root:pop fitness: 0.17621999999999996
INFO:root:elite fitness: 0.28924000000000005
INFO:root:Generation: 188
INFO:root:pop fitness: 0.16891999999999996
INFO:root:elite fitness: 0.34384
INFO:root:Generation: 189
INFO:root:pop fitness: 0.15588000000000002
INFO:root:elite fitness: 0.29963999999999996
INFO:root:Generation: 190
INFO:root:pop fitness: 0.18087999999999999
INFO:root:elite fitness: 0.36628
INFO:root:Generation: 191
INFO:root:pop fitness: 0.17981999999999998
INFO:root:elite fitness: 0.33372
INFO:root:Generation: 192
INFO:root:pop fitness: 0.19702000000000003
INFO:root:elite fitness: 0.37464
INFO:root:Generation: 193
INFO:root:pop fitness: 0.16556
INFO:root:elite fitness: 0.31428
INFO:root:Generation: 194
INFO:root:pop fitness: 0.16387999999999997
INFO:root:elite fitness: 0.28548
INFO:root:Generation: 195
INFO:root:pop fitness: 0.14882
INFO:root:elite fitness: 0.26332
INFO:root:Generation: 196
INFO:root:pop fitness: 0.15206
INFO:root:elite fitness: 0.29088
INFO:root:Generation: 197
INFO:root:pop fitness: 0.14582
INFO:root:elite fitness: 0.31412
INFO:root:Generation: 198
INFO:root:pop fitness: 0.17592
INFO:root:elite fitness: 0.3244800000000001
INFO:root:Generation: 199
INFO:root:pop fitness: 0.18899999999999997
INFO:root:elite fitness: 0.33364000000000005
