INFO:root:run_master: Namespace(arms='10', hidden='128', layers='1', max_gen='200', message='', mutation_mag='0.01', name='diffEnv_v2', noise=True, pop_size='50', save_result=True, trials='100')
INFO:root:Generation: 0
INFO:root:pop fitness: 0.10048
INFO:root:elite fitness: 0.11268
INFO:root:Generation: 1
INFO:root:pop fitness: 0.0977
INFO:root:elite fitness: 0.13668
INFO:root:Generation: 2
INFO:root:pop fitness: 0.10407999999999999
INFO:root:elite fitness: 0.17964000000000002
INFO:root:Generation: 3
INFO:root:pop fitness: 0.11710000000000001
INFO:root:elite fitness: 0.18527999999999994
INFO:root:run_master: Namespace(arms='10', hidden='128', layers='1', max_gen='200', message='', mutation_mag='0.01', name='diffEnv_v2', noise=False, pop_size='50', save_result=True, trials='100')
INFO:root:Generation: 4
INFO:root:pop fitness: 0.09149999999999998
INFO:root:elite fitness: 0.1758
INFO:root:Generation: 0
INFO:root:pop fitness: 0.09828
INFO:root:elite fitness: 0.10736000000000001
INFO:root:Generation: 1
INFO:root:pop fitness: 0.09906000000000001
INFO:root:elite fitness: 0.11812000000000002
INFO:root:Generation: 5
INFO:root:pop fitness: 0.10931999999999999
INFO:root:elite fitness: 0.21731999999999999
INFO:root:Generation: 2
INFO:root:pop fitness: 0.10516000000000002
INFO:root:elite fitness: 0.15824000000000002
INFO:root:Generation: 6
INFO:root:pop fitness: 0.10550000000000001
INFO:root:elite fitness: 0.21948
INFO:root:Generation: 3
INFO:root:pop fitness: 0.10958000000000002
INFO:root:elite fitness: 0.16884
INFO:root:Generation: 7
INFO:root:pop fitness: 0.1185
INFO:root:elite fitness: 0.252
INFO:root:Generation: 8
INFO:root:pop fitness: 0.10644
INFO:root:elite fitness: 0.2322
INFO:root:Generation: 4
INFO:root:pop fitness: 0.10510000000000001
INFO:root:elite fitness: 0.17615999999999998
INFO:root:Generation: 9
INFO:root:pop fitness: 0.09998
INFO:root:elite fitness: 0.19772
INFO:root:Generation: 5
INFO:root:pop fitness: 0.09724000000000002
INFO:root:elite fitness: 0.15784
INFO:root:Generation: 10
INFO:root:pop fitness: 0.11967999999999998
INFO:root:elite fitness: 0.21812
INFO:root:Generation: 6
INFO:root:pop fitness: 0.1056
INFO:root:elite fitness: 0.19404
INFO:root:Generation: 7
INFO:root:pop fitness: 0.10076
INFO:root:elite fitness: 0.19387999999999997
INFO:root:Generation: 11
INFO:root:pop fitness: 0.11022
INFO:root:elite fitness: 0.19523999999999997
INFO:root:Generation: 8
INFO:root:pop fitness: 0.0934
INFO:root:elite fitness: 0.21216000000000002
INFO:root:Generation: 12
INFO:root:pop fitness: 0.10876
INFO:root:elite fitness: 0.23120000000000002
INFO:root:Generation: 13
INFO:root:pop fitness: 0.13918
INFO:root:elite fitness: 0.27292
INFO:root:Generation: 9
INFO:root:pop fitness: 0.08736000000000001
INFO:root:elite fitness: 0.18508
INFO:root:Generation: 10
INFO:root:pop fitness: 0.09327999999999999
INFO:root:elite fitness: 0.19392000000000004
INFO:root:Generation: 14
INFO:root:pop fitness: 0.13176
INFO:root:elite fitness: 0.26220000000000004
INFO:root:Generation: 15
INFO:root:pop fitness: 0.11648000000000001
INFO:root:elite fitness: 0.2398
INFO:root:Generation: 11
INFO:root:pop fitness: 0.08501999999999998
INFO:root:elite fitness: 0.17212000000000002
INFO:root:Generation: 16
INFO:root:pop fitness: 0.13994
INFO:root:elite fitness: 0.28556000000000004
INFO:root:Generation: 12
INFO:root:pop fitness: 0.1206
INFO:root:elite fitness: 0.22520000000000004
INFO:root:Generation: 17
INFO:root:pop fitness: 0.12056000000000001
INFO:root:elite fitness: 0.27015999999999996
INFO:root:Generation: 13
INFO:root:pop fitness: 0.12314
INFO:root:elite fitness: 0.23912
INFO:root:Generation: 18
INFO:root:pop fitness: 0.12267999999999998
INFO:root:elite fitness: 0.24499999999999997
INFO:root:Generation: 14
INFO:root:pop fitness: 0.11696
INFO:root:elite fitness: 0.18288000000000001
INFO:root:Generation: 19
INFO:root:pop fitness: 0.12292
INFO:root:elite fitness: 0.21908000000000002
INFO:root:Generation: 15
INFO:root:pop fitness: 0.10968
INFO:root:elite fitness: 0.21519999999999995
INFO:root:Generation: 16
INFO:root:pop fitness: 0.13434000000000001
INFO:root:elite fitness: 0.22252000000000002
INFO:root:Generation: 20
INFO:root:pop fitness: 0.13341999999999998
INFO:root:elite fitness: 0.25828
INFO:root:Generation: 17
INFO:root:pop fitness: 0.10814
INFO:root:elite fitness: 0.23735999999999996
INFO:root:Generation: 21
INFO:root:pop fitness: 0.14638
INFO:root:elite fitness: 0.272
INFO:root:Generation: 22
INFO:root:pop fitness: 0.1379
INFO:root:elite fitness: 0.27044
INFO:root:Generation: 18
INFO:root:pop fitness: 0.11402000000000001
INFO:root:elite fitness: 0.2198
INFO:root:Generation: 23
INFO:root:pop fitness: 0.14076
INFO:root:elite fitness: 0.28624
INFO:root:Generation: 19
INFO:root:pop fitness: 0.11687999999999998
INFO:root:elite fitness: 0.22748000000000002
INFO:root:Generation: 24
INFO:root:pop fitness: 0.13376000000000002
INFO:root:elite fitness: 0.24952
INFO:root:Generation: 20
INFO:root:pop fitness: 0.12896
INFO:root:elite fitness: 0.22091999999999998
INFO:root:Generation: 25
INFO:root:pop fitness: 0.14501999999999998
INFO:root:elite fitness: 0.296
INFO:root:Generation: 21
INFO:root:pop fitness: 0.12866
INFO:root:elite fitness: 0.23304
INFO:root:Generation: 26
INFO:root:pop fitness: 0.13232
INFO:root:elite fitness: 0.23607999999999996
INFO:root:Generation: 22
INFO:root:pop fitness: 0.13668000000000002
INFO:root:elite fitness: 0.24867999999999998
INFO:root:Generation: 23
INFO:root:pop fitness: 0.1454
INFO:root:elite fitness: 0.23648
INFO:root:Generation: 27
INFO:root:pop fitness: 0.12469999999999999
INFO:root:elite fitness: 0.23920000000000002
INFO:root:Generation: 24
INFO:root:pop fitness: 0.12982
INFO:root:elite fitness: 0.21428
INFO:root:Generation: 28
INFO:root:pop fitness: 0.15384
INFO:root:elite fitness: 0.27
INFO:root:Generation: 25
INFO:root:pop fitness: 0.15226
INFO:root:elite fitness: 0.26488
INFO:root:Generation: 29
INFO:root:pop fitness: 0.15246
INFO:root:elite fitness: 0.29244
INFO:root:Generation: 26
INFO:root:pop fitness: 0.16044
INFO:root:elite fitness: 0.25096
INFO:root:Generation: 30
INFO:root:pop fitness: 0.14239999999999997
INFO:root:elite fitness: 0.29444
INFO:root:Generation: 27
INFO:root:pop fitness: 0.15224000000000001
INFO:root:elite fitness: 0.27836
INFO:root:Generation: 31
INFO:root:pop fitness: 0.14758000000000002
INFO:root:elite fitness: 0.266
INFO:root:Generation: 28
INFO:root:pop fitness: 0.14276000000000003
INFO:root:elite fitness: 0.27196000000000004
INFO:root:Generation: 32
INFO:root:pop fitness: 0.14436
INFO:root:elite fitness: 0.31568
INFO:root:Generation: 29
INFO:root:pop fitness: 0.14292000000000002
INFO:root:elite fitness: 0.26316
INFO:root:Generation: 33
INFO:root:pop fitness: 0.14976
INFO:root:elite fitness: 0.27596
INFO:root:Generation: 30
INFO:root:pop fitness: 0.14282
INFO:root:elite fitness: 0.28684000000000004
INFO:root:Generation: 34
INFO:root:pop fitness: 0.15956
INFO:root:elite fitness: 0.28824
INFO:root:Generation: 31
INFO:root:pop fitness: 0.11938
INFO:root:elite fitness: 0.20267999999999997
INFO:root:Generation: 35
INFO:root:pop fitness: 0.13746
INFO:root:elite fitness: 0.25432000000000005
INFO:root:Generation: 32
INFO:root:pop fitness: 0.12969999999999998
INFO:root:elite fitness: 0.25492
INFO:root:Generation: 36
INFO:root:pop fitness: 0.1384
INFO:root:elite fitness: 0.26636000000000004
INFO:root:Generation: 33
INFO:root:pop fitness: 0.12892
INFO:root:elite fitness: 0.23128
INFO:root:Generation: 37
INFO:root:pop fitness: 0.14073999999999998
INFO:root:elite fitness: 0.30668
INFO:root:Generation: 34
INFO:root:pop fitness: 0.13880000000000003
INFO:root:elite fitness: 0.23324
INFO:root:Generation: 38
INFO:root:pop fitness: 0.16061999999999999
INFO:root:elite fitness: 0.3188
INFO:root:Generation: 35
INFO:root:pop fitness: 0.1447
INFO:root:elite fitness: 0.25983999999999996
INFO:root:Generation: 39
INFO:root:pop fitness: 0.16888000000000003
INFO:root:elite fitness: 0.30288
INFO:root:Generation: 36
INFO:root:pop fitness: 0.13637999999999997
INFO:root:elite fitness: 0.23739999999999997
INFO:root:Generation: 40
INFO:root:pop fitness: 0.15222
INFO:root:elite fitness: 0.25756
INFO:root:Generation: 37
INFO:root:pop fitness: 0.14950000000000002
INFO:root:elite fitness: 0.28892
INFO:root:Generation: 41
INFO:root:pop fitness: 0.15206
INFO:root:elite fitness: 0.30084
INFO:root:Generation: 38
INFO:root:pop fitness: 0.12454000000000001
INFO:root:elite fitness: 0.20736000000000002
INFO:root:Generation: 42
INFO:root:pop fitness: 0.16205999999999998
INFO:root:elite fitness: 0.28972
INFO:root:Generation: 39
INFO:root:pop fitness: 0.11416
INFO:root:elite fitness: 0.20740000000000003
INFO:root:Generation: 43
INFO:root:pop fitness: 0.14338
INFO:root:elite fitness: 0.2526
INFO:root:Generation: 40
INFO:root:pop fitness: 0.1361
INFO:root:elite fitness: 0.27864
INFO:root:Generation: 44
INFO:root:pop fitness: 0.17032000000000003
INFO:root:elite fitness: 0.32212
INFO:root:Generation: 41
INFO:root:pop fitness: 0.11498
INFO:root:elite fitness: 0.21239999999999998
INFO:root:Generation: 45
INFO:root:pop fitness: 0.14834000000000003
INFO:root:elite fitness: 0.32368
INFO:root:Generation: 42
INFO:root:pop fitness: 0.14786
INFO:root:elite fitness: 0.25596
INFO:root:Generation: 46
INFO:root:pop fitness: 0.15591999999999998
INFO:root:elite fitness: 0.2814
INFO:root:Generation: 43
INFO:root:pop fitness: 0.13426
INFO:root:elite fitness: 0.23831999999999998
INFO:root:Generation: 47
INFO:root:pop fitness: 0.14402
INFO:root:elite fitness: 0.27136
INFO:root:Generation: 44
INFO:root:pop fitness: 0.11413999999999999
INFO:root:elite fitness: 0.29212000000000005
INFO:root:Generation: 48
INFO:root:pop fitness: 0.14730000000000001
INFO:root:elite fitness: 0.28132
INFO:root:Generation: 45
INFO:root:pop fitness: 0.12849999999999998
INFO:root:elite fitness: 0.22228
INFO:root:Generation: 49
INFO:root:pop fitness: 0.17006000000000004
INFO:root:elite fitness: 0.27216
INFO:root:Generation: 46
INFO:root:pop fitness: 0.13140000000000002
INFO:root:elite fitness: 0.23936
INFO:root:Generation: 50
INFO:root:pop fitness: 0.1332
INFO:root:elite fitness: 0.25116
INFO:root:Generation: 47
INFO:root:pop fitness: 0.14346
INFO:root:elite fitness: 0.25076
INFO:root:Generation: 48
INFO:root:pop fitness: 0.14458
INFO:root:elite fitness: 0.25692
INFO:root:Generation: 51
INFO:root:pop fitness: 0.15537999999999996
INFO:root:elite fitness: 0.29111999999999993
INFO:root:Generation: 52
INFO:root:pop fitness: 0.17079999999999998
INFO:root:elite fitness: 0.28656
INFO:root:Generation: 49
INFO:root:pop fitness: 0.15362
INFO:root:elite fitness: 0.27172
INFO:root:Generation: 53
INFO:root:pop fitness: 0.16136000000000003
INFO:root:elite fitness: 0.26215999999999995
INFO:root:Generation: 50
INFO:root:pop fitness: 0.15704
INFO:root:elite fitness: 0.28592
INFO:root:Generation: 54
INFO:root:pop fitness: 0.15412
INFO:root:elite fitness: 0.27012
INFO:root:Generation: 51
INFO:root:pop fitness: 0.17316000000000004
INFO:root:elite fitness: 0.33868000000000004
INFO:root:Generation: 55
INFO:root:pop fitness: 0.16747999999999996
INFO:root:elite fitness: 0.32064
INFO:root:Generation: 52
INFO:root:pop fitness: 0.15444000000000002
INFO:root:elite fitness: 0.3014
INFO:root:Generation: 56
INFO:root:pop fitness: 0.1542
INFO:root:elite fitness: 0.28668
INFO:root:Generation: 53
INFO:root:pop fitness: 0.16554000000000002
INFO:root:elite fitness: 0.29564
INFO:root:Generation: 57
INFO:root:pop fitness: 0.15882000000000002
INFO:root:elite fitness: 0.27788
INFO:root:Generation: 58
INFO:root:pop fitness: 0.14042
INFO:root:elite fitness: 0.2972
INFO:root:Generation: 54
INFO:root:pop fitness: 0.1431
INFO:root:elite fitness: 0.25416
INFO:root:Generation: 59
INFO:root:pop fitness: 0.1514
INFO:root:elite fitness: 0.28864000000000006
INFO:root:Generation: 55
INFO:root:pop fitness: 0.15044000000000002
INFO:root:elite fitness: 0.26956
INFO:root:Generation: 60
INFO:root:pop fitness: 0.15958
INFO:root:elite fitness: 0.29116
INFO:root:Generation: 56
INFO:root:pop fitness: 0.15152
INFO:root:elite fitness: 0.30119999999999997
INFO:root:Generation: 61
INFO:root:pop fitness: 0.15088
INFO:root:elite fitness: 0.24996
INFO:root:Generation: 57
INFO:root:pop fitness: 0.15206
INFO:root:elite fitness: 0.27808
INFO:root:Generation: 62
INFO:root:pop fitness: 0.17916
INFO:root:elite fitness: 0.30632000000000004
INFO:root:Generation: 58
INFO:root:pop fitness: 0.15533999999999998
INFO:root:elite fitness: 0.25544
INFO:root:Generation: 59
INFO:root:pop fitness: 0.14550000000000002
INFO:root:elite fitness: 0.26644
INFO:root:Generation: 63
INFO:root:pop fitness: 0.14648
INFO:root:elite fitness: 0.30572000000000005
INFO:root:Generation: 60
INFO:root:pop fitness: 0.14906
INFO:root:elite fitness: 0.28715999999999997
INFO:root:Generation: 64
INFO:root:pop fitness: 0.16254
INFO:root:elite fitness: 0.33007999999999993
INFO:root:Generation: 61
INFO:root:pop fitness: 0.13606
INFO:root:elite fitness: 0.24919999999999998
INFO:root:Generation: 65
INFO:root:pop fitness: 0.13760000000000003
INFO:root:elite fitness: 0.27896
INFO:root:Generation: 62
INFO:root:pop fitness: 0.16294000000000003
INFO:root:elite fitness: 0.26632
INFO:root:Generation: 66
INFO:root:pop fitness: 0.16880000000000003
INFO:root:elite fitness: 0.32832
INFO:root:Generation: 63
INFO:root:pop fitness: 0.16381999999999997
INFO:root:elite fitness: 0.2678
INFO:root:Generation: 67
INFO:root:pop fitness: 0.14702
INFO:root:elite fitness: 0.30035999999999996
INFO:root:Generation: 64
INFO:root:pop fitness: 0.15378
INFO:root:elite fitness: 0.29248
INFO:root:Generation: 68
INFO:root:pop fitness: 0.14134
INFO:root:elite fitness: 0.29708
INFO:root:Generation: 65
INFO:root:pop fitness: 0.12708
INFO:root:elite fitness: 0.25608000000000003
INFO:root:Generation: 66
INFO:root:pop fitness: 0.14486000000000002
INFO:root:elite fitness: 0.24396
INFO:root:Generation: 69
INFO:root:pop fitness: 0.15224000000000001
INFO:root:elite fitness: 0.3042
INFO:root:Generation: 67
INFO:root:pop fitness: 0.17991999999999997
INFO:root:elite fitness: 0.31220000000000003
INFO:root:Generation: 70
INFO:root:pop fitness: 0.16765999999999998
INFO:root:elite fitness: 0.28791999999999995
INFO:root:Generation: 68
INFO:root:pop fitness: 0.16032
INFO:root:elite fitness: 0.29632000000000003
INFO:root:Generation: 71
INFO:root:pop fitness: 0.14828000000000002
INFO:root:elite fitness: 0.307
INFO:root:Generation: 69
INFO:root:pop fitness: 0.17265999999999998
INFO:root:elite fitness: 0.3336
INFO:root:Generation: 72
INFO:root:pop fitness: 0.15256
INFO:root:elite fitness: 0.28676
INFO:root:Generation: 70
INFO:root:pop fitness: 0.19082000000000005
INFO:root:elite fitness: 0.3400399999999999
INFO:root:Generation: 73
INFO:root:pop fitness: 0.20192
INFO:root:elite fitness: 0.39552
INFO:root:Generation: 71
INFO:root:pop fitness: 0.17913999999999997
INFO:root:elite fitness: 0.2934
INFO:root:Generation: 74
INFO:root:pop fitness: 0.15092
INFO:root:elite fitness: 0.30416
INFO:root:Generation: 72
INFO:root:pop fitness: 0.16323999999999997
INFO:root:elite fitness: 0.2808
INFO:root:Generation: 75
INFO:root:pop fitness: 0.15982000000000002
INFO:root:elite fitness: 0.30884
INFO:root:Generation: 73
INFO:root:pop fitness: 0.16760000000000003
INFO:root:elite fitness: 0.30444000000000004
INFO:root:Generation: 74
INFO:root:pop fitness: 0.15452
INFO:root:elite fitness: 0.29776
INFO:root:Generation: 76
INFO:root:pop fitness: 0.16516000000000003
INFO:root:elite fitness: 0.29603999999999997
INFO:root:Generation: 75
INFO:root:pop fitness: 0.14601999999999998
INFO:root:elite fitness: 0.3196
INFO:root:Generation: 77
INFO:root:pop fitness: 0.13404
INFO:root:elite fitness: 0.30035999999999996
INFO:root:Generation: 76
INFO:root:pop fitness: 0.15614
INFO:root:elite fitness: 0.30412
INFO:root:Generation: 78
INFO:root:pop fitness: 0.1577
INFO:root:elite fitness: 0.3354
INFO:root:Generation: 77
INFO:root:pop fitness: 0.14952
INFO:root:elite fitness: 0.25328
INFO:root:Generation: 79
INFO:root:pop fitness: 0.18295999999999998
INFO:root:elite fitness: 0.3730000000000001
INFO:root:Generation: 78
INFO:root:pop fitness: 0.15002
INFO:root:elite fitness: 0.36719999999999997
INFO:root:Generation: 80
INFO:root:pop fitness: 0.16046
INFO:root:elite fitness: 0.2772
INFO:root:Generation: 79
INFO:root:pop fitness: 0.17023999999999995
INFO:root:elite fitness: 0.31912
INFO:root:Generation: 81
INFO:root:pop fitness: 0.12935999999999998
INFO:root:elite fitness: 0.31468
INFO:root:Generation: 80
INFO:root:pop fitness: 0.1787
INFO:root:elite fitness: 0.30996
INFO:root:Generation: 82
INFO:root:pop fitness: 0.17224
INFO:root:elite fitness: 0.31708
INFO:root:Generation: 81
INFO:root:pop fitness: 0.17422000000000004
INFO:root:elite fitness: 0.3298
INFO:root:Generation: 83
INFO:root:pop fitness: 0.16577999999999998
INFO:root:elite fitness: 0.30492
INFO:root:Generation: 82
INFO:root:pop fitness: 0.19458000000000003
INFO:root:elite fitness: 0.33527999999999997
INFO:root:Generation: 84
INFO:root:pop fitness: 0.14638
INFO:root:elite fitness: 0.24308
INFO:root:Generation: 83
INFO:root:pop fitness: 0.18596000000000001
INFO:root:elite fitness: 0.31736
INFO:root:Generation: 85
INFO:root:pop fitness: 0.16956000000000004
INFO:root:elite fitness: 0.32223999999999997
INFO:root:Generation: 84
INFO:root:pop fitness: 0.17378
INFO:root:elite fitness: 0.34528000000000003
INFO:root:Generation: 86
INFO:root:pop fitness: 0.18068
INFO:root:elite fitness: 0.33568
INFO:root:Generation: 85
INFO:root:pop fitness: 0.19027999999999998
INFO:root:elite fitness: 0.35359999999999997
INFO:root:Generation: 86
INFO:root:pop fitness: 0.17767999999999998
INFO:root:elite fitness: 0.33039999999999997
INFO:root:Generation: 87
INFO:root:pop fitness: 0.165
INFO:root:elite fitness: 0.31679999999999997
INFO:root:Generation: 87
INFO:root:pop fitness: 0.19422
INFO:root:elite fitness: 0.36812000000000006
INFO:root:Generation: 88
INFO:root:pop fitness: 0.15800000000000003
INFO:root:elite fitness: 0.28772
INFO:root:Generation: 88
INFO:root:pop fitness: 0.20212
INFO:root:elite fitness: 0.35516
INFO:root:Generation: 89
INFO:root:pop fitness: 0.17801999999999998
INFO:root:elite fitness: 0.3142
INFO:root:Generation: 89
INFO:root:pop fitness: 0.18333999999999995
INFO:root:elite fitness: 0.38083999999999996
INFO:root:Generation: 90
INFO:root:pop fitness: 0.19643999999999995
INFO:root:elite fitness: 0.32388
INFO:root:Generation: 90
INFO:root:pop fitness: 0.18779999999999997
INFO:root:elite fitness: 0.33492
INFO:root:Generation: 91
INFO:root:pop fitness: 0.15986
INFO:root:elite fitness: 0.319
INFO:root:Generation: 91
INFO:root:pop fitness: 0.20615999999999995
INFO:root:elite fitness: 0.3495999999999999
INFO:root:Generation: 92
INFO:root:pop fitness: 0.17743999999999996
INFO:root:elite fitness: 0.35603999999999997
INFO:root:Generation: 92
INFO:root:pop fitness: 0.20238
INFO:root:elite fitness: 0.33964
INFO:root:Generation: 93
INFO:root:pop fitness: 0.20268
INFO:root:elite fitness: 0.36268
INFO:root:Generation: 93
INFO:root:pop fitness: 0.17719999999999994
INFO:root:elite fitness: 0.35164
INFO:root:Generation: 94
INFO:root:pop fitness: 0.2184
INFO:root:elite fitness: 0.39048
INFO:root:Generation: 94
INFO:root:pop fitness: 0.17584
INFO:root:elite fitness: 0.31692
INFO:root:Generation: 95
INFO:root:pop fitness: 0.20013999999999998
INFO:root:elite fitness: 0.35340000000000005
INFO:root:Generation: 95
INFO:root:pop fitness: 0.16270000000000004
INFO:root:elite fitness: 0.34792
INFO:root:Generation: 96
INFO:root:pop fitness: 0.21738
INFO:root:elite fitness: 0.35092
INFO:root:Generation: 96
INFO:root:pop fitness: 0.21388000000000001
INFO:root:elite fitness: 0.39496
INFO:root:Generation: 97
INFO:root:pop fitness: 0.17572
INFO:root:elite fitness: 0.28031999999999996
INFO:root:Generation: 97
INFO:root:pop fitness: 0.17292
INFO:root:elite fitness: 0.35876
INFO:root:Generation: 98
INFO:root:pop fitness: 0.17588
INFO:root:elite fitness: 0.28224
INFO:root:Generation: 99
INFO:root:pop fitness: 0.18172
INFO:root:elite fitness: 0.30676
INFO:root:Generation: 98
INFO:root:pop fitness: 0.19048
INFO:root:elite fitness: 0.37744000000000005
INFO:root:Generation: 100
INFO:root:pop fitness: 0.17870000000000005
INFO:root:elite fitness: 0.35828000000000004
INFO:root:Generation: 99
INFO:root:pop fitness: 0.18612
INFO:root:elite fitness: 0.34844
INFO:root:Generation: 101
INFO:root:pop fitness: 0.19412
INFO:root:elite fitness: 0.3206399999999999
INFO:root:Generation: 100
INFO:root:pop fitness: 0.18500000000000003
INFO:root:elite fitness: 0.36976
INFO:root:Generation: 102
INFO:root:pop fitness: 0.21042000000000002
INFO:root:elite fitness: 0.38083999999999996
INFO:root:Generation: 101
INFO:root:pop fitness: 0.16932
INFO:root:elite fitness: 0.34428000000000003
INFO:root:Generation: 103
INFO:root:pop fitness: 0.19834
INFO:root:elite fitness: 0.35096000000000005
INFO:root:Generation: 102
INFO:root:pop fitness: 0.1945
INFO:root:elite fitness: 0.4047200000000001
INFO:root:Generation: 104
INFO:root:pop fitness: 0.1986
INFO:root:elite fitness: 0.36036
INFO:root:Generation: 103
INFO:root:pop fitness: 0.19203999999999996
INFO:root:elite fitness: 0.33756
INFO:root:Generation: 105
INFO:root:pop fitness: 0.1874
INFO:root:elite fitness: 0.34468
INFO:root:Generation: 104
INFO:root:pop fitness: 0.17959999999999998
INFO:root:elite fitness: 0.34052
INFO:root:Generation: 106
INFO:root:pop fitness: 0.18721999999999997
INFO:root:elite fitness: 0.28791999999999995
INFO:root:Generation: 105
INFO:root:pop fitness: 0.16086000000000003
INFO:root:elite fitness: 0.32432
INFO:root:Generation: 107
INFO:root:pop fitness: 0.21151999999999999
INFO:root:elite fitness: 0.36132
INFO:root:Generation: 108
INFO:root:pop fitness: 0.19912
INFO:root:elite fitness: 0.3736
INFO:root:Generation: 106
INFO:root:pop fitness: 0.18789999999999998
INFO:root:elite fitness: 0.33787999999999996
INFO:root:Generation: 109
INFO:root:pop fitness: 0.17045999999999994
INFO:root:elite fitness: 0.3498800000000001
INFO:root:Generation: 107
INFO:root:pop fitness: 0.1941
INFO:root:elite fitness: 0.33604
INFO:root:Generation: 110
INFO:root:pop fitness: 0.19821999999999998
INFO:root:elite fitness: 0.35231999999999997
INFO:root:Generation: 108
INFO:root:pop fitness: 0.15602
INFO:root:elite fitness: 0.36695999999999995
INFO:root:Generation: 111
INFO:root:pop fitness: 0.20112
INFO:root:elite fitness: 0.3784799999999999
INFO:root:Generation: 109
INFO:root:pop fitness: 0.17976
INFO:root:elite fitness: 0.32204
INFO:root:Generation: 112
INFO:root:pop fitness: 0.18232000000000004
INFO:root:elite fitness: 0.32972
INFO:root:Generation: 110
INFO:root:pop fitness: 0.18916
INFO:root:elite fitness: 0.3986
INFO:root:Generation: 113
INFO:root:pop fitness: 0.18588000000000002
INFO:root:elite fitness: 0.33771999999999996
INFO:root:Generation: 111
INFO:root:pop fitness: 0.19134
INFO:root:elite fitness: 0.30936
INFO:root:Generation: 114
INFO:root:pop fitness: 0.17852000000000004
INFO:root:elite fitness: 0.36300000000000004
INFO:root:Generation: 112
INFO:root:pop fitness: 0.18460000000000001
INFO:root:elite fitness: 0.32556000000000007
INFO:root:Generation: 115
INFO:root:pop fitness: 0.18322000000000002
INFO:root:elite fitness: 0.29628
INFO:root:Generation: 116
INFO:root:pop fitness: 0.2015
INFO:root:elite fitness: 0.33576
INFO:root:Generation: 113
INFO:root:pop fitness: 0.18756
INFO:root:elite fitness: 0.3138
INFO:root:Generation: 117
INFO:root:pop fitness: 0.18748000000000004
INFO:root:elite fitness: 0.33912
INFO:root:Generation: 114
INFO:root:pop fitness: 0.18239999999999998
INFO:root:elite fitness: 0.34568000000000004
INFO:root:Generation: 118
INFO:root:pop fitness: 0.18674000000000002
INFO:root:elite fitness: 0.35483999999999993
INFO:root:Generation: 115
INFO:root:pop fitness: 0.18543999999999997
INFO:root:elite fitness: 0.29835999999999996
INFO:root:Generation: 119
INFO:root:pop fitness: 0.1909
INFO:root:elite fitness: 0.32415999999999995
INFO:root:Generation: 116
INFO:root:pop fitness: 0.19061999999999998
INFO:root:elite fitness: 0.35580000000000006
INFO:root:Generation: 120
INFO:root:pop fitness: 0.19025999999999998
INFO:root:elite fitness: 0.36412000000000005
INFO:root:Generation: 117
INFO:root:pop fitness: 0.19841999999999999
INFO:root:elite fitness: 0.39416000000000007
INFO:root:Generation: 121
INFO:root:pop fitness: 0.21816
INFO:root:elite fitness: 0.4064
INFO:root:Generation: 122
INFO:root:pop fitness: 0.18234000000000003
INFO:root:elite fitness: 0.39688
INFO:root:Generation: 118
INFO:root:pop fitness: 0.16816000000000003
INFO:root:elite fitness: 0.30352
INFO:root:Generation: 123
INFO:root:pop fitness: 0.19885999999999998
INFO:root:elite fitness: 0.3464
INFO:root:Generation: 119
INFO:root:pop fitness: 0.18239999999999998
INFO:root:elite fitness: 0.33647999999999995
INFO:root:Generation: 124
INFO:root:pop fitness: 0.19932
INFO:root:elite fitness: 0.36968
INFO:root:Generation: 120
INFO:root:pop fitness: 0.16612
INFO:root:elite fitness: 0.29892
INFO:root:Generation: 125
INFO:root:pop fitness: 0.19268000000000002
INFO:root:elite fitness: 0.32476
INFO:root:Generation: 121
INFO:root:pop fitness: 0.1924
INFO:root:elite fitness: 0.40364
INFO:root:Generation: 126
INFO:root:pop fitness: 0.18273999999999999
INFO:root:elite fitness: 0.33592
INFO:root:Generation: 122
INFO:root:pop fitness: 0.18874
INFO:root:elite fitness: 0.37263999999999997
INFO:root:Generation: 127
INFO:root:pop fitness: 0.1943
INFO:root:elite fitness: 0.38724
INFO:root:Generation: 123
INFO:root:pop fitness: 0.17076
INFO:root:elite fitness: 0.33108000000000004
INFO:root:Generation: 128
INFO:root:pop fitness: 0.21924
INFO:root:elite fitness: 0.3674
INFO:root:Generation: 124
INFO:root:pop fitness: 0.16771999999999998
INFO:root:elite fitness: 0.33199999999999996
INFO:root:Generation: 129
INFO:root:pop fitness: 0.215
INFO:root:elite fitness: 0.35119999999999996
INFO:root:Generation: 125
INFO:root:pop fitness: 0.19428
INFO:root:elite fitness: 0.31148
INFO:root:Generation: 130
INFO:root:pop fitness: 0.20803999999999997
INFO:root:elite fitness: 0.34775999999999996
INFO:root:Generation: 126
INFO:root:pop fitness: 0.19168
INFO:root:elite fitness: 0.36404000000000003
INFO:root:Generation: 131
INFO:root:pop fitness: 0.20502000000000004
INFO:root:elite fitness: 0.35504
INFO:root:Generation: 127
INFO:root:pop fitness: 0.21094000000000002
INFO:root:elite fitness: 0.39496000000000003
INFO:root:Generation: 132
INFO:root:pop fitness: 0.19396000000000002
INFO:root:elite fitness: 0.34952
INFO:root:Generation: 128
INFO:root:pop fitness: 0.18632
INFO:root:elite fitness: 0.3096
INFO:root:Generation: 133
INFO:root:pop fitness: 0.2064
INFO:root:elite fitness: 0.3668
INFO:root:Generation: 129
INFO:root:pop fitness: 0.17714
INFO:root:elite fitness: 0.33676
INFO:root:Generation: 134
INFO:root:pop fitness: 0.20550000000000004
INFO:root:elite fitness: 0.41628
INFO:root:Generation: 130
INFO:root:pop fitness: 0.17351999999999998
INFO:root:elite fitness: 0.25788
INFO:root:Generation: 135
INFO:root:pop fitness: 0.20476
INFO:root:elite fitness: 0.31536000000000003
INFO:root:Generation: 131
INFO:root:pop fitness: 0.19896
INFO:root:elite fitness: 0.30760000000000004
INFO:root:Generation: 136
INFO:root:pop fitness: 0.20414000000000004
INFO:root:elite fitness: 0.3634799999999999
INFO:root:Generation: 132
INFO:root:pop fitness: 0.18710000000000002
INFO:root:elite fitness: 0.30596
INFO:root:Generation: 137
INFO:root:pop fitness: 0.2061
INFO:root:elite fitness: 0.34808
INFO:root:Generation: 133
INFO:root:pop fitness: 0.21067999999999998
INFO:root:elite fitness: 0.36576000000000003
INFO:root:Generation: 138
INFO:root:pop fitness: 0.22424
INFO:root:elite fitness: 0.3952400000000001
INFO:root:Generation: 134
INFO:root:pop fitness: 0.18904000000000004
INFO:root:elite fitness: 0.33604
INFO:root:Generation: 139
INFO:root:pop fitness: 0.20465999999999998
INFO:root:elite fitness: 0.33159999999999995
INFO:root:Generation: 135
INFO:root:pop fitness: 0.2225
INFO:root:elite fitness: 0.42800000000000005
INFO:root:Generation: 140
INFO:root:pop fitness: 0.21584
INFO:root:elite fitness: 0.38704
INFO:root:Generation: 136
INFO:root:pop fitness: 0.21096
INFO:root:elite fitness: 0.36840000000000006
INFO:root:Generation: 141
INFO:root:pop fitness: 0.22358000000000003
INFO:root:elite fitness: 0.33652
INFO:root:Generation: 137
INFO:root:pop fitness: 0.2045
INFO:root:elite fitness: 0.32104
INFO:root:Generation: 142
INFO:root:pop fitness: 0.20244
INFO:root:elite fitness: 0.41184000000000004
INFO:root:Generation: 138
INFO:root:pop fitness: 0.18853999999999999
INFO:root:elite fitness: 0.3926
INFO:root:Generation: 143
INFO:root:pop fitness: 0.19796000000000002
INFO:root:elite fitness: 0.36340000000000006
INFO:root:Generation: 139
INFO:root:pop fitness: 0.19958
INFO:root:elite fitness: 0.40436
INFO:root:Generation: 144
INFO:root:pop fitness: 0.20318000000000003
INFO:root:elite fitness: 0.36188000000000003
INFO:root:Generation: 140
INFO:root:pop fitness: 0.21245999999999998
INFO:root:elite fitness: 0.3736
INFO:root:Generation: 145
INFO:root:pop fitness: 0.23138000000000003
INFO:root:elite fitness: 0.40948
INFO:root:Generation: 141
INFO:root:pop fitness: 0.18489999999999998
INFO:root:elite fitness: 0.3188
INFO:root:Generation: 146
INFO:root:pop fitness: 0.18590000000000004
INFO:root:elite fitness: 0.3236
INFO:root:Generation: 142
INFO:root:pop fitness: 0.17196
INFO:root:elite fitness: 0.29347999999999996
INFO:root:Generation: 147
INFO:root:pop fitness: 0.21184000000000006
INFO:root:elite fitness: 0.34968
INFO:root:Generation: 148
INFO:root:pop fitness: 0.18886000000000003
INFO:root:elite fitness: 0.34096000000000004
INFO:root:Generation: 143
INFO:root:pop fitness: 0.1943
INFO:root:elite fitness: 0.32076
INFO:root:Generation: 149
INFO:root:pop fitness: 0.22464000000000003
INFO:root:elite fitness: 0.36376
INFO:root:Generation: 144
INFO:root:pop fitness: 0.17800000000000002
INFO:root:elite fitness: 0.3604
INFO:root:Generation: 150
INFO:root:pop fitness: 0.2023
INFO:root:elite fitness: 0.36924
INFO:root:Generation: 145
INFO:root:pop fitness: 0.18386
INFO:root:elite fitness: 0.32764000000000004
INFO:root:Generation: 151
INFO:root:pop fitness: 0.21900000000000003
INFO:root:elite fitness: 0.38016
INFO:root:Generation: 146
INFO:root:pop fitness: 0.18824
INFO:root:elite fitness: 0.30328000000000005
INFO:root:Generation: 152
INFO:root:pop fitness: 0.19908
INFO:root:elite fitness: 0.353
INFO:root:Generation: 147
INFO:root:pop fitness: 0.1941
INFO:root:elite fitness: 0.34668000000000004
INFO:root:Generation: 153
INFO:root:pop fitness: 0.215
INFO:root:elite fitness: 0.34199999999999997
INFO:root:Generation: 148
INFO:root:pop fitness: 0.1877
INFO:root:elite fitness: 0.3614
INFO:root:Generation: 154
INFO:root:pop fitness: 0.21798
INFO:root:elite fitness: 0.36168000000000006
INFO:root:Generation: 149
INFO:root:pop fitness: 0.18526000000000004
INFO:root:elite fitness: 0.30928
INFO:root:Generation: 155
INFO:root:pop fitness: 0.18992
INFO:root:elite fitness: 0.3344
INFO:root:Generation: 150
INFO:root:pop fitness: 0.17303999999999997
INFO:root:elite fitness: 0.3136
INFO:root:Generation: 156
INFO:root:pop fitness: 0.19777999999999998
INFO:root:elite fitness: 0.37723999999999996
INFO:root:Generation: 151
INFO:root:pop fitness: 0.18088
INFO:root:elite fitness: 0.30676000000000003
INFO:root:Generation: 157
INFO:root:pop fitness: 0.20028
INFO:root:elite fitness: 0.3955200000000001
INFO:root:Generation: 152
INFO:root:pop fitness: 0.16558
INFO:root:elite fitness: 0.31367999999999996
INFO:root:Generation: 158
INFO:root:pop fitness: 0.21736
INFO:root:elite fitness: 0.38008000000000003
INFO:root:Generation: 153
INFO:root:pop fitness: 0.18630000000000002
INFO:root:elite fitness: 0.37711999999999996
INFO:root:Generation: 159
INFO:root:pop fitness: 0.19325999999999996
INFO:root:elite fitness: 0.3326
INFO:root:Generation: 160
INFO:root:pop fitness: 0.2008
INFO:root:elite fitness: 0.37648
INFO:root:Generation: 154
INFO:root:pop fitness: 0.17759999999999998
INFO:root:elite fitness: 0.30448000000000003
INFO:root:Generation: 161
INFO:root:pop fitness: 0.18248
INFO:root:elite fitness: 0.36036
INFO:root:Generation: 155
INFO:root:pop fitness: 0.1805
INFO:root:elite fitness: 0.33724000000000004
INFO:root:Generation: 162
INFO:root:pop fitness: 0.17489999999999997
INFO:root:elite fitness: 0.30132000000000003
INFO:root:Generation: 156
INFO:root:pop fitness: 0.18464
INFO:root:elite fitness: 0.28972
INFO:root:Generation: 163
INFO:root:pop fitness: 0.17443999999999998
INFO:root:elite fitness: 0.32927999999999996
INFO:root:Generation: 157
INFO:root:pop fitness: 0.21911999999999998
INFO:root:elite fitness: 0.34912
INFO:root:Generation: 164
INFO:root:pop fitness: 0.18582000000000007
INFO:root:elite fitness: 0.31164
INFO:root:Generation: 158
INFO:root:pop fitness: 0.18152000000000001
INFO:root:elite fitness: 0.3092
INFO:root:Generation: 165
INFO:root:pop fitness: 0.22358
INFO:root:elite fitness: 0.37676000000000004
INFO:root:Generation: 159
INFO:root:pop fitness: 0.20375999999999997
INFO:root:elite fitness: 0.36376
INFO:root:Generation: 166
INFO:root:pop fitness: 0.20992
INFO:root:elite fitness: 0.36963999999999997
INFO:root:Generation: 160
INFO:root:pop fitness: 0.21720000000000003
INFO:root:elite fitness: 0.36308000000000007
INFO:root:Generation: 167
INFO:root:pop fitness: 0.21639999999999998
INFO:root:elite fitness: 0.33760000000000007
INFO:root:Generation: 168
INFO:root:pop fitness: 0.21841999999999998
INFO:root:elite fitness: 0.414
INFO:root:Generation: 161
INFO:root:pop fitness: 0.19311999999999993
INFO:root:elite fitness: 0.31668
INFO:root:Generation: 169
INFO:root:pop fitness: 0.21774000000000002
INFO:root:elite fitness: 0.38420000000000004
INFO:root:Generation: 162
INFO:root:pop fitness: 0.2039
INFO:root:elite fitness: 0.33891999999999994
INFO:root:Generation: 170
INFO:root:pop fitness: 0.19718
INFO:root:elite fitness: 0.33895999999999993
INFO:root:Generation: 163
INFO:root:pop fitness: 0.21777999999999997
INFO:root:elite fitness: 0.34903999999999996
INFO:root:Generation: 171
INFO:root:pop fitness: 0.21150000000000002
INFO:root:elite fitness: 0.36004
INFO:root:Generation: 164
INFO:root:pop fitness: 0.22188
INFO:root:elite fitness: 0.34996000000000005
INFO:root:Generation: 172
INFO:root:pop fitness: 0.19252
INFO:root:elite fitness: 0.31068
INFO:root:Generation: 165
INFO:root:pop fitness: 0.20544000000000004
INFO:root:elite fitness: 0.39796
INFO:root:Generation: 173
INFO:root:pop fitness: 0.2091
INFO:root:elite fitness: 0.37836
INFO:root:Generation: 166
INFO:root:pop fitness: 0.23384
INFO:root:elite fitness: 0.38128
INFO:root:Generation: 174
INFO:root:pop fitness: 0.20316000000000004
INFO:root:elite fitness: 0.34119999999999995
INFO:root:Generation: 167
INFO:root:pop fitness: 0.20108
INFO:root:elite fitness: 0.33356
INFO:root:Generation: 175
INFO:root:pop fitness: 0.21462
INFO:root:elite fitness: 0.36108000000000007
INFO:root:Generation: 168
INFO:root:pop fitness: 0.22649999999999998
INFO:root:elite fitness: 0.35704
INFO:root:Generation: 176
INFO:root:pop fitness: 0.21708000000000005
INFO:root:elite fitness: 0.35796000000000006
INFO:root:Generation: 169
INFO:root:pop fitness: 0.21539999999999998
INFO:root:elite fitness: 0.35336000000000006
INFO:root:Generation: 177
INFO:root:pop fitness: 0.21722000000000002
INFO:root:elite fitness: 0.35892
INFO:root:Generation: 170
INFO:root:pop fitness: 0.21310000000000007
INFO:root:elite fitness: 0.40712
INFO:root:Generation: 178
INFO:root:pop fitness: 0.21477999999999997
INFO:root:elite fitness: 0.37811999999999996
INFO:root:Generation: 171
INFO:root:pop fitness: 0.2065
INFO:root:elite fitness: 0.34088
INFO:root:Generation: 179
INFO:root:pop fitness: 0.21218000000000004
INFO:root:elite fitness: 0.36044
INFO:root:Generation: 180
INFO:root:pop fitness: 0.20314
INFO:root:elite fitness: 0.35092
INFO:root:Generation: 172
INFO:root:pop fitness: 0.17428000000000005
INFO:root:elite fitness: 0.30788
INFO:root:Generation: 181
INFO:root:pop fitness: 0.20550000000000002
INFO:root:elite fitness: 0.3874
INFO:root:Generation: 173
INFO:root:pop fitness: 0.21402
INFO:root:elite fitness: 0.37448
INFO:root:Generation: 182
INFO:root:pop fitness: 0.20720000000000002
INFO:root:elite fitness: 0.42155999999999993
INFO:root:Generation: 174
INFO:root:pop fitness: 0.20142
INFO:root:elite fitness: 0.34288
INFO:root:Generation: 183
INFO:root:pop fitness: 0.19354
INFO:root:elite fitness: 0.34915999999999997
INFO:root:Generation: 175
INFO:root:pop fitness: 0.19621999999999995
INFO:root:elite fitness: 0.34012
INFO:root:Generation: 184
INFO:root:pop fitness: 0.22062000000000004
INFO:root:elite fitness: 0.34992000000000006
INFO:root:Generation: 176
INFO:root:pop fitness: 0.21151999999999999
INFO:root:elite fitness: 0.3584399999999999
INFO:root:Generation: 185
INFO:root:pop fitness: 0.21456
INFO:root:elite fitness: 0.40096000000000004
INFO:root:Generation: 177
INFO:root:pop fitness: 0.17568
INFO:root:elite fitness: 0.36928000000000005
INFO:root:Generation: 186
INFO:root:pop fitness: 0.20398
INFO:root:elite fitness: 0.36712000000000006
INFO:root:Generation: 178
INFO:root:pop fitness: 0.18375999999999998
INFO:root:elite fitness: 0.30207999999999996
INFO:root:Generation: 187
INFO:root:pop fitness: 0.20687999999999998
INFO:root:elite fitness: 0.42011999999999994
INFO:root:Generation: 179
INFO:root:pop fitness: 0.17564
INFO:root:elite fitness: 0.31068
INFO:root:Generation: 188
INFO:root:pop fitness: 0.20564
INFO:root:elite fitness: 0.38392
INFO:root:Generation: 180
INFO:root:pop fitness: 0.18252
INFO:root:elite fitness: 0.30163999999999996
INFO:root:Generation: 189
INFO:root:pop fitness: 0.2146
INFO:root:elite fitness: 0.36103999999999997
INFO:root:Generation: 181
INFO:root:pop fitness: 0.20196000000000003
INFO:root:elite fitness: 0.44456
INFO:root:Generation: 190
INFO:root:pop fitness: 0.2005
INFO:root:elite fitness: 0.34872
INFO:root:Generation: 182
INFO:root:pop fitness: 0.22835999999999998
INFO:root:elite fitness: 0.39484
INFO:root:Generation: 191
INFO:root:pop fitness: 0.19806
INFO:root:elite fitness: 0.36492
INFO:root:Generation: 192
INFO:root:pop fitness: 0.20278
INFO:root:elite fitness: 0.33572
INFO:root:Generation: 183
INFO:root:pop fitness: 0.18532000000000004
INFO:root:elite fitness: 0.36816000000000004
INFO:root:Generation: 193
INFO:root:pop fitness: 0.19762000000000002
INFO:root:elite fitness: 0.31623999999999997
INFO:root:Generation: 184
INFO:root:pop fitness: 0.18578000000000003
INFO:root:elite fitness: 0.33132000000000006
INFO:root:Generation: 194
INFO:root:pop fitness: 0.18130000000000002
INFO:root:elite fitness: 0.35624
INFO:root:Generation: 185
INFO:root:pop fitness: 0.19560000000000002
INFO:root:elite fitness: 0.34019999999999995
INFO:root:Generation: 195
INFO:root:pop fitness: 0.21204
INFO:root:elite fitness: 0.43107999999999996
INFO:root:Generation: 186
INFO:root:pop fitness: 0.20567999999999997
INFO:root:elite fitness: 0.35348000000000007
INFO:root:Generation: 196
INFO:root:pop fitness: 0.21362000000000003
INFO:root:elite fitness: 0.32584
INFO:root:Generation: 187
INFO:root:pop fitness: 0.17208
INFO:root:elite fitness: 0.30248
INFO:root:Generation: 197
INFO:root:pop fitness: 0.19816
INFO:root:elite fitness: 0.37855999999999995
INFO:root:Generation: 188
INFO:root:pop fitness: 0.17144
INFO:root:elite fitness: 0.2944
INFO:root:Generation: 198
INFO:root:pop fitness: 0.20874000000000004
INFO:root:elite fitness: 0.3423999999999999
INFO:root:Generation: 189
INFO:root:pop fitness: 0.16472
INFO:root:elite fitness: 0.30964
INFO:root:Generation: 199
INFO:root:pop fitness: 0.18045999999999998
INFO:root:elite fitness: 0.30560000000000004
INFO:root:Generation: 190
INFO:root:pop fitness: 0.19029999999999997
INFO:root:elite fitness: 0.3288
INFO:root:Generation: 191
INFO:root:pop fitness: 0.21671999999999997
INFO:root:elite fitness: 0.3554
INFO:root:Generation: 192
INFO:root:pop fitness: 0.19616000000000003
INFO:root:elite fitness: 0.32732
INFO:root:Generation: 193
INFO:root:pop fitness: 0.19640000000000002
INFO:root:elite fitness: 0.30563999999999997
INFO:root:Generation: 194
INFO:root:pop fitness: 0.19138
INFO:root:elite fitness: 0.32867999999999997
INFO:root:Generation: 195
INFO:root:pop fitness: 0.18774000000000002
INFO:root:elite fitness: 0.33803999999999995
INFO:root:Generation: 196
INFO:root:pop fitness: 0.18411999999999998
INFO:root:elite fitness: 0.3184
INFO:root:Generation: 197
INFO:root:pop fitness: 0.20287999999999998
INFO:root:elite fitness: 0.34692
INFO:root:Generation: 198
INFO:root:pop fitness: 0.20465999999999998
INFO:root:elite fitness: 0.35760000000000003
INFO:root:Generation: 199
INFO:root:pop fitness: 0.19334000000000004
INFO:root:elite fitness: 0.31128000000000006
