INFO:root:run_master: Namespace(arms='10', hidden='32', layers='1', max_gen='200', message='', mutation_mag='0.1', name='nonStationary_v2', noise=True, pop_size='150', save_result=True, trials='100')
INFO:root:run_master: Namespace(arms='10', hidden='32', layers='1', max_gen='200', message='', mutation_mag='0.1', name='nonStationary_v2', noise=False, pop_size='150', save_result=True, trials='100')
INFO:root:Generation: 0
INFO:root:pop fitness: 0.09904666666666666
INFO:root:elite fitness: 0.11213333333333333
INFO:root:Generation: 0
INFO:root:pop fitness: 0.09874666666666665
INFO:root:elite fitness: 0.11216000000000001
INFO:root:Generation: 1
INFO:root:pop fitness: 0.10127333333333333
INFO:root:elite fitness: 0.11814666666666665
INFO:root:Generation: 1
INFO:root:pop fitness: 0.09976666666666666
INFO:root:elite fitness: 0.11310666666666665
INFO:root:Generation: 2
INFO:root:pop fitness: 0.09808
INFO:root:elite fitness: 0.11981333333333334
INFO:root:Generation: 2
INFO:root:pop fitness: 0.10078
INFO:root:elite fitness: 0.1212
INFO:root:Generation: 3
INFO:root:pop fitness: 0.1
INFO:root:elite fitness: 0.13322666666666666
INFO:root:Generation: 3
INFO:root:pop fitness: 0.09945333333333332
INFO:root:elite fitness: 0.12348000000000002
INFO:root:Generation: 4
INFO:root:pop fitness: 0.10063333333333334
INFO:root:elite fitness: 0.1407733333333333
INFO:root:Generation: 4
INFO:root:pop fitness: 0.10183333333333332
INFO:root:elite fitness: 0.13317333333333334
INFO:root:Generation: 5
INFO:root:pop fitness: 0.10360666666666665
INFO:root:elite fitness: 0.14434666666666665
INFO:root:Generation: 5
INFO:root:pop fitness: 0.10190666666666666
INFO:root:elite fitness: 0.1404
INFO:root:Generation: 6
INFO:root:pop fitness: 0.10638
INFO:root:elite fitness: 0.15755999999999998
INFO:root:Generation: 6
INFO:root:pop fitness: 0.10086666666666666
INFO:root:elite fitness: 0.14357333333333333
INFO:root:Generation: 7
INFO:root:pop fitness: 0.10391333333333333
INFO:root:elite fitness: 0.1538
INFO:root:Generation: 7
INFO:root:pop fitness: 0.09689333333333333
INFO:root:elite fitness: 0.1468533333333333
INFO:root:Generation: 8
INFO:root:pop fitness: 0.10964000000000002
INFO:root:elite fitness: 0.16662666666666667
INFO:root:Generation: 8
INFO:root:pop fitness: 0.10640666666666666
INFO:root:elite fitness: 0.17254666666666668
INFO:root:Generation: 9
INFO:root:pop fitness: 0.10357333333333334
INFO:root:elite fitness: 0.16953333333333337
INFO:root:Generation: 9
INFO:root:pop fitness: 0.10630666666666666
INFO:root:elite fitness: 0.16126666666666667
INFO:root:Generation: 10
INFO:root:pop fitness: 0.10019333333333333
INFO:root:elite fitness: 0.16143999999999997
INFO:root:Generation: 11
INFO:root:pop fitness: 0.10737333333333335
INFO:root:elite fitness: 0.17124
INFO:root:Generation: 10
INFO:root:pop fitness: 0.09276
INFO:root:elite fitness: 0.1589866666666667
INFO:root:Generation: 11
INFO:root:pop fitness: 0.09945333333333332
INFO:root:elite fitness: 0.16653333333333334
INFO:root:Generation: 12
INFO:root:pop fitness: 0.10563333333333334
INFO:root:elite fitness: 0.17008000000000004
INFO:root:Generation: 12
INFO:root:pop fitness: 0.10408666666666666
INFO:root:elite fitness: 0.17041333333333333
INFO:root:Generation: 13
INFO:root:pop fitness: 0.11210666666666669
INFO:root:elite fitness: 0.18475999999999998
INFO:root:Generation: 13
INFO:root:pop fitness: 0.10954666666666668
INFO:root:elite fitness: 0.18493333333333334
INFO:root:Generation: 14
INFO:root:pop fitness: 0.10541999999999999
INFO:root:elite fitness: 0.16867999999999997
INFO:root:Generation: 14
INFO:root:pop fitness: 0.10525999999999999
INFO:root:elite fitness: 0.17594666666666664
INFO:root:Generation: 15
INFO:root:pop fitness: 0.10376
INFO:root:elite fitness: 0.20302666666666666
INFO:root:Generation: 15
INFO:root:pop fitness: 0.1098
INFO:root:elite fitness: 0.19629333333333332
INFO:root:Generation: 16
INFO:root:pop fitness: 0.11596000000000001
INFO:root:elite fitness: 0.20272
INFO:root:Generation: 16
INFO:root:pop fitness: 0.11304666666666667
INFO:root:elite fitness: 0.17959999999999998
INFO:root:Generation: 17
INFO:root:pop fitness: 0.10601333333333333
INFO:root:elite fitness: 0.1721733333333333
INFO:root:Generation: 18
INFO:root:pop fitness: 0.11433333333333334
INFO:root:elite fitness: 0.20058666666666666
INFO:root:Generation: 17
INFO:root:pop fitness: 0.11057333333333333
INFO:root:elite fitness: 0.17997333333333332
INFO:root:Generation: 19
INFO:root:pop fitness: 0.11559333333333335
INFO:root:elite fitness: 0.1897333333333333
INFO:root:Generation: 18
INFO:root:pop fitness: 0.10856666666666664
INFO:root:elite fitness: 0.19715999999999997
INFO:root:Generation: 20
INFO:root:pop fitness: 0.11309999999999998
INFO:root:elite fitness: 0.20026666666666665
INFO:root:Generation: 21
INFO:root:pop fitness: 0.11258666666666665
INFO:root:elite fitness: 0.1874666666666667
INFO:root:Generation: 19
INFO:root:pop fitness: 0.11521333333333336
INFO:root:elite fitness: 0.20316000000000004
INFO:root:Generation: 22
INFO:root:pop fitness: 0.11535333333333334
INFO:root:elite fitness: 0.2046933333333333
INFO:root:Generation: 20
INFO:root:pop fitness: 0.11496666666666668
INFO:root:elite fitness: 0.1874
INFO:root:Generation: 23
INFO:root:pop fitness: 0.10993333333333334
INFO:root:elite fitness: 0.1901733333333333
INFO:root:Generation: 21
INFO:root:pop fitness: 0.10706666666666668
INFO:root:elite fitness: 0.1983333333333333
INFO:root:Generation: 22
INFO:root:pop fitness: 0.11566666666666668
INFO:root:elite fitness: 0.22105333333333335
INFO:root:Generation: 24
INFO:root:pop fitness: 0.11638666666666665
INFO:root:elite fitness: 0.2266133333333333
INFO:root:Generation: 23
INFO:root:pop fitness: 0.11627333333333333
INFO:root:elite fitness: 0.18901333333333334
INFO:root:Generation: 25
INFO:root:pop fitness: 0.11077333333333333
INFO:root:elite fitness: 0.2165733333333333
INFO:root:Generation: 24
INFO:root:pop fitness: 0.10618000000000001
INFO:root:elite fitness: 0.1945333333333333
INFO:root:Generation: 26
INFO:root:pop fitness: 0.12163333333333334
INFO:root:elite fitness: 0.20313333333333336
INFO:root:Generation: 25
INFO:root:pop fitness: 0.11346000000000002
INFO:root:elite fitness: 0.2101066666666667
INFO:root:Generation: 26
INFO:root:pop fitness: 0.11341333333333334
INFO:root:elite fitness: 0.22073333333333334
INFO:root:Generation: 27
INFO:root:pop fitness: 0.11395999999999998
INFO:root:elite fitness: 0.19428
INFO:root:Generation: 27
INFO:root:pop fitness: 0.11734666666666667
INFO:root:elite fitness: 0.20708
INFO:root:Generation: 28
INFO:root:pop fitness: 0.11572
INFO:root:elite fitness: 0.21590666666666664
INFO:root:Generation: 28
INFO:root:pop fitness: 0.12564666666666666
INFO:root:elite fitness: 0.20986666666666667
INFO:root:Generation: 29
INFO:root:pop fitness: 0.10955333333333334
INFO:root:elite fitness: 0.20689333333333335
INFO:root:Generation: 29
INFO:root:pop fitness: 0.11951333333333333
INFO:root:elite fitness: 0.23239999999999994
INFO:root:Generation: 30
INFO:root:pop fitness: 0.11963333333333331
INFO:root:elite fitness: 0.20661333333333332
INFO:root:Generation: 30
INFO:root:pop fitness: 0.10508
INFO:root:elite fitness: 0.19981333333333334
INFO:root:Generation: 31
INFO:root:pop fitness: 0.11299333333333335
INFO:root:elite fitness: 0.19695999999999997
INFO:root:Generation: 31
INFO:root:pop fitness: 0.12508
INFO:root:elite fitness: 0.22695999999999994
INFO:root:Generation: 32
INFO:root:pop fitness: 0.10365333333333333
INFO:root:elite fitness: 0.20073333333333332
INFO:root:Generation: 32
INFO:root:pop fitness: 0.12282666666666667
INFO:root:elite fitness: 0.21098666666666663
INFO:root:Generation: 33
INFO:root:pop fitness: 0.10447333333333333
INFO:root:elite fitness: 0.18177333333333334
INFO:root:Generation: 33
INFO:root:pop fitness: 0.11402000000000001
INFO:root:elite fitness: 0.18680000000000002
INFO:root:Generation: 34
INFO:root:pop fitness: 0.10926666666666666
INFO:root:elite fitness: 0.19128
INFO:root:Generation: 34
INFO:root:pop fitness: 0.12194666666666668
INFO:root:elite fitness: 0.23181333333333337
INFO:root:Generation: 35
INFO:root:pop fitness: 0.10936000000000003
INFO:root:elite fitness: 0.19378666666666666
INFO:root:Generation: 35
INFO:root:pop fitness: 0.12458666666666668
INFO:root:elite fitness: 0.21286666666666668
INFO:root:Generation: 36
INFO:root:pop fitness: 0.12077333333333333
INFO:root:elite fitness: 0.22392
INFO:root:Generation: 36
INFO:root:pop fitness: 0.13638666666666666
INFO:root:elite fitness: 0.23365333333333335
INFO:root:Generation: 37
INFO:root:pop fitness: 0.11235333333333335
INFO:root:elite fitness: 0.21352000000000004
INFO:root:Generation: 38
INFO:root:pop fitness: 0.11241999999999999
INFO:root:elite fitness: 0.20068
INFO:root:Generation: 39
INFO:root:pop fitness: 0.11421333333333332
INFO:root:elite fitness: 0.19849333333333333
INFO:root:Generation: 40
INFO:root:pop fitness: 0.12268000000000001
INFO:root:elite fitness: 0.21293333333333334
INFO:root:Generation: 37
INFO:root:pop fitness: 0.13371333333333332
INFO:root:elite fitness: 0.24073333333333333
INFO:root:Generation: 41
INFO:root:pop fitness: 0.11984666666666667
INFO:root:elite fitness: 0.19902666666666666
INFO:root:Generation: 38
INFO:root:pop fitness: 0.13091333333333333
INFO:root:elite fitness: 0.22826666666666667
INFO:root:Generation: 42
INFO:root:pop fitness: 0.11177999999999999
INFO:root:elite fitness: 0.21114666666666668
INFO:root:Generation: 43
INFO:root:pop fitness: 0.11296666666666667
INFO:root:elite fitness: 0.21453333333333333
INFO:root:Generation: 44
INFO:root:pop fitness: 0.12765333333333337
INFO:root:elite fitness: 0.23409333333333338
INFO:root:Generation: 45
INFO:root:pop fitness: 0.10932000000000003
INFO:root:elite fitness: 0.19816
INFO:root:Generation: 39
INFO:root:pop fitness: 0.13772666666666666
INFO:root:elite fitness: 0.22204
INFO:root:Generation: 46
INFO:root:pop fitness: 0.11386666666666666
INFO:root:elite fitness: 0.20616
INFO:root:Generation: 40
INFO:root:pop fitness: 0.12424666666666667
INFO:root:elite fitness: 0.24362666666666669
INFO:root:Generation: 47
INFO:root:pop fitness: 0.11786000000000002
INFO:root:elite fitness: 0.21903999999999996
INFO:root:Generation: 41
INFO:root:pop fitness: 0.14442666666666668
INFO:root:elite fitness: 0.2865066666666667
INFO:root:Generation: 48
INFO:root:pop fitness: 0.11740666666666665
INFO:root:elite fitness: 0.21682666666666667
INFO:root:Generation: 42
INFO:root:pop fitness: 0.1261266666666667
INFO:root:elite fitness: 0.23748
INFO:root:Generation: 49
INFO:root:pop fitness: 0.1189
INFO:root:elite fitness: 0.21884
INFO:root:Generation: 43
INFO:root:pop fitness: 0.14316666666666666
INFO:root:elite fitness: 0.23145333333333332
INFO:root:Generation: 50
INFO:root:pop fitness: 0.12768666666666667
INFO:root:elite fitness: 0.21710666666666667
INFO:root:Generation: 51
INFO:root:pop fitness: 0.12456666666666669
INFO:root:elite fitness: 0.2238266666666667
INFO:root:Generation: 44
INFO:root:pop fitness: 0.13142
INFO:root:elite fitness: 0.21424
INFO:root:Generation: 52
INFO:root:pop fitness: 0.13704666666666668
INFO:root:elite fitness: 0.23886666666666664
INFO:root:Generation: 45
INFO:root:pop fitness: 0.1352266666666667
INFO:root:elite fitness: 0.24808000000000002
INFO:root:Generation: 53
INFO:root:pop fitness: 0.11721999999999999
INFO:root:elite fitness: 0.20016
INFO:root:Generation: 46
INFO:root:pop fitness: 0.13418666666666668
INFO:root:elite fitness: 0.2204533333333333
INFO:root:Generation: 54
INFO:root:pop fitness: 0.13289333333333334
INFO:root:elite fitness: 0.2333733333333333
INFO:root:Generation: 47
INFO:root:pop fitness: 0.14057333333333333
INFO:root:elite fitness: 0.24042666666666676
INFO:root:Generation: 55
INFO:root:pop fitness: 0.12134666666666666
INFO:root:elite fitness: 0.22609333333333334
INFO:root:Generation: 56
INFO:root:pop fitness: 0.12866
INFO:root:elite fitness: 0.21628
INFO:root:Generation: 48
INFO:root:pop fitness: 0.14042000000000002
INFO:root:elite fitness: 0.2492933333333333
INFO:root:Generation: 49
INFO:root:pop fitness: 0.13172666666666666
INFO:root:elite fitness: 0.22078666666666671
INFO:root:Generation: 57
INFO:root:pop fitness: 0.1343133333333333
INFO:root:elite fitness: 0.2445333333333333
INFO:root:Generation: 50
INFO:root:pop fitness: 0.13982
INFO:root:elite fitness: 0.23343999999999998
INFO:root:Generation: 58
INFO:root:pop fitness: 0.12785333333333332
INFO:root:elite fitness: 0.22355999999999995
INFO:root:Generation: 51
INFO:root:pop fitness: 0.13546
INFO:root:elite fitness: 0.22458666666666663
INFO:root:Generation: 59
INFO:root:pop fitness: 0.13150666666666666
INFO:root:elite fitness: 0.2274933333333333
INFO:root:Generation: 52
INFO:root:pop fitness: 0.13837999999999998
INFO:root:elite fitness: 0.22467999999999994
INFO:root:Generation: 60
INFO:root:pop fitness: 0.12794666666666668
INFO:root:elite fitness: 0.22563999999999998
INFO:root:Generation: 53
INFO:root:pop fitness: 0.14149333333333333
INFO:root:elite fitness: 0.25056000000000006
INFO:root:Generation: 61
INFO:root:pop fitness: 0.12381333333333334
INFO:root:elite fitness: 0.20402666666666666
INFO:root:Generation: 54
INFO:root:pop fitness: 0.14173333333333332
INFO:root:elite fitness: 0.24124
INFO:root:Generation: 62
INFO:root:pop fitness: 0.13054666666666667
INFO:root:elite fitness: 0.2302133333333333
INFO:root:Generation: 55
INFO:root:pop fitness: 0.14246666666666666
INFO:root:elite fitness: 0.2487866666666666
INFO:root:Generation: 56
INFO:root:pop fitness: 0.13334000000000001
INFO:root:elite fitness: 0.2334
INFO:root:Generation: 63
INFO:root:pop fitness: 0.12898666666666667
INFO:root:elite fitness: 0.21518666666666666
INFO:root:Generation: 57
INFO:root:pop fitness: 0.13305333333333336
INFO:root:elite fitness: 0.22800000000000006
INFO:root:Generation: 64
INFO:root:pop fitness: 0.12362
INFO:root:elite fitness: 0.21858666666666668
INFO:root:Generation: 58
INFO:root:pop fitness: 0.13929333333333332
INFO:root:elite fitness: 0.23177333333333333
INFO:root:Generation: 65
INFO:root:pop fitness: 0.12552666666666668
INFO:root:elite fitness: 0.22298666666666672
INFO:root:Generation: 59
INFO:root:pop fitness: 0.13480666666666669
INFO:root:elite fitness: 0.23343999999999998
INFO:root:Generation: 66
INFO:root:pop fitness: 0.14665333333333333
INFO:root:elite fitness: 0.23848
INFO:root:Generation: 67
INFO:root:pop fitness: 0.1353066666666667
INFO:root:elite fitness: 0.22320000000000004
INFO:root:Generation: 60
INFO:root:pop fitness: 0.14506
INFO:root:elite fitness: 0.22796000000000002
INFO:root:Generation: 68
INFO:root:pop fitness: 0.12604666666666664
INFO:root:elite fitness: 0.21812000000000004
INFO:root:Generation: 61
INFO:root:pop fitness: 0.14398
INFO:root:elite fitness: 0.24786666666666662
INFO:root:Generation: 62
INFO:root:pop fitness: 0.14744666666666667
INFO:root:elite fitness: 0.24565333333333336
INFO:root:Generation: 63
INFO:root:pop fitness: 0.12969999999999998
INFO:root:elite fitness: 0.2225466666666667
INFO:root:Generation: 69
INFO:root:pop fitness: 0.13054
INFO:root:elite fitness: 0.21544000000000002
INFO:root:Generation: 64
INFO:root:pop fitness: 0.12727333333333335
INFO:root:elite fitness: 0.21229333333333333
INFO:root:Generation: 70
INFO:root:pop fitness: 0.14072666666666667
INFO:root:elite fitness: 0.22628000000000004
INFO:root:Generation: 71
INFO:root:pop fitness: 0.13216
INFO:root:elite fitness: 0.22777333333333336
INFO:root:Generation: 65
INFO:root:pop fitness: 0.13113333333333335
INFO:root:elite fitness: 0.20945333333333332
INFO:root:Generation: 72
INFO:root:pop fitness: 0.13462
INFO:root:elite fitness: 0.23313333333333333
INFO:root:Generation: 66
INFO:root:pop fitness: 0.13598666666666667
INFO:root:elite fitness: 0.2402133333333333
INFO:root:Generation: 73
INFO:root:pop fitness: 0.13684000000000002
INFO:root:elite fitness: 0.23742666666666665
INFO:root:Generation: 67
INFO:root:pop fitness: 0.12965333333333334
INFO:root:elite fitness: 0.2109333333333333
INFO:root:Generation: 68
INFO:root:pop fitness: 0.1260466666666667
INFO:root:elite fitness: 0.21656
INFO:root:Generation: 74
INFO:root:pop fitness: 0.11869333333333335
INFO:root:elite fitness: 0.21559999999999999
INFO:root:Generation: 75
INFO:root:pop fitness: 0.1309866666666667
INFO:root:elite fitness: 0.22769333333333336
INFO:root:Generation: 69
INFO:root:pop fitness: 0.12826
INFO:root:elite fitness: 0.22505333333333336
INFO:root:Generation: 76
INFO:root:pop fitness: 0.14540666666666666
INFO:root:elite fitness: 0.23837333333333333
INFO:root:Generation: 70
INFO:root:pop fitness: 0.12213333333333333
INFO:root:elite fitness: 0.20256
INFO:root:Generation: 77
INFO:root:pop fitness: 0.13354
INFO:root:elite fitness: 0.22527999999999995
INFO:root:Generation: 71
INFO:root:pop fitness: 0.13949333333333333
INFO:root:elite fitness: 0.23004000000000005
INFO:root:Generation: 78
INFO:root:pop fitness: 0.14533333333333337
INFO:root:elite fitness: 0.23853333333333337
INFO:root:Generation: 72
INFO:root:pop fitness: 0.15364666666666665
INFO:root:elite fitness: 0.2532
INFO:root:Generation: 79
INFO:root:pop fitness: 0.13410000000000002
INFO:root:elite fitness: 0.24961333333333333
INFO:root:Generation: 73
INFO:root:pop fitness: 0.14800000000000002
INFO:root:elite fitness: 0.25994666666666666
INFO:root:Generation: 80
INFO:root:pop fitness: 0.12728666666666666
INFO:root:elite fitness: 0.22349333333333338
INFO:root:Generation: 74
INFO:root:pop fitness: 0.12885333333333335
INFO:root:elite fitness: 0.23430666666666666
INFO:root:Generation: 81
INFO:root:pop fitness: 0.14048000000000002
INFO:root:elite fitness: 0.24673333333333336
INFO:root:Generation: 82
INFO:root:pop fitness: 0.14032
INFO:root:elite fitness: 0.23724000000000003
INFO:root:Generation: 75
INFO:root:pop fitness: 0.12886
INFO:root:elite fitness: 0.20793333333333333
INFO:root:Generation: 83
INFO:root:pop fitness: 0.13364
INFO:root:elite fitness: 0.2088266666666667
INFO:root:Generation: 76
INFO:root:pop fitness: 0.13890666666666665
INFO:root:elite fitness: 0.22553333333333334
INFO:root:Generation: 84
INFO:root:pop fitness: 0.13246666666666665
INFO:root:elite fitness: 0.23978666666666665
INFO:root:Generation: 77
INFO:root:pop fitness: 0.14351333333333335
INFO:root:elite fitness: 0.23779999999999996
INFO:root:Generation: 85
INFO:root:pop fitness: 0.14711333333333335
INFO:root:elite fitness: 0.23345333333333335
INFO:root:Generation: 78
INFO:root:pop fitness: 0.13546000000000002
INFO:root:elite fitness: 0.22798666666666667
INFO:root:Generation: 86
INFO:root:pop fitness: 0.1407
INFO:root:elite fitness: 0.24713333333333334
INFO:root:Generation: 79
INFO:root:pop fitness: 0.1318666666666667
INFO:root:elite fitness: 0.22170666666666666
INFO:root:Generation: 87
INFO:root:pop fitness: 0.13866
INFO:root:elite fitness: 0.23206666666666667
INFO:root:Generation: 80
INFO:root:pop fitness: 0.13560666666666668
INFO:root:elite fitness: 0.21903999999999996
INFO:root:Generation: 88
INFO:root:pop fitness: 0.14379999999999998
INFO:root:elite fitness: 0.23875999999999994
INFO:root:Generation: 89
INFO:root:pop fitness: 0.14557333333333333
INFO:root:elite fitness: 0.24081333333333338
INFO:root:Generation: 81
INFO:root:pop fitness: 0.13387333333333332
INFO:root:elite fitness: 0.22522666666666666
INFO:root:Generation: 90
INFO:root:pop fitness: 0.13714666666666667
INFO:root:elite fitness: 0.23128000000000004
INFO:root:Generation: 82
INFO:root:pop fitness: 0.13654000000000002
INFO:root:elite fitness: 0.21496
INFO:root:Generation: 91
INFO:root:pop fitness: 0.13502666666666668
INFO:root:elite fitness: 0.23862666666666668
INFO:root:Generation: 83
INFO:root:pop fitness: 0.13397333333333336
INFO:root:elite fitness: 0.22086666666666668
INFO:root:Generation: 92
INFO:root:pop fitness: 0.15318666666666667
INFO:root:elite fitness: 0.23926666666666668
INFO:root:Generation: 84
INFO:root:pop fitness: 0.13814666666666667
INFO:root:elite fitness: 0.2301066666666667
INFO:root:Generation: 93
INFO:root:pop fitness: 0.15694000000000002
INFO:root:elite fitness: 0.25281333333333333
INFO:root:Generation: 85
INFO:root:pop fitness: 0.14841333333333334
INFO:root:elite fitness: 0.24013333333333337
INFO:root:Generation: 94
INFO:root:pop fitness: 0.13811333333333334
INFO:root:elite fitness: 0.2559066666666666
INFO:root:Generation: 86
INFO:root:pop fitness: 0.12405999999999999
INFO:root:elite fitness: 0.2112133333333333
INFO:root:Generation: 87
INFO:root:pop fitness: 0.1393933333333333
INFO:root:elite fitness: 0.23818666666666669
INFO:root:Generation: 95
INFO:root:pop fitness: 0.14900000000000002
INFO:root:elite fitness: 0.24361333333333335
INFO:root:Generation: 88
INFO:root:pop fitness: 0.12599333333333335
INFO:root:elite fitness: 0.21415999999999996
INFO:root:Generation: 89
INFO:root:pop fitness: 0.13649333333333333
INFO:root:elite fitness: 0.22647999999999996
INFO:root:Generation: 96
INFO:root:pop fitness: 0.13020666666666666
INFO:root:elite fitness: 0.21893333333333337
INFO:root:Generation: 90
INFO:root:pop fitness: 0.13007333333333335
INFO:root:elite fitness: 0.2274533333333334
INFO:root:Generation: 91
INFO:root:pop fitness: 0.14592
INFO:root:elite fitness: 0.23470666666666667
INFO:root:Generation: 97
INFO:root:pop fitness: 0.13990666666666665
INFO:root:elite fitness: 0.23597333333333334
INFO:root:Generation: 98
INFO:root:pop fitness: 0.1395266666666667
INFO:root:elite fitness: 0.24569333333333337
INFO:root:Generation: 92
INFO:root:pop fitness: 0.12654666666666667
INFO:root:elite fitness: 0.22473333333333334
INFO:root:Generation: 93
INFO:root:pop fitness: 0.13554666666666668
INFO:root:elite fitness: 0.23607999999999998
INFO:root:Generation: 94
INFO:root:pop fitness: 0.13688666666666666
INFO:root:elite fitness: 0.21992
INFO:root:Generation: 99
INFO:root:pop fitness: 0.14617333333333335
INFO:root:elite fitness: 0.2505733333333333
INFO:root:Generation: 95
INFO:root:pop fitness: 0.15224
INFO:root:elite fitness: 0.25011999999999995
INFO:root:Generation: 96
INFO:root:pop fitness: 0.14628
INFO:root:elite fitness: 0.2532
INFO:root:Generation: 97
INFO:root:pop fitness: 0.14436000000000002
INFO:root:elite fitness: 0.24529333333333336
INFO:root:Generation: 100
INFO:root:pop fitness: 0.14831333333333332
INFO:root:elite fitness: 0.25782666666666665
INFO:root:Generation: 98
INFO:root:pop fitness: 0.13737333333333335
INFO:root:elite fitness: 0.22304000000000002
INFO:root:Generation: 99
INFO:root:pop fitness: 0.1418
INFO:root:elite fitness: 0.22546666666666668
INFO:root:Generation: 101
INFO:root:pop fitness: 0.13145999999999997
INFO:root:elite fitness: 0.21437333333333336
INFO:root:Generation: 100
INFO:root:pop fitness: 0.1376266666666667
INFO:root:elite fitness: 0.23137333333333335
INFO:root:Generation: 101
INFO:root:pop fitness: 0.13713333333333333
INFO:root:elite fitness: 0.2263466666666667
INFO:root:Generation: 102
INFO:root:pop fitness: 0.1447733333333333
INFO:root:elite fitness: 0.22358666666666666
INFO:root:Generation: 102
INFO:root:pop fitness: 0.13536
INFO:root:elite fitness: 0.22477333333333335
INFO:root:Generation: 103
INFO:root:pop fitness: 0.14388
INFO:root:elite fitness: 0.24191999999999997
INFO:root:Generation: 103
INFO:root:pop fitness: 0.13658666666666666
INFO:root:elite fitness: 0.24304000000000003
INFO:root:Generation: 104
INFO:root:pop fitness: 0.14484
INFO:root:elite fitness: 0.23890666666666666
INFO:root:Generation: 105
INFO:root:pop fitness: 0.14518
INFO:root:elite fitness: 0.24515999999999996
INFO:root:Generation: 106
INFO:root:pop fitness: 0.15383333333333332
INFO:root:elite fitness: 0.2668933333333333
INFO:root:Generation: 104
INFO:root:pop fitness: 0.15064666666666668
INFO:root:elite fitness: 0.26038666666666666
INFO:root:Generation: 107
INFO:root:pop fitness: 0.16392666666666666
INFO:root:elite fitness: 0.27241333333333334
INFO:root:Generation: 105
INFO:root:pop fitness: 0.14459999999999998
INFO:root:elite fitness: 0.23710666666666663
INFO:root:Generation: 108
INFO:root:pop fitness: 0.13913333333333333
INFO:root:elite fitness: 0.23623999999999995
INFO:root:Generation: 106
INFO:root:pop fitness: 0.1394466666666667
INFO:root:elite fitness: 0.2399066666666666
INFO:root:Generation: 109
INFO:root:pop fitness: 0.13092666666666666
INFO:root:elite fitness: 0.23285333333333336
INFO:root:Generation: 107
INFO:root:pop fitness: 0.15196666666666667
INFO:root:elite fitness: 0.25741333333333327
INFO:root:Generation: 110
INFO:root:pop fitness: 0.13177333333333333
INFO:root:elite fitness: 0.23386666666666667
INFO:root:Generation: 108
INFO:root:pop fitness: 0.14918
INFO:root:elite fitness: 0.24433333333333332
INFO:root:Generation: 111
INFO:root:pop fitness: 0.13872666666666666
INFO:root:elite fitness: 0.23202666666666671
INFO:root:Generation: 112
INFO:root:pop fitness: 0.15148
INFO:root:elite fitness: 0.24208000000000005
INFO:root:Generation: 113
INFO:root:pop fitness: 0.14482
INFO:root:elite fitness: 0.24525333333333332
INFO:root:Generation: 114
INFO:root:pop fitness: 0.13621999999999998
INFO:root:elite fitness: 0.2321466666666667
INFO:root:Generation: 115
INFO:root:pop fitness: 0.13758666666666666
INFO:root:elite fitness: 0.2318933333333333
INFO:root:Generation: 109
INFO:root:pop fitness: 0.13772666666666666
INFO:root:elite fitness: 0.22535999999999998
INFO:root:Generation: 116
INFO:root:pop fitness: 0.13792000000000001
INFO:root:elite fitness: 0.23306666666666673
INFO:root:Generation: 110
INFO:root:pop fitness: 0.13596666666666665
INFO:root:elite fitness: 0.26197333333333334
INFO:root:Generation: 111
INFO:root:pop fitness: 0.14667333333333335
INFO:root:elite fitness: 0.24119999999999994
INFO:root:Generation: 117
INFO:root:pop fitness: 0.14719333333333334
INFO:root:elite fitness: 0.25425333333333333
INFO:root:Generation: 112
INFO:root:pop fitness: 0.15070666666666668
INFO:root:elite fitness: 0.23671999999999996
INFO:root:Generation: 118
INFO:root:pop fitness: 0.15510666666666667
INFO:root:elite fitness: 0.2778533333333334
INFO:root:Generation: 113
INFO:root:pop fitness: 0.13948666666666665
INFO:root:elite fitness: 0.24473333333333339
INFO:root:Generation: 119
INFO:root:pop fitness: 0.13979999999999998
INFO:root:elite fitness: 0.24674666666666667
INFO:root:Generation: 114
INFO:root:pop fitness: 0.15563333333333332
INFO:root:elite fitness: 0.2759466666666666
INFO:root:Generation: 120
INFO:root:pop fitness: 0.14325333333333334
INFO:root:elite fitness: 0.24424
INFO:root:Generation: 115
INFO:root:pop fitness: 0.14071333333333333
INFO:root:elite fitness: 0.24300000000000002
INFO:root:Generation: 121
INFO:root:pop fitness: 0.15329333333333334
INFO:root:elite fitness: 0.26598666666666665
INFO:root:Generation: 116
INFO:root:pop fitness: 0.14580666666666664
INFO:root:elite fitness: 0.2717866666666667
INFO:root:Generation: 122
INFO:root:pop fitness: 0.15788666666666665
INFO:root:elite fitness: 0.2633333333333333
INFO:root:Generation: 117
INFO:root:pop fitness: 0.15382
INFO:root:elite fitness: 0.25368
INFO:root:Generation: 118
INFO:root:pop fitness: 0.15128666666666665
INFO:root:elite fitness: 0.2454
INFO:root:Generation: 119
INFO:root:pop fitness: 0.1402866666666667
INFO:root:elite fitness: 0.23390666666666665
INFO:root:Generation: 123
INFO:root:pop fitness: 0.1412
INFO:root:elite fitness: 0.2609733333333333
INFO:root:Generation: 124
INFO:root:pop fitness: 0.14039333333333331
INFO:root:elite fitness: 0.24729333333333334
INFO:root:Generation: 120
INFO:root:pop fitness: 0.15066666666666667
INFO:root:elite fitness: 0.24936000000000003
INFO:root:Generation: 125
INFO:root:pop fitness: 0.13604666666666668
INFO:root:elite fitness: 0.22121333333333335
INFO:root:Generation: 121
INFO:root:pop fitness: 0.13857999999999998
INFO:root:elite fitness: 0.2238666666666666
INFO:root:Generation: 126
INFO:root:pop fitness: 0.15854000000000004
INFO:root:elite fitness: 0.26765333333333324
INFO:root:Generation: 127
INFO:root:pop fitness: 0.14840666666666666
INFO:root:elite fitness: 0.24830666666666668
INFO:root:Generation: 128
INFO:root:pop fitness: 0.14148666666666665
INFO:root:elite fitness: 0.23143999999999995
INFO:root:Generation: 122
INFO:root:pop fitness: 0.14792666666666668
INFO:root:elite fitness: 0.25481333333333334
INFO:root:Generation: 123
INFO:root:pop fitness: 0.14277333333333336
INFO:root:elite fitness: 0.24661333333333332
INFO:root:Generation: 129
INFO:root:pop fitness: 0.15448000000000003
INFO:root:elite fitness: 0.2717466666666667
INFO:root:Generation: 124
INFO:root:pop fitness: 0.14626
INFO:root:elite fitness: 0.23525333333333337
INFO:root:Generation: 130
INFO:root:pop fitness: 0.14912
INFO:root:elite fitness: 0.2558533333333333
INFO:root:Generation: 125
INFO:root:pop fitness: 0.14186
INFO:root:elite fitness: 0.22825333333333328
INFO:root:Generation: 126
INFO:root:pop fitness: 0.14308
INFO:root:elite fitness: 0.24453333333333338
INFO:root:Generation: 131
INFO:root:pop fitness: 0.14822666666666667
INFO:root:elite fitness: 0.2615866666666667
INFO:root:Generation: 132
INFO:root:pop fitness: 0.14665999999999998
INFO:root:elite fitness: 0.23571999999999999
INFO:root:Generation: 127
INFO:root:pop fitness: 0.13388
INFO:root:elite fitness: 0.23175999999999997
INFO:root:Generation: 133
INFO:root:pop fitness: 0.15288666666666667
INFO:root:elite fitness: 0.25623999999999997
INFO:root:Generation: 128
INFO:root:pop fitness: 0.14675333333333332
INFO:root:elite fitness: 0.25070666666666674
INFO:root:Generation: 129
INFO:root:pop fitness: 0.15558666666666668
INFO:root:elite fitness: 0.26997333333333334
INFO:root:Generation: 134
INFO:root:pop fitness: 0.15129333333333336
INFO:root:elite fitness: 0.26957333333333333
INFO:root:Generation: 135
INFO:root:pop fitness: 0.1399
INFO:root:elite fitness: 0.24256000000000005
INFO:root:Generation: 130
INFO:root:pop fitness: 0.1525466666666667
INFO:root:elite fitness: 0.26866666666666666
INFO:root:Generation: 136
INFO:root:pop fitness: 0.15030666666666667
INFO:root:elite fitness: 0.24799999999999997
INFO:root:Generation: 131
INFO:root:pop fitness: 0.15442666666666668
INFO:root:elite fitness: 0.2510266666666667
INFO:root:Generation: 137
INFO:root:pop fitness: 0.13659333333333332
INFO:root:elite fitness: 0.22264
INFO:root:Generation: 132
INFO:root:pop fitness: 0.15963333333333332
INFO:root:elite fitness: 0.24915999999999996
INFO:root:Generation: 138
INFO:root:pop fitness: 0.15462
INFO:root:elite fitness: 0.2631866666666666
INFO:root:Generation: 133
INFO:root:pop fitness: 0.16068666666666667
INFO:root:elite fitness: 0.26826666666666665
INFO:root:Generation: 139
INFO:root:pop fitness: 0.14658666666666667
INFO:root:elite fitness: 0.23701333333333333
INFO:root:Generation: 134
INFO:root:pop fitness: 0.1525
INFO:root:elite fitness: 0.24057333333333333
INFO:root:Generation: 140
INFO:root:pop fitness: 0.15634
INFO:root:elite fitness: 0.25345333333333336
INFO:root:Generation: 135
INFO:root:pop fitness: 0.14905333333333332
INFO:root:elite fitness: 0.2452266666666667
INFO:root:Generation: 141
INFO:root:pop fitness: 0.13884666666666667
INFO:root:elite fitness: 0.22536
INFO:root:Generation: 136
INFO:root:pop fitness: 0.1612866666666667
INFO:root:elite fitness: 0.25495999999999996
INFO:root:Generation: 142
INFO:root:pop fitness: 0.1453
INFO:root:elite fitness: 0.2469733333333333
INFO:root:Generation: 137
INFO:root:pop fitness: 0.15666666666666668
INFO:root:elite fitness: 0.2633599999999999
INFO:root:Generation: 143
INFO:root:pop fitness: 0.15646666666666667
INFO:root:elite fitness: 0.25787999999999994
INFO:root:Generation: 138
INFO:root:pop fitness: 0.14942
INFO:root:elite fitness: 0.23532
INFO:root:Generation: 144
INFO:root:pop fitness: 0.14828000000000002
INFO:root:elite fitness: 0.2464
INFO:root:Generation: 139
INFO:root:pop fitness: 0.14504666666666668
INFO:root:elite fitness: 0.2431333333333333
INFO:root:Generation: 145
INFO:root:pop fitness: 0.15630666666666665
INFO:root:elite fitness: 0.2506133333333333
INFO:root:Generation: 146
INFO:root:pop fitness: 0.15816666666666668
INFO:root:elite fitness: 0.2569466666666667
INFO:root:Generation: 140
INFO:root:pop fitness: 0.14786000000000002
INFO:root:elite fitness: 0.23632
INFO:root:Generation: 147
INFO:root:pop fitness: 0.14381333333333335
INFO:root:elite fitness: 0.2184933333333333
INFO:root:Generation: 141
INFO:root:pop fitness: 0.16169333333333336
INFO:root:elite fitness: 0.28218666666666675
INFO:root:Generation: 148
INFO:root:pop fitness: 0.15835999999999997
INFO:root:elite fitness: 0.2580266666666666
INFO:root:Generation: 149
INFO:root:pop fitness: 0.15786666666666666
INFO:root:elite fitness: 0.26048000000000004
INFO:root:Generation: 150
INFO:root:pop fitness: 0.15086000000000002
INFO:root:elite fitness: 0.24513333333333331
INFO:root:Generation: 151
INFO:root:pop fitness: 0.14459333333333332
INFO:root:elite fitness: 0.23592000000000007
INFO:root:Generation: 142
INFO:root:pop fitness: 0.15080666666666664
INFO:root:elite fitness: 0.23480000000000004
INFO:root:Generation: 152
INFO:root:pop fitness: 0.15548666666666663
INFO:root:elite fitness: 0.24506666666666665
INFO:root:Generation: 143
INFO:root:pop fitness: 0.14582
INFO:root:elite fitness: 0.24261333333333332
INFO:root:Generation: 144
INFO:root:pop fitness: 0.14311999999999997
INFO:root:elite fitness: 0.24058666666666667
INFO:root:Generation: 153
INFO:root:pop fitness: 0.1484666666666667
INFO:root:elite fitness: 0.2571066666666667
INFO:root:Generation: 154
INFO:root:pop fitness: 0.15520666666666666
INFO:root:elite fitness: 0.25466666666666665
INFO:root:Generation: 145
INFO:root:pop fitness: 0.14701999999999998
INFO:root:elite fitness: 0.24246666666666664
INFO:root:Generation: 155
INFO:root:pop fitness: 0.1487733333333333
INFO:root:elite fitness: 0.24449333333333328
INFO:root:Generation: 146
INFO:root:pop fitness: 0.14448666666666662
INFO:root:elite fitness: 0.24168
INFO:root:Generation: 156
INFO:root:pop fitness: 0.16536
INFO:root:elite fitness: 0.25621333333333335
INFO:root:Generation: 147
INFO:root:pop fitness: 0.13520666666666667
INFO:root:elite fitness: 0.21216000000000002
INFO:root:Generation: 157
INFO:root:pop fitness: 0.16437333333333332
INFO:root:elite fitness: 0.2606533333333333
INFO:root:Generation: 148
INFO:root:pop fitness: 0.15148666666666666
INFO:root:elite fitness: 0.24729333333333334
INFO:root:Generation: 158
INFO:root:pop fitness: 0.14766666666666667
INFO:root:elite fitness: 0.2512266666666667
INFO:root:Generation: 149
INFO:root:pop fitness: 0.14476666666666665
INFO:root:elite fitness: 0.23516
INFO:root:Generation: 159
INFO:root:pop fitness: 0.14884
INFO:root:elite fitness: 0.24725333333333335
INFO:root:Generation: 160
INFO:root:pop fitness: 0.14084
INFO:root:elite fitness: 0.23978666666666665
INFO:root:Generation: 150
INFO:root:pop fitness: 0.13369333333333336
INFO:root:elite fitness: 0.21552000000000002
INFO:root:Generation: 161
INFO:root:pop fitness: 0.15883333333333335
INFO:root:elite fitness: 0.27026666666666666
INFO:root:Generation: 151
INFO:root:pop fitness: 0.14302666666666666
INFO:root:elite fitness: 0.2607066666666667
INFO:root:Generation: 162
INFO:root:pop fitness: 0.16303999999999996
INFO:root:elite fitness: 0.2717466666666667
INFO:root:Generation: 152
INFO:root:pop fitness: 0.1476066666666667
INFO:root:elite fitness: 0.26933333333333326
INFO:root:Generation: 163
INFO:root:pop fitness: 0.15558666666666668
INFO:root:elite fitness: 0.2698933333333333
INFO:root:Generation: 153
INFO:root:pop fitness: 0.1577533333333333
INFO:root:elite fitness: 0.2489733333333333
INFO:root:Generation: 164
INFO:root:pop fitness: 0.15912
INFO:root:elite fitness: 0.25105333333333335
INFO:root:Generation: 154
INFO:root:pop fitness: 0.15564
INFO:root:elite fitness: 0.2606933333333334
INFO:root:Generation: 165
INFO:root:pop fitness: 0.14306666666666668
INFO:root:elite fitness: 0.2529866666666667
INFO:root:Generation: 155
INFO:root:pop fitness: 0.15116666666666667
INFO:root:elite fitness: 0.25048
INFO:root:Generation: 166
INFO:root:pop fitness: 0.16080000000000003
INFO:root:elite fitness: 0.25784000000000007
INFO:root:Generation: 156
INFO:root:pop fitness: 0.15109333333333333
INFO:root:elite fitness: 0.2688933333333333
INFO:root:Generation: 167
INFO:root:pop fitness: 0.16695333333333331
INFO:root:elite fitness: 0.29218666666666665
INFO:root:Generation: 157
INFO:root:pop fitness: 0.15924
INFO:root:elite fitness: 0.24921333333333326
INFO:root:Generation: 168
INFO:root:pop fitness: 0.14899999999999997
INFO:root:elite fitness: 0.2439866666666667
INFO:root:Generation: 158
INFO:root:pop fitness: 0.15324000000000002
INFO:root:elite fitness: 0.2636533333333333
INFO:root:Generation: 169
INFO:root:pop fitness: 0.14587333333333333
INFO:root:elite fitness: 0.25227999999999995
INFO:root:Generation: 159
INFO:root:pop fitness: 0.14784
INFO:root:elite fitness: 0.2421733333333333
INFO:root:Generation: 170
INFO:root:pop fitness: 0.16057333333333332
INFO:root:elite fitness: 0.26132000000000005
INFO:root:Generation: 171
INFO:root:pop fitness: 0.14635333333333336
INFO:root:elite fitness: 0.25117333333333336
INFO:root:Generation: 160
INFO:root:pop fitness: 0.1490866666666667
INFO:root:elite fitness: 0.24516000000000002
INFO:root:Generation: 172
INFO:root:pop fitness: 0.15464
INFO:root:elite fitness: 0.24129333333333336
INFO:root:Generation: 161
INFO:root:pop fitness: 0.14956666666666665
INFO:root:elite fitness: 0.23445333333333337
INFO:root:Generation: 173
INFO:root:pop fitness: 0.16203333333333333
INFO:root:elite fitness: 0.26532
INFO:root:Generation: 162
INFO:root:pop fitness: 0.16011333333333336
INFO:root:elite fitness: 0.27997333333333335
INFO:root:Generation: 174
INFO:root:pop fitness: 0.17662000000000003
INFO:root:elite fitness: 0.27719999999999995
INFO:root:Generation: 163
INFO:root:pop fitness: 0.13892000000000002
INFO:root:elite fitness: 0.23484000000000005
INFO:root:Generation: 175
INFO:root:pop fitness: 0.16260666666666665
INFO:root:elite fitness: 0.26305333333333325
INFO:root:Generation: 164
INFO:root:pop fitness: 0.13666666666666666
INFO:root:elite fitness: 0.22846666666666668
INFO:root:Generation: 176
INFO:root:pop fitness: 0.16738666666666666
INFO:root:elite fitness: 0.268
INFO:root:Generation: 177
INFO:root:pop fitness: 0.15798666666666664
INFO:root:elite fitness: 0.2440933333333333
INFO:root:Generation: 165
INFO:root:pop fitness: 0.14828
INFO:root:elite fitness: 0.24188
INFO:root:Generation: 178
INFO:root:pop fitness: 0.17056666666666667
INFO:root:elite fitness: 0.26635999999999993
INFO:root:Generation: 179
INFO:root:pop fitness: 0.16367333333333334
INFO:root:elite fitness: 0.26327999999999996
INFO:root:Generation: 180
INFO:root:pop fitness: 0.17371333333333336
INFO:root:elite fitness: 0.28724000000000005
INFO:root:Generation: 166
INFO:root:pop fitness: 0.15752
INFO:root:elite fitness: 0.26744
INFO:root:Generation: 181
INFO:root:pop fitness: 0.15404666666666667
INFO:root:elite fitness: 0.27416
INFO:root:Generation: 182
INFO:root:pop fitness: 0.14917333333333335
INFO:root:elite fitness: 0.2507733333333334
INFO:root:Generation: 167
INFO:root:pop fitness: 0.16154000000000002
INFO:root:elite fitness: 0.25458666666666663
INFO:root:Generation: 183
INFO:root:pop fitness: 0.15958666666666668
INFO:root:elite fitness: 0.2655466666666666
INFO:root:Generation: 184
INFO:root:pop fitness: 0.15264
INFO:root:elite fitness: 0.24965333333333328
INFO:root:Generation: 168
INFO:root:pop fitness: 0.15292666666666666
INFO:root:elite fitness: 0.2648666666666667
INFO:root:Generation: 185
INFO:root:pop fitness: 0.16071333333333335
INFO:root:elite fitness: 0.25628
INFO:root:Generation: 169
INFO:root:pop fitness: 0.15025999999999998
INFO:root:elite fitness: 0.23307999999999998
INFO:root:Generation: 186
INFO:root:pop fitness: 0.14976666666666666
INFO:root:elite fitness: 0.2532933333333333
INFO:root:Generation: 170
INFO:root:pop fitness: 0.1633466666666667
INFO:root:elite fitness: 0.26421333333333336
INFO:root:Generation: 187
INFO:root:pop fitness: 0.15649999999999997
INFO:root:elite fitness: 0.27238666666666667
INFO:root:Generation: 171
INFO:root:pop fitness: 0.15172
INFO:root:elite fitness: 0.2500266666666667
INFO:root:Generation: 188
INFO:root:pop fitness: 0.15430666666666668
INFO:root:elite fitness: 0.24894666666666665
INFO:root:Generation: 172
INFO:root:pop fitness: 0.15607333333333334
INFO:root:elite fitness: 0.24768
INFO:root:Generation: 189
INFO:root:pop fitness: 0.16948
INFO:root:elite fitness: 0.27976
INFO:root:Generation: 173
INFO:root:pop fitness: 0.17562666666666665
INFO:root:elite fitness: 0.27677333333333337
INFO:root:Generation: 190
INFO:root:pop fitness: 0.16258
INFO:root:elite fitness: 0.25676
INFO:root:Generation: 174
INFO:root:pop fitness: 0.15342
INFO:root:elite fitness: 0.26053333333333334
INFO:root:Generation: 191
INFO:root:pop fitness: 0.14782666666666666
INFO:root:elite fitness: 0.2544533333333333
INFO:root:Generation: 192
INFO:root:pop fitness: 0.14904666666666666
INFO:root:elite fitness: 0.26953333333333335
INFO:root:Generation: 175
INFO:root:pop fitness: 0.16588
INFO:root:elite fitness: 0.2778933333333333
INFO:root:Generation: 193
INFO:root:pop fitness: 0.14118666666666668
INFO:root:elite fitness: 0.21908000000000002
INFO:root:Generation: 176
INFO:root:pop fitness: 0.15430000000000002
INFO:root:elite fitness: 0.24216
INFO:root:Generation: 177
INFO:root:pop fitness: 0.15146666666666667
INFO:root:elite fitness: 0.24486666666666665
INFO:root:Generation: 194
INFO:root:pop fitness: 0.16055333333333335
INFO:root:elite fitness: 0.26348
INFO:root:Generation: 178
INFO:root:pop fitness: 0.15750666666666668
INFO:root:elite fitness: 0.26241333333333333
INFO:root:Generation: 195
INFO:root:pop fitness: 0.15059333333333333
INFO:root:elite fitness: 0.24440000000000003
INFO:root:Generation: 179
INFO:root:pop fitness: 0.15385333333333334
INFO:root:elite fitness: 0.24851999999999994
INFO:root:Generation: 196
INFO:root:pop fitness: 0.16949333333333333
INFO:root:elite fitness: 0.29770666666666673
INFO:root:Generation: 180
INFO:root:pop fitness: 0.15124666666666664
INFO:root:elite fitness: 0.24955999999999998
INFO:root:Generation: 181
INFO:root:pop fitness: 0.1460066666666667
INFO:root:elite fitness: 0.26452
INFO:root:Generation: 197
INFO:root:pop fitness: 0.17085333333333333
INFO:root:elite fitness: 0.28509333333333337
INFO:root:Generation: 182
INFO:root:pop fitness: 0.15469333333333335
INFO:root:elite fitness: 0.2802266666666667
INFO:root:Generation: 183
INFO:root:pop fitness: 0.14977333333333334
INFO:root:elite fitness: 0.2527333333333333
INFO:root:Generation: 198
INFO:root:pop fitness: 0.1692533333333333
INFO:root:elite fitness: 0.26924000000000003
INFO:root:Generation: 184
INFO:root:pop fitness: 0.15325333333333332
INFO:root:elite fitness: 0.24875999999999995
INFO:root:Generation: 185
INFO:root:pop fitness: 0.15255333333333335
INFO:root:elite fitness: 0.26918666666666663
INFO:root:Generation: 186
INFO:root:pop fitness: 0.15465333333333334
INFO:root:elite fitness: 0.25277333333333335
INFO:root:Generation: 199
INFO:root:pop fitness: 0.16724
INFO:root:elite fitness: 0.2833866666666666
INFO:root:Generation: 187
INFO:root:pop fitness: 0.15092
INFO:root:elite fitness: 0.26357333333333327
INFO:root:Generation: 188
INFO:root:pop fitness: 0.15992
INFO:root:elite fitness: 0.2584933333333334
INFO:root:Generation: 189
INFO:root:pop fitness: 0.16318
INFO:root:elite fitness: 0.2701733333333333
INFO:root:Generation: 190
INFO:root:pop fitness: 0.15098666666666666
INFO:root:elite fitness: 0.23715999999999998
INFO:root:Generation: 191
INFO:root:pop fitness: 0.15998666666666664
INFO:root:elite fitness: 0.2827733333333334
INFO:root:Generation: 192
INFO:root:pop fitness: 0.15209333333333333
INFO:root:elite fitness: 0.24817333333333333
INFO:root:Generation: 193
INFO:root:pop fitness: 0.16715333333333335
INFO:root:elite fitness: 0.27592
INFO:root:Generation: 194
INFO:root:pop fitness: 0.15174
INFO:root:elite fitness: 0.2394666666666667
INFO:root:Generation: 195
INFO:root:pop fitness: 0.15092666666666665
INFO:root:elite fitness: 0.24508
INFO:root:Generation: 196
INFO:root:pop fitness: 0.15575999999999998
INFO:root:elite fitness: 0.2529866666666667
INFO:root:Generation: 197
INFO:root:pop fitness: 0.14813333333333334
INFO:root:elite fitness: 0.2454266666666667
INFO:root:Generation: 198
INFO:root:pop fitness: 0.15557999999999997
INFO:root:elite fitness: 0.27226666666666666
INFO:root:Generation: 199
INFO:root:pop fitness: 0.15814666666666669
INFO:root:elite fitness: 0.26455999999999996
