INFO:root:run_master: Namespace(arms='10', hidden='128', layers='1', max_gen='200', message='', mutation_mag='0.01', name='nonStationary_v1', noise=True, pop_size='100', save_result=True, trials='100')
INFO:root:run_master: Namespace(arms='10', hidden='128', layers='1', max_gen='200', message='', mutation_mag='0.01', name='nonStationary_v1', noise=False, pop_size='100', save_result=True, trials='100')
INFO:root:Generation: 0
INFO:root:pop fitness: 0.10034999999999998
INFO:root:elite fitness: 0.11079999999999998
INFO:root:Generation: 0
INFO:root:pop fitness: 0.10042
INFO:root:elite fitness: 0.11657999999999998
INFO:root:Generation: 1
INFO:root:pop fitness: 0.09741999999999999
INFO:root:elite fitness: 0.12524000000000002
INFO:root:Generation: 1
INFO:root:pop fitness: 0.10224000000000003
INFO:root:elite fitness: 0.12288
INFO:root:Generation: 2
INFO:root:pop fitness: 0.09945000000000002
INFO:root:elite fitness: 0.14953999999999998
INFO:root:Generation: 2
INFO:root:pop fitness: 0.10039
INFO:root:elite fitness: 0.13976
INFO:root:Generation: 3
INFO:root:pop fitness: 0.10047999999999999
INFO:root:elite fitness: 0.1367
INFO:root:Generation: 3
INFO:root:pop fitness: 0.10021000000000001
INFO:root:elite fitness: 0.1449
INFO:root:Generation: 4
INFO:root:pop fitness: 0.09829999999999998
INFO:root:elite fitness: 0.16752
INFO:root:Generation: 4
INFO:root:pop fitness: 0.09858999999999998
INFO:root:elite fitness: 0.15616
INFO:root:Generation: 5
INFO:root:pop fitness: 0.09973000000000001
INFO:root:elite fitness: 0.14623999999999998
INFO:root:Generation: 5
INFO:root:pop fitness: 0.10946999999999997
INFO:root:elite fitness: 0.17636
INFO:root:Generation: 6
INFO:root:pop fitness: 0.10363
INFO:root:elite fitness: 0.16690000000000002
INFO:root:Generation: 6
INFO:root:pop fitness: 0.10224
INFO:root:elite fitness: 0.18174000000000004
INFO:root:Generation: 7
INFO:root:pop fitness: 0.10966
INFO:root:elite fitness: 0.18597999999999998
INFO:root:Generation: 7
INFO:root:pop fitness: 0.09651
INFO:root:elite fitness: 0.17215999999999998
INFO:root:Generation: 8
INFO:root:pop fitness: 0.11023999999999999
INFO:root:elite fitness: 0.17329999999999998
INFO:root:Generation: 8
INFO:root:pop fitness: 0.10744999999999999
INFO:root:elite fitness: 0.19168
INFO:root:Generation: 9
INFO:root:pop fitness: 0.11410999999999999
INFO:root:elite fitness: 0.19518000000000002
INFO:root:Generation: 9
INFO:root:pop fitness: 0.10466000000000002
INFO:root:elite fitness: 0.18181999999999998
INFO:root:Generation: 10
INFO:root:pop fitness: 0.10712999999999998
INFO:root:elite fitness: 0.19174000000000002
INFO:root:Generation: 10
INFO:root:pop fitness: 0.10591
INFO:root:elite fitness: 0.17013999999999999
INFO:root:Generation: 11
INFO:root:pop fitness: 0.09993
INFO:root:elite fitness: 0.16842
INFO:root:Generation: 11
INFO:root:pop fitness: 0.10591
INFO:root:elite fitness: 0.21028
INFO:root:Generation: 12
INFO:root:pop fitness: 0.11602999999999998
INFO:root:elite fitness: 0.16346
INFO:root:Generation: 13
INFO:root:pop fitness: 0.09487
INFO:root:elite fitness: 0.16094
INFO:root:Generation: 12
INFO:root:pop fitness: 0.08878999999999998
INFO:root:elite fitness: 0.16450000000000004
INFO:root:Generation: 14
INFO:root:pop fitness: 0.09437000000000001
INFO:root:elite fitness: 0.16562000000000002
INFO:root:Generation: 13
INFO:root:pop fitness: 0.10454000000000001
INFO:root:elite fitness: 0.17783999999999994
INFO:root:Generation: 15
INFO:root:pop fitness: 0.11274
INFO:root:elite fitness: 0.18983999999999998
INFO:root:Generation: 14
INFO:root:pop fitness: 0.10962000000000001
INFO:root:elite fitness: 0.20619999999999997
INFO:root:Generation: 16
INFO:root:pop fitness: 0.11213
INFO:root:elite fitness: 0.17162
INFO:root:Generation: 15
INFO:root:pop fitness: 0.10796000000000001
INFO:root:elite fitness: 0.19666
INFO:root:Generation: 17
INFO:root:pop fitness: 0.10145
INFO:root:elite fitness: 0.17980000000000004
INFO:root:Generation: 16
INFO:root:pop fitness: 0.10849
INFO:root:elite fitness: 0.19787999999999997
INFO:root:Generation: 18
INFO:root:pop fitness: 0.10035000000000002
INFO:root:elite fitness: 0.15542
INFO:root:Generation: 17
INFO:root:pop fitness: 0.09510999999999999
INFO:root:elite fitness: 0.17611999999999997
INFO:root:Generation: 19
INFO:root:pop fitness: 0.10769999999999998
INFO:root:elite fitness: 0.17976000000000003
INFO:root:Generation: 18
INFO:root:pop fitness: 0.10739000000000001
INFO:root:elite fitness: 0.18417999999999995
INFO:root:Generation: 20
INFO:root:pop fitness: 0.11015000000000001
INFO:root:elite fitness: 0.17788
INFO:root:Generation: 19
INFO:root:pop fitness: 0.10354000000000005
INFO:root:elite fitness: 0.1789
INFO:root:Generation: 21
INFO:root:pop fitness: 0.12326000000000002
INFO:root:elite fitness: 0.22354000000000002
INFO:root:Generation: 20
INFO:root:pop fitness: 0.11044000000000001
INFO:root:elite fitness: 0.21826
INFO:root:Generation: 22
INFO:root:pop fitness: 0.10528
INFO:root:elite fitness: 0.16518
INFO:root:Generation: 21
INFO:root:pop fitness: 0.12288
INFO:root:elite fitness: 0.22988000000000003
INFO:root:Generation: 23
INFO:root:pop fitness: 0.12452000000000002
INFO:root:elite fitness: 0.22053999999999999
INFO:root:Generation: 22
INFO:root:pop fitness: 0.11648000000000001
INFO:root:elite fitness: 0.21103999999999995
INFO:root:Generation: 24
INFO:root:pop fitness: 0.11866000000000002
INFO:root:elite fitness: 0.21792
INFO:root:Generation: 23
INFO:root:pop fitness: 0.12408
INFO:root:elite fitness: 0.23428000000000002
INFO:root:Generation: 25
INFO:root:pop fitness: 0.10864000000000001
INFO:root:elite fitness: 0.19147999999999996
INFO:root:Generation: 24
INFO:root:pop fitness: 0.11544000000000003
INFO:root:elite fitness: 0.20365999999999995
INFO:root:Generation: 26
INFO:root:pop fitness: 0.11336000000000002
INFO:root:elite fitness: 0.19608
INFO:root:Generation: 25
INFO:root:pop fitness: 0.11603999999999998
INFO:root:elite fitness: 0.19870000000000002
INFO:root:Generation: 27
INFO:root:pop fitness: 0.12095000000000004
INFO:root:elite fitness: 0.20790000000000003
INFO:root:Generation: 26
INFO:root:pop fitness: 0.11747
INFO:root:elite fitness: 0.20925999999999997
INFO:root:Generation: 28
INFO:root:pop fitness: 0.10618999999999998
INFO:root:elite fitness: 0.18963999999999998
INFO:root:Generation: 27
INFO:root:pop fitness: 0.11805
INFO:root:elite fitness: 0.23920000000000002
INFO:root:Generation: 29
INFO:root:pop fitness: 0.10952
INFO:root:elite fitness: 0.20076
INFO:root:Generation: 30
INFO:root:pop fitness: 0.11879999999999999
INFO:root:elite fitness: 0.20316000000000004
INFO:root:Generation: 28
INFO:root:pop fitness: 0.1191
INFO:root:elite fitness: 0.21358
INFO:root:Generation: 31
INFO:root:pop fitness: 0.10766
INFO:root:elite fitness: 0.19118
INFO:root:Generation: 29
INFO:root:pop fitness: 0.12243
INFO:root:elite fitness: 0.21576
INFO:root:Generation: 32
INFO:root:pop fitness: 0.11384999999999998
INFO:root:elite fitness: 0.1887
INFO:root:Generation: 30
INFO:root:pop fitness: 0.12379
INFO:root:elite fitness: 0.20242000000000002
INFO:root:Generation: 33
INFO:root:pop fitness: 0.12471999999999998
INFO:root:elite fitness: 0.20928000000000002
INFO:root:Generation: 31
INFO:root:pop fitness: 0.1192
INFO:root:elite fitness: 0.21360000000000004
INFO:root:Generation: 34
INFO:root:pop fitness: 0.11663
INFO:root:elite fitness: 0.21142
INFO:root:Generation: 32
INFO:root:pop fitness: 0.13131
INFO:root:elite fitness: 0.22273999999999997
INFO:root:Generation: 35
INFO:root:pop fitness: 0.12650000000000003
INFO:root:elite fitness: 0.22347999999999998
INFO:root:Generation: 33
INFO:root:pop fitness: 0.12091000000000002
INFO:root:elite fitness: 0.20602000000000004
INFO:root:Generation: 36
INFO:root:pop fitness: 0.11230000000000002
INFO:root:elite fitness: 0.20362000000000002
INFO:root:Generation: 34
INFO:root:pop fitness: 0.14194000000000004
INFO:root:elite fitness: 0.25117999999999996
INFO:root:Generation: 37
INFO:root:pop fitness: 0.12240999999999999
INFO:root:elite fitness: 0.22504
INFO:root:Generation: 35
INFO:root:pop fitness: 0.12516
INFO:root:elite fitness: 0.21742000000000006
INFO:root:Generation: 38
INFO:root:pop fitness: 0.13341
INFO:root:elite fitness: 0.22482
INFO:root:Generation: 36
INFO:root:pop fitness: 0.13375
INFO:root:elite fitness: 0.23197999999999996
INFO:root:Generation: 39
INFO:root:pop fitness: 0.14105
INFO:root:elite fitness: 0.22732000000000002
INFO:root:Generation: 37
INFO:root:pop fitness: 0.13517999999999997
INFO:root:elite fitness: 0.2211
INFO:root:Generation: 40
INFO:root:pop fitness: 0.13972
INFO:root:elite fitness: 0.25854
INFO:root:Generation: 38
INFO:root:pop fitness: 0.13826
INFO:root:elite fitness: 0.24804
INFO:root:Generation: 41
INFO:root:pop fitness: 0.13576
INFO:root:elite fitness: 0.22649999999999998
INFO:root:Generation: 39
INFO:root:pop fitness: 0.13001
INFO:root:elite fitness: 0.24280000000000002
INFO:root:Generation: 42
INFO:root:pop fitness: 0.12706
INFO:root:elite fitness: 0.21818000000000004
INFO:root:Generation: 40
INFO:root:pop fitness: 0.13539
INFO:root:elite fitness: 0.22702000000000003
INFO:root:Generation: 43
INFO:root:pop fitness: 0.12352
INFO:root:elite fitness: 0.22888000000000003
INFO:root:Generation: 41
INFO:root:pop fitness: 0.13132
INFO:root:elite fitness: 0.21352000000000002
INFO:root:Generation: 44
INFO:root:pop fitness: 0.13859
INFO:root:elite fitness: 0.23958000000000002
INFO:root:Generation: 42
INFO:root:pop fitness: 0.11223999999999998
INFO:root:elite fitness: 0.20722000000000004
INFO:root:Generation: 45
INFO:root:pop fitness: 0.13416000000000003
INFO:root:elite fitness: 0.22568
INFO:root:Generation: 43
INFO:root:pop fitness: 0.13376
INFO:root:elite fitness: 0.2186
INFO:root:Generation: 46
INFO:root:pop fitness: 0.12710000000000002
INFO:root:elite fitness: 0.21001999999999998
INFO:root:Generation: 47
INFO:root:pop fitness: 0.14913
INFO:root:elite fitness: 0.26204
INFO:root:Generation: 44
INFO:root:pop fitness: 0.11741
INFO:root:elite fitness: 0.20499999999999996
INFO:root:Generation: 48
INFO:root:pop fitness: 0.11748000000000001
INFO:root:elite fitness: 0.22694
INFO:root:Generation: 45
INFO:root:pop fitness: 0.14026000000000002
INFO:root:elite fitness: 0.2342
INFO:root:Generation: 49
INFO:root:pop fitness: 0.11957999999999998
INFO:root:elite fitness: 0.19095999999999996
INFO:root:Generation: 46
INFO:root:pop fitness: 0.13426
INFO:root:elite fitness: 0.23518
INFO:root:Generation: 50
INFO:root:pop fitness: 0.12431
INFO:root:elite fitness: 0.21322000000000002
INFO:root:Generation: 47
INFO:root:pop fitness: 0.12439
INFO:root:elite fitness: 0.21178
INFO:root:Generation: 51
INFO:root:pop fitness: 0.14367000000000002
INFO:root:elite fitness: 0.24304000000000003
INFO:root:Generation: 48
INFO:root:pop fitness: 0.1217
INFO:root:elite fitness: 0.19934000000000002
INFO:root:Generation: 52
INFO:root:pop fitness: 0.12944
INFO:root:elite fitness: 0.21254
INFO:root:Generation: 49
INFO:root:pop fitness: 0.11352000000000001
INFO:root:elite fitness: 0.19541999999999995
INFO:root:Generation: 53
INFO:root:pop fitness: 0.14278000000000002
INFO:root:elite fitness: 0.25826
INFO:root:Generation: 50
INFO:root:pop fitness: 0.1364
INFO:root:elite fitness: 0.21250000000000002
INFO:root:Generation: 54
INFO:root:pop fitness: 0.14998
INFO:root:elite fitness: 0.25096
INFO:root:Generation: 51
INFO:root:pop fitness: 0.13577
INFO:root:elite fitness: 0.22652
INFO:root:Generation: 55
INFO:root:pop fitness: 0.14081
INFO:root:elite fitness: 0.24300000000000005
INFO:root:Generation: 52
INFO:root:pop fitness: 0.12886
INFO:root:elite fitness: 0.20046000000000003
INFO:root:Generation: 56
INFO:root:pop fitness: 0.14994
INFO:root:elite fitness: 0.25378000000000006
INFO:root:Generation: 53
INFO:root:pop fitness: 0.12571000000000002
INFO:root:elite fitness: 0.21556000000000006
INFO:root:Generation: 57
INFO:root:pop fitness: 0.15132
INFO:root:elite fitness: 0.23512
INFO:root:Generation: 54
INFO:root:pop fitness: 0.13152999999999998
INFO:root:elite fitness: 0.19734000000000002
INFO:root:Generation: 58
INFO:root:pop fitness: 0.13769
INFO:root:elite fitness: 0.22928000000000004
INFO:root:Generation: 55
INFO:root:pop fitness: 0.14656999999999998
INFO:root:elite fitness: 0.23004000000000002
INFO:root:Generation: 59
INFO:root:pop fitness: 0.14232
INFO:root:elite fitness: 0.23562000000000002
INFO:root:Generation: 56
INFO:root:pop fitness: 0.14271999999999999
INFO:root:elite fitness: 0.21812
INFO:root:Generation: 60
INFO:root:pop fitness: 0.15291
INFO:root:elite fitness: 0.24258
INFO:root:Generation: 57
INFO:root:pop fitness: 0.13546999999999998
INFO:root:elite fitness: 0.23553999999999997
INFO:root:Generation: 61
INFO:root:pop fitness: 0.14056000000000002
INFO:root:elite fitness: 0.23484
INFO:root:Generation: 58
INFO:root:pop fitness: 0.14622000000000002
INFO:root:elite fitness: 0.23564
INFO:root:Generation: 62
INFO:root:pop fitness: 0.14495000000000002
INFO:root:elite fitness: 0.24194000000000002
INFO:root:Generation: 59
INFO:root:pop fitness: 0.13271
INFO:root:elite fitness: 0.2216
INFO:root:Generation: 63
INFO:root:pop fitness: 0.14527
INFO:root:elite fitness: 0.25136
INFO:root:Generation: 60
INFO:root:pop fitness: 0.14687999999999998
INFO:root:elite fitness: 0.24496
INFO:root:Generation: 64
INFO:root:pop fitness: 0.16156000000000004
INFO:root:elite fitness: 0.25744
INFO:root:Generation: 61
INFO:root:pop fitness: 0.13325
INFO:root:elite fitness: 0.22785999999999998
INFO:root:Generation: 65
INFO:root:pop fitness: 0.15165999999999996
INFO:root:elite fitness: 0.26432
INFO:root:Generation: 62
INFO:root:pop fitness: 0.14583000000000002
INFO:root:elite fitness: 0.24741999999999997
INFO:root:Generation: 66
INFO:root:pop fitness: 0.13773
INFO:root:elite fitness: 0.23348
INFO:root:Generation: 63
INFO:root:pop fitness: 0.13213
INFO:root:elite fitness: 0.20672000000000004
INFO:root:Generation: 67
INFO:root:pop fitness: 0.13890000000000002
INFO:root:elite fitness: 0.24080000000000001
INFO:root:Generation: 64
INFO:root:pop fitness: 0.14802
INFO:root:elite fitness: 0.25214
INFO:root:Generation: 68
INFO:root:pop fitness: 0.14584000000000003
INFO:root:elite fitness: 0.25354000000000004
INFO:root:Generation: 65
INFO:root:pop fitness: 0.13315000000000002
INFO:root:elite fitness: 0.23008000000000003
INFO:root:Generation: 69
INFO:root:pop fitness: 0.14221
INFO:root:elite fitness: 0.25032
INFO:root:Generation: 70
INFO:root:pop fitness: 0.15347
INFO:root:elite fitness: 0.24998
INFO:root:Generation: 66
INFO:root:pop fitness: 0.12857000000000002
INFO:root:elite fitness: 0.23834
INFO:root:Generation: 71
INFO:root:pop fitness: 0.15786999999999998
INFO:root:elite fitness: 0.26983999999999997
INFO:root:Generation: 67
INFO:root:pop fitness: 0.14381
INFO:root:elite fitness: 0.24872
INFO:root:Generation: 72
INFO:root:pop fitness: 0.15026
INFO:root:elite fitness: 0.25462
INFO:root:Generation: 68
INFO:root:pop fitness: 0.15866999999999998
INFO:root:elite fitness: 0.24661999999999998
INFO:root:Generation: 73
INFO:root:pop fitness: 0.15314
INFO:root:elite fitness: 0.28496
INFO:root:Generation: 69
INFO:root:pop fitness: 0.14185999999999999
INFO:root:elite fitness: 0.23870000000000002
INFO:root:Generation: 74
INFO:root:pop fitness: 0.14985
INFO:root:elite fitness: 0.26226000000000005
INFO:root:Generation: 70
INFO:root:pop fitness: 0.13968999999999998
INFO:root:elite fitness: 0.25454
INFO:root:Generation: 75
INFO:root:pop fitness: 0.14923
INFO:root:elite fitness: 0.242
INFO:root:Generation: 71
INFO:root:pop fitness: 0.1303
INFO:root:elite fitness: 0.21861999999999998
INFO:root:Generation: 76
INFO:root:pop fitness: 0.13399
INFO:root:elite fitness: 0.22702000000000003
INFO:root:Generation: 72
INFO:root:pop fitness: 0.14476999999999998
INFO:root:elite fitness: 0.22829999999999998
INFO:root:Generation: 77
INFO:root:pop fitness: 0.15239
INFO:root:elite fitness: 0.25626
INFO:root:Generation: 73
INFO:root:pop fitness: 0.14119
INFO:root:elite fitness: 0.24578000000000003
INFO:root:Generation: 78
INFO:root:pop fitness: 0.14437999999999998
INFO:root:elite fitness: 0.24262000000000003
INFO:root:Generation: 74
INFO:root:pop fitness: 0.13791000000000003
INFO:root:elite fitness: 0.22104
INFO:root:Generation: 79
INFO:root:pop fitness: 0.15297
INFO:root:elite fitness: 0.25032
INFO:root:Generation: 75
INFO:root:pop fitness: 0.12841000000000002
INFO:root:elite fitness: 0.23166
INFO:root:Generation: 80
INFO:root:pop fitness: 0.16275999999999996
INFO:root:elite fitness: 0.27682
INFO:root:Generation: 76
INFO:root:pop fitness: 0.13190000000000002
INFO:root:elite fitness: 0.21564
INFO:root:Generation: 81
INFO:root:pop fitness: 0.14708000000000002
INFO:root:elite fitness: 0.24593999999999996
INFO:root:Generation: 82
INFO:root:pop fitness: 0.17623999999999998
INFO:root:elite fitness: 0.2783
INFO:root:Generation: 77
INFO:root:pop fitness: 0.15347999999999998
INFO:root:elite fitness: 0.26586
INFO:root:Generation: 83
INFO:root:pop fitness: 0.16240000000000002
INFO:root:elite fitness: 0.26532
INFO:root:Generation: 78
INFO:root:pop fitness: 0.14137000000000002
INFO:root:elite fitness: 0.26022
INFO:root:Generation: 84
INFO:root:pop fitness: 0.13932
INFO:root:elite fitness: 0.26324000000000003
INFO:root:Generation: 79
INFO:root:pop fitness: 0.13604000000000002
INFO:root:elite fitness: 0.22583999999999996
INFO:root:Generation: 85
INFO:root:pop fitness: 0.15749000000000002
INFO:root:elite fitness: 0.24452
INFO:root:Generation: 80
INFO:root:pop fitness: 0.14607
INFO:root:elite fitness: 0.25476
INFO:root:Generation: 86
INFO:root:pop fitness: 0.17084
INFO:root:elite fitness: 0.28082
INFO:root:Generation: 81
INFO:root:pop fitness: 0.14231
INFO:root:elite fitness: 0.24064000000000005
INFO:root:Generation: 87
INFO:root:pop fitness: 0.16264
INFO:root:elite fitness: 0.26418
INFO:root:Generation: 82
INFO:root:pop fitness: 0.14141
INFO:root:elite fitness: 0.24609999999999996
INFO:root:Generation: 88
INFO:root:pop fitness: 0.14019
INFO:root:elite fitness: 0.28034000000000003
INFO:root:Generation: 83
INFO:root:pop fitness: 0.14007999999999998
INFO:root:elite fitness: 0.26646000000000003
INFO:root:Generation: 89
INFO:root:pop fitness: 0.15112000000000003
INFO:root:elite fitness: 0.25852
INFO:root:Generation: 84
INFO:root:pop fitness: 0.14494999999999997
INFO:root:elite fitness: 0.24834
INFO:root:Generation: 90
INFO:root:pop fitness: 0.15951
INFO:root:elite fitness: 0.25376
INFO:root:Generation: 85
INFO:root:pop fitness: 0.14913
INFO:root:elite fitness: 0.228
INFO:root:Generation: 91
INFO:root:pop fitness: 0.16503999999999996
INFO:root:elite fitness: 0.26025999999999994
INFO:root:Generation: 86
INFO:root:pop fitness: 0.14708000000000002
INFO:root:elite fitness: 0.2657
INFO:root:Generation: 92
INFO:root:pop fitness: 0.15396
INFO:root:elite fitness: 0.26494
INFO:root:Generation: 87
INFO:root:pop fitness: 0.15008
INFO:root:elite fitness: 0.27246000000000004
INFO:root:Generation: 93
INFO:root:pop fitness: 0.16222999999999999
INFO:root:elite fitness: 0.27327999999999997
INFO:root:Generation: 94
INFO:root:pop fitness: 0.15828
INFO:root:elite fitness: 0.26958000000000004
INFO:root:Generation: 88
INFO:root:pop fitness: 0.14843
INFO:root:elite fitness: 0.23630000000000004
INFO:root:Generation: 95
INFO:root:pop fitness: 0.14947000000000002
INFO:root:elite fitness: 0.2671
INFO:root:Generation: 89
INFO:root:pop fitness: 0.14993
INFO:root:elite fitness: 0.26836000000000004
INFO:root:Generation: 96
INFO:root:pop fitness: 0.14705000000000004
INFO:root:elite fitness: 0.25676000000000004
INFO:root:Generation: 90
INFO:root:pop fitness: 0.14502
INFO:root:elite fitness: 0.23643999999999998
INFO:root:Generation: 97
INFO:root:pop fitness: 0.16151
INFO:root:elite fitness: 0.2607
INFO:root:Generation: 91
INFO:root:pop fitness: 0.16033
INFO:root:elite fitness: 0.27016
INFO:root:Generation: 98
INFO:root:pop fitness: 0.14918
INFO:root:elite fitness: 0.24593999999999996
INFO:root:Generation: 92
INFO:root:pop fitness: 0.15851
INFO:root:elite fitness: 0.25492
INFO:root:Generation: 99
INFO:root:pop fitness: 0.13755000000000003
INFO:root:elite fitness: 0.24107999999999996
INFO:root:Generation: 93
INFO:root:pop fitness: 0.15477
INFO:root:elite fitness: 0.25667999999999996
INFO:root:Generation: 100
INFO:root:pop fitness: 0.14904
INFO:root:elite fitness: 0.27305999999999997
INFO:root:Generation: 94
INFO:root:pop fitness: 0.15183
INFO:root:elite fitness: 0.24638
INFO:root:Generation: 101
INFO:root:pop fitness: 0.14919000000000002
INFO:root:elite fitness: 0.24266000000000001
INFO:root:Generation: 95
INFO:root:pop fitness: 0.14889999999999998
INFO:root:elite fitness: 0.25122
INFO:root:Generation: 102
INFO:root:pop fitness: 0.14532
INFO:root:elite fitness: 0.24509999999999998
INFO:root:Generation: 96
INFO:root:pop fitness: 0.14706
INFO:root:elite fitness: 0.24404
INFO:root:Generation: 103
INFO:root:pop fitness: 0.13960999999999998
INFO:root:elite fitness: 0.22991999999999999
INFO:root:Generation: 97
INFO:root:pop fitness: 0.16799000000000003
INFO:root:elite fitness: 0.29125999999999996
INFO:root:Generation: 104
INFO:root:pop fitness: 0.15622999999999998
INFO:root:elite fitness: 0.24595999999999996
INFO:root:Generation: 98
INFO:root:pop fitness: 0.1392
INFO:root:elite fitness: 0.23582
INFO:root:Generation: 105
INFO:root:pop fitness: 0.15148
INFO:root:elite fitness: 0.25921999999999995
INFO:root:Generation: 99
INFO:root:pop fitness: 0.14807
INFO:root:elite fitness: 0.23464
INFO:root:Generation: 106
INFO:root:pop fitness: 0.13951000000000002
INFO:root:elite fitness: 0.26492
INFO:root:Generation: 100
INFO:root:pop fitness: 0.15781000000000003
INFO:root:elite fitness: 0.29326
INFO:root:Generation: 107
INFO:root:pop fitness: 0.15630999999999998
INFO:root:elite fitness: 0.24669999999999997
INFO:root:Generation: 101
INFO:root:pop fitness: 0.15557999999999997
INFO:root:elite fitness: 0.25382
INFO:root:Generation: 108
INFO:root:pop fitness: 0.15384
INFO:root:elite fitness: 0.2672
INFO:root:Generation: 109
INFO:root:pop fitness: 0.13661999999999996
INFO:root:elite fitness: 0.23775999999999997
INFO:root:Generation: 102
INFO:root:pop fitness: 0.13373
INFO:root:elite fitness: 0.22709999999999997
INFO:root:Generation: 110
INFO:root:pop fitness: 0.15944
INFO:root:elite fitness: 0.28357999999999994
INFO:root:Generation: 103
INFO:root:pop fitness: 0.15281
INFO:root:elite fitness: 0.27436
INFO:root:Generation: 111
INFO:root:pop fitness: 0.15821000000000002
INFO:root:elite fitness: 0.24371999999999996
INFO:root:Generation: 104
INFO:root:pop fitness: 0.13849999999999998
INFO:root:elite fitness: 0.21580000000000002
INFO:root:Generation: 112
INFO:root:pop fitness: 0.16268999999999997
INFO:root:elite fitness: 0.26584
INFO:root:Generation: 105
INFO:root:pop fitness: 0.14555
INFO:root:elite fitness: 0.24109999999999998
INFO:root:Generation: 113
INFO:root:pop fitness: 0.14703999999999998
INFO:root:elite fitness: 0.23258000000000004
INFO:root:Generation: 106
INFO:root:pop fitness: 0.1387
INFO:root:elite fitness: 0.23314000000000001
INFO:root:Generation: 114
INFO:root:pop fitness: 0.14877
INFO:root:elite fitness: 0.25668
INFO:root:Generation: 107
INFO:root:pop fitness: 0.14692
INFO:root:elite fitness: 0.254
INFO:root:Generation: 115
INFO:root:pop fitness: 0.14506
INFO:root:elite fitness: 0.26055999999999996
INFO:root:Generation: 108
INFO:root:pop fitness: 0.15899999999999997
INFO:root:elite fitness: 0.25898
INFO:root:Generation: 116
INFO:root:pop fitness: 0.14702
INFO:root:elite fitness: 0.26304
INFO:root:Generation: 109
INFO:root:pop fitness: 0.15131999999999995
INFO:root:elite fitness: 0.26352
INFO:root:Generation: 117
INFO:root:pop fitness: 0.16213999999999998
INFO:root:elite fitness: 0.25834
INFO:root:Generation: 110
INFO:root:pop fitness: 0.16681
INFO:root:elite fitness: 0.26444
INFO:root:Generation: 118
INFO:root:pop fitness: 0.16232
INFO:root:elite fitness: 0.2717
INFO:root:Generation: 111
INFO:root:pop fitness: 0.15107
INFO:root:elite fitness: 0.27146
INFO:root:Generation: 119
INFO:root:pop fitness: 0.15983000000000003
INFO:root:elite fitness: 0.25488000000000005
INFO:root:Generation: 112
INFO:root:pop fitness: 0.17381000000000005
INFO:root:elite fitness: 0.29898
INFO:root:Generation: 120
INFO:root:pop fitness: 0.15257
INFO:root:elite fitness: 0.26216
INFO:root:Generation: 121
INFO:root:pop fitness: 0.14743
INFO:root:elite fitness: 0.25106
INFO:root:Generation: 113
INFO:root:pop fitness: 0.16130000000000003
INFO:root:elite fitness: 0.26826
INFO:root:Generation: 122
INFO:root:pop fitness: 0.13805
INFO:root:elite fitness: 0.21236000000000005
INFO:root:Generation: 114
INFO:root:pop fitness: 0.1782
INFO:root:elite fitness: 0.28829999999999995
INFO:root:Generation: 123
INFO:root:pop fitness: 0.14825000000000002
INFO:root:elite fitness: 0.25304
INFO:root:Generation: 115
INFO:root:pop fitness: 0.163
INFO:root:elite fitness: 0.26533999999999996
INFO:root:Generation: 124
INFO:root:pop fitness: 0.15464
INFO:root:elite fitness: 0.27102
INFO:root:Generation: 116
INFO:root:pop fitness: 0.1603
INFO:root:elite fitness: 0.2701
INFO:root:Generation: 125
INFO:root:pop fitness: 0.14219
INFO:root:elite fitness: 0.22430000000000003
INFO:root:Generation: 117
INFO:root:pop fitness: 0.15649000000000002
INFO:root:elite fitness: 0.27132
INFO:root:Generation: 126
INFO:root:pop fitness: 0.14966
INFO:root:elite fitness: 0.25342000000000003
INFO:root:Generation: 118
INFO:root:pop fitness: 0.15351
INFO:root:elite fitness: 0.2554
INFO:root:Generation: 127
INFO:root:pop fitness: 0.13698
INFO:root:elite fitness: 0.23364000000000001
INFO:root:Generation: 119
INFO:root:pop fitness: 0.1591
INFO:root:elite fitness: 0.27205999999999997
INFO:root:Generation: 128
INFO:root:pop fitness: 0.15451
INFO:root:elite fitness: 0.26432
INFO:root:Generation: 120
INFO:root:pop fitness: 0.15184
INFO:root:elite fitness: 0.24173999999999998
INFO:root:Generation: 129
INFO:root:pop fitness: 0.16418000000000002
INFO:root:elite fitness: 0.26362
INFO:root:Generation: 121
INFO:root:pop fitness: 0.16172
INFO:root:elite fitness: 0.26780000000000004
INFO:root:Generation: 130
INFO:root:pop fitness: 0.14450000000000002
INFO:root:elite fitness: 0.22368
INFO:root:Generation: 131
INFO:root:pop fitness: 0.14565
INFO:root:elite fitness: 0.23884
INFO:root:Generation: 122
INFO:root:pop fitness: 0.16373000000000001
INFO:root:elite fitness: 0.26936
INFO:root:Generation: 132
INFO:root:pop fitness: 0.13229000000000002
INFO:root:elite fitness: 0.22922000000000003
INFO:root:Generation: 123
INFO:root:pop fitness: 0.17350000000000004
INFO:root:elite fitness: 0.28550000000000003
INFO:root:Generation: 133
INFO:root:pop fitness: 0.14244
INFO:root:elite fitness: 0.25636
INFO:root:Generation: 124
INFO:root:pop fitness: 0.16259
INFO:root:elite fitness: 0.25478
INFO:root:Generation: 134
INFO:root:pop fitness: 0.16234
INFO:root:elite fitness: 0.2551
INFO:root:Generation: 125
INFO:root:pop fitness: 0.17081
INFO:root:elite fitness: 0.28768
INFO:root:Generation: 135
INFO:root:pop fitness: 0.16435000000000002
INFO:root:elite fitness: 0.25144
INFO:root:Generation: 126
INFO:root:pop fitness: 0.15336000000000002
INFO:root:elite fitness: 0.27722
INFO:root:Generation: 136
INFO:root:pop fitness: 0.15285
INFO:root:elite fitness: 0.24853999999999996
INFO:root:Generation: 127
INFO:root:pop fitness: 0.16881999999999997
INFO:root:elite fitness: 0.27747999999999995
INFO:root:Generation: 137
INFO:root:pop fitness: 0.14711
INFO:root:elite fitness: 0.2674
INFO:root:Generation: 128
INFO:root:pop fitness: 0.16236
INFO:root:elite fitness: 0.26564
INFO:root:Generation: 138
INFO:root:pop fitness: 0.14356
INFO:root:elite fitness: 0.25739999999999996
INFO:root:Generation: 129
INFO:root:pop fitness: 0.15666
INFO:root:elite fitness: 0.2487
INFO:root:Generation: 139
INFO:root:pop fitness: 0.15385
INFO:root:elite fitness: 0.25454
INFO:root:Generation: 130
INFO:root:pop fitness: 0.16774
INFO:root:elite fitness: 0.27714
INFO:root:Generation: 140
INFO:root:pop fitness: 0.15567000000000003
INFO:root:elite fitness: 0.25858000000000003
INFO:root:Generation: 131
INFO:root:pop fitness: 0.17111
INFO:root:elite fitness: 0.30696
INFO:root:Generation: 141
INFO:root:pop fitness: 0.15440000000000004
INFO:root:elite fitness: 0.26724
INFO:root:Generation: 132
INFO:root:pop fitness: 0.15439999999999998
INFO:root:elite fitness: 0.24718
INFO:root:Generation: 142
INFO:root:pop fitness: 0.14309
INFO:root:elite fitness: 0.22854
INFO:root:Generation: 143
INFO:root:pop fitness: 0.16529
INFO:root:elite fitness: 0.27792
INFO:root:Generation: 133
INFO:root:pop fitness: 0.1637
INFO:root:elite fitness: 0.26134
INFO:root:Generation: 144
INFO:root:pop fitness: 0.15286000000000002
INFO:root:elite fitness: 0.2784
INFO:root:Generation: 134
INFO:root:pop fitness: 0.15694
INFO:root:elite fitness: 0.25605999999999995
INFO:root:Generation: 145
INFO:root:pop fitness: 0.14847000000000002
INFO:root:elite fitness: 0.25860000000000005
INFO:root:Generation: 135
INFO:root:pop fitness: 0.15933000000000003
INFO:root:elite fitness: 0.2657
INFO:root:Generation: 146
INFO:root:pop fitness: 0.1472
INFO:root:elite fitness: 0.26994
INFO:root:Generation: 136
INFO:root:pop fitness: 0.17017
INFO:root:elite fitness: 0.2665
INFO:root:Generation: 147
INFO:root:pop fitness: 0.15407
INFO:root:elite fitness: 0.26270000000000004
INFO:root:Generation: 137
INFO:root:pop fitness: 0.14806
INFO:root:elite fitness: 0.2372
INFO:root:Generation: 148
INFO:root:pop fitness: 0.16129000000000002
INFO:root:elite fitness: 0.2916
INFO:root:Generation: 138
INFO:root:pop fitness: 0.14942
INFO:root:elite fitness: 0.2494
INFO:root:Generation: 149
INFO:root:pop fitness: 0.15192
INFO:root:elite fitness: 0.24813999999999997
INFO:root:Generation: 139
INFO:root:pop fitness: 0.16854999999999998
INFO:root:elite fitness: 0.2744
INFO:root:Generation: 150
INFO:root:pop fitness: 0.1451
INFO:root:elite fitness: 0.25207999999999997
INFO:root:Generation: 151
INFO:root:pop fitness: 0.17434000000000002
INFO:root:elite fitness: 0.27937999999999996
INFO:root:Generation: 140
INFO:root:pop fitness: 0.17151999999999998
INFO:root:elite fitness: 0.27304
INFO:root:Generation: 152
INFO:root:pop fitness: 0.15473
INFO:root:elite fitness: 0.27878
INFO:root:Generation: 141
INFO:root:pop fitness: 0.16191
INFO:root:elite fitness: 0.26762
INFO:root:Generation: 153
INFO:root:pop fitness: 0.13812999999999998
INFO:root:elite fitness: 0.25858000000000003
INFO:root:Generation: 142
INFO:root:pop fitness: 0.14905
INFO:root:elite fitness: 0.23929999999999996
INFO:root:Generation: 154
INFO:root:pop fitness: 0.1571
INFO:root:elite fitness: 0.27202
INFO:root:Generation: 143
INFO:root:pop fitness: 0.15505000000000002
INFO:root:elite fitness: 0.25504
INFO:root:Generation: 155
INFO:root:pop fitness: 0.16002
INFO:root:elite fitness: 0.26606
INFO:root:Generation: 144
INFO:root:pop fitness: 0.15109
INFO:root:elite fitness: 0.25086
INFO:root:Generation: 156
INFO:root:pop fitness: 0.13926
INFO:root:elite fitness: 0.22679999999999997
INFO:root:Generation: 145
INFO:root:pop fitness: 0.17883999999999997
INFO:root:elite fitness: 0.27730000000000005
INFO:root:Generation: 157
INFO:root:pop fitness: 0.18122000000000005
INFO:root:elite fitness: 0.30316
INFO:root:Generation: 146
INFO:root:pop fitness: 0.16559000000000001
INFO:root:elite fitness: 0.26528
INFO:root:Generation: 158
INFO:root:pop fitness: 0.16504000000000002
INFO:root:elite fitness: 0.26078
INFO:root:Generation: 159
INFO:root:pop fitness: 0.16228
INFO:root:elite fitness: 0.28300000000000003
INFO:root:Generation: 147
INFO:root:pop fitness: 0.16730000000000003
INFO:root:elite fitness: 0.28188
INFO:root:Generation: 160
INFO:root:pop fitness: 0.17667999999999995
INFO:root:elite fitness: 0.2774
INFO:root:Generation: 148
INFO:root:pop fitness: 0.18133
INFO:root:elite fitness: 0.28294
INFO:root:Generation: 161
INFO:root:pop fitness: 0.16761000000000004
INFO:root:elite fitness: 0.28228000000000003
INFO:root:Generation: 149
INFO:root:pop fitness: 0.16143000000000002
INFO:root:elite fitness: 0.25908
INFO:root:Generation: 162
INFO:root:pop fitness: 0.16004000000000002
INFO:root:elite fitness: 0.27246
INFO:root:Generation: 150
INFO:root:pop fitness: 0.16041
INFO:root:elite fitness: 0.26636
INFO:root:Generation: 163
INFO:root:pop fitness: 0.15835000000000002
INFO:root:elite fitness: 0.2743
INFO:root:Generation: 151
INFO:root:pop fitness: 0.16189
INFO:root:elite fitness: 0.27209999999999995
INFO:root:Generation: 164
INFO:root:pop fitness: 0.16434
INFO:root:elite fitness: 0.27571999999999997
INFO:root:Generation: 152
INFO:root:pop fitness: 0.15148999999999999
INFO:root:elite fitness: 0.25272
INFO:root:Generation: 165
INFO:root:pop fitness: 0.14917999999999998
INFO:root:elite fitness: 0.24480000000000002
INFO:root:Generation: 153
INFO:root:pop fitness: 0.15297000000000002
INFO:root:elite fitness: 0.23748000000000002
INFO:root:Generation: 166
INFO:root:pop fitness: 0.16628999999999997
INFO:root:elite fitness: 0.2759
INFO:root:Generation: 154
INFO:root:pop fitness: 0.17038999999999999
INFO:root:elite fitness: 0.24724000000000002
INFO:root:Generation: 167
INFO:root:pop fitness: 0.15713000000000002
INFO:root:elite fitness: 0.26146
INFO:root:Generation: 155
INFO:root:pop fitness: 0.17323999999999998
INFO:root:elite fitness: 0.28912000000000004
INFO:root:Generation: 168
INFO:root:pop fitness: 0.16735
INFO:root:elite fitness: 0.2797
INFO:root:Generation: 169
INFO:root:pop fitness: 0.16936000000000004
INFO:root:elite fitness: 0.2731
INFO:root:Generation: 156
INFO:root:pop fitness: 0.15828
INFO:root:elite fitness: 0.26244
INFO:root:Generation: 170
INFO:root:pop fitness: 0.16660999999999998
INFO:root:elite fitness: 0.27881999999999996
INFO:root:Generation: 157
INFO:root:pop fitness: 0.15003
INFO:root:elite fitness: 0.2515
INFO:root:Generation: 171
INFO:root:pop fitness: 0.16356
INFO:root:elite fitness: 0.293
INFO:root:Generation: 158
INFO:root:pop fitness: 0.16201000000000002
INFO:root:elite fitness: 0.25026
INFO:root:Generation: 172
INFO:root:pop fitness: 0.18296999999999997
INFO:root:elite fitness: 0.28003999999999996
INFO:root:Generation: 159
INFO:root:pop fitness: 0.16815999999999998
INFO:root:elite fitness: 0.2674
INFO:root:Generation: 173
INFO:root:pop fitness: 0.16878000000000004
INFO:root:elite fitness: 0.25758
INFO:root:Generation: 160
INFO:root:pop fitness: 0.15253
INFO:root:elite fitness: 0.24119999999999997
INFO:root:Generation: 174
INFO:root:pop fitness: 0.16535
INFO:root:elite fitness: 0.28193999999999997
INFO:root:Generation: 161
INFO:root:pop fitness: 0.15567
INFO:root:elite fitness: 0.26382
INFO:root:Generation: 175
INFO:root:pop fitness: 0.16155999999999998
INFO:root:elite fitness: 0.27104
INFO:root:Generation: 162
INFO:root:pop fitness: 0.16594
INFO:root:elite fitness: 0.26806
INFO:root:Generation: 176
INFO:root:pop fitness: 0.17315000000000005
INFO:root:elite fitness: 0.28664
INFO:root:Generation: 163
INFO:root:pop fitness: 0.17157999999999998
INFO:root:elite fitness: 0.26002000000000003
INFO:root:Generation: 177
INFO:root:pop fitness: 0.15447
INFO:root:elite fitness: 0.26954000000000006
INFO:root:Generation: 164
INFO:root:pop fitness: 0.16143999999999997
INFO:root:elite fitness: 0.24133999999999997
INFO:root:Generation: 178
INFO:root:pop fitness: 0.15167000000000003
INFO:root:elite fitness: 0.23099999999999998
INFO:root:Generation: 165
INFO:root:pop fitness: 0.16339000000000004
INFO:root:elite fitness: 0.24517999999999998
INFO:root:Generation: 179
INFO:root:pop fitness: 0.16193000000000002
INFO:root:elite fitness: 0.25476
INFO:root:Generation: 180
INFO:root:pop fitness: 0.1588
INFO:root:elite fitness: 0.2539
INFO:root:Generation: 166
INFO:root:pop fitness: 0.15600999999999998
INFO:root:elite fitness: 0.24251999999999999
INFO:root:Generation: 181
INFO:root:pop fitness: 0.15864
INFO:root:elite fitness: 0.24922
INFO:root:Generation: 167
INFO:root:pop fitness: 0.14928000000000002
INFO:root:elite fitness: 0.24084000000000003
INFO:root:Generation: 182
INFO:root:pop fitness: 0.1667
INFO:root:elite fitness: 0.26524
INFO:root:Generation: 168
INFO:root:pop fitness: 0.16433999999999999
INFO:root:elite fitness: 0.28264
INFO:root:Generation: 183
INFO:root:pop fitness: 0.15879
INFO:root:elite fitness: 0.24874
INFO:root:Generation: 169
INFO:root:pop fitness: 0.15446
INFO:root:elite fitness: 0.24104
INFO:root:Generation: 184
INFO:root:pop fitness: 0.17224
INFO:root:elite fitness: 0.26469999999999994
INFO:root:Generation: 170
INFO:root:pop fitness: 0.17798999999999998
INFO:root:elite fitness: 0.2986
INFO:root:Generation: 185
INFO:root:pop fitness: 0.15237
INFO:root:elite fitness: 0.23803999999999997
INFO:root:Generation: 171
INFO:root:pop fitness: 0.16207999999999997
INFO:root:elite fitness: 0.2662
INFO:root:Generation: 186
INFO:root:pop fitness: 0.16997
INFO:root:elite fitness: 0.28308
INFO:root:Generation: 172
INFO:root:pop fitness: 0.15847000000000003
INFO:root:elite fitness: 0.25418
INFO:root:Generation: 187
INFO:root:pop fitness: 0.147
INFO:root:elite fitness: 0.23308
INFO:root:Generation: 173
INFO:root:pop fitness: 0.16543
INFO:root:elite fitness: 0.2618
INFO:root:Generation: 188
INFO:root:pop fitness: 0.16057000000000002
INFO:root:elite fitness: 0.25756
INFO:root:Generation: 189
INFO:root:pop fitness: 0.15049
INFO:root:elite fitness: 0.26772
INFO:root:Generation: 174
INFO:root:pop fitness: 0.16384
INFO:root:elite fitness: 0.2657
INFO:root:Generation: 190
INFO:root:pop fitness: 0.16731000000000001
INFO:root:elite fitness: 0.25978
INFO:root:Generation: 175
INFO:root:pop fitness: 0.1699
INFO:root:elite fitness: 0.27054
INFO:root:Generation: 191
INFO:root:pop fitness: 0.16368
INFO:root:elite fitness: 0.27128
INFO:root:Generation: 176
INFO:root:pop fitness: 0.17173999999999995
INFO:root:elite fitness: 0.26617999999999997
INFO:root:Generation: 192
INFO:root:pop fitness: 0.16699999999999998
INFO:root:elite fitness: 0.28456
INFO:root:Generation: 177
INFO:root:pop fitness: 0.17142999999999997
INFO:root:elite fitness: 0.29394
INFO:root:Generation: 193
INFO:root:pop fitness: 0.17126000000000005
INFO:root:elite fitness: 0.26943999999999996
INFO:root:Generation: 178
INFO:root:pop fitness: 0.16596000000000002
INFO:root:elite fitness: 0.26
INFO:root:Generation: 194
INFO:root:pop fitness: 0.16084999999999997
INFO:root:elite fitness: 0.26304
INFO:root:Generation: 179
INFO:root:pop fitness: 0.16540999999999997
INFO:root:elite fitness: 0.27602
INFO:root:Generation: 195
INFO:root:pop fitness: 0.16693999999999998
INFO:root:elite fitness: 0.2728
INFO:root:Generation: 180
INFO:root:pop fitness: 0.16344
INFO:root:elite fitness: 0.26836
INFO:root:Generation: 196
INFO:root:pop fitness: 0.17275
INFO:root:elite fitness: 0.29304
INFO:root:Generation: 181
INFO:root:pop fitness: 0.15476000000000004
INFO:root:elite fitness: 0.24998000000000004
INFO:root:Generation: 197
INFO:root:pop fitness: 0.16940999999999998
INFO:root:elite fitness: 0.26806
INFO:root:Generation: 198
INFO:root:pop fitness: 0.17273000000000002
INFO:root:elite fitness: 0.28443999999999997
INFO:root:Generation: 182
INFO:root:pop fitness: 0.16584000000000004
INFO:root:elite fitness: 0.2499
INFO:root:Generation: 199
INFO:root:pop fitness: 0.18266
INFO:root:elite fitness: 0.27416
INFO:root:Generation: 183
INFO:root:pop fitness: 0.18822999999999998
INFO:root:elite fitness: 0.29567999999999994
INFO:root:Generation: 184
INFO:root:pop fitness: 0.16916
INFO:root:elite fitness: 0.25201999999999997
INFO:root:Generation: 185
INFO:root:pop fitness: 0.17294
INFO:root:elite fitness: 0.28134
INFO:root:Generation: 186
INFO:root:pop fitness: 0.17189000000000004
INFO:root:elite fitness: 0.31214
INFO:root:Generation: 187
INFO:root:pop fitness: 0.13924
INFO:root:elite fitness: 0.22465999999999997
INFO:root:Generation: 188
INFO:root:pop fitness: 0.18022000000000002
INFO:root:elite fitness: 0.29986
INFO:root:Generation: 189
INFO:root:pop fitness: 0.18057
INFO:root:elite fitness: 0.28784
INFO:root:Generation: 190
INFO:root:pop fitness: 0.168
INFO:root:elite fitness: 0.28618
INFO:root:Generation: 191
INFO:root:pop fitness: 0.17381000000000005
INFO:root:elite fitness: 0.28662
INFO:root:Generation: 192
INFO:root:pop fitness: 0.16215
INFO:root:elite fitness: 0.27524000000000004
INFO:root:Generation: 193
INFO:root:pop fitness: 0.17679999999999998
INFO:root:elite fitness: 0.27964
INFO:root:Generation: 194
INFO:root:pop fitness: 0.15943
INFO:root:elite fitness: 0.27212
INFO:root:Generation: 195
INFO:root:pop fitness: 0.16947000000000004
INFO:root:elite fitness: 0.2736
INFO:root:Generation: 196
INFO:root:pop fitness: 0.17393999999999998
INFO:root:elite fitness: 0.27024000000000004
INFO:root:Generation: 197
INFO:root:pop fitness: 0.15936
INFO:root:elite fitness: 0.26066
INFO:root:Generation: 198
INFO:root:pop fitness: 0.15907
INFO:root:elite fitness: 0.2574
INFO:root:Generation: 199
INFO:root:pop fitness: 0.16348
INFO:root:elite fitness: 0.26299999999999996
