INFO:root:run_master: Namespace(arms='10', hidden='32', layers='3', max_gen='200', message='', mutation_mag='0.01', name='nonStationary_v1', noise=False, pop_size='50', save_result=True, trials='100')
INFO:root:run_master: Namespace(arms='10', hidden='32', layers='3', max_gen='200', message='', mutation_mag='0.01', name='nonStationary_v1', noise=True, pop_size='50', save_result=True, trials='100')
INFO:root:Generation: 0
INFO:root:pop fitness: 0.09971999999999999
INFO:root:elite fitness: 0.11231999999999999
INFO:root:Generation: 0
INFO:root:pop fitness: 0.09884
INFO:root:elite fitness: 0.11263999999999999
INFO:root:Generation: 1
INFO:root:pop fitness: 0.09970000000000001
INFO:root:elite fitness: 0.11651999999999997
INFO:root:Generation: 1
INFO:root:pop fitness: 0.1004
INFO:root:elite fitness: 0.11244
INFO:root:Generation: 2
INFO:root:pop fitness: 0.10024
INFO:root:elite fitness: 0.11808
INFO:root:Generation: 2
INFO:root:pop fitness: 0.09962
INFO:root:elite fitness: 0.11315999999999998
INFO:root:Generation: 3
INFO:root:pop fitness: 0.09928
INFO:root:elite fitness: 0.12564
INFO:root:Generation: 3
INFO:root:pop fitness: 0.09894
INFO:root:elite fitness: 0.1158
INFO:root:Generation: 4
INFO:root:pop fitness: 0.0989
INFO:root:elite fitness: 0.11571999999999999
INFO:root:Generation: 4
INFO:root:pop fitness: 0.10053999999999999
INFO:root:elite fitness: 0.12376
INFO:root:Generation: 5
INFO:root:pop fitness: 0.10092000000000001
INFO:root:elite fitness: 0.12972
INFO:root:Generation: 5
INFO:root:pop fitness: 0.10028000000000002
INFO:root:elite fitness: 0.14
INFO:root:Generation: 6
INFO:root:pop fitness: 0.10690000000000001
INFO:root:elite fitness: 0.16708
INFO:root:Generation: 6
INFO:root:pop fitness: 0.09431999999999999
INFO:root:elite fitness: 0.13011999999999999
INFO:root:Generation: 7
INFO:root:pop fitness: 0.09725999999999999
INFO:root:elite fitness: 0.13768000000000002
INFO:root:Generation: 7
INFO:root:pop fitness: 0.09853999999999999
INFO:root:elite fitness: 0.13692000000000001
INFO:root:Generation: 8
INFO:root:pop fitness: 0.10622
INFO:root:elite fitness: 0.15724
INFO:root:Generation: 8
INFO:root:pop fitness: 0.10890000000000001
INFO:root:elite fitness: 0.16876000000000005
INFO:root:Generation: 9
INFO:root:pop fitness: 0.1153
INFO:root:elite fitness: 0.18279999999999996
INFO:root:Generation: 9
INFO:root:pop fitness: 0.09916
INFO:root:elite fitness: 0.16044
INFO:root:Generation: 10
INFO:root:pop fitness: 0.10268000000000001
INFO:root:elite fitness: 0.1558
INFO:root:Generation: 10
INFO:root:pop fitness: 0.11879999999999999
INFO:root:elite fitness: 0.18568000000000004
INFO:root:Generation: 11
INFO:root:pop fitness: 0.11078000000000002
INFO:root:elite fitness: 0.18344000000000002
INFO:root:Generation: 11
INFO:root:pop fitness: 0.09596
INFO:root:elite fitness: 0.14716
INFO:root:Generation: 12
INFO:root:pop fitness: 0.11636000000000003
INFO:root:elite fitness: 0.18875999999999998
INFO:root:Generation: 12
INFO:root:pop fitness: 0.09032000000000001
INFO:root:elite fitness: 0.15516
INFO:root:Generation: 13
INFO:root:pop fitness: 0.09902
INFO:root:elite fitness: 0.17292
INFO:root:Generation: 13
INFO:root:pop fitness: 0.10868
INFO:root:elite fitness: 0.1784
INFO:root:Generation: 14
INFO:root:pop fitness: 0.10922000000000001
INFO:root:elite fitness: 0.18851999999999997
INFO:root:Generation: 14
INFO:root:pop fitness: 0.10472
INFO:root:elite fitness: 0.16612000000000002
INFO:root:Generation: 15
INFO:root:pop fitness: 0.09179999999999999
INFO:root:elite fitness: 0.14428000000000002
INFO:root:Generation: 15
INFO:root:pop fitness: 0.09132000000000001
INFO:root:elite fitness: 0.1692
INFO:root:Generation: 16
INFO:root:pop fitness: 0.11027999999999999
INFO:root:elite fitness: 0.18356000000000003
INFO:root:Generation: 16
INFO:root:pop fitness: 0.10154000000000002
INFO:root:elite fitness: 0.17392
INFO:root:Generation: 17
INFO:root:pop fitness: 0.12372
INFO:root:elite fitness: 0.21284
INFO:root:Generation: 18
INFO:root:pop fitness: 0.09792
INFO:root:elite fitness: 0.1502
INFO:root:Generation: 17
INFO:root:pop fitness: 0.11914000000000001
INFO:root:elite fitness: 0.21644000000000005
INFO:root:Generation: 18
INFO:root:pop fitness: 0.10446
INFO:root:elite fitness: 0.15632
INFO:root:Generation: 19
INFO:root:pop fitness: 0.11155999999999999
INFO:root:elite fitness: 0.18115999999999996
INFO:root:Generation: 19
INFO:root:pop fitness: 0.10814
INFO:root:elite fitness: 0.18780000000000005
INFO:root:Generation: 20
INFO:root:pop fitness: 0.09854000000000002
INFO:root:elite fitness: 0.17040000000000002
INFO:root:Generation: 20
INFO:root:pop fitness: 0.11911999999999999
INFO:root:elite fitness: 0.19708000000000003
INFO:root:Generation: 21
INFO:root:pop fitness: 0.10697999999999999
INFO:root:elite fitness: 0.18268
INFO:root:Generation: 21
INFO:root:pop fitness: 0.11261999999999998
INFO:root:elite fitness: 0.18416
INFO:root:Generation: 22
INFO:root:pop fitness: 0.10529999999999999
INFO:root:elite fitness: 0.18479999999999996
INFO:root:Generation: 22
INFO:root:pop fitness: 0.11452000000000001
INFO:root:elite fitness: 0.196
INFO:root:Generation: 23
INFO:root:pop fitness: 0.1208
INFO:root:elite fitness: 0.17648
INFO:root:Generation: 23
INFO:root:pop fitness: 0.10314
INFO:root:elite fitness: 0.1704
INFO:root:Generation: 24
INFO:root:pop fitness: 0.10872
INFO:root:elite fitness: 0.17120000000000002
INFO:root:Generation: 24
INFO:root:pop fitness: 0.11176
INFO:root:elite fitness: 0.16912
INFO:root:Generation: 25
INFO:root:pop fitness: 0.11209999999999999
INFO:root:elite fitness: 0.18796
INFO:root:Generation: 25
INFO:root:pop fitness: 0.11289999999999999
INFO:root:elite fitness: 0.17708
INFO:root:Generation: 26
INFO:root:pop fitness: 0.12434
INFO:root:elite fitness: 0.20776
INFO:root:Generation: 26
INFO:root:pop fitness: 0.10888
INFO:root:elite fitness: 0.17732
INFO:root:Generation: 27
INFO:root:pop fitness: 0.11778000000000001
INFO:root:elite fitness: 0.23112000000000002
INFO:root:Generation: 27
INFO:root:pop fitness: 0.10278000000000001
INFO:root:elite fitness: 0.18572
INFO:root:Generation: 28
INFO:root:pop fitness: 0.11222000000000001
INFO:root:elite fitness: 0.19076
INFO:root:Generation: 28
INFO:root:pop fitness: 0.10875999999999998
INFO:root:elite fitness: 0.18112000000000003
INFO:root:Generation: 29
INFO:root:pop fitness: 0.11834
INFO:root:elite fitness: 0.19484
INFO:root:Generation: 29
INFO:root:pop fitness: 0.11723999999999998
INFO:root:elite fitness: 0.19183999999999998
INFO:root:Generation: 30
INFO:root:pop fitness: 0.12376
INFO:root:elite fitness: 0.21556
INFO:root:Generation: 30
INFO:root:pop fitness: 0.096
INFO:root:elite fitness: 0.16515999999999997
INFO:root:Generation: 31
INFO:root:pop fitness: 0.10398000000000002
INFO:root:elite fitness: 0.18659999999999996
INFO:root:Generation: 31
INFO:root:pop fitness: 0.11666
INFO:root:elite fitness: 0.21012
INFO:root:Generation: 32
INFO:root:pop fitness: 0.12006
INFO:root:elite fitness: 0.18944
INFO:root:Generation: 33
INFO:root:pop fitness: 0.11258000000000001
INFO:root:elite fitness: 0.20968000000000003
INFO:root:Generation: 32
INFO:root:pop fitness: 0.1005
INFO:root:elite fitness: 0.18972000000000006
INFO:root:Generation: 34
INFO:root:pop fitness: 0.10474
INFO:root:elite fitness: 0.19052
INFO:root:Generation: 33
INFO:root:pop fitness: 0.11130000000000002
INFO:root:elite fitness: 0.17692
INFO:root:Generation: 35
INFO:root:pop fitness: 0.12268000000000001
INFO:root:elite fitness: 0.25176000000000004
INFO:root:Generation: 34
INFO:root:pop fitness: 0.12105999999999999
INFO:root:elite fitness: 0.20228000000000002
INFO:root:Generation: 36
INFO:root:pop fitness: 0.11631999999999999
INFO:root:elite fitness: 0.18047999999999997
INFO:root:Generation: 35
INFO:root:pop fitness: 0.10840000000000001
INFO:root:elite fitness: 0.18708000000000002
INFO:root:Generation: 37
INFO:root:pop fitness: 0.12180000000000002
INFO:root:elite fitness: 0.20611999999999997
INFO:root:Generation: 36
INFO:root:pop fitness: 0.1103
INFO:root:elite fitness: 0.20564
INFO:root:Generation: 38
INFO:root:pop fitness: 0.1246
INFO:root:elite fitness: 0.20247999999999997
INFO:root:Generation: 39
INFO:root:pop fitness: 0.10282000000000002
INFO:root:elite fitness: 0.17752
INFO:root:Generation: 37
INFO:root:pop fitness: 0.12494
INFO:root:elite fitness: 0.19532
INFO:root:Generation: 40
INFO:root:pop fitness: 0.1257
INFO:root:elite fitness: 0.21
INFO:root:Generation: 38
INFO:root:pop fitness: 0.11001999999999999
INFO:root:elite fitness: 0.19252
INFO:root:Generation: 41
INFO:root:pop fitness: 0.10889999999999998
INFO:root:elite fitness: 0.20967999999999998
INFO:root:Generation: 39
INFO:root:pop fitness: 0.11199999999999999
INFO:root:elite fitness: 0.17564
INFO:root:Generation: 42
INFO:root:pop fitness: 0.12628000000000003
INFO:root:elite fitness: 0.20604
INFO:root:Generation: 40
INFO:root:pop fitness: 0.12308
INFO:root:elite fitness: 0.21248
INFO:root:Generation: 43
INFO:root:pop fitness: 0.10146000000000001
INFO:root:elite fitness: 0.17672000000000002
INFO:root:Generation: 41
INFO:root:pop fitness: 0.11406000000000001
INFO:root:elite fitness: 0.21371999999999997
INFO:root:Generation: 44
INFO:root:pop fitness: 0.1162
INFO:root:elite fitness: 0.24356000000000003
INFO:root:Generation: 42
INFO:root:pop fitness: 0.12927999999999998
INFO:root:elite fitness: 0.22328000000000003
INFO:root:Generation: 45
INFO:root:pop fitness: 0.11479999999999999
INFO:root:elite fitness: 0.20008000000000004
INFO:root:Generation: 43
INFO:root:pop fitness: 0.10469999999999999
INFO:root:elite fitness: 0.16779999999999998
INFO:root:Generation: 46
INFO:root:pop fitness: 0.1201
INFO:root:elite fitness: 0.19451999999999997
INFO:root:Generation: 44
INFO:root:pop fitness: 0.1272
INFO:root:elite fitness: 0.21184
INFO:root:Generation: 47
INFO:root:pop fitness: 0.11308000000000001
INFO:root:elite fitness: 0.19744000000000003
INFO:root:Generation: 45
INFO:root:pop fitness: 0.10988000000000003
INFO:root:elite fitness: 0.18367999999999998
INFO:root:Generation: 48
INFO:root:pop fitness: 0.11922
INFO:root:elite fitness: 0.19976000000000002
INFO:root:Generation: 46
INFO:root:pop fitness: 0.11008
INFO:root:elite fitness: 0.18756
INFO:root:Generation: 49
INFO:root:pop fitness: 0.11728000000000004
INFO:root:elite fitness: 0.21356000000000003
INFO:root:Generation: 47
INFO:root:pop fitness: 0.12320000000000002
INFO:root:elite fitness: 0.23544
INFO:root:Generation: 50
INFO:root:pop fitness: 0.12604
INFO:root:elite fitness: 0.214
INFO:root:Generation: 48
INFO:root:pop fitness: 0.11130000000000001
INFO:root:elite fitness: 0.18184
INFO:root:Generation: 51
INFO:root:pop fitness: 0.11747999999999999
INFO:root:elite fitness: 0.17564
INFO:root:Generation: 52
INFO:root:pop fitness: 0.12228
INFO:root:elite fitness: 0.18719999999999998
INFO:root:Generation: 49
INFO:root:pop fitness: 0.09954
INFO:root:elite fitness: 0.18084
INFO:root:Generation: 53
INFO:root:pop fitness: 0.11684
INFO:root:elite fitness: 0.1802
INFO:root:Generation: 50
INFO:root:pop fitness: 0.11552
INFO:root:elite fitness: 0.21508000000000002
INFO:root:Generation: 54
INFO:root:pop fitness: 0.12560000000000002
INFO:root:elite fitness: 0.20631999999999998
INFO:root:Generation: 51
INFO:root:pop fitness: 0.13046
INFO:root:elite fitness: 0.22872
INFO:root:Generation: 55
INFO:root:pop fitness: 0.11340000000000001
INFO:root:elite fitness: 0.20772
INFO:root:Generation: 52
INFO:root:pop fitness: 0.12978
INFO:root:elite fitness: 0.22848000000000002
INFO:root:Generation: 56
INFO:root:pop fitness: 0.13006
INFO:root:elite fitness: 0.24627999999999997
INFO:root:Generation: 53
INFO:root:pop fitness: 0.11860000000000001
INFO:root:elite fitness: 0.19772
INFO:root:Generation: 57
INFO:root:pop fitness: 0.15896000000000002
INFO:root:elite fitness: 0.24231999999999998
INFO:root:Generation: 54
INFO:root:pop fitness: 0.10906000000000002
INFO:root:elite fitness: 0.18944000000000003
INFO:root:Generation: 58
INFO:root:pop fitness: 0.13872
INFO:root:elite fitness: 0.22512000000000001
INFO:root:Generation: 55
INFO:root:pop fitness: 0.12473999999999999
INFO:root:elite fitness: 0.24052000000000004
INFO:root:Generation: 59
INFO:root:pop fitness: 0.1262
INFO:root:elite fitness: 0.23012
INFO:root:Generation: 56
INFO:root:pop fitness: 0.12598
INFO:root:elite fitness: 0.20087999999999998
INFO:root:Generation: 60
INFO:root:pop fitness: 0.14968
INFO:root:elite fitness: 0.24996
INFO:root:Generation: 57
INFO:root:pop fitness: 0.11754000000000002
INFO:root:elite fitness: 0.196
INFO:root:Generation: 61
INFO:root:pop fitness: 0.14329999999999998
INFO:root:elite fitness: 0.25328
INFO:root:Generation: 58
INFO:root:pop fitness: 0.11566000000000001
INFO:root:elite fitness: 0.19448000000000001
INFO:root:Generation: 62
INFO:root:pop fitness: 0.14670000000000002
INFO:root:elite fitness: 0.24063999999999997
INFO:root:Generation: 59
INFO:root:pop fitness: 0.13454
INFO:root:elite fitness: 0.22968000000000002
INFO:root:Generation: 63
INFO:root:pop fitness: 0.16208000000000003
INFO:root:elite fitness: 0.2634
INFO:root:Generation: 64
INFO:root:pop fitness: 0.14558
INFO:root:elite fitness: 0.29003999999999996
INFO:root:Generation: 60
INFO:root:pop fitness: 0.10165999999999999
INFO:root:elite fitness: 0.2118
INFO:root:Generation: 65
INFO:root:pop fitness: 0.13446
INFO:root:elite fitness: 0.21640000000000004
INFO:root:Generation: 61
INFO:root:pop fitness: 0.12068000000000004
INFO:root:elite fitness: 0.21596000000000004
INFO:root:Generation: 66
INFO:root:pop fitness: 0.14364000000000002
INFO:root:elite fitness: 0.25416
INFO:root:Generation: 62
INFO:root:pop fitness: 0.12514
INFO:root:elite fitness: 0.21383999999999997
INFO:root:Generation: 67
INFO:root:pop fitness: 0.14327999999999996
INFO:root:elite fitness: 0.2486
INFO:root:Generation: 63
INFO:root:pop fitness: 0.13502
INFO:root:elite fitness: 0.24344
INFO:root:Generation: 68
INFO:root:pop fitness: 0.14542
INFO:root:elite fitness: 0.24428
INFO:root:Generation: 64
INFO:root:pop fitness: 0.13334000000000001
INFO:root:elite fitness: 0.24208000000000002
INFO:root:Generation: 69
INFO:root:pop fitness: 0.14144
INFO:root:elite fitness: 0.25524
INFO:root:Generation: 65
INFO:root:pop fitness: 0.13828
INFO:root:elite fitness: 0.21452
INFO:root:Generation: 70
INFO:root:pop fitness: 0.12312000000000001
INFO:root:elite fitness: 0.21028
INFO:root:Generation: 66
INFO:root:pop fitness: 0.12861999999999998
INFO:root:elite fitness: 0.1928
INFO:root:Generation: 71
INFO:root:pop fitness: 0.14516
INFO:root:elite fitness: 0.24495999999999998
INFO:root:Generation: 67
INFO:root:pop fitness: 0.12946000000000002
INFO:root:elite fitness: 0.23035999999999998
INFO:root:Generation: 72
INFO:root:pop fitness: 0.13896
INFO:root:elite fitness: 0.25272
INFO:root:Generation: 68
INFO:root:pop fitness: 0.13792
INFO:root:elite fitness: 0.23616000000000004
INFO:root:Generation: 73
INFO:root:pop fitness: 0.13943999999999998
INFO:root:elite fitness: 0.221
INFO:root:Generation: 69
INFO:root:pop fitness: 0.13684
INFO:root:elite fitness: 0.26364
INFO:root:Generation: 74
INFO:root:pop fitness: 0.12454000000000001
INFO:root:elite fitness: 0.20648000000000002
INFO:root:Generation: 75
INFO:root:pop fitness: 0.14252000000000004
INFO:root:elite fitness: 0.24375999999999998
INFO:root:Generation: 70
INFO:root:pop fitness: 0.13027999999999998
INFO:root:elite fitness: 0.21616
INFO:root:Generation: 71
INFO:root:pop fitness: 0.14170000000000002
INFO:root:elite fitness: 0.25236000000000003
INFO:root:Generation: 76
INFO:root:pop fitness: 0.13674
INFO:root:elite fitness: 0.21428
INFO:root:Generation: 77
INFO:root:pop fitness: 0.13828
INFO:root:elite fitness: 0.23292000000000002
INFO:root:Generation: 72
INFO:root:pop fitness: 0.15354
INFO:root:elite fitness: 0.2304
INFO:root:Generation: 78
INFO:root:pop fitness: 0.13628
INFO:root:elite fitness: 0.21080000000000002
INFO:root:Generation: 73
INFO:root:pop fitness: 0.13104000000000002
INFO:root:elite fitness: 0.2132
INFO:root:Generation: 79
INFO:root:pop fitness: 0.15682000000000001
INFO:root:elite fitness: 0.24508000000000002
INFO:root:Generation: 74
INFO:root:pop fitness: 0.1382
INFO:root:elite fitness: 0.23115999999999995
INFO:root:Generation: 80
INFO:root:pop fitness: 0.13344
INFO:root:elite fitness: 0.20183999999999996
INFO:root:Generation: 81
INFO:root:pop fitness: 0.1461
INFO:root:elite fitness: 0.24160000000000004
INFO:root:Generation: 75
INFO:root:pop fitness: 0.14452
INFO:root:elite fitness: 0.2318
INFO:root:Generation: 82
INFO:root:pop fitness: 0.13490000000000002
INFO:root:elite fitness: 0.20623999999999998
INFO:root:Generation: 76
INFO:root:pop fitness: 0.1456
INFO:root:elite fitness: 0.24
INFO:root:Generation: 83
INFO:root:pop fitness: 0.12908
INFO:root:elite fitness: 0.2206
INFO:root:Generation: 77
INFO:root:pop fitness: 0.12930000000000003
INFO:root:elite fitness: 0.20372000000000004
INFO:root:Generation: 84
INFO:root:pop fitness: 0.13394
INFO:root:elite fitness: 0.24811999999999998
INFO:root:Generation: 78
INFO:root:pop fitness: 0.15388000000000002
INFO:root:elite fitness: 0.24928
INFO:root:Generation: 85
INFO:root:pop fitness: 0.13102
INFO:root:elite fitness: 0.22412
INFO:root:Generation: 79
INFO:root:pop fitness: 0.14126
INFO:root:elite fitness: 0.22604
INFO:root:Generation: 86
INFO:root:pop fitness: 0.13341999999999998
INFO:root:elite fitness: 0.25220000000000004
INFO:root:Generation: 80
INFO:root:pop fitness: 0.1297
INFO:root:elite fitness: 0.23048
INFO:root:Generation: 87
INFO:root:pop fitness: 0.09748000000000001
INFO:root:elite fitness: 0.16232
INFO:root:Generation: 81
INFO:root:pop fitness: 0.12463999999999999
INFO:root:elite fitness: 0.18744
INFO:root:Generation: 88
INFO:root:pop fitness: 0.12286
INFO:root:elite fitness: 0.19936000000000004
INFO:root:Generation: 82
INFO:root:pop fitness: 0.14243999999999998
INFO:root:elite fitness: 0.2646
INFO:root:Generation: 89
INFO:root:pop fitness: 0.13302
INFO:root:elite fitness: 0.21171999999999996
INFO:root:Generation: 83
INFO:root:pop fitness: 0.13064
INFO:root:elite fitness: 0.23135999999999995
INFO:root:Generation: 90
INFO:root:pop fitness: 0.13706000000000002
INFO:root:elite fitness: 0.22608
INFO:root:Generation: 84
INFO:root:pop fitness: 0.15086
INFO:root:elite fitness: 0.268
INFO:root:Generation: 91
INFO:root:pop fitness: 0.12479999999999998
INFO:root:elite fitness: 0.20172
INFO:root:Generation: 92
INFO:root:pop fitness: 0.14156000000000002
INFO:root:elite fitness: 0.23712
INFO:root:Generation: 85
INFO:root:pop fitness: 0.14140000000000003
INFO:root:elite fitness: 0.22820000000000001
INFO:root:Generation: 93
INFO:root:pop fitness: 0.15421999999999997
INFO:root:elite fitness: 0.26655999999999996
INFO:root:Generation: 86
INFO:root:pop fitness: 0.152
INFO:root:elite fitness: 0.23336
INFO:root:Generation: 87
INFO:root:pop fitness: 0.1351
INFO:root:elite fitness: 0.21716000000000002
INFO:root:Generation: 94
INFO:root:pop fitness: 0.1521
INFO:root:elite fitness: 0.24288
INFO:root:Generation: 95
INFO:root:pop fitness: 0.13594
INFO:root:elite fitness: 0.2376
INFO:root:Generation: 88
INFO:root:pop fitness: 0.13718
INFO:root:elite fitness: 0.21884
INFO:root:Generation: 96
INFO:root:pop fitness: 0.12518
INFO:root:elite fitness: 0.19920000000000002
INFO:root:Generation: 89
INFO:root:pop fitness: 0.13676
INFO:root:elite fitness: 0.22915999999999997
INFO:root:Generation: 97
INFO:root:pop fitness: 0.13494
INFO:root:elite fitness: 0.21844000000000002
INFO:root:Generation: 90
INFO:root:pop fitness: 0.16010000000000002
INFO:root:elite fitness: 0.2584
INFO:root:Generation: 98
INFO:root:pop fitness: 0.13934
INFO:root:elite fitness: 0.22127999999999998
INFO:root:Generation: 91
INFO:root:pop fitness: 0.14506
INFO:root:elite fitness: 0.2214
INFO:root:Generation: 99
INFO:root:pop fitness: 0.13446
INFO:root:elite fitness: 0.21948
INFO:root:Generation: 100
INFO:root:pop fitness: 0.14692
INFO:root:elite fitness: 0.27364
INFO:root:Generation: 92
INFO:root:pop fitness: 0.12330000000000002
INFO:root:elite fitness: 0.23384
INFO:root:Generation: 101
INFO:root:pop fitness: 0.1422
INFO:root:elite fitness: 0.24212
INFO:root:Generation: 93
INFO:root:pop fitness: 0.14088
INFO:root:elite fitness: 0.24456
INFO:root:Generation: 102
INFO:root:pop fitness: 0.13206
INFO:root:elite fitness: 0.20959999999999998
INFO:root:Generation: 94
INFO:root:pop fitness: 0.1434
INFO:root:elite fitness: 0.25488
INFO:root:Generation: 103
INFO:root:pop fitness: 0.15123999999999999
INFO:root:elite fitness: 0.25348000000000004
INFO:root:Generation: 95
INFO:root:pop fitness: 0.16326000000000002
INFO:root:elite fitness: 0.2786
INFO:root:Generation: 104
INFO:root:pop fitness: 0.16666
INFO:root:elite fitness: 0.2736
INFO:root:Generation: 96
INFO:root:pop fitness: 0.1367
INFO:root:elite fitness: 0.22916
INFO:root:Generation: 105
INFO:root:pop fitness: 0.15374000000000002
INFO:root:elite fitness: 0.27808
INFO:root:Generation: 97
INFO:root:pop fitness: 0.12872000000000003
INFO:root:elite fitness: 0.23148000000000002
INFO:root:Generation: 106
INFO:root:pop fitness: 0.12050000000000001
INFO:root:elite fitness: 0.19564000000000004
INFO:root:Generation: 98
INFO:root:pop fitness: 0.11664000000000002
INFO:root:elite fitness: 0.22184
INFO:root:Generation: 107
INFO:root:pop fitness: 0.13972
INFO:root:elite fitness: 0.22204000000000002
INFO:root:Generation: 108
INFO:root:pop fitness: 0.16552
INFO:root:elite fitness: 0.21864
INFO:root:Generation: 99
INFO:root:pop fitness: 0.15852
INFO:root:elite fitness: 0.24852
INFO:root:Generation: 109
INFO:root:pop fitness: 0.16142000000000004
INFO:root:elite fitness: 0.22556000000000004
INFO:root:Generation: 100
INFO:root:pop fitness: 0.1408
INFO:root:elite fitness: 0.20919999999999997
INFO:root:Generation: 110
INFO:root:pop fitness: 0.13124
INFO:root:elite fitness: 0.2152
INFO:root:Generation: 101
INFO:root:pop fitness: 0.1403
INFO:root:elite fitness: 0.25383999999999995
INFO:root:Generation: 111
INFO:root:pop fitness: 0.1425
INFO:root:elite fitness: 0.2314
INFO:root:Generation: 102
INFO:root:pop fitness: 0.15696
INFO:root:elite fitness: 0.24580000000000002
INFO:root:Generation: 112
INFO:root:pop fitness: 0.162
INFO:root:elite fitness: 0.26508000000000004
INFO:root:Generation: 113
INFO:root:pop fitness: 0.13792
INFO:root:elite fitness: 0.25844
INFO:root:Generation: 103
INFO:root:pop fitness: 0.13692000000000001
INFO:root:elite fitness: 0.21992
INFO:root:Generation: 114
INFO:root:pop fitness: 0.13368
INFO:root:elite fitness: 0.20776
INFO:root:Generation: 104
INFO:root:pop fitness: 0.13814
INFO:root:elite fitness: 0.24059999999999998
INFO:root:Generation: 115
INFO:root:pop fitness: 0.14150000000000001
INFO:root:elite fitness: 0.24108000000000004
INFO:root:Generation: 105
INFO:root:pop fitness: 0.12088000000000002
INFO:root:elite fitness: 0.20811999999999997
INFO:root:Generation: 116
INFO:root:pop fitness: 0.12516000000000002
INFO:root:elite fitness: 0.24232000000000004
INFO:root:Generation: 106
INFO:root:pop fitness: 0.13818000000000003
INFO:root:elite fitness: 0.27536
INFO:root:Generation: 117
INFO:root:pop fitness: 0.1394
INFO:root:elite fitness: 0.24484000000000003
INFO:root:Generation: 118
INFO:root:pop fitness: 0.13776
INFO:root:elite fitness: 0.23467999999999997
INFO:root:Generation: 107
INFO:root:pop fitness: 0.1312
INFO:root:elite fitness: 0.21011999999999997
INFO:root:Generation: 119
INFO:root:pop fitness: 0.131
INFO:root:elite fitness: 0.21540000000000004
INFO:root:Generation: 108
INFO:root:pop fitness: 0.14032
INFO:root:elite fitness: 0.23128
INFO:root:Generation: 120
INFO:root:pop fitness: 0.14770000000000003
INFO:root:elite fitness: 0.27476
INFO:root:Generation: 109
INFO:root:pop fitness: 0.13248
INFO:root:elite fitness: 0.23112
INFO:root:Generation: 121
INFO:root:pop fitness: 0.13085999999999998
INFO:root:elite fitness: 0.20344
INFO:root:Generation: 110
INFO:root:pop fitness: 0.1295
INFO:root:elite fitness: 0.22976
INFO:root:Generation: 122
INFO:root:pop fitness: 0.14322
INFO:root:elite fitness: 0.22636000000000003
INFO:root:Generation: 123
INFO:root:pop fitness: 0.13390000000000002
INFO:root:elite fitness: 0.20808
INFO:root:Generation: 111
INFO:root:pop fitness: 0.14138
INFO:root:elite fitness: 0.23992000000000002
INFO:root:Generation: 124
INFO:root:pop fitness: 0.11411999999999999
INFO:root:elite fitness: 0.20180000000000003
INFO:root:Generation: 112
INFO:root:pop fitness: 0.12608
INFO:root:elite fitness: 0.19999999999999996
INFO:root:Generation: 125
INFO:root:pop fitness: 0.1415
INFO:root:elite fitness: 0.21923999999999996
INFO:root:Generation: 113
INFO:root:pop fitness: 0.12835999999999997
INFO:root:elite fitness: 0.2368
INFO:root:Generation: 126
INFO:root:pop fitness: 0.12990000000000002
INFO:root:elite fitness: 0.22668
INFO:root:Generation: 114
INFO:root:pop fitness: 0.1206
INFO:root:elite fitness: 0.20552
INFO:root:Generation: 127
INFO:root:pop fitness: 0.1337
INFO:root:elite fitness: 0.22520000000000004
INFO:root:Generation: 128
INFO:root:pop fitness: 0.1308
INFO:root:elite fitness: 0.21708000000000002
INFO:root:Generation: 115
INFO:root:pop fitness: 0.1467
INFO:root:elite fitness: 0.24968
INFO:root:Generation: 129
INFO:root:pop fitness: 0.1122
INFO:root:elite fitness: 0.1818
INFO:root:Generation: 116
INFO:root:pop fitness: 0.12977999999999998
INFO:root:elite fitness: 0.21067999999999998
INFO:root:Generation: 130
INFO:root:pop fitness: 0.12660000000000002
INFO:root:elite fitness: 0.24703999999999998
INFO:root:Generation: 117
INFO:root:pop fitness: 0.13356
INFO:root:elite fitness: 0.22868000000000002
INFO:root:Generation: 131
INFO:root:pop fitness: 0.14165999999999998
INFO:root:elite fitness: 0.23683999999999997
INFO:root:Generation: 118
INFO:root:pop fitness: 0.14340000000000003
INFO:root:elite fitness: 0.24760000000000001
INFO:root:Generation: 132
INFO:root:pop fitness: 0.1346
INFO:root:elite fitness: 0.23571999999999999
INFO:root:Generation: 119
INFO:root:pop fitness: 0.11634000000000003
INFO:root:elite fitness: 0.17848
INFO:root:Generation: 133
INFO:root:pop fitness: 0.1192
INFO:root:elite fitness: 0.18884
INFO:root:Generation: 120
INFO:root:pop fitness: 0.1337
INFO:root:elite fitness: 0.24011999999999997
INFO:root:Generation: 134
INFO:root:pop fitness: 0.12974
INFO:root:elite fitness: 0.22388000000000002
INFO:root:Generation: 121
INFO:root:pop fitness: 0.13776000000000002
INFO:root:elite fitness: 0.22411999999999999
INFO:root:Generation: 135
INFO:root:pop fitness: 0.15952
INFO:root:elite fitness: 0.24464
INFO:root:Generation: 122
INFO:root:pop fitness: 0.13418
INFO:root:elite fitness: 0.23220000000000002
INFO:root:Generation: 136
INFO:root:pop fitness: 0.13826
INFO:root:elite fitness: 0.26764
INFO:root:Generation: 123
INFO:root:pop fitness: 0.13731999999999997
INFO:root:elite fitness: 0.20616
INFO:root:Generation: 137
INFO:root:pop fitness: 0.11892000000000001
INFO:root:elite fitness: 0.18615999999999996
INFO:root:Generation: 124
INFO:root:pop fitness: 0.14651999999999998
INFO:root:elite fitness: 0.23756
INFO:root:Generation: 138
INFO:root:pop fitness: 0.14709999999999998
INFO:root:elite fitness: 0.24952
INFO:root:Generation: 139
INFO:root:pop fitness: 0.17206
INFO:root:elite fitness: 0.29012
INFO:root:Generation: 125
INFO:root:pop fitness: 0.13772
INFO:root:elite fitness: 0.25220000000000004
INFO:root:Generation: 140
INFO:root:pop fitness: 0.13444
INFO:root:elite fitness: 0.2398
INFO:root:Generation: 126
INFO:root:pop fitness: 0.14792
INFO:root:elite fitness: 0.23968
INFO:root:Generation: 141
INFO:root:pop fitness: 0.13607999999999998
INFO:root:elite fitness: 0.23163999999999998
INFO:root:Generation: 127
INFO:root:pop fitness: 0.13332
INFO:root:elite fitness: 0.21308000000000005
INFO:root:Generation: 142
INFO:root:pop fitness: 0.13995999999999997
INFO:root:elite fitness: 0.25336000000000003
INFO:root:Generation: 128
INFO:root:pop fitness: 0.14345999999999998
INFO:root:elite fitness: 0.25867999999999997
INFO:root:Generation: 143
INFO:root:pop fitness: 0.13438
INFO:root:elite fitness: 0.23164
INFO:root:Generation: 129
INFO:root:pop fitness: 0.15786
INFO:root:elite fitness: 0.25
INFO:root:Generation: 144
INFO:root:pop fitness: 0.13654
INFO:root:elite fitness: 0.24611999999999998
INFO:root:Generation: 130
INFO:root:pop fitness: 0.12918000000000002
INFO:root:elite fitness: 0.218
INFO:root:Generation: 145
INFO:root:pop fitness: 0.13382000000000002
INFO:root:elite fitness: 0.23503999999999997
INFO:root:Generation: 131
INFO:root:pop fitness: 0.13857999999999998
INFO:root:elite fitness: 0.22760000000000002
INFO:root:Generation: 146
INFO:root:pop fitness: 0.15195999999999998
INFO:root:elite fitness: 0.22527999999999998
INFO:root:Generation: 132
INFO:root:pop fitness: 0.1359
INFO:root:elite fitness: 0.20936
INFO:root:Generation: 147
INFO:root:pop fitness: 0.14730000000000001
INFO:root:elite fitness: 0.25656
INFO:root:Generation: 133
INFO:root:pop fitness: 0.12402
INFO:root:elite fitness: 0.23152
INFO:root:Generation: 148
INFO:root:pop fitness: 0.12446
INFO:root:elite fitness: 0.19151999999999997
INFO:root:Generation: 134
INFO:root:pop fitness: 0.13979999999999998
INFO:root:elite fitness: 0.25436
INFO:root:Generation: 149
INFO:root:pop fitness: 0.12819999999999998
INFO:root:elite fitness: 0.24163999999999997
INFO:root:Generation: 135
INFO:root:pop fitness: 0.14106
INFO:root:elite fitness: 0.23484
INFO:root:Generation: 150
INFO:root:pop fitness: 0.14322000000000001
INFO:root:elite fitness: 0.25972
INFO:root:Generation: 136
INFO:root:pop fitness: 0.13984000000000002
INFO:root:elite fitness: 0.23636000000000001
INFO:root:Generation: 151
INFO:root:pop fitness: 0.16102
INFO:root:elite fitness: 0.24384
INFO:root:Generation: 152
INFO:root:pop fitness: 0.14547999999999997
INFO:root:elite fitness: 0.24624000000000001
INFO:root:Generation: 137
INFO:root:pop fitness: 0.14722000000000002
INFO:root:elite fitness: 0.23879999999999998
INFO:root:Generation: 153
INFO:root:pop fitness: 0.14246
INFO:root:elite fitness: 0.22827999999999998
INFO:root:Generation: 138
INFO:root:pop fitness: 0.14994
INFO:root:elite fitness: 0.25904
INFO:root:Generation: 154
INFO:root:pop fitness: 0.14568
INFO:root:elite fitness: 0.27071999999999996
INFO:root:Generation: 139
INFO:root:pop fitness: 0.13388
INFO:root:elite fitness: 0.20379999999999998
INFO:root:Generation: 155
INFO:root:pop fitness: 0.13966
INFO:root:elite fitness: 0.2354
INFO:root:Generation: 140
INFO:root:pop fitness: 0.1456
INFO:root:elite fitness: 0.25292
INFO:root:Generation: 156
INFO:root:pop fitness: 0.13256
INFO:root:elite fitness: 0.22543999999999997
INFO:root:Generation: 141
INFO:root:pop fitness: 0.14196
INFO:root:elite fitness: 0.2346
INFO:root:Generation: 157
INFO:root:pop fitness: 0.14136
INFO:root:elite fitness: 0.22716
INFO:root:Generation: 142
INFO:root:pop fitness: 0.14356
INFO:root:elite fitness: 0.2512
INFO:root:Generation: 158
INFO:root:pop fitness: 0.15960000000000002
INFO:root:elite fitness: 0.26012
INFO:root:Generation: 143
INFO:root:pop fitness: 0.14084
INFO:root:elite fitness: 0.22864
INFO:root:Generation: 159
INFO:root:pop fitness: 0.14318
INFO:root:elite fitness: 0.2238
INFO:root:Generation: 160
INFO:root:pop fitness: 0.13388
INFO:root:elite fitness: 0.23356
INFO:root:Generation: 144
INFO:root:pop fitness: 0.14934
INFO:root:elite fitness: 0.25055999999999995
INFO:root:Generation: 161
INFO:root:pop fitness: 0.14100000000000001
INFO:root:elite fitness: 0.23288
INFO:root:Generation: 145
INFO:root:pop fitness: 0.14728000000000002
INFO:root:elite fitness: 0.24768
INFO:root:Generation: 162
INFO:root:pop fitness: 0.16094
INFO:root:elite fitness: 0.27972
INFO:root:Generation: 146
INFO:root:pop fitness: 0.14004000000000003
INFO:root:elite fitness: 0.24228000000000002
INFO:root:Generation: 163
INFO:root:pop fitness: 0.14358
INFO:root:elite fitness: 0.23648
INFO:root:Generation: 147
INFO:root:pop fitness: 0.1428
INFO:root:elite fitness: 0.2504
INFO:root:Generation: 164
INFO:root:pop fitness: 0.13128
INFO:root:elite fitness: 0.23067999999999997
INFO:root:Generation: 148
INFO:root:pop fitness: 0.13332
INFO:root:elite fitness: 0.25316
INFO:root:Generation: 165
INFO:root:pop fitness: 0.14112
INFO:root:elite fitness: 0.23187999999999995
INFO:root:Generation: 149
INFO:root:pop fitness: 0.16172
INFO:root:elite fitness: 0.26576
INFO:root:Generation: 166
INFO:root:pop fitness: 0.12223999999999999
INFO:root:elite fitness: 0.19463999999999998
INFO:root:Generation: 150
INFO:root:pop fitness: 0.14984
INFO:root:elite fitness: 0.25924
INFO:root:Generation: 167
INFO:root:pop fitness: 0.13555999999999999
INFO:root:elite fitness: 0.20796000000000003
INFO:root:Generation: 151
INFO:root:pop fitness: 0.15726
INFO:root:elite fitness: 0.24384
INFO:root:Generation: 168
INFO:root:pop fitness: 0.12732
INFO:root:elite fitness: 0.19792
INFO:root:Generation: 169
INFO:root:pop fitness: 0.13562
INFO:root:elite fitness: 0.24503999999999998
INFO:root:Generation: 152
INFO:root:pop fitness: 0.16477999999999998
INFO:root:elite fitness: 0.25299999999999995
INFO:root:Generation: 170
INFO:root:pop fitness: 0.146
INFO:root:elite fitness: 0.25556
INFO:root:Generation: 153
INFO:root:pop fitness: 0.15938
INFO:root:elite fitness: 0.24688
INFO:root:Generation: 171
INFO:root:pop fitness: 0.12287999999999999
INFO:root:elite fitness: 0.18884000000000004
INFO:root:Generation: 154
INFO:root:pop fitness: 0.16928
INFO:root:elite fitness: 0.27988
INFO:root:Generation: 172
INFO:root:pop fitness: 0.14026
INFO:root:elite fitness: 0.23408
INFO:root:Generation: 155
INFO:root:pop fitness: 0.16259999999999997
INFO:root:elite fitness: 0.25492
INFO:root:Generation: 173
INFO:root:pop fitness: 0.12746000000000002
INFO:root:elite fitness: 0.19736
INFO:root:Generation: 156
INFO:root:pop fitness: 0.15202
INFO:root:elite fitness: 0.23875999999999997
INFO:root:Generation: 174
INFO:root:pop fitness: 0.15214
INFO:root:elite fitness: 0.28
INFO:root:Generation: 157
INFO:root:pop fitness: 0.1711
INFO:root:elite fitness: 0.2668
INFO:root:Generation: 175
INFO:root:pop fitness: 0.16523999999999997
INFO:root:elite fitness: 0.30172
INFO:root:Generation: 158
INFO:root:pop fitness: 0.14868000000000003
INFO:root:elite fitness: 0.23608
INFO:root:Generation: 176
INFO:root:pop fitness: 0.13334
INFO:root:elite fitness: 0.21836000000000003
INFO:root:Generation: 159
INFO:root:pop fitness: 0.12653999999999999
INFO:root:elite fitness: 0.22876000000000002
INFO:root:Generation: 177
INFO:root:pop fitness: 0.14294
INFO:root:elite fitness: 0.235
INFO:root:Generation: 160
INFO:root:pop fitness: 0.1249
INFO:root:elite fitness: 0.20503999999999997
INFO:root:Generation: 178
INFO:root:pop fitness: 0.1356
INFO:root:elite fitness: 0.21667999999999998
INFO:root:Generation: 161
INFO:root:pop fitness: 0.14422000000000001
INFO:root:elite fitness: 0.23964000000000002
INFO:root:Generation: 179
INFO:root:pop fitness: 0.13812
INFO:root:elite fitness: 0.22132000000000002
INFO:root:Generation: 180
INFO:root:pop fitness: 0.13607999999999998
INFO:root:elite fitness: 0.242
INFO:root:Generation: 162
INFO:root:pop fitness: 0.12260000000000001
INFO:root:elite fitness: 0.19772
INFO:root:Generation: 163
INFO:root:pop fitness: 0.15039999999999998
INFO:root:elite fitness: 0.24596
INFO:root:Generation: 181
INFO:root:pop fitness: 0.1423
INFO:root:elite fitness: 0.22763999999999998
INFO:root:Generation: 182
INFO:root:pop fitness: 0.14812
INFO:root:elite fitness: 0.24023999999999998
INFO:root:Generation: 164
INFO:root:pop fitness: 0.1518
INFO:root:elite fitness: 0.23212
INFO:root:Generation: 183
INFO:root:pop fitness: 0.13712
INFO:root:elite fitness: 0.22511999999999996
INFO:root:Generation: 165
INFO:root:pop fitness: 0.16496
INFO:root:elite fitness: 0.2782
INFO:root:Generation: 184
INFO:root:pop fitness: 0.1523
INFO:root:elite fitness: 0.281
INFO:root:Generation: 166
INFO:root:pop fitness: 0.15222
INFO:root:elite fitness: 0.23048000000000002
INFO:root:Generation: 185
INFO:root:pop fitness: 0.13362
INFO:root:elite fitness: 0.24436
INFO:root:Generation: 167
INFO:root:pop fitness: 0.1519
INFO:root:elite fitness: 0.25072
INFO:root:Generation: 186
INFO:root:pop fitness: 0.1453
INFO:root:elite fitness: 0.2554
INFO:root:Generation: 168
INFO:root:pop fitness: 0.18072000000000002
INFO:root:elite fitness: 0.2686
INFO:root:Generation: 187
INFO:root:pop fitness: 0.15362
INFO:root:elite fitness: 0.31027999999999994
INFO:root:Generation: 169
INFO:root:pop fitness: 0.13956
INFO:root:elite fitness: 0.2514
INFO:root:Generation: 188
INFO:root:pop fitness: 0.12462
INFO:root:elite fitness: 0.21227999999999997
INFO:root:Generation: 170
INFO:root:pop fitness: 0.16696000000000003
INFO:root:elite fitness: 0.29684
INFO:root:Generation: 189
INFO:root:pop fitness: 0.14304
INFO:root:elite fitness: 0.22904
INFO:root:Generation: 171
INFO:root:pop fitness: 0.15259999999999999
INFO:root:elite fitness: 0.24328
INFO:root:Generation: 190
INFO:root:pop fitness: 0.12432
INFO:root:elite fitness: 0.21456000000000003
INFO:root:Generation: 172
INFO:root:pop fitness: 0.16444000000000003
INFO:root:elite fitness: 0.28480000000000005
INFO:root:Generation: 191
INFO:root:pop fitness: 0.13943999999999998
INFO:root:elite fitness: 0.23024000000000006
INFO:root:Generation: 173
INFO:root:pop fitness: 0.1361
INFO:root:elite fitness: 0.23668
INFO:root:Generation: 192
INFO:root:pop fitness: 0.13358
INFO:root:elite fitness: 0.22275999999999999
INFO:root:Generation: 193
INFO:root:pop fitness: 0.15274
INFO:root:elite fitness: 0.233
INFO:root:Generation: 174
INFO:root:pop fitness: 0.16155999999999998
INFO:root:elite fitness: 0.24407999999999996
INFO:root:Generation: 194
INFO:root:pop fitness: 0.14257999999999998
INFO:root:elite fitness: 0.20700000000000002
INFO:root:Generation: 175
INFO:root:pop fitness: 0.14718
INFO:root:elite fitness: 0.23936
INFO:root:Generation: 195
INFO:root:pop fitness: 0.1407
INFO:root:elite fitness: 0.23488
INFO:root:Generation: 176
INFO:root:pop fitness: 0.13948
INFO:root:elite fitness: 0.23604
INFO:root:Generation: 196
INFO:root:pop fitness: 0.14668
INFO:root:elite fitness: 0.23876
INFO:root:Generation: 177
INFO:root:pop fitness: 0.16449999999999998
INFO:root:elite fitness: 0.26764000000000004
INFO:root:Generation: 197
INFO:root:pop fitness: 0.16046
INFO:root:elite fitness: 0.26080000000000003
INFO:root:Generation: 178
INFO:root:pop fitness: 0.17401999999999998
INFO:root:elite fitness: 0.276
INFO:root:Generation: 198
INFO:root:pop fitness: 0.14816000000000001
INFO:root:elite fitness: 0.24400000000000002
INFO:root:Generation: 179
INFO:root:pop fitness: 0.16108
INFO:root:elite fitness: 0.24723999999999996
INFO:root:Generation: 199
INFO:root:pop fitness: 0.1308
INFO:root:elite fitness: 0.235
INFO:root:Generation: 180
INFO:root:pop fitness: 0.14882
INFO:root:elite fitness: 0.22200000000000003
INFO:root:Generation: 181
INFO:root:pop fitness: 0.14702
INFO:root:elite fitness: 0.25112
INFO:root:Generation: 182
INFO:root:pop fitness: 0.14318
INFO:root:elite fitness: 0.23668000000000003
INFO:root:Generation: 183
INFO:root:pop fitness: 0.14774
INFO:root:elite fitness: 0.25867999999999997
INFO:root:Generation: 184
INFO:root:pop fitness: 0.14512000000000003
INFO:root:elite fitness: 0.26972
INFO:root:Generation: 185
INFO:root:pop fitness: 0.15928
INFO:root:elite fitness: 0.24764
INFO:root:Generation: 186
INFO:root:pop fitness: 0.17248000000000002
INFO:root:elite fitness: 0.28016
INFO:root:Generation: 187
INFO:root:pop fitness: 0.1606
INFO:root:elite fitness: 0.25972
INFO:root:Generation: 188
INFO:root:pop fitness: 0.1404
INFO:root:elite fitness: 0.22695999999999997
INFO:root:Generation: 189
INFO:root:pop fitness: 0.1693
INFO:root:elite fitness: 0.27111999999999997
INFO:root:Generation: 190
INFO:root:pop fitness: 0.15159999999999998
INFO:root:elite fitness: 0.22692
INFO:root:Generation: 191
INFO:root:pop fitness: 0.1702
INFO:root:elite fitness: 0.25788
INFO:root:Generation: 192
INFO:root:pop fitness: 0.14784
INFO:root:elite fitness: 0.29788
INFO:root:Generation: 193
INFO:root:pop fitness: 0.17431999999999997
INFO:root:elite fitness: 0.24991999999999998
INFO:root:Generation: 194
INFO:root:pop fitness: 0.16096
INFO:root:elite fitness: 0.27336
INFO:root:Generation: 195
INFO:root:pop fitness: 0.13232
INFO:root:elite fitness: 0.19908
INFO:root:Generation: 196
INFO:root:pop fitness: 0.14798
INFO:root:elite fitness: 0.24952
INFO:root:Generation: 197
INFO:root:pop fitness: 0.17454
INFO:root:elite fitness: 0.28207999999999994
INFO:root:Generation: 198
INFO:root:pop fitness: 0.14932
INFO:root:elite fitness: 0.24760000000000001
INFO:root:Generation: 199
INFO:root:pop fitness: 0.14486000000000002
INFO:root:elite fitness: 0.21884000000000003
