INFO:root:run_master: Namespace(arms='10', hidden='16', layers='1', max_gen='200', message='', mutation_mag='0.1', name='smpl_diffEnv_v1', noise=False, pop_size='100', save_result=True, trials='100')
INFO:root:run_master: Namespace(arms='10', hidden='16', layers='1', max_gen='200', message='', mutation_mag='0.1', name='smpl_diffEnv_v1', noise=True, pop_size='100', save_result=True, trials='100')
INFO:root:Generation: 0
INFO:root:pop fitness: 0.10287
INFO:root:elite fitness: 0.11496
INFO:root:Generation: 0
INFO:root:pop fitness: 0.09859000000000001
INFO:root:elite fitness: 0.11162000000000001
INFO:root:Generation: 1
INFO:root:pop fitness: 0.09974999999999999
INFO:root:elite fitness: 0.11388
INFO:root:Generation: 1
INFO:root:pop fitness: 0.09844
INFO:root:elite fitness: 0.11573999999999998
INFO:root:Generation: 2
INFO:root:pop fitness: 0.10277000000000001
INFO:root:elite fitness: 0.12538
INFO:root:Generation: 2
INFO:root:pop fitness: 0.10027999999999997
INFO:root:elite fitness: 0.11744
INFO:root:Generation: 3
INFO:root:pop fitness: 0.10092000000000002
INFO:root:elite fitness: 0.12754000000000001
INFO:root:Generation: 3
INFO:root:pop fitness: 0.10439000000000002
INFO:root:elite fitness: 0.13302
INFO:root:Generation: 4
INFO:root:pop fitness: 0.09994
INFO:root:elite fitness: 0.12804
INFO:root:Generation: 4
INFO:root:pop fitness: 0.10630999999999999
INFO:root:elite fitness: 0.1571
INFO:root:Generation: 5
INFO:root:pop fitness: 0.10142000000000001
INFO:root:elite fitness: 0.13652
INFO:root:Generation: 5
INFO:root:pop fitness: 0.11026999999999999
INFO:root:elite fitness: 0.16252
INFO:root:Generation: 6
INFO:root:pop fitness: 0.10575000000000001
INFO:root:elite fitness: 0.13563999999999998
INFO:root:Generation: 6
INFO:root:pop fitness: 0.10493000000000001
INFO:root:elite fitness: 0.16706
INFO:root:Generation: 7
INFO:root:pop fitness: 0.09869
INFO:root:elite fitness: 0.15188000000000001
INFO:root:Generation: 7
INFO:root:pop fitness: 0.1162
INFO:root:elite fitness: 0.17408000000000004
INFO:root:Generation: 8
INFO:root:pop fitness: 0.10658000000000001
INFO:root:elite fitness: 0.16458000000000003
INFO:root:Generation: 8
INFO:root:pop fitness: 0.11488000000000001
INFO:root:elite fitness: 0.18561999999999998
INFO:root:Generation: 9
INFO:root:pop fitness: 0.09777
INFO:root:elite fitness: 0.14842
INFO:root:Generation: 9
INFO:root:pop fitness: 0.10049
INFO:root:elite fitness: 0.17037999999999998
INFO:root:Generation: 10
INFO:root:pop fitness: 0.10553999999999997
INFO:root:elite fitness: 0.17964000000000002
INFO:root:Generation: 10
INFO:root:pop fitness: 0.10658000000000001
INFO:root:elite fitness: 0.20036
INFO:root:Generation: 11
INFO:root:pop fitness: 0.09857
INFO:root:elite fitness: 0.19066000000000002
INFO:root:Generation: 11
INFO:root:pop fitness: 0.12536999999999998
INFO:root:elite fitness: 0.21847999999999998
INFO:root:Generation: 12
INFO:root:pop fitness: 0.10122000000000002
INFO:root:elite fitness: 0.1725
INFO:root:Generation: 12
INFO:root:pop fitness: 0.11764
INFO:root:elite fitness: 0.21562
INFO:root:Generation: 13
INFO:root:pop fitness: 0.12907999999999997
INFO:root:elite fitness: 0.21927999999999997
INFO:root:Generation: 13
INFO:root:pop fitness: 0.09595
INFO:root:elite fitness: 0.17532
INFO:root:Generation: 14
INFO:root:pop fitness: 0.12682000000000002
INFO:root:elite fitness: 0.21582
INFO:root:Generation: 15
INFO:root:pop fitness: 0.12651
INFO:root:elite fitness: 0.22964
INFO:root:Generation: 14
INFO:root:pop fitness: 0.11087
INFO:root:elite fitness: 0.20557999999999998
INFO:root:Generation: 16
INFO:root:pop fitness: 0.11429
INFO:root:elite fitness: 0.24026
INFO:root:Generation: 15
INFO:root:pop fitness: 0.10289
INFO:root:elite fitness: 0.19275999999999996
INFO:root:Generation: 17
INFO:root:pop fitness: 0.11889999999999999
INFO:root:elite fitness: 0.22487999999999997
INFO:root:Generation: 18
INFO:root:pop fitness: 0.13059
INFO:root:elite fitness: 0.24026000000000003
INFO:root:Generation: 16
INFO:root:pop fitness: 0.11231
INFO:root:elite fitness: 0.18926
INFO:root:Generation: 19
INFO:root:pop fitness: 0.11647000000000002
INFO:root:elite fitness: 0.24936
INFO:root:Generation: 20
INFO:root:pop fitness: 0.13337
INFO:root:elite fitness: 0.2596
INFO:root:Generation: 17
INFO:root:pop fitness: 0.11203000000000003
INFO:root:elite fitness: 0.195
INFO:root:Generation: 21
INFO:root:pop fitness: 0.10803000000000001
INFO:root:elite fitness: 0.23288
INFO:root:Generation: 18
INFO:root:pop fitness: 0.10696000000000001
INFO:root:elite fitness: 0.18698
INFO:root:Generation: 22
INFO:root:pop fitness: 0.12847999999999998
INFO:root:elite fitness: 0.25074
INFO:root:Generation: 19
INFO:root:pop fitness: 0.12486000000000001
INFO:root:elite fitness: 0.22194000000000003
INFO:root:Generation: 23
INFO:root:pop fitness: 0.13164
INFO:root:elite fitness: 0.27281999999999995
INFO:root:Generation: 20
INFO:root:pop fitness: 0.12182
INFO:root:elite fitness: 0.22748000000000002
INFO:root:Generation: 24
INFO:root:pop fitness: 0.11734
INFO:root:elite fitness: 0.22442000000000004
INFO:root:Generation: 25
INFO:root:pop fitness: 0.12869000000000003
INFO:root:elite fitness: 0.2749
INFO:root:Generation: 21
INFO:root:pop fitness: 0.11328
INFO:root:elite fitness: 0.22078
INFO:root:Generation: 26
INFO:root:pop fitness: 0.12181999999999998
INFO:root:elite fitness: 0.24738000000000004
INFO:root:Generation: 22
INFO:root:pop fitness: 0.12926
INFO:root:elite fitness: 0.23188000000000003
INFO:root:Generation: 27
INFO:root:pop fitness: 0.12361999999999998
INFO:root:elite fitness: 0.25774
INFO:root:Generation: 23
INFO:root:pop fitness: 0.12908
INFO:root:elite fitness: 0.24406000000000003
INFO:root:Generation: 28
INFO:root:pop fitness: 0.12454000000000001
INFO:root:elite fitness: 0.26708000000000004
INFO:root:Generation: 29
INFO:root:pop fitness: 0.12953
INFO:root:elite fitness: 0.25052
INFO:root:Generation: 24
INFO:root:pop fitness: 0.12244999999999999
INFO:root:elite fitness: 0.24898000000000003
INFO:root:Generation: 25
INFO:root:pop fitness: 0.12957
INFO:root:elite fitness: 0.24500000000000002
INFO:root:Generation: 30
INFO:root:pop fitness: 0.13326000000000002
INFO:root:elite fitness: 0.24384
INFO:root:Generation: 31
INFO:root:pop fitness: 0.11689999999999998
INFO:root:elite fitness: 0.22988
INFO:root:Generation: 26
INFO:root:pop fitness: 0.11717000000000002
INFO:root:elite fitness: 0.26295999999999997
INFO:root:Generation: 32
INFO:root:pop fitness: 0.12733000000000003
INFO:root:elite fitness: 0.24742
INFO:root:Generation: 27
INFO:root:pop fitness: 0.13327999999999998
INFO:root:elite fitness: 0.23818
INFO:root:Generation: 33
INFO:root:pop fitness: 0.11822
INFO:root:elite fitness: 0.23149999999999998
INFO:root:Generation: 34
INFO:root:pop fitness: 0.12052999999999997
INFO:root:elite fitness: 0.24353999999999998
INFO:root:Generation: 28
INFO:root:pop fitness: 0.13293999999999997
INFO:root:elite fitness: 0.24387999999999999
INFO:root:Generation: 29
INFO:root:pop fitness: 0.12539999999999998
INFO:root:elite fitness: 0.23358
INFO:root:Generation: 30
INFO:root:pop fitness: 0.14191
INFO:root:elite fitness: 0.25016
INFO:root:Generation: 35
INFO:root:pop fitness: 0.11363
INFO:root:elite fitness: 0.22194000000000003
INFO:root:Generation: 31
INFO:root:pop fitness: 0.13826
INFO:root:elite fitness: 0.24344000000000002
INFO:root:Generation: 36
INFO:root:pop fitness: 0.11808
INFO:root:elite fitness: 0.24680000000000002
INFO:root:Generation: 32
INFO:root:pop fitness: 0.13541
INFO:root:elite fitness: 0.23984000000000003
INFO:root:Generation: 37
INFO:root:pop fitness: 0.12927
INFO:root:elite fitness: 0.22813999999999995
INFO:root:Generation: 33
INFO:root:pop fitness: 0.13931000000000002
INFO:root:elite fitness: 0.27771999999999997
INFO:root:Generation: 38
INFO:root:pop fitness: 0.13537000000000002
INFO:root:elite fitness: 0.26026
INFO:root:Generation: 34
INFO:root:pop fitness: 0.13479000000000002
INFO:root:elite fitness: 0.23629999999999998
INFO:root:Generation: 35
INFO:root:pop fitness: 0.14268
INFO:root:elite fitness: 0.26454
INFO:root:Generation: 39
INFO:root:pop fitness: 0.13190000000000002
INFO:root:elite fitness: 0.2838
INFO:root:Generation: 36
INFO:root:pop fitness: 0.13777
INFO:root:elite fitness: 0.24516000000000002
INFO:root:Generation: 40
INFO:root:pop fitness: 0.12063999999999998
INFO:root:elite fitness: 0.24530000000000002
INFO:root:Generation: 41
INFO:root:pop fitness: 0.13283
INFO:root:elite fitness: 0.27718
INFO:root:Generation: 37
INFO:root:pop fitness: 0.12943
INFO:root:elite fitness: 0.24544
INFO:root:Generation: 42
INFO:root:pop fitness: 0.13797
INFO:root:elite fitness: 0.27918
INFO:root:Generation: 43
INFO:root:pop fitness: 0.14354999999999998
INFO:root:elite fitness: 0.26888
INFO:root:Generation: 38
INFO:root:pop fitness: 0.14288
INFO:root:elite fitness: 0.26846
INFO:root:Generation: 44
INFO:root:pop fitness: 0.12747000000000003
INFO:root:elite fitness: 0.26646000000000003
INFO:root:Generation: 39
INFO:root:pop fitness: 0.13899
INFO:root:elite fitness: 0.26998
INFO:root:Generation: 45
INFO:root:pop fitness: 0.13562000000000002
INFO:root:elite fitness: 0.25770000000000004
INFO:root:Generation: 46
INFO:root:pop fitness: 0.13359
INFO:root:elite fitness: 0.25976000000000005
INFO:root:Generation: 40
INFO:root:pop fitness: 0.12845000000000004
INFO:root:elite fitness: 0.2532
INFO:root:Generation: 47
INFO:root:pop fitness: 0.14351
INFO:root:elite fitness: 0.28526
INFO:root:Generation: 41
INFO:root:pop fitness: 0.11947
INFO:root:elite fitness: 0.22876000000000002
INFO:root:Generation: 48
INFO:root:pop fitness: 0.12500999999999998
INFO:root:elite fitness: 0.23191999999999996
INFO:root:Generation: 42
INFO:root:pop fitness: 0.13996
INFO:root:elite fitness: 0.252
INFO:root:Generation: 49
INFO:root:pop fitness: 0.13551
INFO:root:elite fitness: 0.25382
INFO:root:Generation: 43
INFO:root:pop fitness: 0.14332
INFO:root:elite fitness: 0.26494
INFO:root:Generation: 50
INFO:root:pop fitness: 0.13844000000000004
INFO:root:elite fitness: 0.27278
INFO:root:Generation: 44
INFO:root:pop fitness: 0.14152
INFO:root:elite fitness: 0.25816
INFO:root:Generation: 51
INFO:root:pop fitness: 0.13968999999999998
INFO:root:elite fitness: 0.23558
INFO:root:Generation: 45
INFO:root:pop fitness: 0.1335
INFO:root:elite fitness: 0.24172000000000002
INFO:root:Generation: 52
INFO:root:pop fitness: 0.13863999999999999
INFO:root:elite fitness: 0.24218000000000003
INFO:root:Generation: 46
INFO:root:pop fitness: 0.14804
INFO:root:elite fitness: 0.27316
INFO:root:Generation: 53
INFO:root:pop fitness: 0.15103999999999998
INFO:root:elite fitness: 0.28226
INFO:root:Generation: 47
INFO:root:pop fitness: 0.14121999999999998
INFO:root:elite fitness: 0.27703999999999995
INFO:root:Generation: 54
INFO:root:pop fitness: 0.14878
INFO:root:elite fitness: 0.2895
INFO:root:Generation: 48
INFO:root:pop fitness: 0.14364000000000002
INFO:root:elite fitness: 0.25572
INFO:root:Generation: 55
INFO:root:pop fitness: 0.14748
INFO:root:elite fitness: 0.29238
INFO:root:Generation: 56
INFO:root:pop fitness: 0.1553
INFO:root:elite fitness: 0.29164
INFO:root:Generation: 49
INFO:root:pop fitness: 0.15048
INFO:root:elite fitness: 0.26946000000000003
INFO:root:Generation: 57
INFO:root:pop fitness: 0.1463
INFO:root:elite fitness: 0.28676
INFO:root:Generation: 50
INFO:root:pop fitness: 0.14586000000000002
INFO:root:elite fitness: 0.2799
INFO:root:Generation: 58
INFO:root:pop fitness: 0.14722
INFO:root:elite fitness: 0.26161999999999996
INFO:root:Generation: 51
INFO:root:pop fitness: 0.14293
INFO:root:elite fitness: 0.27405999999999997
INFO:root:Generation: 59
INFO:root:pop fitness: 0.13845000000000002
INFO:root:elite fitness: 0.28012000000000004
INFO:root:Generation: 52
INFO:root:pop fitness: 0.13692000000000001
INFO:root:elite fitness: 0.25528
INFO:root:Generation: 60
INFO:root:pop fitness: 0.14805
INFO:root:elite fitness: 0.31988000000000005
INFO:root:Generation: 53
INFO:root:pop fitness: 0.14508000000000001
INFO:root:elite fitness: 0.26396000000000003
INFO:root:Generation: 61
INFO:root:pop fitness: 0.13454000000000002
INFO:root:elite fitness: 0.2602
INFO:root:Generation: 54
INFO:root:pop fitness: 0.1594
INFO:root:elite fitness: 0.27758
INFO:root:Generation: 62
INFO:root:pop fitness: 0.15588
INFO:root:elite fitness: 0.30426000000000003
INFO:root:Generation: 55
INFO:root:pop fitness: 0.1539
INFO:root:elite fitness: 0.27608
INFO:root:Generation: 63
INFO:root:pop fitness: 0.14163000000000003
INFO:root:elite fitness: 0.29684
INFO:root:Generation: 56
INFO:root:pop fitness: 0.14941000000000002
INFO:root:elite fitness: 0.28824
INFO:root:Generation: 64
INFO:root:pop fitness: 0.13847000000000004
INFO:root:elite fitness: 0.2878
INFO:root:Generation: 65
INFO:root:pop fitness: 0.16600000000000004
INFO:root:elite fitness: 0.28366
INFO:root:Generation: 57
INFO:root:pop fitness: 0.15705
INFO:root:elite fitness: 0.26902
INFO:root:Generation: 66
INFO:root:pop fitness: 0.14512999999999998
INFO:root:elite fitness: 0.27342
INFO:root:Generation: 58
INFO:root:pop fitness: 0.14700999999999997
INFO:root:elite fitness: 0.26242
INFO:root:Generation: 67
INFO:root:pop fitness: 0.15566999999999998
INFO:root:elite fitness: 0.28606000000000004
INFO:root:Generation: 59
INFO:root:pop fitness: 0.15939
INFO:root:elite fitness: 0.29444000000000004
INFO:root:Generation: 68
INFO:root:pop fitness: 0.16503000000000004
INFO:root:elite fitness: 0.31901999999999997
INFO:root:Generation: 60
INFO:root:pop fitness: 0.16405999999999998
INFO:root:elite fitness: 0.3132
INFO:root:Generation: 69
INFO:root:pop fitness: 0.14357999999999999
INFO:root:elite fitness: 0.29328000000000004
INFO:root:Generation: 61
INFO:root:pop fitness: 0.16363
INFO:root:elite fitness: 0.27564
INFO:root:Generation: 70
INFO:root:pop fitness: 0.16428
INFO:root:elite fitness: 0.276
INFO:root:Generation: 62
INFO:root:pop fitness: 0.14878000000000002
INFO:root:elite fitness: 0.26672
INFO:root:Generation: 71
INFO:root:pop fitness: 0.14729
INFO:root:elite fitness: 0.27760000000000007
INFO:root:Generation: 63
INFO:root:pop fitness: 0.16512000000000002
INFO:root:elite fitness: 0.29378
INFO:root:Generation: 64
INFO:root:pop fitness: 0.17297
INFO:root:elite fitness: 0.29136
INFO:root:Generation: 72
INFO:root:pop fitness: 0.16907999999999998
INFO:root:elite fitness: 0.31566
INFO:root:Generation: 65
INFO:root:pop fitness: 0.15527000000000002
INFO:root:elite fitness: 0.27690000000000003
INFO:root:Generation: 73
INFO:root:pop fitness: 0.15067999999999998
INFO:root:elite fitness: 0.27552
INFO:root:Generation: 66
INFO:root:pop fitness: 0.17123999999999998
INFO:root:elite fitness: 0.32088
INFO:root:Generation: 74
INFO:root:pop fitness: 0.16790000000000002
INFO:root:elite fitness: 0.30426000000000003
INFO:root:Generation: 67
INFO:root:pop fitness: 0.16890000000000005
INFO:root:elite fitness: 0.29604
INFO:root:Generation: 75
INFO:root:pop fitness: 0.153
INFO:root:elite fitness: 0.29044
INFO:root:Generation: 68
INFO:root:pop fitness: 0.16238000000000002
INFO:root:elite fitness: 0.28706
INFO:root:Generation: 76
INFO:root:pop fitness: 0.16621000000000008
INFO:root:elite fitness: 0.31714000000000003
INFO:root:Generation: 69
INFO:root:pop fitness: 0.16012
INFO:root:elite fitness: 0.30014
INFO:root:Generation: 77
INFO:root:pop fitness: 0.1537
INFO:root:elite fitness: 0.32104
INFO:root:Generation: 70
INFO:root:pop fitness: 0.1422
INFO:root:elite fitness: 0.26698
INFO:root:Generation: 71
INFO:root:pop fitness: 0.1522
INFO:root:elite fitness: 0.2654
INFO:root:Generation: 78
INFO:root:pop fitness: 0.15802000000000002
INFO:root:elite fitness: 0.3084200000000001
INFO:root:Generation: 79
INFO:root:pop fitness: 0.15605
INFO:root:elite fitness: 0.29396
INFO:root:Generation: 72
INFO:root:pop fitness: 0.15869999999999998
INFO:root:elite fitness: 0.29035999999999995
INFO:root:Generation: 80
INFO:root:pop fitness: 0.15799000000000002
INFO:root:elite fitness: 0.29454
INFO:root:Generation: 73
INFO:root:pop fitness: 0.16963
INFO:root:elite fitness: 0.32156
INFO:root:Generation: 81
INFO:root:pop fitness: 0.16246
INFO:root:elite fitness: 0.30038
INFO:root:Generation: 74
INFO:root:pop fitness: 0.16662999999999997
INFO:root:elite fitness: 0.31524
INFO:root:Generation: 82
INFO:root:pop fitness: 0.17103000000000004
INFO:root:elite fitness: 0.31946
INFO:root:Generation: 83
INFO:root:pop fitness: 0.15846
INFO:root:elite fitness: 0.32036000000000003
INFO:root:Generation: 84
INFO:root:pop fitness: 0.15356
INFO:root:elite fitness: 0.30912
INFO:root:Generation: 75
INFO:root:pop fitness: 0.14297
INFO:root:elite fitness: 0.28454
INFO:root:Generation: 85
INFO:root:pop fitness: 0.14505
INFO:root:elite fitness: 0.29242
INFO:root:Generation: 76
INFO:root:pop fitness: 0.16204000000000002
INFO:root:elite fitness: 0.33433999999999997
INFO:root:Generation: 86
INFO:root:pop fitness: 0.17327
INFO:root:elite fitness: 0.29941999999999996
INFO:root:Generation: 77
INFO:root:pop fitness: 0.15603
INFO:root:elite fitness: 0.27018000000000003
INFO:root:Generation: 87
INFO:root:pop fitness: 0.17013
INFO:root:elite fitness: 0.33736000000000005
INFO:root:Generation: 78
INFO:root:pop fitness: 0.15991000000000002
INFO:root:elite fitness: 0.28278
INFO:root:Generation: 79
INFO:root:pop fitness: 0.18191
INFO:root:elite fitness: 0.30346
INFO:root:Generation: 88
INFO:root:pop fitness: 0.16161999999999999
INFO:root:elite fitness: 0.33752000000000004
INFO:root:Generation: 80
INFO:root:pop fitness: 0.16064000000000003
INFO:root:elite fitness: 0.31086
INFO:root:Generation: 89
INFO:root:pop fitness: 0.15928000000000003
INFO:root:elite fitness: 0.31902
INFO:root:Generation: 90
INFO:root:pop fitness: 0.15988000000000005
INFO:root:elite fitness: 0.27998
INFO:root:Generation: 81
INFO:root:pop fitness: 0.16364
INFO:root:elite fitness: 0.3172
INFO:root:Generation: 91
INFO:root:pop fitness: 0.1677
INFO:root:elite fitness: 0.29974000000000006
INFO:root:Generation: 82
INFO:root:pop fitness: 0.16014999999999996
INFO:root:elite fitness: 0.29844
INFO:root:Generation: 92
INFO:root:pop fitness: 0.16551
INFO:root:elite fitness: 0.33128
INFO:root:Generation: 93
INFO:root:pop fitness: 0.16824000000000003
INFO:root:elite fitness: 0.35276
INFO:root:Generation: 83
INFO:root:pop fitness: 0.15691
INFO:root:elite fitness: 0.28476
INFO:root:Generation: 94
INFO:root:pop fitness: 0.16800000000000004
INFO:root:elite fitness: 0.31500000000000006
INFO:root:Generation: 84
INFO:root:pop fitness: 0.16801
INFO:root:elite fitness: 0.30692
INFO:root:Generation: 95
INFO:root:pop fitness: 0.16252
INFO:root:elite fitness: 0.30262000000000006
INFO:root:Generation: 85
INFO:root:pop fitness: 0.16088999999999998
INFO:root:elite fitness: 0.3116
INFO:root:Generation: 96
INFO:root:pop fitness: 0.16502999999999995
INFO:root:elite fitness: 0.34768
INFO:root:Generation: 86
INFO:root:pop fitness: 0.16197000000000003
INFO:root:elite fitness: 0.31100000000000005
INFO:root:Generation: 97
INFO:root:pop fitness: 0.1603
INFO:root:elite fitness: 0.3155
INFO:root:Generation: 87
INFO:root:pop fitness: 0.16811000000000004
INFO:root:elite fitness: 0.30078
INFO:root:Generation: 98
INFO:root:pop fitness: 0.15731
INFO:root:elite fitness: 0.32533999999999996
INFO:root:Generation: 88
INFO:root:pop fitness: 0.16548000000000002
INFO:root:elite fitness: 0.31872000000000006
INFO:root:Generation: 99
INFO:root:pop fitness: 0.17408000000000004
INFO:root:elite fitness: 0.32972
INFO:root:Generation: 89
INFO:root:pop fitness: 0.15338
INFO:root:elite fitness: 0.26754
INFO:root:Generation: 100
INFO:root:pop fitness: 0.16941000000000006
INFO:root:elite fitness: 0.30804000000000004
INFO:root:Generation: 90
INFO:root:pop fitness: 0.16946000000000003
INFO:root:elite fitness: 0.30950000000000005
INFO:root:Generation: 101
INFO:root:pop fitness: 0.15908999999999998
INFO:root:elite fitness: 0.30842
INFO:root:Generation: 91
INFO:root:pop fitness: 0.16419
INFO:root:elite fitness: 0.2992
INFO:root:Generation: 92
INFO:root:pop fitness: 0.16829
INFO:root:elite fitness: 0.32925999999999994
INFO:root:Generation: 102
INFO:root:pop fitness: 0.15621000000000002
INFO:root:elite fitness: 0.2896599999999999
INFO:root:Generation: 93
INFO:root:pop fitness: 0.16329999999999997
INFO:root:elite fitness: 0.2903
INFO:root:Generation: 103
INFO:root:pop fitness: 0.16620000000000004
INFO:root:elite fitness: 0.30624
INFO:root:Generation: 94
INFO:root:pop fitness: 0.17549999999999996
INFO:root:elite fitness: 0.28936
INFO:root:Generation: 104
INFO:root:pop fitness: 0.17014999999999997
INFO:root:elite fitness: 0.31782
INFO:root:Generation: 95
INFO:root:pop fitness: 0.16222
INFO:root:elite fitness: 0.32606
INFO:root:Generation: 105
INFO:root:pop fitness: 0.17387999999999998
INFO:root:elite fitness: 0.32198
INFO:root:Generation: 106
INFO:root:pop fitness: 0.16743999999999995
INFO:root:elite fitness: 0.33159999999999995
INFO:root:Generation: 96
INFO:root:pop fitness: 0.16478
INFO:root:elite fitness: 0.3028
INFO:root:Generation: 107
INFO:root:pop fitness: 0.16378000000000004
INFO:root:elite fitness: 0.32455999999999996
INFO:root:Generation: 97
INFO:root:pop fitness: 0.16142
INFO:root:elite fitness: 0.3044
INFO:root:Generation: 108
INFO:root:pop fitness: 0.17239000000000002
INFO:root:elite fitness: 0.3621199999999999
INFO:root:Generation: 98
INFO:root:pop fitness: 0.17381
INFO:root:elite fitness: 0.31314
INFO:root:Generation: 109
INFO:root:pop fitness: 0.16440000000000005
INFO:root:elite fitness: 0.2888
INFO:root:run_master: Namespace(arms='10', hidden='16', layers='1', max_gen='200', message='', mutation_mag='0.1', name='smpl_diffEnv_v1', noise=False, pop_size='100', save_result=True, trials='100')
INFO:root:Generation: 110
INFO:root:pop fitness: 0.16455999999999996
INFO:root:elite fitness: 0.32184000000000007
INFO:root:Generation: 0
INFO:root:pop fitness: 0.09924999999999999
INFO:root:elite fitness: 0.1144
INFO:root:run_master: Namespace(arms='10', hidden='16', layers='1', max_gen='200', message='', mutation_mag='0.1', name='smpl_diffEnv_v1', noise=True, pop_size='100', save_result=True, trials='100')
INFO:root:Generation: 0
INFO:root:pop fitness: 0.09899
INFO:root:elite fitness: 0.11211999999999998
INFO:root:Generation: 99
INFO:root:pop fitness: 0.16835
INFO:root:elite fitness: 0.30412
INFO:root:Generation: 111
INFO:root:pop fitness: 0.16649000000000005
INFO:root:elite fitness: 0.32195999999999997
INFO:root:Generation: 1
INFO:root:pop fitness: 0.09963000000000001
INFO:root:elite fitness: 0.11534000000000001
INFO:root:Generation: 1
INFO:root:pop fitness: 0.10107
INFO:root:elite fitness: 0.11732000000000001
INFO:root:Generation: 2
INFO:root:pop fitness: 0.10101
INFO:root:elite fitness: 0.12119999999999999
INFO:root:Generation: 2
INFO:root:pop fitness: 0.09985
INFO:root:elite fitness: 0.11614000000000001
INFO:root:Generation: 100
INFO:root:pop fitness: 0.16515999999999997
INFO:root:elite fitness: 0.29191999999999996
INFO:root:Generation: 112
INFO:root:pop fitness: 0.17037000000000002
INFO:root:elite fitness: 0.30596
INFO:root:Generation: 3
INFO:root:pop fitness: 0.09918999999999999
INFO:root:elite fitness: 0.12830000000000003
INFO:root:Generation: 3
INFO:root:pop fitness: 0.10070999999999998
INFO:root:elite fitness: 0.12544
INFO:root:Generation: 101
INFO:root:pop fitness: 0.17879
INFO:root:elite fitness: 0.29002
INFO:root:Generation: 113
INFO:root:pop fitness: 0.16276000000000004
INFO:root:elite fitness: 0.32022
INFO:root:Generation: 4
INFO:root:pop fitness: 0.09908
INFO:root:elite fitness: 0.12666
INFO:root:Generation: 4
INFO:root:pop fitness: 0.09962
INFO:root:elite fitness: 0.12710000000000002
INFO:root:Generation: 102
INFO:root:pop fitness: 0.16353
INFO:root:elite fitness: 0.26628
INFO:root:Generation: 5
INFO:root:pop fitness: 0.10164999999999999
INFO:root:elite fitness: 0.14978
INFO:root:Generation: 5
INFO:root:pop fitness: 0.10628
INFO:root:elite fitness: 0.13864
INFO:root:Generation: 114
INFO:root:pop fitness: 0.18167000000000005
INFO:root:elite fitness: 0.3608799999999999
INFO:root:Generation: 6
INFO:root:pop fitness: 0.10064999999999998
INFO:root:elite fitness: 0.15738000000000002
INFO:root:Generation: 103
INFO:root:pop fitness: 0.161
INFO:root:elite fitness: 0.2877
INFO:root:Generation: 6
INFO:root:pop fitness: 0.10470999999999997
INFO:root:elite fitness: 0.1441
INFO:root:Generation: 115
INFO:root:pop fitness: 0.17602
INFO:root:elite fitness: 0.30541999999999997
INFO:root:Generation: 7
INFO:root:pop fitness: 0.09698999999999998
INFO:root:elite fitness: 0.17598000000000003
INFO:root:Generation: 7
INFO:root:pop fitness: 0.09926
INFO:root:elite fitness: 0.14126000000000002
INFO:root:Generation: 104
INFO:root:pop fitness: 0.17354999999999998
INFO:root:elite fitness: 0.3075
INFO:root:Generation: 116
INFO:root:pop fitness: 0.16753
INFO:root:elite fitness: 0.31787999999999994
INFO:root:Generation: 8
INFO:root:pop fitness: 0.10823
INFO:root:elite fitness: 0.19014
INFO:root:Generation: 8
INFO:root:pop fitness: 0.10441
INFO:root:elite fitness: 0.1525
INFO:root:Generation: 105
INFO:root:pop fitness: 0.1766
INFO:root:elite fitness: 0.29748
INFO:root:Generation: 117
INFO:root:pop fitness: 0.18022000000000002
INFO:root:elite fitness: 0.32198
INFO:root:Generation: 9
INFO:root:pop fitness: 0.09769
INFO:root:elite fitness: 0.17684
INFO:root:Generation: 9
INFO:root:pop fitness: 0.10150000000000002
INFO:root:elite fitness: 0.15777999999999998
INFO:root:Generation: 10
INFO:root:pop fitness: 0.10706999999999998
INFO:root:elite fitness: 0.17796
INFO:root:Generation: 106
INFO:root:pop fitness: 0.18011000000000002
INFO:root:elite fitness: 0.31378
INFO:root:Generation: 118
INFO:root:pop fitness: 0.17458
INFO:root:elite fitness: 0.2918
INFO:root:Generation: 10
INFO:root:pop fitness: 0.09995000000000001
INFO:root:elite fitness: 0.1501
INFO:root:Generation: 11
INFO:root:pop fitness: 0.11485000000000001
INFO:root:elite fitness: 0.205
INFO:root:Generation: 107
INFO:root:pop fitness: 0.17724
INFO:root:elite fitness: 0.30182000000000003
INFO:root:Generation: 119
INFO:root:pop fitness: 0.18050000000000005
INFO:root:elite fitness: 0.33208
INFO:root:Generation: 11
INFO:root:pop fitness: 0.11870999999999997
INFO:root:elite fitness: 0.17834
INFO:root:Generation: 12
INFO:root:pop fitness: 0.11235999999999999
INFO:root:elite fitness: 0.20378
INFO:root:Generation: 12
INFO:root:pop fitness: 0.12145000000000003
INFO:root:elite fitness: 0.20534
INFO:root:Generation: 120
INFO:root:pop fitness: 0.18858999999999998
INFO:root:elite fitness: 0.35382
INFO:root:Generation: 13
INFO:root:pop fitness: 0.11943999999999999
INFO:root:elite fitness: 0.22494000000000003
INFO:root:Generation: 13
INFO:root:pop fitness: 0.12865000000000001
INFO:root:elite fitness: 0.21954
INFO:root:Generation: 121
INFO:root:pop fitness: 0.19162999999999997
INFO:root:elite fitness: 0.36210000000000003
INFO:root:Generation: 14
INFO:root:pop fitness: 0.11878999999999999
INFO:root:elite fitness: 0.20364000000000002
INFO:root:Generation: 108
INFO:root:pop fitness: 0.16882000000000003
INFO:root:elite fitness: 0.29359999999999997
INFO:root:Generation: 14
INFO:root:pop fitness: 0.1188
INFO:root:elite fitness: 0.21826
INFO:root:Generation: 15
INFO:root:pop fitness: 0.11273
INFO:root:elite fitness: 0.19246
INFO:root:Generation: 122
INFO:root:pop fitness: 0.1747
INFO:root:elite fitness: 0.35589999999999994
INFO:root:Generation: 16
INFO:root:pop fitness: 0.11511000000000003
INFO:root:elite fitness: 0.20726
INFO:root:Generation: 15
INFO:root:pop fitness: 0.12458
INFO:root:elite fitness: 0.22588
INFO:root:Generation: 109
INFO:root:pop fitness: 0.16826000000000005
INFO:root:elite fitness: 0.28908
INFO:root:Generation: 16
INFO:root:pop fitness: 0.13246
INFO:root:elite fitness: 0.26780000000000004
INFO:root:Generation: 17
INFO:root:pop fitness: 0.11678
INFO:root:elite fitness: 0.23124
INFO:root:Generation: 123
INFO:root:pop fitness: 0.17475000000000002
INFO:root:elite fitness: 0.33393999999999996
INFO:root:Generation: 18
INFO:root:pop fitness: 0.12661
INFO:root:elite fitness: 0.24533999999999995
INFO:root:Generation: 110
INFO:root:pop fitness: 0.17781000000000005
INFO:root:elite fitness: 0.30718
INFO:root:Generation: 17
INFO:root:pop fitness: 0.12365999999999999
INFO:root:elite fitness: 0.24394
INFO:root:Generation: 19
INFO:root:pop fitness: 0.12888
INFO:root:elite fitness: 0.23658
INFO:root:Generation: 18
INFO:root:pop fitness: 0.12556
INFO:root:elite fitness: 0.24822
INFO:root:Generation: 20
INFO:root:pop fitness: 0.12152999999999999
INFO:root:elite fitness: 0.23868000000000006
INFO:root:Generation: 124
INFO:root:pop fitness: 0.18510000000000001
INFO:root:elite fitness: 0.3486800000000001
INFO:root:Generation: 19
INFO:root:pop fitness: 0.13079999999999997
INFO:root:elite fitness: 0.24931999999999999
INFO:root:Generation: 111
INFO:root:pop fitness: 0.18487
INFO:root:elite fitness: 0.35128
INFO:root:Generation: 21
INFO:root:pop fitness: 0.1299
INFO:root:elite fitness: 0.21001999999999996
INFO:root:Generation: 125
INFO:root:pop fitness: 0.17621999999999996
INFO:root:elite fitness: 0.31846
INFO:root:Generation: 20
INFO:root:pop fitness: 0.1302
INFO:root:elite fitness: 0.23562000000000002
INFO:root:Generation: 112
INFO:root:pop fitness: 0.18202
INFO:root:elite fitness: 0.29706
INFO:root:Generation: 22
INFO:root:pop fitness: 0.12818
INFO:root:elite fitness: 0.22390000000000002
INFO:root:Generation: 126
INFO:root:pop fitness: 0.18170000000000003
INFO:root:elite fitness: 0.33815999999999996
INFO:root:Generation: 21
INFO:root:pop fitness: 0.13292
INFO:root:elite fitness: 0.24009999999999998
INFO:root:Generation: 113
INFO:root:pop fitness: 0.19035
INFO:root:elite fitness: 0.34582
INFO:root:Generation: 23
INFO:root:pop fitness: 0.13085000000000002
INFO:root:elite fitness: 0.2754
INFO:root:Generation: 127
INFO:root:pop fitness: 0.18051999999999999
INFO:root:elite fitness: 0.3292
INFO:root:Generation: 22
INFO:root:pop fitness: 0.14004999999999998
INFO:root:elite fitness: 0.2551
INFO:root:Generation: 24
INFO:root:pop fitness: 0.14027
INFO:root:elite fitness: 0.24098
INFO:root:Generation: 114
INFO:root:pop fitness: 0.17855000000000001
INFO:root:elite fitness: 0.31744000000000006
INFO:root:Generation: 128
INFO:root:pop fitness: 0.17647000000000002
INFO:root:elite fitness: 0.33102
INFO:root:Generation: 23
INFO:root:pop fitness: 0.12693000000000002
INFO:root:elite fitness: 0.25378000000000006
INFO:root:Generation: 25
INFO:root:pop fitness: 0.14203000000000002
INFO:root:elite fitness: 0.22641999999999998
INFO:root:Generation: 24
INFO:root:pop fitness: 0.13616
INFO:root:elite fitness: 0.26161999999999996
INFO:root:Generation: 26
INFO:root:pop fitness: 0.13907000000000003
INFO:root:elite fitness: 0.26195999999999997
INFO:root:Generation: 129
INFO:root:pop fitness: 0.17759000000000003
INFO:root:elite fitness: 0.3220799999999999
INFO:root:Generation: 25
INFO:root:pop fitness: 0.13777000000000003
INFO:root:elite fitness: 0.22732000000000002
INFO:root:Generation: 27
INFO:root:pop fitness: 0.12986
INFO:root:elite fitness: 0.24636
INFO:root:Generation: 130
INFO:root:pop fitness: 0.15949
INFO:root:elite fitness: 0.32908000000000004
INFO:root:Generation: 115
INFO:root:pop fitness: 0.19012
INFO:root:elite fitness: 0.36
INFO:root:Generation: 26
INFO:root:pop fitness: 0.13985
INFO:root:elite fitness: 0.25064
INFO:root:Generation: 28
INFO:root:pop fitness: 0.1382
INFO:root:elite fitness: 0.28348
INFO:root:Generation: 131
INFO:root:pop fitness: 0.17944
INFO:root:elite fitness: 0.32827999999999996
INFO:root:Generation: 116
INFO:root:pop fitness: 0.19191
INFO:root:elite fitness: 0.32564
INFO:root:Generation: 29
INFO:root:pop fitness: 0.13922
INFO:root:elite fitness: 0.26424
INFO:root:Generation: 27
INFO:root:pop fitness: 0.13735
INFO:root:elite fitness: 0.26254
INFO:root:Generation: 117
INFO:root:pop fitness: 0.19431
INFO:root:elite fitness: 0.34271999999999997
INFO:root:Generation: 132
INFO:root:pop fitness: 0.18678999999999998
INFO:root:elite fitness: 0.34726
INFO:root:Generation: 30
INFO:root:pop fitness: 0.14043
INFO:root:elite fitness: 0.27148
INFO:root:Generation: 28
INFO:root:pop fitness: 0.15950999999999999
INFO:root:elite fitness: 0.2741
INFO:root:Generation: 133
INFO:root:pop fitness: 0.17643000000000003
INFO:root:elite fitness: 0.32354
INFO:root:Generation: 31
INFO:root:pop fitness: 0.14267000000000002
INFO:root:elite fitness: 0.28868000000000005
INFO:root:Generation: 118
INFO:root:pop fitness: 0.19828999999999997
INFO:root:elite fitness: 0.34438
INFO:root:Generation: 29
INFO:root:pop fitness: 0.13751000000000002
INFO:root:elite fitness: 0.26048
INFO:root:Generation: 134
INFO:root:pop fitness: 0.18083000000000002
INFO:root:elite fitness: 0.31582000000000005
INFO:root:Generation: 119
INFO:root:pop fitness: 0.19787
INFO:root:elite fitness: 0.38403999999999994
INFO:root:Generation: 32
INFO:root:pop fitness: 0.15011000000000002
INFO:root:elite fitness: 0.27288
INFO:root:Generation: 30
INFO:root:pop fitness: 0.14554
INFO:root:elite fitness: 0.33988
INFO:root:Generation: 135
INFO:root:pop fitness: 0.18467000000000003
INFO:root:elite fitness: 0.34608000000000005
INFO:root:Generation: 120
INFO:root:pop fitness: 0.19222
INFO:root:elite fitness: 0.31251999999999996
INFO:root:Generation: 33
INFO:root:pop fitness: 0.14574
INFO:root:elite fitness: 0.28306000000000003
INFO:root:Generation: 136
INFO:root:pop fitness: 0.18145000000000003
INFO:root:elite fitness: 0.30998000000000003
INFO:root:Generation: 31
INFO:root:pop fitness: 0.13959
INFO:root:elite fitness: 0.24504
INFO:root:Generation: 121
INFO:root:pop fitness: 0.18408999999999995
INFO:root:elite fitness: 0.32216
INFO:root:Generation: 34
INFO:root:pop fitness: 0.13702
INFO:root:elite fitness: 0.26231999999999994
INFO:root:Generation: 32
INFO:root:pop fitness: 0.14164
INFO:root:elite fitness: 0.27928000000000003
INFO:root:Generation: 137
INFO:root:pop fitness: 0.18361000000000005
INFO:root:elite fitness: 0.34344
INFO:root:Generation: 122
INFO:root:pop fitness: 0.18796
INFO:root:elite fitness: 0.33462000000000003
INFO:root:Generation: 35
INFO:root:pop fitness: 0.16491999999999998
INFO:root:elite fitness: 0.28601999999999994
INFO:root:Generation: 138
INFO:root:pop fitness: 0.16987999999999995
INFO:root:elite fitness: 0.33712
INFO:root:Generation: 33
INFO:root:pop fitness: 0.14472
INFO:root:elite fitness: 0.2762
INFO:root:Generation: 123
INFO:root:pop fitness: 0.19405999999999998
INFO:root:elite fitness: 0.32891999999999993
INFO:root:Generation: 139
INFO:root:pop fitness: 0.17707
INFO:root:elite fitness: 0.31927999999999995
INFO:root:Generation: 36
INFO:root:pop fitness: 0.15083000000000002
INFO:root:elite fitness: 0.27240000000000003
INFO:root:Generation: 124
INFO:root:pop fitness: 0.19347000000000006
INFO:root:elite fitness: 0.34706
INFO:root:Generation: 34
INFO:root:pop fitness: 0.14879000000000003
INFO:root:elite fitness: 0.2728
INFO:root:Generation: 140
INFO:root:pop fitness: 0.17459999999999998
INFO:root:elite fitness: 0.33845999999999987
INFO:root:Generation: 37
INFO:root:pop fitness: 0.13865
INFO:root:elite fitness: 0.2476
INFO:root:Generation: 125
INFO:root:pop fitness: 0.21072
INFO:root:elite fitness: 0.36483999999999994
INFO:root:Generation: 35
INFO:root:pop fitness: 0.15624000000000002
INFO:root:elite fitness: 0.29281999999999997
INFO:root:Generation: 141
INFO:root:pop fitness: 0.18300000000000008
INFO:root:elite fitness: 0.33537999999999996
INFO:root:Generation: 38
INFO:root:pop fitness: 0.1616
INFO:root:elite fitness: 0.30056
INFO:root:Generation: 126
INFO:root:pop fitness: 0.20032999999999998
INFO:root:elite fitness: 0.33386000000000005
INFO:root:Generation: 36
INFO:root:pop fitness: 0.14473999999999998
INFO:root:elite fitness: 0.28324
INFO:root:Generation: 142
INFO:root:pop fitness: 0.16703000000000004
INFO:root:elite fitness: 0.29218
INFO:root:Generation: 39
INFO:root:pop fitness: 0.14876999999999999
INFO:root:elite fitness: 0.29718000000000006
INFO:root:Generation: 143
INFO:root:pop fitness: 0.19237999999999997
INFO:root:elite fitness: 0.35264
INFO:root:Generation: 127
INFO:root:pop fitness: 0.19968000000000002
INFO:root:elite fitness: 0.34686
INFO:root:Generation: 37
INFO:root:pop fitness: 0.14763
INFO:root:elite fitness: 0.25812
INFO:root:Generation: 40
INFO:root:pop fitness: 0.15207
INFO:root:elite fitness: 0.28348
INFO:root:Generation: 144
INFO:root:pop fitness: 0.17897000000000002
INFO:root:elite fitness: 0.32268
INFO:root:Generation: 128
INFO:root:pop fitness: 0.18893000000000004
INFO:root:elite fitness: 0.33410000000000006
INFO:root:Generation: 38
INFO:root:pop fitness: 0.16071000000000002
INFO:root:elite fitness: 0.2775
INFO:root:Generation: 41
INFO:root:pop fitness: 0.15575
INFO:root:elite fitness: 0.28298
INFO:root:Generation: 145
INFO:root:pop fitness: 0.18153999999999995
INFO:root:elite fitness: 0.31132
INFO:root:Generation: 39
INFO:root:pop fitness: 0.15306999999999998
INFO:root:elite fitness: 0.2782
INFO:root:Generation: 129
INFO:root:pop fitness: 0.19908000000000003
INFO:root:elite fitness: 0.3524199999999999
INFO:root:Generation: 146
INFO:root:pop fitness: 0.17218000000000003
INFO:root:elite fitness: 0.30157999999999996
INFO:root:Generation: 42
INFO:root:pop fitness: 0.16362000000000002
INFO:root:elite fitness: 0.28288
INFO:root:Generation: 40
INFO:root:pop fitness: 0.14257
INFO:root:elite fitness: 0.2543
INFO:root:Generation: 130
INFO:root:pop fitness: 0.1992
INFO:root:elite fitness: 0.33996000000000004
INFO:root:Generation: 147
INFO:root:pop fitness: 0.17678999999999997
INFO:root:elite fitness: 0.3264
INFO:root:Generation: 43
INFO:root:pop fitness: 0.16345999999999997
INFO:root:elite fitness: 0.30276000000000003
INFO:root:Generation: 41
INFO:root:pop fitness: 0.13083999999999998
INFO:root:elite fitness: 0.23258000000000004
INFO:root:Generation: 148
INFO:root:pop fitness: 0.17847000000000002
INFO:root:elite fitness: 0.3201
INFO:root:Generation: 44
INFO:root:pop fitness: 0.14394
INFO:root:elite fitness: 0.26738
INFO:root:Generation: 131
INFO:root:pop fitness: 0.18813000000000005
INFO:root:elite fitness: 0.42912
INFO:root:Generation: 149
INFO:root:pop fitness: 0.17748
INFO:root:elite fitness: 0.37029999999999996
INFO:root:Generation: 42
INFO:root:pop fitness: 0.15180000000000005
INFO:root:elite fitness: 0.3019
INFO:root:Generation: 45
INFO:root:pop fitness: 0.16308000000000003
INFO:root:elite fitness: 0.28546000000000005
INFO:root:Generation: 132
INFO:root:pop fitness: 0.20323000000000005
INFO:root:elite fitness: 0.3553
INFO:root:Generation: 150
INFO:root:pop fitness: 0.18486000000000005
INFO:root:elite fitness: 0.343
INFO:root:Generation: 43
INFO:root:pop fitness: 0.1589
INFO:root:elite fitness: 0.28973999999999994
INFO:root:Generation: 46
INFO:root:pop fitness: 0.16229
INFO:root:elite fitness: 0.2862
INFO:root:Generation: 151
INFO:root:pop fitness: 0.18043000000000003
INFO:root:elite fitness: 0.3351999999999999
INFO:root:Generation: 133
INFO:root:pop fitness: 0.18947
INFO:root:elite fitness: 0.34964000000000006
INFO:root:Generation: 44
INFO:root:pop fitness: 0.14504
INFO:root:elite fitness: 0.26868
INFO:root:Generation: 152
INFO:root:pop fitness: 0.17944999999999997
INFO:root:elite fitness: 0.31088
INFO:root:Generation: 47
INFO:root:pop fitness: 0.16496000000000005
INFO:root:elite fitness: 0.30366
INFO:root:Generation: 134
INFO:root:pop fitness: 0.19689000000000004
INFO:root:elite fitness: 0.3251
INFO:root:Generation: 153
INFO:root:pop fitness: 0.17003000000000001
INFO:root:elite fitness: 0.30485999999999996
INFO:root:Generation: 45
INFO:root:pop fitness: 0.14923
INFO:root:elite fitness: 0.25817999999999997
INFO:root:Generation: 48
INFO:root:pop fitness: 0.15857
INFO:root:elite fitness: 0.31732000000000005
INFO:root:Generation: 154
INFO:root:pop fitness: 0.18164999999999998
INFO:root:elite fitness: 0.33618000000000003
INFO:root:Generation: 135
INFO:root:pop fitness: 0.19415999999999997
INFO:root:elite fitness: 0.3705399999999999
INFO:root:Generation: 46
INFO:root:pop fitness: 0.15059
INFO:root:elite fitness: 0.28415999999999997
INFO:root:Generation: 49
INFO:root:pop fitness: 0.17166
INFO:root:elite fitness: 0.32726
INFO:root:Generation: 47
INFO:root:pop fitness: 0.14551999999999998
INFO:root:elite fitness: 0.2515
INFO:root:Generation: 136
INFO:root:pop fitness: 0.1934
INFO:root:elite fitness: 0.33535999999999994
INFO:root:Generation: 50
INFO:root:pop fitness: 0.18194000000000002
INFO:root:elite fitness: 0.31265999999999994
INFO:root:Generation: 137
INFO:root:pop fitness: 0.20032
INFO:root:elite fitness: 0.33358000000000004
INFO:root:Generation: 48
INFO:root:pop fitness: 0.15053
INFO:root:elite fitness: 0.26504000000000005
INFO:root:Generation: 155
INFO:root:pop fitness: 0.18337000000000003
INFO:root:elite fitness: 0.33815999999999996
INFO:root:Generation: 51
INFO:root:pop fitness: 0.16971
INFO:root:elite fitness: 0.33515999999999996
INFO:root:Generation: 49
INFO:root:pop fitness: 0.13845
INFO:root:elite fitness: 0.26646000000000003
INFO:root:Generation: 52
INFO:root:pop fitness: 0.16072000000000003
INFO:root:elite fitness: 0.30074
INFO:root:Generation: 138
INFO:root:pop fitness: 0.18846000000000004
INFO:root:elite fitness: 0.31158
INFO:root:Generation: 156
INFO:root:pop fitness: 0.17544
INFO:root:elite fitness: 0.33602
INFO:root:Generation: 50
INFO:root:pop fitness: 0.14531
INFO:root:elite fitness: 0.24570000000000003
INFO:root:Generation: 53
INFO:root:pop fitness: 0.17293000000000003
INFO:root:elite fitness: 0.33197999999999994
INFO:root:Generation: 54
INFO:root:pop fitness: 0.15877000000000002
INFO:root:elite fitness: 0.28226
INFO:root:Generation: 139
INFO:root:pop fitness: 0.19663
INFO:root:elite fitness: 0.35346000000000005
INFO:root:Generation: 51
INFO:root:pop fitness: 0.14942999999999998
INFO:root:elite fitness: 0.27565999999999996
INFO:root:Generation: 157
INFO:root:pop fitness: 0.17452
INFO:root:elite fitness: 0.32414000000000004
INFO:root:Generation: 140
INFO:root:pop fitness: 0.20384000000000005
INFO:root:elite fitness: 0.35272
INFO:root:Generation: 158
INFO:root:pop fitness: 0.17839
INFO:root:elite fitness: 0.33562
INFO:root:Generation: 55
INFO:root:pop fitness: 0.17233000000000004
INFO:root:elite fitness: 0.3004
INFO:root:Generation: 52
INFO:root:pop fitness: 0.1448
INFO:root:elite fitness: 0.26666
INFO:root:Generation: 159
INFO:root:pop fitness: 0.18995
INFO:root:elite fitness: 0.33222000000000007
INFO:root:Generation: 56
INFO:root:pop fitness: 0.17187000000000002
INFO:root:elite fitness: 0.33906
INFO:root:Generation: 53
INFO:root:pop fitness: 0.16618000000000002
INFO:root:elite fitness: 0.29566
INFO:root:Generation: 141
INFO:root:pop fitness: 0.19423000000000004
INFO:root:elite fitness: 0.33510000000000006
INFO:root:Generation: 160
INFO:root:pop fitness: 0.19573000000000004
INFO:root:elite fitness: 0.32602000000000003
INFO:root:Generation: 57
INFO:root:pop fitness: 0.16033
INFO:root:elite fitness: 0.27702000000000004
INFO:root:Generation: 142
INFO:root:pop fitness: 0.19787000000000007
INFO:root:elite fitness: 0.34428
INFO:root:Generation: 54
INFO:root:pop fitness: 0.15358
INFO:root:elite fitness: 0.30234
INFO:root:Generation: 143
INFO:root:pop fitness: 0.19298000000000004
INFO:root:elite fitness: 0.35762
INFO:root:Generation: 58
INFO:root:pop fitness: 0.15957
INFO:root:elite fitness: 0.29274
INFO:root:Generation: 161
INFO:root:pop fitness: 0.19473
INFO:root:elite fitness: 0.33007999999999993
INFO:root:Generation: 55
INFO:root:pop fitness: 0.15539999999999998
INFO:root:elite fitness: 0.28366
INFO:root:Generation: 162
INFO:root:pop fitness: 0.18575
INFO:root:elite fitness: 0.35094000000000003
INFO:root:Generation: 144
INFO:root:pop fitness: 0.20597000000000001
INFO:root:elite fitness: 0.39502000000000004
INFO:root:Generation: 59
INFO:root:pop fitness: 0.16237
INFO:root:elite fitness: 0.3094
INFO:root:Generation: 163
INFO:root:pop fitness: 0.19442000000000004
INFO:root:elite fitness: 0.32914
INFO:root:Generation: 56
INFO:root:pop fitness: 0.15002
INFO:root:elite fitness: 0.2819
INFO:root:Generation: 164
INFO:root:pop fitness: 0.18128999999999998
INFO:root:elite fitness: 0.32730000000000004
INFO:root:Generation: 145
INFO:root:pop fitness: 0.20204999999999998
INFO:root:elite fitness: 0.36829999999999996
INFO:root:Generation: 60
INFO:root:pop fitness: 0.17299
INFO:root:elite fitness: 0.31166
INFO:root:Generation: 165
INFO:root:pop fitness: 0.20583000000000007
INFO:root:elite fitness: 0.38245999999999997
INFO:root:Generation: 57
INFO:root:pop fitness: 0.15841999999999998
INFO:root:elite fitness: 0.31098
INFO:root:Generation: 146
INFO:root:pop fitness: 0.19099
INFO:root:elite fitness: 0.3243000000000001
INFO:root:Generation: 61
INFO:root:pop fitness: 0.17848999999999995
INFO:root:elite fitness: 0.3461
INFO:root:Generation: 166
INFO:root:pop fitness: 0.17858999999999997
INFO:root:elite fitness: 0.3209
INFO:root:Generation: 58
INFO:root:pop fitness: 0.17228
INFO:root:elite fitness: 0.30174
INFO:root:Generation: 147
INFO:root:pop fitness: 0.19239000000000003
INFO:root:elite fitness: 0.34551999999999994
INFO:root:Generation: 62
INFO:root:pop fitness: 0.17027
INFO:root:elite fitness: 0.306
INFO:root:Generation: 167
INFO:root:pop fitness: 0.18829
INFO:root:elite fitness: 0.36386
INFO:root:Generation: 59
INFO:root:pop fitness: 0.1541
INFO:root:elite fitness: 0.27514000000000005
INFO:root:Generation: 148
INFO:root:pop fitness: 0.18308999999999997
INFO:root:elite fitness: 0.32782000000000006
INFO:root:Generation: 63
INFO:root:pop fitness: 0.16895
INFO:root:elite fitness: 0.29136
INFO:root:Generation: 168
INFO:root:pop fitness: 0.19139
INFO:root:elite fitness: 0.34476
INFO:root:Generation: 149
INFO:root:pop fitness: 0.18539999999999998
INFO:root:elite fitness: 0.32754
INFO:root:Generation: 60
INFO:root:pop fitness: 0.14773999999999998
INFO:root:elite fitness: 0.29042
INFO:root:Generation: 64
INFO:root:pop fitness: 0.15734
INFO:root:elite fitness: 0.28913999999999995
INFO:root:Generation: 169
INFO:root:pop fitness: 0.19261999999999996
INFO:root:elite fitness: 0.37817999999999996
INFO:root:Generation: 150
INFO:root:pop fitness: 0.20482
INFO:root:elite fitness: 0.36424
INFO:root:Generation: 170
INFO:root:pop fitness: 0.2096
INFO:root:elite fitness: 0.36624
INFO:root:Generation: 65
INFO:root:pop fitness: 0.18603999999999998
INFO:root:elite fitness: 0.30888
INFO:root:Generation: 61
INFO:root:pop fitness: 0.16056
INFO:root:elite fitness: 0.27468
INFO:root:Generation: 171
INFO:root:pop fitness: 0.18631999999999999
INFO:root:elite fitness: 0.32754
INFO:root:Generation: 151
INFO:root:pop fitness: 0.17519999999999997
INFO:root:elite fitness: 0.33333999999999997
INFO:root:Generation: 66
INFO:root:pop fitness: 0.17926999999999996
INFO:root:elite fitness: 0.35448
INFO:root:Generation: 62
INFO:root:pop fitness: 0.15763000000000002
INFO:root:elite fitness: 0.26876
INFO:root:Generation: 172
INFO:root:pop fitness: 0.18873000000000004
INFO:root:elite fitness: 0.33096000000000003
INFO:root:Generation: 152
INFO:root:pop fitness: 0.18957000000000004
INFO:root:elite fitness: 0.37020000000000003
INFO:root:Generation: 67
INFO:root:pop fitness: 0.16793000000000002
INFO:root:elite fitness: 0.28542
INFO:root:Generation: 63
INFO:root:pop fitness: 0.15211
INFO:root:elite fitness: 0.2737
INFO:root:Generation: 153
INFO:root:pop fitness: 0.18308
INFO:root:elite fitness: 0.32153999999999994
INFO:root:Generation: 68
INFO:root:pop fitness: 0.17885
INFO:root:elite fitness: 0.30888
INFO:root:Generation: 173
INFO:root:pop fitness: 0.18545
INFO:root:elite fitness: 0.3402199999999999
INFO:root:Generation: 69
INFO:root:pop fitness: 0.18543000000000004
INFO:root:elite fitness: 0.34637999999999997
INFO:root:Generation: 174
INFO:root:pop fitness: 0.19449000000000005
INFO:root:elite fitness: 0.36394
INFO:root:Generation: 64
INFO:root:pop fitness: 0.14934999999999998
INFO:root:elite fitness: 0.27198
INFO:root:Generation: 70
INFO:root:pop fitness: 0.17352000000000004
INFO:root:elite fitness: 0.30714
INFO:root:Generation: 65
INFO:root:pop fitness: 0.15908
INFO:root:elite fitness: 0.2804
INFO:root:Generation: 154
INFO:root:pop fitness: 0.18406999999999996
INFO:root:elite fitness: 0.30339999999999995
INFO:root:Generation: 175
INFO:root:pop fitness: 0.18005000000000002
INFO:root:elite fitness: 0.32245999999999997
INFO:root:Generation: 71
INFO:root:pop fitness: 0.17294
INFO:root:elite fitness: 0.31848
INFO:root:Generation: 155
INFO:root:pop fitness: 0.18301999999999996
INFO:root:elite fitness: 0.34307999999999994
INFO:root:Generation: 66
INFO:root:pop fitness: 0.15829000000000001
INFO:root:elite fitness: 0.28732
INFO:root:Generation: 72
INFO:root:pop fitness: 0.16816000000000003
INFO:root:elite fitness: 0.3182
INFO:root:Generation: 176
INFO:root:pop fitness: 0.18427000000000004
INFO:root:elite fitness: 0.36296
INFO:root:Generation: 73
INFO:root:pop fitness: 0.16671
INFO:root:elite fitness: 0.30879999999999996
INFO:root:Generation: 67
INFO:root:pop fitness: 0.15656
INFO:root:elite fitness: 0.29788
INFO:root:Generation: 177
INFO:root:pop fitness: 0.18531000000000003
INFO:root:elite fitness: 0.33315999999999996
INFO:root:Generation: 156
INFO:root:pop fitness: 0.19971000000000003
INFO:root:elite fitness: 0.34096000000000004
INFO:root:Generation: 74
INFO:root:pop fitness: 0.16210000000000002
INFO:root:elite fitness: 0.30896
INFO:root:Generation: 68
INFO:root:pop fitness: 0.16311
INFO:root:elite fitness: 0.3211
INFO:root:Generation: 178
INFO:root:pop fitness: 0.20576
INFO:root:elite fitness: 0.36228
INFO:root:Generation: 75
INFO:root:pop fitness: 0.18122000000000005
INFO:root:elite fitness: 0.34151999999999993
INFO:root:Generation: 179
INFO:root:pop fitness: 0.18721999999999997
INFO:root:elite fitness: 0.3350000000000001
INFO:root:Generation: 69
INFO:root:pop fitness: 0.15263
INFO:root:elite fitness: 0.25316
INFO:root:Generation: 76
INFO:root:pop fitness: 0.17069000000000004
INFO:root:elite fitness: 0.284
INFO:root:Generation: 157
INFO:root:pop fitness: 0.19324000000000002
INFO:root:elite fitness: 0.36656
INFO:root:Generation: 180
INFO:root:pop fitness: 0.17696999999999996
INFO:root:elite fitness: 0.3247
INFO:root:Generation: 70
INFO:root:pop fitness: 0.15041
INFO:root:elite fitness: 0.27204
INFO:root:Generation: 77
INFO:root:pop fitness: 0.17158000000000004
INFO:root:elite fitness: 0.30601999999999996
INFO:root:Generation: 181
INFO:root:pop fitness: 0.18859
INFO:root:elite fitness: 0.32112
INFO:root:Generation: 71
INFO:root:pop fitness: 0.16487000000000002
INFO:root:elite fitness: 0.32028000000000006
INFO:root:Generation: 78
INFO:root:pop fitness: 0.15714
INFO:root:elite fitness: 0.32966
INFO:root:Generation: 158
INFO:root:pop fitness: 0.18186000000000002
INFO:root:elite fitness: 0.33271999999999996
INFO:root:Generation: 72
INFO:root:pop fitness: 0.16663000000000003
INFO:root:elite fitness: 0.319
INFO:root:Generation: 79
INFO:root:pop fitness: 0.18252000000000002
INFO:root:elite fitness: 0.32732
INFO:root:Generation: 182
INFO:root:pop fitness: 0.18778000000000003
INFO:root:elite fitness: 0.34588
INFO:root:Generation: 159
INFO:root:pop fitness: 0.18949000000000005
INFO:root:elite fitness: 0.36573999999999995
INFO:root:Generation: 80
INFO:root:pop fitness: 0.17125999999999997
INFO:root:elite fitness: 0.33338
INFO:root:Generation: 73
INFO:root:pop fitness: 0.16803000000000004
INFO:root:elite fitness: 0.3291800000000001
INFO:root:Generation: 183
INFO:root:pop fitness: 0.21229000000000003
INFO:root:elite fitness: 0.35208
INFO:root:Generation: 160
INFO:root:pop fitness: 0.18777000000000005
INFO:root:elite fitness: 0.32104000000000005
INFO:root:Generation: 81
INFO:root:pop fitness: 0.17238000000000003
INFO:root:elite fitness: 0.32518
INFO:root:Generation: 74
INFO:root:pop fitness: 0.15573
INFO:root:elite fitness: 0.27777999999999997
INFO:root:Generation: 184
INFO:root:pop fitness: 0.18449
INFO:root:elite fitness: 0.3396
INFO:root:Generation: 161
INFO:root:pop fitness: 0.19150000000000003
INFO:root:elite fitness: 0.3754
INFO:root:Generation: 82
INFO:root:pop fitness: 0.17462
INFO:root:elite fitness: 0.33843999999999996
INFO:root:Generation: 75
INFO:root:pop fitness: 0.16957000000000005
INFO:root:elite fitness: 0.3153
INFO:root:Generation: 185
INFO:root:pop fitness: 0.19063000000000002
INFO:root:elite fitness: 0.35891999999999996
INFO:root:Generation: 162
INFO:root:pop fitness: 0.19153000000000003
INFO:root:elite fitness: 0.34369999999999995
INFO:root:Generation: 83
INFO:root:pop fitness: 0.16566999999999993
INFO:root:elite fitness: 0.28753999999999996
INFO:root:Generation: 186
INFO:root:pop fitness: 0.18719000000000002
INFO:root:elite fitness: 0.34774
INFO:root:Generation: 76
INFO:root:pop fitness: 0.18400000000000002
INFO:root:elite fitness: 0.31284
INFO:root:Generation: 163
INFO:root:pop fitness: 0.18397
INFO:root:elite fitness: 0.3084
INFO:root:Generation: 187
INFO:root:pop fitness: 0.18754
INFO:root:elite fitness: 0.31338
INFO:root:Generation: 84
INFO:root:pop fitness: 0.16631000000000004
INFO:root:elite fitness: 0.31848000000000004
INFO:root:Generation: 77
INFO:root:pop fitness: 0.1849
INFO:root:elite fitness: 0.3412199999999999
INFO:root:Generation: 188
INFO:root:pop fitness: 0.19579000000000002
INFO:root:elite fitness: 0.3789
INFO:root:Generation: 85
INFO:root:pop fitness: 0.18206000000000003
INFO:root:elite fitness: 0.31442
INFO:root:Generation: 78
INFO:root:pop fitness: 0.19248
INFO:root:elite fitness: 0.31858
INFO:root:Generation: 164
INFO:root:pop fitness: 0.19216999999999998
INFO:root:elite fitness: 0.31679999999999997
INFO:root:Generation: 86
INFO:root:pop fitness: 0.17309000000000002
INFO:root:elite fitness: 0.29604
INFO:root:Generation: 189
INFO:root:pop fitness: 0.19395000000000004
INFO:root:elite fitness: 0.32336
INFO:root:Generation: 165
INFO:root:pop fitness: 0.19683000000000006
INFO:root:elite fitness: 0.34086
INFO:root:Generation: 79
INFO:root:pop fitness: 0.16554
INFO:root:elite fitness: 0.30318
INFO:root:Generation: 87
INFO:root:pop fitness: 0.17165000000000002
INFO:root:elite fitness: 0.28994
INFO:root:Generation: 166
INFO:root:pop fitness: 0.20608
INFO:root:elite fitness: 0.35003999999999996
INFO:root:Generation: 190
INFO:root:pop fitness: 0.18406
INFO:root:elite fitness: 0.3115
INFO:root:Generation: 80
INFO:root:pop fitness: 0.16623000000000004
INFO:root:elite fitness: 0.2925
INFO:root:Generation: 88
INFO:root:pop fitness: 0.18206
INFO:root:elite fitness: 0.34531999999999996
INFO:root:Generation: 167
INFO:root:pop fitness: 0.19721000000000002
INFO:root:elite fitness: 0.33594
INFO:root:Generation: 81
INFO:root:pop fitness: 0.14814000000000002
INFO:root:elite fitness: 0.25751999999999997
INFO:root:Generation: 89
INFO:root:pop fitness: 0.17717000000000002
INFO:root:elite fitness: 0.32854
INFO:root:Generation: 191
INFO:root:pop fitness: 0.18304
INFO:root:elite fitness: 0.34174
INFO:root:Generation: 168
INFO:root:pop fitness: 0.18776999999999996
INFO:root:elite fitness: 0.32894
INFO:root:Generation: 82
INFO:root:pop fitness: 0.18137000000000003
INFO:root:elite fitness: 0.32121999999999995
INFO:root:Generation: 90
INFO:root:pop fitness: 0.18738
INFO:root:elite fitness: 0.29962000000000005
INFO:root:Generation: 169
INFO:root:pop fitness: 0.19963
INFO:root:elite fitness: 0.3490599999999999
INFO:root:Generation: 91
INFO:root:pop fitness: 0.16585000000000005
INFO:root:elite fitness: 0.28032
INFO:root:Generation: 83
INFO:root:pop fitness: 0.16701
INFO:root:elite fitness: 0.3252399999999999
INFO:root:Generation: 170
INFO:root:pop fitness: 0.19721999999999998
INFO:root:elite fitness: 0.33996000000000004
INFO:root:Generation: 192
INFO:root:pop fitness: 0.18532
INFO:root:elite fitness: 0.3657
INFO:root:Generation: 92
INFO:root:pop fitness: 0.18
INFO:root:elite fitness: 0.31658
INFO:root:Generation: 193
INFO:root:pop fitness: 0.19338
INFO:root:elite fitness: 0.34218
INFO:root:Generation: 84
INFO:root:pop fitness: 0.1594
INFO:root:elite fitness: 0.2974
INFO:root:Generation: 171
INFO:root:pop fitness: 0.21041
INFO:root:elite fitness: 0.38569999999999993
INFO:root:Generation: 93
INFO:root:pop fitness: 0.16887000000000005
INFO:root:elite fitness: 0.31908000000000003
INFO:root:Generation: 172
INFO:root:pop fitness: 0.20507999999999998
INFO:root:elite fitness: 0.37934000000000007
INFO:root:Generation: 194
INFO:root:pop fitness: 0.19587
INFO:root:elite fitness: 0.35348000000000007
INFO:root:Generation: 85
INFO:root:pop fitness: 0.17316000000000004
INFO:root:elite fitness: 0.32276000000000005
INFO:root:Generation: 94
INFO:root:pop fitness: 0.18593999999999994
INFO:root:elite fitness: 0.32
INFO:root:Generation: 86
INFO:root:pop fitness: 0.19583000000000003
INFO:root:elite fitness: 0.33190000000000003
INFO:root:Generation: 195
INFO:root:pop fitness: 0.18588000000000002
INFO:root:elite fitness: 0.33184
INFO:root:Generation: 173
INFO:root:pop fitness: 0.20349
INFO:root:elite fitness: 0.36232
INFO:root:Generation: 95
INFO:root:pop fitness: 0.17018000000000005
INFO:root:elite fitness: 0.29603999999999997
INFO:root:Generation: 196
INFO:root:pop fitness: 0.17654000000000003
INFO:root:elite fitness: 0.35656
INFO:root:Generation: 87
INFO:root:pop fitness: 0.161
INFO:root:elite fitness: 0.28904
INFO:root:Generation: 96
INFO:root:pop fitness: 0.16985
INFO:root:elite fitness: 0.27926
INFO:root:Generation: 174
INFO:root:pop fitness: 0.19442999999999994
INFO:root:elite fitness: 0.33818
INFO:root:Generation: 88
INFO:root:pop fitness: 0.18268
INFO:root:elite fitness: 0.32144
INFO:root:Generation: 197
INFO:root:pop fitness: 0.20243000000000003
INFO:root:elite fitness: 0.35913999999999996
INFO:root:Generation: 97
INFO:root:pop fitness: 0.14996
INFO:root:elite fitness: 0.27522
INFO:root:Generation: 175
INFO:root:pop fitness: 0.21491
INFO:root:elite fitness: 0.3500599999999999
INFO:root:Generation: 198
INFO:root:pop fitness: 0.19431
INFO:root:elite fitness: 0.35220000000000007
INFO:root:Generation: 89
INFO:root:pop fitness: 0.16389000000000004
INFO:root:elite fitness: 0.30524
INFO:root:Generation: 98
INFO:root:pop fitness: 0.15683000000000002
INFO:root:elite fitness: 0.32574
INFO:root:Generation: 199
INFO:root:pop fitness: 0.19062
INFO:root:elite fitness: 0.30856
INFO:root:Generation: 90
INFO:root:pop fitness: 0.1642
INFO:root:elite fitness: 0.29344000000000003
INFO:root:Generation: 176
INFO:root:pop fitness: 0.20334
INFO:root:elite fitness: 0.3362
INFO:root:Generation: 99
INFO:root:pop fitness: 0.16468
INFO:root:elite fitness: 0.3018
INFO:root:Generation: 91
INFO:root:pop fitness: 0.16998000000000005
INFO:root:elite fitness: 0.31324
INFO:root:Generation: 177
INFO:root:pop fitness: 0.21722000000000002
INFO:root:elite fitness: 0.37066000000000004
INFO:root:Generation: 100
INFO:root:pop fitness: 0.15988
INFO:root:elite fitness: 0.2602
INFO:root:Generation: 92
INFO:root:pop fitness: 0.18309
INFO:root:elite fitness: 0.33474
INFO:root:Generation: 101
INFO:root:pop fitness: 0.17068999999999998
INFO:root:elite fitness: 0.29182
INFO:root:Generation: 178
INFO:root:pop fitness: 0.20363000000000003
INFO:root:elite fitness: 0.35386
INFO:root:Generation: 93
INFO:root:pop fitness: 0.16336000000000003
INFO:root:elite fitness: 0.27482
INFO:root:Generation: 102
INFO:root:pop fitness: 0.16829
INFO:root:elite fitness: 0.33555999999999997
INFO:root:Generation: 179
INFO:root:pop fitness: 0.21119999999999997
INFO:root:elite fitness: 0.37826
INFO:root:Generation: 94
INFO:root:pop fitness: 0.17786
INFO:root:elite fitness: 0.29817999999999995
INFO:root:Generation: 103
INFO:root:pop fitness: 0.17052000000000003
INFO:root:elite fitness: 0.30246
INFO:root:Generation: 180
INFO:root:pop fitness: 0.21542999999999998
INFO:root:elite fitness: 0.33804
INFO:root:Generation: 104
INFO:root:pop fitness: 0.16253000000000004
INFO:root:elite fitness: 0.30075999999999997
INFO:root:Generation: 95
INFO:root:pop fitness: 0.19476999999999997
INFO:root:elite fitness: 0.3374599999999999
INFO:root:Generation: 181
INFO:root:pop fitness: 0.20057000000000003
INFO:root:elite fitness: 0.3529
INFO:root:Generation: 105
INFO:root:pop fitness: 0.18469000000000002
INFO:root:elite fitness: 0.32552
INFO:root:Generation: 96
INFO:root:pop fitness: 0.18117999999999998
INFO:root:elite fitness: 0.32533999999999996
INFO:root:Generation: 182
INFO:root:pop fitness: 0.21616
INFO:root:elite fitness: 0.38766
INFO:root:Generation: 106
INFO:root:pop fitness: 0.17099
INFO:root:elite fitness: 0.29767999999999994
INFO:root:Generation: 97
INFO:root:pop fitness: 0.18162000000000003
INFO:root:elite fitness: 0.29266
INFO:root:Generation: 183
INFO:root:pop fitness: 0.20552
INFO:root:elite fitness: 0.37288
INFO:root:Generation: 184
INFO:root:pop fitness: 0.21435
INFO:root:elite fitness: 0.40846000000000005
INFO:root:Generation: 98
INFO:root:pop fitness: 0.18641000000000002
INFO:root:elite fitness: 0.32368
INFO:root:Generation: 107
INFO:root:pop fitness: 0.19173000000000007
INFO:root:elite fitness: 0.32832
INFO:root:Generation: 185
INFO:root:pop fitness: 0.22154
INFO:root:elite fitness: 0.37942
INFO:root:Generation: 108
INFO:root:pop fitness: 0.1775
INFO:root:elite fitness: 0.32386000000000004
INFO:root:Generation: 99
INFO:root:pop fitness: 0.18975
INFO:root:elite fitness: 0.32495999999999997
INFO:root:Generation: 186
INFO:root:pop fitness: 0.21804
INFO:root:elite fitness: 0.36404
INFO:root:Generation: 109
INFO:root:pop fitness: 0.18426999999999996
INFO:root:elite fitness: 0.32088
INFO:root:Generation: 100
INFO:root:pop fitness: 0.18095
INFO:root:elite fitness: 0.35179999999999995
INFO:root:Generation: 187
INFO:root:pop fitness: 0.20242000000000004
INFO:root:elite fitness: 0.36084000000000005
INFO:root:Generation: 110
INFO:root:pop fitness: 0.19012000000000007
INFO:root:elite fitness: 0.33508000000000004
INFO:root:Generation: 101
INFO:root:pop fitness: 0.18123
INFO:root:elite fitness: 0.31344
INFO:root:Generation: 188
INFO:root:pop fitness: 0.20507999999999998
INFO:root:elite fitness: 0.34376000000000007
INFO:root:Generation: 111
INFO:root:pop fitness: 0.19080000000000003
INFO:root:elite fitness: 0.33092
INFO:root:Generation: 102
INFO:root:pop fitness: 0.18103000000000002
INFO:root:elite fitness: 0.3213999999999999
INFO:root:Generation: 189
INFO:root:pop fitness: 0.21433000000000002
INFO:root:elite fitness: 0.34368000000000004
INFO:root:Generation: 112
INFO:root:pop fitness: 0.18325000000000002
INFO:root:elite fitness: 0.32370000000000004
INFO:root:Generation: 103
INFO:root:pop fitness: 0.17558999999999997
INFO:root:elite fitness: 0.32138
INFO:root:Generation: 113
INFO:root:pop fitness: 0.19136000000000003
INFO:root:elite fitness: 0.31806000000000006
INFO:root:Generation: 190
INFO:root:pop fitness: 0.20324
INFO:root:elite fitness: 0.36046000000000006
INFO:root:Generation: 191
INFO:root:pop fitness: 0.19963999999999998
INFO:root:elite fitness: 0.3607
INFO:root:Generation: 114
INFO:root:pop fitness: 0.19894
INFO:root:elite fitness: 0.34202000000000005
INFO:root:Generation: 104
INFO:root:pop fitness: 0.18001
INFO:root:elite fitness: 0.2869
INFO:root:Generation: 192
INFO:root:pop fitness: 0.20271
INFO:root:elite fitness: 0.364
INFO:root:Generation: 115
INFO:root:pop fitness: 0.19647000000000006
INFO:root:elite fitness: 0.36091999999999996
INFO:root:Generation: 105
INFO:root:pop fitness: 0.17753
INFO:root:elite fitness: 0.3127
INFO:root:Generation: 193
INFO:root:pop fitness: 0.20426
INFO:root:elite fitness: 0.36091999999999996
INFO:root:Generation: 116
INFO:root:pop fitness: 0.18330000000000002
INFO:root:elite fitness: 0.3402400000000001
INFO:root:Generation: 106
INFO:root:pop fitness: 0.19165000000000001
INFO:root:elite fitness: 0.33502000000000004
INFO:root:Generation: 194
INFO:root:pop fitness: 0.20203000000000004
INFO:root:elite fitness: 0.35702
INFO:root:Generation: 117
INFO:root:pop fitness: 0.18214000000000002
INFO:root:elite fitness: 0.32004
INFO:root:Generation: 107
INFO:root:pop fitness: 0.19730000000000003
INFO:root:elite fitness: 0.35408
INFO:root:Generation: 195
INFO:root:pop fitness: 0.20056000000000002
INFO:root:elite fitness: 0.3379800000000001
INFO:root:Generation: 118
INFO:root:pop fitness: 0.17474
INFO:root:elite fitness: 0.31851999999999997
INFO:root:Generation: 108
INFO:root:pop fitness: 0.1884
INFO:root:elite fitness: 0.3337399999999999
INFO:root:Generation: 196
INFO:root:pop fitness: 0.21321000000000004
INFO:root:elite fitness: 0.39402000000000004
INFO:root:Generation: 119
INFO:root:pop fitness: 0.19632999999999995
INFO:root:elite fitness: 0.33704
INFO:root:Generation: 197
INFO:root:pop fitness: 0.20846
INFO:root:elite fitness: 0.3473399999999999
INFO:root:Generation: 109
INFO:root:pop fitness: 0.19517999999999996
INFO:root:elite fitness: 0.34619999999999995
INFO:root:Generation: 120
INFO:root:pop fitness: 0.18342
INFO:root:elite fitness: 0.33088
INFO:root:Generation: 121
INFO:root:pop fitness: 0.18499
INFO:root:elite fitness: 0.34806
INFO:root:Generation: 110
INFO:root:pop fitness: 0.20016
INFO:root:elite fitness: 0.30714
INFO:root:Generation: 122
INFO:root:pop fitness: 0.18698000000000004
INFO:root:elite fitness: 0.31602
INFO:root:Generation: 198
INFO:root:pop fitness: 0.20913000000000004
INFO:root:elite fitness: 0.33722
INFO:root:Generation: 111
INFO:root:pop fitness: 0.18388
INFO:root:elite fitness: 0.34406
INFO:root:Generation: 199
INFO:root:pop fitness: 0.22054
INFO:root:elite fitness: 0.3509
INFO:root:Generation: 123
INFO:root:pop fitness: 0.18752999999999997
INFO:root:elite fitness: 0.32425999999999994
INFO:root:Generation: 112
INFO:root:pop fitness: 0.17267999999999997
INFO:root:elite fitness: 0.31987999999999994
INFO:root:Generation: 124
INFO:root:pop fitness: 0.19108
INFO:root:elite fitness: 0.30614
INFO:root:Generation: 113
INFO:root:pop fitness: 0.19149000000000002
INFO:root:elite fitness: 0.33440000000000003
INFO:root:Generation: 125
INFO:root:pop fitness: 0.18442
INFO:root:elite fitness: 0.3188
INFO:root:Generation: 114
INFO:root:pop fitness: 0.17559000000000002
INFO:root:elite fitness: 0.32592000000000004
INFO:root:Generation: 126
INFO:root:pop fitness: 0.18661999999999998
INFO:root:elite fitness: 0.34210000000000007
INFO:root:Generation: 115
INFO:root:pop fitness: 0.17514000000000002
INFO:root:elite fitness: 0.31238
INFO:root:Generation: 127
INFO:root:pop fitness: 0.18216
INFO:root:elite fitness: 0.32398000000000005
INFO:root:Generation: 116
INFO:root:pop fitness: 0.20207
INFO:root:elite fitness: 0.34416
INFO:root:Generation: 128
INFO:root:pop fitness: 0.18928000000000003
INFO:root:elite fitness: 0.33348000000000005
INFO:root:Generation: 129
INFO:root:pop fitness: 0.17939
INFO:root:elite fitness: 0.3126
INFO:root:Generation: 117
INFO:root:pop fitness: 0.1961
INFO:root:elite fitness: 0.35276
INFO:root:Generation: 130
INFO:root:pop fitness: 0.18435
INFO:root:elite fitness: 0.34944
INFO:root:Generation: 118
INFO:root:pop fitness: 0.16564
INFO:root:elite fitness: 0.30598
INFO:root:Generation: 131
INFO:root:pop fitness: 0.19797
INFO:root:elite fitness: 0.30968
INFO:root:Generation: 119
INFO:root:pop fitness: 0.17711
INFO:root:elite fitness: 0.31638
INFO:root:Generation: 132
INFO:root:pop fitness: 0.18843
INFO:root:elite fitness: 0.31038
INFO:root:Generation: 133
INFO:root:pop fitness: 0.18059000000000006
INFO:root:elite fitness: 0.29972
INFO:root:Generation: 120
INFO:root:pop fitness: 0.16811999999999996
INFO:root:elite fitness: 0.31022
INFO:root:Generation: 134
INFO:root:pop fitness: 0.18581
INFO:root:elite fitness: 0.35196000000000005
INFO:root:Generation: 121
INFO:root:pop fitness: 0.16316
INFO:root:elite fitness: 0.30566
INFO:root:Generation: 135
INFO:root:pop fitness: 0.1957
INFO:root:elite fitness: 0.33422
INFO:root:Generation: 122
INFO:root:pop fitness: 0.18591000000000005
INFO:root:elite fitness: 0.34571999999999997
INFO:root:Generation: 136
INFO:root:pop fitness: 0.18226000000000003
INFO:root:elite fitness: 0.32204
INFO:root:Generation: 123
INFO:root:pop fitness: 0.18439000000000003
INFO:root:elite fitness: 0.31758
INFO:root:Generation: 137
INFO:root:pop fitness: 0.18437999999999996
INFO:root:elite fitness: 0.31932000000000005
INFO:root:Generation: 124
INFO:root:pop fitness: 0.18342
INFO:root:elite fitness: 0.35206
INFO:root:Generation: 138
INFO:root:pop fitness: 0.18654999999999997
INFO:root:elite fitness: 0.31026
INFO:root:Generation: 139
INFO:root:pop fitness: 0.18216
INFO:root:elite fitness: 0.3116
INFO:root:Generation: 125
INFO:root:pop fitness: 0.17267999999999997
INFO:root:elite fitness: 0.33340000000000003
INFO:root:Generation: 140
INFO:root:pop fitness: 0.19144000000000003
INFO:root:elite fitness: 0.3466
INFO:root:Generation: 126
INFO:root:pop fitness: 0.17728000000000002
INFO:root:elite fitness: 0.30696
INFO:root:Generation: 141
INFO:root:pop fitness: 0.19465
INFO:root:elite fitness: 0.3464
INFO:root:Generation: 127
INFO:root:pop fitness: 0.18340000000000004
INFO:root:elite fitness: 0.31142000000000003
INFO:root:Generation: 142
INFO:root:pop fitness: 0.19059
INFO:root:elite fitness: 0.35885999999999996
INFO:root:Generation: 128
INFO:root:pop fitness: 0.17849000000000004
INFO:root:elite fitness: 0.32316
INFO:root:Generation: 143
INFO:root:pop fitness: 0.18897000000000003
INFO:root:elite fitness: 0.31192
INFO:root:Generation: 129
INFO:root:pop fitness: 0.18625000000000003
INFO:root:elite fitness: 0.37612
INFO:root:Generation: 144
INFO:root:pop fitness: 0.19400000000000003
INFO:root:elite fitness: 0.34256
INFO:root:Generation: 130
INFO:root:pop fitness: 0.17574000000000006
INFO:root:elite fitness: 0.30097999999999997
INFO:root:Generation: 145
INFO:root:pop fitness: 0.20513
INFO:root:elite fitness: 0.3461599999999999
INFO:root:Generation: 131
INFO:root:pop fitness: 0.18629
INFO:root:elite fitness: 0.34165999999999996
INFO:root:Generation: 146
INFO:root:pop fitness: 0.20301999999999995
INFO:root:elite fitness: 0.3318
INFO:root:Generation: 132
INFO:root:pop fitness: 0.19770000000000004
INFO:root:elite fitness: 0.36967999999999995
INFO:root:Generation: 147
INFO:root:pop fitness: 0.1948
INFO:root:elite fitness: 0.34299999999999997
INFO:root:Generation: 148
INFO:root:pop fitness: 0.19219999999999995
INFO:root:elite fitness: 0.3439400000000001
INFO:root:Generation: 133
INFO:root:pop fitness: 0.19724
INFO:root:elite fitness: 0.34214
INFO:root:Generation: 149
INFO:root:pop fitness: 0.19765
INFO:root:elite fitness: 0.32006
INFO:root:Generation: 134
INFO:root:pop fitness: 0.169
INFO:root:elite fitness: 0.29694
INFO:root:Generation: 150
INFO:root:pop fitness: 0.19211999999999999
INFO:root:elite fitness: 0.3265600000000001
INFO:root:Generation: 135
INFO:root:pop fitness: 0.17950000000000002
INFO:root:elite fitness: 0.31166
INFO:root:Generation: 151
INFO:root:pop fitness: 0.19508000000000003
INFO:root:elite fitness: 0.35275999999999996
INFO:root:Generation: 136
INFO:root:pop fitness: 0.18997
INFO:root:elite fitness: 0.33220000000000005
INFO:root:Generation: 152
INFO:root:pop fitness: 0.18917999999999996
INFO:root:elite fitness: 0.36356
INFO:root:Generation: 137
INFO:root:pop fitness: 0.19212000000000007
INFO:root:elite fitness: 0.34881999999999996
INFO:root:Generation: 153
INFO:root:pop fitness: 0.19161
INFO:root:elite fitness: 0.34594
INFO:root:Generation: 138
INFO:root:pop fitness: 0.17589000000000002
INFO:root:elite fitness: 0.30621999999999994
INFO:root:Generation: 154
INFO:root:pop fitness: 0.19518000000000002
INFO:root:elite fitness: 0.34362000000000004
INFO:root:Generation: 139
INFO:root:pop fitness: 0.19116000000000002
INFO:root:elite fitness: 0.33696
INFO:root:Generation: 155
INFO:root:pop fitness: 0.18931
INFO:root:elite fitness: 0.35444000000000003
INFO:root:Generation: 140
INFO:root:pop fitness: 0.19186000000000003
INFO:root:elite fitness: 0.34653999999999996
INFO:root:Generation: 156
INFO:root:pop fitness: 0.18697
INFO:root:elite fitness: 0.33116
INFO:root:Generation: 141
INFO:root:pop fitness: 0.19407
INFO:root:elite fitness: 0.33629999999999993
INFO:root:Generation: 157
INFO:root:pop fitness: 0.18349000000000004
INFO:root:elite fitness: 0.34492000000000006
INFO:root:Generation: 142
INFO:root:pop fitness: 0.18779000000000004
INFO:root:elite fitness: 0.37085999999999997
INFO:root:Generation: 158
INFO:root:pop fitness: 0.18939
INFO:root:elite fitness: 0.34470000000000006
INFO:root:Generation: 159
INFO:root:pop fitness: 0.18950000000000003
INFO:root:elite fitness: 0.35342000000000007
INFO:root:Generation: 143
INFO:root:pop fitness: 0.19929000000000002
INFO:root:elite fitness: 0.35428
INFO:root:Generation: 144
INFO:root:pop fitness: 0.20233
INFO:root:elite fitness: 0.3704399999999999
INFO:root:Generation: 160
INFO:root:pop fitness: 0.18612000000000006
INFO:root:elite fitness: 0.35488
INFO:root:Generation: 145
INFO:root:pop fitness: 0.20906000000000005
INFO:root:elite fitness: 0.3796
INFO:root:Generation: 161
INFO:root:pop fitness: 0.19406999999999996
INFO:root:elite fitness: 0.36984
INFO:root:Generation: 146
INFO:root:pop fitness: 0.18869000000000002
INFO:root:elite fitness: 0.33774
INFO:root:Generation: 162
INFO:root:pop fitness: 0.18023
INFO:root:elite fitness: 0.32626000000000005
INFO:root:Generation: 147
INFO:root:pop fitness: 0.19874
INFO:root:elite fitness: 0.3435999999999999
INFO:root:Generation: 163
INFO:root:pop fitness: 0.18888
INFO:root:elite fitness: 0.31954000000000005
INFO:root:Generation: 148
INFO:root:pop fitness: 0.20781000000000005
INFO:root:elite fitness: 0.38006
INFO:root:Generation: 164
INFO:root:pop fitness: 0.18626000000000004
INFO:root:elite fitness: 0.3434199999999999
INFO:root:Generation: 149
INFO:root:pop fitness: 0.19188999999999998
INFO:root:elite fitness: 0.31584
INFO:root:Generation: 165
INFO:root:pop fitness: 0.16365
INFO:root:elite fitness: 0.31436000000000003
INFO:root:Generation: 150
INFO:root:pop fitness: 0.19128000000000006
INFO:root:elite fitness: 0.37279999999999996
INFO:root:Generation: 166
INFO:root:pop fitness: 0.18706
INFO:root:elite fitness: 0.36788
INFO:root:Generation: 151
INFO:root:pop fitness: 0.19092000000000003
INFO:root:elite fitness: 0.34919999999999995
INFO:root:Generation: 167
INFO:root:pop fitness: 0.18638
INFO:root:elite fitness: 0.34031999999999996
INFO:root:Generation: 152
INFO:root:pop fitness: 0.20252000000000003
INFO:root:elite fitness: 0.33242
INFO:root:Generation: 168
INFO:root:pop fitness: 0.18361
INFO:root:elite fitness: 0.3348400000000001
INFO:root:Generation: 153
INFO:root:pop fitness: 0.17806000000000005
INFO:root:elite fitness: 0.3053600000000001
INFO:root:Generation: 169
INFO:root:pop fitness: 0.18204999999999993
INFO:root:elite fitness: 0.32239999999999996
INFO:root:Generation: 154
INFO:root:pop fitness: 0.18435999999999997
INFO:root:elite fitness: 0.36139999999999994
INFO:root:Generation: 170
INFO:root:pop fitness: 0.19734
INFO:root:elite fitness: 0.34647999999999995
INFO:root:Generation: 155
INFO:root:pop fitness: 0.19038000000000005
INFO:root:elite fitness: 0.3290600000000001
INFO:root:Generation: 171
INFO:root:pop fitness: 0.18088000000000004
INFO:root:elite fitness: 0.31654000000000004
INFO:root:Generation: 156
INFO:root:pop fitness: 0.18469000000000002
INFO:root:elite fitness: 0.33366
INFO:root:Generation: 172
INFO:root:pop fitness: 0.18157
INFO:root:elite fitness: 0.31806
INFO:root:Generation: 157
INFO:root:pop fitness: 0.18863000000000002
INFO:root:elite fitness: 0.34021999999999997
INFO:root:Generation: 173
INFO:root:pop fitness: 0.18412000000000003
INFO:root:elite fitness: 0.31614
INFO:root:Generation: 158
INFO:root:pop fitness: 0.18034
INFO:root:elite fitness: 0.31642
INFO:root:Generation: 174
INFO:root:pop fitness: 0.19001
INFO:root:elite fitness: 0.3365000000000001
INFO:root:Generation: 159
INFO:root:pop fitness: 0.18941999999999998
INFO:root:elite fitness: 0.33096
INFO:root:Generation: 175
INFO:root:pop fitness: 0.19096999999999997
INFO:root:elite fitness: 0.33796
INFO:root:Generation: 160
INFO:root:pop fitness: 0.17359
INFO:root:elite fitness: 0.30132000000000003
INFO:root:Generation: 176
INFO:root:pop fitness: 0.1777
INFO:root:elite fitness: 0.35688000000000003
INFO:root:Generation: 161
INFO:root:pop fitness: 0.17998000000000006
INFO:root:elite fitness: 0.33901999999999993
INFO:root:Generation: 177
INFO:root:pop fitness: 0.17397
INFO:root:elite fitness: 0.33832000000000007
INFO:root:Generation: 162
INFO:root:pop fitness: 0.1864
INFO:root:elite fitness: 0.32144
INFO:root:Generation: 178
INFO:root:pop fitness: 0.18819000000000002
INFO:root:elite fitness: 0.34278
INFO:root:Generation: 163
INFO:root:pop fitness: 0.17548000000000002
INFO:root:elite fitness: 0.28263999999999995
INFO:root:Generation: 179
INFO:root:pop fitness: 0.18003999999999998
INFO:root:elite fitness: 0.31078
INFO:root:Generation: 164
INFO:root:pop fitness: 0.19491000000000003
INFO:root:elite fitness: 0.3525999999999999
INFO:root:Generation: 180
INFO:root:pop fitness: 0.18861
INFO:root:elite fitness: 0.33531999999999995
INFO:root:Generation: 165
INFO:root:pop fitness: 0.16869000000000003
INFO:root:elite fitness: 0.30534
INFO:root:Generation: 181
INFO:root:pop fitness: 0.17698
INFO:root:elite fitness: 0.30144
INFO:root:Generation: 166
INFO:root:pop fitness: 0.18070000000000003
INFO:root:elite fitness: 0.30345999999999995
INFO:root:Generation: 182
INFO:root:pop fitness: 0.19543999999999997
INFO:root:elite fitness: 0.379
INFO:root:Generation: 167
INFO:root:pop fitness: 0.16270999999999997
INFO:root:elite fitness: 0.27768
INFO:root:Generation: 183
INFO:root:pop fitness: 0.20092999999999997
INFO:root:elite fitness: 0.34995999999999994
INFO:root:Generation: 168
INFO:root:pop fitness: 0.17839000000000005
INFO:root:elite fitness: 0.31288
INFO:root:Generation: 184
INFO:root:pop fitness: 0.20017000000000004
INFO:root:elite fitness: 0.3628
INFO:root:Generation: 169
INFO:root:pop fitness: 0.20113
INFO:root:elite fitness: 0.3681399999999999
INFO:root:Generation: 185
INFO:root:pop fitness: 0.19328000000000004
INFO:root:elite fitness: 0.3545
INFO:root:Generation: 170
INFO:root:pop fitness: 0.19479000000000007
INFO:root:elite fitness: 0.35710000000000003
INFO:root:Generation: 186
INFO:root:pop fitness: 0.19347000000000006
INFO:root:elite fitness: 0.34792
INFO:root:Generation: 171
INFO:root:pop fitness: 0.20273
INFO:root:elite fitness: 0.359
INFO:root:Generation: 187
INFO:root:pop fitness: 0.20412000000000002
INFO:root:elite fitness: 0.3596399999999999
INFO:root:Generation: 172
INFO:root:pop fitness: 0.1776300000000001
INFO:root:elite fitness: 0.30306
INFO:root:Generation: 188
INFO:root:pop fitness: 0.18616
INFO:root:elite fitness: 0.3303400000000001
INFO:root:Generation: 173
INFO:root:pop fitness: 0.19014
INFO:root:elite fitness: 0.33403999999999995
INFO:root:Generation: 189
INFO:root:pop fitness: 0.20285999999999998
INFO:root:elite fitness: 0.35452
INFO:root:Generation: 190
INFO:root:pop fitness: 0.19000999999999993
INFO:root:elite fitness: 0.33686
INFO:root:Generation: 174
INFO:root:pop fitness: 0.18271000000000004
INFO:root:elite fitness: 0.31728
INFO:root:Generation: 191
INFO:root:pop fitness: 0.19057
INFO:root:elite fitness: 0.35402000000000006
INFO:root:Generation: 175
INFO:root:pop fitness: 0.18712
INFO:root:elite fitness: 0.31546
INFO:root:Generation: 192
INFO:root:pop fitness: 0.20472
INFO:root:elite fitness: 0.34506
INFO:root:Generation: 176
INFO:root:pop fitness: 0.16931000000000004
INFO:root:elite fitness: 0.33169999999999994
INFO:root:Generation: 193
INFO:root:pop fitness: 0.20662
INFO:root:elite fitness: 0.3631599999999999
INFO:root:Generation: 177
INFO:root:pop fitness: 0.17623999999999998
INFO:root:elite fitness: 0.3273
INFO:root:Generation: 194
INFO:root:pop fitness: 0.18129
INFO:root:elite fitness: 0.3386799999999999
INFO:root:Generation: 178
INFO:root:pop fitness: 0.20531000000000002
INFO:root:elite fitness: 0.34980000000000006
INFO:root:Generation: 195
INFO:root:pop fitness: 0.20302000000000003
INFO:root:elite fitness: 0.36612
INFO:root:Generation: 179
INFO:root:pop fitness: 0.19094000000000005
INFO:root:elite fitness: 0.35174
INFO:root:Generation: 196
INFO:root:pop fitness: 0.18793000000000007
INFO:root:elite fitness: 0.34446
INFO:root:Generation: 180
INFO:root:pop fitness: 0.19154000000000007
INFO:root:elite fitness: 0.34554
INFO:root:Generation: 197
INFO:root:pop fitness: 0.18306
INFO:root:elite fitness: 0.30564
INFO:root:Generation: 198
INFO:root:pop fitness: 0.18400000000000002
INFO:root:elite fitness: 0.34492000000000006
INFO:root:Generation: 181
INFO:root:pop fitness: 0.20675000000000004
INFO:root:elite fitness: 0.37512
INFO:root:Generation: 199
INFO:root:pop fitness: 0.17511
INFO:root:elite fitness: 0.31704
INFO:root:Generation: 182
INFO:root:pop fitness: 0.18769000000000002
INFO:root:elite fitness: 0.3357
INFO:root:Generation: 183
INFO:root:pop fitness: 0.19247000000000003
INFO:root:elite fitness: 0.32796
INFO:root:Generation: 184
INFO:root:pop fitness: 0.20171000000000003
INFO:root:elite fitness: 0.35032
INFO:root:Generation: 185
INFO:root:pop fitness: 0.20159
INFO:root:elite fitness: 0.3574399999999999
INFO:root:Generation: 186
INFO:root:pop fitness: 0.20039000000000004
INFO:root:elite fitness: 0.36066000000000004
INFO:root:Generation: 187
INFO:root:pop fitness: 0.20303000000000002
INFO:root:elite fitness: 0.34524
INFO:root:Generation: 188
INFO:root:pop fitness: 0.18775000000000003
INFO:root:elite fitness: 0.32704
INFO:root:Generation: 189
INFO:root:pop fitness: 0.20081000000000004
INFO:root:elite fitness: 0.36284
INFO:root:Generation: 190
INFO:root:pop fitness: 0.21531000000000003
INFO:root:elite fitness: 0.37355999999999995
INFO:root:Generation: 191
INFO:root:pop fitness: 0.20819
INFO:root:elite fitness: 0.33574
INFO:root:Generation: 192
INFO:root:pop fitness: 0.19481999999999997
INFO:root:elite fitness: 0.33668
INFO:root:Generation: 193
INFO:root:pop fitness: 0.20000000000000004
INFO:root:elite fitness: 0.3638600000000001
INFO:root:Generation: 194
INFO:root:pop fitness: 0.20961000000000005
INFO:root:elite fitness: 0.34976
INFO:root:Generation: 195
INFO:root:pop fitness: 0.18822000000000005
INFO:root:elite fitness: 0.3301
INFO:root:Generation: 196
INFO:root:pop fitness: 0.19702000000000006
INFO:root:elite fitness: 0.3390599999999999
INFO:root:Generation: 197
INFO:root:pop fitness: 0.19121999999999997
INFO:root:elite fitness: 0.31722
INFO:root:Generation: 198
INFO:root:pop fitness: 0.19343
INFO:root:elite fitness: 0.33968000000000004
INFO:root:Generation: 199
INFO:root:pop fitness: 0.17820000000000003
INFO:root:elite fitness: 0.2932
