INFO:root:run_master: Namespace(arms='10', hidden='32', layers='3', max_gen='200', message='', mutation_mag='0.01', name='resetEnv50_v1', noise=False, pop_size='50', save_result=True, trials='100')
INFO:root:run_master: Namespace(arms='10', hidden='32', layers='3', max_gen='200', message='', mutation_mag='0.01', name='resetEnv50_v1', noise=True, pop_size='50', save_result=True, trials='100')
INFO:root:Generation: 0
INFO:root:pop fitness: 0.09658000000000001
INFO:root:elite fitness: 0.10827999999999999
INFO:root:Generation: 0
INFO:root:pop fitness: 0.09814
INFO:root:elite fitness: 0.10784
INFO:root:Generation: 1
INFO:root:pop fitness: 0.09745999999999999
INFO:root:elite fitness: 0.1144
INFO:root:Generation: 1
INFO:root:pop fitness: 0.09981999999999999
INFO:root:elite fitness: 0.11496
INFO:root:Generation: 2
INFO:root:pop fitness: 0.09936000000000002
INFO:root:elite fitness: 0.11556
INFO:root:Generation: 2
INFO:root:pop fitness: 0.10238000000000001
INFO:root:elite fitness: 0.13644
INFO:root:Generation: 3
INFO:root:pop fitness: 0.10460000000000001
INFO:root:elite fitness: 0.14868000000000003
INFO:root:Generation: 3
INFO:root:pop fitness: 0.10108
INFO:root:elite fitness: 0.13512000000000002
INFO:root:Generation: 4
INFO:root:pop fitness: 0.11606
INFO:root:elite fitness: 0.17235999999999996
INFO:root:Generation: 4
INFO:root:pop fitness: 0.10368000000000001
INFO:root:elite fitness: 0.13968000000000003
INFO:root:Generation: 5
INFO:root:pop fitness: 0.09451999999999999
INFO:root:elite fitness: 0.15316
INFO:root:Generation: 5
INFO:root:pop fitness: 0.10932000000000003
INFO:root:elite fitness: 0.15716
INFO:root:Generation: 6
INFO:root:pop fitness: 0.10088
INFO:root:elite fitness: 0.1618
INFO:root:Generation: 6
INFO:root:pop fitness: 0.10628
INFO:root:elite fitness: 0.16971999999999998
INFO:root:Generation: 7
INFO:root:pop fitness: 0.10663999999999998
INFO:root:elite fitness: 0.17584
INFO:root:Generation: 7
INFO:root:pop fitness: 0.11180000000000001
INFO:root:elite fitness: 0.17324
INFO:root:Generation: 8
INFO:root:pop fitness: 0.10026
INFO:root:elite fitness: 0.18996
INFO:root:Generation: 8
INFO:root:pop fitness: 0.09494
INFO:root:elite fitness: 0.17808000000000004
INFO:root:Generation: 9
INFO:root:pop fitness: 0.11628000000000002
INFO:root:elite fitness: 0.19267999999999996
INFO:root:Generation: 10
INFO:root:pop fitness: 0.12313999999999999
INFO:root:elite fitness: 0.19936
INFO:root:Generation: 9
INFO:root:pop fitness: 0.10372000000000002
INFO:root:elite fitness: 0.19132
INFO:root:Generation: 11
INFO:root:pop fitness: 0.11858
INFO:root:elite fitness: 0.18784000000000003
INFO:root:Generation: 10
INFO:root:pop fitness: 0.1332
INFO:root:elite fitness: 0.23552
INFO:root:Generation: 12
INFO:root:pop fitness: 0.12356
INFO:root:elite fitness: 0.2212
INFO:root:Generation: 11
INFO:root:pop fitness: 0.11542
INFO:root:elite fitness: 0.18276000000000003
INFO:root:Generation: 13
INFO:root:pop fitness: 0.09106
INFO:root:elite fitness: 0.16872
INFO:root:Generation: 12
INFO:root:pop fitness: 0.10803999999999998
INFO:root:elite fitness: 0.20872
INFO:root:Generation: 14
INFO:root:pop fitness: 0.1101
INFO:root:elite fitness: 0.1802
INFO:root:Generation: 13
INFO:root:pop fitness: 0.1042
INFO:root:elite fitness: 0.2086
INFO:root:Generation: 15
INFO:root:pop fitness: 0.10508
INFO:root:elite fitness: 0.19244000000000003
INFO:root:Generation: 14
INFO:root:pop fitness: 0.13114
INFO:root:elite fitness: 0.2328
INFO:root:Generation: 16
INFO:root:pop fitness: 0.13698
INFO:root:elite fitness: 0.26527999999999996
INFO:root:Generation: 15
INFO:root:pop fitness: 0.11428000000000002
INFO:root:elite fitness: 0.20947999999999997
INFO:root:Generation: 17
INFO:root:pop fitness: 0.09072000000000001
INFO:root:elite fitness: 0.18256
INFO:root:Generation: 16
INFO:root:pop fitness: 0.11537999999999998
INFO:root:elite fitness: 0.22052
INFO:root:Generation: 18
INFO:root:pop fitness: 0.10262
INFO:root:elite fitness: 0.21092000000000002
INFO:root:Generation: 17
INFO:root:pop fitness: 0.0981
INFO:root:elite fitness: 0.20515999999999998
INFO:root:Generation: 19
INFO:root:pop fitness: 0.12276
INFO:root:elite fitness: 0.24028000000000002
INFO:root:Generation: 18
INFO:root:pop fitness: 0.11194000000000001
INFO:root:elite fitness: 0.21927999999999997
INFO:root:Generation: 20
INFO:root:pop fitness: 0.09542
INFO:root:elite fitness: 0.19996000000000003
INFO:root:Generation: 19
INFO:root:pop fitness: 0.12489999999999998
INFO:root:elite fitness: 0.23068000000000002
INFO:root:Generation: 21
INFO:root:pop fitness: 0.12628000000000003
INFO:root:elite fitness: 0.24288000000000004
INFO:root:Generation: 20
INFO:root:pop fitness: 0.09722
INFO:root:elite fitness: 0.18316
INFO:root:Generation: 22
INFO:root:pop fitness: 0.11252
INFO:root:elite fitness: 0.25236
INFO:root:Generation: 21
INFO:root:pop fitness: 0.11072000000000001
INFO:root:elite fitness: 0.20976000000000003
INFO:root:Generation: 23
INFO:root:pop fitness: 0.11871999999999999
INFO:root:elite fitness: 0.23495999999999997
INFO:root:Generation: 24
INFO:root:pop fitness: 0.15534
INFO:root:elite fitness: 0.2334
INFO:root:Generation: 22
INFO:root:pop fitness: 0.11406000000000001
INFO:root:elite fitness: 0.20684000000000002
INFO:root:Generation: 25
INFO:root:pop fitness: 0.1576
INFO:root:elite fitness: 0.30104
INFO:root:Generation: 23
INFO:root:pop fitness: 0.12029999999999999
INFO:root:elite fitness: 0.23212000000000002
INFO:root:Generation: 26
INFO:root:pop fitness: 0.13012
INFO:root:elite fitness: 0.20383999999999997
INFO:root:Generation: 24
INFO:root:pop fitness: 0.12209999999999997
INFO:root:elite fitness: 0.21671999999999997
INFO:root:Generation: 27
INFO:root:pop fitness: 0.12818000000000002
INFO:root:elite fitness: 0.23368000000000003
INFO:root:Generation: 25
INFO:root:pop fitness: 0.11208
INFO:root:elite fitness: 0.21284000000000003
INFO:root:Generation: 28
INFO:root:pop fitness: 0.10256000000000003
INFO:root:elite fitness: 0.20704000000000003
INFO:root:Generation: 26
INFO:root:pop fitness: 0.10469999999999999
INFO:root:elite fitness: 0.2078
INFO:root:Generation: 29
INFO:root:pop fitness: 0.13374
INFO:root:elite fitness: 0.24631999999999998
INFO:root:Generation: 27
INFO:root:pop fitness: 0.10154
INFO:root:elite fitness: 0.23964
INFO:root:Generation: 30
INFO:root:pop fitness: 0.12768
INFO:root:elite fitness: 0.22104
INFO:root:Generation: 28
INFO:root:pop fitness: 0.12078000000000001
INFO:root:elite fitness: 0.225
INFO:root:Generation: 31
INFO:root:pop fitness: 0.14192
INFO:root:elite fitness: 0.27476
INFO:root:Generation: 29
INFO:root:pop fitness: 0.13815999999999998
INFO:root:elite fitness: 0.242
INFO:root:Generation: 32
INFO:root:pop fitness: 0.1276
INFO:root:elite fitness: 0.23376000000000002
INFO:root:Generation: 30
INFO:root:pop fitness: 0.12328000000000001
INFO:root:elite fitness: 0.23887999999999998
INFO:root:Generation: 33
INFO:root:pop fitness: 0.14724
INFO:root:elite fitness: 0.27191999999999994
INFO:root:Generation: 31
INFO:root:pop fitness: 0.11376
INFO:root:elite fitness: 0.1934
INFO:root:Generation: 34
INFO:root:pop fitness: 0.1479
INFO:root:elite fitness: 0.27528
INFO:root:Generation: 35
INFO:root:pop fitness: 0.14875999999999998
INFO:root:elite fitness: 0.28936
INFO:root:Generation: 32
INFO:root:pop fitness: 0.10536
INFO:root:elite fitness: 0.21668000000000004
INFO:root:Generation: 36
INFO:root:pop fitness: 0.11004
INFO:root:elite fitness: 0.19868000000000002
INFO:root:Generation: 33
INFO:root:pop fitness: 0.12058000000000002
INFO:root:elite fitness: 0.25656
INFO:root:Generation: 37
INFO:root:pop fitness: 0.15106000000000003
INFO:root:elite fitness: 0.28368
INFO:root:Generation: 34
INFO:root:pop fitness: 0.13396
INFO:root:elite fitness: 0.24600000000000002
INFO:root:Generation: 38
INFO:root:pop fitness: 0.12140000000000001
INFO:root:elite fitness: 0.24176000000000003
INFO:root:Generation: 35
INFO:root:pop fitness: 0.12624000000000002
INFO:root:elite fitness: 0.26111999999999996
INFO:root:Generation: 39
INFO:root:pop fitness: 0.09539999999999998
INFO:root:elite fitness: 0.19576000000000002
INFO:root:Generation: 36
INFO:root:pop fitness: 0.1517
INFO:root:elite fitness: 0.27964
INFO:root:Generation: 40
INFO:root:pop fitness: 0.1338
INFO:root:elite fitness: 0.24324
INFO:root:Generation: 37
INFO:root:pop fitness: 0.14318
INFO:root:elite fitness: 0.25823999999999997
INFO:root:Generation: 41
INFO:root:pop fitness: 0.12721999999999997
INFO:root:elite fitness: 0.25392
INFO:root:Generation: 38
INFO:root:pop fitness: 0.12453999999999998
INFO:root:elite fitness: 0.25724
INFO:root:Generation: 42
INFO:root:pop fitness: 0.13066
INFO:root:elite fitness: 0.26780000000000004
INFO:root:Generation: 39
INFO:root:pop fitness: 0.10490000000000001
INFO:root:elite fitness: 0.20232000000000003
INFO:root:Generation: 43
INFO:root:pop fitness: 0.14418
INFO:root:elite fitness: 0.29560000000000003
INFO:root:Generation: 40
INFO:root:pop fitness: 0.13138000000000002
INFO:root:elite fitness: 0.2674
INFO:root:Generation: 44
INFO:root:pop fitness: 0.12005999999999999
INFO:root:elite fitness: 0.24308
INFO:root:Generation: 41
INFO:root:pop fitness: 0.10654
INFO:root:elite fitness: 0.20503999999999997
INFO:root:Generation: 45
INFO:root:pop fitness: 0.10808000000000001
INFO:root:elite fitness: 0.21316000000000002
INFO:root:Generation: 46
INFO:root:pop fitness: 0.16664
INFO:root:elite fitness: 0.30376
INFO:root:Generation: 42
INFO:root:pop fitness: 0.124
INFO:root:elite fitness: 0.23143999999999998
INFO:root:Generation: 47
INFO:root:pop fitness: 0.14762
INFO:root:elite fitness: 0.27868000000000004
INFO:root:Generation: 43
INFO:root:pop fitness: 0.12636
INFO:root:elite fitness: 0.22116
INFO:root:Generation: 48
INFO:root:pop fitness: 0.12627999999999998
INFO:root:elite fitness: 0.23232
INFO:root:Generation: 44
INFO:root:pop fitness: 0.14154
INFO:root:elite fitness: 0.24971999999999997
INFO:root:Generation: 49
INFO:root:pop fitness: 0.13582000000000002
INFO:root:elite fitness: 0.25420000000000004
INFO:root:Generation: 45
INFO:root:pop fitness: 0.12802
INFO:root:elite fitness: 0.275
INFO:root:Generation: 50
INFO:root:pop fitness: 0.13802
INFO:root:elite fitness: 0.28431999999999996
INFO:root:Generation: 46
INFO:root:pop fitness: 0.15167999999999998
INFO:root:elite fitness: 0.27271999999999996
INFO:root:Generation: 51
INFO:root:pop fitness: 0.13492
INFO:root:elite fitness: 0.29204
INFO:root:Generation: 47
INFO:root:pop fitness: 0.1238
INFO:root:elite fitness: 0.2198
INFO:root:Generation: 52
INFO:root:pop fitness: 0.13663999999999998
INFO:root:elite fitness: 0.28268
INFO:root:Generation: 48
INFO:root:pop fitness: 0.13478
INFO:root:elite fitness: 0.2638
INFO:root:Generation: 53
INFO:root:pop fitness: 0.11854
INFO:root:elite fitness: 0.21575999999999998
INFO:root:Generation: 49
INFO:root:pop fitness: 0.13368
INFO:root:elite fitness: 0.28884
INFO:root:Generation: 54
INFO:root:pop fitness: 0.13231999999999997
INFO:root:elite fitness: 0.28244
INFO:root:Generation: 50
INFO:root:pop fitness: 0.13338
INFO:root:elite fitness: 0.22928000000000004
INFO:root:Generation: 55
INFO:root:pop fitness: 0.13774
INFO:root:elite fitness: 0.2452
INFO:root:Generation: 51
INFO:root:pop fitness: 0.13724
INFO:root:elite fitness: 0.24911999999999998
INFO:root:Generation: 56
INFO:root:pop fitness: 0.12346
INFO:root:elite fitness: 0.25972
INFO:root:Generation: 57
INFO:root:pop fitness: 0.14679999999999999
INFO:root:elite fitness: 0.26360000000000006
INFO:root:Generation: 52
INFO:root:pop fitness: 0.12495999999999999
INFO:root:elite fitness: 0.23803999999999997
INFO:root:Generation: 58
INFO:root:pop fitness: 0.14304
INFO:root:elite fitness: 0.25204000000000004
INFO:root:Generation: 53
INFO:root:pop fitness: 0.13763999999999998
INFO:root:elite fitness: 0.27244
INFO:root:Generation: 59
INFO:root:pop fitness: 0.13248
INFO:root:elite fitness: 0.28675999999999996
INFO:root:Generation: 54
INFO:root:pop fitness: 0.12679999999999997
INFO:root:elite fitness: 0.26508
INFO:root:Generation: 60
INFO:root:pop fitness: 0.15259999999999999
INFO:root:elite fitness: 0.26936
INFO:root:Generation: 55
INFO:root:pop fitness: 0.11029999999999998
INFO:root:elite fitness: 0.22455999999999998
INFO:root:Generation: 61
INFO:root:pop fitness: 0.139
INFO:root:elite fitness: 0.28664
INFO:root:Generation: 56
INFO:root:pop fitness: 0.142
INFO:root:elite fitness: 0.29848
INFO:root:Generation: 62
INFO:root:pop fitness: 0.16892
INFO:root:elite fitness: 0.27111999999999997
INFO:root:Generation: 57
INFO:root:pop fitness: 0.16238000000000002
INFO:root:elite fitness: 0.3282
INFO:root:Generation: 63
INFO:root:pop fitness: 0.14858000000000002
INFO:root:elite fitness: 0.26044
INFO:root:Generation: 58
INFO:root:pop fitness: 0.1717
INFO:root:elite fitness: 0.3378
INFO:root:Generation: 64
INFO:root:pop fitness: 0.14524000000000004
INFO:root:elite fitness: 0.26471999999999996
INFO:root:Generation: 59
INFO:root:pop fitness: 0.1503
INFO:root:elite fitness: 0.28244
INFO:root:Generation: 65
INFO:root:pop fitness: 0.1249
INFO:root:elite fitness: 0.23448
INFO:root:Generation: 60
INFO:root:pop fitness: 0.16591999999999998
INFO:root:elite fitness: 0.26968
INFO:root:Generation: 66
INFO:root:pop fitness: 0.15481999999999999
INFO:root:elite fitness: 0.25795999999999997
INFO:root:Generation: 61
INFO:root:pop fitness: 0.15382
INFO:root:elite fitness: 0.27143999999999996
INFO:root:Generation: 67
INFO:root:pop fitness: 0.15674
INFO:root:elite fitness: 0.25768
INFO:root:Generation: 62
INFO:root:pop fitness: 0.15847999999999998
INFO:root:elite fitness: 0.31095999999999996
INFO:root:Generation: 68
INFO:root:pop fitness: 0.14884
INFO:root:elite fitness: 0.26976
INFO:root:Generation: 63
INFO:root:pop fitness: 0.16172
INFO:root:elite fitness: 0.31064
INFO:root:Generation: 69
INFO:root:pop fitness: 0.13126000000000002
INFO:root:elite fitness: 0.21760000000000002
INFO:root:Generation: 70
INFO:root:pop fitness: 0.14555999999999997
INFO:root:elite fitness: 0.29868
INFO:root:Generation: 64
INFO:root:pop fitness: 0.16434
INFO:root:elite fitness: 0.2931600000000001
INFO:root:Generation: 71
INFO:root:pop fitness: 0.15972
INFO:root:elite fitness: 0.26324000000000003
INFO:root:Generation: 65
INFO:root:pop fitness: 0.15518
INFO:root:elite fitness: 0.25696
INFO:root:Generation: 72
INFO:root:pop fitness: 0.14187999999999998
INFO:root:elite fitness: 0.31335999999999997
INFO:root:Generation: 66
INFO:root:pop fitness: 0.17402000000000004
INFO:root:elite fitness: 0.31988
INFO:root:Generation: 73
INFO:root:pop fitness: 0.16820000000000002
INFO:root:elite fitness: 0.311
INFO:root:Generation: 67
INFO:root:pop fitness: 0.13946
INFO:root:elite fitness: 0.26676
INFO:root:Generation: 74
INFO:root:pop fitness: 0.14838
INFO:root:elite fitness: 0.26256
INFO:root:Generation: 68
INFO:root:pop fitness: 0.1528
INFO:root:elite fitness: 0.23895999999999998
INFO:root:Generation: 75
INFO:root:pop fitness: 0.142
INFO:root:elite fitness: 0.26848
INFO:root:Generation: 69
INFO:root:pop fitness: 0.13828
INFO:root:elite fitness: 0.22707999999999998
INFO:root:Generation: 76
INFO:root:pop fitness: 0.13896
INFO:root:elite fitness: 0.30312
INFO:root:Generation: 70
INFO:root:pop fitness: 0.17638
INFO:root:elite fitness: 0.25224
INFO:root:Generation: 77
INFO:root:pop fitness: 0.14244
INFO:root:elite fitness: 0.28308
INFO:root:Generation: 71
INFO:root:pop fitness: 0.16616000000000003
INFO:root:elite fitness: 0.27544
INFO:root:Generation: 78
INFO:root:pop fitness: 0.14188
INFO:root:elite fitness: 0.25076
INFO:root:Generation: 72
INFO:root:pop fitness: 0.14543999999999999
INFO:root:elite fitness: 0.26576
INFO:root:Generation: 79
INFO:root:pop fitness: 0.15462
INFO:root:elite fitness: 0.30468
INFO:root:Generation: 73
INFO:root:pop fitness: 0.19924
INFO:root:elite fitness: 0.33160000000000006
INFO:root:Generation: 80
INFO:root:pop fitness: 0.14802
INFO:root:elite fitness: 0.29963999999999996
INFO:root:Generation: 81
INFO:root:pop fitness: 0.15422
INFO:root:elite fitness: 0.23088
INFO:root:Generation: 74
INFO:root:pop fitness: 0.15214
INFO:root:elite fitness: 0.27284
INFO:root:Generation: 82
INFO:root:pop fitness: 0.15138000000000001
INFO:root:elite fitness: 0.29224
INFO:root:Generation: 75
INFO:root:pop fitness: 0.1748
INFO:root:elite fitness: 0.29772
INFO:root:Generation: 83
INFO:root:pop fitness: 0.11984000000000002
INFO:root:elite fitness: 0.25007999999999997
INFO:root:Generation: 76
INFO:root:pop fitness: 0.17176000000000002
INFO:root:elite fitness: 0.31256
INFO:root:Generation: 84
INFO:root:pop fitness: 0.16716
INFO:root:elite fitness: 0.30268
INFO:root:Generation: 77
INFO:root:pop fitness: 0.14892
INFO:root:elite fitness: 0.27087999999999995
INFO:root:Generation: 85
INFO:root:pop fitness: 0.19021999999999997
INFO:root:elite fitness: 0.30707999999999996
INFO:root:Generation: 78
INFO:root:pop fitness: 0.15134
INFO:root:elite fitness: 0.27244
INFO:root:Generation: 86
INFO:root:pop fitness: 0.18381999999999998
INFO:root:elite fitness: 0.39312
INFO:root:Generation: 79
INFO:root:pop fitness: 0.13826
INFO:root:elite fitness: 0.2504
INFO:root:Generation: 87
INFO:root:pop fitness: 0.17308
INFO:root:elite fitness: 0.30219999999999997
INFO:root:Generation: 80
INFO:root:pop fitness: 0.16074
INFO:root:elite fitness: 0.25716
INFO:root:Generation: 88
INFO:root:pop fitness: 0.1678
INFO:root:elite fitness: 0.29444000000000004
INFO:root:Generation: 81
INFO:root:pop fitness: 0.1533
INFO:root:elite fitness: 0.2542
INFO:root:Generation: 89
INFO:root:pop fitness: 0.18578
INFO:root:elite fitness: 0.33128
INFO:root:Generation: 82
INFO:root:pop fitness: 0.16546
INFO:root:elite fitness: 0.276
INFO:root:Generation: 90
INFO:root:pop fitness: 0.15542
INFO:root:elite fitness: 0.31564
INFO:root:Generation: 83
INFO:root:pop fitness: 0.16588
INFO:root:elite fitness: 0.26644
INFO:root:Generation: 91
INFO:root:pop fitness: 0.12944
INFO:root:elite fitness: 0.24544
INFO:root:Generation: 84
INFO:root:pop fitness: 0.13606
INFO:root:elite fitness: 0.25828
INFO:root:Generation: 92
INFO:root:pop fitness: 0.15358
INFO:root:elite fitness: 0.32732
INFO:root:Generation: 85
INFO:root:pop fitness: 0.16951999999999998
INFO:root:elite fitness: 0.35636
INFO:root:Generation: 93
INFO:root:pop fitness: 0.15366
INFO:root:elite fitness: 0.27332
INFO:root:Generation: 94
INFO:root:pop fitness: 0.14646
INFO:root:elite fitness: 0.29796
INFO:root:Generation: 86
INFO:root:pop fitness: 0.163
INFO:root:elite fitness: 0.30624
INFO:root:Generation: 95
INFO:root:pop fitness: 0.13712
INFO:root:elite fitness: 0.26176
INFO:root:Generation: 87
INFO:root:pop fitness: 0.17035999999999998
INFO:root:elite fitness: 0.32195999999999997
INFO:root:Generation: 96
INFO:root:pop fitness: 0.15810000000000002
INFO:root:elite fitness: 0.28556
INFO:root:Generation: 88
INFO:root:pop fitness: 0.17152
INFO:root:elite fitness: 0.25968
INFO:root:Generation: 97
INFO:root:pop fitness: 0.17244
INFO:root:elite fitness: 0.30663999999999997
INFO:root:Generation: 89
INFO:root:pop fitness: 0.16599999999999998
INFO:root:elite fitness: 0.30972
INFO:root:Generation: 98
INFO:root:pop fitness: 0.17958000000000002
INFO:root:elite fitness: 0.32827999999999996
INFO:root:Generation: 90
INFO:root:pop fitness: 0.15436
INFO:root:elite fitness: 0.30519999999999997
INFO:root:Generation: 99
INFO:root:pop fitness: 0.15324000000000002
INFO:root:elite fitness: 0.29644
INFO:root:Generation: 91
INFO:root:pop fitness: 0.14708
INFO:root:elite fitness: 0.25272
INFO:root:Generation: 100
INFO:root:pop fitness: 0.16024000000000002
INFO:root:elite fitness: 0.28288
INFO:root:Generation: 92
INFO:root:pop fitness: 0.15380000000000002
INFO:root:elite fitness: 0.28644000000000003
INFO:root:Generation: 101
INFO:root:pop fitness: 0.18772
INFO:root:elite fitness: 0.30864
INFO:root:Generation: 93
INFO:root:pop fitness: 0.14861999999999997
INFO:root:elite fitness: 0.23504000000000003
INFO:root:Generation: 102
INFO:root:pop fitness: 0.13812000000000002
INFO:root:elite fitness: 0.23956
INFO:root:Generation: 94
INFO:root:pop fitness: 0.12292000000000002
INFO:root:elite fitness: 0.21692000000000003
INFO:root:Generation: 103
INFO:root:pop fitness: 0.15306
INFO:root:elite fitness: 0.24176000000000003
INFO:root:Generation: 95
INFO:root:pop fitness: 0.16612
INFO:root:elite fitness: 0.3132
INFO:root:Generation: 104
INFO:root:pop fitness: 0.12826
INFO:root:elite fitness: 0.22203999999999996
INFO:root:Generation: 105
INFO:root:pop fitness: 0.16442
INFO:root:elite fitness: 0.30979999999999996
INFO:root:Generation: 96
INFO:root:pop fitness: 0.14242
INFO:root:elite fitness: 0.27244
INFO:root:Generation: 106
INFO:root:pop fitness: 0.17207999999999998
INFO:root:elite fitness: 0.32512
INFO:root:Generation: 97
INFO:root:pop fitness: 0.14317999999999997
INFO:root:elite fitness: 0.29979999999999996
INFO:root:Generation: 107
INFO:root:pop fitness: 0.12796000000000002
INFO:root:elite fitness: 0.25412
INFO:root:Generation: 98
INFO:root:pop fitness: 0.17892000000000002
INFO:root:elite fitness: 0.35007999999999995
INFO:root:Generation: 108
INFO:root:pop fitness: 0.17781999999999998
INFO:root:elite fitness: 0.316
INFO:root:Generation: 99
INFO:root:pop fitness: 0.15011999999999998
INFO:root:elite fitness: 0.26528
INFO:root:Generation: 109
INFO:root:pop fitness: 0.14343999999999998
INFO:root:elite fitness: 0.26028
INFO:root:Generation: 100
INFO:root:pop fitness: 0.1459
INFO:root:elite fitness: 0.26872
INFO:root:Generation: 110
INFO:root:pop fitness: 0.17143999999999998
INFO:root:elite fitness: 0.32484
INFO:root:Generation: 101
INFO:root:pop fitness: 0.14479999999999998
INFO:root:elite fitness: 0.26776
INFO:root:Generation: 111
INFO:root:pop fitness: 0.15846
INFO:root:elite fitness: 0.29140000000000005
INFO:root:Generation: 102
INFO:root:pop fitness: 0.15274
INFO:root:elite fitness: 0.25188000000000005
INFO:root:Generation: 112
INFO:root:pop fitness: 0.15694
INFO:root:elite fitness: 0.31972
INFO:root:Generation: 103
INFO:root:pop fitness: 0.16584
INFO:root:elite fitness: 0.30416
INFO:root:Generation: 113
INFO:root:pop fitness: 0.15406
INFO:root:elite fitness: 0.30476000000000003
INFO:root:Generation: 104
INFO:root:pop fitness: 0.15642
INFO:root:elite fitness: 0.28576
INFO:root:Generation: 114
INFO:root:pop fitness: 0.1476
INFO:root:elite fitness: 0.28976
INFO:root:Generation: 105
INFO:root:pop fitness: 0.14004000000000003
INFO:root:elite fitness: 0.24735999999999997
INFO:root:Generation: 115
INFO:root:pop fitness: 0.16068
INFO:root:elite fitness: 0.30512000000000006
INFO:root:Generation: 106
INFO:root:pop fitness: 0.12642
INFO:root:elite fitness: 0.28888
INFO:root:Generation: 116
INFO:root:pop fitness: 0.15542
INFO:root:elite fitness: 0.26239999999999997
INFO:root:Generation: 117
INFO:root:pop fitness: 0.1555
INFO:root:elite fitness: 0.28768
INFO:root:Generation: 107
INFO:root:pop fitness: 0.13078
INFO:root:elite fitness: 0.31232
INFO:root:Generation: 118
INFO:root:pop fitness: 0.15706
INFO:root:elite fitness: 0.27299999999999996
INFO:root:Generation: 108
INFO:root:pop fitness: 0.13689999999999997
INFO:root:elite fitness: 0.28216
INFO:root:Generation: 119
INFO:root:pop fitness: 0.16818000000000002
INFO:root:elite fitness: 0.2856
INFO:root:Generation: 109
INFO:root:pop fitness: 0.13888
INFO:root:elite fitness: 0.28712000000000004
INFO:root:Generation: 120
INFO:root:pop fitness: 0.13206
INFO:root:elite fitness: 0.26364
INFO:root:Generation: 110
INFO:root:pop fitness: 0.11721999999999999
INFO:root:elite fitness: 0.23944
INFO:root:Generation: 121
INFO:root:pop fitness: 0.13770000000000002
INFO:root:elite fitness: 0.28012
INFO:root:Generation: 111
INFO:root:pop fitness: 0.15630000000000002
INFO:root:elite fitness: 0.28484000000000004
INFO:root:Generation: 122
INFO:root:pop fitness: 0.18220000000000003
INFO:root:elite fitness: 0.2962
INFO:root:Generation: 112
INFO:root:pop fitness: 0.1325
INFO:root:elite fitness: 0.26348
INFO:root:Generation: 123
INFO:root:pop fitness: 0.1667
INFO:root:elite fitness: 0.30568
INFO:root:Generation: 113
INFO:root:pop fitness: 0.13812
INFO:root:elite fitness: 0.26424
INFO:root:Generation: 124
INFO:root:pop fitness: 0.195
INFO:root:elite fitness: 0.3396
INFO:root:Generation: 114
INFO:root:pop fitness: 0.11758
INFO:root:elite fitness: 0.25720000000000004
INFO:root:Generation: 125
INFO:root:pop fitness: 0.14730000000000001
INFO:root:elite fitness: 0.2702
INFO:root:Generation: 115
INFO:root:pop fitness: 0.12517999999999996
INFO:root:elite fitness: 0.23324
INFO:root:Generation: 126
INFO:root:pop fitness: 0.187
INFO:root:elite fitness: 0.34756
INFO:root:Generation: 116
INFO:root:pop fitness: 0.13015999999999997
INFO:root:elite fitness: 0.3031999999999999
INFO:root:Generation: 127
INFO:root:pop fitness: 0.1616
INFO:root:elite fitness: 0.27928
INFO:root:Generation: 117
INFO:root:pop fitness: 0.15678
INFO:root:elite fitness: 0.325
INFO:root:Generation: 128
INFO:root:pop fitness: 0.14379999999999998
INFO:root:elite fitness: 0.32764000000000004
INFO:root:Generation: 118
INFO:root:pop fitness: 0.1506
INFO:root:elite fitness: 0.28596
INFO:root:Generation: 129
INFO:root:pop fitness: 0.13224
INFO:root:elite fitness: 0.30924
INFO:root:Generation: 119
INFO:root:pop fitness: 0.11834
INFO:root:elite fitness: 0.25892
INFO:root:Generation: 130
INFO:root:pop fitness: 0.16587999999999997
INFO:root:elite fitness: 0.26528
INFO:root:Generation: 120
INFO:root:pop fitness: 0.15388000000000002
INFO:root:elite fitness: 0.30868
INFO:root:Generation: 131
INFO:root:pop fitness: 0.14692
INFO:root:elite fitness: 0.31016
INFO:root:Generation: 132
INFO:root:pop fitness: 0.16314
INFO:root:elite fitness: 0.30996
INFO:root:Generation: 121
INFO:root:pop fitness: 0.11752000000000001
INFO:root:elite fitness: 0.23392
INFO:root:Generation: 133
INFO:root:pop fitness: 0.14023999999999998
INFO:root:elite fitness: 0.26964
INFO:root:Generation: 122
INFO:root:pop fitness: 0.17262
INFO:root:elite fitness: 0.4008400000000001
INFO:root:Generation: 134
INFO:root:pop fitness: 0.14276
INFO:root:elite fitness: 0.26471999999999996
INFO:root:Generation: 123
INFO:root:pop fitness: 0.13684000000000002
INFO:root:elite fitness: 0.25279999999999997
INFO:root:Generation: 135
INFO:root:pop fitness: 0.14522
INFO:root:elite fitness: 0.29600000000000004
INFO:root:Generation: 124
INFO:root:pop fitness: 0.13392000000000004
INFO:root:elite fitness: 0.29568
INFO:root:Generation: 136
INFO:root:pop fitness: 0.14908
INFO:root:elite fitness: 0.26020000000000004
INFO:root:Generation: 125
INFO:root:pop fitness: 0.17271999999999998
INFO:root:elite fitness: 0.30756
INFO:root:Generation: 137
INFO:root:pop fitness: 0.14307999999999998
INFO:root:elite fitness: 0.27440000000000003
INFO:root:Generation: 126
INFO:root:pop fitness: 0.13128
INFO:root:elite fitness: 0.27004
INFO:root:Generation: 138
INFO:root:pop fitness: 0.15567999999999999
INFO:root:elite fitness: 0.30332000000000003
INFO:root:Generation: 127
INFO:root:pop fitness: 0.12892
INFO:root:elite fitness: 0.25384
INFO:root:Generation: 139
INFO:root:pop fitness: 0.15008000000000002
INFO:root:elite fitness: 0.27696000000000004
INFO:root:Generation: 128
INFO:root:pop fitness: 0.17996
INFO:root:elite fitness: 0.32728
INFO:root:Generation: 140
INFO:root:pop fitness: 0.13428
INFO:root:elite fitness: 0.213
INFO:root:Generation: 129
INFO:root:pop fitness: 0.15774
INFO:root:elite fitness: 0.29828
INFO:root:Generation: 141
INFO:root:pop fitness: 0.16722
INFO:root:elite fitness: 0.31448
INFO:root:Generation: 130
INFO:root:pop fitness: 0.18564
INFO:root:elite fitness: 0.28547999999999996
INFO:root:Generation: 142
INFO:root:pop fitness: 0.15438000000000002
INFO:root:elite fitness: 0.30223999999999995
INFO:root:Generation: 131
INFO:root:pop fitness: 0.13658
INFO:root:elite fitness: 0.27208
INFO:root:Generation: 143
INFO:root:pop fitness: 0.16527999999999998
INFO:root:elite fitness: 0.27208000000000004
INFO:root:Generation: 144
INFO:root:pop fitness: 0.17354000000000003
INFO:root:elite fitness: 0.30211999999999994
INFO:root:Generation: 132
INFO:root:pop fitness: 0.13868
INFO:root:elite fitness: 0.26016
INFO:root:Generation: 145
INFO:root:pop fitness: 0.16510000000000002
INFO:root:elite fitness: 0.27944
INFO:root:Generation: 133
INFO:root:pop fitness: 0.17073999999999998
INFO:root:elite fitness: 0.34528000000000003
INFO:root:Generation: 146
INFO:root:pop fitness: 0.18280000000000002
INFO:root:elite fitness: 0.32004
INFO:root:Generation: 134
INFO:root:pop fitness: 0.1576
INFO:root:elite fitness: 0.31192
INFO:root:Generation: 147
INFO:root:pop fitness: 0.17759999999999998
INFO:root:elite fitness: 0.31360000000000005
INFO:root:Generation: 135
INFO:root:pop fitness: 0.14108
INFO:root:elite fitness: 0.31072
INFO:root:Generation: 148
INFO:root:pop fitness: 0.17240000000000003
INFO:root:elite fitness: 0.29580000000000006
INFO:root:Generation: 136
INFO:root:pop fitness: 0.18328
INFO:root:elite fitness: 0.35644000000000003
INFO:root:Generation: 149
INFO:root:pop fitness: 0.15030000000000002
INFO:root:elite fitness: 0.289
INFO:root:Generation: 137
INFO:root:pop fitness: 0.1585
INFO:root:elite fitness: 0.30091999999999997
INFO:root:Generation: 150
INFO:root:pop fitness: 0.1888
INFO:root:elite fitness: 0.35239999999999994
INFO:root:Generation: 138
INFO:root:pop fitness: 0.14346
INFO:root:elite fitness: 0.2768
INFO:root:Generation: 151
INFO:root:pop fitness: 0.17234
INFO:root:elite fitness: 0.28196
INFO:root:Generation: 139
INFO:root:pop fitness: 0.16205999999999998
INFO:root:elite fitness: 0.30672
INFO:root:Generation: 152
INFO:root:pop fitness: 0.15702
INFO:root:elite fitness: 0.30207999999999996
INFO:root:Generation: 140
INFO:root:pop fitness: 0.12299999999999998
INFO:root:elite fitness: 0.24015999999999996
INFO:root:Generation: 153
INFO:root:pop fitness: 0.14792
INFO:root:elite fitness: 0.29003999999999996
INFO:root:Generation: 141
INFO:root:pop fitness: 0.16108
INFO:root:elite fitness: 0.31136
INFO:root:Generation: 154
INFO:root:pop fitness: 0.16176000000000001
INFO:root:elite fitness: 0.30904
INFO:root:Generation: 142
INFO:root:pop fitness: 0.1451
INFO:root:elite fitness: 0.31607999999999997
INFO:root:Generation: 155
INFO:root:pop fitness: 0.18213999999999994
INFO:root:elite fitness: 0.33288000000000006
INFO:root:Generation: 143
INFO:root:pop fitness: 0.15004
INFO:root:elite fitness: 0.29088
INFO:root:Generation: 156
INFO:root:pop fitness: 0.16122
INFO:root:elite fitness: 0.28980000000000006
INFO:root:Generation: 157
INFO:root:pop fitness: 0.17400000000000002
INFO:root:elite fitness: 0.31276
INFO:root:Generation: 144
INFO:root:pop fitness: 0.16720000000000002
INFO:root:elite fitness: 0.27536
INFO:root:Generation: 158
INFO:root:pop fitness: 0.18576
INFO:root:elite fitness: 0.3483200000000001
INFO:root:Generation: 145
INFO:root:pop fitness: 0.14082
INFO:root:elite fitness: 0.30432
INFO:root:Generation: 159
INFO:root:pop fitness: 0.14221999999999999
INFO:root:elite fitness: 0.27168
INFO:root:Generation: 146
INFO:root:pop fitness: 0.14386
INFO:root:elite fitness: 0.27612000000000003
INFO:root:Generation: 160
INFO:root:pop fitness: 0.16912
INFO:root:elite fitness: 0.33368000000000003
INFO:root:Generation: 147
INFO:root:pop fitness: 0.15884000000000004
INFO:root:elite fitness: 0.2594
INFO:root:Generation: 161
INFO:root:pop fitness: 0.15248
INFO:root:elite fitness: 0.28832
INFO:root:Generation: 148
INFO:root:pop fitness: 0.11942
INFO:root:elite fitness: 0.2886
INFO:root:Generation: 162
INFO:root:pop fitness: 0.16394000000000003
INFO:root:elite fitness: 0.29704
INFO:root:Generation: 149
INFO:root:pop fitness: 0.16527999999999998
INFO:root:elite fitness: 0.2832
INFO:root:Generation: 163
INFO:root:pop fitness: 0.1653
INFO:root:elite fitness: 0.33140000000000003
INFO:root:Generation: 150
INFO:root:pop fitness: 0.17656000000000002
INFO:root:elite fitness: 0.35503999999999997
INFO:root:Generation: 164
INFO:root:pop fitness: 0.15044000000000002
INFO:root:elite fitness: 0.32051999999999997
INFO:root:Generation: 151
INFO:root:pop fitness: 0.15066000000000002
INFO:root:elite fitness: 0.28236
INFO:root:Generation: 165
INFO:root:pop fitness: 0.17489999999999997
INFO:root:elite fitness: 0.32756
INFO:root:Generation: 152
INFO:root:pop fitness: 0.14651999999999998
INFO:root:elite fitness: 0.28312000000000004
INFO:root:Generation: 166
INFO:root:pop fitness: 0.1582
INFO:root:elite fitness: 0.28524
INFO:root:Generation: 167
INFO:root:pop fitness: 0.15413999999999997
INFO:root:elite fitness: 0.29236
INFO:root:Generation: 153
INFO:root:pop fitness: 0.13113999999999998
INFO:root:elite fitness: 0.2654
INFO:root:Generation: 168
INFO:root:pop fitness: 0.16292
INFO:root:elite fitness: 0.27316
INFO:root:Generation: 154
INFO:root:pop fitness: 0.1199
INFO:root:elite fitness: 0.23716
INFO:root:Generation: 169
INFO:root:pop fitness: 0.16899999999999998
INFO:root:elite fitness: 0.30732
INFO:root:Generation: 155
INFO:root:pop fitness: 0.1436
INFO:root:elite fitness: 0.25120000000000003
INFO:root:Generation: 170
INFO:root:pop fitness: 0.16244000000000003
INFO:root:elite fitness: 0.30236
INFO:root:Generation: 156
INFO:root:pop fitness: 0.1592
INFO:root:elite fitness: 0.34524
INFO:root:Generation: 171
INFO:root:pop fitness: 0.17314
INFO:root:elite fitness: 0.37704
INFO:root:Generation: 157
INFO:root:pop fitness: 0.15236
INFO:root:elite fitness: 0.25079999999999997
INFO:root:Generation: 172
INFO:root:pop fitness: 0.1592
INFO:root:elite fitness: 0.30064
INFO:root:Generation: 158
INFO:root:pop fitness: 0.14236000000000001
INFO:root:elite fitness: 0.24196
INFO:root:Generation: 173
INFO:root:pop fitness: 0.15465999999999996
INFO:root:elite fitness: 0.29664
INFO:root:Generation: 159
INFO:root:pop fitness: 0.1252
INFO:root:elite fitness: 0.2512
INFO:root:Generation: 174
INFO:root:pop fitness: 0.19754000000000002
INFO:root:elite fitness: 0.33555999999999997
INFO:root:Generation: 160
INFO:root:pop fitness: 0.15534
INFO:root:elite fitness: 0.31579999999999997
INFO:root:Generation: 175
INFO:root:pop fitness: 0.14931999999999998
INFO:root:elite fitness: 0.2554
INFO:root:Generation: 161
INFO:root:pop fitness: 0.16321999999999995
INFO:root:elite fitness: 0.31256
INFO:root:Generation: 176
INFO:root:pop fitness: 0.18292000000000003
INFO:root:elite fitness: 0.30936
INFO:root:Generation: 162
INFO:root:pop fitness: 0.13164
INFO:root:elite fitness: 0.29247999999999996
INFO:root:Generation: 177
INFO:root:pop fitness: 0.15975999999999999
INFO:root:elite fitness: 0.28308000000000005
INFO:root:Generation: 163
INFO:root:pop fitness: 0.1101
INFO:root:elite fitness: 0.22372
INFO:root:Generation: 178
INFO:root:pop fitness: 0.15172
INFO:root:elite fitness: 0.27124
INFO:root:Generation: 179
INFO:root:pop fitness: 0.17284
INFO:root:elite fitness: 0.29192
INFO:root:Generation: 164
INFO:root:pop fitness: 0.17495999999999998
INFO:root:elite fitness: 0.33976
INFO:root:Generation: 180
INFO:root:pop fitness: 0.13668000000000002
INFO:root:elite fitness: 0.27255999999999997
INFO:root:Generation: 165
INFO:root:pop fitness: 0.1524
INFO:root:elite fitness: 0.3391200000000001
INFO:root:Generation: 181
INFO:root:pop fitness: 0.14632
INFO:root:elite fitness: 0.24516
INFO:root:Generation: 166
INFO:root:pop fitness: 0.16760000000000003
INFO:root:elite fitness: 0.32732
INFO:root:Generation: 182
INFO:root:pop fitness: 0.16546
INFO:root:elite fitness: 0.28539999999999993
INFO:root:Generation: 167
INFO:root:pop fitness: 0.141
INFO:root:elite fitness: 0.3036
INFO:root:Generation: 183
INFO:root:pop fitness: 0.15518
INFO:root:elite fitness: 0.31307999999999997
INFO:root:Generation: 168
INFO:root:pop fitness: 0.19713999999999998
INFO:root:elite fitness: 0.37508
INFO:root:Generation: 184
INFO:root:pop fitness: 0.15314
INFO:root:elite fitness: 0.2974
INFO:root:Generation: 169
INFO:root:pop fitness: 0.18045999999999998
INFO:root:elite fitness: 0.31868
INFO:root:Generation: 185
INFO:root:pop fitness: 0.1585
INFO:root:elite fitness: 0.30124
INFO:root:Generation: 170
INFO:root:pop fitness: 0.1582
INFO:root:elite fitness: 0.28724000000000005
INFO:root:Generation: 186
INFO:root:pop fitness: 0.1454
INFO:root:elite fitness: 0.26604000000000005
INFO:root:Generation: 171
INFO:root:pop fitness: 0.18402000000000002
INFO:root:elite fitness: 0.3452400000000001
INFO:root:Generation: 187
INFO:root:pop fitness: 0.154
INFO:root:elite fitness: 0.27503999999999995
INFO:root:Generation: 172
INFO:root:pop fitness: 0.17238000000000003
INFO:root:elite fitness: 0.27412
INFO:root:Generation: 188
INFO:root:pop fitness: 0.15173999999999999
INFO:root:elite fitness: 0.30624
INFO:root:Generation: 189
INFO:root:pop fitness: 0.17560000000000003
INFO:root:elite fitness: 0.30323999999999995
INFO:root:Generation: 173
INFO:root:pop fitness: 0.14352
INFO:root:elite fitness: 0.29732
INFO:root:Generation: 190
INFO:root:pop fitness: 0.147
INFO:root:elite fitness: 0.27368000000000003
INFO:root:Generation: 174
INFO:root:pop fitness: 0.17687999999999998
INFO:root:elite fitness: 0.31688
INFO:root:Generation: 191
INFO:root:pop fitness: 0.1649
INFO:root:elite fitness: 0.30512
INFO:root:Generation: 175
INFO:root:pop fitness: 0.19189999999999993
INFO:root:elite fitness: 0.34131999999999996
INFO:root:Generation: 192
INFO:root:pop fitness: 0.15318
INFO:root:elite fitness: 0.32467999999999997
INFO:root:Generation: 176
INFO:root:pop fitness: 0.17528000000000002
INFO:root:elite fitness: 0.3042
INFO:root:Generation: 193
INFO:root:pop fitness: 0.16723999999999997
INFO:root:elite fitness: 0.2764
INFO:root:Generation: 177
INFO:root:pop fitness: 0.20164
INFO:root:elite fitness: 0.35356000000000004
INFO:root:Generation: 194
INFO:root:pop fitness: 0.17065999999999998
INFO:root:elite fitness: 0.37839999999999996
INFO:root:Generation: 178
INFO:root:pop fitness: 0.16338
INFO:root:elite fitness: 0.29396
INFO:root:Generation: 195
INFO:root:pop fitness: 0.1674
INFO:root:elite fitness: 0.29996
INFO:root:Generation: 179
INFO:root:pop fitness: 0.1906
INFO:root:elite fitness: 0.31272
INFO:root:Generation: 196
INFO:root:pop fitness: 0.13834
INFO:root:elite fitness: 0.27399999999999997
INFO:root:Generation: 180
INFO:root:pop fitness: 0.18691999999999998
INFO:root:elite fitness: 0.31976
INFO:root:Generation: 197
INFO:root:pop fitness: 0.17437999999999998
INFO:root:elite fitness: 0.32800000000000007
INFO:root:Generation: 181
INFO:root:pop fitness: 0.18752
INFO:root:elite fitness: 0.32984
INFO:root:Generation: 198
INFO:root:pop fitness: 0.16689999999999997
INFO:root:elite fitness: 0.301
INFO:root:Generation: 182
INFO:root:pop fitness: 0.15426
INFO:root:elite fitness: 0.30376000000000003
INFO:root:Generation: 199
INFO:root:pop fitness: 0.16226
INFO:root:elite fitness: 0.2644
INFO:root:Generation: 183
INFO:root:pop fitness: 0.17112000000000002
INFO:root:elite fitness: 0.28264
INFO:root:Generation: 184
INFO:root:pop fitness: 0.1856
INFO:root:elite fitness: 0.3040800000000001
INFO:root:Generation: 185
INFO:root:pop fitness: 0.13072
INFO:root:elite fitness: 0.28824
INFO:root:Generation: 186
INFO:root:pop fitness: 0.12732
INFO:root:elite fitness: 0.2486
INFO:root:Generation: 187
INFO:root:pop fitness: 0.13888
INFO:root:elite fitness: 0.31692000000000004
INFO:root:Generation: 188
INFO:root:pop fitness: 0.16614
INFO:root:elite fitness: 0.33912
INFO:root:Generation: 189
INFO:root:pop fitness: 0.16757999999999998
INFO:root:elite fitness: 0.35184
INFO:root:Generation: 190
INFO:root:pop fitness: 0.16812000000000002
INFO:root:elite fitness: 0.29756
INFO:root:Generation: 191
INFO:root:pop fitness: 0.20939999999999998
INFO:root:elite fitness: 0.3410000000000001
INFO:root:Generation: 192
INFO:root:pop fitness: 0.20759999999999998
INFO:root:elite fitness: 0.35704
INFO:root:Generation: 193
INFO:root:pop fitness: 0.18808000000000002
INFO:root:elite fitness: 0.33379999999999993
INFO:root:Generation: 194
INFO:root:pop fitness: 0.18038
INFO:root:elite fitness: 0.32299999999999995
INFO:root:Generation: 195
INFO:root:pop fitness: 0.15606
INFO:root:elite fitness: 0.2744
INFO:root:Generation: 196
INFO:root:pop fitness: 0.18289999999999998
INFO:root:elite fitness: 0.33756
INFO:root:Generation: 197
INFO:root:pop fitness: 0.15117999999999998
INFO:root:elite fitness: 0.26792
INFO:root:Generation: 198
INFO:root:pop fitness: 0.14686
INFO:root:elite fitness: 0.29084000000000004
INFO:root:Generation: 199
INFO:root:pop fitness: 0.18496
INFO:root:elite fitness: 0.31748
