INFO:root:run_master: Namespace(arms='10', hidden='64', layers='3', max_gen='200', message='', mutation_mag='0.1', name='nonStationary_v1', noise=False, pop_size='150', save_result=True, trials='100')
INFO:root:run_master: Namespace(arms='10', hidden='64', layers='3', max_gen='200', message='', mutation_mag='0.1', name='nonStationary_v1', noise=True, pop_size='150', save_result=True, trials='100')
INFO:root:Generation: 0
INFO:root:pop fitness: 0.10031999999999999
INFO:root:elite fitness: 0.11199999999999997
INFO:root:Generation: 0
INFO:root:pop fitness: 0.10090666666666664
INFO:root:elite fitness: 0.11284000000000001
INFO:root:Generation: 1
INFO:root:pop fitness: 0.09952666666666665
INFO:root:elite fitness: 0.12504
INFO:root:Generation: 1
INFO:root:pop fitness: 0.09953999999999999
INFO:root:elite fitness: 0.12070666666666668
INFO:root:Generation: 2
INFO:root:pop fitness: 0.09614666666666667
INFO:root:elite fitness: 0.12470666666666665
INFO:root:Generation: 2
INFO:root:pop fitness: 0.09899999999999999
INFO:root:elite fitness: 0.12728
INFO:root:Generation: 3
INFO:root:pop fitness: 0.10265999999999999
INFO:root:elite fitness: 0.15505333333333335
INFO:root:Generation: 3
INFO:root:pop fitness: 0.09928666666666668
INFO:root:elite fitness: 0.14674666666666666
INFO:root:Generation: 4
INFO:root:pop fitness: 0.09684
INFO:root:elite fitness: 0.15045333333333333
INFO:root:Generation: 4
INFO:root:pop fitness: 0.08592000000000001
INFO:root:elite fitness: 0.14578666666666668
INFO:root:Generation: 5
INFO:root:pop fitness: 0.10372666666666668
INFO:root:elite fitness: 0.178
INFO:root:Generation: 5
INFO:root:pop fitness: 0.10142666666666665
INFO:root:elite fitness: 0.17107999999999998
INFO:root:Generation: 6
INFO:root:pop fitness: 0.0945
INFO:root:elite fitness: 0.15342666666666666
INFO:root:Generation: 6
INFO:root:pop fitness: 0.10555333333333333
INFO:root:elite fitness: 0.17558666666666667
INFO:root:Generation: 7
INFO:root:pop fitness: 0.11490666666666667
INFO:root:elite fitness: 0.20185333333333336
INFO:root:Generation: 7
INFO:root:pop fitness: 0.10218
INFO:root:elite fitness: 0.19105333333333335
INFO:root:Generation: 8
INFO:root:pop fitness: 0.10566
INFO:root:elite fitness: 0.17859999999999998
INFO:root:Generation: 8
INFO:root:pop fitness: 0.11189333333333333
INFO:root:elite fitness: 0.20329333333333333
INFO:root:Generation: 9
INFO:root:pop fitness: 0.10331999999999998
INFO:root:elite fitness: 0.20271999999999998
INFO:root:Generation: 9
INFO:root:pop fitness: 0.09438
INFO:root:elite fitness: 0.16265333333333334
INFO:root:Generation: 10
INFO:root:pop fitness: 0.09262666666666665
INFO:root:elite fitness: 0.16245333333333334
INFO:root:Generation: 10
INFO:root:pop fitness: 0.10352
INFO:root:elite fitness: 0.18604
INFO:root:Generation: 11
INFO:root:pop fitness: 0.10170666666666665
INFO:root:elite fitness: 0.2041466666666667
INFO:root:Generation: 11
INFO:root:pop fitness: 0.10296666666666668
INFO:root:elite fitness: 0.19169333333333333
INFO:root:Generation: 12
INFO:root:pop fitness: 0.11073333333333334
INFO:root:elite fitness: 0.21361333333333335
INFO:root:Generation: 12
INFO:root:pop fitness: 0.10504000000000001
INFO:root:elite fitness: 0.1864533333333333
INFO:root:Generation: 13
INFO:root:pop fitness: 0.11049333333333335
INFO:root:elite fitness: 0.21252000000000001
INFO:root:Generation: 13
INFO:root:pop fitness: 0.11554000000000002
INFO:root:elite fitness: 0.2022
INFO:root:Generation: 14
INFO:root:pop fitness: 0.10206
INFO:root:elite fitness: 0.18774666666666667
INFO:root:Generation: 15
INFO:root:pop fitness: 0.09886666666666667
INFO:root:elite fitness: 0.18414666666666665
INFO:root:Generation: 14
INFO:root:pop fitness: 0.09698
INFO:root:elite fitness: 0.17786666666666667
INFO:root:Generation: 16
INFO:root:pop fitness: 0.10715333333333334
INFO:root:elite fitness: 0.19863999999999998
INFO:root:Generation: 15
INFO:root:pop fitness: 0.09401333333333334
INFO:root:elite fitness: 0.18948000000000004
INFO:root:Generation: 17
INFO:root:pop fitness: 0.10666666666666667
INFO:root:elite fitness: 0.1935333333333333
INFO:root:Generation: 16
INFO:root:pop fitness: 0.09532
INFO:root:elite fitness: 0.19172000000000003
INFO:root:Generation: 18
INFO:root:pop fitness: 0.09649333333333333
INFO:root:elite fitness: 0.18974666666666665
INFO:root:Generation: 17
INFO:root:pop fitness: 0.09628666666666667
INFO:root:elite fitness: 0.18665333333333334
INFO:root:Generation: 19
INFO:root:pop fitness: 0.10751333333333335
INFO:root:elite fitness: 0.21797333333333332
INFO:root:Generation: 18
INFO:root:pop fitness: 0.10304666666666668
INFO:root:elite fitness: 0.1935066666666667
INFO:root:Generation: 20
INFO:root:pop fitness: 0.10289333333333334
INFO:root:elite fitness: 0.1982266666666667
INFO:root:Generation: 19
INFO:root:pop fitness: 0.10017333333333335
INFO:root:elite fitness: 0.1910133333333333
INFO:root:Generation: 21
INFO:root:pop fitness: 0.12012
INFO:root:elite fitness: 0.20502666666666666
INFO:root:Generation: 20
INFO:root:pop fitness: 0.10725333333333334
INFO:root:elite fitness: 0.19900000000000004
INFO:root:Generation: 22
INFO:root:pop fitness: 0.10451333333333336
INFO:root:elite fitness: 0.18964
INFO:root:Generation: 21
INFO:root:pop fitness: 0.10173333333333331
INFO:root:elite fitness: 0.19788000000000003
INFO:root:Generation: 23
INFO:root:pop fitness: 0.10409333333333333
INFO:root:elite fitness: 0.17980000000000002
INFO:root:Generation: 22
INFO:root:pop fitness: 0.10480666666666667
INFO:root:elite fitness: 0.17977333333333337
INFO:root:Generation: 24
INFO:root:pop fitness: 0.10347333333333332
INFO:root:elite fitness: 0.19901333333333338
INFO:root:Generation: 23
INFO:root:pop fitness: 0.11175333333333332
INFO:root:elite fitness: 0.19601333333333337
INFO:root:Generation: 25
INFO:root:pop fitness: 0.10630666666666667
INFO:root:elite fitness: 0.18993333333333332
INFO:root:Generation: 24
INFO:root:pop fitness: 0.08872
INFO:root:elite fitness: 0.17681333333333335
INFO:root:Generation: 26
INFO:root:pop fitness: 0.11337999999999998
INFO:root:elite fitness: 0.20081333333333334
INFO:root:Generation: 25
INFO:root:pop fitness: 0.10400666666666666
INFO:root:elite fitness: 0.19997333333333334
INFO:root:Generation: 27
INFO:root:pop fitness: 0.10918666666666667
INFO:root:elite fitness: 0.21272000000000002
INFO:root:Generation: 26
INFO:root:pop fitness: 0.09876
INFO:root:elite fitness: 0.19674666666666668
INFO:root:Generation: 28
INFO:root:pop fitness: 0.10994
INFO:root:elite fitness: 0.19282666666666667
INFO:root:Generation: 27
INFO:root:pop fitness: 0.09599333333333333
INFO:root:elite fitness: 0.18093333333333333
INFO:root:Generation: 29
INFO:root:pop fitness: 0.1051
INFO:root:elite fitness: 0.19104
INFO:root:Generation: 28
INFO:root:pop fitness: 0.10246
INFO:root:elite fitness: 0.19554666666666667
INFO:root:Generation: 30
INFO:root:pop fitness: 0.11293333333333334
INFO:root:elite fitness: 0.20321333333333333
INFO:root:Generation: 29
INFO:root:pop fitness: 0.10513333333333333
INFO:root:elite fitness: 0.19521333333333335
INFO:root:Generation: 31
INFO:root:pop fitness: 0.10405333333333333
INFO:root:elite fitness: 0.19016
INFO:root:Generation: 30
INFO:root:pop fitness: 0.09628
INFO:root:elite fitness: 0.18798666666666666
INFO:root:Generation: 32
INFO:root:pop fitness: 0.10833333333333334
INFO:root:elite fitness: 0.20035999999999998
INFO:root:Generation: 33
INFO:root:pop fitness: 0.11807333333333332
INFO:root:elite fitness: 0.21661333333333335
INFO:root:Generation: 31
INFO:root:pop fitness: 0.11256000000000001
INFO:root:elite fitness: 0.20684
INFO:root:Generation: 34
INFO:root:pop fitness: 0.11372
INFO:root:elite fitness: 0.21009333333333338
INFO:root:Generation: 32
INFO:root:pop fitness: 0.10020000000000001
INFO:root:elite fitness: 0.19686666666666666
INFO:root:Generation: 35
INFO:root:pop fitness: 0.10577333333333333
INFO:root:elite fitness: 0.18883999999999998
INFO:root:Generation: 33
INFO:root:pop fitness: 0.10408666666666666
INFO:root:elite fitness: 0.20397333333333334
INFO:root:Generation: 36
INFO:root:pop fitness: 0.10556666666666667
INFO:root:elite fitness: 0.17982666666666666
INFO:root:Generation: 34
INFO:root:pop fitness: 0.09983333333333333
INFO:root:elite fitness: 0.17744000000000001
INFO:root:Generation: 37
INFO:root:pop fitness: 0.10633999999999999
INFO:root:elite fitness: 0.19854666666666668
INFO:root:Generation: 35
INFO:root:pop fitness: 0.10067333333333334
INFO:root:elite fitness: 0.21120000000000003
INFO:root:Generation: 38
INFO:root:pop fitness: 0.09761333333333334
INFO:root:elite fitness: 0.18489333333333333
INFO:root:Generation: 36
INFO:root:pop fitness: 0.10815333333333335
INFO:root:elite fitness: 0.19328
INFO:root:Generation: 39
INFO:root:pop fitness: 0.11176666666666667
INFO:root:elite fitness: 0.20552
INFO:root:Generation: 37
INFO:root:pop fitness: 0.10828
INFO:root:elite fitness: 0.22217333333333328
INFO:root:Generation: 40
INFO:root:pop fitness: 0.10912666666666666
INFO:root:elite fitness: 0.1852666666666667
INFO:root:Generation: 38
INFO:root:pop fitness: 0.09133333333333332
INFO:root:elite fitness: 0.15478666666666666
INFO:root:Generation: 41
INFO:root:pop fitness: 0.10337333333333333
INFO:root:elite fitness: 0.20703999999999997
INFO:root:Generation: 39
INFO:root:pop fitness: 0.09872
INFO:root:elite fitness: 0.18241333333333334
INFO:root:Generation: 42
INFO:root:pop fitness: 0.11012666666666665
INFO:root:elite fitness: 0.19580000000000003
INFO:root:Generation: 40
INFO:root:pop fitness: 0.09911333333333334
INFO:root:elite fitness: 0.17397333333333334
INFO:root:Generation: 43
INFO:root:pop fitness: 0.1097266666666667
INFO:root:elite fitness: 0.20430666666666664
INFO:root:Generation: 41
INFO:root:pop fitness: 0.11353333333333335
INFO:root:elite fitness: 0.2018
INFO:root:Generation: 44
INFO:root:pop fitness: 0.11482666666666669
INFO:root:elite fitness: 0.21682666666666672
INFO:root:Generation: 45
INFO:root:pop fitness: 0.11109333333333335
INFO:root:elite fitness: 0.19856000000000001
INFO:root:Generation: 42
INFO:root:pop fitness: 0.11270000000000001
INFO:root:elite fitness: 0.22431999999999996
INFO:root:Generation: 46
INFO:root:pop fitness: 0.12070666666666666
INFO:root:elite fitness: 0.20996000000000004
INFO:root:Generation: 43
INFO:root:pop fitness: 0.11028666666666666
INFO:root:elite fitness: 0.21023999999999998
INFO:root:Generation: 47
INFO:root:pop fitness: 0.11312666666666665
INFO:root:elite fitness: 0.20504
INFO:root:Generation: 44
INFO:root:pop fitness: 0.12888666666666665
INFO:root:elite fitness: 0.22470666666666664
INFO:root:Generation: 48
INFO:root:pop fitness: 0.1150266666666667
INFO:root:elite fitness: 0.21946666666666667
INFO:root:Generation: 45
INFO:root:pop fitness: 0.11807333333333335
INFO:root:elite fitness: 0.20872
INFO:root:Generation: 49
INFO:root:pop fitness: 0.12228666666666664
INFO:root:elite fitness: 0.20566666666666666
INFO:root:Generation: 46
INFO:root:pop fitness: 0.11591333333333334
INFO:root:elite fitness: 0.21232
INFO:root:Generation: 50
INFO:root:pop fitness: 0.1197866666666667
INFO:root:elite fitness: 0.20078666666666667
INFO:root:Generation: 47
INFO:root:pop fitness: 0.11476000000000001
INFO:root:elite fitness: 0.20839999999999997
INFO:root:Generation: 51
INFO:root:pop fitness: 0.12264
INFO:root:elite fitness: 0.2124
INFO:root:Generation: 48
INFO:root:pop fitness: 0.11220666666666666
INFO:root:elite fitness: 0.20974666666666664
INFO:root:Generation: 52
INFO:root:pop fitness: 0.11529333333333336
INFO:root:elite fitness: 0.2043866666666667
INFO:root:Generation: 49
INFO:root:pop fitness: 0.11786666666666666
INFO:root:elite fitness: 0.21361333333333335
INFO:root:Generation: 53
INFO:root:pop fitness: 0.11842666666666667
INFO:root:elite fitness: 0.21402666666666667
INFO:root:Generation: 50
INFO:root:pop fitness: 0.10645333333333334
INFO:root:elite fitness: 0.19536
INFO:root:Generation: 54
INFO:root:pop fitness: 0.12269333333333336
INFO:root:elite fitness: 0.21021333333333334
INFO:root:Generation: 51
INFO:root:pop fitness: 0.11769333333333333
INFO:root:elite fitness: 0.20778666666666668
INFO:root:Generation: 55
INFO:root:pop fitness: 0.12094
INFO:root:elite fitness: 0.22426666666666667
INFO:root:Generation: 52
INFO:root:pop fitness: 0.12068
INFO:root:elite fitness: 0.21930666666666668
INFO:root:Generation: 56
INFO:root:pop fitness: 0.11581999999999998
INFO:root:elite fitness: 0.20185333333333333
INFO:root:Generation: 57
INFO:root:pop fitness: 0.10366666666666667
INFO:root:elite fitness: 0.1886533333333333
INFO:root:Generation: 53
INFO:root:pop fitness: 0.10683333333333332
INFO:root:elite fitness: 0.20796
INFO:root:Generation: 58
INFO:root:pop fitness: 0.10716666666666666
INFO:root:elite fitness: 0.20016000000000003
INFO:root:Generation: 54
INFO:root:pop fitness: 0.11367333333333332
INFO:root:elite fitness: 0.20442666666666667
INFO:root:Generation: 59
INFO:root:pop fitness: 0.10298000000000002
INFO:root:elite fitness: 0.20045333333333332
INFO:root:Generation: 55
INFO:root:pop fitness: 0.10841333333333333
INFO:root:elite fitness: 0.19618666666666665
INFO:root:Generation: 60
INFO:root:pop fitness: 0.12330666666666668
INFO:root:elite fitness: 0.21113333333333334
INFO:root:Generation: 56
INFO:root:pop fitness: 0.11881333333333335
INFO:root:elite fitness: 0.20308
INFO:root:Generation: 61
INFO:root:pop fitness: 0.11527333333333334
INFO:root:elite fitness: 0.2263733333333334
INFO:root:Generation: 57
INFO:root:pop fitness: 0.11793999999999999
INFO:root:elite fitness: 0.20629333333333336
INFO:root:Generation: 62
INFO:root:pop fitness: 0.11751333333333333
INFO:root:elite fitness: 0.19838666666666666
INFO:root:Generation: 58
INFO:root:pop fitness: 0.11898666666666666
INFO:root:elite fitness: 0.20817333333333332
INFO:root:Generation: 63
INFO:root:pop fitness: 0.11788000000000001
INFO:root:elite fitness: 0.21450666666666668
INFO:root:Generation: 59
INFO:root:pop fitness: 0.10934666666666668
INFO:root:elite fitness: 0.22118666666666664
INFO:root:Generation: 64
INFO:root:pop fitness: 0.11454
INFO:root:elite fitness: 0.18406666666666668
INFO:root:Generation: 60
INFO:root:pop fitness: 0.10753333333333333
INFO:root:elite fitness: 0.19458666666666669
INFO:root:Generation: 65
INFO:root:pop fitness: 0.10354666666666666
INFO:root:elite fitness: 0.18154666666666666
INFO:root:Generation: 61
INFO:root:pop fitness: 0.12998666666666664
INFO:root:elite fitness: 0.23772000000000001
INFO:root:Generation: 66
INFO:root:pop fitness: 0.11702666666666668
INFO:root:elite fitness: 0.19696
INFO:root:Generation: 67
INFO:root:pop fitness: 0.12191333333333333
INFO:root:elite fitness: 0.22053333333333333
INFO:root:Generation: 62
INFO:root:pop fitness: 0.12164000000000001
INFO:root:elite fitness: 0.2043333333333333
INFO:root:Generation: 68
INFO:root:pop fitness: 0.11426666666666664
INFO:root:elite fitness: 0.21945333333333333
INFO:root:Generation: 63
INFO:root:pop fitness: 0.13381333333333334
INFO:root:elite fitness: 0.24785333333333337
INFO:root:Generation: 69
INFO:root:pop fitness: 0.12752666666666668
INFO:root:elite fitness: 0.22591999999999998
INFO:root:Generation: 64
INFO:root:pop fitness: 0.12464666666666666
INFO:root:elite fitness: 0.2178266666666666
INFO:root:Generation: 70
INFO:root:pop fitness: 0.11575999999999999
INFO:root:elite fitness: 0.21672000000000002
INFO:root:Generation: 65
INFO:root:pop fitness: 0.12710000000000002
INFO:root:elite fitness: 0.21957333333333334
INFO:root:Generation: 71
INFO:root:pop fitness: 0.11602
INFO:root:elite fitness: 0.20605333333333334
INFO:root:Generation: 66
INFO:root:pop fitness: 0.13348666666666664
INFO:root:elite fitness: 0.2447733333333333
INFO:root:Generation: 72
INFO:root:pop fitness: 0.12073333333333333
INFO:root:elite fitness: 0.20434666666666668
INFO:root:Generation: 67
INFO:root:pop fitness: 0.12806666666666666
INFO:root:elite fitness: 0.2124933333333333
INFO:root:Generation: 73
INFO:root:pop fitness: 0.12622
INFO:root:elite fitness: 0.23460000000000003
INFO:root:Generation: 68
INFO:root:pop fitness: 0.14114
INFO:root:elite fitness: 0.23949333333333334
INFO:root:Generation: 74
INFO:root:pop fitness: 0.12307333333333333
INFO:root:elite fitness: 0.21334666666666668
INFO:root:Generation: 69
INFO:root:pop fitness: 0.1260466666666667
INFO:root:elite fitness: 0.21644
INFO:root:Generation: 75
INFO:root:pop fitness: 0.12080666666666669
INFO:root:elite fitness: 0.21073333333333333
INFO:root:Generation: 70
INFO:root:pop fitness: 0.12611333333333336
INFO:root:elite fitness: 0.21314666666666662
INFO:root:Generation: 76
INFO:root:pop fitness: 0.11748666666666667
INFO:root:elite fitness: 0.21144000000000002
INFO:root:Generation: 71
INFO:root:pop fitness: 0.13454666666666668
INFO:root:elite fitness: 0.22664
INFO:root:Generation: 77
INFO:root:pop fitness: 0.1275866666666667
INFO:root:elite fitness: 0.22758666666666671
INFO:root:Generation: 72
INFO:root:pop fitness: 0.12146666666666665
INFO:root:elite fitness: 0.21719999999999998
INFO:root:Generation: 78
INFO:root:pop fitness: 0.12848
INFO:root:elite fitness: 0.21947999999999998
INFO:root:Generation: 79
INFO:root:pop fitness: 0.13122
INFO:root:elite fitness: 0.22686666666666672
INFO:root:Generation: 73
INFO:root:pop fitness: 0.1265
INFO:root:elite fitness: 0.22673333333333331
INFO:root:Generation: 80
INFO:root:pop fitness: 0.1184
INFO:root:elite fitness: 0.21064
INFO:root:Generation: 74
INFO:root:pop fitness: 0.12062
INFO:root:elite fitness: 0.22833333333333333
INFO:root:Generation: 81
INFO:root:pop fitness: 0.13312000000000002
INFO:root:elite fitness: 0.23915999999999996
INFO:root:Generation: 75
INFO:root:pop fitness: 0.12273333333333333
INFO:root:elite fitness: 0.20832
INFO:root:Generation: 82
INFO:root:pop fitness: 0.11793999999999999
INFO:root:elite fitness: 0.21912
INFO:root:Generation: 76
INFO:root:pop fitness: 0.11388666666666668
INFO:root:elite fitness: 0.19021333333333332
INFO:root:Generation: 83
INFO:root:pop fitness: 0.13202666666666668
INFO:root:elite fitness: 0.22850666666666664
INFO:root:Generation: 77
INFO:root:pop fitness: 0.12498
INFO:root:elite fitness: 0.22670666666666667
INFO:root:Generation: 84
INFO:root:pop fitness: 0.13312666666666667
INFO:root:elite fitness: 0.24038666666666667
INFO:root:Generation: 78
INFO:root:pop fitness: 0.12404666666666667
INFO:root:elite fitness: 0.21857333333333334
INFO:root:Generation: 85
INFO:root:pop fitness: 0.11522666666666666
INFO:root:elite fitness: 0.22061333333333333
INFO:root:Generation: 79
INFO:root:pop fitness: 0.13041333333333333
INFO:root:elite fitness: 0.2274666666666667
INFO:root:Generation: 86
INFO:root:pop fitness: 0.12248
INFO:root:elite fitness: 0.21626666666666666
INFO:root:Generation: 80
INFO:root:pop fitness: 0.12977999999999998
INFO:root:elite fitness: 0.2223466666666666
INFO:root:Generation: 87
INFO:root:pop fitness: 0.12198
INFO:root:elite fitness: 0.2159066666666667
INFO:root:Generation: 81
INFO:root:pop fitness: 0.13229333333333335
INFO:root:elite fitness: 0.2322266666666667
INFO:root:Generation: 88
INFO:root:pop fitness: 0.12287333333333332
INFO:root:elite fitness: 0.22209333333333334
INFO:root:Generation: 82
INFO:root:pop fitness: 0.11884666666666666
INFO:root:elite fitness: 0.18646666666666667
INFO:root:Generation: 89
INFO:root:pop fitness: 0.13474666666666665
INFO:root:elite fitness: 0.23558666666666664
INFO:root:Generation: 83
INFO:root:pop fitness: 0.12425333333333333
INFO:root:elite fitness: 0.21285333333333334
INFO:root:Generation: 90
INFO:root:pop fitness: 0.13436000000000003
INFO:root:elite fitness: 0.2411866666666666
INFO:root:Generation: 84
INFO:root:pop fitness: 0.12247333333333335
INFO:root:elite fitness: 0.20046666666666668
INFO:root:Generation: 91
INFO:root:pop fitness: 0.13535999999999995
INFO:root:elite fitness: 0.24302666666666667
INFO:root:Generation: 92
INFO:root:pop fitness: 0.13233333333333333
INFO:root:elite fitness: 0.23521333333333336
INFO:root:Generation: 85
INFO:root:pop fitness: 0.13586000000000004
INFO:root:elite fitness: 0.2312666666666667
INFO:root:Generation: 93
INFO:root:pop fitness: 0.12742
INFO:root:elite fitness: 0.21117333333333332
INFO:root:Generation: 86
INFO:root:pop fitness: 0.12206000000000003
INFO:root:elite fitness: 0.2212133333333333
INFO:root:Generation: 94
INFO:root:pop fitness: 0.13766666666666666
INFO:root:elite fitness: 0.2402266666666667
INFO:root:Generation: 87
INFO:root:pop fitness: 0.12868
INFO:root:elite fitness: 0.22406666666666672
INFO:root:Generation: 95
INFO:root:pop fitness: 0.13233999999999999
INFO:root:elite fitness: 0.24989333333333338
INFO:root:Generation: 88
INFO:root:pop fitness: 0.13188666666666665
INFO:root:elite fitness: 0.24449333333333334
INFO:root:Generation: 96
INFO:root:pop fitness: 0.13008
INFO:root:elite fitness: 0.2237066666666667
INFO:root:Generation: 89
INFO:root:pop fitness: 0.12875333333333333
INFO:root:elite fitness: 0.22085333333333337
INFO:root:Generation: 97
INFO:root:pop fitness: 0.12188666666666667
INFO:root:elite fitness: 0.21246666666666664
INFO:root:Generation: 90
INFO:root:pop fitness: 0.12198
INFO:root:elite fitness: 0.19776000000000002
INFO:root:Generation: 98
INFO:root:pop fitness: 0.13113333333333335
INFO:root:elite fitness: 0.22441333333333333
INFO:root:Generation: 91
INFO:root:pop fitness: 0.12716666666666665
INFO:root:elite fitness: 0.21342666666666663
INFO:root:Generation: 99
INFO:root:pop fitness: 0.12251333333333331
INFO:root:elite fitness: 0.21543999999999996
INFO:root:Generation: 92
INFO:root:pop fitness: 0.12784666666666666
INFO:root:elite fitness: 0.22673333333333337
INFO:root:Generation: 100
INFO:root:pop fitness: 0.13796000000000003
INFO:root:elite fitness: 0.25046666666666656
INFO:root:Generation: 93
INFO:root:pop fitness: 0.11844666666666664
INFO:root:elite fitness: 0.22709333333333334
INFO:root:Generation: 101
INFO:root:pop fitness: 0.12426000000000002
INFO:root:elite fitness: 0.22159999999999996
INFO:root:Generation: 94
INFO:root:pop fitness: 0.13115333333333334
INFO:root:elite fitness: 0.21628
INFO:root:Generation: 102
INFO:root:pop fitness: 0.13176
INFO:root:elite fitness: 0.2383733333333333
INFO:root:Generation: 103
INFO:root:pop fitness: 0.13621333333333335
INFO:root:elite fitness: 0.2515866666666666
INFO:root:Generation: 95
INFO:root:pop fitness: 0.1346
INFO:root:elite fitness: 0.22506666666666666
INFO:root:Generation: 104
INFO:root:pop fitness: 0.13203333333333334
INFO:root:elite fitness: 0.22483999999999998
INFO:root:Generation: 96
INFO:root:pop fitness: 0.11816
INFO:root:elite fitness: 0.21156
INFO:root:Generation: 105
INFO:root:pop fitness: 0.1301066666666667
INFO:root:elite fitness: 0.22607999999999995
INFO:root:Generation: 97
INFO:root:pop fitness: 0.12608666666666668
INFO:root:elite fitness: 0.21416000000000002
INFO:root:Generation: 106
INFO:root:pop fitness: 0.14592
INFO:root:elite fitness: 0.25777333333333335
INFO:root:Generation: 98
INFO:root:pop fitness: 0.1371733333333333
INFO:root:elite fitness: 0.2533066666666667
INFO:root:Generation: 107
INFO:root:pop fitness: 0.13140000000000002
INFO:root:elite fitness: 0.24528
INFO:root:Generation: 99
INFO:root:pop fitness: 0.12585333333333334
INFO:root:elite fitness: 0.22676000000000002
INFO:root:Generation: 108
INFO:root:pop fitness: 0.13832666666666668
INFO:root:elite fitness: 0.2602400000000001
INFO:root:Generation: 100
INFO:root:pop fitness: 0.1226333333333333
INFO:root:elite fitness: 0.2175866666666667
INFO:root:Generation: 109
INFO:root:pop fitness: 0.12290000000000001
INFO:root:elite fitness: 0.22307999999999997
INFO:root:Generation: 101
INFO:root:pop fitness: 0.1264533333333333
INFO:root:elite fitness: 0.22418666666666667
INFO:root:Generation: 110
INFO:root:pop fitness: 0.12191333333333333
INFO:root:elite fitness: 0.21477333333333334
INFO:root:Generation: 102
INFO:root:pop fitness: 0.12746
INFO:root:elite fitness: 0.2432933333333334
INFO:root:Generation: 111
INFO:root:pop fitness: 0.1428533333333333
INFO:root:elite fitness: 0.2561333333333333
INFO:root:Generation: 103
INFO:root:pop fitness: 0.13743333333333335
INFO:root:elite fitness: 0.23807999999999999
INFO:root:Generation: 112
INFO:root:pop fitness: 0.1345066666666667
INFO:root:elite fitness: 0.22669333333333333
INFO:root:Generation: 104
INFO:root:pop fitness: 0.12711333333333333
INFO:root:elite fitness: 0.22923999999999997
INFO:root:Generation: 113
INFO:root:pop fitness: 0.12971333333333335
INFO:root:elite fitness: 0.2152266666666667
INFO:root:Generation: 105
INFO:root:pop fitness: 0.12920666666666666
INFO:root:elite fitness: 0.22717333333333334
INFO:root:Generation: 114
INFO:root:pop fitness: 0.1340066666666667
INFO:root:elite fitness: 0.22157333333333326
INFO:root:Generation: 106
INFO:root:pop fitness: 0.1301
INFO:root:elite fitness: 0.23022666666666666
INFO:root:Generation: 115
INFO:root:pop fitness: 0.12130666666666666
INFO:root:elite fitness: 0.21856
INFO:root:Generation: 116
INFO:root:pop fitness: 0.13677999999999998
INFO:root:elite fitness: 0.24746666666666664
INFO:root:Generation: 107
INFO:root:pop fitness: 0.13298666666666667
INFO:root:elite fitness: 0.22941333333333333
INFO:root:Generation: 117
INFO:root:pop fitness: 0.13988
INFO:root:elite fitness: 0.22955999999999993
INFO:root:Generation: 108
INFO:root:pop fitness: 0.13591999999999999
INFO:root:elite fitness: 0.23048000000000002
INFO:root:Generation: 118
INFO:root:pop fitness: 0.13992666666666667
INFO:root:elite fitness: 0.23834666666666668
INFO:root:Generation: 109
INFO:root:pop fitness: 0.13422666666666666
INFO:root:elite fitness: 0.2264533333333333
INFO:root:Generation: 119
INFO:root:pop fitness: 0.15452666666666665
INFO:root:elite fitness: 0.27708000000000005
INFO:root:Generation: 110
INFO:root:pop fitness: 0.13300666666666663
INFO:root:elite fitness: 0.21187999999999999
INFO:root:Generation: 120
INFO:root:pop fitness: 0.14534000000000002
INFO:root:elite fitness: 0.2366933333333333
INFO:root:Generation: 111
INFO:root:pop fitness: 0.13541333333333333
INFO:root:elite fitness: 0.23970666666666665
INFO:root:Generation: 121
INFO:root:pop fitness: 0.13532000000000002
INFO:root:elite fitness: 0.2398666666666667
INFO:root:Generation: 112
INFO:root:pop fitness: 0.13070666666666667
INFO:root:elite fitness: 0.24432
INFO:root:Generation: 122
INFO:root:pop fitness: 0.13287333333333332
INFO:root:elite fitness: 0.22124
INFO:root:Generation: 113
INFO:root:pop fitness: 0.14081333333333335
INFO:root:elite fitness: 0.25248
INFO:root:Generation: 123
INFO:root:pop fitness: 0.15278
INFO:root:elite fitness: 0.24429333333333328
INFO:root:Generation: 114
INFO:root:pop fitness: 0.12768000000000002
INFO:root:elite fitness: 0.22432000000000002
INFO:root:Generation: 124
INFO:root:pop fitness: 0.13897333333333337
INFO:root:elite fitness: 0.2436933333333334
INFO:root:Generation: 115
INFO:root:pop fitness: 0.14268666666666666
INFO:root:elite fitness: 0.22730666666666668
INFO:root:Generation: 125
INFO:root:pop fitness: 0.1409
INFO:root:elite fitness: 0.24017333333333335
INFO:root:Generation: 116
INFO:root:pop fitness: 0.13002666666666665
INFO:root:elite fitness: 0.23474666666666663
INFO:root:Generation: 126
INFO:root:pop fitness: 0.13368
INFO:root:elite fitness: 0.22182666666666662
INFO:root:Generation: 117
INFO:root:pop fitness: 0.1258
INFO:root:elite fitness: 0.21550666666666668
INFO:root:Generation: 127
INFO:root:pop fitness: 0.14605333333333334
INFO:root:elite fitness: 0.25236
INFO:root:Generation: 118
INFO:root:pop fitness: 0.13045333333333334
INFO:root:elite fitness: 0.22670666666666672
INFO:root:Generation: 128
INFO:root:pop fitness: 0.14200666666666667
INFO:root:elite fitness: 0.23454666666666668
INFO:root:Generation: 119
INFO:root:pop fitness: 0.13313333333333333
INFO:root:elite fitness: 0.24199999999999994
INFO:root:Generation: 129
INFO:root:pop fitness: 0.14156666666666667
INFO:root:elite fitness: 0.23529333333333333
INFO:root:Generation: 120
INFO:root:pop fitness: 0.11672666666666665
INFO:root:elite fitness: 0.21834666666666663
INFO:root:Generation: 130
INFO:root:pop fitness: 0.1444
INFO:root:elite fitness: 0.25810666666666665
INFO:root:Generation: 131
INFO:root:pop fitness: 0.13959999999999997
INFO:root:elite fitness: 0.22526666666666667
INFO:root:Generation: 121
INFO:root:pop fitness: 0.13146666666666665
INFO:root:elite fitness: 0.23411999999999997
INFO:root:Generation: 132
INFO:root:pop fitness: 0.13394
INFO:root:elite fitness: 0.23197333333333334
INFO:root:Generation: 122
INFO:root:pop fitness: 0.12831333333333336
INFO:root:elite fitness: 0.22114666666666666
INFO:root:Generation: 133
INFO:root:pop fitness: 0.14197999999999997
INFO:root:elite fitness: 0.24550666666666668
INFO:root:Generation: 123
INFO:root:pop fitness: 0.13524
INFO:root:elite fitness: 0.2302133333333333
INFO:root:Generation: 134
INFO:root:pop fitness: 0.14100666666666667
INFO:root:elite fitness: 0.23318666666666663
INFO:root:Generation: 124
INFO:root:pop fitness: 0.13872666666666664
INFO:root:elite fitness: 0.23625333333333332
INFO:root:Generation: 135
INFO:root:pop fitness: 0.14380666666666667
INFO:root:elite fitness: 0.24903999999999996
INFO:root:Generation: 125
INFO:root:pop fitness: 0.1313666666666667
INFO:root:elite fitness: 0.22060000000000002
INFO:root:Generation: 136
INFO:root:pop fitness: 0.14717999999999998
INFO:root:elite fitness: 0.25223999999999996
INFO:root:Generation: 126
INFO:root:pop fitness: 0.13526000000000002
INFO:root:elite fitness: 0.2530933333333334
INFO:root:Generation: 137
INFO:root:pop fitness: 0.1565
INFO:root:elite fitness: 0.24975999999999998
INFO:root:Generation: 127
INFO:root:pop fitness: 0.12432666666666667
INFO:root:elite fitness: 0.22557333333333332
INFO:root:Generation: 138
INFO:root:pop fitness: 0.15872
INFO:root:elite fitness: 0.26992000000000005
INFO:root:Generation: 128
INFO:root:pop fitness: 0.12029333333333336
INFO:root:elite fitness: 0.2163333333333333
INFO:root:Generation: 139
INFO:root:pop fitness: 0.14628666666666665
INFO:root:elite fitness: 0.24182666666666672
INFO:root:Generation: 129
INFO:root:pop fitness: 0.13142666666666666
INFO:root:elite fitness: 0.22776000000000002
INFO:root:Generation: 140
INFO:root:pop fitness: 0.1528866666666667
INFO:root:elite fitness: 0.26196
INFO:root:Generation: 130
INFO:root:pop fitness: 0.1254533333333333
INFO:root:elite fitness: 0.22669333333333336
INFO:root:Generation: 141
INFO:root:pop fitness: 0.15514666666666665
INFO:root:elite fitness: 0.26552
INFO:root:Generation: 131
INFO:root:pop fitness: 0.12188000000000003
INFO:root:elite fitness: 0.23138666666666666
INFO:root:Generation: 142
INFO:root:pop fitness: 0.14172666666666667
INFO:root:elite fitness: 0.23421333333333336
INFO:root:Generation: 132
INFO:root:pop fitness: 0.1290933333333333
INFO:root:elite fitness: 0.24517333333333335
INFO:root:Generation: 143
INFO:root:pop fitness: 0.1437
INFO:root:elite fitness: 0.22942666666666667
INFO:root:Generation: 133
INFO:root:pop fitness: 0.14142000000000002
INFO:root:elite fitness: 0.26586666666666664
INFO:root:Generation: 144
INFO:root:pop fitness: 0.14000666666666664
INFO:root:elite fitness: 0.2404933333333333
INFO:root:Generation: 145
INFO:root:pop fitness: 0.15311333333333332
INFO:root:elite fitness: 0.26106666666666667
INFO:root:Generation: 134
INFO:root:pop fitness: 0.13042666666666666
INFO:root:elite fitness: 0.22868
INFO:root:Generation: 146
INFO:root:pop fitness: 0.13308000000000003
INFO:root:elite fitness: 0.23814666666666667
INFO:root:Generation: 135
INFO:root:pop fitness: 0.12533333333333332
INFO:root:elite fitness: 0.22156
INFO:root:Generation: 147
INFO:root:pop fitness: 0.13189333333333333
INFO:root:elite fitness: 0.23084000000000005
INFO:root:Generation: 136
INFO:root:pop fitness: 0.12213333333333333
INFO:root:elite fitness: 0.22069333333333338
INFO:root:Generation: 148
INFO:root:pop fitness: 0.14607333333333333
INFO:root:elite fitness: 0.2522666666666667
INFO:root:Generation: 137
INFO:root:pop fitness: 0.13471333333333335
INFO:root:elite fitness: 0.23157333333333333
INFO:root:Generation: 149
INFO:root:pop fitness: 0.13948000000000002
INFO:root:elite fitness: 0.24035999999999996
INFO:root:Generation: 138
INFO:root:pop fitness: 0.13595333333333337
INFO:root:elite fitness: 0.2384666666666667
INFO:root:Generation: 150
INFO:root:pop fitness: 0.14781333333333332
INFO:root:elite fitness: 0.25569333333333333
INFO:root:Generation: 139
INFO:root:pop fitness: 0.12544000000000002
INFO:root:elite fitness: 0.2176133333333333
INFO:root:Generation: 151
INFO:root:pop fitness: 0.14320666666666665
INFO:root:elite fitness: 0.2454
INFO:root:Generation: 140
INFO:root:pop fitness: 0.13549333333333333
INFO:root:elite fitness: 0.22523999999999997
INFO:root:Generation: 152
INFO:root:pop fitness: 0.13502
INFO:root:elite fitness: 0.22442666666666666
INFO:root:Generation: 141
INFO:root:pop fitness: 0.13322000000000003
INFO:root:elite fitness: 0.21513333333333332
INFO:root:Generation: 153
INFO:root:pop fitness: 0.14456
INFO:root:elite fitness: 0.2653866666666667
INFO:root:Generation: 142
INFO:root:pop fitness: 0.13555333333333333
INFO:root:elite fitness: 0.23675999999999997
INFO:root:Generation: 154
INFO:root:pop fitness: 0.1567
INFO:root:elite fitness: 0.26350666666666667
INFO:root:Generation: 143
INFO:root:pop fitness: 0.13361333333333333
INFO:root:elite fitness: 0.22479999999999994
INFO:root:Generation: 155
INFO:root:pop fitness: 0.15026666666666666
INFO:root:elite fitness: 0.2587333333333333
INFO:root:Generation: 144
INFO:root:pop fitness: 0.13856
INFO:root:elite fitness: 0.23595999999999998
INFO:root:Generation: 156
INFO:root:pop fitness: 0.14484666666666668
INFO:root:elite fitness: 0.24574666666666667
INFO:root:Generation: 145
INFO:root:pop fitness: 0.13383333333333336
INFO:root:elite fitness: 0.22953333333333337
INFO:root:Generation: 157
INFO:root:pop fitness: 0.13455999999999999
INFO:root:elite fitness: 0.23661333333333331
INFO:root:Generation: 158
INFO:root:pop fitness: 0.1445266666666667
INFO:root:elite fitness: 0.2465066666666667
INFO:root:Generation: 146
INFO:root:pop fitness: 0.13876666666666668
INFO:root:elite fitness: 0.23020000000000002
INFO:root:Generation: 159
INFO:root:pop fitness: 0.12406666666666666
INFO:root:elite fitness: 0.20976
INFO:root:Generation: 147
INFO:root:pop fitness: 0.13408666666666666
INFO:root:elite fitness: 0.22764
INFO:root:Generation: 160
INFO:root:pop fitness: 0.16158
INFO:root:elite fitness: 0.2694533333333333
INFO:root:Generation: 148
INFO:root:pop fitness: 0.13468
INFO:root:elite fitness: 0.24689333333333333
INFO:root:Generation: 161
INFO:root:pop fitness: 0.14473999999999998
INFO:root:elite fitness: 0.23448
INFO:root:Generation: 149
INFO:root:pop fitness: 0.13566000000000003
INFO:root:elite fitness: 0.23836
INFO:root:Generation: 162
INFO:root:pop fitness: 0.14776
INFO:root:elite fitness: 0.2423333333333333
INFO:root:Generation: 150
INFO:root:pop fitness: 0.12739999999999999
INFO:root:elite fitness: 0.21444
INFO:root:Generation: 163
INFO:root:pop fitness: 0.1401666666666667
INFO:root:elite fitness: 0.22451999999999997
INFO:root:Generation: 151
INFO:root:pop fitness: 0.12568000000000001
INFO:root:elite fitness: 0.2111066666666667
INFO:root:Generation: 164
INFO:root:pop fitness: 0.14204666666666668
INFO:root:elite fitness: 0.25655999999999995
INFO:root:Generation: 152
INFO:root:pop fitness: 0.14114
INFO:root:elite fitness: 0.23212000000000002
INFO:root:Generation: 165
INFO:root:pop fitness: 0.14408666666666667
INFO:root:elite fitness: 0.2391333333333333
INFO:root:Generation: 153
INFO:root:pop fitness: 0.14418666666666666
INFO:root:elite fitness: 0.2498
INFO:root:Generation: 166
INFO:root:pop fitness: 0.14682
INFO:root:elite fitness: 0.24225333333333335
INFO:root:Generation: 154
INFO:root:pop fitness: 0.13339333333333334
INFO:root:elite fitness: 0.23269333333333325
INFO:root:Generation: 167
INFO:root:pop fitness: 0.14655333333333334
INFO:root:elite fitness: 0.2537066666666667
INFO:root:Generation: 155
INFO:root:pop fitness: 0.15206
INFO:root:elite fitness: 0.25814666666666675
INFO:root:Generation: 168
INFO:root:pop fitness: 0.13985333333333336
INFO:root:elite fitness: 0.24729333333333334
INFO:root:Generation: 156
INFO:root:pop fitness: 0.1436666666666667
INFO:root:elite fitness: 0.25644
INFO:root:Generation: 169
INFO:root:pop fitness: 0.15175333333333338
INFO:root:elite fitness: 0.25595999999999997
INFO:root:Generation: 157
INFO:root:pop fitness: 0.13621333333333333
INFO:root:elite fitness: 0.22927999999999998
INFO:root:Generation: 170
INFO:root:pop fitness: 0.14105333333333334
INFO:root:elite fitness: 0.25016
INFO:root:Generation: 158
INFO:root:pop fitness: 0.13746666666666668
INFO:root:elite fitness: 0.22988
INFO:root:Generation: 171
INFO:root:pop fitness: 0.15167999999999998
INFO:root:elite fitness: 0.22844000000000003
INFO:root:Generation: 159
INFO:root:pop fitness: 0.14406000000000002
INFO:root:elite fitness: 0.24688000000000002
INFO:root:Generation: 172
INFO:root:pop fitness: 0.14285333333333333
INFO:root:elite fitness: 0.2541866666666667
INFO:root:Generation: 173
INFO:root:pop fitness: 0.14656666666666665
INFO:root:elite fitness: 0.2421866666666667
INFO:root:Generation: 160
INFO:root:pop fitness: 0.14672000000000002
INFO:root:elite fitness: 0.2349866666666667
INFO:root:Generation: 174
INFO:root:pop fitness: 0.14012666666666665
INFO:root:elite fitness: 0.2387466666666667
INFO:root:Generation: 161
INFO:root:pop fitness: 0.14175333333333331
INFO:root:elite fitness: 0.24510666666666667
INFO:root:Generation: 175
INFO:root:pop fitness: 0.14560666666666666
INFO:root:elite fitness: 0.24963999999999997
INFO:root:Generation: 162
INFO:root:pop fitness: 0.13157333333333335
INFO:root:elite fitness: 0.23298666666666662
INFO:root:Generation: 176
INFO:root:pop fitness: 0.15710000000000002
INFO:root:elite fitness: 0.27024000000000004
INFO:root:Generation: 163
INFO:root:pop fitness: 0.13673333333333332
INFO:root:elite fitness: 0.22916
INFO:root:Generation: 177
INFO:root:pop fitness: 0.14320666666666668
INFO:root:elite fitness: 0.2733466666666666
INFO:root:Generation: 164
INFO:root:pop fitness: 0.14946000000000004
INFO:root:elite fitness: 0.24519999999999997
INFO:root:Generation: 178
INFO:root:pop fitness: 0.14845333333333333
INFO:root:elite fitness: 0.25653333333333334
INFO:root:Generation: 165
INFO:root:pop fitness: 0.15013333333333334
INFO:root:elite fitness: 0.2491866666666666
INFO:root:Generation: 179
INFO:root:pop fitness: 0.14753999999999998
INFO:root:elite fitness: 0.25638666666666665
INFO:root:Generation: 166
INFO:root:pop fitness: 0.13082666666666665
INFO:root:elite fitness: 0.23686666666666673
INFO:root:Generation: 180
INFO:root:pop fitness: 0.14244666666666664
INFO:root:elite fitness: 0.24213333333333334
INFO:root:Generation: 167
INFO:root:pop fitness: 0.12402
INFO:root:elite fitness: 0.22474666666666673
INFO:root:Generation: 181
INFO:root:pop fitness: 0.14622666666666667
INFO:root:elite fitness: 0.25542666666666664
INFO:root:Generation: 168
INFO:root:pop fitness: 0.12631333333333333
INFO:root:elite fitness: 0.21173333333333333
INFO:root:Generation: 182
INFO:root:pop fitness: 0.13914
INFO:root:elite fitness: 0.23910666666666666
INFO:root:Generation: 169
INFO:root:pop fitness: 0.14376
INFO:root:elite fitness: 0.2567066666666667
INFO:root:Generation: 183
INFO:root:pop fitness: 0.15589333333333333
INFO:root:elite fitness: 0.26837333333333335
INFO:root:Generation: 170
INFO:root:pop fitness: 0.13753999999999997
INFO:root:elite fitness: 0.2301066666666667
INFO:root:Generation: 184
INFO:root:pop fitness: 0.14367333333333332
INFO:root:elite fitness: 0.24275999999999998
INFO:root:Generation: 171
INFO:root:pop fitness: 0.14722
INFO:root:elite fitness: 0.23281333333333326
INFO:root:Generation: 185
INFO:root:pop fitness: 0.15725333333333333
INFO:root:elite fitness: 0.25276
INFO:root:Generation: 186
INFO:root:pop fitness: 0.15524666666666667
INFO:root:elite fitness: 0.26336
INFO:root:Generation: 172
INFO:root:pop fitness: 0.1479133333333333
INFO:root:elite fitness: 0.25277333333333335
INFO:root:Generation: 187
INFO:root:pop fitness: 0.14650666666666667
INFO:root:elite fitness: 0.25293333333333334
INFO:root:Generation: 173
INFO:root:pop fitness: 0.13413999999999995
INFO:root:elite fitness: 0.21785333333333337
INFO:root:Generation: 188
INFO:root:pop fitness: 0.1564266666666667
INFO:root:elite fitness: 0.2590266666666667
INFO:root:Generation: 174
INFO:root:pop fitness: 0.14744
INFO:root:elite fitness: 0.2542666666666667
INFO:root:Generation: 189
INFO:root:pop fitness: 0.14836000000000002
INFO:root:elite fitness: 0.24950666666666668
INFO:root:Generation: 175
INFO:root:pop fitness: 0.14394
INFO:root:elite fitness: 0.23009333333333326
INFO:root:Generation: 190
INFO:root:pop fitness: 0.1321
INFO:root:elite fitness: 0.21148
INFO:root:Generation: 176
INFO:root:pop fitness: 0.12766
INFO:root:elite fitness: 0.20997333333333332
INFO:root:Generation: 191
INFO:root:pop fitness: 0.14713333333333334
INFO:root:elite fitness: 0.2498533333333333
INFO:root:Generation: 177
INFO:root:pop fitness: 0.15203333333333333
INFO:root:elite fitness: 0.24601333333333344
INFO:root:Generation: 192
INFO:root:pop fitness: 0.14024666666666666
INFO:root:elite fitness: 0.2341866666666667
INFO:root:Generation: 178
INFO:root:pop fitness: 0.13977333333333333
INFO:root:elite fitness: 0.24610666666666675
INFO:root:Generation: 193
INFO:root:pop fitness: 0.14456
INFO:root:elite fitness: 0.24343999999999993
INFO:root:Generation: 179
INFO:root:pop fitness: 0.13502
INFO:root:elite fitness: 0.23612000000000005
INFO:root:Generation: 194
INFO:root:pop fitness: 0.1501733333333333
INFO:root:elite fitness: 0.24105333333333334
INFO:root:Generation: 180
INFO:root:pop fitness: 0.13326666666666667
INFO:root:elite fitness: 0.2360666666666667
INFO:root:Generation: 195
INFO:root:pop fitness: 0.14598666666666668
INFO:root:elite fitness: 0.26417333333333337
INFO:root:Generation: 196
INFO:root:pop fitness: 0.15814666666666663
INFO:root:elite fitness: 0.26883999999999997
INFO:root:Generation: 181
INFO:root:pop fitness: 0.13379333333333332
INFO:root:elite fitness: 0.23038666666666666
INFO:root:Generation: 197
INFO:root:pop fitness: 0.1387
INFO:root:elite fitness: 0.23607999999999998
INFO:root:Generation: 182
INFO:root:pop fitness: 0.14091333333333333
INFO:root:elite fitness: 0.24689333333333333
INFO:root:Generation: 198
INFO:root:pop fitness: 0.1579
INFO:root:elite fitness: 0.26282666666666665
INFO:root:Generation: 183
INFO:root:pop fitness: 0.14113333333333333
INFO:root:elite fitness: 0.23949333333333336
INFO:root:Generation: 199
INFO:root:pop fitness: 0.13613999999999998
INFO:root:elite fitness: 0.2335066666666667
INFO:root:Generation: 184
INFO:root:pop fitness: 0.13457333333333332
INFO:root:elite fitness: 0.22111999999999998
INFO:root:Generation: 185
INFO:root:pop fitness: 0.13132
INFO:root:elite fitness: 0.2313866666666667
INFO:root:Generation: 186
INFO:root:pop fitness: 0.14547333333333332
INFO:root:elite fitness: 0.22862666666666664
INFO:root:Generation: 187
INFO:root:pop fitness: 0.13455333333333333
INFO:root:elite fitness: 0.22533333333333336
INFO:root:Generation: 188
INFO:root:pop fitness: 0.12866666666666668
INFO:root:elite fitness: 0.21984
INFO:root:Generation: 189
INFO:root:pop fitness: 0.13788
INFO:root:elite fitness: 0.24975999999999998
INFO:root:Generation: 190
INFO:root:pop fitness: 0.14675333333333335
INFO:root:elite fitness: 0.25268
INFO:root:Generation: 191
INFO:root:pop fitness: 0.13701999999999998
INFO:root:elite fitness: 0.23154666666666676
INFO:root:Generation: 192
INFO:root:pop fitness: 0.14778666666666665
INFO:root:elite fitness: 0.23897333333333337
INFO:root:Generation: 193
INFO:root:pop fitness: 0.13859333333333335
INFO:root:elite fitness: 0.24346666666666664
INFO:root:Generation: 194
INFO:root:pop fitness: 0.14433333333333337
INFO:root:elite fitness: 0.2589333333333333
INFO:root:Generation: 195
INFO:root:pop fitness: 0.1426
INFO:root:elite fitness: 0.24926666666666664
INFO:root:Generation: 196
INFO:root:pop fitness: 0.13770000000000002
INFO:root:elite fitness: 0.23266666666666666
INFO:root:Generation: 197
INFO:root:pop fitness: 0.14346000000000003
INFO:root:elite fitness: 0.25897333333333333
INFO:root:Generation: 198
INFO:root:pop fitness: 0.13250666666666666
INFO:root:elite fitness: 0.23194666666666663
INFO:root:Generation: 199
INFO:root:pop fitness: 0.14479333333333333
INFO:root:elite fitness: 0.2482266666666666
