INFO:root:run_master: Namespace(arms='10', hidden='16', layers='3', max_gen='200', message='', mutation_mag='0.01', name='nonStationary_v2', noise=True, pop_size='150', save_result=True, trials='100')
INFO:root:run_master: Namespace(arms='10', hidden='16', layers='3', max_gen='200', message='', mutation_mag='0.01', name='nonStationary_v2', noise=False, pop_size='150', save_result=True, trials='100')
INFO:root:Generation: 0
INFO:root:pop fitness: 0.10015333333333333
INFO:root:elite fitness: 0.11058666666666665
INFO:root:Generation: 0
INFO:root:pop fitness: 0.09974666666666666
INFO:root:elite fitness: 0.11066666666666668
INFO:root:Generation: 1
INFO:root:pop fitness: 0.09924
INFO:root:elite fitness: 0.11174666666666667
INFO:root:Generation: 1
INFO:root:pop fitness: 0.10052
INFO:root:elite fitness: 0.11314666666666667
INFO:root:Generation: 2
INFO:root:pop fitness: 0.10110666666666666
INFO:root:elite fitness: 0.11482666666666669
INFO:root:Generation: 2
INFO:root:pop fitness: 0.10096666666666666
INFO:root:elite fitness: 0.11246666666666665
INFO:root:Generation: 3
INFO:root:pop fitness: 0.10039333333333332
INFO:root:elite fitness: 0.11726666666666667
INFO:root:Generation: 3
INFO:root:pop fitness: 0.10020666666666665
INFO:root:elite fitness: 0.11583999999999998
INFO:root:Generation: 4
INFO:root:pop fitness: 0.09939333333333332
INFO:root:elite fitness: 0.11772000000000003
INFO:root:Generation: 4
INFO:root:pop fitness: 0.10313999999999998
INFO:root:elite fitness: 0.12094666666666669
INFO:root:Generation: 5
INFO:root:pop fitness: 0.09899999999999999
INFO:root:elite fitness: 0.11892000000000003
INFO:root:Generation: 5
INFO:root:pop fitness: 0.10064000000000001
INFO:root:elite fitness: 0.12292000000000002
INFO:root:Generation: 6
INFO:root:pop fitness: 0.10319333333333333
INFO:root:elite fitness: 0.12764
INFO:root:Generation: 6
INFO:root:pop fitness: 0.10107999999999999
INFO:root:elite fitness: 0.13464
INFO:root:Generation: 7
INFO:root:pop fitness: 0.09870666666666665
INFO:root:elite fitness: 0.1285333333333333
INFO:root:Generation: 7
INFO:root:pop fitness: 0.09827999999999999
INFO:root:elite fitness: 0.12502666666666665
INFO:root:Generation: 8
INFO:root:pop fitness: 0.09987333333333331
INFO:root:elite fitness: 0.13037333333333329
INFO:root:Generation: 8
INFO:root:pop fitness: 0.10320666666666667
INFO:root:elite fitness: 0.13585333333333333
INFO:root:Generation: 9
INFO:root:pop fitness: 0.10407333333333334
INFO:root:elite fitness: 0.14924
INFO:root:Generation: 9
INFO:root:pop fitness: 0.09893333333333333
INFO:root:elite fitness: 0.14554666666666669
INFO:root:Generation: 10
INFO:root:pop fitness: 0.10354666666666666
INFO:root:elite fitness: 0.13974666666666666
INFO:root:Generation: 11
INFO:root:pop fitness: 0.10621333333333334
INFO:root:elite fitness: 0.15588
INFO:root:Generation: 10
INFO:root:pop fitness: 0.09762
INFO:root:elite fitness: 0.13126666666666664
INFO:root:Generation: 12
INFO:root:pop fitness: 0.10084666666666665
INFO:root:elite fitness: 0.14890666666666666
INFO:root:Generation: 11
INFO:root:pop fitness: 0.09829999999999998
INFO:root:elite fitness: 0.14003999999999997
INFO:root:Generation: 13
INFO:root:pop fitness: 0.10294666666666666
INFO:root:elite fitness: 0.15080000000000002
INFO:root:Generation: 12
INFO:root:pop fitness: 0.09931333333333334
INFO:root:elite fitness: 0.1299066666666667
INFO:root:Generation: 14
INFO:root:pop fitness: 0.10618
INFO:root:elite fitness: 0.16082666666666667
INFO:root:Generation: 13
INFO:root:pop fitness: 0.1076
INFO:root:elite fitness: 0.1565466666666667
INFO:root:Generation: 15
INFO:root:pop fitness: 0.10476666666666666
INFO:root:elite fitness: 0.15993333333333332
INFO:root:Generation: 14
INFO:root:pop fitness: 0.10442
INFO:root:elite fitness: 0.15426666666666666
INFO:root:Generation: 16
INFO:root:pop fitness: 0.10663333333333334
INFO:root:elite fitness: 0.16117333333333334
INFO:root:Generation: 15
INFO:root:pop fitness: 0.10851999999999999
INFO:root:elite fitness: 0.15789333333333336
INFO:root:Generation: 17
INFO:root:pop fitness: 0.11048000000000002
INFO:root:elite fitness: 0.17337333333333332
INFO:root:Generation: 16
INFO:root:pop fitness: 0.10564
INFO:root:elite fitness: 0.17202666666666666
INFO:root:Generation: 18
INFO:root:pop fitness: 0.11293333333333332
INFO:root:elite fitness: 0.1779333333333333
INFO:root:Generation: 17
INFO:root:pop fitness: 0.11012666666666665
INFO:root:elite fitness: 0.18196
INFO:root:Generation: 19
INFO:root:pop fitness: 0.11378666666666665
INFO:root:elite fitness: 0.19261333333333336
INFO:root:Generation: 18
INFO:root:pop fitness: 0.11309333333333332
INFO:root:elite fitness: 0.17081333333333334
INFO:root:Generation: 20
INFO:root:pop fitness: 0.10961333333333334
INFO:root:elite fitness: 0.18539999999999998
INFO:root:Generation: 19
INFO:root:pop fitness: 0.10779333333333334
INFO:root:elite fitness: 0.16601333333333332
INFO:root:Generation: 21
INFO:root:pop fitness: 0.11124666666666665
INFO:root:elite fitness: 0.19183999999999998
INFO:root:Generation: 20
INFO:root:pop fitness: 0.10548
INFO:root:elite fitness: 0.16148
INFO:root:Generation: 22
INFO:root:pop fitness: 0.11402000000000001
INFO:root:elite fitness: 0.19185333333333335
INFO:root:Generation: 23
INFO:root:pop fitness: 0.10728000000000001
INFO:root:elite fitness: 0.19393333333333335
INFO:root:Generation: 21
INFO:root:pop fitness: 0.10617333333333334
INFO:root:elite fitness: 0.1737466666666667
INFO:root:Generation: 24
INFO:root:pop fitness: 0.11211999999999998
INFO:root:elite fitness: 0.1739466666666667
INFO:root:Generation: 22
INFO:root:pop fitness: 0.10729999999999999
INFO:root:elite fitness: 0.17769333333333337
INFO:root:Generation: 25
INFO:root:pop fitness: 0.11331333333333334
INFO:root:elite fitness: 0.20985333333333334
INFO:root:Generation: 23
INFO:root:pop fitness: 0.11449999999999998
INFO:root:elite fitness: 0.17357333333333333
INFO:root:Generation: 26
INFO:root:pop fitness: 0.12746
INFO:root:elite fitness: 0.22364
INFO:root:Generation: 24
INFO:root:pop fitness: 0.10604666666666668
INFO:root:elite fitness: 0.17262666666666662
INFO:root:Generation: 27
INFO:root:pop fitness: 0.1261133333333333
INFO:root:elite fitness: 0.2184666666666667
INFO:root:Generation: 25
INFO:root:pop fitness: 0.11691333333333333
INFO:root:elite fitness: 0.19030666666666665
INFO:root:Generation: 28
INFO:root:pop fitness: 0.12304
INFO:root:elite fitness: 0.20881333333333332
INFO:root:Generation: 26
INFO:root:pop fitness: 0.10116666666666667
INFO:root:elite fitness: 0.15643999999999997
INFO:root:Generation: 29
INFO:root:pop fitness: 0.11984666666666667
INFO:root:elite fitness: 0.20994666666666667
INFO:root:Generation: 27
INFO:root:pop fitness: 0.11163333333333333
INFO:root:elite fitness: 0.1774
INFO:root:Generation: 30
INFO:root:pop fitness: 0.12366666666666665
INFO:root:elite fitness: 0.2152
INFO:root:Generation: 28
INFO:root:pop fitness: 0.11475999999999999
INFO:root:elite fitness: 0.18488000000000002
INFO:root:Generation: 31
INFO:root:pop fitness: 0.11729999999999999
INFO:root:elite fitness: 0.2033866666666667
INFO:root:Generation: 32
INFO:root:pop fitness: 0.1238133333333333
INFO:root:elite fitness: 0.20533333333333334
INFO:root:Generation: 29
INFO:root:pop fitness: 0.10954000000000001
INFO:root:elite fitness: 0.16146666666666668
INFO:root:Generation: 33
INFO:root:pop fitness: 0.1274466666666667
INFO:root:elite fitness: 0.21658666666666668
INFO:root:Generation: 30
INFO:root:pop fitness: 0.11702666666666668
INFO:root:elite fitness: 0.18834666666666666
INFO:root:Generation: 34
INFO:root:pop fitness: 0.12876
INFO:root:elite fitness: 0.22985333333333338
INFO:root:Generation: 31
INFO:root:pop fitness: 0.11719999999999998
INFO:root:elite fitness: 0.20076
INFO:root:Generation: 35
INFO:root:pop fitness: 0.1296866666666667
INFO:root:elite fitness: 0.2310666666666666
INFO:root:Generation: 32
INFO:root:pop fitness: 0.12758666666666665
INFO:root:elite fitness: 0.19518666666666667
INFO:root:Generation: 36
INFO:root:pop fitness: 0.12198666666666667
INFO:root:elite fitness: 0.21381333333333336
INFO:root:Generation: 33
INFO:root:pop fitness: 0.11500666666666667
INFO:root:elite fitness: 0.18821333333333332
INFO:root:Generation: 37
INFO:root:pop fitness: 0.12510666666666667
INFO:root:elite fitness: 0.2147466666666667
INFO:root:Generation: 34
INFO:root:pop fitness: 0.1259
INFO:root:elite fitness: 0.20581333333333335
INFO:root:Generation: 38
INFO:root:pop fitness: 0.12105999999999999
INFO:root:elite fitness: 0.1941866666666667
INFO:root:Generation: 35
INFO:root:pop fitness: 0.12514
INFO:root:elite fitness: 0.2188533333333334
INFO:root:Generation: 39
INFO:root:pop fitness: 0.13098666666666667
INFO:root:elite fitness: 0.21709333333333333
INFO:root:Generation: 36
INFO:root:pop fitness: 0.11732
INFO:root:elite fitness: 0.1922
INFO:root:Generation: 40
INFO:root:pop fitness: 0.12668666666666667
INFO:root:elite fitness: 0.20244
INFO:root:Generation: 41
INFO:root:pop fitness: 0.13346666666666668
INFO:root:elite fitness: 0.21708000000000002
INFO:root:Generation: 37
INFO:root:pop fitness: 0.12134666666666667
INFO:root:elite fitness: 0.20804000000000003
INFO:root:Generation: 42
INFO:root:pop fitness: 0.11265999999999998
INFO:root:elite fitness: 0.17688
INFO:root:Generation: 38
INFO:root:pop fitness: 0.13190000000000002
INFO:root:elite fitness: 0.21262666666666666
INFO:root:Generation: 43
INFO:root:pop fitness: 0.12632000000000002
INFO:root:elite fitness: 0.21304
INFO:root:Generation: 39
INFO:root:pop fitness: 0.12832
INFO:root:elite fitness: 0.2036133333333333
INFO:root:Generation: 44
INFO:root:pop fitness: 0.13663333333333333
INFO:root:elite fitness: 0.22785333333333335
INFO:root:Generation: 40
INFO:root:pop fitness: 0.12687333333333334
INFO:root:elite fitness: 0.21352000000000004
INFO:root:Generation: 45
INFO:root:pop fitness: 0.12481333333333335
INFO:root:elite fitness: 0.20198666666666665
INFO:root:Generation: 41
INFO:root:pop fitness: 0.12828
INFO:root:elite fitness: 0.22741333333333336
INFO:root:Generation: 46
INFO:root:pop fitness: 0.13266666666666665
INFO:root:elite fitness: 0.23361333333333328
INFO:root:Generation: 42
INFO:root:pop fitness: 0.1213
INFO:root:elite fitness: 0.19802666666666668
INFO:root:Generation: 47
INFO:root:pop fitness: 0.12747333333333336
INFO:root:elite fitness: 0.21986666666666668
INFO:root:Generation: 43
INFO:root:pop fitness: 0.13004
INFO:root:elite fitness: 0.22918666666666668
INFO:root:Generation: 48
INFO:root:pop fitness: 0.12838666666666665
INFO:root:elite fitness: 0.20933333333333332
INFO:root:Generation: 44
INFO:root:pop fitness: 0.12658666666666665
INFO:root:elite fitness: 0.21281333333333333
INFO:root:Generation: 49
INFO:root:pop fitness: 0.13
INFO:root:elite fitness: 0.23356000000000005
INFO:root:Generation: 45
INFO:root:pop fitness: 0.11674666666666667
INFO:root:elite fitness: 0.18736
INFO:root:Generation: 50
INFO:root:pop fitness: 0.13746
INFO:root:elite fitness: 0.23508
INFO:root:Generation: 51
INFO:root:pop fitness: 0.12784666666666666
INFO:root:elite fitness: 0.20976
INFO:root:Generation: 46
INFO:root:pop fitness: 0.12480666666666669
INFO:root:elite fitness: 0.20974666666666666
INFO:root:Generation: 52
INFO:root:pop fitness: 0.13439333333333334
INFO:root:elite fitness: 0.20440000000000003
INFO:root:Generation: 47
INFO:root:pop fitness: 0.1336
INFO:root:elite fitness: 0.23437333333333327
INFO:root:Generation: 53
INFO:root:pop fitness: 0.13510666666666665
INFO:root:elite fitness: 0.21930666666666668
INFO:root:Generation: 48
INFO:root:pop fitness: 0.13170666666666667
INFO:root:elite fitness: 0.22271999999999997
INFO:root:Generation: 54
INFO:root:pop fitness: 0.1296
INFO:root:elite fitness: 0.2084933333333333
INFO:root:Generation: 49
INFO:root:pop fitness: 0.12852666666666668
INFO:root:elite fitness: 0.21201333333333333
INFO:root:Generation: 55
INFO:root:pop fitness: 0.1326933333333333
INFO:root:elite fitness: 0.20264000000000001
INFO:root:Generation: 50
INFO:root:pop fitness: 0.13411333333333336
INFO:root:elite fitness: 0.22074666666666667
INFO:root:Generation: 56
INFO:root:pop fitness: 0.14325333333333334
INFO:root:elite fitness: 0.23609333333333335
INFO:root:Generation: 51
INFO:root:pop fitness: 0.13104666666666667
INFO:root:elite fitness: 0.21142666666666662
INFO:root:Generation: 57
INFO:root:pop fitness: 0.1284266666666667
INFO:root:elite fitness: 0.2175466666666667
INFO:root:Generation: 52
INFO:root:pop fitness: 0.13625333333333334
INFO:root:elite fitness: 0.22946666666666662
INFO:root:Generation: 58
INFO:root:pop fitness: 0.13024666666666665
INFO:root:elite fitness: 0.21238666666666667
INFO:root:Generation: 53
INFO:root:pop fitness: 0.13110666666666668
INFO:root:elite fitness: 0.21760000000000002
INFO:root:Generation: 59
INFO:root:pop fitness: 0.13231333333333334
INFO:root:elite fitness: 0.23348
INFO:root:Generation: 60
INFO:root:pop fitness: 0.13982666666666665
INFO:root:elite fitness: 0.24457333333333334
INFO:root:Generation: 54
INFO:root:pop fitness: 0.13866666666666666
INFO:root:elite fitness: 0.22578666666666658
INFO:root:Generation: 61
INFO:root:pop fitness: 0.13060666666666668
INFO:root:elite fitness: 0.22558666666666669
INFO:root:Generation: 55
INFO:root:pop fitness: 0.13503333333333334
INFO:root:elite fitness: 0.2217333333333333
INFO:root:Generation: 62
INFO:root:pop fitness: 0.12951333333333334
INFO:root:elite fitness: 0.2311866666666667
INFO:root:Generation: 56
INFO:root:pop fitness: 0.13867333333333332
INFO:root:elite fitness: 0.23210666666666668
INFO:root:Generation: 63
INFO:root:pop fitness: 0.13828000000000001
INFO:root:elite fitness: 0.23656000000000002
INFO:root:Generation: 57
INFO:root:pop fitness: 0.1449133333333333
INFO:root:elite fitness: 0.23958666666666673
INFO:root:Generation: 64
INFO:root:pop fitness: 0.14406
INFO:root:elite fitness: 0.2391333333333333
INFO:root:Generation: 58
INFO:root:pop fitness: 0.13854666666666668
INFO:root:elite fitness: 0.22483999999999996
INFO:root:Generation: 65
INFO:root:pop fitness: 0.14618
INFO:root:elite fitness: 0.23805333333333337
INFO:root:Generation: 59
INFO:root:pop fitness: 0.14692666666666668
INFO:root:elite fitness: 0.2700266666666667
INFO:root:Generation: 66
INFO:root:pop fitness: 0.14508666666666664
INFO:root:elite fitness: 0.2533866666666667
INFO:root:Generation: 60
INFO:root:pop fitness: 0.15073999999999999
INFO:root:elite fitness: 0.23778666666666662
INFO:root:Generation: 67
INFO:root:pop fitness: 0.13658666666666666
INFO:root:elite fitness: 0.22055999999999998
INFO:root:Generation: 68
INFO:root:pop fitness: 0.14618666666666666
INFO:root:elite fitness: 0.24278666666666665
INFO:root:Generation: 61
INFO:root:pop fitness: 0.14647333333333332
INFO:root:elite fitness: 0.23956
INFO:root:Generation: 69
INFO:root:pop fitness: 0.13238666666666668
INFO:root:elite fitness: 0.23871999999999996
INFO:root:Generation: 62
INFO:root:pop fitness: 0.14560666666666666
INFO:root:elite fitness: 0.23176000000000002
INFO:root:Generation: 70
INFO:root:pop fitness: 0.14658000000000002
INFO:root:elite fitness: 0.22171999999999997
INFO:root:Generation: 63
INFO:root:pop fitness: 0.15871333333333332
INFO:root:elite fitness: 0.2465333333333333
INFO:root:Generation: 71
INFO:root:pop fitness: 0.14707333333333336
INFO:root:elite fitness: 0.25037333333333334
INFO:root:Generation: 64
INFO:root:pop fitness: 0.14989333333333332
INFO:root:elite fitness: 0.24201333333333333
INFO:root:Generation: 72
INFO:root:pop fitness: 0.14717333333333335
INFO:root:elite fitness: 0.2456
INFO:root:Generation: 65
INFO:root:pop fitness: 0.15128666666666668
INFO:root:elite fitness: 0.22996
INFO:root:Generation: 73
INFO:root:pop fitness: 0.14689999999999998
INFO:root:elite fitness: 0.2325866666666667
INFO:root:Generation: 66
INFO:root:pop fitness: 0.15128
INFO:root:elite fitness: 0.2523733333333334
INFO:root:Generation: 74
INFO:root:pop fitness: 0.14351999999999998
INFO:root:elite fitness: 0.24258666666666664
INFO:root:Generation: 67
INFO:root:pop fitness: 0.16558
INFO:root:elite fitness: 0.27072
INFO:root:Generation: 75
INFO:root:pop fitness: 0.13939999999999997
INFO:root:elite fitness: 0.2285066666666667
INFO:root:Generation: 76
INFO:root:pop fitness: 0.13489333333333334
INFO:root:elite fitness: 0.23064
INFO:root:Generation: 68
INFO:root:pop fitness: 0.14525333333333335
INFO:root:elite fitness: 0.2524266666666667
INFO:root:Generation: 77
INFO:root:pop fitness: 0.13672
INFO:root:elite fitness: 0.24083999999999994
INFO:root:Generation: 69
INFO:root:pop fitness: 0.15365333333333334
INFO:root:elite fitness: 0.24453333333333338
INFO:root:Generation: 78
INFO:root:pop fitness: 0.1346466666666667
INFO:root:elite fitness: 0.2325466666666667
INFO:root:Generation: 70
INFO:root:pop fitness: 0.1353
INFO:root:elite fitness: 0.23892
INFO:root:Generation: 79
INFO:root:pop fitness: 0.1323
INFO:root:elite fitness: 0.23396000000000006
INFO:root:Generation: 71
INFO:root:pop fitness: 0.17386666666666667
INFO:root:elite fitness: 0.30114666666666673
INFO:root:Generation: 80
INFO:root:pop fitness: 0.1304
INFO:root:elite fitness: 0.21401333333333336
INFO:root:Generation: 72
INFO:root:pop fitness: 0.16697333333333333
INFO:root:elite fitness: 0.2630266666666667
INFO:root:Generation: 81
INFO:root:pop fitness: 0.13540666666666668
INFO:root:elite fitness: 0.22205333333333338
INFO:root:Generation: 73
INFO:root:pop fitness: 0.15270666666666668
INFO:root:elite fitness: 0.23974666666666675
INFO:root:Generation: 82
INFO:root:pop fitness: 0.13487333333333335
INFO:root:elite fitness: 0.2360933333333333
INFO:root:Generation: 74
INFO:root:pop fitness: 0.15234
INFO:root:elite fitness: 0.26626666666666654
INFO:root:Generation: 83
INFO:root:pop fitness: 0.14084666666666665
INFO:root:elite fitness: 0.23902666666666667
INFO:root:Generation: 84
INFO:root:pop fitness: 0.13195333333333334
INFO:root:elite fitness: 0.23810666666666666
INFO:root:Generation: 75
INFO:root:pop fitness: 0.16361333333333333
INFO:root:elite fitness: 0.26133333333333336
INFO:root:Generation: 85
INFO:root:pop fitness: 0.13429333333333332
INFO:root:elite fitness: 0.24882666666666664
INFO:root:Generation: 76
INFO:root:pop fitness: 0.15360666666666667
INFO:root:elite fitness: 0.2596133333333333
INFO:root:Generation: 86
INFO:root:pop fitness: 0.14087333333333332
INFO:root:elite fitness: 0.22025333333333336
INFO:root:Generation: 77
INFO:root:pop fitness: 0.16069999999999998
INFO:root:elite fitness: 0.27564
INFO:root:Generation: 87
INFO:root:pop fitness: 0.1317
INFO:root:elite fitness: 0.22088000000000002
INFO:root:Generation: 78
INFO:root:pop fitness: 0.14866666666666664
INFO:root:elite fitness: 0.25642666666666664
INFO:root:Generation: 88
INFO:root:pop fitness: 0.13395333333333334
INFO:root:elite fitness: 0.21116
INFO:root:Generation: 79
INFO:root:pop fitness: 0.14678000000000002
INFO:root:elite fitness: 0.2611066666666667
INFO:root:Generation: 89
INFO:root:pop fitness: 0.14386000000000002
INFO:root:elite fitness: 0.26433333333333336
INFO:root:Generation: 80
INFO:root:pop fitness: 0.16292
INFO:root:elite fitness: 0.24910666666666667
INFO:root:Generation: 90
INFO:root:pop fitness: 0.14206
INFO:root:elite fitness: 0.22419999999999998
INFO:root:Generation: 81
INFO:root:pop fitness: 0.16120666666666664
INFO:root:elite fitness: 0.24753333333333336
INFO:root:Generation: 91
INFO:root:pop fitness: 0.14748000000000003
INFO:root:elite fitness: 0.24107999999999993
INFO:root:Generation: 92
INFO:root:pop fitness: 0.14060000000000003
INFO:root:elite fitness: 0.25273333333333337
INFO:root:Generation: 82
INFO:root:pop fitness: 0.16641999999999998
INFO:root:elite fitness: 0.26611999999999997
INFO:root:Generation: 93
INFO:root:pop fitness: 0.1456866666666667
INFO:root:elite fitness: 0.2338
INFO:root:Generation: 83
INFO:root:pop fitness: 0.16717333333333334
INFO:root:elite fitness: 0.27498666666666677
INFO:root:Generation: 94
INFO:root:pop fitness: 0.14712666666666668
INFO:root:elite fitness: 0.2374533333333333
INFO:root:Generation: 84
INFO:root:pop fitness: 0.15759333333333334
INFO:root:elite fitness: 0.25476000000000004
INFO:root:Generation: 95
INFO:root:pop fitness: 0.14107333333333336
INFO:root:elite fitness: 0.23618666666666666
INFO:root:Generation: 85
INFO:root:pop fitness: 0.16287333333333331
INFO:root:elite fitness: 0.25992
INFO:root:Generation: 96
INFO:root:pop fitness: 0.14181999999999997
INFO:root:elite fitness: 0.24711999999999998
INFO:root:Generation: 86
INFO:root:pop fitness: 0.16476
INFO:root:elite fitness: 0.28888
INFO:root:Generation: 97
INFO:root:pop fitness: 0.1372066666666667
INFO:root:elite fitness: 0.2510266666666666
INFO:root:Generation: 87
INFO:root:pop fitness: 0.16662666666666667
INFO:root:elite fitness: 0.27673333333333333
INFO:root:Generation: 98
INFO:root:pop fitness: 0.14268666666666666
INFO:root:elite fitness: 0.2335733333333333
INFO:root:Generation: 88
INFO:root:pop fitness: 0.15829333333333334
INFO:root:elite fitness: 0.23281333333333332
INFO:root:Generation: 99
INFO:root:pop fitness: 0.15875333333333336
INFO:root:elite fitness: 0.2547066666666667
INFO:root:Generation: 89
INFO:root:pop fitness: 0.15849333333333335
INFO:root:elite fitness: 0.2588266666666667
INFO:root:Generation: 100
INFO:root:pop fitness: 0.14627333333333334
INFO:root:elite fitness: 0.2544666666666666
INFO:root:Generation: 90
INFO:root:pop fitness: 0.1636066666666667
INFO:root:elite fitness: 0.25084
INFO:root:Generation: 101
INFO:root:pop fitness: 0.15878
INFO:root:elite fitness: 0.25572
INFO:root:Generation: 91
INFO:root:pop fitness: 0.15542666666666666
INFO:root:elite fitness: 0.24941333333333332
INFO:root:Generation: 102
INFO:root:pop fitness: 0.16123333333333334
INFO:root:elite fitness: 0.27909333333333336
INFO:root:Generation: 92
INFO:root:pop fitness: 0.16238
INFO:root:elite fitness: 0.25953333333333334
INFO:root:Generation: 103
INFO:root:pop fitness: 0.14834
INFO:root:elite fitness: 0.25877333333333324
INFO:root:Generation: 104
INFO:root:pop fitness: 0.15572000000000003
INFO:root:elite fitness: 0.25345333333333336
INFO:root:Generation: 93
INFO:root:pop fitness: 0.16391999999999998
INFO:root:elite fitness: 0.2656533333333333
INFO:root:Generation: 105
INFO:root:pop fitness: 0.15687333333333334
INFO:root:elite fitness: 0.25778666666666666
INFO:root:Generation: 94
INFO:root:pop fitness: 0.16640666666666665
INFO:root:elite fitness: 0.2747866666666666
INFO:root:Generation: 106
INFO:root:pop fitness: 0.15346666666666667
INFO:root:elite fitness: 0.2595733333333333
INFO:root:Generation: 95
INFO:root:pop fitness: 0.14592000000000002
INFO:root:elite fitness: 0.23929333333333336
INFO:root:Generation: 107
INFO:root:pop fitness: 0.14687999999999998
INFO:root:elite fitness: 0.24464000000000002
INFO:root:Generation: 96
INFO:root:pop fitness: 0.16497333333333336
INFO:root:elite fitness: 0.2593733333333334
INFO:root:Generation: 108
INFO:root:pop fitness: 0.15440666666666666
INFO:root:elite fitness: 0.25078666666666666
INFO:root:Generation: 97
INFO:root:pop fitness: 0.15209333333333333
INFO:root:elite fitness: 0.2560266666666666
INFO:root:Generation: 109
INFO:root:pop fitness: 0.14794666666666664
INFO:root:elite fitness: 0.25712
INFO:root:Generation: 98
INFO:root:pop fitness: 0.15017333333333335
INFO:root:elite fitness: 0.2670133333333334
INFO:root:Generation: 110
INFO:root:pop fitness: 0.16528
INFO:root:elite fitness: 0.2669066666666667
INFO:root:Generation: 99
INFO:root:pop fitness: 0.15023333333333336
INFO:root:elite fitness: 0.24336
INFO:root:Generation: 111
INFO:root:pop fitness: 0.15394
INFO:root:elite fitness: 0.24561333333333332
INFO:root:Generation: 112
INFO:root:pop fitness: 0.14869333333333334
INFO:root:elite fitness: 0.2425866666666667
INFO:root:Generation: 100
INFO:root:pop fitness: 0.1527466666666667
INFO:root:elite fitness: 0.24798666666666663
INFO:root:Generation: 113
INFO:root:pop fitness: 0.14448666666666665
INFO:root:elite fitness: 0.23705333333333337
INFO:root:Generation: 101
INFO:root:pop fitness: 0.16086666666666669
INFO:root:elite fitness: 0.26855999999999997
INFO:root:Generation: 114
INFO:root:pop fitness: 0.15039333333333332
INFO:root:elite fitness: 0.25713333333333327
INFO:root:Generation: 102
INFO:root:pop fitness: 0.15837333333333334
INFO:root:elite fitness: 0.25236000000000003
INFO:root:Generation: 115
INFO:root:pop fitness: 0.16812
INFO:root:elite fitness: 0.2602933333333334
INFO:root:Generation: 103
INFO:root:pop fitness: 0.16526
INFO:root:elite fitness: 0.26543999999999995
INFO:root:Generation: 116
INFO:root:pop fitness: 0.15522
INFO:root:elite fitness: 0.24581333333333333
INFO:root:Generation: 104
INFO:root:pop fitness: 0.15434
INFO:root:elite fitness: 0.24721333333333334
INFO:root:Generation: 117
INFO:root:pop fitness: 0.15665999999999997
INFO:root:elite fitness: 0.2580933333333334
INFO:root:Generation: 118
INFO:root:pop fitness: 0.14917333333333335
INFO:root:elite fitness: 0.25688
INFO:root:Generation: 105
INFO:root:pop fitness: 0.14307333333333333
INFO:root:elite fitness: 0.23044
INFO:root:Generation: 119
INFO:root:pop fitness: 0.15277333333333337
INFO:root:elite fitness: 0.2476666666666667
INFO:root:Generation: 106
INFO:root:pop fitness: 0.14187333333333335
INFO:root:elite fitness: 0.2311866666666666
INFO:root:Generation: 120
INFO:root:pop fitness: 0.14336666666666664
INFO:root:elite fitness: 0.23832000000000003
INFO:root:Generation: 107
INFO:root:pop fitness: 0.15643333333333337
INFO:root:elite fitness: 0.2654533333333334
INFO:root:Generation: 121
INFO:root:pop fitness: 0.15928
INFO:root:elite fitness: 0.26730666666666664
INFO:root:Generation: 108
INFO:root:pop fitness: 0.1492733333333333
INFO:root:elite fitness: 0.2504
INFO:root:Generation: 122
INFO:root:pop fitness: 0.16118
INFO:root:elite fitness: 0.2555066666666667
INFO:root:Generation: 109
INFO:root:pop fitness: 0.14544666666666667
INFO:root:elite fitness: 0.23492000000000005
INFO:root:Generation: 123
INFO:root:pop fitness: 0.15279333333333334
INFO:root:elite fitness: 0.25388000000000005
INFO:root:Generation: 110
INFO:root:pop fitness: 0.16392000000000004
INFO:root:elite fitness: 0.2527466666666666
INFO:root:Generation: 124
INFO:root:pop fitness: 0.15316
INFO:root:elite fitness: 0.24197333333333332
INFO:root:Generation: 125
INFO:root:pop fitness: 0.15486
INFO:root:elite fitness: 0.2611466666666667
INFO:root:Generation: 111
INFO:root:pop fitness: 0.1456866666666667
INFO:root:elite fitness: 0.25484
INFO:root:Generation: 126
INFO:root:pop fitness: 0.1491
INFO:root:elite fitness: 0.24498666666666666
INFO:root:Generation: 112
INFO:root:pop fitness: 0.14510666666666666
INFO:root:elite fitness: 0.23882666666666666
INFO:root:Generation: 127
INFO:root:pop fitness: 0.15012666666666669
INFO:root:elite fitness: 0.24830666666666668
INFO:root:Generation: 113
INFO:root:pop fitness: 0.15318666666666667
INFO:root:elite fitness: 0.24852000000000005
INFO:root:Generation: 128
INFO:root:pop fitness: 0.14342000000000005
INFO:root:elite fitness: 0.2523066666666666
INFO:root:Generation: 114
INFO:root:pop fitness: 0.14408
INFO:root:elite fitness: 0.24148
INFO:root:Generation: 129
INFO:root:pop fitness: 0.16355999999999998
INFO:root:elite fitness: 0.2950933333333334
INFO:root:Generation: 115
INFO:root:pop fitness: 0.15162666666666666
INFO:root:elite fitness: 0.25993333333333335
INFO:root:Generation: 130
INFO:root:pop fitness: 0.1542
INFO:root:elite fitness: 0.25988
INFO:root:Generation: 116
INFO:root:pop fitness: 0.1610933333333333
INFO:root:elite fitness: 0.2831733333333334
INFO:root:Generation: 131
INFO:root:pop fitness: 0.15051333333333333
INFO:root:elite fitness: 0.25167999999999996
INFO:root:Generation: 117
INFO:root:pop fitness: 0.15882666666666664
INFO:root:elite fitness: 0.24234666666666665
INFO:root:Generation: 132
INFO:root:pop fitness: 0.16189333333333336
INFO:root:elite fitness: 0.26297333333333334
INFO:root:Generation: 118
INFO:root:pop fitness: 0.15215333333333333
INFO:root:elite fitness: 0.26172
INFO:root:Generation: 133
INFO:root:pop fitness: 0.1526
INFO:root:elite fitness: 0.2521466666666667
INFO:root:Generation: 119
INFO:root:pop fitness: 0.16457999999999998
INFO:root:elite fitness: 0.2656
INFO:root:Generation: 134
INFO:root:pop fitness: 0.15044666666666667
INFO:root:elite fitness: 0.28
INFO:root:Generation: 135
INFO:root:pop fitness: 0.14668
INFO:root:elite fitness: 0.23476
INFO:root:Generation: 120
INFO:root:pop fitness: 0.15424000000000002
INFO:root:elite fitness: 0.2636
INFO:root:Generation: 136
INFO:root:pop fitness: 0.15666000000000002
INFO:root:elite fitness: 0.25589333333333336
INFO:root:Generation: 121
INFO:root:pop fitness: 0.14912666666666666
INFO:root:elite fitness: 0.2530266666666667
INFO:root:Generation: 137
INFO:root:pop fitness: 0.14374666666666666
INFO:root:elite fitness: 0.23
INFO:root:Generation: 122
INFO:root:pop fitness: 0.15785333333333332
INFO:root:elite fitness: 0.26816
INFO:root:Generation: 138
INFO:root:pop fitness: 0.15000000000000005
INFO:root:elite fitness: 0.2527733333333334
INFO:root:Generation: 123
INFO:root:pop fitness: 0.16599333333333333
INFO:root:elite fitness: 0.29649333333333333
INFO:root:Generation: 139
INFO:root:pop fitness: 0.1481
INFO:root:elite fitness: 0.2596533333333334
INFO:root:Generation: 124
INFO:root:pop fitness: 0.15514
INFO:root:elite fitness: 0.24670666666666666
INFO:root:Generation: 140
INFO:root:pop fitness: 0.15946000000000002
INFO:root:elite fitness: 0.2669466666666666
INFO:root:Generation: 125
INFO:root:pop fitness: 0.16178
INFO:root:elite fitness: 0.2520266666666666
INFO:root:Generation: 141
INFO:root:pop fitness: 0.1616733333333333
INFO:root:elite fitness: 0.26270666666666664
INFO:root:Generation: 126
INFO:root:pop fitness: 0.1510866666666667
INFO:root:elite fitness: 0.25006666666666666
INFO:root:Generation: 142
INFO:root:pop fitness: 0.16408666666666666
INFO:root:elite fitness: 0.28225333333333336
INFO:root:Generation: 127
INFO:root:pop fitness: 0.16321333333333332
INFO:root:elite fitness: 0.25318666666666667
INFO:root:Generation: 143
INFO:root:pop fitness: 0.15138666666666667
INFO:root:elite fitness: 0.2421333333333334
INFO:root:Generation: 144
INFO:root:pop fitness: 0.1383666666666667
INFO:root:elite fitness: 0.251
INFO:root:Generation: 128
INFO:root:pop fitness: 0.15339333333333333
INFO:root:elite fitness: 0.2559866666666667
INFO:root:Generation: 145
INFO:root:pop fitness: 0.15072666666666665
INFO:root:elite fitness: 0.2555199999999999
INFO:root:Generation: 129
INFO:root:pop fitness: 0.16447333333333333
INFO:root:elite fitness: 0.25064
INFO:root:Generation: 146
INFO:root:pop fitness: 0.14064666666666667
INFO:root:elite fitness: 0.23673333333333332
INFO:root:Generation: 130
INFO:root:pop fitness: 0.16341999999999998
INFO:root:elite fitness: 0.27749333333333337
INFO:root:Generation: 147
INFO:root:pop fitness: 0.15942
INFO:root:elite fitness: 0.24425333333333332
INFO:root:Generation: 131
INFO:root:pop fitness: 0.16258666666666666
INFO:root:elite fitness: 0.2904933333333334
INFO:root:Generation: 148
INFO:root:pop fitness: 0.15058666666666667
INFO:root:elite fitness: 0.24396000000000007
INFO:root:Generation: 132
INFO:root:pop fitness: 0.15281333333333336
INFO:root:elite fitness: 0.24577333333333334
INFO:root:Generation: 149
INFO:root:pop fitness: 0.15170666666666666
INFO:root:elite fitness: 0.2502933333333333
INFO:root:Generation: 133
INFO:root:pop fitness: 0.15611333333333335
INFO:root:elite fitness: 0.23897333333333332
INFO:root:Generation: 150
INFO:root:pop fitness: 0.17425333333333332
INFO:root:elite fitness: 0.28152
INFO:root:Generation: 134
INFO:root:pop fitness: 0.1602
INFO:root:elite fitness: 0.2805466666666667
INFO:root:Generation: 151
INFO:root:pop fitness: 0.16443999999999998
INFO:root:elite fitness: 0.28357333333333334
INFO:root:Generation: 152
INFO:root:pop fitness: 0.16588666666666663
INFO:root:elite fitness: 0.2919333333333333
INFO:root:Generation: 135
INFO:root:pop fitness: 0.16894
INFO:root:elite fitness: 0.27025333333333335
INFO:root:Generation: 153
INFO:root:pop fitness: 0.15936666666666668
INFO:root:elite fitness: 0.2702
INFO:root:Generation: 136
INFO:root:pop fitness: 0.17130666666666666
INFO:root:elite fitness: 0.26966666666666667
INFO:root:Generation: 154
INFO:root:pop fitness: 0.1644
INFO:root:elite fitness: 0.2634666666666667
INFO:root:Generation: 137
INFO:root:pop fitness: 0.15121333333333334
INFO:root:elite fitness: 0.2532266666666667
INFO:root:Generation: 155
INFO:root:pop fitness: 0.16587333333333334
INFO:root:elite fitness: 0.2935066666666667
INFO:root:Generation: 138
INFO:root:pop fitness: 0.16636666666666666
INFO:root:elite fitness: 0.27702666666666664
INFO:root:Generation: 156
INFO:root:pop fitness: 0.15272666666666668
INFO:root:elite fitness: 0.2409733333333333
INFO:root:Generation: 139
INFO:root:pop fitness: 0.16469999999999999
INFO:root:elite fitness: 0.2650533333333333
INFO:root:Generation: 157
INFO:root:pop fitness: 0.17045333333333332
INFO:root:elite fitness: 0.29116
INFO:root:Generation: 140
INFO:root:pop fitness: 0.15520666666666666
INFO:root:elite fitness: 0.27646666666666664
INFO:root:Generation: 158
INFO:root:pop fitness: 0.16732666666666668
INFO:root:elite fitness: 0.2875333333333333
INFO:root:Generation: 141
INFO:root:pop fitness: 0.17400666666666667
INFO:root:elite fitness: 0.28872
INFO:root:Generation: 159
INFO:root:pop fitness: 0.1611
INFO:root:elite fitness: 0.2710533333333333
INFO:root:Generation: 142
INFO:root:pop fitness: 0.15846000000000002
INFO:root:elite fitness: 0.2601333333333333
INFO:root:Generation: 160
INFO:root:pop fitness: 0.16222
INFO:root:elite fitness: 0.2634666666666667
INFO:root:Generation: 143
INFO:root:pop fitness: 0.15746666666666664
INFO:root:elite fitness: 0.27357333333333334
INFO:root:Generation: 161
INFO:root:pop fitness: 0.16238000000000002
INFO:root:elite fitness: 0.2815733333333333
INFO:root:Generation: 144
INFO:root:pop fitness: 0.15874666666666665
INFO:root:elite fitness: 0.25527999999999995
INFO:root:Generation: 162
INFO:root:pop fitness: 0.1640333333333333
INFO:root:elite fitness: 0.26037333333333335
INFO:root:Generation: 163
INFO:root:pop fitness: 0.1555
INFO:root:elite fitness: 0.25999999999999995
INFO:root:Generation: 145
INFO:root:pop fitness: 0.15811333333333338
INFO:root:elite fitness: 0.2563066666666666
INFO:root:Generation: 164
INFO:root:pop fitness: 0.16480666666666666
INFO:root:elite fitness: 0.26484
INFO:root:Generation: 146
INFO:root:pop fitness: 0.17622666666666664
INFO:root:elite fitness: 0.29668
INFO:root:Generation: 165
INFO:root:pop fitness: 0.15504666666666667
INFO:root:elite fitness: 0.24581333333333333
INFO:root:Generation: 147
INFO:root:pop fitness: 0.16718
INFO:root:elite fitness: 0.28786666666666666
INFO:root:Generation: 166
INFO:root:pop fitness: 0.1684466666666667
INFO:root:elite fitness: 0.28761333333333333
INFO:root:Generation: 148
INFO:root:pop fitness: 0.16513333333333335
INFO:root:elite fitness: 0.26664
INFO:root:Generation: 167
INFO:root:pop fitness: 0.1583
INFO:root:elite fitness: 0.25886666666666663
INFO:root:Generation: 149
INFO:root:pop fitness: 0.16152
INFO:root:elite fitness: 0.26992000000000005
INFO:root:Generation: 168
INFO:root:pop fitness: 0.16052000000000002
INFO:root:elite fitness: 0.2591733333333334
INFO:root:Generation: 150
INFO:root:pop fitness: 0.1720266666666667
INFO:root:elite fitness: 0.28441333333333335
INFO:root:Generation: 169
INFO:root:pop fitness: 0.15843333333333334
INFO:root:elite fitness: 0.26972
INFO:root:Generation: 151
INFO:root:pop fitness: 0.16155999999999995
INFO:root:elite fitness: 0.2578533333333333
INFO:root:Generation: 152
INFO:root:pop fitness: 0.16327999999999998
INFO:root:elite fitness: 0.2688133333333333
INFO:root:Generation: 170
INFO:root:pop fitness: 0.1596
INFO:root:elite fitness: 0.26036000000000004
INFO:root:Generation: 153
INFO:root:pop fitness: 0.16964666666666664
INFO:root:elite fitness: 0.26250666666666667
INFO:root:Generation: 171
INFO:root:pop fitness: 0.16548000000000002
INFO:root:elite fitness: 0.26327999999999996
INFO:root:Generation: 154
INFO:root:pop fitness: 0.16109333333333334
INFO:root:elite fitness: 0.24792000000000003
INFO:root:Generation: 172
INFO:root:pop fitness: 0.16347333333333333
INFO:root:elite fitness: 0.26937333333333335
INFO:root:Generation: 155
INFO:root:pop fitness: 0.1691933333333333
INFO:root:elite fitness: 0.26126666666666665
INFO:root:Generation: 173
INFO:root:pop fitness: 0.16007333333333335
INFO:root:elite fitness: 0.26165333333333335
INFO:root:Generation: 174
INFO:root:pop fitness: 0.1662666666666667
INFO:root:elite fitness: 0.2671333333333333
INFO:root:Generation: 156
INFO:root:pop fitness: 0.16988
INFO:root:elite fitness: 0.2829866666666667
INFO:root:Generation: 175
INFO:root:pop fitness: 0.16857999999999998
INFO:root:elite fitness: 0.2681866666666667
INFO:root:Generation: 157
INFO:root:pop fitness: 0.17296000000000003
INFO:root:elite fitness: 0.2696133333333333
INFO:root:Generation: 176
INFO:root:pop fitness: 0.15856
INFO:root:elite fitness: 0.2581866666666667
INFO:root:Generation: 158
INFO:root:pop fitness: 0.17717333333333332
INFO:root:elite fitness: 0.28391999999999995
INFO:root:Generation: 177
INFO:root:pop fitness: 0.15938
INFO:root:elite fitness: 0.25769333333333333
INFO:root:Generation: 159
INFO:root:pop fitness: 0.1624066666666667
INFO:root:elite fitness: 0.26472
INFO:root:Generation: 178
INFO:root:pop fitness: 0.1641466666666667
INFO:root:elite fitness: 0.2716533333333333
INFO:root:Generation: 160
INFO:root:pop fitness: 0.15936666666666668
INFO:root:elite fitness: 0.2529466666666666
INFO:root:Generation: 179
INFO:root:pop fitness: 0.14492666666666665
INFO:root:elite fitness: 0.24156000000000002
INFO:root:Generation: 161
INFO:root:pop fitness: 0.16468666666666668
INFO:root:elite fitness: 0.26014666666666664
INFO:root:Generation: 180
INFO:root:pop fitness: 0.15155333333333337
INFO:root:elite fitness: 0.25596
INFO:root:Generation: 162
INFO:root:pop fitness: 0.17486
INFO:root:elite fitness: 0.27388
INFO:root:Generation: 181
INFO:root:pop fitness: 0.16379333333333332
INFO:root:elite fitness: 0.25069333333333327
INFO:root:Generation: 163
INFO:root:pop fitness: 0.16748666666666664
INFO:root:elite fitness: 0.2580666666666666
INFO:root:Generation: 182
INFO:root:pop fitness: 0.16721333333333332
INFO:root:elite fitness: 0.28898666666666667
INFO:root:Generation: 164
INFO:root:pop fitness: 0.15921333333333332
INFO:root:elite fitness: 0.2588533333333333
INFO:root:Generation: 183
INFO:root:pop fitness: 0.15998666666666664
INFO:root:elite fitness: 0.24921333333333337
INFO:root:Generation: 165
INFO:root:pop fitness: 0.1709
INFO:root:elite fitness: 0.26865333333333336
INFO:root:Generation: 184
INFO:root:pop fitness: 0.16934666666666667
INFO:root:elite fitness: 0.2862133333333334
INFO:root:Generation: 166
INFO:root:pop fitness: 0.16561333333333333
INFO:root:elite fitness: 0.2444133333333333
INFO:root:Generation: 185
INFO:root:pop fitness: 0.15086000000000002
INFO:root:elite fitness: 0.24723999999999993
INFO:root:Generation: 186
INFO:root:pop fitness: 0.16577999999999998
INFO:root:elite fitness: 0.27672
INFO:root:Generation: 167
INFO:root:pop fitness: 0.18193333333333336
INFO:root:elite fitness: 0.2818400000000001
INFO:root:Generation: 187
INFO:root:pop fitness: 0.17244666666666664
INFO:root:elite fitness: 0.26981333333333335
INFO:root:Generation: 168
INFO:root:pop fitness: 0.15853333333333333
INFO:root:elite fitness: 0.25833333333333336
INFO:root:Generation: 188
INFO:root:pop fitness: 0.15512
INFO:root:elite fitness: 0.2474
INFO:root:Generation: 169
INFO:root:pop fitness: 0.1620666666666667
INFO:root:elite fitness: 0.24418666666666666
INFO:root:Generation: 189
INFO:root:pop fitness: 0.15237333333333333
INFO:root:elite fitness: 0.25001333333333337
INFO:root:Generation: 190
INFO:root:pop fitness: 0.16138
INFO:root:elite fitness: 0.27325333333333335
INFO:root:Generation: 170
INFO:root:pop fitness: 0.17700666666666665
INFO:root:elite fitness: 0.2844666666666667
INFO:root:Generation: 191
INFO:root:pop fitness: 0.15937333333333334
INFO:root:elite fitness: 0.2708133333333334
INFO:root:Generation: 171
INFO:root:pop fitness: 0.15983999999999998
INFO:root:elite fitness: 0.26236
INFO:root:Generation: 192
INFO:root:pop fitness: 0.15808666666666668
INFO:root:elite fitness: 0.2578666666666667
INFO:root:Generation: 193
INFO:root:pop fitness: 0.16447333333333333
INFO:root:elite fitness: 0.2670933333333333
INFO:root:Generation: 172
INFO:root:pop fitness: 0.16374666666666665
INFO:root:elite fitness: 0.25926666666666665
INFO:root:Generation: 194
INFO:root:pop fitness: 0.16321333333333335
INFO:root:elite fitness: 0.2733466666666666
INFO:root:Generation: 173
INFO:root:pop fitness: 0.16849333333333333
INFO:root:elite fitness: 0.2620133333333333
INFO:root:Generation: 195
INFO:root:pop fitness: 0.16884
INFO:root:elite fitness: 0.2722133333333333
INFO:root:Generation: 174
INFO:root:pop fitness: 0.16820666666666667
INFO:root:elite fitness: 0.26855999999999997
INFO:root:Generation: 196
INFO:root:pop fitness: 0.16776
INFO:root:elite fitness: 0.2738133333333333
INFO:root:Generation: 197
INFO:root:pop fitness: 0.17642666666666665
INFO:root:elite fitness: 0.2783066666666667
INFO:root:Generation: 175
INFO:root:pop fitness: 0.17045333333333332
INFO:root:elite fitness: 0.26940000000000003
INFO:root:Generation: 198
INFO:root:pop fitness: 0.16318
INFO:root:elite fitness: 0.28110666666666667
INFO:root:Generation: 176
INFO:root:pop fitness: 0.18168
INFO:root:elite fitness: 0.28725333333333336
INFO:root:Generation: 199
INFO:root:pop fitness: 0.16568000000000002
INFO:root:elite fitness: 0.2603466666666667
INFO:root:Generation: 177
INFO:root:pop fitness: 0.17436
INFO:root:elite fitness: 0.2749066666666667
INFO:root:Generation: 178
INFO:root:pop fitness: 0.16524666666666665
INFO:root:elite fitness: 0.2646533333333333
INFO:root:Generation: 179
INFO:root:pop fitness: 0.17977333333333334
INFO:root:elite fitness: 0.28308
INFO:root:Generation: 180
INFO:root:pop fitness: 0.17201333333333332
INFO:root:elite fitness: 0.27643999999999996
INFO:root:Generation: 181
INFO:root:pop fitness: 0.18252666666666664
INFO:root:elite fitness: 0.27985333333333334
INFO:root:Generation: 182
INFO:root:pop fitness: 0.1744
INFO:root:elite fitness: 0.28486666666666666
INFO:root:Generation: 183
INFO:root:pop fitness: 0.17108666666666664
INFO:root:elite fitness: 0.26080000000000003
INFO:root:Generation: 184
INFO:root:pop fitness: 0.17143999999999998
INFO:root:elite fitness: 0.2823466666666667
INFO:root:Generation: 185
INFO:root:pop fitness: 0.16177333333333332
INFO:root:elite fitness: 0.25512
INFO:root:Generation: 186
INFO:root:pop fitness: 0.16505333333333333
INFO:root:elite fitness: 0.25656
INFO:root:Generation: 187
INFO:root:pop fitness: 0.1668133333333333
INFO:root:elite fitness: 0.2581333333333333
INFO:root:Generation: 188
INFO:root:pop fitness: 0.16352000000000003
INFO:root:elite fitness: 0.25928
INFO:root:Generation: 189
INFO:root:pop fitness: 0.16076000000000001
INFO:root:elite fitness: 0.27282666666666666
INFO:root:Generation: 190
INFO:root:pop fitness: 0.1734
INFO:root:elite fitness: 0.2701866666666667
INFO:root:Generation: 191
INFO:root:pop fitness: 0.16586
INFO:root:elite fitness: 0.2597333333333333
INFO:root:Generation: 192
INFO:root:pop fitness: 0.17043999999999998
INFO:root:elite fitness: 0.27781333333333336
INFO:root:Generation: 193
INFO:root:pop fitness: 0.17224000000000003
INFO:root:elite fitness: 0.28028
INFO:root:Generation: 194
INFO:root:pop fitness: 0.16731333333333334
INFO:root:elite fitness: 0.2768133333333333
INFO:root:Generation: 195
INFO:root:pop fitness: 0.16279333333333337
INFO:root:elite fitness: 0.2584666666666667
INFO:root:Generation: 196
INFO:root:pop fitness: 0.1715
INFO:root:elite fitness: 0.27391999999999994
INFO:root:Generation: 197
INFO:root:pop fitness: 0.16834
INFO:root:elite fitness: 0.2711866666666667
INFO:root:Generation: 198
INFO:root:pop fitness: 0.17129333333333333
INFO:root:elite fitness: 0.28458666666666665
INFO:root:Generation: 199
INFO:root:pop fitness: 0.18009333333333336
INFO:root:elite fitness: 0.2931066666666666
