INFO:root:run_master: Namespace(arms='10', hidden='128', layers='3', max_gen='200', message='', mutation_mag='0.01', name='smpl_diffEnv_v1', noise=True, pop_size='100', save_result=True, trials='100')
INFO:root:run_master: Namespace(arms='10', hidden='128', layers='3', max_gen='200', message='', mutation_mag='0.01', name='smpl_diffEnv_v1', noise=False, pop_size='100', save_result=True, trials='100')
INFO:root:Generation: 0
INFO:root:pop fitness: 0.10092000000000001
INFO:root:elite fitness: 0.11528
INFO:root:Generation: 0
INFO:root:pop fitness: 0.10118
INFO:root:elite fitness: 0.1125
INFO:root:Generation: 1
INFO:root:pop fitness: 0.09801
INFO:root:elite fitness: 0.13828000000000001
INFO:root:Generation: 1
INFO:root:pop fitness: 0.10177
INFO:root:elite fitness: 0.15798
INFO:root:Generation: 2
INFO:root:pop fitness: 0.10971999999999998
INFO:root:elite fitness: 0.18316
INFO:root:Generation: 2
INFO:root:pop fitness: 0.11458
INFO:root:elite fitness: 0.20380000000000004
INFO:root:Generation: 3
INFO:root:pop fitness: 0.09626000000000001
INFO:root:elite fitness: 0.19090000000000004
INFO:root:Generation: 3
INFO:root:pop fitness: 0.09808000000000001
INFO:root:elite fitness: 0.20075999999999997
INFO:root:Generation: 4
INFO:root:pop fitness: 0.09278999999999998
INFO:root:elite fitness: 0.18828
INFO:root:Generation: 5
INFO:root:pop fitness: 0.10565000000000001
INFO:root:elite fitness: 0.22422
INFO:root:Generation: 4
INFO:root:pop fitness: 0.09008999999999999
INFO:root:elite fitness: 0.18470000000000003
INFO:root:Generation: 5
INFO:root:pop fitness: 0.11186
INFO:root:elite fitness: 0.19535999999999998
INFO:root:Generation: 6
INFO:root:pop fitness: 0.11199999999999999
INFO:root:elite fitness: 0.20500000000000004
INFO:root:Generation: 6
INFO:root:pop fitness: 0.10188999999999998
INFO:root:elite fitness: 0.20856000000000002
INFO:root:Generation: 7
INFO:root:pop fitness: 0.10504
INFO:root:elite fitness: 0.2082
INFO:root:Generation: 8
INFO:root:pop fitness: 0.10396
INFO:root:elite fitness: 0.22354000000000002
INFO:root:Generation: 7
INFO:root:pop fitness: 0.10452
INFO:root:elite fitness: 0.22367999999999996
INFO:root:Generation: 9
INFO:root:pop fitness: 0.10168999999999999
INFO:root:elite fitness: 0.20732000000000003
INFO:root:Generation: 8
INFO:root:pop fitness: 0.10095000000000003
INFO:root:elite fitness: 0.187
INFO:root:Generation: 9
INFO:root:pop fitness: 0.10059000000000001
INFO:root:elite fitness: 0.19716
INFO:root:Generation: 10
INFO:root:pop fitness: 0.11485
INFO:root:elite fitness: 0.22524
INFO:root:Generation: 10
INFO:root:pop fitness: 0.10851
INFO:root:elite fitness: 0.21264000000000005
INFO:root:Generation: 11
INFO:root:pop fitness: 0.11650999999999997
INFO:root:elite fitness: 0.24272000000000002
INFO:root:Generation: 12
INFO:root:pop fitness: 0.10459999999999998
INFO:root:elite fitness: 0.24448
INFO:root:Generation: 13
INFO:root:pop fitness: 0.10933
INFO:root:elite fitness: 0.19655999999999998
INFO:root:Generation: 14
INFO:root:pop fitness: 0.10408
INFO:root:elite fitness: 0.19758000000000003
INFO:root:Generation: 11
INFO:root:pop fitness: 0.10707000000000001
INFO:root:elite fitness: 0.22573999999999997
INFO:root:Generation: 15
INFO:root:pop fitness: 0.12628
INFO:root:elite fitness: 0.24856
INFO:root:Generation: 12
INFO:root:pop fitness: 0.11228999999999999
INFO:root:elite fitness: 0.23758
INFO:root:Generation: 16
INFO:root:pop fitness: 0.1142
INFO:root:elite fitness: 0.23564
INFO:root:Generation: 17
INFO:root:pop fitness: 0.11505999999999997
INFO:root:elite fitness: 0.19599999999999998
INFO:root:Generation: 13
INFO:root:pop fitness: 0.11884
INFO:root:elite fitness: 0.22648
INFO:root:Generation: 18
INFO:root:pop fitness: 0.10716
INFO:root:elite fitness: 0.23288000000000003
INFO:root:Generation: 14
INFO:root:pop fitness: 0.11762000000000002
INFO:root:elite fitness: 0.24720000000000003
INFO:root:Generation: 19
INFO:root:pop fitness: 0.12473000000000001
INFO:root:elite fitness: 0.25332
INFO:root:Generation: 15
INFO:root:pop fitness: 0.11005000000000001
INFO:root:elite fitness: 0.21475999999999998
INFO:root:Generation: 20
INFO:root:pop fitness: 0.10382999999999998
INFO:root:elite fitness: 0.21857999999999997
INFO:root:Generation: 21
INFO:root:pop fitness: 0.11712000000000003
INFO:root:elite fitness: 0.25834
INFO:root:Generation: 22
INFO:root:pop fitness: 0.11739000000000001
INFO:root:elite fitness: 0.22578000000000004
INFO:root:Generation: 16
INFO:root:pop fitness: 0.09531
INFO:root:elite fitness: 0.19282
INFO:root:Generation: 23
INFO:root:pop fitness: 0.10593999999999999
INFO:root:elite fitness: 0.22527999999999995
INFO:root:Generation: 17
INFO:root:pop fitness: 0.11795
INFO:root:elite fitness: 0.23354
INFO:root:Generation: 18
INFO:root:pop fitness: 0.12167
INFO:root:elite fitness: 0.23402
INFO:root:Generation: 24
INFO:root:pop fitness: 0.11322000000000002
INFO:root:elite fitness: 0.24282
INFO:root:Generation: 19
INFO:root:pop fitness: 0.11243000000000002
INFO:root:elite fitness: 0.23129999999999998
INFO:root:Generation: 25
INFO:root:pop fitness: 0.12145000000000002
INFO:root:elite fitness: 0.2515
INFO:root:Generation: 20
INFO:root:pop fitness: 0.12088000000000002
INFO:root:elite fitness: 0.27356
INFO:root:Generation: 26
INFO:root:pop fitness: 0.11189
INFO:root:elite fitness: 0.20852
INFO:root:Generation: 27
INFO:root:pop fitness: 0.11381999999999999
INFO:root:elite fitness: 0.2402
INFO:root:Generation: 21
INFO:root:pop fitness: 0.12732000000000002
INFO:root:elite fitness: 0.26076
INFO:root:Generation: 28
INFO:root:pop fitness: 0.13573000000000002
INFO:root:elite fitness: 0.26936
INFO:root:Generation: 22
INFO:root:pop fitness: 0.10794000000000001
INFO:root:elite fitness: 0.24356000000000003
INFO:root:Generation: 29
INFO:root:pop fitness: 0.11519999999999998
INFO:root:elite fitness: 0.24532
INFO:root:Generation: 23
INFO:root:pop fitness: 0.11054999999999998
INFO:root:elite fitness: 0.23742000000000002
INFO:root:Generation: 30
INFO:root:pop fitness: 0.12944
INFO:root:elite fitness: 0.25667999999999996
INFO:root:Generation: 24
INFO:root:pop fitness: 0.11948000000000002
INFO:root:elite fitness: 0.27728
INFO:root:Generation: 31
INFO:root:pop fitness: 0.13754000000000002
INFO:root:elite fitness: 0.2603
INFO:root:Generation: 25
INFO:root:pop fitness: 0.12105999999999999
INFO:root:elite fitness: 0.25020000000000003
INFO:root:Generation: 32
INFO:root:pop fitness: 0.14268
INFO:root:elite fitness: 0.3022
INFO:root:Generation: 26
INFO:root:pop fitness: 0.11297
INFO:root:elite fitness: 0.24148
INFO:root:Generation: 33
INFO:root:pop fitness: 0.13434000000000001
INFO:root:elite fitness: 0.2916
INFO:root:Generation: 27
INFO:root:pop fitness: 0.11295000000000002
INFO:root:elite fitness: 0.2067
INFO:root:Generation: 28
INFO:root:pop fitness: 0.12281
INFO:root:elite fitness: 0.25158
INFO:root:Generation: 34
INFO:root:pop fitness: 0.12544999999999998
INFO:root:elite fitness: 0.23478
INFO:root:Generation: 29
INFO:root:pop fitness: 0.12816999999999998
INFO:root:elite fitness: 0.2586
INFO:root:Generation: 30
INFO:root:pop fitness: 0.12994999999999998
INFO:root:elite fitness: 0.25892000000000004
INFO:root:Generation: 35
INFO:root:pop fitness: 0.12860000000000002
INFO:root:elite fitness: 0.25212
INFO:root:Generation: 31
INFO:root:pop fitness: 0.12343
INFO:root:elite fitness: 0.2721
INFO:root:Generation: 36
INFO:root:pop fitness: 0.15424000000000002
INFO:root:elite fitness: 0.29002
INFO:root:Generation: 37
INFO:root:pop fitness: 0.12343
INFO:root:elite fitness: 0.23802000000000004
INFO:root:Generation: 32
INFO:root:pop fitness: 0.12707000000000002
INFO:root:elite fitness: 0.26649999999999996
INFO:root:Generation: 38
INFO:root:pop fitness: 0.15167999999999998
INFO:root:elite fitness: 0.28624000000000005
INFO:root:Generation: 39
INFO:root:pop fitness: 0.14712999999999998
INFO:root:elite fitness: 0.28309999999999996
INFO:root:Generation: 33
INFO:root:pop fitness: 0.13873000000000002
INFO:root:elite fitness: 0.24086
INFO:root:Generation: 40
INFO:root:pop fitness: 0.14579999999999999
INFO:root:elite fitness: 0.29575999999999997
INFO:root:Generation: 34
INFO:root:pop fitness: 0.12446000000000002
INFO:root:elite fitness: 0.27038
INFO:root:Generation: 41
INFO:root:pop fitness: 0.14622
INFO:root:elite fitness: 0.27742
INFO:root:Generation: 35
INFO:root:pop fitness: 0.12591999999999998
INFO:root:elite fitness: 0.26908
INFO:root:Generation: 42
INFO:root:pop fitness: 0.13033
INFO:root:elite fitness: 0.2635
INFO:root:Generation: 43
INFO:root:pop fitness: 0.15046
INFO:root:elite fitness: 0.28898
INFO:root:Generation: 36
INFO:root:pop fitness: 0.1206
INFO:root:elite fitness: 0.23052
INFO:root:Generation: 44
INFO:root:pop fitness: 0.13065
INFO:root:elite fitness: 0.28668000000000005
INFO:root:Generation: 37
INFO:root:pop fitness: 0.11799000000000003
INFO:root:elite fitness: 0.25946
INFO:root:Generation: 45
INFO:root:pop fitness: 0.12389999999999998
INFO:root:elite fitness: 0.23788
INFO:root:Generation: 38
INFO:root:pop fitness: 0.12859
INFO:root:elite fitness: 0.26502
INFO:root:Generation: 46
INFO:root:pop fitness: 0.13051000000000001
INFO:root:elite fitness: 0.24862
INFO:root:Generation: 39
INFO:root:pop fitness: 0.13979
INFO:root:elite fitness: 0.2675
INFO:root:Generation: 40
INFO:root:pop fitness: 0.13384
INFO:root:elite fitness: 0.26774000000000003
INFO:root:Generation: 47
INFO:root:pop fitness: 0.14842000000000002
INFO:root:elite fitness: 0.28766
INFO:root:Generation: 48
INFO:root:pop fitness: 0.13045
INFO:root:elite fitness: 0.2415
INFO:root:Generation: 49
INFO:root:pop fitness: 0.13662000000000002
INFO:root:elite fitness: 0.27496000000000004
INFO:root:Generation: 41
INFO:root:pop fitness: 0.14186
INFO:root:elite fitness: 0.26758
INFO:root:Generation: 50
INFO:root:pop fitness: 0.13027
INFO:root:elite fitness: 0.26911999999999997
INFO:root:Generation: 51
INFO:root:pop fitness: 0.13459000000000002
INFO:root:elite fitness: 0.26636000000000004
INFO:root:Generation: 42
INFO:root:pop fitness: 0.12264999999999998
INFO:root:elite fitness: 0.24001999999999998
INFO:root:Generation: 52
INFO:root:pop fitness: 0.13873999999999997
INFO:root:elite fitness: 0.26982
INFO:root:Generation: 43
INFO:root:pop fitness: 0.1204
INFO:root:elite fitness: 0.24960000000000002
INFO:root:Generation: 44
INFO:root:pop fitness: 0.13199
INFO:root:elite fitness: 0.28453999999999996
INFO:root:Generation: 53
INFO:root:pop fitness: 0.12533
INFO:root:elite fitness: 0.2447
INFO:root:Generation: 45
INFO:root:pop fitness: 0.12869
INFO:root:elite fitness: 0.27684000000000003
INFO:root:Generation: 54
INFO:root:pop fitness: 0.15893
INFO:root:elite fitness: 0.3077000000000001
INFO:root:Generation: 55
INFO:root:pop fitness: 0.15309999999999999
INFO:root:elite fitness: 0.31495999999999996
INFO:root:Generation: 46
INFO:root:pop fitness: 0.12677999999999998
INFO:root:elite fitness: 0.25454
INFO:root:Generation: 47
INFO:root:pop fitness: 0.12896999999999997
INFO:root:elite fitness: 0.2527
INFO:root:Generation: 56
INFO:root:pop fitness: 0.14920000000000003
INFO:root:elite fitness: 0.28274
INFO:root:Generation: 48
INFO:root:pop fitness: 0.13863999999999999
INFO:root:elite fitness: 0.27798
INFO:root:Generation: 57
INFO:root:pop fitness: 0.13899999999999998
INFO:root:elite fitness: 0.24248
INFO:root:Generation: 49
INFO:root:pop fitness: 0.13112
INFO:root:elite fitness: 0.29578
INFO:root:Generation: 58
INFO:root:pop fitness: 0.13397000000000003
INFO:root:elite fitness: 0.24284
INFO:root:Generation: 50
INFO:root:pop fitness: 0.14388
INFO:root:elite fitness: 0.25836000000000003
INFO:root:Generation: 59
INFO:root:pop fitness: 0.14378
INFO:root:elite fitness: 0.27636
INFO:root:Generation: 51
INFO:root:pop fitness: 0.14994
INFO:root:elite fitness: 0.30212
INFO:root:Generation: 60
INFO:root:pop fitness: 0.13482999999999998
INFO:root:elite fitness: 0.25206
INFO:root:Generation: 61
INFO:root:pop fitness: 0.14569
INFO:root:elite fitness: 0.30052
INFO:root:Generation: 52
INFO:root:pop fitness: 0.12437
INFO:root:elite fitness: 0.2648
INFO:root:Generation: 62
INFO:root:pop fitness: 0.14067000000000002
INFO:root:elite fitness: 0.259
INFO:root:Generation: 63
INFO:root:pop fitness: 0.15825
INFO:root:elite fitness: 0.29946
INFO:root:Generation: 64
INFO:root:pop fitness: 0.14778
INFO:root:elite fitness: 0.26016
INFO:root:Generation: 53
INFO:root:pop fitness: 0.15289999999999998
INFO:root:elite fitness: 0.30714
INFO:root:Generation: 65
INFO:root:pop fitness: 0.13393000000000005
INFO:root:elite fitness: 0.26226000000000005
INFO:root:Generation: 54
INFO:root:pop fitness: 0.13465
INFO:root:elite fitness: 0.27685999999999994
INFO:root:Generation: 66
INFO:root:pop fitness: 0.14432999999999999
INFO:root:elite fitness: 0.27266
INFO:root:Generation: 67
INFO:root:pop fitness: 0.15742
INFO:root:elite fitness: 0.30418
INFO:root:Generation: 55
INFO:root:pop fitness: 0.13568999999999998
INFO:root:elite fitness: 0.28875999999999996
INFO:root:Generation: 56
INFO:root:pop fitness: 0.14547
INFO:root:elite fitness: 0.27366
INFO:root:Generation: 68
INFO:root:pop fitness: 0.1545
INFO:root:elite fitness: 0.3095800000000001
INFO:root:Generation: 57
INFO:root:pop fitness: 0.13044
INFO:root:elite fitness: 0.30322000000000005
INFO:root:Generation: 58
INFO:root:pop fitness: 0.14923999999999998
INFO:root:elite fitness: 0.29692
INFO:root:Generation: 69
INFO:root:pop fitness: 0.15334
INFO:root:elite fitness: 0.27876
INFO:root:Generation: 59
INFO:root:pop fitness: 0.12827
INFO:root:elite fitness: 0.23388
INFO:root:Generation: 60
INFO:root:pop fitness: 0.12607
INFO:root:elite fitness: 0.27155999999999997
INFO:root:Generation: 70
INFO:root:pop fitness: 0.16912
INFO:root:elite fitness: 0.30908
INFO:root:Generation: 61
INFO:root:pop fitness: 0.13957
INFO:root:elite fitness: 0.29234000000000004
INFO:root:Generation: 71
INFO:root:pop fitness: 0.15395
INFO:root:elite fitness: 0.31592
INFO:root:Generation: 72
INFO:root:pop fitness: 0.13646
INFO:root:elite fitness: 0.26993999999999996
INFO:root:Generation: 73
INFO:root:pop fitness: 0.16005000000000003
INFO:root:elite fitness: 0.31944
INFO:root:Generation: 62
INFO:root:pop fitness: 0.13448999999999997
INFO:root:elite fitness: 0.26581999999999995
INFO:root:Generation: 74
INFO:root:pop fitness: 0.13442
INFO:root:elite fitness: 0.27746
INFO:root:Generation: 75
INFO:root:pop fitness: 0.14043
INFO:root:elite fitness: 0.26016
INFO:root:Generation: 76
INFO:root:pop fitness: 0.16494000000000003
INFO:root:elite fitness: 0.33197999999999994
INFO:root:Generation: 77
INFO:root:pop fitness: 0.14699
INFO:root:elite fitness: 0.28848
INFO:root:Generation: 78
INFO:root:pop fitness: 0.15868000000000002
INFO:root:elite fitness: 0.2808
INFO:root:Generation: 63
INFO:root:pop fitness: 0.1418
INFO:root:elite fitness: 0.27712
INFO:root:Generation: 79
INFO:root:pop fitness: 0.15635
INFO:root:elite fitness: 0.27332000000000006
INFO:root:Generation: 80
INFO:root:pop fitness: 0.16252999999999995
INFO:root:elite fitness: 0.28782
INFO:root:Generation: 81
INFO:root:pop fitness: 0.17145999999999997
INFO:root:elite fitness: 0.2961
INFO:root:Generation: 64
INFO:root:pop fitness: 0.13632999999999998
INFO:root:elite fitness: 0.25638
INFO:root:Generation: 82
INFO:root:pop fitness: 0.17032
INFO:root:elite fitness: 0.29603999999999997
INFO:root:Generation: 65
INFO:root:pop fitness: 0.12638
INFO:root:elite fitness: 0.26002
INFO:root:Generation: 83
INFO:root:pop fitness: 0.15041
INFO:root:elite fitness: 0.31564
INFO:root:Generation: 66
INFO:root:pop fitness: 0.13812
INFO:root:elite fitness: 0.26644
INFO:root:Generation: 84
INFO:root:pop fitness: 0.14836999999999997
INFO:root:elite fitness: 0.28036
INFO:root:Generation: 67
INFO:root:pop fitness: 0.14042
INFO:root:elite fitness: 0.29475999999999997
INFO:root:Generation: 85
INFO:root:pop fitness: 0.16256
INFO:root:elite fitness: 0.31722000000000006
INFO:root:Generation: 86
INFO:root:pop fitness: 0.15249999999999997
INFO:root:elite fitness: 0.30879999999999996
INFO:root:Generation: 68
INFO:root:pop fitness: 0.12904000000000002
INFO:root:elite fitness: 0.27040000000000003
INFO:root:Generation: 87
INFO:root:pop fitness: 0.15888
INFO:root:elite fitness: 0.34788
INFO:root:Generation: 88
INFO:root:pop fitness: 0.15918
INFO:root:elite fitness: 0.29872
INFO:root:Generation: 89
INFO:root:pop fitness: 0.1722
INFO:root:elite fitness: 0.3064
INFO:root:Generation: 69
INFO:root:pop fitness: 0.1259
INFO:root:elite fitness: 0.24917999999999998
INFO:root:Generation: 90
INFO:root:pop fitness: 0.15153
INFO:root:elite fitness: 0.26694
INFO:root:Generation: 91
INFO:root:pop fitness: 0.15395999999999999
INFO:root:elite fitness: 0.29424
INFO:root:Generation: 92
INFO:root:pop fitness: 0.1523
INFO:root:elite fitness: 0.2863
INFO:root:Generation: 93
INFO:root:pop fitness: 0.15804
INFO:root:elite fitness: 0.32946000000000003
INFO:root:Generation: 70
INFO:root:pop fitness: 0.13218000000000002
INFO:root:elite fitness: 0.28216
INFO:root:Generation: 94
INFO:root:pop fitness: 0.15316000000000002
INFO:root:elite fitness: 0.32576000000000005
INFO:root:Generation: 95
INFO:root:pop fitness: 0.14307
INFO:root:elite fitness: 0.27308
INFO:root:Generation: 71
INFO:root:pop fitness: 0.14206
INFO:root:elite fitness: 0.29812
INFO:root:Generation: 96
INFO:root:pop fitness: 0.17393000000000003
INFO:root:elite fitness: 0.30822000000000005
INFO:root:Generation: 72
INFO:root:pop fitness: 0.1374
INFO:root:elite fitness: 0.3076
INFO:root:Generation: 73
INFO:root:pop fitness: 0.13327
INFO:root:elite fitness: 0.28194
INFO:root:Generation: 74
INFO:root:pop fitness: 0.14059999999999997
INFO:root:elite fitness: 0.25238000000000005
INFO:root:Generation: 97
INFO:root:pop fitness: 0.155
INFO:root:elite fitness: 0.27402
INFO:root:Generation: 75
INFO:root:pop fitness: 0.15019000000000002
INFO:root:elite fitness: 0.31694
INFO:root:Generation: 98
INFO:root:pop fitness: 0.15301
INFO:root:elite fitness: 0.27544
INFO:root:Generation: 76
INFO:root:pop fitness: 0.13946999999999998
INFO:root:elite fitness: 0.29818
INFO:root:Generation: 77
INFO:root:pop fitness: 0.1266
INFO:root:elite fitness: 0.26836000000000004
INFO:root:Generation: 99
INFO:root:pop fitness: 0.15374
INFO:root:elite fitness: 0.31144
INFO:root:Generation: 78
INFO:root:pop fitness: 0.14959999999999998
INFO:root:elite fitness: 0.28458
INFO:root:Generation: 100
INFO:root:pop fitness: 0.17485000000000003
INFO:root:elite fitness: 0.33171999999999996
INFO:root:Generation: 79
INFO:root:pop fitness: 0.14316
INFO:root:elite fitness: 0.30118
INFO:root:Generation: 101
INFO:root:pop fitness: 0.15159999999999998
INFO:root:elite fitness: 0.28478000000000003
INFO:root:Generation: 80
INFO:root:pop fitness: 0.13409
INFO:root:elite fitness: 0.26828
INFO:root:Generation: 102
INFO:root:pop fitness: 0.14679
INFO:root:elite fitness: 0.25398000000000004
INFO:root:Generation: 81
INFO:root:pop fitness: 0.13304
INFO:root:elite fitness: 0.27555999999999997
INFO:root:Generation: 103
INFO:root:pop fitness: 0.16510000000000002
INFO:root:elite fitness: 0.31534
INFO:root:Generation: 82
INFO:root:pop fitness: 0.15194000000000002
INFO:root:elite fitness: 0.29964
INFO:root:Generation: 104
INFO:root:pop fitness: 0.15221
INFO:root:elite fitness: 0.29002
INFO:root:Generation: 83
INFO:root:pop fitness: 0.13205
INFO:root:elite fitness: 0.27072
INFO:root:Generation: 105
INFO:root:pop fitness: 0.15907000000000002
INFO:root:elite fitness: 0.31432000000000004
INFO:root:Generation: 84
INFO:root:pop fitness: 0.14084
INFO:root:elite fitness: 0.29856
INFO:root:Generation: 85
INFO:root:pop fitness: 0.14831999999999998
INFO:root:elite fitness: 0.32086
INFO:root:Generation: 86
INFO:root:pop fitness: 0.15000000000000002
INFO:root:elite fitness: 0.29009999999999997
INFO:root:Generation: 106
INFO:root:pop fitness: 0.16436
INFO:root:elite fitness: 0.28734
INFO:root:Generation: 87
INFO:root:pop fitness: 0.14744999999999997
INFO:root:elite fitness: 0.28303999999999996
INFO:root:Generation: 88
INFO:root:pop fitness: 0.12354
INFO:root:elite fitness: 0.28065999999999997
INFO:root:Generation: 107
INFO:root:pop fitness: 0.15598
INFO:root:elite fitness: 0.29532
INFO:root:Generation: 89
INFO:root:pop fitness: 0.14411000000000004
INFO:root:elite fitness: 0.29006
INFO:root:Generation: 108
INFO:root:pop fitness: 0.15904
INFO:root:elite fitness: 0.3257
INFO:root:Generation: 90
INFO:root:pop fitness: 0.13692000000000001
INFO:root:elite fitness: 0.25948
INFO:root:Generation: 91
INFO:root:pop fitness: 0.15794999999999998
INFO:root:elite fitness: 0.28834
INFO:root:Generation: 109
INFO:root:pop fitness: 0.13529
INFO:root:elite fitness: 0.26942
INFO:root:Generation: 92
INFO:root:pop fitness: 0.14412
INFO:root:elite fitness: 0.2916
INFO:root:Generation: 93
INFO:root:pop fitness: 0.15293
INFO:root:elite fitness: 0.31915999999999994
INFO:root:Generation: 94
INFO:root:pop fitness: 0.14715
INFO:root:elite fitness: 0.2921
INFO:root:Generation: 110
INFO:root:pop fitness: 0.15279
INFO:root:elite fitness: 0.27416
INFO:root:Generation: 95
INFO:root:pop fitness: 0.14617000000000002
INFO:root:elite fitness: 0.3214000000000001
INFO:root:Generation: 111
INFO:root:pop fitness: 0.14866
INFO:root:elite fitness: 0.27928
INFO:root:Generation: 96
INFO:root:pop fitness: 0.15448
INFO:root:elite fitness: 0.32278000000000007
INFO:root:Generation: 97
INFO:root:pop fitness: 0.14234
INFO:root:elite fitness: 0.27872
INFO:root:Generation: 98
INFO:root:pop fitness: 0.14578999999999998
INFO:root:elite fitness: 0.26758
INFO:root:Generation: 99
INFO:root:pop fitness: 0.14135
INFO:root:elite fitness: 0.31864000000000003
INFO:root:Generation: 100
INFO:root:pop fitness: 0.15259999999999999
INFO:root:elite fitness: 0.2828
INFO:root:Generation: 112
INFO:root:pop fitness: 0.15666
INFO:root:elite fitness: 0.29338000000000003
INFO:root:Generation: 101
INFO:root:pop fitness: 0.16629000000000005
INFO:root:elite fitness: 0.32692
INFO:root:Generation: 113
INFO:root:pop fitness: 0.17832
INFO:root:elite fitness: 0.347
INFO:root:Generation: 114
INFO:root:pop fitness: 0.15335000000000001
INFO:root:elite fitness: 0.27534000000000003
INFO:root:Generation: 115
INFO:root:pop fitness: 0.15608
INFO:root:elite fitness: 0.30528
INFO:root:Generation: 116
INFO:root:pop fitness: 0.15472
INFO:root:elite fitness: 0.29528000000000004
INFO:root:Generation: 102
INFO:root:pop fitness: 0.15231999999999998
INFO:root:elite fitness: 0.30492
INFO:root:Generation: 117
INFO:root:pop fitness: 0.15824000000000002
INFO:root:elite fitness: 0.26818000000000003
INFO:root:Generation: 118
INFO:root:pop fitness: 0.14753
INFO:root:elite fitness: 0.27080000000000004
INFO:root:Generation: 103
INFO:root:pop fitness: 0.16843
INFO:root:elite fitness: 0.32116
INFO:root:Generation: 119
INFO:root:pop fitness: 0.16809000000000002
INFO:root:elite fitness: 0.32538000000000006
INFO:root:Generation: 120
INFO:root:pop fitness: 0.16945
INFO:root:elite fitness: 0.32717999999999997
INFO:root:Generation: 104
INFO:root:pop fitness: 0.15757000000000002
INFO:root:elite fitness: 0.30785999999999997
INFO:root:Generation: 121
INFO:root:pop fitness: 0.17341
INFO:root:elite fitness: 0.29754
INFO:root:Generation: 105
INFO:root:pop fitness: 0.15154
INFO:root:elite fitness: 0.2709
INFO:root:Generation: 122
INFO:root:pop fitness: 0.17573
INFO:root:elite fitness: 0.30198
INFO:root:Generation: 106
INFO:root:pop fitness: 0.15498
INFO:root:elite fitness: 0.28082
INFO:root:Generation: 123
INFO:root:pop fitness: 0.16432000000000002
INFO:root:elite fitness: 0.35456
INFO:root:Generation: 107
INFO:root:pop fitness: 0.14673
INFO:root:elite fitness: 0.33519999999999994
INFO:root:Generation: 124
INFO:root:pop fitness: 0.16407
INFO:root:elite fitness: 0.31078000000000006
INFO:root:Generation: 125
INFO:root:pop fitness: 0.15624
INFO:root:elite fitness: 0.29912000000000005
INFO:root:Generation: 108
INFO:root:pop fitness: 0.15469000000000002
INFO:root:elite fitness: 0.30434
INFO:root:Generation: 126
INFO:root:pop fitness: 0.16667
INFO:root:elite fitness: 0.30742
INFO:root:Generation: 109
INFO:root:pop fitness: 0.16666
INFO:root:elite fitness: 0.31572
INFO:root:Generation: 127
INFO:root:pop fitness: 0.15969
INFO:root:elite fitness: 0.27824
INFO:root:Generation: 110
INFO:root:pop fitness: 0.17436000000000004
INFO:root:elite fitness: 0.33934
INFO:root:Generation: 128
INFO:root:pop fitness: 0.15868
INFO:root:elite fitness: 0.31242000000000003
INFO:root:Generation: 111
INFO:root:pop fitness: 0.15478
INFO:root:elite fitness: 0.29686
INFO:root:Generation: 112
INFO:root:pop fitness: 0.14925
INFO:root:elite fitness: 0.3015
INFO:root:Generation: 113
INFO:root:pop fitness: 0.15705
INFO:root:elite fitness: 0.28791999999999995
INFO:root:Generation: 114
INFO:root:pop fitness: 0.1583
INFO:root:elite fitness: 0.29723999999999995
INFO:root:Generation: 129
INFO:root:pop fitness: 0.17945
INFO:root:elite fitness: 0.30591999999999997
INFO:root:Generation: 115
INFO:root:pop fitness: 0.16350999999999996
INFO:root:elite fitness: 0.28941999999999996
INFO:root:Generation: 116
INFO:root:pop fitness: 0.15165
INFO:root:elite fitness: 0.32686
INFO:root:Generation: 117
INFO:root:pop fitness: 0.16323000000000001
INFO:root:elite fitness: 0.2977
INFO:root:Generation: 118
INFO:root:pop fitness: 0.15752
INFO:root:elite fitness: 0.33082
INFO:root:Generation: 130
INFO:root:pop fitness: 0.15588999999999997
INFO:root:elite fitness: 0.30774
INFO:root:Generation: 119
INFO:root:pop fitness: 0.15971000000000002
INFO:root:elite fitness: 0.3092
INFO:root:Generation: 120
INFO:root:pop fitness: 0.13909999999999997
INFO:root:elite fitness: 0.31751999999999997
INFO:root:Generation: 121
INFO:root:pop fitness: 0.15616
INFO:root:elite fitness: 0.30188000000000004
INFO:root:Generation: 131
INFO:root:pop fitness: 0.15858
INFO:root:elite fitness: 0.27702
INFO:root:Generation: 122
INFO:root:pop fitness: 0.14621
INFO:root:elite fitness: 0.31174
INFO:root:Generation: 123
INFO:root:pop fitness: 0.15666
INFO:root:elite fitness: 0.33183999999999997
INFO:root:Generation: 124
INFO:root:pop fitness: 0.13545
INFO:root:elite fitness: 0.26242
INFO:root:Generation: 132
INFO:root:pop fitness: 0.16054000000000002
INFO:root:elite fitness: 0.28294
INFO:root:Generation: 125
INFO:root:pop fitness: 0.15969
INFO:root:elite fitness: 0.3126
INFO:root:Generation: 133
INFO:root:pop fitness: 0.14376999999999998
INFO:root:elite fitness: 0.27014000000000005
INFO:root:Generation: 126
INFO:root:pop fitness: 0.16755000000000003
INFO:root:elite fitness: 0.319
INFO:root:Generation: 134
INFO:root:pop fitness: 0.16599
INFO:root:elite fitness: 0.3223
INFO:root:Generation: 135
INFO:root:pop fitness: 0.1375
INFO:root:elite fitness: 0.27109999999999995
INFO:root:Generation: 127
INFO:root:pop fitness: 0.15145
INFO:root:elite fitness: 0.29774
INFO:root:Generation: 136
INFO:root:pop fitness: 0.13459
INFO:root:elite fitness: 0.2631
INFO:root:Generation: 137
INFO:root:pop fitness: 0.13213
INFO:root:elite fitness: 0.30757999999999996
INFO:root:Generation: 138
INFO:root:pop fitness: 0.14509
INFO:root:elite fitness: 0.27991999999999995
INFO:root:Generation: 139
INFO:root:pop fitness: 0.14315
INFO:root:elite fitness: 0.26686
INFO:root:Generation: 128
INFO:root:pop fitness: 0.14096
INFO:root:elite fitness: 0.2985
INFO:root:Generation: 140
INFO:root:pop fitness: 0.12458999999999999
INFO:root:elite fitness: 0.26346
INFO:root:Generation: 129
INFO:root:pop fitness: 0.16056
INFO:root:elite fitness: 0.30989999999999995
INFO:root:Generation: 141
INFO:root:pop fitness: 0.16344999999999998
INFO:root:elite fitness: 0.29046
INFO:root:Generation: 130
INFO:root:pop fitness: 0.17151
INFO:root:elite fitness: 0.2901
INFO:root:Generation: 142
INFO:root:pop fitness: 0.15934
INFO:root:elite fitness: 0.29604
INFO:root:Generation: 131
INFO:root:pop fitness: 0.15116000000000002
INFO:root:elite fitness: 0.30922
INFO:root:Generation: 143
INFO:root:pop fitness: 0.14717
INFO:root:elite fitness: 0.2767
INFO:root:Generation: 132
INFO:root:pop fitness: 0.15956
INFO:root:elite fitness: 0.31706
INFO:root:Generation: 144
INFO:root:pop fitness: 0.15838999999999998
INFO:root:elite fitness: 0.31895999999999997
INFO:root:Generation: 133
INFO:root:pop fitness: 0.14177
INFO:root:elite fitness: 0.25714000000000004
INFO:root:Generation: 145
INFO:root:pop fitness: 0.16257000000000005
INFO:root:elite fitness: 0.30082000000000003
INFO:root:Generation: 134
INFO:root:pop fitness: 0.16088000000000002
INFO:root:elite fitness: 0.30274
INFO:root:Generation: 146
INFO:root:pop fitness: 0.15319000000000002
INFO:root:elite fitness: 0.31268000000000007
INFO:root:Generation: 135
INFO:root:pop fitness: 0.16121999999999997
INFO:root:elite fitness: 0.31150000000000005
INFO:root:Generation: 147
INFO:root:pop fitness: 0.15803
INFO:root:elite fitness: 0.27699999999999997
INFO:root:Generation: 136
INFO:root:pop fitness: 0.14415999999999998
INFO:root:elite fitness: 0.28002000000000005
INFO:root:Generation: 148
INFO:root:pop fitness: 0.15240000000000004
INFO:root:elite fitness: 0.30406
INFO:root:Generation: 149
INFO:root:pop fitness: 0.15877999999999998
INFO:root:elite fitness: 0.28294
INFO:root:Generation: 150
INFO:root:pop fitness: 0.15582000000000001
INFO:root:elite fitness: 0.30694
INFO:root:Generation: 137
INFO:root:pop fitness: 0.16244
INFO:root:elite fitness: 0.32006
INFO:root:Generation: 151
INFO:root:pop fitness: 0.14041
INFO:root:elite fitness: 0.27708
INFO:root:Generation: 152
INFO:root:pop fitness: 0.15329000000000004
INFO:root:elite fitness: 0.2858
INFO:root:Generation: 153
INFO:root:pop fitness: 0.13821999999999998
INFO:root:elite fitness: 0.28369999999999995
INFO:root:Generation: 154
INFO:root:pop fitness: 0.15406999999999998
INFO:root:elite fitness: 0.28064
INFO:root:Generation: 155
INFO:root:pop fitness: 0.15009
INFO:root:elite fitness: 0.2831
INFO:root:Generation: 156
INFO:root:pop fitness: 0.14941000000000004
INFO:root:elite fitness: 0.26992
INFO:root:Generation: 157
INFO:root:pop fitness: 0.15398
INFO:root:elite fitness: 0.28764
INFO:root:Generation: 138
INFO:root:pop fitness: 0.12658000000000003
INFO:root:elite fitness: 0.26611999999999997
INFO:root:Generation: 158
INFO:root:pop fitness: 0.16508000000000003
INFO:root:elite fitness: 0.30942000000000003
INFO:root:Generation: 159
INFO:root:pop fitness: 0.17986000000000005
INFO:root:elite fitness: 0.3307
INFO:root:Generation: 160
INFO:root:pop fitness: 0.16814000000000004
INFO:root:elite fitness: 0.29932000000000003
INFO:root:Generation: 139
INFO:root:pop fitness: 0.15234999999999999
INFO:root:elite fitness: 0.28642
INFO:root:Generation: 161
INFO:root:pop fitness: 0.15931
INFO:root:elite fitness: 0.33032000000000006
INFO:root:Generation: 140
INFO:root:pop fitness: 0.15006
INFO:root:elite fitness: 0.30196
INFO:root:Generation: 162
INFO:root:pop fitness: 0.14612999999999998
INFO:root:elite fitness: 0.27458
INFO:root:Generation: 141
INFO:root:pop fitness: 0.14688
INFO:root:elite fitness: 0.29394000000000003
INFO:root:Generation: 163
INFO:root:pop fitness: 0.16565000000000002
INFO:root:elite fitness: 0.3063
INFO:root:Generation: 142
INFO:root:pop fitness: 0.16154000000000004
INFO:root:elite fitness: 0.31
INFO:root:Generation: 164
INFO:root:pop fitness: 0.16072000000000003
INFO:root:elite fitness: 0.28064
INFO:root:Generation: 143
INFO:root:pop fitness: 0.14828000000000002
INFO:root:elite fitness: 0.27087999999999995
INFO:root:Generation: 165
INFO:root:pop fitness: 0.16326999999999997
INFO:root:elite fitness: 0.30199999999999994
INFO:root:Generation: 166
INFO:root:pop fitness: 0.16694000000000003
INFO:root:elite fitness: 0.29324
INFO:root:Generation: 144
INFO:root:pop fitness: 0.15936000000000003
INFO:root:elite fitness: 0.27918
INFO:root:Generation: 167
INFO:root:pop fitness: 0.14676999999999998
INFO:root:elite fitness: 0.29166
INFO:root:Generation: 145
INFO:root:pop fitness: 0.16130000000000003
INFO:root:elite fitness: 0.28258000000000005
INFO:root:Generation: 168
INFO:root:pop fitness: 0.17243000000000006
INFO:root:elite fitness: 0.29719999999999996
INFO:root:Generation: 169
INFO:root:pop fitness: 0.17006000000000004
INFO:root:elite fitness: 0.30484
INFO:root:Generation: 146
INFO:root:pop fitness: 0.15346
INFO:root:elite fitness: 0.25738000000000005
INFO:root:Generation: 170
INFO:root:pop fitness: 0.16576000000000002
INFO:root:elite fitness: 0.31348
INFO:root:Generation: 171
INFO:root:pop fitness: 0.16152
INFO:root:elite fitness: 0.29728
INFO:root:Generation: 172
INFO:root:pop fitness: 0.17217000000000002
INFO:root:elite fitness: 0.33622
INFO:root:Generation: 147
INFO:root:pop fitness: 0.17084999999999997
INFO:root:elite fitness: 0.32838
INFO:root:Generation: 173
INFO:root:pop fitness: 0.17270999999999997
INFO:root:elite fitness: 0.31406
INFO:root:Generation: 174
INFO:root:pop fitness: 0.15872
INFO:root:elite fitness: 0.31154000000000004
INFO:root:Generation: 175
INFO:root:pop fitness: 0.15936999999999998
INFO:root:elite fitness: 0.29803999999999997
INFO:root:Generation: 176
INFO:root:pop fitness: 0.16729
INFO:root:elite fitness: 0.28474
INFO:root:Generation: 148
INFO:root:pop fitness: 0.17119000000000004
INFO:root:elite fitness: 0.32264000000000004
INFO:root:Generation: 177
INFO:root:pop fitness: 0.17882000000000006
INFO:root:elite fitness: 0.32742
INFO:root:Generation: 149
INFO:root:pop fitness: 0.15557999999999997
INFO:root:elite fitness: 0.30222000000000004
INFO:root:Generation: 178
INFO:root:pop fitness: 0.17855000000000004
INFO:root:elite fitness: 0.34146
INFO:root:Generation: 179
INFO:root:pop fitness: 0.17260999999999999
INFO:root:elite fitness: 0.3017
INFO:root:Generation: 150
INFO:root:pop fitness: 0.14357
INFO:root:elite fitness: 0.28528
INFO:root:Generation: 180
INFO:root:pop fitness: 0.17912
INFO:root:elite fitness: 0.3763
INFO:root:Generation: 151
INFO:root:pop fitness: 0.15686999999999998
INFO:root:elite fitness: 0.33321999999999996
INFO:root:Generation: 152
INFO:root:pop fitness: 0.14146
INFO:root:elite fitness: 0.27763999999999994
INFO:root:Generation: 153
INFO:root:pop fitness: 0.16696999999999995
INFO:root:elite fitness: 0.30996
INFO:root:Generation: 154
INFO:root:pop fitness: 0.15275
INFO:root:elite fitness: 0.28074
INFO:root:Generation: 181
INFO:root:pop fitness: 0.17428000000000005
INFO:root:elite fitness: 0.33956
INFO:root:Generation: 155
INFO:root:pop fitness: 0.15486
INFO:root:elite fitness: 0.2914
INFO:root:Generation: 156
INFO:root:pop fitness: 0.16133999999999996
INFO:root:elite fitness: 0.29847999999999997
INFO:root:Generation: 157
INFO:root:pop fitness: 0.14774
INFO:root:elite fitness: 0.27876000000000006
INFO:root:Generation: 182
INFO:root:pop fitness: 0.17444999999999997
INFO:root:elite fitness: 0.32868
INFO:root:Generation: 183
INFO:root:pop fitness: 0.17829000000000003
INFO:root:elite fitness: 0.29744000000000004
INFO:root:Generation: 158
INFO:root:pop fitness: 0.14691999999999997
INFO:root:elite fitness: 0.28296
INFO:root:Generation: 184
INFO:root:pop fitness: 0.16793
INFO:root:elite fitness: 0.34052
INFO:root:Generation: 185
INFO:root:pop fitness: 0.18783999999999998
INFO:root:elite fitness: 0.35903999999999997
INFO:root:Generation: 186
INFO:root:pop fitness: 0.18349000000000001
INFO:root:elite fitness: 0.35028
INFO:root:Generation: 187
INFO:root:pop fitness: 0.16640000000000005
INFO:root:elite fitness: 0.31208
INFO:root:Generation: 159
INFO:root:pop fitness: 0.1507
INFO:root:elite fitness: 0.28754
INFO:root:Generation: 188
INFO:root:pop fitness: 0.17235000000000003
INFO:root:elite fitness: 0.30908
INFO:root:Generation: 160
INFO:root:pop fitness: 0.17668
INFO:root:elite fitness: 0.3289
INFO:root:Generation: 189
INFO:root:pop fitness: 0.18101000000000003
INFO:root:elite fitness: 0.34588
INFO:root:Generation: 161
INFO:root:pop fitness: 0.14254
INFO:root:elite fitness: 0.32286000000000004
INFO:root:Generation: 190
INFO:root:pop fitness: 0.15583000000000002
INFO:root:elite fitness: 0.31804
INFO:root:Generation: 162
INFO:root:pop fitness: 0.16194
INFO:root:elite fitness: 0.32212
INFO:root:Generation: 163
INFO:root:pop fitness: 0.15774000000000002
INFO:root:elite fitness: 0.31536
INFO:root:Generation: 191
INFO:root:pop fitness: 0.17008000000000006
INFO:root:elite fitness: 0.33880000000000005
INFO:root:Generation: 192
INFO:root:pop fitness: 0.16871999999999995
INFO:root:elite fitness: 0.29414
INFO:root:Generation: 164
INFO:root:pop fitness: 0.17409000000000002
INFO:root:elite fitness: 0.30862
INFO:root:Generation: 193
INFO:root:pop fitness: 0.15316000000000002
INFO:root:elite fitness: 0.29918
INFO:root:Generation: 165
INFO:root:pop fitness: 0.17339000000000002
INFO:root:elite fitness: 0.30198
INFO:root:Generation: 166
INFO:root:pop fitness: 0.16813
INFO:root:elite fitness: 0.33426
INFO:root:Generation: 194
INFO:root:pop fitness: 0.17942999999999998
INFO:root:elite fitness: 0.31918
INFO:root:Generation: 195
INFO:root:pop fitness: 0.17694000000000001
INFO:root:elite fitness: 0.3312
INFO:root:Generation: 167
INFO:root:pop fitness: 0.17956
INFO:root:elite fitness: 0.32156
INFO:root:Generation: 196
INFO:root:pop fitness: 0.15893000000000002
INFO:root:elite fitness: 0.32728
INFO:root:Generation: 168
INFO:root:pop fitness: 0.15858999999999998
INFO:root:elite fitness: 0.27968
INFO:root:Generation: 197
INFO:root:pop fitness: 0.17787000000000003
INFO:root:elite fitness: 0.33509999999999995
INFO:root:Generation: 198
INFO:root:pop fitness: 0.16996000000000003
INFO:root:elite fitness: 0.32122
INFO:root:Generation: 169
INFO:root:pop fitness: 0.16402999999999998
INFO:root:elite fitness: 0.30306000000000005
INFO:root:Generation: 199
INFO:root:pop fitness: 0.16975
INFO:root:elite fitness: 0.31906
INFO:root:Generation: 170
INFO:root:pop fitness: 0.17040999999999998
INFO:root:elite fitness: 0.34020000000000006
INFO:root:Generation: 171
INFO:root:pop fitness: 0.15411999999999998
INFO:root:elite fitness: 0.2913
INFO:root:Generation: 172
INFO:root:pop fitness: 0.15711
INFO:root:elite fitness: 0.32228000000000007
INFO:root:Generation: 173
INFO:root:pop fitness: 0.16593
INFO:root:elite fitness: 0.3500399999999999
INFO:root:Generation: 174
INFO:root:pop fitness: 0.1703
INFO:root:elite fitness: 0.30690000000000006
INFO:root:Generation: 175
INFO:root:pop fitness: 0.17049
INFO:root:elite fitness: 0.31992
INFO:root:Generation: 176
INFO:root:pop fitness: 0.16256
INFO:root:elite fitness: 0.31444000000000005
INFO:root:Generation: 177
INFO:root:pop fitness: 0.16548
INFO:root:elite fitness: 0.34624000000000005
INFO:root:Generation: 178
INFO:root:pop fitness: 0.16387999999999997
INFO:root:elite fitness: 0.32182
INFO:root:Generation: 179
INFO:root:pop fitness: 0.1557
INFO:root:elite fitness: 0.29540000000000005
INFO:root:Generation: 180
INFO:root:pop fitness: 0.17329
INFO:root:elite fitness: 0.34545999999999993
INFO:root:Generation: 181
INFO:root:pop fitness: 0.15222999999999998
INFO:root:elite fitness: 0.28956
INFO:root:Generation: 182
INFO:root:pop fitness: 0.15772000000000003
INFO:root:elite fitness: 0.30438
INFO:root:Generation: 183
INFO:root:pop fitness: 0.14976
INFO:root:elite fitness: 0.30626000000000003
INFO:root:Generation: 184
INFO:root:pop fitness: 0.14887000000000003
INFO:root:elite fitness: 0.29472000000000004
INFO:root:Generation: 185
INFO:root:pop fitness: 0.1715
INFO:root:elite fitness: 0.30662
INFO:root:Generation: 186
INFO:root:pop fitness: 0.1481
INFO:root:elite fitness: 0.28584
INFO:root:Generation: 187
INFO:root:pop fitness: 0.17051000000000002
INFO:root:elite fitness: 0.32256
INFO:root:Generation: 188
INFO:root:pop fitness: 0.16261
INFO:root:elite fitness: 0.28706000000000004
INFO:root:Generation: 189
INFO:root:pop fitness: 0.15392
INFO:root:elite fitness: 0.28868
INFO:root:Generation: 190
INFO:root:pop fitness: 0.16086999999999999
INFO:root:elite fitness: 0.30602
INFO:root:Generation: 191
INFO:root:pop fitness: 0.15655
INFO:root:elite fitness: 0.31892000000000004
INFO:root:Generation: 192
INFO:root:pop fitness: 0.15141
INFO:root:elite fitness: 0.29316000000000003
INFO:root:Generation: 193
INFO:root:pop fitness: 0.16179000000000002
INFO:root:elite fitness: 0.3085
INFO:root:Generation: 194
INFO:root:pop fitness: 0.14745999999999998
INFO:root:elite fitness: 0.27665999999999996
INFO:root:Generation: 195
INFO:root:pop fitness: 0.15878
INFO:root:elite fitness: 0.28358
INFO:root:Generation: 196
INFO:root:pop fitness: 0.16103
INFO:root:elite fitness: 0.3015
INFO:root:Generation: 197
INFO:root:pop fitness: 0.16788000000000003
INFO:root:elite fitness: 0.34019999999999995
INFO:root:Generation: 198
INFO:root:pop fitness: 0.15092
INFO:root:elite fitness: 0.32948
INFO:root:Generation: 199
INFO:root:pop fitness: 0.16140999999999997
INFO:root:elite fitness: 0.3297
