INFO:root:run_master: Namespace(arms='10', hidden='64', layers='3', max_gen='200', message='', mutation_mag='0.1', name='nonStationary_v2', noise=True, pop_size='150', save_result=True, trials='100')
INFO:root:run_master: Namespace(arms='10', hidden='64', layers='3', max_gen='200', message='', mutation_mag='0.1', name='nonStationary_v2', noise=False, pop_size='150', save_result=True, trials='100')
INFO:root:Generation: 0
INFO:root:pop fitness: 0.09847333333333333
INFO:root:elite fitness: 0.10905333333333334
INFO:root:Generation: 0
INFO:root:pop fitness: 0.10146666666666666
INFO:root:elite fitness: 0.11199999999999997
INFO:root:Generation: 1
INFO:root:pop fitness: 0.09944666666666667
INFO:root:elite fitness: 0.1224533333333333
INFO:root:Generation: 1
INFO:root:pop fitness: 0.10049999999999999
INFO:root:elite fitness: 0.11764000000000001
INFO:root:Generation: 2
INFO:root:pop fitness: 0.09816
INFO:root:elite fitness: 0.14488
INFO:root:Generation: 2
INFO:root:pop fitness: 0.10312
INFO:root:elite fitness: 0.13365333333333335
INFO:root:Generation: 3
INFO:root:pop fitness: 0.09826
INFO:root:elite fitness: 0.14885333333333334
INFO:root:Generation: 3
INFO:root:pop fitness: 0.10158000000000002
INFO:root:elite fitness: 0.17650666666666667
INFO:root:Generation: 4
INFO:root:pop fitness: 0.10693333333333332
INFO:root:elite fitness: 0.17034666666666667
INFO:root:Generation: 4
INFO:root:pop fitness: 0.10609333333333333
INFO:root:elite fitness: 0.1898
INFO:root:Generation: 5
INFO:root:pop fitness: 0.10439333333333332
INFO:root:elite fitness: 0.17880000000000001
INFO:root:Generation: 5
INFO:root:pop fitness: 0.10491333333333332
INFO:root:elite fitness: 0.18174666666666664
INFO:root:Generation: 6
INFO:root:pop fitness: 0.08931333333333334
INFO:root:elite fitness: 0.15957333333333334
INFO:root:Generation: 6
INFO:root:pop fitness: 0.10559333333333333
INFO:root:elite fitness: 0.18830666666666668
INFO:root:Generation: 7
INFO:root:pop fitness: 0.09881333333333335
INFO:root:elite fitness: 0.17542666666666668
INFO:root:Generation: 7
INFO:root:pop fitness: 0.10375999999999999
INFO:root:elite fitness: 0.1867066666666667
INFO:root:Generation: 8
INFO:root:pop fitness: 0.09838000000000001
INFO:root:elite fitness: 0.1944933333333333
INFO:root:Generation: 8
INFO:root:pop fitness: 0.10789333333333331
INFO:root:elite fitness: 0.18732000000000001
INFO:root:Generation: 9
INFO:root:pop fitness: 0.09671333333333335
INFO:root:elite fitness: 0.18572
INFO:root:Generation: 9
INFO:root:pop fitness: 0.10118666666666667
INFO:root:elite fitness: 0.19414666666666666
INFO:root:Generation: 10
INFO:root:pop fitness: 0.10292666666666667
INFO:root:elite fitness: 0.18789333333333333
INFO:root:Generation: 10
INFO:root:pop fitness: 0.10502666666666667
INFO:root:elite fitness: 0.18729333333333334
INFO:root:Generation: 11
INFO:root:pop fitness: 0.10593333333333335
INFO:root:elite fitness: 0.17536000000000002
INFO:root:Generation: 11
INFO:root:pop fitness: 0.10531333333333331
INFO:root:elite fitness: 0.19982666666666668
INFO:root:Generation: 12
INFO:root:pop fitness: 0.10360666666666667
INFO:root:elite fitness: 0.195
INFO:root:Generation: 13
INFO:root:pop fitness: 0.10097333333333335
INFO:root:elite fitness: 0.18892
INFO:root:Generation: 12
INFO:root:pop fitness: 0.0949
INFO:root:elite fitness: 0.1816533333333333
INFO:root:Generation: 14
INFO:root:pop fitness: 0.10670666666666667
INFO:root:elite fitness: 0.20456
INFO:root:Generation: 13
INFO:root:pop fitness: 0.10264666666666666
INFO:root:elite fitness: 0.17646666666666666
INFO:root:Generation: 15
INFO:root:pop fitness: 0.10854000000000004
INFO:root:elite fitness: 0.20404
INFO:root:Generation: 14
INFO:root:pop fitness: 0.10744666666666668
INFO:root:elite fitness: 0.19271999999999997
INFO:root:Generation: 16
INFO:root:pop fitness: 0.10528
INFO:root:elite fitness: 0.20666666666666667
INFO:root:Generation: 15
INFO:root:pop fitness: 0.10855999999999999
INFO:root:elite fitness: 0.20158666666666666
INFO:root:Generation: 17
INFO:root:pop fitness: 0.10865999999999999
INFO:root:elite fitness: 0.18789333333333333
INFO:root:Generation: 16
INFO:root:pop fitness: 0.09515333333333333
INFO:root:elite fitness: 0.17897333333333335
INFO:root:Generation: 18
INFO:root:pop fitness: 0.09815999999999998
INFO:root:elite fitness: 0.1851866666666667
INFO:root:Generation: 17
INFO:root:pop fitness: 0.11026666666666667
INFO:root:elite fitness: 0.19874666666666665
INFO:root:Generation: 19
INFO:root:pop fitness: 0.09960666666666666
INFO:root:elite fitness: 0.18658666666666665
INFO:root:Generation: 18
INFO:root:pop fitness: 0.10986
INFO:root:elite fitness: 0.20768
INFO:root:Generation: 20
INFO:root:pop fitness: 0.10588666666666666
INFO:root:elite fitness: 0.1912
INFO:root:Generation: 19
INFO:root:pop fitness: 0.10355333333333333
INFO:root:elite fitness: 0.18098666666666666
INFO:root:Generation: 21
INFO:root:pop fitness: 0.10036666666666666
INFO:root:elite fitness: 0.18042666666666668
INFO:root:Generation: 20
INFO:root:pop fitness: 0.10290666666666666
INFO:root:elite fitness: 0.19301333333333331
INFO:root:Generation: 22
INFO:root:pop fitness: 0.10806000000000002
INFO:root:elite fitness: 0.19866666666666666
INFO:root:Generation: 21
INFO:root:pop fitness: 0.09936666666666669
INFO:root:elite fitness: 0.19164
INFO:root:Generation: 23
INFO:root:pop fitness: 0.11158000000000001
INFO:root:elite fitness: 0.20884000000000003
INFO:root:Generation: 22
INFO:root:pop fitness: 0.10810666666666667
INFO:root:elite fitness: 0.18392
INFO:root:Generation: 24
INFO:root:pop fitness: 0.11368666666666667
INFO:root:elite fitness: 0.20746666666666666
INFO:root:Generation: 23
INFO:root:pop fitness: 0.10971333333333334
INFO:root:elite fitness: 0.21074666666666667
INFO:root:Generation: 25
INFO:root:pop fitness: 0.10745333333333335
INFO:root:elite fitness: 0.18853333333333336
INFO:root:Generation: 24
INFO:root:pop fitness: 0.09736666666666667
INFO:root:elite fitness: 0.18253333333333333
INFO:root:Generation: 26
INFO:root:pop fitness: 0.11245333333333332
INFO:root:elite fitness: 0.19308
INFO:root:Generation: 27
INFO:root:pop fitness: 0.10110666666666666
INFO:root:elite fitness: 0.1884666666666667
INFO:root:Generation: 25
INFO:root:pop fitness: 0.09712
INFO:root:elite fitness: 0.17505333333333334
INFO:root:Generation: 28
INFO:root:pop fitness: 0.10500666666666668
INFO:root:elite fitness: 0.21218666666666663
INFO:root:Generation: 26
INFO:root:pop fitness: 0.09582666666666666
INFO:root:elite fitness: 0.19024000000000002
INFO:root:Generation: 29
INFO:root:pop fitness: 0.10941333333333332
INFO:root:elite fitness: 0.20881333333333335
INFO:root:Generation: 27
INFO:root:pop fitness: 0.10077333333333333
INFO:root:elite fitness: 0.19483999999999996
INFO:root:Generation: 30
INFO:root:pop fitness: 0.10633999999999999
INFO:root:elite fitness: 0.19630666666666668
INFO:root:Generation: 28
INFO:root:pop fitness: 0.10437333333333333
INFO:root:elite fitness: 0.18449333333333331
INFO:root:Generation: 31
INFO:root:pop fitness: 0.11244
INFO:root:elite fitness: 0.21538666666666667
INFO:root:Generation: 29
INFO:root:pop fitness: 0.10246666666666668
INFO:root:elite fitness: 0.1999466666666667
INFO:root:Generation: 32
INFO:root:pop fitness: 0.1125
INFO:root:elite fitness: 0.20606666666666668
INFO:root:Generation: 30
INFO:root:pop fitness: 0.09554
INFO:root:elite fitness: 0.17290666666666668
INFO:root:Generation: 33
INFO:root:pop fitness: 0.10943333333333333
INFO:root:elite fitness: 0.20586666666666667
INFO:root:Generation: 31
INFO:root:pop fitness: 0.10442666666666668
INFO:root:elite fitness: 0.19573333333333334
INFO:root:Generation: 34
INFO:root:pop fitness: 0.11088666666666669
INFO:root:elite fitness: 0.19738666666666668
INFO:root:Generation: 32
INFO:root:pop fitness: 0.10096666666666668
INFO:root:elite fitness: 0.20344
INFO:root:Generation: 35
INFO:root:pop fitness: 0.10613333333333334
INFO:root:elite fitness: 0.19544000000000003
INFO:root:Generation: 33
INFO:root:pop fitness: 0.10376000000000002
INFO:root:elite fitness: 0.19321333333333332
INFO:root:Generation: 36
INFO:root:pop fitness: 0.10563333333333333
INFO:root:elite fitness: 0.19871999999999998
INFO:root:Generation: 34
INFO:root:pop fitness: 0.10995333333333332
INFO:root:elite fitness: 0.2045866666666667
INFO:root:Generation: 37
INFO:root:pop fitness: 0.11880666666666667
INFO:root:elite fitness: 0.22878666666666667
INFO:root:Generation: 35
INFO:root:pop fitness: 0.10880000000000001
INFO:root:elite fitness: 0.19696
INFO:root:Generation: 38
INFO:root:pop fitness: 0.11775333333333333
INFO:root:elite fitness: 0.20193333333333335
INFO:root:Generation: 36
INFO:root:pop fitness: 0.10292666666666667
INFO:root:elite fitness: 0.19781333333333334
INFO:root:Generation: 39
INFO:root:pop fitness: 0.12340000000000004
INFO:root:elite fitness: 0.20400000000000001
INFO:root:Generation: 40
INFO:root:pop fitness: 0.12259999999999999
INFO:root:elite fitness: 0.2397466666666667
INFO:root:Generation: 37
INFO:root:pop fitness: 0.09512
INFO:root:elite fitness: 0.15630666666666665
INFO:root:Generation: 41
INFO:root:pop fitness: 0.11651333333333333
INFO:root:elite fitness: 0.23025333333333337
INFO:root:Generation: 38
INFO:root:pop fitness: 0.10357333333333332
INFO:root:elite fitness: 0.19469333333333333
INFO:root:Generation: 42
INFO:root:pop fitness: 0.11530000000000001
INFO:root:elite fitness: 0.19471999999999998
INFO:root:Generation: 39
INFO:root:pop fitness: 0.10313333333333333
INFO:root:elite fitness: 0.18278666666666665
INFO:root:Generation: 43
INFO:root:pop fitness: 0.12162000000000002
INFO:root:elite fitness: 0.22421333333333332
INFO:root:Generation: 40
INFO:root:pop fitness: 0.11636
INFO:root:elite fitness: 0.20882666666666666
INFO:root:Generation: 44
INFO:root:pop fitness: 0.11238666666666668
INFO:root:elite fitness: 0.19065333333333337
INFO:root:Generation: 41
INFO:root:pop fitness: 0.11787333333333334
INFO:root:elite fitness: 0.18964
INFO:root:Generation: 45
INFO:root:pop fitness: 0.11614666666666668
INFO:root:elite fitness: 0.22750666666666666
INFO:root:Generation: 42
INFO:root:pop fitness: 0.0999
INFO:root:elite fitness: 0.17422666666666667
INFO:root:Generation: 46
INFO:root:pop fitness: 0.12352666666666666
INFO:root:elite fitness: 0.22584000000000004
INFO:root:Generation: 43
INFO:root:pop fitness: 0.10413333333333334
INFO:root:elite fitness: 0.19164
INFO:root:Generation: 47
INFO:root:pop fitness: 0.12018666666666666
INFO:root:elite fitness: 0.21588
INFO:root:Generation: 44
INFO:root:pop fitness: 0.10437333333333333
INFO:root:elite fitness: 0.19150666666666666
INFO:root:Generation: 48
INFO:root:pop fitness: 0.11713333333333334
INFO:root:elite fitness: 0.21330666666666667
INFO:root:Generation: 45
INFO:root:pop fitness: 0.10956666666666669
INFO:root:elite fitness: 0.20873333333333333
INFO:root:Generation: 49
INFO:root:pop fitness: 0.12076666666666667
INFO:root:elite fitness: 0.20041333333333336
INFO:root:Generation: 46
INFO:root:pop fitness: 0.11344666666666667
INFO:root:elite fitness: 0.20288
INFO:root:Generation: 50
INFO:root:pop fitness: 0.1254666666666667
INFO:root:elite fitness: 0.22989333333333334
INFO:root:Generation: 47
INFO:root:pop fitness: 0.10711333333333334
INFO:root:elite fitness: 0.20146666666666668
INFO:root:Generation: 51
INFO:root:pop fitness: 0.1124866666666667
INFO:root:elite fitness: 0.2030666666666667
INFO:root:Generation: 48
INFO:root:pop fitness: 0.09569333333333332
INFO:root:elite fitness: 0.18542666666666666
INFO:root:Generation: 52
INFO:root:pop fitness: 0.12762
INFO:root:elite fitness: 0.2623733333333334
INFO:root:Generation: 49
INFO:root:pop fitness: 0.11003333333333333
INFO:root:elite fitness: 0.22238666666666665
INFO:root:Generation: 53
INFO:root:pop fitness: 0.13
INFO:root:elite fitness: 0.22160000000000005
INFO:root:Generation: 54
INFO:root:pop fitness: 0.11844000000000002
INFO:root:elite fitness: 0.23
INFO:root:Generation: 50
INFO:root:pop fitness: 0.10726000000000001
INFO:root:elite fitness: 0.19170666666666666
INFO:root:Generation: 55
INFO:root:pop fitness: 0.11713999999999998
INFO:root:elite fitness: 0.1983333333333333
INFO:root:Generation: 51
INFO:root:pop fitness: 0.11037999999999999
INFO:root:elite fitness: 0.19963999999999998
INFO:root:Generation: 56
INFO:root:pop fitness: 0.11445333333333332
INFO:root:elite fitness: 0.22130666666666665
INFO:root:Generation: 52
INFO:root:pop fitness: 0.12281333333333334
INFO:root:elite fitness: 0.21642666666666666
INFO:root:Generation: 57
INFO:root:pop fitness: 0.12492666666666667
INFO:root:elite fitness: 0.21932
INFO:root:Generation: 53
INFO:root:pop fitness: 0.11946000000000002
INFO:root:elite fitness: 0.22098666666666664
INFO:root:Generation: 58
INFO:root:pop fitness: 0.11708
INFO:root:elite fitness: 0.20776
INFO:root:Generation: 54
INFO:root:pop fitness: 0.12882666666666664
INFO:root:elite fitness: 0.2138266666666667
INFO:root:Generation: 59
INFO:root:pop fitness: 0.12522666666666665
INFO:root:elite fitness: 0.22033333333333333
INFO:root:Generation: 55
INFO:root:pop fitness: 0.1112
INFO:root:elite fitness: 0.20578666666666665
INFO:root:Generation: 60
INFO:root:pop fitness: 0.10742000000000002
INFO:root:elite fitness: 0.19113333333333332
INFO:root:Generation: 56
INFO:root:pop fitness: 0.12046666666666667
INFO:root:elite fitness: 0.20830666666666667
INFO:root:Generation: 61
INFO:root:pop fitness: 0.12856666666666663
INFO:root:elite fitness: 0.2264266666666667
INFO:root:Generation: 57
INFO:root:pop fitness: 0.11734
INFO:root:elite fitness: 0.20774666666666666
INFO:root:Generation: 62
INFO:root:pop fitness: 0.12748666666666666
INFO:root:elite fitness: 0.20329333333333333
INFO:root:Generation: 58
INFO:root:pop fitness: 0.11995333333333334
INFO:root:elite fitness: 0.21132
INFO:root:Generation: 63
INFO:root:pop fitness: 0.11448666666666668
INFO:root:elite fitness: 0.21202666666666667
INFO:root:Generation: 59
INFO:root:pop fitness: 0.12032666666666669
INFO:root:elite fitness: 0.22045333333333328
INFO:root:Generation: 64
INFO:root:pop fitness: 0.11530000000000001
INFO:root:elite fitness: 0.21222666666666667
INFO:root:Generation: 60
INFO:root:pop fitness: 0.11106666666666669
INFO:root:elite fitness: 0.20062666666666668
INFO:root:Generation: 65
INFO:root:pop fitness: 0.11437333333333333
INFO:root:elite fitness: 0.20890666666666668
INFO:root:Generation: 61
INFO:root:pop fitness: 0.13184666666666667
INFO:root:elite fitness: 0.24174666666666667
INFO:root:Generation: 66
INFO:root:pop fitness: 0.12952000000000002
INFO:root:elite fitness: 0.22608
INFO:root:Generation: 62
INFO:root:pop fitness: 0.11902666666666666
INFO:root:elite fitness: 0.19655999999999998
INFO:root:Generation: 67
INFO:root:pop fitness: 0.13152
INFO:root:elite fitness: 0.2299733333333334
INFO:root:Generation: 63
INFO:root:pop fitness: 0.11603999999999999
INFO:root:elite fitness: 0.1961733333333333
INFO:root:Generation: 68
INFO:root:pop fitness: 0.12211999999999999
INFO:root:elite fitness: 0.21593333333333334
INFO:root:Generation: 64
INFO:root:pop fitness: 0.1210666666666667
INFO:root:elite fitness: 0.21212
INFO:root:Generation: 69
INFO:root:pop fitness: 0.11195333333333334
INFO:root:elite fitness: 0.21915999999999997
INFO:root:Generation: 65
INFO:root:pop fitness: 0.11073333333333334
INFO:root:elite fitness: 0.19994666666666666
INFO:root:Generation: 70
INFO:root:pop fitness: 0.12463333333333333
INFO:root:elite fitness: 0.22294666666666665
INFO:root:Generation: 66
INFO:root:pop fitness: 0.12426
INFO:root:elite fitness: 0.21502666666666664
INFO:root:Generation: 71
INFO:root:pop fitness: 0.11345333333333334
INFO:root:elite fitness: 0.22843999999999998
INFO:root:Generation: 67
INFO:root:pop fitness: 0.11968666666666669
INFO:root:elite fitness: 0.21673333333333336
INFO:root:Generation: 72
INFO:root:pop fitness: 0.1123
INFO:root:elite fitness: 0.19581333333333334
INFO:root:Generation: 73
INFO:root:pop fitness: 0.12101999999999999
INFO:root:elite fitness: 0.2406933333333333
INFO:root:Generation: 68
INFO:root:pop fitness: 0.11078
INFO:root:elite fitness: 0.20307999999999998
INFO:root:Generation: 74
INFO:root:pop fitness: 0.12390000000000001
INFO:root:elite fitness: 0.21840000000000004
INFO:root:Generation: 69
INFO:root:pop fitness: 0.12170666666666667
INFO:root:elite fitness: 0.20976
INFO:root:Generation: 75
INFO:root:pop fitness: 0.12980666666666668
INFO:root:elite fitness: 0.21678666666666668
INFO:root:Generation: 70
INFO:root:pop fitness: 0.11537333333333334
INFO:root:elite fitness: 0.1940933333333333
INFO:root:Generation: 76
INFO:root:pop fitness: 0.12357333333333334
INFO:root:elite fitness: 0.21508
INFO:root:Generation: 71
INFO:root:pop fitness: 0.12090666666666669
INFO:root:elite fitness: 0.23178666666666672
INFO:root:Generation: 77
INFO:root:pop fitness: 0.14093333333333333
INFO:root:elite fitness: 0.2627333333333334
INFO:root:Generation: 72
INFO:root:pop fitness: 0.11402000000000001
INFO:root:elite fitness: 0.21503999999999995
INFO:root:Generation: 78
INFO:root:pop fitness: 0.12571999999999997
INFO:root:elite fitness: 0.22944000000000006
INFO:root:Generation: 73
INFO:root:pop fitness: 0.11754666666666667
INFO:root:elite fitness: 0.19735999999999998
INFO:root:Generation: 79
INFO:root:pop fitness: 0.13192666666666666
INFO:root:elite fitness: 0.24214666666666668
INFO:root:Generation: 74
INFO:root:pop fitness: 0.12244666666666665
INFO:root:elite fitness: 0.22794666666666666
INFO:root:Generation: 80
INFO:root:pop fitness: 0.13088
INFO:root:elite fitness: 0.24538666666666667
INFO:root:Generation: 75
INFO:root:pop fitness: 0.10918
INFO:root:elite fitness: 0.19993333333333332
INFO:root:Generation: 81
INFO:root:pop fitness: 0.12090666666666666
INFO:root:elite fitness: 0.21716000000000005
INFO:root:Generation: 76
INFO:root:pop fitness: 0.12504
INFO:root:elite fitness: 0.22431999999999996
INFO:root:Generation: 82
INFO:root:pop fitness: 0.12592
INFO:root:elite fitness: 0.2134933333333334
INFO:root:Generation: 77
INFO:root:pop fitness: 0.12634666666666666
INFO:root:elite fitness: 0.23421333333333336
INFO:root:Generation: 83
INFO:root:pop fitness: 0.1473
INFO:root:elite fitness: 0.24933333333333338
INFO:root:Generation: 78
INFO:root:pop fitness: 0.1290133333333333
INFO:root:elite fitness: 0.23948000000000003
INFO:root:Generation: 84
INFO:root:pop fitness: 0.13758666666666666
INFO:root:elite fitness: 0.23361333333333334
INFO:root:Generation: 79
INFO:root:pop fitness: 0.12800000000000003
INFO:root:elite fitness: 0.21398666666666666
INFO:root:Generation: 85
INFO:root:pop fitness: 0.13451999999999997
INFO:root:elite fitness: 0.22755999999999996
INFO:root:Generation: 80
INFO:root:pop fitness: 0.12446666666666666
INFO:root:elite fitness: 0.23808
INFO:root:Generation: 86
INFO:root:pop fitness: 0.14074
INFO:root:elite fitness: 0.24914666666666663
INFO:root:Generation: 81
INFO:root:pop fitness: 0.12116666666666667
INFO:root:elite fitness: 0.21867999999999999
INFO:root:Generation: 87
INFO:root:pop fitness: 0.12369999999999998
INFO:root:elite fitness: 0.21830666666666662
INFO:root:Generation: 82
INFO:root:pop fitness: 0.12711333333333333
INFO:root:elite fitness: 0.20526666666666665
INFO:root:Generation: 88
INFO:root:pop fitness: 0.13347333333333333
INFO:root:elite fitness: 0.23411999999999997
INFO:root:Generation: 89
INFO:root:pop fitness: 0.1422866666666667
INFO:root:elite fitness: 0.2611333333333333
INFO:root:Generation: 83
INFO:root:pop fitness: 0.12074666666666668
INFO:root:elite fitness: 0.20982666666666666
INFO:root:Generation: 90
INFO:root:pop fitness: 0.13424
INFO:root:elite fitness: 0.23571999999999999
INFO:root:Generation: 84
INFO:root:pop fitness: 0.13806666666666667
INFO:root:elite fitness: 0.24695999999999999
INFO:root:Generation: 91
INFO:root:pop fitness: 0.13548666666666667
INFO:root:elite fitness: 0.22368
INFO:root:Generation: 85
INFO:root:pop fitness: 0.12425333333333333
INFO:root:elite fitness: 0.23177333333333336
INFO:root:Generation: 92
INFO:root:pop fitness: 0.12913999999999998
INFO:root:elite fitness: 0.22454666666666664
INFO:root:Generation: 86
INFO:root:pop fitness: 0.12306000000000002
INFO:root:elite fitness: 0.21049333333333334
INFO:root:Generation: 93
INFO:root:pop fitness: 0.13048
INFO:root:elite fitness: 0.2274933333333333
INFO:root:Generation: 87
INFO:root:pop fitness: 0.12181333333333333
INFO:root:elite fitness: 0.20334666666666668
INFO:root:Generation: 94
INFO:root:pop fitness: 0.1269
INFO:root:elite fitness: 0.21801333333333336
INFO:root:Generation: 88
INFO:root:pop fitness: 0.12756
INFO:root:elite fitness: 0.2224266666666667
INFO:root:Generation: 95
INFO:root:pop fitness: 0.13953999999999997
INFO:root:elite fitness: 0.23542666666666662
INFO:root:Generation: 89
INFO:root:pop fitness: 0.13453333333333334
INFO:root:elite fitness: 0.24162666666666666
INFO:root:Generation: 96
INFO:root:pop fitness: 0.13745999999999997
INFO:root:elite fitness: 0.22785333333333332
INFO:root:Generation: 90
INFO:root:pop fitness: 0.13981333333333335
INFO:root:elite fitness: 0.25373333333333337
INFO:root:Generation: 97
INFO:root:pop fitness: 0.13155333333333333
INFO:root:elite fitness: 0.22325333333333333
INFO:root:Generation: 91
INFO:root:pop fitness: 0.13921999999999998
INFO:root:elite fitness: 0.24384
INFO:root:Generation: 98
INFO:root:pop fitness: 0.1277066666666667
INFO:root:elite fitness: 0.21865333333333334
INFO:root:Generation: 92
INFO:root:pop fitness: 0.12017999999999998
INFO:root:elite fitness: 0.21269333333333335
INFO:root:Generation: 99
INFO:root:pop fitness: 0.13962666666666668
INFO:root:elite fitness: 0.24184000000000003
INFO:root:Generation: 93
INFO:root:pop fitness: 0.13085999999999998
INFO:root:elite fitness: 0.23887999999999995
INFO:root:Generation: 100
INFO:root:pop fitness: 0.1450933333333333
INFO:root:elite fitness: 0.25754666666666665
INFO:root:Generation: 94
INFO:root:pop fitness: 0.13035333333333335
INFO:root:elite fitness: 0.23625333333333334
INFO:root:Generation: 101
INFO:root:pop fitness: 0.1372
INFO:root:elite fitness: 0.2314933333333334
INFO:root:Generation: 95
INFO:root:pop fitness: 0.13461333333333333
INFO:root:elite fitness: 0.23098666666666665
INFO:root:Generation: 102
INFO:root:pop fitness: 0.14001333333333335
INFO:root:elite fitness: 0.26238666666666666
INFO:root:Generation: 96
INFO:root:pop fitness: 0.12371333333333334
INFO:root:elite fitness: 0.2187733333333334
INFO:root:Generation: 103
INFO:root:pop fitness: 0.13307333333333335
INFO:root:elite fitness: 0.2456
INFO:root:Generation: 97
INFO:root:pop fitness: 0.13419333333333333
INFO:root:elite fitness: 0.2362933333333334
INFO:root:Generation: 104
INFO:root:pop fitness: 0.13210666666666665
INFO:root:elite fitness: 0.23705333333333337
INFO:root:Generation: 98
INFO:root:pop fitness: 0.12781333333333333
INFO:root:elite fitness: 0.23486666666666658
INFO:root:Generation: 105
INFO:root:pop fitness: 0.14662666666666666
INFO:root:elite fitness: 0.25741333333333344
INFO:root:Generation: 99
INFO:root:pop fitness: 0.13426000000000002
INFO:root:elite fitness: 0.24331999999999998
INFO:root:Generation: 106
INFO:root:pop fitness: 0.1443333333333333
INFO:root:elite fitness: 0.24385333333333337
INFO:root:Generation: 100
INFO:root:pop fitness: 0.14062666666666668
INFO:root:elite fitness: 0.25489333333333336
INFO:root:Generation: 107
INFO:root:pop fitness: 0.13815333333333332
INFO:root:elite fitness: 0.2372266666666667
INFO:root:Generation: 101
INFO:root:pop fitness: 0.14467333333333332
INFO:root:elite fitness: 0.24510666666666667
INFO:root:Generation: 108
INFO:root:pop fitness: 0.1572066666666667
INFO:root:elite fitness: 0.2768266666666666
INFO:root:Generation: 102
INFO:root:pop fitness: 0.12953333333333333
INFO:root:elite fitness: 0.24945333333333342
INFO:root:Generation: 109
INFO:root:pop fitness: 0.13908
INFO:root:elite fitness: 0.23578666666666664
INFO:root:Generation: 110
INFO:root:pop fitness: 0.13852666666666666
INFO:root:elite fitness: 0.25476
INFO:root:Generation: 103
INFO:root:pop fitness: 0.13666
INFO:root:elite fitness: 0.23190666666666662
INFO:root:Generation: 111
INFO:root:pop fitness: 0.13398000000000002
INFO:root:elite fitness: 0.2237733333333333
INFO:root:Generation: 104
INFO:root:pop fitness: 0.11681333333333335
INFO:root:elite fitness: 0.20645333333333335
INFO:root:Generation: 112
INFO:root:pop fitness: 0.1433066666666667
INFO:root:elite fitness: 0.23241333333333333
INFO:root:Generation: 105
INFO:root:pop fitness: 0.1236933333333333
INFO:root:elite fitness: 0.22266666666666665
INFO:root:Generation: 113
INFO:root:pop fitness: 0.14052
INFO:root:elite fitness: 0.24492
INFO:root:Generation: 106
INFO:root:pop fitness: 0.13612
INFO:root:elite fitness: 0.22593333333333337
INFO:root:Generation: 114
INFO:root:pop fitness: 0.12813333333333335
INFO:root:elite fitness: 0.20757333333333336
INFO:root:Generation: 107
INFO:root:pop fitness: 0.13210666666666668
INFO:root:elite fitness: 0.2335466666666666
INFO:root:Generation: 115
INFO:root:pop fitness: 0.13745333333333334
INFO:root:elite fitness: 0.24674666666666667
INFO:root:Generation: 108
INFO:root:pop fitness: 0.12133333333333335
INFO:root:elite fitness: 0.23068000000000008
INFO:root:Generation: 116
INFO:root:pop fitness: 0.12750666666666666
INFO:root:elite fitness: 0.2336666666666667
INFO:root:Generation: 109
INFO:root:pop fitness: 0.12775333333333333
INFO:root:elite fitness: 0.22560000000000002
INFO:root:Generation: 117
INFO:root:pop fitness: 0.13091333333333333
INFO:root:elite fitness: 0.23796
INFO:root:Generation: 110
INFO:root:pop fitness: 0.14197333333333334
INFO:root:elite fitness: 0.2385733333333334
INFO:root:Generation: 118
INFO:root:pop fitness: 0.13138
INFO:root:elite fitness: 0.24379999999999996
INFO:root:Generation: 111
INFO:root:pop fitness: 0.13624
INFO:root:elite fitness: 0.23782666666666666
INFO:root:Generation: 119
INFO:root:pop fitness: 0.13344666666666666
INFO:root:elite fitness: 0.22694666666666663
INFO:root:Generation: 120
INFO:root:pop fitness: 0.13094666666666666
INFO:root:elite fitness: 0.22058666666666668
INFO:root:Generation: 112
INFO:root:pop fitness: 0.1301
INFO:root:elite fitness: 0.21824
INFO:root:Generation: 121
INFO:root:pop fitness: 0.13915999999999998
INFO:root:elite fitness: 0.23472000000000004
INFO:root:Generation: 113
INFO:root:pop fitness: 0.11764000000000001
INFO:root:elite fitness: 0.19768
INFO:root:Generation: 122
INFO:root:pop fitness: 0.13849999999999998
INFO:root:elite fitness: 0.2424533333333333
INFO:root:Generation: 114
INFO:root:pop fitness: 0.13425999999999996
INFO:root:elite fitness: 0.22577333333333333
INFO:root:Generation: 123
INFO:root:pop fitness: 0.14202
INFO:root:elite fitness: 0.2356133333333333
INFO:root:Generation: 115
INFO:root:pop fitness: 0.14168666666666668
INFO:root:elite fitness: 0.23794666666666667
INFO:root:Generation: 124
INFO:root:pop fitness: 0.13814666666666667
INFO:root:elite fitness: 0.2300266666666667
INFO:root:Generation: 116
INFO:root:pop fitness: 0.13358
INFO:root:elite fitness: 0.2224
INFO:root:Generation: 125
INFO:root:pop fitness: 0.13369999999999999
INFO:root:elite fitness: 0.23930666666666667
INFO:root:Generation: 117
INFO:root:pop fitness: 0.12980666666666668
INFO:root:elite fitness: 0.24793333333333337
INFO:root:Generation: 126
INFO:root:pop fitness: 0.13624666666666665
INFO:root:elite fitness: 0.22867999999999994
INFO:root:Generation: 118
INFO:root:pop fitness: 0.12308
INFO:root:elite fitness: 0.23278666666666667
INFO:root:Generation: 127
INFO:root:pop fitness: 0.13812
INFO:root:elite fitness: 0.24066666666666664
INFO:root:Generation: 119
INFO:root:pop fitness: 0.12065333333333332
INFO:root:elite fitness: 0.20334666666666665
INFO:root:Generation: 128
INFO:root:pop fitness: 0.13594
INFO:root:elite fitness: 0.22571999999999998
INFO:root:Generation: 120
INFO:root:pop fitness: 0.13503333333333334
INFO:root:elite fitness: 0.25570666666666664
INFO:root:Generation: 129
INFO:root:pop fitness: 0.13359333333333334
INFO:root:elite fitness: 0.22216
INFO:root:Generation: 121
INFO:root:pop fitness: 0.12798
INFO:root:elite fitness: 0.2382533333333333
INFO:root:Generation: 130
INFO:root:pop fitness: 0.14766666666666667
INFO:root:elite fitness: 0.23987999999999998
INFO:root:Generation: 122
INFO:root:pop fitness: 0.12629333333333334
INFO:root:elite fitness: 0.23570666666666668
INFO:root:Generation: 131
INFO:root:pop fitness: 0.14637333333333333
INFO:root:elite fitness: 0.2400133333333333
INFO:root:Generation: 123
INFO:root:pop fitness: 0.11774666666666667
INFO:root:elite fitness: 0.22745333333333334
INFO:root:Generation: 132
INFO:root:pop fitness: 0.14238666666666663
INFO:root:elite fitness: 0.24873333333333336
INFO:root:Generation: 124
INFO:root:pop fitness: 0.1361
INFO:root:elite fitness: 0.23528000000000002
INFO:root:Generation: 133
INFO:root:pop fitness: 0.14131333333333335
INFO:root:elite fitness: 0.23144
INFO:root:Generation: 125
INFO:root:pop fitness: 0.12888
INFO:root:elite fitness: 0.22600000000000003
INFO:root:Generation: 134
INFO:root:pop fitness: 0.14165999999999998
INFO:root:elite fitness: 0.24931999999999999
INFO:root:Generation: 135
INFO:root:pop fitness: 0.14851999999999999
INFO:root:elite fitness: 0.25069333333333327
INFO:root:Generation: 126
INFO:root:pop fitness: 0.12097999999999999
INFO:root:elite fitness: 0.23503999999999994
INFO:root:Generation: 136
INFO:root:pop fitness: 0.14124666666666666
INFO:root:elite fitness: 0.23502666666666674
INFO:root:Generation: 127
INFO:root:pop fitness: 0.1389133333333333
INFO:root:elite fitness: 0.24669333333333332
INFO:root:Generation: 137
INFO:root:pop fitness: 0.1589733333333333
INFO:root:elite fitness: 0.25684
INFO:root:Generation: 128
INFO:root:pop fitness: 0.13163999999999998
INFO:root:elite fitness: 0.23141333333333336
INFO:root:Generation: 138
INFO:root:pop fitness: 0.15094666666666667
INFO:root:elite fitness: 0.25021333333333334
INFO:root:Generation: 129
INFO:root:pop fitness: 0.13054666666666667
INFO:root:elite fitness: 0.21557333333333337
INFO:root:Generation: 139
INFO:root:pop fitness: 0.14252
INFO:root:elite fitness: 0.23756
INFO:root:Generation: 130
INFO:root:pop fitness: 0.14164666666666667
INFO:root:elite fitness: 0.24842666666666663
INFO:root:Generation: 140
INFO:root:pop fitness: 0.15077333333333334
INFO:root:elite fitness: 0.25897333333333333
INFO:root:Generation: 131
INFO:root:pop fitness: 0.12722
INFO:root:elite fitness: 0.21592000000000003
INFO:root:Generation: 141
INFO:root:pop fitness: 0.14058
INFO:root:elite fitness: 0.229
INFO:root:Generation: 132
INFO:root:pop fitness: 0.13366666666666668
INFO:root:elite fitness: 0.22474666666666665
INFO:root:Generation: 142
INFO:root:pop fitness: 0.14225333333333334
INFO:root:elite fitness: 0.23690666666666668
INFO:root:Generation: 133
INFO:root:pop fitness: 0.13146000000000002
INFO:root:elite fitness: 0.21201333333333333
INFO:root:Generation: 143
INFO:root:pop fitness: 0.14826666666666669
INFO:root:elite fitness: 0.2512666666666667
INFO:root:Generation: 134
INFO:root:pop fitness: 0.14505333333333334
INFO:root:elite fitness: 0.2482666666666667
INFO:root:Generation: 144
INFO:root:pop fitness: 0.15676666666666667
INFO:root:elite fitness: 0.2500533333333333
INFO:root:Generation: 135
INFO:root:pop fitness: 0.13677333333333333
INFO:root:elite fitness: 0.2561333333333333
INFO:root:Generation: 145
INFO:root:pop fitness: 0.1493
INFO:root:elite fitness: 0.2714933333333333
INFO:root:Generation: 136
INFO:root:pop fitness: 0.13288666666666665
INFO:root:elite fitness: 0.22808000000000003
INFO:root:Generation: 146
INFO:root:pop fitness: 0.15259333333333333
INFO:root:elite fitness: 0.24492000000000005
INFO:root:Generation: 137
INFO:root:pop fitness: 0.13649333333333336
INFO:root:elite fitness: 0.2410266666666667
INFO:root:Generation: 147
INFO:root:pop fitness: 0.14798666666666668
INFO:root:elite fitness: 0.24928000000000003
INFO:root:Generation: 138
INFO:root:pop fitness: 0.13196000000000002
INFO:root:elite fitness: 0.22954666666666673
INFO:root:Generation: 148
INFO:root:pop fitness: 0.14702666666666667
INFO:root:elite fitness: 0.24984
INFO:root:Generation: 139
INFO:root:pop fitness: 0.13927333333333333
INFO:root:elite fitness: 0.25362666666666667
INFO:root:Generation: 149
INFO:root:pop fitness: 0.15949999999999998
INFO:root:elite fitness: 0.27013333333333334
INFO:root:Generation: 150
INFO:root:pop fitness: 0.15928
INFO:root:elite fitness: 0.2752533333333333
INFO:root:Generation: 140
INFO:root:pop fitness: 0.12540666666666667
INFO:root:elite fitness: 0.22069333333333338
INFO:root:Generation: 151
INFO:root:pop fitness: 0.15306666666666668
INFO:root:elite fitness: 0.26948000000000005
INFO:root:Generation: 141
INFO:root:pop fitness: 0.12242666666666664
INFO:root:elite fitness: 0.19988000000000003
INFO:root:Generation: 152
INFO:root:pop fitness: 0.14572000000000002
INFO:root:elite fitness: 0.2504533333333333
INFO:root:Generation: 142
INFO:root:pop fitness: 0.13697333333333334
INFO:root:elite fitness: 0.23469333333333334
INFO:root:Generation: 153
INFO:root:pop fitness: 0.16075333333333333
INFO:root:elite fitness: 0.27097333333333334
INFO:root:Generation: 143
INFO:root:pop fitness: 0.14441333333333334
INFO:root:elite fitness: 0.255
INFO:root:Generation: 154
INFO:root:pop fitness: 0.14859999999999998
INFO:root:elite fitness: 0.2461733333333333
INFO:root:Generation: 144
INFO:root:pop fitness: 0.13262000000000002
INFO:root:elite fitness: 0.23039999999999997
INFO:root:Generation: 155
INFO:root:pop fitness: 0.15296666666666667
INFO:root:elite fitness: 0.24980000000000005
INFO:root:Generation: 145
INFO:root:pop fitness: 0.14035333333333333
INFO:root:elite fitness: 0.2416533333333333
INFO:root:Generation: 156
INFO:root:pop fitness: 0.15869333333333335
INFO:root:elite fitness: 0.26222666666666666
INFO:root:Generation: 146
INFO:root:pop fitness: 0.14055999999999996
INFO:root:elite fitness: 0.2398266666666667
INFO:root:Generation: 157
INFO:root:pop fitness: 0.15364666666666668
INFO:root:elite fitness: 0.2601066666666667
INFO:root:Generation: 147
INFO:root:pop fitness: 0.14754
INFO:root:elite fitness: 0.25149333333333335
INFO:root:Generation: 158
INFO:root:pop fitness: 0.14483333333333334
INFO:root:elite fitness: 0.24433333333333332
INFO:root:Generation: 148
INFO:root:pop fitness: 0.1399733333333333
INFO:root:elite fitness: 0.24158666666666667
INFO:root:Generation: 159
INFO:root:pop fitness: 0.14726
INFO:root:elite fitness: 0.24714666666666668
INFO:root:Generation: 149
INFO:root:pop fitness: 0.15004
INFO:root:elite fitness: 0.2492
INFO:root:Generation: 160
INFO:root:pop fitness: 0.15324666666666667
INFO:root:elite fitness: 0.27621333333333337
INFO:root:Generation: 150
INFO:root:pop fitness: 0.14850666666666668
INFO:root:elite fitness: 0.25372
INFO:root:Generation: 161
INFO:root:pop fitness: 0.15278666666666665
INFO:root:elite fitness: 0.25856000000000007
INFO:root:Generation: 162
INFO:root:pop fitness: 0.15428666666666668
INFO:root:elite fitness: 0.2664933333333333
INFO:root:Generation: 151
INFO:root:pop fitness: 0.13246000000000002
INFO:root:elite fitness: 0.24094666666666673
INFO:root:Generation: 163
INFO:root:pop fitness: 0.14843333333333333
INFO:root:elite fitness: 0.2399333333333334
INFO:root:Generation: 152
INFO:root:pop fitness: 0.12674666666666667
INFO:root:elite fitness: 0.23406666666666667
INFO:root:Generation: 164
INFO:root:pop fitness: 0.15325999999999998
INFO:root:elite fitness: 0.24790666666666666
INFO:root:Generation: 153
INFO:root:pop fitness: 0.13772666666666666
INFO:root:elite fitness: 0.23769333333333337
INFO:root:Generation: 165
INFO:root:pop fitness: 0.14862666666666666
INFO:root:elite fitness: 0.27528
INFO:root:Generation: 154
INFO:root:pop fitness: 0.13628666666666667
INFO:root:elite fitness: 0.23272
INFO:root:Generation: 166
INFO:root:pop fitness: 0.14646
INFO:root:elite fitness: 0.2531733333333333
INFO:root:Generation: 155
INFO:root:pop fitness: 0.1387066666666667
INFO:root:elite fitness: 0.23048000000000007
INFO:root:Generation: 167
INFO:root:pop fitness: 0.15837333333333334
INFO:root:elite fitness: 0.27421333333333336
INFO:root:Generation: 156
INFO:root:pop fitness: 0.1418866666666667
INFO:root:elite fitness: 0.24864
INFO:root:Generation: 168
INFO:root:pop fitness: 0.16291999999999998
INFO:root:elite fitness: 0.2645733333333334
INFO:root:Generation: 157
INFO:root:pop fitness: 0.13273333333333334
INFO:root:elite fitness: 0.21693333333333337
INFO:root:Generation: 169
INFO:root:pop fitness: 0.1634133333333333
INFO:root:elite fitness: 0.2586
INFO:root:Generation: 158
INFO:root:pop fitness: 0.13247333333333336
INFO:root:elite fitness: 0.2506133333333333
INFO:root:Generation: 170
INFO:root:pop fitness: 0.15471333333333334
INFO:root:elite fitness: 0.2575866666666667
INFO:root:Generation: 159
INFO:root:pop fitness: 0.1392
INFO:root:elite fitness: 0.24208000000000005
INFO:root:Generation: 171
INFO:root:pop fitness: 0.15608666666666665
INFO:root:elite fitness: 0.2614666666666667
INFO:root:Generation: 160
INFO:root:pop fitness: 0.14524
INFO:root:elite fitness: 0.2394666666666667
INFO:root:Generation: 172
INFO:root:pop fitness: 0.15319333333333332
INFO:root:elite fitness: 0.26536000000000004
INFO:root:Generation: 173
INFO:root:pop fitness: 0.14236000000000001
INFO:root:elite fitness: 0.23821333333333328
INFO:root:Generation: 161
INFO:root:pop fitness: 0.13065333333333332
INFO:root:elite fitness: 0.2201466666666667
INFO:root:Generation: 174
INFO:root:pop fitness: 0.13842000000000002
INFO:root:elite fitness: 0.22649333333333332
INFO:root:Generation: 162
INFO:root:pop fitness: 0.14322666666666667
INFO:root:elite fitness: 0.24839999999999998
INFO:root:Generation: 175
INFO:root:pop fitness: 0.15306
INFO:root:elite fitness: 0.24644000000000002
INFO:root:Generation: 163
INFO:root:pop fitness: 0.13871333333333333
INFO:root:elite fitness: 0.23362666666666665
INFO:root:Generation: 176
INFO:root:pop fitness: 0.16204666666666667
INFO:root:elite fitness: 0.2679333333333334
INFO:root:Generation: 164
INFO:root:pop fitness: 0.14247333333333334
INFO:root:elite fitness: 0.24339999999999995
INFO:root:Generation: 177
INFO:root:pop fitness: 0.14754
INFO:root:elite fitness: 0.2538
INFO:root:Generation: 165
INFO:root:pop fitness: 0.15527333333333335
INFO:root:elite fitness: 0.2536666666666667
INFO:root:Generation: 178
INFO:root:pop fitness: 0.14238
INFO:root:elite fitness: 0.228
INFO:root:Generation: 166
INFO:root:pop fitness: 0.13270666666666667
INFO:root:elite fitness: 0.22805333333333336
INFO:root:Generation: 179
INFO:root:pop fitness: 0.15430666666666668
INFO:root:elite fitness: 0.24302666666666667
INFO:root:Generation: 167
INFO:root:pop fitness: 0.13710000000000003
INFO:root:elite fitness: 0.22583999999999999
INFO:root:Generation: 180
INFO:root:pop fitness: 0.1394466666666667
INFO:root:elite fitness: 0.23440000000000003
INFO:root:Generation: 168
INFO:root:pop fitness: 0.15167999999999998
INFO:root:elite fitness: 0.24983999999999995
INFO:root:Generation: 181
INFO:root:pop fitness: 0.15022000000000002
INFO:root:elite fitness: 0.24905333333333335
INFO:root:Generation: 169
INFO:root:pop fitness: 0.14572
INFO:root:elite fitness: 0.2324933333333333
INFO:root:Generation: 182
INFO:root:pop fitness: 0.15905999999999995
INFO:root:elite fitness: 0.26309333333333335
INFO:root:Generation: 170
INFO:root:pop fitness: 0.14197999999999997
INFO:root:elite fitness: 0.23358666666666664
INFO:root:Generation: 183
INFO:root:pop fitness: 0.14634
INFO:root:elite fitness: 0.23291999999999993
INFO:root:Generation: 171
INFO:root:pop fitness: 0.14892666666666668
INFO:root:elite fitness: 0.24721333333333334
INFO:root:Generation: 184
INFO:root:pop fitness: 0.15318000000000004
INFO:root:elite fitness: 0.2586533333333334
INFO:root:Generation: 185
INFO:root:pop fitness: 0.1663
INFO:root:elite fitness: 0.27508
INFO:root:Generation: 172
INFO:root:pop fitness: 0.13725333333333334
INFO:root:elite fitness: 0.2514
INFO:root:Generation: 186
INFO:root:pop fitness: 0.15748
INFO:root:elite fitness: 0.2527733333333333
INFO:root:Generation: 173
INFO:root:pop fitness: 0.14414
INFO:root:elite fitness: 0.23594666666666664
INFO:root:Generation: 187
INFO:root:pop fitness: 0.13256666666666667
INFO:root:elite fitness: 0.23110666666666665
INFO:root:Generation: 174
INFO:root:pop fitness: 0.13340666666666665
INFO:root:elite fitness: 0.22989333333333334
INFO:root:Generation: 188
INFO:root:pop fitness: 0.14564666666666667
INFO:root:elite fitness: 0.22836000000000004
INFO:root:Generation: 175
INFO:root:pop fitness: 0.15002666666666664
INFO:root:elite fitness: 0.2463866666666667
INFO:root:Generation: 189
INFO:root:pop fitness: 0.15044666666666667
INFO:root:elite fitness: 0.25121333333333334
INFO:root:Generation: 176
INFO:root:pop fitness: 0.14811333333333332
INFO:root:elite fitness: 0.25933333333333325
INFO:root:Generation: 190
INFO:root:pop fitness: 0.14998
INFO:root:elite fitness: 0.2490933333333333
INFO:root:Generation: 177
INFO:root:pop fitness: 0.14177333333333333
INFO:root:elite fitness: 0.26381333333333334
INFO:root:Generation: 191
INFO:root:pop fitness: 0.1629533333333333
INFO:root:elite fitness: 0.26098666666666664
INFO:root:Generation: 178
INFO:root:pop fitness: 0.16949999999999998
INFO:root:elite fitness: 0.26801333333333327
INFO:root:Generation: 192
INFO:root:pop fitness: 0.15444
INFO:root:elite fitness: 0.27216
INFO:root:Generation: 179
INFO:root:pop fitness: 0.15310666666666667
INFO:root:elite fitness: 0.27125333333333335
INFO:root:Generation: 193
INFO:root:pop fitness: 0.15464666666666665
INFO:root:elite fitness: 0.24941333333333332
INFO:root:Generation: 180
INFO:root:pop fitness: 0.1535266666666667
INFO:root:elite fitness: 0.26244
INFO:root:Generation: 194
INFO:root:pop fitness: 0.16726000000000002
INFO:root:elite fitness: 0.2901599999999999
INFO:root:Generation: 181
INFO:root:pop fitness: 0.14248
INFO:root:elite fitness: 0.2508266666666667
INFO:root:Generation: 195
INFO:root:pop fitness: 0.165
INFO:root:elite fitness: 0.28244
INFO:root:Generation: 182
INFO:root:pop fitness: 0.15088666666666664
INFO:root:elite fitness: 0.2673333333333333
INFO:root:Generation: 196
INFO:root:pop fitness: 0.16258666666666666
INFO:root:elite fitness: 0.25953333333333334
INFO:root:Generation: 183
INFO:root:pop fitness: 0.13964000000000004
INFO:root:elite fitness: 0.26024
INFO:root:Generation: 197
INFO:root:pop fitness: 0.16180000000000003
INFO:root:elite fitness: 0.25476
INFO:root:Generation: 184
INFO:root:pop fitness: 0.14518
INFO:root:elite fitness: 0.2525733333333333
INFO:root:Generation: 198
INFO:root:pop fitness: 0.16098666666666664
INFO:root:elite fitness: 0.2641333333333334
INFO:root:Generation: 199
INFO:root:pop fitness: 0.15912666666666667
INFO:root:elite fitness: 0.26894666666666667
INFO:root:Generation: 185
INFO:root:pop fitness: 0.16312
INFO:root:elite fitness: 0.2675600000000001
INFO:root:Generation: 186
INFO:root:pop fitness: 0.14622
INFO:root:elite fitness: 0.25
INFO:root:Generation: 187
INFO:root:pop fitness: 0.13574000000000003
INFO:root:elite fitness: 0.2473466666666667
INFO:root:Generation: 188
INFO:root:pop fitness: 0.13158666666666666
INFO:root:elite fitness: 0.22658666666666671
INFO:root:Generation: 189
INFO:root:pop fitness: 0.15704666666666667
INFO:root:elite fitness: 0.2565733333333333
INFO:root:Generation: 190
INFO:root:pop fitness: 0.14348666666666665
INFO:root:elite fitness: 0.23981333333333335
INFO:root:Generation: 191
INFO:root:pop fitness: 0.14181999999999997
INFO:root:elite fitness: 0.2372533333333334
INFO:root:Generation: 192
INFO:root:pop fitness: 0.13664
INFO:root:elite fitness: 0.2603333333333333
INFO:root:Generation: 193
INFO:root:pop fitness: 0.1536933333333333
INFO:root:elite fitness: 0.24795999999999996
INFO:root:Generation: 194
INFO:root:pop fitness: 0.14396
INFO:root:elite fitness: 0.22634666666666667
INFO:root:Generation: 195
INFO:root:pop fitness: 0.13846
INFO:root:elite fitness: 0.23430666666666666
INFO:root:Generation: 196
INFO:root:pop fitness: 0.13997333333333334
INFO:root:elite fitness: 0.24847999999999998
INFO:root:Generation: 197
INFO:root:pop fitness: 0.16127333333333332
INFO:root:elite fitness: 0.26310666666666666
INFO:root:Generation: 198
INFO:root:pop fitness: 0.14895333333333333
INFO:root:elite fitness: 0.24881333333333336
INFO:root:Generation: 199
INFO:root:pop fitness: 0.1648466666666667
INFO:root:elite fitness: 0.2594666666666666
