INFO:root:run_master: Namespace(arms='10', hidden='128', layers='3', max_gen='200', message='', mutation_mag='0.01', name='resetSteps', noise=True, pop_size='150', save_result=True, steps='3', trials='100')
INFO:root:run_master: Namespace(arms='10', hidden='128', layers='3', max_gen='200', message='', mutation_mag='0.01', name='resetSteps', noise=False, pop_size='150', save_result=True, steps='3', trials='100')
INFO:root:Generation: 0
INFO:root:pop fitness: 0.09987333333333333
INFO:root:elite fitness: 0.11229333333333331
INFO:root:Generation: 0
INFO:root:pop fitness: 0.09967999999999999
INFO:root:elite fitness: 0.11209333333333334
INFO:root:Generation: 1
INFO:root:pop fitness: 0.10329999999999999
INFO:root:elite fitness: 0.15999999999999998
INFO:root:Generation: 1
INFO:root:pop fitness: 0.10588666666666664
INFO:root:elite fitness: 0.15077333333333331
INFO:root:Generation: 2
INFO:root:pop fitness: 0.102
INFO:root:elite fitness: 0.17758666666666664
INFO:root:Generation: 2
INFO:root:pop fitness: 0.10431333333333334
INFO:root:elite fitness: 0.17888
INFO:root:Generation: 3
INFO:root:pop fitness: 0.11492666666666668
INFO:root:elite fitness: 0.21418666666666666
INFO:root:Generation: 3
INFO:root:pop fitness: 0.10195333333333333
INFO:root:elite fitness: 0.19169333333333335
INFO:root:Generation: 4
INFO:root:pop fitness: 0.09895333333333334
INFO:root:elite fitness: 0.19653333333333334
INFO:root:Generation: 4
INFO:root:pop fitness: 0.10722666666666666
INFO:root:elite fitness: 0.20567999999999997
INFO:root:Generation: 5
INFO:root:pop fitness: 0.10313333333333333
INFO:root:elite fitness: 0.2018
INFO:root:Generation: 5
INFO:root:pop fitness: 0.11514
INFO:root:elite fitness: 0.20944000000000002
INFO:root:Generation: 6
INFO:root:pop fitness: 0.08914666666666667
INFO:root:elite fitness: 0.18782666666666667
INFO:root:Generation: 6
INFO:root:pop fitness: 0.08732666666666666
INFO:root:elite fitness: 0.17789333333333332
INFO:root:Generation: 7
INFO:root:pop fitness: 0.0994
INFO:root:elite fitness: 0.20378666666666664
INFO:root:Generation: 7
INFO:root:pop fitness: 0.09410000000000002
INFO:root:elite fitness: 0.19314666666666666
INFO:root:Generation: 8
INFO:root:pop fitness: 0.1188
INFO:root:elite fitness: 0.25056
INFO:root:Generation: 8
INFO:root:pop fitness: 0.09616666666666665
INFO:root:elite fitness: 0.21369333333333335
INFO:root:Generation: 9
INFO:root:pop fitness: 0.10379333333333332
INFO:root:elite fitness: 0.2196
INFO:root:Generation: 9
INFO:root:pop fitness: 0.10206666666666665
INFO:root:elite fitness: 0.1972533333333333
INFO:root:Generation: 10
INFO:root:pop fitness: 0.10576666666666666
INFO:root:elite fitness: 0.21972
INFO:root:Generation: 10
INFO:root:pop fitness: 0.09962666666666666
INFO:root:elite fitness: 0.20957333333333333
INFO:root:Generation: 11
INFO:root:pop fitness: 0.10387333333333333
INFO:root:elite fitness: 0.1920133333333333
INFO:root:Generation: 11
INFO:root:pop fitness: 0.10700666666666668
INFO:root:elite fitness: 0.23002666666666666
INFO:root:Generation: 12
INFO:root:pop fitness: 0.11814000000000002
INFO:root:elite fitness: 0.25265333333333334
INFO:root:Generation: 12
INFO:root:pop fitness: 0.10447333333333333
INFO:root:elite fitness: 0.23
INFO:root:Generation: 13
INFO:root:pop fitness: 0.09843999999999999
INFO:root:elite fitness: 0.23406666666666667
INFO:root:Generation: 13
INFO:root:pop fitness: 0.09782666666666666
INFO:root:elite fitness: 0.18968000000000002
INFO:root:Generation: 14
INFO:root:pop fitness: 0.10264
INFO:root:elite fitness: 0.20688
INFO:root:Generation: 14
INFO:root:pop fitness: 0.09517333333333333
INFO:root:elite fitness: 0.20282666666666666
INFO:root:Generation: 15
INFO:root:pop fitness: 0.11002
INFO:root:elite fitness: 0.23486666666666664
INFO:root:Generation: 15
INFO:root:pop fitness: 0.11382666666666666
INFO:root:elite fitness: 0.22078666666666663
INFO:root:Generation: 16
INFO:root:pop fitness: 0.11387333333333331
INFO:root:elite fitness: 0.2337066666666667
INFO:root:Generation: 16
INFO:root:pop fitness: 0.10908666666666667
INFO:root:elite fitness: 0.20700000000000002
INFO:root:Generation: 17
INFO:root:pop fitness: 0.11203999999999999
INFO:root:elite fitness: 0.24304000000000006
INFO:root:Generation: 17
INFO:root:pop fitness: 0.11732
INFO:root:elite fitness: 0.23990666666666666
INFO:root:Generation: 18
INFO:root:pop fitness: 0.11577333333333335
INFO:root:elite fitness: 0.23246666666666665
INFO:root:Generation: 19
INFO:root:pop fitness: 0.12448666666666668
INFO:root:elite fitness: 0.23422666666666672
INFO:root:Generation: 18
INFO:root:pop fitness: 0.11551999999999997
INFO:root:elite fitness: 0.24409333333333336
INFO:root:Generation: 20
INFO:root:pop fitness: 0.12375333333333335
INFO:root:elite fitness: 0.2709333333333333
INFO:root:Generation: 19
INFO:root:pop fitness: 0.12075999999999998
INFO:root:elite fitness: 0.23728
INFO:root:Generation: 21
INFO:root:pop fitness: 0.11261333333333336
INFO:root:elite fitness: 0.23328
INFO:root:Generation: 20
INFO:root:pop fitness: 0.10849999999999999
INFO:root:elite fitness: 0.2655333333333333
INFO:root:Generation: 22
INFO:root:pop fitness: 0.11644666666666666
INFO:root:elite fitness: 0.263
INFO:root:Generation: 21
INFO:root:pop fitness: 0.13404000000000002
INFO:root:elite fitness: 0.2742533333333333
INFO:root:Generation: 23
INFO:root:pop fitness: 0.11174666666666667
INFO:root:elite fitness: 0.22278666666666666
INFO:root:Generation: 22
INFO:root:pop fitness: 0.11934666666666667
INFO:root:elite fitness: 0.23733333333333329
INFO:root:Generation: 24
INFO:root:pop fitness: 0.10141999999999998
INFO:root:elite fitness: 0.2198266666666667
INFO:root:Generation: 23
INFO:root:pop fitness: 0.13340666666666665
INFO:root:elite fitness: 0.25587999999999994
INFO:root:Generation: 25
INFO:root:pop fitness: 0.12500000000000003
INFO:root:elite fitness: 0.23469333333333328
INFO:root:Generation: 24
INFO:root:pop fitness: 0.12704666666666667
INFO:root:elite fitness: 0.27197333333333334
INFO:root:Generation: 26
INFO:root:pop fitness: 0.12299333333333332
INFO:root:elite fitness: 0.25377333333333335
INFO:root:Generation: 25
INFO:root:pop fitness: 0.11841999999999998
INFO:root:elite fitness: 0.25017333333333336
INFO:root:Generation: 27
INFO:root:pop fitness: 0.12500666666666668
INFO:root:elite fitness: 0.23782666666666671
INFO:root:Generation: 26
INFO:root:pop fitness: 0.11671333333333335
INFO:root:elite fitness: 0.2464666666666667
INFO:root:Generation: 28
INFO:root:pop fitness: 0.11743333333333335
INFO:root:elite fitness: 0.26054666666666665
INFO:root:Generation: 27
INFO:root:pop fitness: 0.12796000000000002
INFO:root:elite fitness: 0.2713866666666667
INFO:root:Generation: 29
INFO:root:pop fitness: 0.11090000000000001
INFO:root:elite fitness: 0.23079999999999998
INFO:root:Generation: 28
INFO:root:pop fitness: 0.13431999999999997
INFO:root:elite fitness: 0.2702133333333333
INFO:root:Generation: 30
INFO:root:pop fitness: 0.10613333333333336
INFO:root:elite fitness: 0.23466666666666675
INFO:root:Generation: 29
INFO:root:pop fitness: 0.14200666666666667
INFO:root:elite fitness: 0.2667333333333334
INFO:root:Generation: 31
INFO:root:pop fitness: 0.11403333333333333
INFO:root:elite fitness: 0.22718666666666665
INFO:root:Generation: 30
INFO:root:pop fitness: 0.12192666666666668
INFO:root:elite fitness: 0.2672
INFO:root:Generation: 32
INFO:root:pop fitness: 0.12387333333333335
INFO:root:elite fitness: 0.24907999999999997
INFO:root:Generation: 31
INFO:root:pop fitness: 0.14075333333333334
INFO:root:elite fitness: 0.2658533333333334
INFO:root:Generation: 33
INFO:root:pop fitness: 0.10279333333333333
INFO:root:elite fitness: 0.20980000000000001
INFO:root:Generation: 32
INFO:root:pop fitness: 0.12872666666666668
INFO:root:elite fitness: 0.24976000000000004
INFO:root:Generation: 34
INFO:root:pop fitness: 0.12916
INFO:root:elite fitness: 0.2534799999999999
INFO:root:Generation: 33
INFO:root:pop fitness: 0.12899999999999998
INFO:root:elite fitness: 0.24797333333333332
INFO:root:Generation: 35
INFO:root:pop fitness: 0.12571333333333332
INFO:root:elite fitness: 0.24868000000000004
INFO:root:Generation: 34
INFO:root:pop fitness: 0.14055333333333334
INFO:root:elite fitness: 0.2995466666666667
INFO:root:Generation: 36
INFO:root:pop fitness: 0.13495333333333331
INFO:root:elite fitness: 0.2440266666666667
INFO:root:Generation: 35
INFO:root:pop fitness: 0.13974666666666663
INFO:root:elite fitness: 0.2531866666666667
INFO:root:Generation: 37
INFO:root:pop fitness: 0.12047333333333332
INFO:root:elite fitness: 0.24630666666666665
INFO:root:Generation: 36
INFO:root:pop fitness: 0.13876
INFO:root:elite fitness: 0.25839999999999996
INFO:root:Generation: 38
INFO:root:pop fitness: 0.12864666666666666
INFO:root:elite fitness: 0.25334666666666666
INFO:root:Generation: 37
INFO:root:pop fitness: 0.1398333333333333
INFO:root:elite fitness: 0.27471999999999996
INFO:root:Generation: 39
INFO:root:pop fitness: 0.13622
INFO:root:elite fitness: 0.28135999999999994
INFO:root:Generation: 38
INFO:root:pop fitness: 0.11753333333333332
INFO:root:elite fitness: 0.25225333333333333
INFO:root:Generation: 40
INFO:root:pop fitness: 0.12516666666666668
INFO:root:elite fitness: 0.24944000000000008
INFO:root:Generation: 39
INFO:root:pop fitness: 0.13033999999999998
INFO:root:elite fitness: 0.2416666666666666
INFO:root:Generation: 41
INFO:root:pop fitness: 0.12724666666666667
INFO:root:elite fitness: 0.2348666666666667
INFO:root:Generation: 42
INFO:root:pop fitness: 0.1201
INFO:root:elite fitness: 0.2524666666666667
INFO:root:Generation: 40
INFO:root:pop fitness: 0.12025333333333331
INFO:root:elite fitness: 0.2516666666666667
INFO:root:Generation: 43
INFO:root:pop fitness: 0.12772
INFO:root:elite fitness: 0.2585733333333333
INFO:root:Generation: 41
INFO:root:pop fitness: 0.13867333333333334
INFO:root:elite fitness: 0.24347999999999995
INFO:root:Generation: 44
INFO:root:pop fitness: 0.13390000000000002
INFO:root:elite fitness: 0.25165333333333334
INFO:root:Generation: 42
INFO:root:pop fitness: 0.12149333333333333
INFO:root:elite fitness: 0.2570266666666666
INFO:root:Generation: 45
INFO:root:pop fitness: 0.11978666666666667
INFO:root:elite fitness: 0.2572666666666667
INFO:root:Generation: 43
INFO:root:pop fitness: 0.13461333333333333
INFO:root:elite fitness: 0.2863733333333333
INFO:root:Generation: 46
INFO:root:pop fitness: 0.11493999999999997
INFO:root:elite fitness: 0.22729333333333337
INFO:root:Generation: 44
INFO:root:pop fitness: 0.11909333333333334
INFO:root:elite fitness: 0.24183999999999997
INFO:root:Generation: 47
INFO:root:pop fitness: 0.1305933333333333
INFO:root:elite fitness: 0.26516000000000006
INFO:root:Generation: 45
INFO:root:pop fitness: 0.12
INFO:root:elite fitness: 0.2351333333333334
INFO:root:Generation: 48
INFO:root:pop fitness: 0.13252
INFO:root:elite fitness: 0.24884000000000006
INFO:root:Generation: 46
INFO:root:pop fitness: 0.11146666666666666
INFO:root:elite fitness: 0.24415999999999996
INFO:root:Generation: 49
INFO:root:pop fitness: 0.12779333333333331
INFO:root:elite fitness: 0.25529333333333337
INFO:root:Generation: 47
INFO:root:pop fitness: 0.13096666666666665
INFO:root:elite fitness: 0.26497333333333334
INFO:root:Generation: 50
INFO:root:pop fitness: 0.12928000000000003
INFO:root:elite fitness: 0.26666666666666666
INFO:root:Generation: 48
INFO:root:pop fitness: 0.12697333333333333
INFO:root:elite fitness: 0.24582666666666664
INFO:root:Generation: 51
INFO:root:pop fitness: 0.12120666666666664
INFO:root:elite fitness: 0.25446666666666656
INFO:root:Generation: 49
INFO:root:pop fitness: 0.12803333333333336
INFO:root:elite fitness: 0.2770666666666667
INFO:root:Generation: 52
INFO:root:pop fitness: 0.13596666666666665
INFO:root:elite fitness: 0.26620000000000005
INFO:root:Generation: 50
INFO:root:pop fitness: 0.12881333333333334
INFO:root:elite fitness: 0.2571466666666667
INFO:root:Generation: 53
INFO:root:pop fitness: 0.14092000000000002
INFO:root:elite fitness: 0.2618666666666667
INFO:root:Generation: 54
INFO:root:pop fitness: 0.13162
INFO:root:elite fitness: 0.24996000000000004
INFO:root:Generation: 51
INFO:root:pop fitness: 0.1451666666666667
INFO:root:elite fitness: 0.2844533333333333
INFO:root:Generation: 55
INFO:root:pop fitness: 0.13545333333333334
INFO:root:elite fitness: 0.2862
INFO:root:Generation: 52
INFO:root:pop fitness: 0.14686
INFO:root:elite fitness: 0.2787733333333333
INFO:root:Generation: 56
INFO:root:pop fitness: 0.14504
INFO:root:elite fitness: 0.27422666666666673
INFO:root:Generation: 53
INFO:root:pop fitness: 0.14167333333333337
INFO:root:elite fitness: 0.28926666666666667
INFO:root:Generation: 57
INFO:root:pop fitness: 0.11684000000000003
INFO:root:elite fitness: 0.25517333333333336
INFO:root:Generation: 54
INFO:root:pop fitness: 0.1434
INFO:root:elite fitness: 0.30956000000000006
INFO:root:Generation: 58
INFO:root:pop fitness: 0.12333333333333334
INFO:root:elite fitness: 0.2673466666666667
INFO:root:Generation: 55
INFO:root:pop fitness: 0.14031333333333337
INFO:root:elite fitness: 0.2846266666666667
INFO:root:Generation: 59
INFO:root:pop fitness: 0.12248
INFO:root:elite fitness: 0.2311466666666667
INFO:root:Generation: 56
INFO:root:pop fitness: 0.12530000000000002
INFO:root:elite fitness: 0.26264
INFO:root:Generation: 60
INFO:root:pop fitness: 0.1324666666666667
INFO:root:elite fitness: 0.27150666666666673
INFO:root:Generation: 57
INFO:root:pop fitness: 0.12378666666666667
INFO:root:elite fitness: 0.27229333333333333
INFO:root:Generation: 61
INFO:root:pop fitness: 0.14554
INFO:root:elite fitness: 0.26336000000000004
INFO:root:Generation: 58
INFO:root:pop fitness: 0.13996666666666668
INFO:root:elite fitness: 0.27155999999999997
INFO:root:Generation: 62
INFO:root:pop fitness: 0.11908666666666666
INFO:root:elite fitness: 0.24142666666666665
INFO:root:Generation: 59
INFO:root:pop fitness: 0.12031333333333331
INFO:root:elite fitness: 0.26977333333333336
INFO:root:Generation: 63
INFO:root:pop fitness: 0.12701333333333334
INFO:root:elite fitness: 0.2580533333333333
INFO:root:Generation: 60
INFO:root:pop fitness: 0.11521333333333333
INFO:root:elite fitness: 0.22278666666666666
INFO:root:Generation: 64
INFO:root:pop fitness: 0.13055333333333333
INFO:root:elite fitness: 0.26497333333333334
INFO:root:Generation: 61
INFO:root:pop fitness: 0.13884
INFO:root:elite fitness: 0.25933333333333325
INFO:root:Generation: 65
INFO:root:pop fitness: 0.14864666666666665
INFO:root:elite fitness: 0.2992533333333333
INFO:root:Generation: 62
INFO:root:pop fitness: 0.12890666666666667
INFO:root:elite fitness: 0.2561866666666667
INFO:root:Generation: 66
INFO:root:pop fitness: 0.12747333333333333
INFO:root:elite fitness: 0.2586933333333334
INFO:root:Generation: 63
INFO:root:pop fitness: 0.12875333333333336
INFO:root:elite fitness: 0.2589333333333333
INFO:root:Generation: 67
INFO:root:pop fitness: 0.13672666666666666
INFO:root:elite fitness: 0.26802666666666664
INFO:root:Generation: 68
INFO:root:pop fitness: 0.13423333333333332
INFO:root:elite fitness: 0.26952
INFO:root:Generation: 64
INFO:root:pop fitness: 0.13782000000000003
INFO:root:elite fitness: 0.2755733333333334
INFO:root:Generation: 69
INFO:root:pop fitness: 0.11797999999999999
INFO:root:elite fitness: 0.24757333333333334
INFO:root:Generation: 65
INFO:root:pop fitness: 0.12526666666666667
INFO:root:elite fitness: 0.22877333333333336
INFO:root:Generation: 70
INFO:root:pop fitness: 0.13515333333333335
INFO:root:elite fitness: 0.2759333333333333
INFO:root:Generation: 66
INFO:root:pop fitness: 0.12106666666666667
INFO:root:elite fitness: 0.24891999999999995
INFO:root:Generation: 71
INFO:root:pop fitness: 0.11971333333333334
INFO:root:elite fitness: 0.22413333333333332
INFO:root:Generation: 67
INFO:root:pop fitness: 0.13336666666666666
INFO:root:elite fitness: 0.2671466666666667
INFO:root:Generation: 72
INFO:root:pop fitness: 0.12706
INFO:root:elite fitness: 0.2676666666666667
INFO:root:Generation: 68
INFO:root:pop fitness: 0.13262666666666664
INFO:root:elite fitness: 0.27517333333333327
INFO:root:Generation: 73
INFO:root:pop fitness: 0.11156666666666666
INFO:root:elite fitness: 0.23717333333333335
INFO:root:Generation: 69
INFO:root:pop fitness: 0.11934666666666667
INFO:root:elite fitness: 0.23924
INFO:root:Generation: 74
INFO:root:pop fitness: 0.10731333333333334
INFO:root:elite fitness: 0.23490666666666665
INFO:root:Generation: 70
INFO:root:pop fitness: 0.11559999999999998
INFO:root:elite fitness: 0.24606666666666668
INFO:root:Generation: 75
INFO:root:pop fitness: 0.11317333333333333
INFO:root:elite fitness: 0.2653466666666666
INFO:root:Generation: 71
INFO:root:pop fitness: 0.11457333333333333
INFO:root:elite fitness: 0.2519066666666666
INFO:root:Generation: 76
INFO:root:pop fitness: 0.12594
INFO:root:elite fitness: 0.24475999999999995
INFO:root:Generation: 72
INFO:root:pop fitness: 0.11457999999999999
INFO:root:elite fitness: 0.2603066666666667
INFO:root:Generation: 77
INFO:root:pop fitness: 0.11695333333333333
INFO:root:elite fitness: 0.2537066666666667
INFO:root:Generation: 73
INFO:root:pop fitness: 0.11882000000000001
INFO:root:elite fitness: 0.2402933333333333
INFO:root:Generation: 78
INFO:root:pop fitness: 0.13676666666666668
INFO:root:elite fitness: 0.2657733333333333
INFO:root:Generation: 74
INFO:root:pop fitness: 0.1347066666666667
INFO:root:elite fitness: 0.30684
INFO:root:Generation: 79
INFO:root:pop fitness: 0.10547999999999999
INFO:root:elite fitness: 0.2210666666666667
INFO:root:Generation: 75
INFO:root:pop fitness: 0.13335333333333332
INFO:root:elite fitness: 0.27685333333333334
INFO:root:Generation: 80
INFO:root:pop fitness: 0.12331333333333333
INFO:root:elite fitness: 0.22102666666666665
INFO:root:Generation: 76
INFO:root:pop fitness: 0.11304
INFO:root:elite fitness: 0.21170666666666665
INFO:root:Generation: 81
INFO:root:pop fitness: 0.12354
INFO:root:elite fitness: 0.24074666666666664
INFO:root:Generation: 77
INFO:root:pop fitness: 0.12762
INFO:root:elite fitness: 0.26432
INFO:root:Generation: 82
INFO:root:pop fitness: 0.13062666666666667
INFO:root:elite fitness: 0.2656133333333333
INFO:root:Generation: 78
INFO:root:pop fitness: 0.14186666666666667
INFO:root:elite fitness: 0.25393333333333334
INFO:root:Generation: 83
INFO:root:pop fitness: 0.1375
INFO:root:elite fitness: 0.2878933333333334
INFO:root:Generation: 84
INFO:root:pop fitness: 0.11980666666666669
INFO:root:elite fitness: 0.2555733333333333
INFO:root:Generation: 79
INFO:root:pop fitness: 0.12825999999999999
INFO:root:elite fitness: 0.26004
INFO:root:Generation: 85
INFO:root:pop fitness: 0.12969999999999998
INFO:root:elite fitness: 0.27570666666666666
INFO:root:Generation: 80
INFO:root:pop fitness: 0.12262
INFO:root:elite fitness: 0.25389333333333336
INFO:root:Generation: 86
INFO:root:pop fitness: 0.12085999999999998
INFO:root:elite fitness: 0.24072
INFO:root:Generation: 81
INFO:root:pop fitness: 0.12286000000000001
INFO:root:elite fitness: 0.2435333333333333
INFO:root:Generation: 87
INFO:root:pop fitness: 0.12332000000000001
INFO:root:elite fitness: 0.2571466666666667
INFO:root:Generation: 82
INFO:root:pop fitness: 0.13962666666666668
INFO:root:elite fitness: 0.28325333333333336
INFO:root:Generation: 88
INFO:root:pop fitness: 0.12036000000000001
INFO:root:elite fitness: 0.24856
INFO:root:Generation: 83
INFO:root:pop fitness: 0.13253333333333334
INFO:root:elite fitness: 0.2339733333333333
INFO:root:Generation: 89
INFO:root:pop fitness: 0.12158
INFO:root:elite fitness: 0.23294666666666672
INFO:root:Generation: 84
INFO:root:pop fitness: 0.12187333333333332
INFO:root:elite fitness: 0.24037333333333336
INFO:root:Generation: 90
INFO:root:pop fitness: 0.13903333333333334
INFO:root:elite fitness: 0.2681199999999999
INFO:root:Generation: 85
INFO:root:pop fitness: 0.13103333333333333
INFO:root:elite fitness: 0.2796
INFO:root:Generation: 91
INFO:root:pop fitness: 0.12662666666666667
INFO:root:elite fitness: 0.27613333333333334
INFO:root:Generation: 86
INFO:root:pop fitness: 0.13267333333333334
INFO:root:elite fitness: 0.2624133333333333
INFO:root:Generation: 92
INFO:root:pop fitness: 0.12994666666666665
INFO:root:elite fitness: 0.25646666666666673
INFO:root:Generation: 87
INFO:root:pop fitness: 0.12460666666666666
INFO:root:elite fitness: 0.25664000000000003
INFO:root:Generation: 93
INFO:root:pop fitness: 0.13523333333333334
INFO:root:elite fitness: 0.26964000000000005
INFO:root:Generation: 88
INFO:root:pop fitness: 0.13442666666666667
INFO:root:elite fitness: 0.27198666666666665
INFO:root:Generation: 94
INFO:root:pop fitness: 0.13006666666666666
INFO:root:elite fitness: 0.2556400000000001
INFO:root:Generation: 95
INFO:root:pop fitness: 0.13294666666666666
INFO:root:elite fitness: 0.23066666666666663
INFO:root:Generation: 89
INFO:root:pop fitness: 0.11258
INFO:root:elite fitness: 0.23428000000000007
INFO:root:Generation: 96
INFO:root:pop fitness: 0.13106666666666666
INFO:root:elite fitness: 0.27343999999999996
INFO:root:Generation: 90
INFO:root:pop fitness: 0.12144666666666669
INFO:root:elite fitness: 0.2609733333333334
INFO:root:Generation: 97
INFO:root:pop fitness: 0.12788666666666668
INFO:root:elite fitness: 0.27133333333333337
INFO:root:Generation: 91
INFO:root:pop fitness: 0.11157333333333332
INFO:root:elite fitness: 0.2386
INFO:root:Generation: 98
INFO:root:pop fitness: 0.1423466666666667
INFO:root:elite fitness: 0.28973333333333334
INFO:root:Generation: 92
INFO:root:pop fitness: 0.12303333333333333
INFO:root:elite fitness: 0.2243733333333333
INFO:root:Generation: 99
INFO:root:pop fitness: 0.13812666666666668
INFO:root:elite fitness: 0.26213333333333333
INFO:root:Generation: 93
INFO:root:pop fitness: 0.13461333333333333
INFO:root:elite fitness: 0.2624533333333333
INFO:root:Generation: 100
INFO:root:pop fitness: 0.13846666666666663
INFO:root:elite fitness: 0.2501066666666667
INFO:root:Generation: 94
INFO:root:pop fitness: 0.12150000000000001
INFO:root:elite fitness: 0.24002666666666664
INFO:root:Generation: 101
INFO:root:pop fitness: 0.13267333333333334
INFO:root:elite fitness: 0.25836
INFO:root:Generation: 95
INFO:root:pop fitness: 0.12449333333333333
INFO:root:elite fitness: 0.23970666666666668
INFO:root:Generation: 102
INFO:root:pop fitness: 0.13588666666666666
INFO:root:elite fitness: 0.24444000000000002
INFO:root:Generation: 96
INFO:root:pop fitness: 0.12319333333333332
INFO:root:elite fitness: 0.23668000000000003
INFO:root:Generation: 103
INFO:root:pop fitness: 0.12415333333333332
INFO:root:elite fitness: 0.25429333333333326
INFO:root:Generation: 97
INFO:root:pop fitness: 0.11709999999999998
INFO:root:elite fitness: 0.21968000000000004
INFO:root:Generation: 104
INFO:root:pop fitness: 0.12635333333333332
INFO:root:elite fitness: 0.23125333333333334
INFO:root:Generation: 98
INFO:root:pop fitness: 0.14267333333333335
INFO:root:elite fitness: 0.28779999999999994
INFO:root:Generation: 105
INFO:root:pop fitness: 0.12983999999999998
INFO:root:elite fitness: 0.2601066666666667
INFO:root:Generation: 99
INFO:root:pop fitness: 0.12794666666666668
INFO:root:elite fitness: 0.26933333333333326
INFO:root:Generation: 106
INFO:root:pop fitness: 0.1292333333333333
INFO:root:elite fitness: 0.26267999999999997
INFO:root:Generation: 100
INFO:root:pop fitness: 0.14103333333333334
INFO:root:elite fitness: 0.2761333333333334
INFO:root:Generation: 107
INFO:root:pop fitness: 0.12908666666666666
INFO:root:elite fitness: 0.2720533333333333
INFO:root:Generation: 101
INFO:root:pop fitness: 0.12447333333333332
INFO:root:elite fitness: 0.27723999999999993
INFO:root:Generation: 108
INFO:root:pop fitness: 0.14217333333333335
INFO:root:elite fitness: 0.27070666666666665
INFO:root:Generation: 102
INFO:root:pop fitness: 0.14973999999999998
INFO:root:elite fitness: 0.28216
INFO:root:Generation: 109
INFO:root:pop fitness: 0.1445
INFO:root:elite fitness: 0.2535066666666667
INFO:root:Generation: 110
INFO:root:pop fitness: 0.1349666666666667
INFO:root:elite fitness: 0.2670533333333333
INFO:root:Generation: 103
INFO:root:pop fitness: 0.15189333333333332
INFO:root:elite fitness: 0.3047066666666667
INFO:root:Generation: 111
INFO:root:pop fitness: 0.13874
INFO:root:elite fitness: 0.27043999999999996
INFO:root:Generation: 104
INFO:root:pop fitness: 0.13007333333333335
INFO:root:elite fitness: 0.2534666666666666
INFO:root:Generation: 112
INFO:root:pop fitness: 0.13198
INFO:root:elite fitness: 0.2333333333333334
INFO:root:Generation: 105
INFO:root:pop fitness: 0.14732
INFO:root:elite fitness: 0.29263999999999996
INFO:root:Generation: 113
INFO:root:pop fitness: 0.1448533333333333
INFO:root:elite fitness: 0.2707866666666667
INFO:root:Generation: 106
INFO:root:pop fitness: 0.15047333333333335
INFO:root:elite fitness: 0.28676
INFO:root:Generation: 114
INFO:root:pop fitness: 0.14359333333333335
INFO:root:elite fitness: 0.26194666666666666
INFO:root:Generation: 107
INFO:root:pop fitness: 0.14613333333333334
INFO:root:elite fitness: 0.2579333333333333
INFO:root:Generation: 115
INFO:root:pop fitness: 0.14696666666666666
INFO:root:elite fitness: 0.3068666666666667
INFO:root:Generation: 108
INFO:root:pop fitness: 0.15619333333333335
INFO:root:elite fitness: 0.31006666666666666
INFO:root:Generation: 116
INFO:root:pop fitness: 0.13684
INFO:root:elite fitness: 0.24618666666666664
INFO:root:Generation: 109
INFO:root:pop fitness: 0.13916666666666666
INFO:root:elite fitness: 0.28569333333333335
INFO:root:Generation: 117
INFO:root:pop fitness: 0.14324
INFO:root:elite fitness: 0.2538
INFO:root:Generation: 110
INFO:root:pop fitness: 0.15814666666666669
INFO:root:elite fitness: 0.31086666666666674
INFO:root:Generation: 118
INFO:root:pop fitness: 0.15355333333333335
INFO:root:elite fitness: 0.2768133333333333
INFO:root:Generation: 111
INFO:root:pop fitness: 0.13688
INFO:root:elite fitness: 0.26350666666666667
INFO:root:Generation: 119
INFO:root:pop fitness: 0.15506666666666666
INFO:root:elite fitness: 0.29972000000000004
INFO:root:Generation: 112
INFO:root:pop fitness: 0.14524666666666666
INFO:root:elite fitness: 0.2631066666666666
INFO:root:Generation: 120
INFO:root:pop fitness: 0.1564066666666667
INFO:root:elite fitness: 0.28801333333333334
INFO:root:Generation: 113
INFO:root:pop fitness: 0.13506666666666664
INFO:root:elite fitness: 0.26809333333333335
INFO:root:Generation: 121
INFO:root:pop fitness: 0.12060666666666665
INFO:root:elite fitness: 0.22368
INFO:root:Generation: 114
INFO:root:pop fitness: 0.15827333333333332
INFO:root:elite fitness: 0.29446666666666665
INFO:root:Generation: 122
INFO:root:pop fitness: 0.13951333333333332
INFO:root:elite fitness: 0.2670666666666666
INFO:root:Generation: 123
INFO:root:pop fitness: 0.14075999999999997
INFO:root:elite fitness: 0.28213333333333335
INFO:root:Generation: 115
INFO:root:pop fitness: 0.13114666666666663
INFO:root:elite fitness: 0.2680133333333333
INFO:root:Generation: 124
INFO:root:pop fitness: 0.14350666666666667
INFO:root:elite fitness: 0.28096000000000004
INFO:root:Generation: 116
INFO:root:pop fitness: 0.13378
INFO:root:elite fitness: 0.2505866666666666
INFO:root:Generation: 125
INFO:root:pop fitness: 0.13743333333333335
INFO:root:elite fitness: 0.25924
INFO:root:Generation: 117
INFO:root:pop fitness: 0.13772666666666666
INFO:root:elite fitness: 0.27285333333333334
INFO:root:Generation: 126
INFO:root:pop fitness: 0.14639333333333335
INFO:root:elite fitness: 0.27858666666666665
INFO:root:Generation: 118
INFO:root:pop fitness: 0.14695333333333335
INFO:root:elite fitness: 0.28430666666666665
INFO:root:Generation: 127
INFO:root:pop fitness: 0.14596000000000003
INFO:root:elite fitness: 0.28436
INFO:root:Generation: 119
INFO:root:pop fitness: 0.15586666666666663
INFO:root:elite fitness: 0.3086933333333333
INFO:root:Generation: 128
INFO:root:pop fitness: 0.13892666666666667
INFO:root:elite fitness: 0.29031999999999997
INFO:root:Generation: 120
INFO:root:pop fitness: 0.13756000000000002
INFO:root:elite fitness: 0.25714666666666663
INFO:root:Generation: 129
INFO:root:pop fitness: 0.13266
INFO:root:elite fitness: 0.27941333333333335
INFO:root:Generation: 121
INFO:root:pop fitness: 0.14589333333333335
INFO:root:elite fitness: 0.29446666666666665
INFO:root:Generation: 130
INFO:root:pop fitness: 0.15719333333333332
INFO:root:elite fitness: 0.31292
INFO:root:Generation: 122
INFO:root:pop fitness: 0.12795333333333334
INFO:root:elite fitness: 0.26021333333333335
INFO:root:Generation: 131
INFO:root:pop fitness: 0.16236
INFO:root:elite fitness: 0.31685333333333326
INFO:root:Generation: 123
INFO:root:pop fitness: 0.12059333333333333
INFO:root:elite fitness: 0.2668
INFO:root:Generation: 132
INFO:root:pop fitness: 0.15103999999999998
INFO:root:elite fitness: 0.28962666666666664
INFO:root:Generation: 124
INFO:root:pop fitness: 0.13429999999999997
INFO:root:elite fitness: 0.2704933333333333
INFO:root:Generation: 133
INFO:root:pop fitness: 0.14633333333333334
INFO:root:elite fitness: 0.2641333333333334
INFO:root:Generation: 125
INFO:root:pop fitness: 0.12954000000000002
INFO:root:elite fitness: 0.29238666666666663
INFO:root:Generation: 134
INFO:root:pop fitness: 0.17159333333333335
INFO:root:elite fitness: 0.30794666666666665
INFO:root:Generation: 126
INFO:root:pop fitness: 0.13382666666666665
INFO:root:elite fitness: 0.28429333333333334
INFO:root:Generation: 135
INFO:root:pop fitness: 0.14676666666666668
INFO:root:elite fitness: 0.27951999999999994
INFO:root:Generation: 127
INFO:root:pop fitness: 0.13980666666666663
INFO:root:elite fitness: 0.2547066666666667
INFO:root:Generation: 136
INFO:root:pop fitness: 0.13988
INFO:root:elite fitness: 0.30274666666666666
INFO:root:Generation: 128
INFO:root:pop fitness: 0.13097999999999999
INFO:root:elite fitness: 0.25918666666666673
INFO:root:Generation: 137
INFO:root:pop fitness: 0.15377999999999997
INFO:root:elite fitness: 0.30820000000000003
INFO:root:Generation: 129
INFO:root:pop fitness: 0.13790666666666668
INFO:root:elite fitness: 0.2778133333333333
INFO:root:Generation: 138
INFO:root:pop fitness: 0.17526666666666665
INFO:root:elite fitness: 0.32716000000000006
INFO:root:Generation: 130
INFO:root:pop fitness: 0.1414333333333333
INFO:root:elite fitness: 0.27536
INFO:root:Generation: 139
INFO:root:pop fitness: 0.15686666666666668
INFO:root:elite fitness: 0.29352
INFO:root:Generation: 131
INFO:root:pop fitness: 0.13199333333333332
INFO:root:elite fitness: 0.24217333333333338
INFO:root:Generation: 140
INFO:root:pop fitness: 0.17492
INFO:root:elite fitness: 0.2868266666666667
INFO:root:Generation: 141
INFO:root:pop fitness: 0.18467333333333333
INFO:root:elite fitness: 0.32634666666666673
INFO:root:Generation: 132
INFO:root:pop fitness: 0.15012666666666666
INFO:root:elite fitness: 0.2757733333333333
INFO:root:Generation: 142
INFO:root:pop fitness: 0.16584000000000002
INFO:root:elite fitness: 0.306
INFO:root:Generation: 133
INFO:root:pop fitness: 0.14059333333333332
INFO:root:elite fitness: 0.27540000000000003
INFO:root:Generation: 143
INFO:root:pop fitness: 0.183
INFO:root:elite fitness: 0.3298266666666667
INFO:root:Generation: 134
INFO:root:pop fitness: 0.15498
INFO:root:elite fitness: 0.2943333333333334
INFO:root:Generation: 144
INFO:root:pop fitness: 0.15894666666666665
INFO:root:elite fitness: 0.3078133333333334
INFO:root:Generation: 135
INFO:root:pop fitness: 0.15104666666666666
INFO:root:elite fitness: 0.3113866666666667
INFO:root:Generation: 145
INFO:root:pop fitness: 0.16965333333333332
INFO:root:elite fitness: 0.29496000000000006
INFO:root:Generation: 136
INFO:root:pop fitness: 0.13982000000000003
INFO:root:elite fitness: 0.2583333333333333
INFO:root:Generation: 146
INFO:root:pop fitness: 0.165
INFO:root:elite fitness: 0.29562666666666665
INFO:root:Generation: 137
INFO:root:pop fitness: 0.14351999999999998
INFO:root:elite fitness: 0.28641333333333335
INFO:root:Generation: 147
INFO:root:pop fitness: 0.16548000000000002
INFO:root:elite fitness: 0.2949333333333333
INFO:root:Generation: 138
INFO:root:pop fitness: 0.14688666666666667
INFO:root:elite fitness: 0.2803466666666667
INFO:root:Generation: 148
INFO:root:pop fitness: 0.16216666666666665
INFO:root:elite fitness: 0.3189333333333333
INFO:root:Generation: 139
INFO:root:pop fitness: 0.14563333333333334
INFO:root:elite fitness: 0.2757733333333333
INFO:root:Generation: 149
INFO:root:pop fitness: 0.16915333333333338
INFO:root:elite fitness: 0.3073066666666667
INFO:root:Generation: 140
INFO:root:pop fitness: 0.14221333333333333
INFO:root:elite fitness: 0.29
INFO:root:Generation: 150
INFO:root:pop fitness: 0.15280666666666667
INFO:root:elite fitness: 0.29989333333333335
INFO:root:Generation: 141
INFO:root:pop fitness: 0.14162666666666668
INFO:root:elite fitness: 0.2698266666666667
INFO:root:Generation: 151
INFO:root:pop fitness: 0.16137333333333334
INFO:root:elite fitness: 0.2958
INFO:root:Generation: 142
INFO:root:pop fitness: 0.1476
INFO:root:elite fitness: 0.2768133333333333
INFO:root:Generation: 152
INFO:root:pop fitness: 0.16373333333333331
INFO:root:elite fitness: 0.29729333333333335
INFO:root:Generation: 143
INFO:root:pop fitness: 0.1513
INFO:root:elite fitness: 0.29662666666666665
INFO:root:Generation: 153
INFO:root:pop fitness: 0.15578666666666666
INFO:root:elite fitness: 0.29769333333333337
INFO:root:Generation: 144
INFO:root:pop fitness: 0.16314
INFO:root:elite fitness: 0.33443999999999996
INFO:root:Generation: 154
INFO:root:pop fitness: 0.17755333333333334
INFO:root:elite fitness: 0.33649333333333326
INFO:root:Generation: 155
INFO:root:pop fitness: 0.17048
INFO:root:elite fitness: 0.3007866666666667
INFO:root:Generation: 145
INFO:root:pop fitness: 0.14606
INFO:root:elite fitness: 0.27506666666666674
INFO:root:Generation: 156
INFO:root:pop fitness: 0.16868666666666665
INFO:root:elite fitness: 0.32567999999999997
INFO:root:Generation: 146
INFO:root:pop fitness: 0.15586666666666668
INFO:root:elite fitness: 0.2823066666666667
INFO:root:Generation: 157
INFO:root:pop fitness: 0.18510000000000001
INFO:root:elite fitness: 0.32866666666666666
INFO:root:Generation: 147
INFO:root:pop fitness: 0.14043333333333335
INFO:root:elite fitness: 0.27648
INFO:root:Generation: 158
INFO:root:pop fitness: 0.18788000000000002
INFO:root:elite fitness: 0.31858666666666663
INFO:root:Generation: 148
INFO:root:pop fitness: 0.13397333333333336
INFO:root:elite fitness: 0.2712133333333333
INFO:root:Generation: 159
INFO:root:pop fitness: 0.17167333333333332
INFO:root:elite fitness: 0.3215066666666667
INFO:root:Generation: 149
INFO:root:pop fitness: 0.14786666666666667
INFO:root:elite fitness: 0.2716533333333333
INFO:root:Generation: 160
INFO:root:pop fitness: 0.16709333333333334
INFO:root:elite fitness: 0.30388000000000004
INFO:root:Generation: 150
INFO:root:pop fitness: 0.14444
INFO:root:elite fitness: 0.2735066666666666
INFO:root:Generation: 161
INFO:root:pop fitness: 0.17067333333333332
INFO:root:elite fitness: 0.32661333333333337
INFO:root:Generation: 151
INFO:root:pop fitness: 0.16806000000000001
INFO:root:elite fitness: 0.2970666666666667
INFO:root:Generation: 162
INFO:root:pop fitness: 0.1697066666666667
INFO:root:elite fitness: 0.33024000000000003
INFO:root:Generation: 152
INFO:root:pop fitness: 0.15870666666666666
INFO:root:elite fitness: 0.33194666666666667
INFO:root:Generation: 163
INFO:root:pop fitness: 0.18158666666666667
INFO:root:elite fitness: 0.31709333333333334
INFO:root:Generation: 153
INFO:root:pop fitness: 0.1646466666666667
INFO:root:elite fitness: 0.32324
INFO:root:Generation: 164
INFO:root:pop fitness: 0.16620666666666664
INFO:root:elite fitness: 0.2828933333333334
INFO:root:Generation: 154
INFO:root:pop fitness: 0.16332
INFO:root:elite fitness: 0.32899999999999996
INFO:root:Generation: 165
INFO:root:pop fitness: 0.17654666666666666
INFO:root:elite fitness: 0.3299066666666666
INFO:root:Generation: 155
INFO:root:pop fitness: 0.15994666666666668
INFO:root:elite fitness: 0.29949333333333333
INFO:root:Generation: 166
INFO:root:pop fitness: 0.1854
INFO:root:elite fitness: 0.31972
INFO:root:Generation: 156
INFO:root:pop fitness: 0.16002666666666665
INFO:root:elite fitness: 0.3195733333333333
INFO:root:Generation: 167
INFO:root:pop fitness: 0.18545999999999999
INFO:root:elite fitness: 0.33672
INFO:root:Generation: 157
INFO:root:pop fitness: 0.14280666666666667
INFO:root:elite fitness: 0.26204
INFO:root:Generation: 168
INFO:root:pop fitness: 0.16745333333333334
INFO:root:elite fitness: 0.29542666666666667
INFO:root:Generation: 158
INFO:root:pop fitness: 0.14425333333333332
INFO:root:elite fitness: 0.2554133333333333
INFO:root:Generation: 169
INFO:root:pop fitness: 0.16073333333333334
INFO:root:elite fitness: 0.31306666666666666
INFO:root:Generation: 170
INFO:root:pop fitness: 0.15526666666666664
INFO:root:elite fitness: 0.28219999999999995
INFO:root:Generation: 159
INFO:root:pop fitness: 0.15093333333333334
INFO:root:elite fitness: 0.27727999999999997
INFO:root:Generation: 171
INFO:root:pop fitness: 0.15957333333333334
INFO:root:elite fitness: 0.3159733333333333
INFO:root:Generation: 160
INFO:root:pop fitness: 0.1409
INFO:root:elite fitness: 0.26996
INFO:root:Generation: 172
INFO:root:pop fitness: 0.18438
INFO:root:elite fitness: 0.3362533333333333
INFO:root:Generation: 161
INFO:root:pop fitness: 0.1426
INFO:root:elite fitness: 0.2714533333333333
INFO:root:Generation: 173
INFO:root:pop fitness: 0.1825133333333333
INFO:root:elite fitness: 0.34791999999999995
INFO:root:Generation: 162
INFO:root:pop fitness: 0.1416133333333333
INFO:root:elite fitness: 0.2903866666666667
INFO:root:Generation: 174
INFO:root:pop fitness: 0.17986
INFO:root:elite fitness: 0.3428266666666667
INFO:root:Generation: 163
INFO:root:pop fitness: 0.14150666666666667
INFO:root:elite fitness: 0.26202666666666663
INFO:root:Generation: 175
INFO:root:pop fitness: 0.18354666666666666
INFO:root:elite fitness: 0.3439333333333334
INFO:root:Generation: 164
INFO:root:pop fitness: 0.14025333333333334
INFO:root:elite fitness: 0.33836000000000005
INFO:root:Generation: 176
INFO:root:pop fitness: 0.19224666666666668
INFO:root:elite fitness: 0.35917333333333334
INFO:root:Generation: 165
INFO:root:pop fitness: 0.14348666666666668
INFO:root:elite fitness: 0.2868266666666667
INFO:root:Generation: 177
INFO:root:pop fitness: 0.17106666666666667
INFO:root:elite fitness: 0.33010666666666666
INFO:root:Generation: 166
INFO:root:pop fitness: 0.15423999999999996
INFO:root:elite fitness: 0.28674666666666665
INFO:root:Generation: 178
INFO:root:pop fitness: 0.16568
INFO:root:elite fitness: 0.3338933333333333
INFO:root:Generation: 167
INFO:root:pop fitness: 0.15439333333333333
INFO:root:elite fitness: 0.3093466666666666
INFO:root:Generation: 179
INFO:root:pop fitness: 0.16097333333333333
INFO:root:elite fitness: 0.3350133333333333
INFO:root:Generation: 168
INFO:root:pop fitness: 0.15126666666666666
INFO:root:elite fitness: 0.31286666666666674
INFO:root:Generation: 180
INFO:root:pop fitness: 0.17123333333333335
INFO:root:elite fitness: 0.3300933333333333
INFO:root:Generation: 169
INFO:root:pop fitness: 0.14918
INFO:root:elite fitness: 0.28578666666666663
INFO:root:Generation: 181
INFO:root:pop fitness: 0.18525333333333333
INFO:root:elite fitness: 0.33796000000000004
INFO:root:Generation: 170
INFO:root:pop fitness: 0.15104666666666666
INFO:root:elite fitness: 0.2905066666666667
INFO:root:Generation: 182
INFO:root:pop fitness: 0.18567999999999998
INFO:root:elite fitness: 0.3222133333333333
INFO:root:Generation: 171
INFO:root:pop fitness: 0.1530733333333333
INFO:root:elite fitness: 0.2762266666666667
INFO:root:Generation: 183
INFO:root:pop fitness: 0.19635333333333335
INFO:root:elite fitness: 0.3573733333333333
INFO:root:Generation: 172
INFO:root:pop fitness: 0.14626666666666668
INFO:root:elite fitness: 0.28281333333333336
INFO:root:Generation: 184
INFO:root:pop fitness: 0.15941333333333335
INFO:root:elite fitness: 0.2826
INFO:root:Generation: 185
INFO:root:pop fitness: 0.14998
INFO:root:elite fitness: 0.28507999999999994
INFO:root:Generation: 173
INFO:root:pop fitness: 0.13895999999999997
INFO:root:elite fitness: 0.2721733333333334
INFO:root:Generation: 186
INFO:root:pop fitness: 0.15860000000000005
INFO:root:elite fitness: 0.2928
INFO:root:Generation: 174
INFO:root:pop fitness: 0.14415333333333333
INFO:root:elite fitness: 0.2689733333333333
INFO:root:Generation: 187
INFO:root:pop fitness: 0.17708666666666667
INFO:root:elite fitness: 0.32867999999999997
INFO:root:Generation: 175
INFO:root:pop fitness: 0.14060666666666669
INFO:root:elite fitness: 0.25290666666666667
INFO:root:Generation: 188
INFO:root:pop fitness: 0.19382
INFO:root:elite fitness: 0.34443999999999997
INFO:root:Generation: 176
INFO:root:pop fitness: 0.13248666666666664
INFO:root:elite fitness: 0.2346533333333333
INFO:root:Generation: 189
INFO:root:pop fitness: 0.17770666666666668
INFO:root:elite fitness: 0.3380933333333333
INFO:root:Generation: 177
INFO:root:pop fitness: 0.13660666666666668
INFO:root:elite fitness: 0.2600533333333333
INFO:root:Generation: 190
INFO:root:pop fitness: 0.15718666666666667
INFO:root:elite fitness: 0.29490666666666665
INFO:root:Generation: 178
INFO:root:pop fitness: 0.14882666666666666
INFO:root:elite fitness: 0.2792
INFO:root:Generation: 191
INFO:root:pop fitness: 0.16172666666666666
INFO:root:elite fitness: 0.31750666666666666
INFO:root:Generation: 179
INFO:root:pop fitness: 0.13853333333333334
INFO:root:elite fitness: 0.27873333333333333
INFO:root:Generation: 192
INFO:root:pop fitness: 0.16316666666666665
INFO:root:elite fitness: 0.29264
INFO:root:Generation: 180
INFO:root:pop fitness: 0.14497333333333332
INFO:root:elite fitness: 0.28942666666666667
INFO:root:Generation: 193
INFO:root:pop fitness: 0.15522
INFO:root:elite fitness: 0.2791466666666667
INFO:root:Generation: 181
INFO:root:pop fitness: 0.14309333333333332
INFO:root:elite fitness: 0.2720933333333333
INFO:root:Generation: 194
INFO:root:pop fitness: 0.15792
INFO:root:elite fitness: 0.30582666666666675
INFO:root:Generation: 182
INFO:root:pop fitness: 0.13178666666666666
INFO:root:elite fitness: 0.2634
INFO:root:Generation: 195
INFO:root:pop fitness: 0.15722666666666668
INFO:root:elite fitness: 0.2897866666666667
INFO:root:Generation: 183
INFO:root:pop fitness: 0.14736
INFO:root:elite fitness: 0.27218666666666674
INFO:root:Generation: 196
INFO:root:pop fitness: 0.16056
INFO:root:elite fitness: 0.2935733333333333
INFO:root:Generation: 197
INFO:root:pop fitness: 0.17132666666666665
INFO:root:elite fitness: 0.30562666666666666
INFO:root:Generation: 184
INFO:root:pop fitness: 0.15144666666666665
INFO:root:elite fitness: 0.29064
INFO:root:Generation: 198
INFO:root:pop fitness: 0.16565333333333332
INFO:root:elite fitness: 0.28703999999999996
INFO:root:Generation: 185
INFO:root:pop fitness: 0.15506
INFO:root:elite fitness: 0.28767999999999994
INFO:root:Generation: 199
INFO:root:pop fitness: 0.17507333333333336
INFO:root:elite fitness: 0.30560000000000004
INFO:root:Generation: 186
INFO:root:pop fitness: 0.16159333333333334
INFO:root:elite fitness: 0.2965733333333333
INFO:root:Generation: 187
INFO:root:pop fitness: 0.13935333333333333
INFO:root:elite fitness: 0.26062666666666673
INFO:root:Generation: 188
INFO:root:pop fitness: 0.13551333333333332
INFO:root:elite fitness: 0.27172
INFO:root:Generation: 189
INFO:root:pop fitness: 0.13949999999999999
INFO:root:elite fitness: 0.2687733333333333
INFO:root:Generation: 190
INFO:root:pop fitness: 0.12710666666666667
INFO:root:elite fitness: 0.24373333333333339
INFO:root:Generation: 191
INFO:root:pop fitness: 0.13088666666666665
INFO:root:elite fitness: 0.2326666666666666
INFO:root:Generation: 192
INFO:root:pop fitness: 0.12702666666666668
INFO:root:elite fitness: 0.24432
INFO:root:Generation: 193
INFO:root:pop fitness: 0.14434666666666668
INFO:root:elite fitness: 0.29292
INFO:root:Generation: 194
INFO:root:pop fitness: 0.14244
INFO:root:elite fitness: 0.28509333333333337
INFO:root:Generation: 195
INFO:root:pop fitness: 0.14826
INFO:root:elite fitness: 0.28625333333333336
INFO:root:Generation: 196
INFO:root:pop fitness: 0.14132
INFO:root:elite fitness: 0.2557333333333333
INFO:root:Generation: 197
INFO:root:pop fitness: 0.13482
INFO:root:elite fitness: 0.2684533333333333
INFO:root:Generation: 198
INFO:root:pop fitness: 0.13549333333333333
INFO:root:elite fitness: 0.2644933333333333
INFO:root:Generation: 199
INFO:root:pop fitness: 0.13226
INFO:root:elite fitness: 0.26349333333333336
