INFO:root:run_master: Namespace(arms='10', hidden='128', layers='1', max_gen='200', message='', mutation_mag='0.1', name='resetEnv50_v2', noise=False, pop_size='150', save_result=True, trials='100')
INFO:root:run_master: Namespace(arms='10', hidden='128', layers='1', max_gen='200', message='', mutation_mag='0.1', name='resetEnv50_v2', noise=True, pop_size='150', save_result=True, trials='100')
INFO:root:Generation: 0
INFO:root:pop fitness: 0.10005333333333333
INFO:root:elite fitness: 0.1112533333333333
INFO:root:Generation: 0
INFO:root:pop fitness: 0.10074666666666665
INFO:root:elite fitness: 0.11170666666666666
INFO:root:Generation: 1
INFO:root:pop fitness: 0.09921333333333333
INFO:root:elite fitness: 0.12636
INFO:root:Generation: 1
INFO:root:pop fitness: 0.09981999999999998
INFO:root:elite fitness: 0.13285333333333335
INFO:root:Generation: 2
INFO:root:pop fitness: 0.10351333333333333
INFO:root:elite fitness: 0.15896
INFO:root:Generation: 2
INFO:root:pop fitness: 0.10419999999999999
INFO:root:elite fitness: 0.1628
INFO:root:Generation: 3
INFO:root:pop fitness: 0.10099333333333335
INFO:root:elite fitness: 0.15794666666666668
INFO:root:Generation: 3
INFO:root:pop fitness: 0.10956666666666666
INFO:root:elite fitness: 0.16453333333333334
INFO:root:Generation: 4
INFO:root:pop fitness: 0.10835333333333332
INFO:root:elite fitness: 0.18361333333333332
INFO:root:Generation: 4
INFO:root:pop fitness: 0.09873333333333334
INFO:root:elite fitness: 0.18364
INFO:root:Generation: 5
INFO:root:pop fitness: 0.1015
INFO:root:elite fitness: 0.19628000000000004
INFO:root:Generation: 5
INFO:root:pop fitness: 0.10613333333333334
INFO:root:elite fitness: 0.19806666666666664
INFO:root:Generation: 6
INFO:root:pop fitness: 0.09688
INFO:root:elite fitness: 0.20162666666666668
INFO:root:Generation: 6
INFO:root:pop fitness: 0.10986666666666667
INFO:root:elite fitness: 0.24076000000000009
INFO:root:Generation: 7
INFO:root:pop fitness: 0.10950666666666668
INFO:root:elite fitness: 0.20677333333333334
INFO:root:Generation: 7
INFO:root:pop fitness: 0.09375333333333334
INFO:root:elite fitness: 0.19614666666666666
INFO:root:Generation: 8
INFO:root:pop fitness: 0.1171133333333333
INFO:root:elite fitness: 0.21992
INFO:root:Generation: 8
INFO:root:pop fitness: 0.09277333333333333
INFO:root:elite fitness: 0.17820000000000003
INFO:root:Generation: 9
INFO:root:pop fitness: 0.10669999999999998
INFO:root:elite fitness: 0.20808
INFO:root:Generation: 9
INFO:root:pop fitness: 0.10312666666666667
INFO:root:elite fitness: 0.20915999999999998
INFO:root:Generation: 10
INFO:root:pop fitness: 0.10080666666666667
INFO:root:elite fitness: 0.20474666666666663
INFO:root:Generation: 10
INFO:root:pop fitness: 0.09615333333333333
INFO:root:elite fitness: 0.18150666666666665
INFO:root:Generation: 11
INFO:root:pop fitness: 0.11546
INFO:root:elite fitness: 0.2145466666666667
INFO:root:Generation: 11
INFO:root:pop fitness: 0.10036
INFO:root:elite fitness: 0.22757333333333335
INFO:root:Generation: 12
INFO:root:pop fitness: 0.11965999999999999
INFO:root:elite fitness: 0.22958666666666663
INFO:root:Generation: 12
INFO:root:pop fitness: 0.10472666666666666
INFO:root:elite fitness: 0.22220000000000004
INFO:root:Generation: 13
INFO:root:pop fitness: 0.10946
INFO:root:elite fitness: 0.20013333333333333
INFO:root:Generation: 14
INFO:root:pop fitness: 0.09884666666666667
INFO:root:elite fitness: 0.23046666666666668
INFO:root:Generation: 13
INFO:root:pop fitness: 0.1016
INFO:root:elite fitness: 0.21544000000000002
INFO:root:Generation: 15
INFO:root:pop fitness: 0.11676666666666667
INFO:root:elite fitness: 0.24292000000000005
INFO:root:Generation: 14
INFO:root:pop fitness: 0.11442000000000001
INFO:root:elite fitness: 0.23157333333333333
INFO:root:Generation: 16
INFO:root:pop fitness: 0.09339333333333334
INFO:root:elite fitness: 0.19966666666666666
INFO:root:Generation: 15
INFO:root:pop fitness: 0.10103333333333334
INFO:root:elite fitness: 0.20427999999999996
INFO:root:Generation: 17
INFO:root:pop fitness: 0.10626000000000001
INFO:root:elite fitness: 0.21958666666666662
INFO:root:Generation: 16
INFO:root:pop fitness: 0.11099999999999999
INFO:root:elite fitness: 0.25143999999999994
INFO:root:Generation: 18
INFO:root:pop fitness: 0.10605333333333333
INFO:root:elite fitness: 0.22085333333333335
INFO:root:Generation: 17
INFO:root:pop fitness: 0.11058
INFO:root:elite fitness: 0.2162
INFO:root:Generation: 19
INFO:root:pop fitness: 0.10575999999999999
INFO:root:elite fitness: 0.22458666666666663
INFO:root:Generation: 18
INFO:root:pop fitness: 0.10251999999999999
INFO:root:elite fitness: 0.23172
INFO:root:Generation: 20
INFO:root:pop fitness: 0.10112
INFO:root:elite fitness: 0.20621333333333336
INFO:root:Generation: 19
INFO:root:pop fitness: 0.10343333333333334
INFO:root:elite fitness: 0.2186533333333333
INFO:root:Generation: 21
INFO:root:pop fitness: 0.11480666666666667
INFO:root:elite fitness: 0.20959999999999998
INFO:root:Generation: 20
INFO:root:pop fitness: 0.10685333333333334
INFO:root:elite fitness: 0.20256
INFO:root:Generation: 22
INFO:root:pop fitness: 0.12213333333333333
INFO:root:elite fitness: 0.267
INFO:root:Generation: 21
INFO:root:pop fitness: 0.10971999999999998
INFO:root:elite fitness: 0.22303999999999996
INFO:root:Generation: 23
INFO:root:pop fitness: 0.1126733333333333
INFO:root:elite fitness: 0.22458666666666663
INFO:root:Generation: 22
INFO:root:pop fitness: 0.10685333333333333
INFO:root:elite fitness: 0.23184000000000002
INFO:root:Generation: 24
INFO:root:pop fitness: 0.10610666666666667
INFO:root:elite fitness: 0.2408
INFO:root:Generation: 23
INFO:root:pop fitness: 0.11710666666666666
INFO:root:elite fitness: 0.25212
INFO:root:Generation: 25
INFO:root:pop fitness: 0.12107333333333334
INFO:root:elite fitness: 0.24653333333333335
INFO:root:Generation: 24
INFO:root:pop fitness: 0.11705999999999998
INFO:root:elite fitness: 0.2438
INFO:root:Generation: 26
INFO:root:pop fitness: 0.11701333333333333
INFO:root:elite fitness: 0.23253333333333331
INFO:root:Generation: 25
INFO:root:pop fitness: 0.12102666666666664
INFO:root:elite fitness: 0.21785333333333332
INFO:root:Generation: 27
INFO:root:pop fitness: 0.11242666666666667
INFO:root:elite fitness: 0.2295466666666666
INFO:root:Generation: 26
INFO:root:pop fitness: 0.10896
INFO:root:elite fitness: 0.1913866666666667
INFO:root:Generation: 28
INFO:root:pop fitness: 0.10864666666666667
INFO:root:elite fitness: 0.2275733333333333
INFO:root:Generation: 27
INFO:root:pop fitness: 0.10784666666666666
INFO:root:elite fitness: 0.21130666666666664
INFO:root:Generation: 29
INFO:root:pop fitness: 0.12178666666666667
INFO:root:elite fitness: 0.23037333333333332
INFO:root:Generation: 30
INFO:root:pop fitness: 0.11706666666666668
INFO:root:elite fitness: 0.2344933333333334
INFO:root:Generation: 28
INFO:root:pop fitness: 0.12032000000000001
INFO:root:elite fitness: 0.22045333333333336
INFO:root:Generation: 31
INFO:root:pop fitness: 0.12730666666666668
INFO:root:elite fitness: 0.24181333333333338
INFO:root:Generation: 29
INFO:root:pop fitness: 0.12197333333333335
INFO:root:elite fitness: 0.23566666666666672
INFO:root:Generation: 32
INFO:root:pop fitness: 0.11039333333333332
INFO:root:elite fitness: 0.2092933333333333
INFO:root:Generation: 30
INFO:root:pop fitness: 0.12557999999999997
INFO:root:elite fitness: 0.2706933333333334
INFO:root:Generation: 33
INFO:root:pop fitness: 0.13386
INFO:root:elite fitness: 0.2431866666666667
INFO:root:Generation: 31
INFO:root:pop fitness: 0.10566666666666667
INFO:root:elite fitness: 0.20786666666666667
INFO:root:Generation: 34
INFO:root:pop fitness: 0.14317333333333332
INFO:root:elite fitness: 0.26100000000000007
INFO:root:Generation: 32
INFO:root:pop fitness: 0.12949999999999998
INFO:root:elite fitness: 0.25095999999999996
INFO:root:Generation: 35
INFO:root:pop fitness: 0.13296666666666668
INFO:root:elite fitness: 0.25421333333333335
INFO:root:Generation: 33
INFO:root:pop fitness: 0.12469999999999999
INFO:root:elite fitness: 0.2511866666666667
INFO:root:Generation: 36
INFO:root:pop fitness: 0.13198666666666667
INFO:root:elite fitness: 0.26561333333333326
INFO:root:Generation: 34
INFO:root:pop fitness: 0.13654666666666665
INFO:root:elite fitness: 0.25036
INFO:root:Generation: 37
INFO:root:pop fitness: 0.12646666666666667
INFO:root:elite fitness: 0.25697333333333333
INFO:root:Generation: 35
INFO:root:pop fitness: 0.12176
INFO:root:elite fitness: 0.26452
INFO:root:Generation: 38
INFO:root:pop fitness: 0.1311
INFO:root:elite fitness: 0.27011999999999997
INFO:root:Generation: 36
INFO:root:pop fitness: 0.12896
INFO:root:elite fitness: 0.2676666666666667
INFO:root:Generation: 39
INFO:root:pop fitness: 0.12484666666666665
INFO:root:elite fitness: 0.23735999999999996
INFO:root:Generation: 37
INFO:root:pop fitness: 0.12338666666666669
INFO:root:elite fitness: 0.25026666666666664
INFO:root:Generation: 40
INFO:root:pop fitness: 0.11609333333333334
INFO:root:elite fitness: 0.2252266666666667
INFO:root:Generation: 38
INFO:root:pop fitness: 0.12368
INFO:root:elite fitness: 0.26928
INFO:root:Generation: 41
INFO:root:pop fitness: 0.11873333333333333
INFO:root:elite fitness: 0.23464000000000004
INFO:root:Generation: 39
INFO:root:pop fitness: 0.13345333333333334
INFO:root:elite fitness: 0.2678933333333333
INFO:root:Generation: 42
INFO:root:pop fitness: 0.13746
INFO:root:elite fitness: 0.25396
INFO:root:Generation: 40
INFO:root:pop fitness: 0.12735333333333335
INFO:root:elite fitness: 0.26167999999999997
INFO:root:Generation: 43
INFO:root:pop fitness: 0.12325999999999998
INFO:root:elite fitness: 0.23574666666666672
INFO:root:Generation: 41
INFO:root:pop fitness: 0.1263
INFO:root:elite fitness: 0.24893333333333337
INFO:root:Generation: 44
INFO:root:pop fitness: 0.13772
INFO:root:elite fitness: 0.2720666666666666
INFO:root:Generation: 45
INFO:root:pop fitness: 0.13565333333333332
INFO:root:elite fitness: 0.24236000000000005
INFO:root:Generation: 42
INFO:root:pop fitness: 0.12180666666666667
INFO:root:elite fitness: 0.26811999999999997
INFO:root:Generation: 46
INFO:root:pop fitness: 0.12813333333333332
INFO:root:elite fitness: 0.25412000000000007
INFO:root:Generation: 43
INFO:root:pop fitness: 0.1291733333333333
INFO:root:elite fitness: 0.22404000000000002
INFO:root:Generation: 47
INFO:root:pop fitness: 0.11884666666666668
INFO:root:elite fitness: 0.25356000000000006
INFO:root:Generation: 44
INFO:root:pop fitness: 0.12140666666666666
INFO:root:elite fitness: 0.23952000000000007
INFO:root:Generation: 48
INFO:root:pop fitness: 0.13477999999999998
INFO:root:elite fitness: 0.2498533333333334
INFO:root:Generation: 45
INFO:root:pop fitness: 0.1286666666666667
INFO:root:elite fitness: 0.24894666666666665
INFO:root:Generation: 49
INFO:root:pop fitness: 0.12358666666666669
INFO:root:elite fitness: 0.2379066666666667
INFO:root:Generation: 46
INFO:root:pop fitness: 0.12172
INFO:root:elite fitness: 0.24461333333333332
INFO:root:Generation: 50
INFO:root:pop fitness: 0.11866
INFO:root:elite fitness: 0.21438666666666667
INFO:root:Generation: 47
INFO:root:pop fitness: 0.12852666666666668
INFO:root:elite fitness: 0.24822666666666668
INFO:root:Generation: 51
INFO:root:pop fitness: 0.13682666666666668
INFO:root:elite fitness: 0.26588000000000006
INFO:root:Generation: 48
INFO:root:pop fitness: 0.12942666666666666
INFO:root:elite fitness: 0.23104
INFO:root:Generation: 52
INFO:root:pop fitness: 0.12519333333333332
INFO:root:elite fitness: 0.2622933333333334
INFO:root:Generation: 49
INFO:root:pop fitness: 0.13965999999999998
INFO:root:elite fitness: 0.27692
INFO:root:Generation: 53
INFO:root:pop fitness: 0.12049999999999997
INFO:root:elite fitness: 0.2361733333333334
INFO:root:Generation: 50
INFO:root:pop fitness: 0.13806666666666667
INFO:root:elite fitness: 0.28464000000000006
INFO:root:Generation: 54
INFO:root:pop fitness: 0.13436000000000003
INFO:root:elite fitness: 0.2686
INFO:root:Generation: 51
INFO:root:pop fitness: 0.14484
INFO:root:elite fitness: 0.29538666666666663
INFO:root:Generation: 55
INFO:root:pop fitness: 0.13827333333333333
INFO:root:elite fitness: 0.24642666666666665
INFO:root:Generation: 52
INFO:root:pop fitness: 0.14862666666666666
INFO:root:elite fitness: 0.2926
INFO:root:Generation: 56
INFO:root:pop fitness: 0.1521066666666667
INFO:root:elite fitness: 0.28984000000000004
INFO:root:Generation: 53
INFO:root:pop fitness: 0.14319333333333334
INFO:root:elite fitness: 0.26566666666666666
INFO:root:Generation: 57
INFO:root:pop fitness: 0.13247333333333333
INFO:root:elite fitness: 0.26332000000000005
INFO:root:Generation: 54
INFO:root:pop fitness: 0.14229333333333333
INFO:root:elite fitness: 0.27382666666666666
INFO:root:Generation: 58
INFO:root:pop fitness: 0.13469333333333333
INFO:root:elite fitness: 0.24026666666666666
INFO:root:Generation: 59
INFO:root:pop fitness: 0.13919333333333334
INFO:root:elite fitness: 0.28618666666666664
INFO:root:Generation: 55
INFO:root:pop fitness: 0.13424666666666668
INFO:root:elite fitness: 0.2595466666666667
INFO:root:Generation: 60
INFO:root:pop fitness: 0.1332266666666667
INFO:root:elite fitness: 0.25218666666666667
INFO:root:Generation: 56
INFO:root:pop fitness: 0.13706000000000004
INFO:root:elite fitness: 0.26852000000000004
INFO:root:Generation: 61
INFO:root:pop fitness: 0.13890666666666665
INFO:root:elite fitness: 0.27727999999999997
INFO:root:Generation: 57
INFO:root:pop fitness: 0.12526666666666667
INFO:root:elite fitness: 0.23698666666666662
INFO:root:Generation: 62
INFO:root:pop fitness: 0.14096666666666666
INFO:root:elite fitness: 0.25314666666666674
INFO:root:Generation: 58
INFO:root:pop fitness: 0.13329333333333332
INFO:root:elite fitness: 0.2603466666666667
INFO:root:Generation: 63
INFO:root:pop fitness: 0.13676666666666668
INFO:root:elite fitness: 0.28941333333333336
INFO:root:Generation: 59
INFO:root:pop fitness: 0.12959333333333334
INFO:root:elite fitness: 0.22102666666666668
INFO:root:Generation: 64
INFO:root:pop fitness: 0.14687333333333333
INFO:root:elite fitness: 0.2694133333333334
INFO:root:Generation: 60
INFO:root:pop fitness: 0.13052000000000002
INFO:root:elite fitness: 0.28118666666666675
INFO:root:Generation: 65
INFO:root:pop fitness: 0.14349333333333333
INFO:root:elite fitness: 0.26321333333333335
INFO:root:Generation: 61
INFO:root:pop fitness: 0.13548666666666667
INFO:root:elite fitness: 0.26880000000000004
INFO:root:Generation: 66
INFO:root:pop fitness: 0.1599
INFO:root:elite fitness: 0.30066666666666664
INFO:root:Generation: 62
INFO:root:pop fitness: 0.13557333333333335
INFO:root:elite fitness: 0.27751999999999993
INFO:root:Generation: 67
INFO:root:pop fitness: 0.15771333333333334
INFO:root:elite fitness: 0.2940666666666667
INFO:root:Generation: 63
INFO:root:pop fitness: 0.14794666666666667
INFO:root:elite fitness: 0.29036
INFO:root:Generation: 68
INFO:root:pop fitness: 0.14996
INFO:root:elite fitness: 0.2623599999999999
INFO:root:Generation: 64
INFO:root:pop fitness: 0.1418333333333333
INFO:root:elite fitness: 0.30641333333333337
INFO:root:Generation: 69
INFO:root:pop fitness: 0.14826666666666669
INFO:root:elite fitness: 0.2803866666666666
INFO:root:Generation: 65
INFO:root:pop fitness: 0.13602
INFO:root:elite fitness: 0.24637333333333336
INFO:root:Generation: 70
INFO:root:pop fitness: 0.13214666666666663
INFO:root:elite fitness: 0.24874666666666664
INFO:root:Generation: 66
INFO:root:pop fitness: 0.14325999999999997
INFO:root:elite fitness: 0.2823333333333333
INFO:root:Generation: 71
INFO:root:pop fitness: 0.15114
INFO:root:elite fitness: 0.29578666666666664
INFO:root:Generation: 67
INFO:root:pop fitness: 0.15379333333333334
INFO:root:elite fitness: 0.29601333333333335
INFO:root:Generation: 72
INFO:root:pop fitness: 0.14074
INFO:root:elite fitness: 0.26172
INFO:root:Generation: 68
INFO:root:pop fitness: 0.13964000000000001
INFO:root:elite fitness: 0.2588933333333334
INFO:root:Generation: 73
INFO:root:pop fitness: 0.15559333333333333
INFO:root:elite fitness: 0.29502666666666666
INFO:root:Generation: 74
INFO:root:pop fitness: 0.13948666666666668
INFO:root:elite fitness: 0.2649066666666667
INFO:root:Generation: 69
INFO:root:pop fitness: 0.1282066666666667
INFO:root:elite fitness: 0.24673333333333333
INFO:root:Generation: 75
INFO:root:pop fitness: 0.14665333333333333
INFO:root:elite fitness: 0.2843733333333333
INFO:root:Generation: 70
INFO:root:pop fitness: 0.1401533333333333
INFO:root:elite fitness: 0.2900666666666667
INFO:root:Generation: 76
INFO:root:pop fitness: 0.14395333333333335
INFO:root:elite fitness: 0.2662
INFO:root:Generation: 71
INFO:root:pop fitness: 0.1475066666666667
INFO:root:elite fitness: 0.27355999999999997
INFO:root:Generation: 77
INFO:root:pop fitness: 0.14668666666666666
INFO:root:elite fitness: 0.27844
INFO:root:Generation: 72
INFO:root:pop fitness: 0.14714666666666665
INFO:root:elite fitness: 0.2844266666666666
INFO:root:Generation: 78
INFO:root:pop fitness: 0.1501
INFO:root:elite fitness: 0.2636266666666667
INFO:root:Generation: 73
INFO:root:pop fitness: 0.14584
INFO:root:elite fitness: 0.3059733333333333
INFO:root:Generation: 79
INFO:root:pop fitness: 0.1403533333333333
INFO:root:elite fitness: 0.28361333333333333
INFO:root:Generation: 74
INFO:root:pop fitness: 0.13509333333333334
INFO:root:elite fitness: 0.25345333333333336
INFO:root:Generation: 80
INFO:root:pop fitness: 0.14301333333333333
INFO:root:elite fitness: 0.3126266666666667
INFO:root:Generation: 75
INFO:root:pop fitness: 0.14644666666666667
INFO:root:elite fitness: 0.26268
INFO:root:Generation: 81
INFO:root:pop fitness: 0.15514666666666668
INFO:root:elite fitness: 0.2951866666666667
INFO:root:Generation: 76
INFO:root:pop fitness: 0.14476000000000003
INFO:root:elite fitness: 0.29279999999999995
INFO:root:Generation: 82
INFO:root:pop fitness: 0.15316
INFO:root:elite fitness: 0.28332
INFO:root:Generation: 77
INFO:root:pop fitness: 0.14067333333333332
INFO:root:elite fitness: 0.28058666666666665
INFO:root:Generation: 83
INFO:root:pop fitness: 0.14950666666666668
INFO:root:elite fitness: 0.28759999999999997
INFO:root:Generation: 84
INFO:root:pop fitness: 0.14138666666666666
INFO:root:elite fitness: 0.28436
INFO:root:Generation: 78
INFO:root:pop fitness: 0.1518533333333333
INFO:root:elite fitness: 0.28553333333333336
INFO:root:Generation: 85
INFO:root:pop fitness: 0.15861333333333333
INFO:root:elite fitness: 0.3173333333333333
INFO:root:Generation: 79
INFO:root:pop fitness: 0.15821333333333332
INFO:root:elite fitness: 0.2658666666666667
INFO:root:Generation: 86
INFO:root:pop fitness: 0.14151333333333332
INFO:root:elite fitness: 0.27808
INFO:root:Generation: 80
INFO:root:pop fitness: 0.146
INFO:root:elite fitness: 0.29649333333333333
INFO:root:Generation: 87
INFO:root:pop fitness: 0.13883333333333336
INFO:root:elite fitness: 0.26428
INFO:root:Generation: 81
INFO:root:pop fitness: 0.13010666666666668
INFO:root:elite fitness: 0.23973333333333333
INFO:root:Generation: 88
INFO:root:pop fitness: 0.15908666666666665
INFO:root:elite fitness: 0.28890666666666664
INFO:root:Generation: 82
INFO:root:pop fitness: 0.13583333333333333
INFO:root:elite fitness: 0.2714933333333333
INFO:root:Generation: 89
INFO:root:pop fitness: 0.16105999999999998
INFO:root:elite fitness: 0.3315866666666667
INFO:root:Generation: 83
INFO:root:pop fitness: 0.14398
INFO:root:elite fitness: 0.2817333333333333
INFO:root:Generation: 90
INFO:root:pop fitness: 0.14972
INFO:root:elite fitness: 0.2810133333333333
INFO:root:Generation: 84
INFO:root:pop fitness: 0.15841333333333332
INFO:root:elite fitness: 0.3136933333333333
INFO:root:Generation: 91
INFO:root:pop fitness: 0.15424666666666667
INFO:root:elite fitness: 0.2929866666666667
INFO:root:Generation: 85
INFO:root:pop fitness: 0.1522
INFO:root:elite fitness: 0.27186666666666665
INFO:root:Generation: 92
INFO:root:pop fitness: 0.17122666666666664
INFO:root:elite fitness: 0.30265333333333333
INFO:root:Generation: 86
INFO:root:pop fitness: 0.14883333333333335
INFO:root:elite fitness: 0.2869733333333333
INFO:root:Generation: 93
INFO:root:pop fitness: 0.14649333333333334
INFO:root:elite fitness: 0.28685333333333335
INFO:root:Generation: 87
INFO:root:pop fitness: 0.15132
INFO:root:elite fitness: 0.2970133333333333
INFO:root:Generation: 94
INFO:root:pop fitness: 0.13312666666666667
INFO:root:elite fitness: 0.27729333333333334
INFO:root:Generation: 88
INFO:root:pop fitness: 0.13915333333333332
INFO:root:elite fitness: 0.27349333333333337
INFO:root:Generation: 95
INFO:root:pop fitness: 0.12589333333333333
INFO:root:elite fitness: 0.27332
INFO:root:Generation: 89
INFO:root:pop fitness: 0.15868
INFO:root:elite fitness: 0.30593333333333333
INFO:root:Generation: 96
INFO:root:pop fitness: 0.14228
INFO:root:elite fitness: 0.28396
INFO:root:Generation: 90
INFO:root:pop fitness: 0.15655333333333335
INFO:root:elite fitness: 0.30349333333333334
INFO:root:Generation: 97
INFO:root:pop fitness: 0.14871333333333334
INFO:root:elite fitness: 0.28293333333333326
INFO:root:Generation: 98
INFO:root:pop fitness: 0.16633333333333333
INFO:root:elite fitness: 0.32137333333333334
INFO:root:Generation: 91
INFO:root:pop fitness: 0.15430666666666668
INFO:root:elite fitness: 0.29181333333333337
INFO:root:Generation: 99
INFO:root:pop fitness: 0.15761999999999998
INFO:root:elite fitness: 0.29772
INFO:root:Generation: 92
INFO:root:pop fitness: 0.15838
INFO:root:elite fitness: 0.27432
INFO:root:Generation: 100
INFO:root:pop fitness: 0.16336666666666666
INFO:root:elite fitness: 0.30890666666666666
INFO:root:Generation: 93
INFO:root:pop fitness: 0.13938
INFO:root:elite fitness: 0.25751999999999997
INFO:root:Generation: 101
INFO:root:pop fitness: 0.16446
INFO:root:elite fitness: 0.30700000000000005
INFO:root:Generation: 94
INFO:root:pop fitness: 0.15394666666666665
INFO:root:elite fitness: 0.3304
INFO:root:Generation: 102
INFO:root:pop fitness: 0.15756
INFO:root:elite fitness: 0.30834666666666666
INFO:root:Generation: 95
INFO:root:pop fitness: 0.15128
INFO:root:elite fitness: 0.27913333333333334
INFO:root:Generation: 103
INFO:root:pop fitness: 0.15782666666666667
INFO:root:elite fitness: 0.29031999999999997
INFO:root:Generation: 96
INFO:root:pop fitness: 0.16127333333333332
INFO:root:elite fitness: 0.29074666666666665
INFO:root:Generation: 97
INFO:root:pop fitness: 0.16931333333333334
INFO:root:elite fitness: 0.30364
INFO:root:Generation: 104
INFO:root:pop fitness: 0.15954666666666667
INFO:root:elite fitness: 0.30078666666666665
INFO:root:Generation: 98
INFO:root:pop fitness: 0.14778000000000002
INFO:root:elite fitness: 0.28145333333333333
INFO:root:Generation: 105
INFO:root:pop fitness: 0.1612866666666667
INFO:root:elite fitness: 0.31650666666666666
INFO:root:Generation: 99
INFO:root:pop fitness: 0.15289333333333335
INFO:root:elite fitness: 0.29247999999999996
INFO:root:Generation: 106
INFO:root:pop fitness: 0.15240666666666663
INFO:root:elite fitness: 0.2741866666666667
INFO:root:Generation: 100
INFO:root:pop fitness: 0.1609
INFO:root:elite fitness: 0.2976533333333334
INFO:root:Generation: 107
INFO:root:pop fitness: 0.17722
INFO:root:elite fitness: 0.33560000000000006
INFO:root:Generation: 101
INFO:root:pop fitness: 0.18295333333333333
INFO:root:elite fitness: 0.31416
INFO:root:Generation: 108
INFO:root:pop fitness: 0.17528
INFO:root:elite fitness: 0.3324533333333333
INFO:root:Generation: 102
INFO:root:pop fitness: 0.15368666666666667
INFO:root:elite fitness: 0.30233333333333334
INFO:root:Generation: 109
INFO:root:pop fitness: 0.17251333333333335
INFO:root:elite fitness: 0.3056933333333333
INFO:root:Generation: 103
INFO:root:pop fitness: 0.17132666666666668
INFO:root:elite fitness: 0.31470666666666663
INFO:root:Generation: 110
INFO:root:pop fitness: 0.15918000000000002
INFO:root:elite fitness: 0.29817333333333335
INFO:root:Generation: 111
INFO:root:pop fitness: 0.14987333333333333
INFO:root:elite fitness: 0.2852133333333333
INFO:root:Generation: 104
INFO:root:pop fitness: 0.15835999999999997
INFO:root:elite fitness: 0.31512
INFO:root:Generation: 112
INFO:root:pop fitness: 0.1601466666666667
INFO:root:elite fitness: 0.30873333333333336
INFO:root:Generation: 105
INFO:root:pop fitness: 0.15833999999999998
INFO:root:elite fitness: 0.29179999999999995
INFO:root:Generation: 113
INFO:root:pop fitness: 0.16344000000000003
INFO:root:elite fitness: 0.32305333333333325
INFO:root:Generation: 106
INFO:root:pop fitness: 0.15426666666666664
INFO:root:elite fitness: 0.3013066666666667
INFO:root:Generation: 114
INFO:root:pop fitness: 0.17179333333333333
INFO:root:elite fitness: 0.28491999999999995
INFO:root:Generation: 107
INFO:root:pop fitness: 0.18939333333333333
INFO:root:elite fitness: 0.34972000000000003
INFO:root:Generation: 115
INFO:root:pop fitness: 0.17488666666666663
INFO:root:elite fitness: 0.30948000000000003
INFO:root:Generation: 108
INFO:root:pop fitness: 0.17150666666666667
INFO:root:elite fitness: 0.31526666666666664
INFO:root:Generation: 116
INFO:root:pop fitness: 0.1777333333333333
INFO:root:elite fitness: 0.33876
INFO:root:Generation: 109
INFO:root:pop fitness: 0.1763733333333333
INFO:root:elite fitness: 0.33148
INFO:root:Generation: 110
INFO:root:pop fitness: 0.16285333333333335
INFO:root:elite fitness: 0.3046533333333334
INFO:root:Generation: 117
INFO:root:pop fitness: 0.16587333333333334
INFO:root:elite fitness: 0.31004000000000004
INFO:root:Generation: 111
INFO:root:pop fitness: 0.17171333333333333
INFO:root:elite fitness: 0.32721333333333336
INFO:root:Generation: 112
INFO:root:pop fitness: 0.15670666666666666
INFO:root:elite fitness: 0.30406666666666665
INFO:root:Generation: 118
INFO:root:pop fitness: 0.17531999999999998
INFO:root:elite fitness: 0.32287999999999994
INFO:root:Generation: 113
INFO:root:pop fitness: 0.16589333333333334
INFO:root:elite fitness: 0.30433333333333334
INFO:root:Generation: 119
INFO:root:pop fitness: 0.15674666666666667
INFO:root:elite fitness: 0.29865333333333327
INFO:root:Generation: 114
INFO:root:pop fitness: 0.16362000000000002
INFO:root:elite fitness: 0.2821333333333333
INFO:root:Generation: 115
INFO:root:pop fitness: 0.17181333333333332
INFO:root:elite fitness: 0.31806666666666666
INFO:root:Generation: 120
INFO:root:pop fitness: 0.18029333333333336
INFO:root:elite fitness: 0.35048
INFO:root:Generation: 116
INFO:root:pop fitness: 0.15136
INFO:root:elite fitness: 0.28981333333333337
INFO:root:Generation: 121
INFO:root:pop fitness: 0.18116666666666664
INFO:root:elite fitness: 0.3396133333333334
INFO:root:Generation: 117
INFO:root:pop fitness: 0.16787333333333335
INFO:root:elite fitness: 0.3054133333333333
INFO:root:Generation: 122
INFO:root:pop fitness: 0.16697333333333333
INFO:root:elite fitness: 0.28857333333333335
INFO:root:Generation: 118
INFO:root:pop fitness: 0.16736666666666664
INFO:root:elite fitness: 0.31381333333333333
INFO:root:Generation: 123
INFO:root:pop fitness: 0.19535333333333335
INFO:root:elite fitness: 0.35554666666666673
INFO:root:Generation: 119
INFO:root:pop fitness: 0.16128
INFO:root:elite fitness: 0.30372000000000005
INFO:root:Generation: 120
INFO:root:pop fitness: 0.15696000000000002
INFO:root:elite fitness: 0.2726933333333333
INFO:root:Generation: 124
INFO:root:pop fitness: 0.16852
INFO:root:elite fitness: 0.3175466666666667
INFO:root:Generation: 121
INFO:root:pop fitness: 0.17091333333333333
INFO:root:elite fitness: 0.30988000000000004
INFO:root:Generation: 125
INFO:root:pop fitness: 0.17569333333333337
INFO:root:elite fitness: 0.3455066666666667
INFO:root:Generation: 122
INFO:root:pop fitness: 0.16711333333333334
INFO:root:elite fitness: 0.33080000000000004
INFO:root:Generation: 126
INFO:root:pop fitness: 0.1954
INFO:root:elite fitness: 0.36491999999999997
INFO:root:Generation: 123
INFO:root:pop fitness: 0.16216666666666668
INFO:root:elite fitness: 0.319
INFO:root:Generation: 127
INFO:root:pop fitness: 0.18112666666666666
INFO:root:elite fitness: 0.3430666666666667
INFO:root:Generation: 124
INFO:root:pop fitness: 0.15072
INFO:root:elite fitness: 0.2838
INFO:root:Generation: 128
INFO:root:pop fitness: 0.19181333333333334
INFO:root:elite fitness: 0.3476666666666666
INFO:root:Generation: 125
INFO:root:pop fitness: 0.16117333333333334
INFO:root:elite fitness: 0.2824
INFO:root:Generation: 129
INFO:root:pop fitness: 0.17566666666666667
INFO:root:elite fitness: 0.30478666666666665
INFO:root:Generation: 126
INFO:root:pop fitness: 0.17388
INFO:root:elite fitness: 0.32681333333333334
INFO:root:Generation: 127
INFO:root:pop fitness: 0.18431333333333333
INFO:root:elite fitness: 0.30700000000000005
INFO:root:Generation: 130
INFO:root:pop fitness: 0.17331333333333332
INFO:root:elite fitness: 0.32850666666666667
INFO:root:Generation: 128
INFO:root:pop fitness: 0.15161333333333332
INFO:root:elite fitness: 0.29576
INFO:root:Generation: 131
INFO:root:pop fitness: 0.18742666666666669
INFO:root:elite fitness: 0.3665333333333333
INFO:root:Generation: 129
INFO:root:pop fitness: 0.16530666666666666
INFO:root:elite fitness: 0.28903999999999996
INFO:root:Generation: 132
INFO:root:pop fitness: 0.16978666666666667
INFO:root:elite fitness: 0.2969466666666667
INFO:root:Generation: 130
INFO:root:pop fitness: 0.16266
INFO:root:elite fitness: 0.29848
INFO:root:Generation: 133
INFO:root:pop fitness: 0.1764
INFO:root:elite fitness: 0.3181866666666667
INFO:root:Generation: 131
INFO:root:pop fitness: 0.16808666666666666
INFO:root:elite fitness: 0.31866666666666665
INFO:root:Generation: 134
INFO:root:pop fitness: 0.16782
INFO:root:elite fitness: 0.2994666666666666
INFO:root:Generation: 132
INFO:root:pop fitness: 0.1837
INFO:root:elite fitness: 0.3476533333333333
INFO:root:Generation: 135
INFO:root:pop fitness: 0.17373333333333335
INFO:root:elite fitness: 0.31723999999999997
INFO:root:Generation: 136
INFO:root:pop fitness: 0.17324
INFO:root:elite fitness: 0.32302666666666663
INFO:root:Generation: 133
INFO:root:pop fitness: 0.16148
INFO:root:elite fitness: 0.2806666666666667
INFO:root:Generation: 137
INFO:root:pop fitness: 0.18356666666666668
INFO:root:elite fitness: 0.32809333333333335
INFO:root:Generation: 134
INFO:root:pop fitness: 0.18612
INFO:root:elite fitness: 0.31316000000000005
INFO:root:Generation: 138
INFO:root:pop fitness: 0.16867333333333331
INFO:root:elite fitness: 0.30502666666666667
INFO:root:Generation: 135
INFO:root:pop fitness: 0.15888
INFO:root:elite fitness: 0.3064266666666667
INFO:root:Generation: 139
INFO:root:pop fitness: 0.17592
INFO:root:elite fitness: 0.3302
INFO:root:Generation: 136
INFO:root:pop fitness: 0.17778666666666665
INFO:root:elite fitness: 0.3230533333333333
INFO:root:Generation: 137
INFO:root:pop fitness: 0.16599999999999998
INFO:root:elite fitness: 0.3025333333333334
INFO:root:Generation: 140
INFO:root:pop fitness: 0.16399333333333332
INFO:root:elite fitness: 0.2916000000000001
INFO:root:Generation: 138
INFO:root:pop fitness: 0.1609866666666667
INFO:root:elite fitness: 0.29960000000000003
INFO:root:Generation: 141
INFO:root:pop fitness: 0.15934
INFO:root:elite fitness: 0.28064
INFO:root:Generation: 139
INFO:root:pop fitness: 0.18193333333333334
INFO:root:elite fitness: 0.3502133333333333
INFO:root:Generation: 142
INFO:root:pop fitness: 0.18511333333333332
INFO:root:elite fitness: 0.3354
INFO:root:Generation: 140
INFO:root:pop fitness: 0.15256666666666666
INFO:root:elite fitness: 0.31944
INFO:root:Generation: 143
INFO:root:pop fitness: 0.17644
INFO:root:elite fitness: 0.32585333333333333
INFO:root:Generation: 141
INFO:root:pop fitness: 0.17746666666666666
INFO:root:elite fitness: 0.3310266666666667
INFO:root:Generation: 144
INFO:root:pop fitness: 0.1777733333333333
INFO:root:elite fitness: 0.30217333333333335
INFO:root:Generation: 142
INFO:root:pop fitness: 0.1607
INFO:root:elite fitness: 0.32766666666666666
INFO:root:Generation: 145
INFO:root:pop fitness: 0.17522666666666667
INFO:root:elite fitness: 0.29825333333333337
INFO:root:Generation: 146
INFO:root:pop fitness: 0.1927
INFO:root:elite fitness: 0.3319599999999999
INFO:root:Generation: 143
INFO:root:pop fitness: 0.18737333333333334
INFO:root:elite fitness: 0.34076
INFO:root:Generation: 147
INFO:root:pop fitness: 0.17996666666666664
INFO:root:elite fitness: 0.31564000000000003
INFO:root:Generation: 144
INFO:root:pop fitness: 0.16477333333333333
INFO:root:elite fitness: 0.30167999999999995
INFO:root:Generation: 148
INFO:root:pop fitness: 0.16193333333333332
INFO:root:elite fitness: 0.31858666666666663
INFO:root:Generation: 145
INFO:root:pop fitness: 0.16303999999999996
INFO:root:elite fitness: 0.28724000000000005
INFO:root:Generation: 149
INFO:root:pop fitness: 0.1735666666666667
INFO:root:elite fitness: 0.3040666666666667
INFO:root:Generation: 146
INFO:root:pop fitness: 0.16031333333333334
INFO:root:elite fitness: 0.2929466666666667
INFO:root:Generation: 150
INFO:root:pop fitness: 0.1690333333333333
INFO:root:elite fitness: 0.2984
INFO:root:Generation: 147
INFO:root:pop fitness: 0.17688666666666666
INFO:root:elite fitness: 0.3004933333333334
INFO:root:Generation: 151
INFO:root:pop fitness: 0.1884066666666667
INFO:root:elite fitness: 0.34805333333333327
INFO:root:Generation: 148
INFO:root:pop fitness: 0.17768666666666666
INFO:root:elite fitness: 0.33722666666666673
INFO:root:Generation: 152
INFO:root:pop fitness: 0.1783866666666667
INFO:root:elite fitness: 0.3236266666666667
INFO:root:Generation: 149
INFO:root:pop fitness: 0.15859333333333334
INFO:root:elite fitness: 0.3278400000000001
INFO:root:Generation: 153
INFO:root:pop fitness: 0.18565999999999996
INFO:root:elite fitness: 0.36118666666666666
INFO:root:Generation: 150
INFO:root:pop fitness: 0.18146666666666667
INFO:root:elite fitness: 0.33912000000000003
INFO:root:Generation: 154
INFO:root:pop fitness: 0.18486666666666665
INFO:root:elite fitness: 0.3378133333333333
INFO:root:Generation: 151
INFO:root:pop fitness: 0.17490666666666665
INFO:root:elite fitness: 0.3387066666666667
INFO:root:Generation: 155
INFO:root:pop fitness: 0.19175333333333333
INFO:root:elite fitness: 0.35157333333333335
INFO:root:Generation: 152
INFO:root:pop fitness: 0.19810000000000003
INFO:root:elite fitness: 0.34521333333333337
INFO:root:Generation: 156
INFO:root:pop fitness: 0.1815933333333333
INFO:root:elite fitness: 0.34935999999999995
INFO:root:Generation: 153
INFO:root:pop fitness: 0.15986000000000003
INFO:root:elite fitness: 0.29217333333333334
INFO:root:Generation: 157
INFO:root:pop fitness: 0.16879333333333335
INFO:root:elite fitness: 0.30824
INFO:root:Generation: 154
INFO:root:pop fitness: 0.18697333333333332
INFO:root:elite fitness: 0.33474666666666664
INFO:root:Generation: 158
INFO:root:pop fitness: 0.19099333333333332
INFO:root:elite fitness: 0.31292000000000003
INFO:root:Generation: 155
INFO:root:pop fitness: 0.1878733333333333
INFO:root:elite fitness: 0.3433333333333333
INFO:root:Generation: 159
INFO:root:pop fitness: 0.17225333333333334
INFO:root:elite fitness: 0.3188533333333334
INFO:root:Generation: 156
INFO:root:pop fitness: 0.1810266666666667
INFO:root:elite fitness: 0.34016
INFO:root:Generation: 160
INFO:root:pop fitness: 0.18459333333333333
INFO:root:elite fitness: 0.3066266666666666
INFO:root:Generation: 157
INFO:root:pop fitness: 0.16004
INFO:root:elite fitness: 0.32074666666666657
INFO:root:Generation: 161
INFO:root:pop fitness: 0.19132666666666664
INFO:root:elite fitness: 0.38248
INFO:root:Generation: 162
INFO:root:pop fitness: 0.19942
INFO:root:elite fitness: 0.35475999999999996
INFO:root:Generation: 158
INFO:root:pop fitness: 0.18744
INFO:root:elite fitness: 0.3589866666666667
INFO:root:Generation: 163
INFO:root:pop fitness: 0.18044666666666667
INFO:root:elite fitness: 0.33455999999999997
INFO:root:Generation: 159
INFO:root:pop fitness: 0.1739133333333333
INFO:root:elite fitness: 0.3049733333333334
INFO:root:Generation: 164
INFO:root:pop fitness: 0.17838666666666667
INFO:root:elite fitness: 0.3009733333333333
INFO:root:Generation: 160
INFO:root:pop fitness: 0.16656666666666667
INFO:root:elite fitness: 0.3212266666666667
INFO:root:Generation: 165
INFO:root:pop fitness: 0.16886
INFO:root:elite fitness: 0.30340000000000006
INFO:root:Generation: 161
INFO:root:pop fitness: 0.16679333333333332
INFO:root:elite fitness: 0.29749333333333333
INFO:root:Generation: 166
INFO:root:pop fitness: 0.18342
INFO:root:elite fitness: 0.30877333333333334
INFO:root:Generation: 162
INFO:root:pop fitness: 0.17301333333333335
INFO:root:elite fitness: 0.34476
INFO:root:Generation: 167
INFO:root:pop fitness: 0.1651666666666667
INFO:root:elite fitness: 0.2948933333333333
INFO:root:Generation: 163
INFO:root:pop fitness: 0.18028666666666665
INFO:root:elite fitness: 0.3227866666666667
INFO:root:Generation: 168
INFO:root:pop fitness: 0.17844
INFO:root:elite fitness: 0.30544
INFO:root:Generation: 164
INFO:root:pop fitness: 0.17653333333333332
INFO:root:elite fitness: 0.35468
INFO:root:Generation: 169
INFO:root:pop fitness: 0.19064
INFO:root:elite fitness: 0.30994666666666665
INFO:root:Generation: 170
INFO:root:pop fitness: 0.17987999999999998
INFO:root:elite fitness: 0.34176
INFO:root:Generation: 171
INFO:root:pop fitness: 0.19136666666666668
INFO:root:elite fitness: 0.33215999999999996
INFO:root:Generation: 172
INFO:root:pop fitness: 0.18582000000000004
INFO:root:elite fitness: 0.3338533333333333
INFO:root:Generation: 173
INFO:root:pop fitness: 0.18966000000000002
INFO:root:elite fitness: 0.33038666666666666
INFO:root:Generation: 165
INFO:root:pop fitness: 0.19444666666666668
INFO:root:elite fitness: 0.36901333333333336
INFO:root:Generation: 174
INFO:root:pop fitness: 0.18418
INFO:root:elite fitness: 0.32853333333333334
INFO:root:Generation: 175
INFO:root:pop fitness: 0.18835333333333334
INFO:root:elite fitness: 0.3320533333333333
INFO:root:Generation: 166
INFO:root:pop fitness: 0.17756666666666668
INFO:root:elite fitness: 0.34276
INFO:root:Generation: 176
INFO:root:pop fitness: 0.16735333333333335
INFO:root:elite fitness: 0.31050666666666665
INFO:root:Generation: 167
INFO:root:pop fitness: 0.18884666666666666
INFO:root:elite fitness: 0.34993333333333326
INFO:root:Generation: 177
INFO:root:pop fitness: 0.18591333333333335
INFO:root:elite fitness: 0.34710666666666656
INFO:root:Generation: 178
INFO:root:pop fitness: 0.16808666666666666
INFO:root:elite fitness: 0.31250666666666665
INFO:root:Generation: 168
INFO:root:pop fitness: 0.17487333333333335
INFO:root:elite fitness: 0.30162666666666665
INFO:root:Generation: 169
INFO:root:pop fitness: 0.1737066666666667
INFO:root:elite fitness: 0.31061333333333335
INFO:root:Generation: 179
INFO:root:pop fitness: 0.19152666666666665
INFO:root:elite fitness: 0.35828000000000004
INFO:root:Generation: 180
INFO:root:pop fitness: 0.1687133333333333
INFO:root:elite fitness: 0.3266666666666667
INFO:root:Generation: 170
INFO:root:pop fitness: 0.1597066666666667
INFO:root:elite fitness: 0.3029066666666666
INFO:root:Generation: 181
INFO:root:pop fitness: 0.1710666666666667
INFO:root:elite fitness: 0.31516
INFO:root:Generation: 171
INFO:root:pop fitness: 0.14154666666666665
INFO:root:elite fitness: 0.28201333333333334
INFO:root:Generation: 182
INFO:root:pop fitness: 0.18469999999999998
INFO:root:elite fitness: 0.3435599999999999
INFO:root:Generation: 172
INFO:root:pop fitness: 0.18156
INFO:root:elite fitness: 0.35239999999999994
INFO:root:Generation: 183
INFO:root:pop fitness: 0.18593333333333334
INFO:root:elite fitness: 0.3409466666666667
INFO:root:Generation: 173
INFO:root:pop fitness: 0.2057866666666667
INFO:root:elite fitness: 0.36422666666666664
INFO:root:Generation: 184
INFO:root:pop fitness: 0.17214
INFO:root:elite fitness: 0.31876000000000004
INFO:root:Generation: 174
INFO:root:pop fitness: 0.17726666666666666
INFO:root:elite fitness: 0.31776
INFO:root:Generation: 175
INFO:root:pop fitness: 0.16318666666666667
INFO:root:elite fitness: 0.30396000000000006
INFO:root:Generation: 185
INFO:root:pop fitness: 0.17223999999999998
INFO:root:elite fitness: 0.30962666666666666
INFO:root:Generation: 176
INFO:root:pop fitness: 0.17302666666666663
INFO:root:elite fitness: 0.32084
INFO:root:Generation: 186
INFO:root:pop fitness: 0.20692666666666662
INFO:root:elite fitness: 0.36310666666666663
INFO:root:Generation: 177
INFO:root:pop fitness: 0.17459333333333332
INFO:root:elite fitness: 0.29257333333333335
INFO:root:Generation: 187
INFO:root:pop fitness: 0.19867333333333334
INFO:root:elite fitness: 0.3435066666666666
INFO:root:Generation: 178
INFO:root:pop fitness: 0.18598666666666663
INFO:root:elite fitness: 0.31427999999999995
INFO:root:Generation: 188
INFO:root:pop fitness: 0.19717333333333334
INFO:root:elite fitness: 0.3246933333333334
INFO:root:Generation: 179
INFO:root:pop fitness: 0.17837999999999998
INFO:root:elite fitness: 0.30572
INFO:root:Generation: 189
INFO:root:pop fitness: 0.18338000000000004
INFO:root:elite fitness: 0.32519999999999993
INFO:root:Generation: 180
INFO:root:pop fitness: 0.18073333333333336
INFO:root:elite fitness: 0.2900666666666667
INFO:root:Generation: 190
INFO:root:pop fitness: 0.17127333333333336
INFO:root:elite fitness: 0.3209866666666667
INFO:root:Generation: 181
INFO:root:pop fitness: 0.17242666666666667
INFO:root:elite fitness: 0.30673333333333336
INFO:root:Generation: 191
INFO:root:pop fitness: 0.19689333333333334
INFO:root:elite fitness: 0.31544
INFO:root:Generation: 182
INFO:root:pop fitness: 0.18109999999999998
INFO:root:elite fitness: 0.30513333333333337
INFO:root:Generation: 192
INFO:root:pop fitness: 0.19290000000000002
INFO:root:elite fitness: 0.33064
INFO:root:Generation: 183
INFO:root:pop fitness: 0.17284666666666668
INFO:root:elite fitness: 0.3225866666666667
INFO:root:Generation: 193
INFO:root:pop fitness: 0.17925333333333335
INFO:root:elite fitness: 0.32308000000000003
INFO:root:Generation: 184
INFO:root:pop fitness: 0.17984
INFO:root:elite fitness: 0.32793333333333335
INFO:root:Generation: 194
INFO:root:pop fitness: 0.17640666666666666
INFO:root:elite fitness: 0.32586666666666664
INFO:root:Generation: 185
INFO:root:pop fitness: 0.19812666666666667
INFO:root:elite fitness: 0.3550266666666667
INFO:root:Generation: 195
INFO:root:pop fitness: 0.19221333333333335
INFO:root:elite fitness: 0.3341333333333333
INFO:root:Generation: 196
INFO:root:pop fitness: 0.19595333333333334
INFO:root:elite fitness: 0.31712
INFO:root:Generation: 186
INFO:root:pop fitness: 0.15946666666666665
INFO:root:elite fitness: 0.3090266666666666
INFO:root:Generation: 197
INFO:root:pop fitness: 0.20444
INFO:root:elite fitness: 0.35030666666666666
INFO:root:Generation: 187
INFO:root:pop fitness: 0.17970666666666665
INFO:root:elite fitness: 0.30921333333333334
INFO:root:Generation: 198
INFO:root:pop fitness: 0.17741333333333334
INFO:root:elite fitness: 0.34387999999999996
INFO:root:Generation: 188
INFO:root:pop fitness: 0.15069333333333332
INFO:root:elite fitness: 0.2959333333333333
INFO:root:Generation: 199
INFO:root:pop fitness: 0.19705333333333333
INFO:root:elite fitness: 0.33104
INFO:root:Generation: 189
INFO:root:pop fitness: 0.17966
INFO:root:elite fitness: 0.3224666666666666
INFO:root:Generation: 190
INFO:root:pop fitness: 0.17170000000000002
INFO:root:elite fitness: 0.3212533333333333
INFO:root:Generation: 191
INFO:root:pop fitness: 0.17613333333333334
INFO:root:elite fitness: 0.3053733333333334
INFO:root:Generation: 192
INFO:root:pop fitness: 0.17900000000000002
INFO:root:elite fitness: 0.3061733333333333
INFO:root:Generation: 193
INFO:root:pop fitness: 0.15678666666666666
INFO:root:elite fitness: 0.27331999999999995
INFO:root:Generation: 194
INFO:root:pop fitness: 0.16657333333333332
INFO:root:elite fitness: 0.2935866666666667
INFO:root:Generation: 195
INFO:root:pop fitness: 0.16493333333333335
INFO:root:elite fitness: 0.29396000000000005
INFO:root:Generation: 196
INFO:root:pop fitness: 0.18622666666666665
INFO:root:elite fitness: 0.3276266666666667
INFO:root:Generation: 197
INFO:root:pop fitness: 0.16953333333333334
INFO:root:elite fitness: 0.3083066666666667
INFO:root:Generation: 198
INFO:root:pop fitness: 0.16272666666666666
INFO:root:elite fitness: 0.3233333333333333
INFO:root:Generation: 199
INFO:root:pop fitness: 0.18914666666666666
INFO:root:elite fitness: 0.3451600000000001
