INFO:root:run_master: Namespace(arms='10', hidden='32', layers='1', max_gen='200', message='', mutation_mag='0.1', name='resetEnv50_v1', noise=False, pop_size='150', save_result=True, trials='100')
INFO:root:run_master: Namespace(arms='10', hidden='32', layers='1', max_gen='200', message='', mutation_mag='0.1', name='resetEnv50_v1', noise=True, pop_size='150', save_result=True, trials='100')
INFO:root:Generation: 0
INFO:root:pop fitness: 0.10113333333333333
INFO:root:elite fitness: 0.11113333333333332
INFO:root:Generation: 0
INFO:root:pop fitness: 0.10050666666666665
INFO:root:elite fitness: 0.11198666666666668
INFO:root:Generation: 1
INFO:root:pop fitness: 0.09992666666666665
INFO:root:elite fitness: 0.11525333333333336
INFO:root:Generation: 1
INFO:root:pop fitness: 0.10186666666666665
INFO:root:elite fitness: 0.11909333333333334
INFO:root:Generation: 2
INFO:root:pop fitness: 0.09903333333333333
INFO:root:elite fitness: 0.11844000000000003
INFO:root:Generation: 2
INFO:root:pop fitness: 0.09787333333333333
INFO:root:elite fitness: 0.1206
INFO:root:Generation: 3
INFO:root:pop fitness: 0.09943333333333333
INFO:root:elite fitness: 0.1264533333333333
INFO:root:Generation: 3
INFO:root:pop fitness: 0.10004666666666666
INFO:root:elite fitness: 0.12841333333333332
INFO:root:Generation: 4
INFO:root:pop fitness: 0.10392666666666668
INFO:root:elite fitness: 0.14450666666666667
INFO:root:Generation: 4
INFO:root:pop fitness: 0.10403333333333334
INFO:root:elite fitness: 0.14829333333333336
INFO:root:Generation: 5
INFO:root:pop fitness: 0.09788
INFO:root:elite fitness: 0.15041333333333334
INFO:root:Generation: 5
INFO:root:pop fitness: 0.1012
INFO:root:elite fitness: 0.15161333333333335
INFO:root:Generation: 6
INFO:root:pop fitness: 0.10339333333333334
INFO:root:elite fitness: 0.1668133333333333
INFO:root:Generation: 6
INFO:root:pop fitness: 0.10008666666666666
INFO:root:elite fitness: 0.16058666666666666
INFO:root:Generation: 7
INFO:root:pop fitness: 0.10508
INFO:root:elite fitness: 0.17202666666666666
INFO:root:Generation: 7
INFO:root:pop fitness: 0.11002666666666668
INFO:root:elite fitness: 0.17754666666666669
INFO:root:Generation: 8
INFO:root:pop fitness: 0.10678
INFO:root:elite fitness: 0.18185333333333334
INFO:root:Generation: 8
INFO:root:pop fitness: 0.11557999999999997
INFO:root:elite fitness: 0.19092
INFO:root:Generation: 9
INFO:root:pop fitness: 0.10531999999999998
INFO:root:elite fitness: 0.20481333333333335
INFO:root:Generation: 9
INFO:root:pop fitness: 0.12337999999999999
INFO:root:elite fitness: 0.2035333333333333
INFO:root:Generation: 10
INFO:root:pop fitness: 0.10389333333333334
INFO:root:elite fitness: 0.19666666666666666
INFO:root:Generation: 11
INFO:root:pop fitness: 0.09976666666666667
INFO:root:elite fitness: 0.19022666666666666
INFO:root:Generation: 10
INFO:root:pop fitness: 0.11144666666666665
INFO:root:elite fitness: 0.21241333333333334
INFO:root:Generation: 12
INFO:root:pop fitness: 0.1294266666666667
INFO:root:elite fitness: 0.24331999999999998
INFO:root:Generation: 11
INFO:root:pop fitness: 0.10236666666666666
INFO:root:elite fitness: 0.18529333333333334
INFO:root:Generation: 13
INFO:root:pop fitness: 0.10829999999999998
INFO:root:elite fitness: 0.23482666666666668
INFO:root:Generation: 12
INFO:root:pop fitness: 0.10139333333333334
INFO:root:elite fitness: 0.18666666666666668
INFO:root:Generation: 14
INFO:root:pop fitness: 0.11614
INFO:root:elite fitness: 0.24287999999999996
INFO:root:Generation: 13
INFO:root:pop fitness: 0.12014000000000001
INFO:root:elite fitness: 0.22530666666666666
INFO:root:Generation: 15
INFO:root:pop fitness: 0.11899333333333331
INFO:root:elite fitness: 0.24016
INFO:root:Generation: 14
INFO:root:pop fitness: 0.10696
INFO:root:elite fitness: 0.21508
INFO:root:Generation: 16
INFO:root:pop fitness: 0.11833333333333333
INFO:root:elite fitness: 0.22729333333333337
INFO:root:Generation: 15
INFO:root:pop fitness: 0.11324666666666668
INFO:root:elite fitness: 0.21779999999999997
INFO:root:Generation: 17
INFO:root:pop fitness: 0.12298666666666667
INFO:root:elite fitness: 0.23377333333333336
INFO:root:Generation: 16
INFO:root:pop fitness: 0.1200333333333333
INFO:root:elite fitness: 0.21854666666666664
INFO:root:Generation: 18
INFO:root:pop fitness: 0.12571333333333332
INFO:root:elite fitness: 0.2524
INFO:root:Generation: 17
INFO:root:pop fitness: 0.11485333333333335
INFO:root:elite fitness: 0.21708000000000002
INFO:root:Generation: 19
INFO:root:pop fitness: 0.12192
INFO:root:elite fitness: 0.24446666666666664
INFO:root:Generation: 18
INFO:root:pop fitness: 0.12264
INFO:root:elite fitness: 0.23477333333333333
INFO:root:Generation: 20
INFO:root:pop fitness: 0.12714
INFO:root:elite fitness: 0.24786666666666665
INFO:root:Generation: 19
INFO:root:pop fitness: 0.11460666666666666
INFO:root:elite fitness: 0.22288000000000002
INFO:root:Generation: 21
INFO:root:pop fitness: 0.11538666666666667
INFO:root:elite fitness: 0.22289333333333336
INFO:root:Generation: 20
INFO:root:pop fitness: 0.11311333333333333
INFO:root:elite fitness: 0.22058666666666668
INFO:root:Generation: 22
INFO:root:pop fitness: 0.12134666666666666
INFO:root:elite fitness: 0.23902666666666667
INFO:root:Generation: 21
INFO:root:pop fitness: 0.11763333333333331
INFO:root:elite fitness: 0.23490666666666665
INFO:root:Generation: 23
INFO:root:pop fitness: 0.13637333333333332
INFO:root:elite fitness: 0.2584266666666667
INFO:root:Generation: 22
INFO:root:pop fitness: 0.12861333333333336
INFO:root:elite fitness: 0.25433333333333336
INFO:root:Generation: 24
INFO:root:pop fitness: 0.1309266666666667
INFO:root:elite fitness: 0.22216
INFO:root:Generation: 25
INFO:root:pop fitness: 0.12133333333333333
INFO:root:elite fitness: 0.24689333333333333
INFO:root:Generation: 23
INFO:root:pop fitness: 0.11435999999999998
INFO:root:elite fitness: 0.21622666666666665
INFO:root:Generation: 26
INFO:root:pop fitness: 0.12020666666666666
INFO:root:elite fitness: 0.23169333333333336
INFO:root:Generation: 24
INFO:root:pop fitness: 0.11956000000000003
INFO:root:elite fitness: 0.26028000000000007
INFO:root:Generation: 27
INFO:root:pop fitness: 0.12863333333333332
INFO:root:elite fitness: 0.26361333333333337
INFO:root:Generation: 25
INFO:root:pop fitness: 0.12428000000000002
INFO:root:elite fitness: 0.25236
INFO:root:Generation: 28
INFO:root:pop fitness: 0.13747333333333334
INFO:root:elite fitness: 0.2491866666666666
INFO:root:Generation: 26
INFO:root:pop fitness: 0.11598666666666667
INFO:root:elite fitness: 0.22706666666666664
INFO:root:Generation: 29
INFO:root:pop fitness: 0.11254666666666666
INFO:root:elite fitness: 0.22319999999999998
INFO:root:Generation: 27
INFO:root:pop fitness: 0.12497999999999998
INFO:root:elite fitness: 0.22974666666666668
INFO:root:Generation: 28
INFO:root:pop fitness: 0.12023999999999996
INFO:root:elite fitness: 0.23250666666666664
INFO:root:Generation: 30
INFO:root:pop fitness: 0.12675999999999998
INFO:root:elite fitness: 0.2679466666666667
INFO:root:Generation: 29
INFO:root:pop fitness: 0.12173333333333332
INFO:root:elite fitness: 0.24045333333333332
INFO:root:Generation: 31
INFO:root:pop fitness: 0.13094666666666668
INFO:root:elite fitness: 0.25514666666666663
INFO:root:Generation: 30
INFO:root:pop fitness: 0.11610666666666665
INFO:root:elite fitness: 0.2299333333333333
INFO:root:Generation: 32
INFO:root:pop fitness: 0.12534666666666666
INFO:root:elite fitness: 0.24788000000000007
INFO:root:Generation: 31
INFO:root:pop fitness: 0.11694666666666667
INFO:root:elite fitness: 0.21874666666666664
INFO:root:Generation: 33
INFO:root:pop fitness: 0.12603999999999999
INFO:root:elite fitness: 0.24861333333333338
INFO:root:Generation: 32
INFO:root:pop fitness: 0.13122666666666669
INFO:root:elite fitness: 0.26004
INFO:root:Generation: 34
INFO:root:pop fitness: 0.11066666666666665
INFO:root:elite fitness: 0.25581333333333334
INFO:root:Generation: 35
INFO:root:pop fitness: 0.13204666666666667
INFO:root:elite fitness: 0.2508666666666667
INFO:root:Generation: 33
INFO:root:pop fitness: 0.12861333333333333
INFO:root:elite fitness: 0.23178666666666667
INFO:root:Generation: 36
INFO:root:pop fitness: 0.1255866666666667
INFO:root:elite fitness: 0.2492266666666667
INFO:root:Generation: 34
INFO:root:pop fitness: 0.13477333333333333
INFO:root:elite fitness: 0.24382666666666675
INFO:root:Generation: 37
INFO:root:pop fitness: 0.1282066666666667
INFO:root:elite fitness: 0.23836000000000004
INFO:root:Generation: 35
INFO:root:pop fitness: 0.12710666666666667
INFO:root:elite fitness: 0.2608266666666667
INFO:root:Generation: 38
INFO:root:pop fitness: 0.13515333333333332
INFO:root:elite fitness: 0.25885333333333327
INFO:root:Generation: 36
INFO:root:pop fitness: 0.13284
INFO:root:elite fitness: 0.27513333333333334
INFO:root:Generation: 39
INFO:root:pop fitness: 0.12560666666666664
INFO:root:elite fitness: 0.23950666666666665
INFO:root:Generation: 37
INFO:root:pop fitness: 0.10137333333333334
INFO:root:elite fitness: 0.1894266666666667
INFO:root:Generation: 40
INFO:root:pop fitness: 0.13668666666666668
INFO:root:elite fitness: 0.25498666666666664
INFO:root:Generation: 38
INFO:root:pop fitness: 0.11880666666666666
INFO:root:elite fitness: 0.22968
INFO:root:Generation: 41
INFO:root:pop fitness: 0.13293333333333332
INFO:root:elite fitness: 0.25604
INFO:root:Generation: 39
INFO:root:pop fitness: 0.11687333333333333
INFO:root:elite fitness: 0.22294666666666665
INFO:root:Generation: 42
INFO:root:pop fitness: 0.13745333333333334
INFO:root:elite fitness: 0.25925333333333334
INFO:root:Generation: 40
INFO:root:pop fitness: 0.13378
INFO:root:elite fitness: 0.2723466666666666
INFO:root:Generation: 43
INFO:root:pop fitness: 0.13707333333333332
INFO:root:elite fitness: 0.27184
INFO:root:Generation: 44
INFO:root:pop fitness: 0.14503333333333335
INFO:root:elite fitness: 0.29486666666666667
INFO:root:Generation: 41
INFO:root:pop fitness: 0.12227333333333334
INFO:root:elite fitness: 0.2545333333333334
INFO:root:Generation: 45
INFO:root:pop fitness: 0.14852666666666664
INFO:root:elite fitness: 0.2972533333333333
INFO:root:Generation: 42
INFO:root:pop fitness: 0.12441333333333332
INFO:root:elite fitness: 0.2333333333333334
INFO:root:Generation: 46
INFO:root:pop fitness: 0.13628
INFO:root:elite fitness: 0.25784
INFO:root:Generation: 43
INFO:root:pop fitness: 0.12663333333333332
INFO:root:elite fitness: 0.24414666666666668
INFO:root:Generation: 47
INFO:root:pop fitness: 0.12641333333333332
INFO:root:elite fitness: 0.24665333333333336
INFO:root:Generation: 44
INFO:root:pop fitness: 0.13082
INFO:root:elite fitness: 0.2787733333333334
INFO:root:Generation: 48
INFO:root:pop fitness: 0.15574
INFO:root:elite fitness: 0.26832
INFO:root:Generation: 45
INFO:root:pop fitness: 0.13869333333333334
INFO:root:elite fitness: 0.27785333333333334
INFO:root:Generation: 49
INFO:root:pop fitness: 0.1459466666666667
INFO:root:elite fitness: 0.27153333333333324
INFO:root:Generation: 46
INFO:root:pop fitness: 0.13988
INFO:root:elite fitness: 0.24548000000000003
INFO:root:Generation: 50
INFO:root:pop fitness: 0.12276666666666666
INFO:root:elite fitness: 0.24217333333333332
INFO:root:Generation: 47
INFO:root:pop fitness: 0.14160666666666666
INFO:root:elite fitness: 0.27880000000000005
INFO:root:Generation: 51
INFO:root:pop fitness: 0.1304666666666667
INFO:root:elite fitness: 0.25107999999999997
INFO:root:Generation: 48
INFO:root:pop fitness: 0.13230000000000003
INFO:root:elite fitness: 0.24691999999999997
INFO:root:Generation: 52
INFO:root:pop fitness: 0.1256
INFO:root:elite fitness: 0.2424266666666666
INFO:root:Generation: 53
INFO:root:pop fitness: 0.13065333333333332
INFO:root:elite fitness: 0.25830666666666663
INFO:root:Generation: 49
INFO:root:pop fitness: 0.13490666666666665
INFO:root:elite fitness: 0.2659733333333333
INFO:root:Generation: 54
INFO:root:pop fitness: 0.14197333333333334
INFO:root:elite fitness: 0.2783866666666666
INFO:root:Generation: 50
INFO:root:pop fitness: 0.13154000000000002
INFO:root:elite fitness: 0.25665333333333334
INFO:root:Generation: 55
INFO:root:pop fitness: 0.13992666666666667
INFO:root:elite fitness: 0.2848666666666667
INFO:root:Generation: 51
INFO:root:pop fitness: 0.13354666666666667
INFO:root:elite fitness: 0.2627466666666667
INFO:root:Generation: 56
INFO:root:pop fitness: 0.1404133333333333
INFO:root:elite fitness: 0.27240000000000003
INFO:root:Generation: 52
INFO:root:pop fitness: 0.13286666666666666
INFO:root:elite fitness: 0.2659733333333333
INFO:root:Generation: 57
INFO:root:pop fitness: 0.14815333333333333
INFO:root:elite fitness: 0.28742666666666666
INFO:root:Generation: 53
INFO:root:pop fitness: 0.14500666666666667
INFO:root:elite fitness: 0.31149333333333334
INFO:root:Generation: 58
INFO:root:pop fitness: 0.15045333333333333
INFO:root:elite fitness: 0.29660000000000003
INFO:root:Generation: 54
INFO:root:pop fitness: 0.13774666666666668
INFO:root:elite fitness: 0.26870666666666665
INFO:root:Generation: 59
INFO:root:pop fitness: 0.1448533333333333
INFO:root:elite fitness: 0.2738133333333333
INFO:root:Generation: 55
INFO:root:pop fitness: 0.14605333333333334
INFO:root:elite fitness: 0.26010666666666665
INFO:root:Generation: 60
INFO:root:pop fitness: 0.14015333333333332
INFO:root:elite fitness: 0.25753333333333334
INFO:root:Generation: 56
INFO:root:pop fitness: 0.14242
INFO:root:elite fitness: 0.26909333333333324
INFO:root:Generation: 61
INFO:root:pop fitness: 0.13919333333333334
INFO:root:elite fitness: 0.2684
INFO:root:Generation: 62
INFO:root:pop fitness: 0.13332666666666665
INFO:root:elite fitness: 0.24778666666666666
INFO:root:Generation: 57
INFO:root:pop fitness: 0.15061999999999998
INFO:root:elite fitness: 0.2761466666666667
INFO:root:Generation: 63
INFO:root:pop fitness: 0.13584666666666664
INFO:root:elite fitness: 0.29517333333333334
INFO:root:Generation: 58
INFO:root:pop fitness: 0.13072666666666663
INFO:root:elite fitness: 0.24805333333333343
INFO:root:Generation: 64
INFO:root:pop fitness: 0.1322266666666667
INFO:root:elite fitness: 0.27026666666666666
INFO:root:Generation: 59
INFO:root:pop fitness: 0.14408666666666667
INFO:root:elite fitness: 0.30277333333333334
INFO:root:Generation: 65
INFO:root:pop fitness: 0.13645333333333334
INFO:root:elite fitness: 0.29530666666666666
INFO:root:Generation: 60
INFO:root:pop fitness: 0.15296666666666667
INFO:root:elite fitness: 0.29536
INFO:root:Generation: 66
INFO:root:pop fitness: 0.14031333333333337
INFO:root:elite fitness: 0.27672
INFO:root:Generation: 61
INFO:root:pop fitness: 0.1439333333333333
INFO:root:elite fitness: 0.27656000000000003
INFO:root:Generation: 67
INFO:root:pop fitness: 0.13782000000000003
INFO:root:elite fitness: 0.26411999999999997
INFO:root:Generation: 62
INFO:root:pop fitness: 0.14442
INFO:root:elite fitness: 0.2925333333333334
INFO:root:Generation: 68
INFO:root:pop fitness: 0.14604666666666663
INFO:root:elite fitness: 0.28444
INFO:root:Generation: 63
INFO:root:pop fitness: 0.15582666666666667
INFO:root:elite fitness: 0.28951999999999994
INFO:root:Generation: 69
INFO:root:pop fitness: 0.13852
INFO:root:elite fitness: 0.2832133333333333
INFO:root:Generation: 64
INFO:root:pop fitness: 0.15963999999999998
INFO:root:elite fitness: 0.28796
INFO:root:Generation: 70
INFO:root:pop fitness: 0.14580666666666667
INFO:root:elite fitness: 0.28508
INFO:root:Generation: 65
INFO:root:pop fitness: 0.15999333333333332
INFO:root:elite fitness: 0.2832933333333334
INFO:root:Generation: 71
INFO:root:pop fitness: 0.1601
INFO:root:elite fitness: 0.3032266666666667
INFO:root:Generation: 66
INFO:root:pop fitness: 0.16303333333333334
INFO:root:elite fitness: 0.28153333333333336
INFO:root:Generation: 72
INFO:root:pop fitness: 0.15038666666666667
INFO:root:elite fitness: 0.27774666666666664
INFO:root:Generation: 67
INFO:root:pop fitness: 0.15530666666666668
INFO:root:elite fitness: 0.3228933333333333
INFO:root:Generation: 73
INFO:root:pop fitness: 0.1325733333333333
INFO:root:elite fitness: 0.24470666666666663
INFO:root:Generation: 68
INFO:root:pop fitness: 0.14970666666666668
INFO:root:elite fitness: 0.289
INFO:root:Generation: 74
INFO:root:pop fitness: 0.1471066666666667
INFO:root:elite fitness: 0.2679999999999999
INFO:root:Generation: 69
INFO:root:pop fitness: 0.17030666666666663
INFO:root:elite fitness: 0.32054666666666665
INFO:root:Generation: 75
INFO:root:pop fitness: 0.14991333333333332
INFO:root:elite fitness: 0.27692
INFO:root:Generation: 76
INFO:root:pop fitness: 0.15931333333333333
INFO:root:elite fitness: 0.29597333333333337
INFO:root:Generation: 70
INFO:root:pop fitness: 0.15904666666666667
INFO:root:elite fitness: 0.28984
INFO:root:Generation: 77
INFO:root:pop fitness: 0.14082666666666668
INFO:root:elite fitness: 0.26548
INFO:root:Generation: 71
INFO:root:pop fitness: 0.16121333333333335
INFO:root:elite fitness: 0.2945733333333333
INFO:root:Generation: 78
INFO:root:pop fitness: 0.14104666666666665
INFO:root:elite fitness: 0.2745866666666667
INFO:root:Generation: 72
INFO:root:pop fitness: 0.17117333333333334
INFO:root:elite fitness: 0.2764
INFO:root:Generation: 79
INFO:root:pop fitness: 0.14269333333333334
INFO:root:elite fitness: 0.26863999999999993
INFO:root:Generation: 73
INFO:root:pop fitness: 0.17910666666666666
INFO:root:elite fitness: 0.31278666666666666
INFO:root:Generation: 80
INFO:root:pop fitness: 0.1491533333333333
INFO:root:elite fitness: 0.2833066666666667
INFO:root:Generation: 74
INFO:root:pop fitness: 0.16052666666666668
INFO:root:elite fitness: 0.3064933333333333
INFO:root:Generation: 81
INFO:root:pop fitness: 0.15481999999999999
INFO:root:elite fitness: 0.28112
INFO:root:Generation: 75
INFO:root:pop fitness: 0.16854666666666668
INFO:root:elite fitness: 0.30848000000000003
INFO:root:Generation: 82
INFO:root:pop fitness: 0.14270000000000002
INFO:root:elite fitness: 0.27856
INFO:root:Generation: 76
INFO:root:pop fitness: 0.17573999999999998
INFO:root:elite fitness: 0.33756
INFO:root:Generation: 77
INFO:root:pop fitness: 0.16000666666666666
INFO:root:elite fitness: 0.30313333333333337
INFO:root:Generation: 83
INFO:root:pop fitness: 0.13578666666666664
INFO:root:elite fitness: 0.25644000000000006
INFO:root:Generation: 78
INFO:root:pop fitness: 0.1452933333333333
INFO:root:elite fitness: 0.31044
INFO:root:Generation: 84
INFO:root:pop fitness: 0.1648266666666667
INFO:root:elite fitness: 0.33429333333333333
INFO:root:Generation: 85
INFO:root:pop fitness: 0.16596000000000002
INFO:root:elite fitness: 0.29336
INFO:root:Generation: 79
INFO:root:pop fitness: 0.17049333333333336
INFO:root:elite fitness: 0.32269333333333333
INFO:root:Generation: 80
INFO:root:pop fitness: 0.15802
INFO:root:elite fitness: 0.3245466666666667
INFO:root:Generation: 86
INFO:root:pop fitness: 0.15730666666666668
INFO:root:elite fitness: 0.30329333333333336
INFO:root:Generation: 81
INFO:root:pop fitness: 0.17142
INFO:root:elite fitness: 0.31894666666666666
INFO:root:Generation: 87
INFO:root:pop fitness: 0.14182666666666668
INFO:root:elite fitness: 0.2685866666666667
INFO:root:Generation: 88
INFO:root:pop fitness: 0.13857333333333335
INFO:root:elite fitness: 0.2617466666666667
INFO:root:Generation: 82
INFO:root:pop fitness: 0.16218666666666667
INFO:root:elite fitness: 0.30136
INFO:root:Generation: 89
INFO:root:pop fitness: 0.15841333333333332
INFO:root:elite fitness: 0.27205333333333337
INFO:root:Generation: 83
INFO:root:pop fitness: 0.16426666666666667
INFO:root:elite fitness: 0.32271999999999995
INFO:root:Generation: 90
INFO:root:pop fitness: 0.15618666666666667
INFO:root:elite fitness: 0.28609333333333337
INFO:root:Generation: 84
INFO:root:pop fitness: 0.17142
INFO:root:elite fitness: 0.29829333333333335
INFO:root:Generation: 85
INFO:root:pop fitness: 0.1731133333333333
INFO:root:elite fitness: 0.30541333333333337
INFO:root:Generation: 91
INFO:root:pop fitness: 0.1615066666666667
INFO:root:elite fitness: 0.29464
INFO:root:Generation: 86
INFO:root:pop fitness: 0.17433333333333334
INFO:root:elite fitness: 0.2915733333333333
INFO:root:Generation: 92
INFO:root:pop fitness: 0.1724266666666667
INFO:root:elite fitness: 0.31537333333333334
INFO:root:Generation: 87
INFO:root:pop fitness: 0.1796666666666667
INFO:root:elite fitness: 0.3208666666666667
INFO:root:Generation: 93
INFO:root:pop fitness: 0.14275333333333332
INFO:root:elite fitness: 0.2604
INFO:root:Generation: 88
INFO:root:pop fitness: 0.16930666666666666
INFO:root:elite fitness: 0.3018533333333333
INFO:root:Generation: 94
INFO:root:pop fitness: 0.1540933333333333
INFO:root:elite fitness: 0.2885066666666667
INFO:root:Generation: 89
INFO:root:pop fitness: 0.18044000000000002
INFO:root:elite fitness: 0.31143999999999994
INFO:root:Generation: 95
INFO:root:pop fitness: 0.15938666666666665
INFO:root:elite fitness: 0.30691999999999997
INFO:root:Generation: 90
INFO:root:pop fitness: 0.18427999999999997
INFO:root:elite fitness: 0.3212666666666667
INFO:root:Generation: 96
INFO:root:pop fitness: 0.15914666666666666
INFO:root:elite fitness: 0.29346666666666665
INFO:root:Generation: 91
INFO:root:pop fitness: 0.20101333333333335
INFO:root:elite fitness: 0.36835999999999997
INFO:root:Generation: 97
INFO:root:pop fitness: 0.17208
INFO:root:elite fitness: 0.30274666666666666
INFO:root:Generation: 92
INFO:root:pop fitness: 0.16782666666666665
INFO:root:elite fitness: 0.2777866666666667
INFO:root:Generation: 98
INFO:root:pop fitness: 0.18388000000000002
INFO:root:elite fitness: 0.3174
INFO:root:Generation: 93
INFO:root:pop fitness: 0.18175333333333335
INFO:root:elite fitness: 0.3559866666666666
INFO:root:Generation: 99
INFO:root:pop fitness: 0.16712
INFO:root:elite fitness: 0.31870666666666664
INFO:root:Generation: 94
INFO:root:pop fitness: 0.16872
INFO:root:elite fitness: 0.3207866666666667
INFO:root:Generation: 100
INFO:root:pop fitness: 0.16824666666666668
INFO:root:elite fitness: 0.2799733333333333
INFO:root:Generation: 95
INFO:root:pop fitness: 0.18733333333333335
INFO:root:elite fitness: 0.32994666666666667
INFO:root:Generation: 101
INFO:root:pop fitness: 0.15496
INFO:root:elite fitness: 0.2828133333333333
INFO:root:Generation: 96
INFO:root:pop fitness: 0.19060666666666667
INFO:root:elite fitness: 0.36857333333333336
INFO:root:Generation: 102
INFO:root:pop fitness: 0.15835999999999997
INFO:root:elite fitness: 0.27896
INFO:root:Generation: 97
INFO:root:pop fitness: 0.18062
INFO:root:elite fitness: 0.33394666666666667
INFO:root:Generation: 103
INFO:root:pop fitness: 0.15792
INFO:root:elite fitness: 0.29461333333333334
INFO:root:Generation: 98
INFO:root:pop fitness: 0.19705333333333333
INFO:root:elite fitness: 0.36550666666666665
INFO:root:Generation: 104
INFO:root:pop fitness: 0.15317999999999998
INFO:root:elite fitness: 0.2974133333333334
INFO:root:Generation: 99
INFO:root:pop fitness: 0.17428666666666665
INFO:root:elite fitness: 0.32164
INFO:root:Generation: 105
INFO:root:pop fitness: 0.1461066666666667
INFO:root:elite fitness: 0.2701333333333333
INFO:root:Generation: 106
INFO:root:pop fitness: 0.15428666666666668
INFO:root:elite fitness: 0.29893333333333333
INFO:root:Generation: 100
INFO:root:pop fitness: 0.17780666666666667
INFO:root:elite fitness: 0.3040800000000001
INFO:root:Generation: 107
INFO:root:pop fitness: 0.15594666666666665
INFO:root:elite fitness: 0.3143866666666667
INFO:root:Generation: 101
INFO:root:pop fitness: 0.19009999999999996
INFO:root:elite fitness: 0.34784000000000004
INFO:root:Generation: 108
INFO:root:pop fitness: 0.16284666666666667
INFO:root:elite fitness: 0.3221733333333333
INFO:root:Generation: 102
INFO:root:pop fitness: 0.18294666666666665
INFO:root:elite fitness: 0.32269333333333333
INFO:root:Generation: 109
INFO:root:pop fitness: 0.15461333333333332
INFO:root:elite fitness: 0.29359999999999997
INFO:root:Generation: 103
INFO:root:pop fitness: 0.18144666666666665
INFO:root:elite fitness: 0.34352000000000005
INFO:root:Generation: 110
INFO:root:pop fitness: 0.16691333333333333
INFO:root:elite fitness: 0.2864933333333333
INFO:root:Generation: 104
INFO:root:pop fitness: 0.17066666666666666
INFO:root:elite fitness: 0.3175466666666667
INFO:root:Generation: 111
INFO:root:pop fitness: 0.15373333333333336
INFO:root:elite fitness: 0.28018666666666664
INFO:root:Generation: 105
INFO:root:pop fitness: 0.1648933333333333
INFO:root:elite fitness: 0.31316000000000005
INFO:root:Generation: 112
INFO:root:pop fitness: 0.15055333333333332
INFO:root:elite fitness: 0.27432
INFO:root:Generation: 106
INFO:root:pop fitness: 0.15528666666666666
INFO:root:elite fitness: 0.28146666666666664
INFO:root:Generation: 113
INFO:root:pop fitness: 0.13688666666666668
INFO:root:elite fitness: 0.27957333333333334
INFO:root:Generation: 107
INFO:root:pop fitness: 0.1863
INFO:root:elite fitness: 0.34401333333333334
INFO:root:Generation: 114
INFO:root:pop fitness: 0.17107333333333333
INFO:root:elite fitness: 0.3028666666666667
INFO:root:Generation: 108
INFO:root:pop fitness: 0.17294666666666667
INFO:root:elite fitness: 0.29352000000000006
INFO:root:Generation: 115
INFO:root:pop fitness: 0.15416666666666667
INFO:root:elite fitness: 0.31742666666666663
INFO:root:Generation: 109
INFO:root:pop fitness: 0.16494666666666669
INFO:root:elite fitness: 0.3130266666666667
INFO:root:Generation: 116
INFO:root:pop fitness: 0.15934666666666666
INFO:root:elite fitness: 0.28685333333333335
INFO:root:Generation: 110
INFO:root:pop fitness: 0.1965066666666667
INFO:root:elite fitness: 0.32794666666666666
INFO:root:Generation: 117
INFO:root:pop fitness: 0.16906
INFO:root:elite fitness: 0.30176
INFO:root:Generation: 118
INFO:root:pop fitness: 0.15231333333333333
INFO:root:elite fitness: 0.2942933333333333
INFO:root:Generation: 111
INFO:root:pop fitness: 0.17062666666666668
INFO:root:elite fitness: 0.29166666666666674
INFO:root:Generation: 119
INFO:root:pop fitness: 0.15731999999999996
INFO:root:elite fitness: 0.29324
INFO:root:Generation: 112
INFO:root:pop fitness: 0.16532666666666668
INFO:root:elite fitness: 0.32225333333333334
INFO:root:Generation: 120
INFO:root:pop fitness: 0.16132666666666665
INFO:root:elite fitness: 0.30358666666666667
INFO:root:Generation: 113
INFO:root:pop fitness: 0.16669333333333333
INFO:root:elite fitness: 0.29472000000000004
INFO:root:Generation: 121
INFO:root:pop fitness: 0.14734
INFO:root:elite fitness: 0.2778933333333334
INFO:root:Generation: 114
INFO:root:pop fitness: 0.1774133333333333
INFO:root:elite fitness: 0.3017600000000001
INFO:root:Generation: 122
INFO:root:pop fitness: 0.16932000000000003
INFO:root:elite fitness: 0.3075066666666667
INFO:root:Generation: 115
INFO:root:pop fitness: 0.19123333333333334
INFO:root:elite fitness: 0.3351733333333334
INFO:root:Generation: 123
INFO:root:pop fitness: 0.16976000000000002
INFO:root:elite fitness: 0.30901333333333336
INFO:root:Generation: 116
INFO:root:pop fitness: 0.18182666666666666
INFO:root:elite fitness: 0.29441333333333336
INFO:root:Generation: 124
INFO:root:pop fitness: 0.17084
INFO:root:elite fitness: 0.29788
INFO:root:Generation: 117
INFO:root:pop fitness: 0.17588666666666666
INFO:root:elite fitness: 0.32352
INFO:root:Generation: 125
INFO:root:pop fitness: 0.1652
INFO:root:elite fitness: 0.30652
INFO:root:Generation: 126
INFO:root:pop fitness: 0.1812666666666667
INFO:root:elite fitness: 0.3248533333333333
INFO:root:Generation: 118
INFO:root:pop fitness: 0.18508666666666665
INFO:root:elite fitness: 0.3346
INFO:root:Generation: 127
INFO:root:pop fitness: 0.16193999999999997
INFO:root:elite fitness: 0.28942666666666667
INFO:root:Generation: 119
INFO:root:pop fitness: 0.1965533333333333
INFO:root:elite fitness: 0.3350666666666667
INFO:root:Generation: 128
INFO:root:pop fitness: 0.16793333333333332
INFO:root:elite fitness: 0.29872
INFO:root:Generation: 120
INFO:root:pop fitness: 0.18392666666666665
INFO:root:elite fitness: 0.34165333333333325
INFO:root:Generation: 129
INFO:root:pop fitness: 0.17367333333333335
INFO:root:elite fitness: 0.35786666666666667
INFO:root:Generation: 121
INFO:root:pop fitness: 0.19685999999999998
INFO:root:elite fitness: 0.34301333333333334
INFO:root:Generation: 130
INFO:root:pop fitness: 0.17204666666666668
INFO:root:elite fitness: 0.31540000000000007
INFO:root:Generation: 122
INFO:root:pop fitness: 0.19484666666666667
INFO:root:elite fitness: 0.3505866666666666
INFO:root:Generation: 131
INFO:root:pop fitness: 0.18502
INFO:root:elite fitness: 0.33518666666666663
INFO:root:Generation: 123
INFO:root:pop fitness: 0.18569333333333335
INFO:root:elite fitness: 0.31996
INFO:root:Generation: 132
INFO:root:pop fitness: 0.17636
INFO:root:elite fitness: 0.3269866666666667
INFO:root:Generation: 124
INFO:root:pop fitness: 0.18854666666666664
INFO:root:elite fitness: 0.3405333333333333
INFO:root:Generation: 133
INFO:root:pop fitness: 0.18102
INFO:root:elite fitness: 0.33364
INFO:root:Generation: 134
INFO:root:pop fitness: 0.18162
INFO:root:elite fitness: 0.3403333333333334
INFO:root:Generation: 125
INFO:root:pop fitness: 0.19714666666666664
INFO:root:elite fitness: 0.32876
INFO:root:Generation: 135
INFO:root:pop fitness: 0.18048666666666666
INFO:root:elite fitness: 0.3204
INFO:root:Generation: 126
INFO:root:pop fitness: 0.19570666666666667
INFO:root:elite fitness: 0.3534933333333333
INFO:root:Generation: 136
INFO:root:pop fitness: 0.15796666666666667
INFO:root:elite fitness: 0.28204
INFO:root:Generation: 127
INFO:root:pop fitness: 0.19776666666666667
INFO:root:elite fitness: 0.3324533333333333
INFO:root:Generation: 137
INFO:root:pop fitness: 0.16178
INFO:root:elite fitness: 0.29492
INFO:root:Generation: 128
INFO:root:pop fitness: 0.1845466666666667
INFO:root:elite fitness: 0.31562666666666656
INFO:root:Generation: 138
INFO:root:pop fitness: 0.17974
INFO:root:elite fitness: 0.3085866666666667
INFO:root:Generation: 129
INFO:root:pop fitness: 0.20170000000000002
INFO:root:elite fitness: 0.3655733333333333
INFO:root:Generation: 139
INFO:root:pop fitness: 0.16428666666666666
INFO:root:elite fitness: 0.28602666666666665
INFO:root:Generation: 130
INFO:root:pop fitness: 0.18797333333333335
INFO:root:elite fitness: 0.3359866666666666
INFO:root:Generation: 140
INFO:root:pop fitness: 0.18681999999999999
INFO:root:elite fitness: 0.3476533333333333
INFO:root:Generation: 131
INFO:root:pop fitness: 0.17196666666666668
INFO:root:elite fitness: 0.3281733333333334
INFO:root:Generation: 141
INFO:root:pop fitness: 0.19999333333333333
INFO:root:elite fitness: 0.37953333333333333
INFO:root:Generation: 132
INFO:root:pop fitness: 0.20965333333333336
INFO:root:elite fitness: 0.3732
INFO:root:Generation: 142
INFO:root:pop fitness: 0.18876666666666667
INFO:root:elite fitness: 0.33818666666666664
INFO:root:Generation: 143
INFO:root:pop fitness: 0.17758666666666667
INFO:root:elite fitness: 0.31000000000000005
INFO:root:Generation: 133
INFO:root:pop fitness: 0.19108666666666668
INFO:root:elite fitness: 0.3405733333333334
INFO:root:Generation: 144
INFO:root:pop fitness: 0.16462666666666667
INFO:root:elite fitness: 0.32352000000000003
INFO:root:Generation: 134
INFO:root:pop fitness: 0.18690666666666667
INFO:root:elite fitness: 0.33355999999999997
INFO:root:Generation: 145
INFO:root:pop fitness: 0.18466666666666665
INFO:root:elite fitness: 0.3461066666666666
INFO:root:Generation: 135
INFO:root:pop fitness: 0.19546000000000002
INFO:root:elite fitness: 0.35052
INFO:root:Generation: 146
INFO:root:pop fitness: 0.17219333333333334
INFO:root:elite fitness: 0.3072533333333333
INFO:root:Generation: 136
INFO:root:pop fitness: 0.19171333333333335
INFO:root:elite fitness: 0.33324
INFO:root:Generation: 147
INFO:root:pop fitness: 0.18699333333333332
INFO:root:elite fitness: 0.35435999999999995
INFO:root:Generation: 137
INFO:root:pop fitness: 0.19491333333333333
INFO:root:elite fitness: 0.33919999999999995
INFO:root:Generation: 148
INFO:root:pop fitness: 0.20199333333333333
INFO:root:elite fitness: 0.36582666666666663
INFO:root:Generation: 138
INFO:root:pop fitness: 0.20840666666666666
INFO:root:elite fitness: 0.34421333333333337
INFO:root:Generation: 149
INFO:root:pop fitness: 0.18124666666666664
INFO:root:elite fitness: 0.32053333333333334
INFO:root:Generation: 139
INFO:root:pop fitness: 0.17358666666666664
INFO:root:elite fitness: 0.338
INFO:root:Generation: 150
INFO:root:pop fitness: 0.18589333333333333
INFO:root:elite fitness: 0.3151333333333333
INFO:root:Generation: 140
INFO:root:pop fitness: 0.20338666666666666
INFO:root:elite fitness: 0.36376000000000003
INFO:root:Generation: 151
INFO:root:pop fitness: 0.19379333333333335
INFO:root:elite fitness: 0.33152
INFO:root:Generation: 141
INFO:root:pop fitness: 0.18069333333333332
INFO:root:elite fitness: 0.30974666666666667
INFO:root:Generation: 152
INFO:root:pop fitness: 0.18892666666666666
INFO:root:elite fitness: 0.3297333333333333
INFO:root:Generation: 142
INFO:root:pop fitness: 0.17827333333333334
INFO:root:elite fitness: 0.30158666666666667
INFO:root:Generation: 153
INFO:root:pop fitness: 0.20232666666666665
INFO:root:elite fitness: 0.33803999999999995
INFO:root:Generation: 143
INFO:root:pop fitness: 0.21783333333333332
INFO:root:elite fitness: 0.38944
INFO:root:Generation: 154
INFO:root:pop fitness: 0.18547333333333335
INFO:root:elite fitness: 0.34785333333333335
INFO:root:Generation: 155
INFO:root:pop fitness: 0.18734666666666663
INFO:root:elite fitness: 0.3303466666666667
INFO:root:Generation: 144
INFO:root:pop fitness: 0.18362666666666663
INFO:root:elite fitness: 0.34465333333333337
INFO:root:Generation: 156
INFO:root:pop fitness: 0.2009266666666667
INFO:root:elite fitness: 0.36178666666666665
INFO:root:Generation: 145
INFO:root:pop fitness: 0.18744
INFO:root:elite fitness: 0.3672
INFO:root:Generation: 157
INFO:root:pop fitness: 0.18532666666666667
INFO:root:elite fitness: 0.32292000000000004
INFO:root:Generation: 146
INFO:root:pop fitness: 0.1947266666666667
INFO:root:elite fitness: 0.34797333333333336
INFO:root:Generation: 158
INFO:root:pop fitness: 0.18469333333333335
INFO:root:elite fitness: 0.34782666666666673
INFO:root:Generation: 147
INFO:root:pop fitness: 0.19709333333333334
INFO:root:elite fitness: 0.34844
INFO:root:Generation: 159
INFO:root:pop fitness: 0.1939866666666667
INFO:root:elite fitness: 0.3414
INFO:root:Generation: 148
INFO:root:pop fitness: 0.19807999999999998
INFO:root:elite fitness: 0.3446933333333333
INFO:root:Generation: 160
INFO:root:pop fitness: 0.18309333333333333
INFO:root:elite fitness: 0.3396133333333333
INFO:root:Generation: 149
INFO:root:pop fitness: 0.1963
INFO:root:elite fitness: 0.35684
INFO:root:Generation: 161
INFO:root:pop fitness: 0.18422666666666668
INFO:root:elite fitness: 0.32832000000000006
INFO:root:Generation: 162
INFO:root:pop fitness: 0.17964666666666665
INFO:root:elite fitness: 0.3178666666666667
INFO:root:Generation: 150
INFO:root:pop fitness: 0.19169333333333333
INFO:root:elite fitness: 0.34242666666666666
INFO:root:Generation: 151
INFO:root:pop fitness: 0.19511333333333336
INFO:root:elite fitness: 0.32395999999999997
INFO:root:Generation: 163
INFO:root:pop fitness: 0.17443999999999998
INFO:root:elite fitness: 0.2994933333333334
INFO:root:Generation: 152
INFO:root:pop fitness: 0.19628
INFO:root:elite fitness: 0.32108
INFO:root:Generation: 164
INFO:root:pop fitness: 0.18769333333333335
INFO:root:elite fitness: 0.3143333333333333
INFO:root:Generation: 165
INFO:root:pop fitness: 0.19040666666666667
INFO:root:elite fitness: 0.3378933333333334
INFO:root:Generation: 153
INFO:root:pop fitness: 0.19034666666666666
INFO:root:elite fitness: 0.33394666666666667
INFO:root:Generation: 154
INFO:root:pop fitness: 0.17212000000000002
INFO:root:elite fitness: 0.3048933333333333
INFO:root:Generation: 166
INFO:root:pop fitness: 0.18276
INFO:root:elite fitness: 0.31809333333333334
INFO:root:Generation: 155
INFO:root:pop fitness: 0.18318666666666666
INFO:root:elite fitness: 0.3418666666666667
INFO:root:Generation: 167
INFO:root:pop fitness: 0.18740666666666667
INFO:root:elite fitness: 0.33303999999999995
INFO:root:Generation: 156
INFO:root:pop fitness: 0.17007333333333333
INFO:root:elite fitness: 0.3245466666666667
INFO:root:Generation: 168
INFO:root:pop fitness: 0.18620666666666666
INFO:root:elite fitness: 0.32945333333333326
INFO:root:Generation: 157
INFO:root:pop fitness: 0.19276666666666667
INFO:root:elite fitness: 0.32317333333333326
INFO:root:Generation: 169
INFO:root:pop fitness: 0.18098666666666666
INFO:root:elite fitness: 0.33024000000000003
INFO:root:Generation: 158
INFO:root:pop fitness: 0.19033333333333333
INFO:root:elite fitness: 0.3392533333333333
INFO:root:Generation: 170
INFO:root:pop fitness: 0.19279333333333332
INFO:root:elite fitness: 0.3448
INFO:root:Generation: 159
INFO:root:pop fitness: 0.1804
INFO:root:elite fitness: 0.32339999999999997
INFO:root:Generation: 171
INFO:root:pop fitness: 0.18446666666666667
INFO:root:elite fitness: 0.33055999999999996
INFO:root:Generation: 160
INFO:root:pop fitness: 0.19973333333333335
INFO:root:elite fitness: 0.34808
INFO:root:Generation: 172
INFO:root:pop fitness: 0.18495333333333336
INFO:root:elite fitness: 0.33246666666666663
INFO:root:Generation: 161
INFO:root:pop fitness: 0.19863999999999998
INFO:root:elite fitness: 0.34830666666666665
INFO:root:Generation: 173
INFO:root:pop fitness: 0.17265333333333335
INFO:root:elite fitness: 0.2876533333333333
INFO:root:Generation: 162
INFO:root:pop fitness: 0.19241333333333335
INFO:root:elite fitness: 0.3881466666666667
INFO:root:Generation: 163
INFO:root:pop fitness: 0.20723333333333335
INFO:root:elite fitness: 0.3480933333333333
INFO:root:Generation: 174
INFO:root:pop fitness: 0.20018666666666665
INFO:root:elite fitness: 0.35290666666666665
INFO:root:Generation: 164
INFO:root:pop fitness: 0.20012
INFO:root:elite fitness: 0.36124000000000006
INFO:root:Generation: 175
INFO:root:pop fitness: 0.1774
INFO:root:elite fitness: 0.3104533333333333
INFO:root:Generation: 165
INFO:root:pop fitness: 0.2056066666666667
INFO:root:elite fitness: 0.33636000000000005
INFO:root:Generation: 176
INFO:root:pop fitness: 0.17952
INFO:root:elite fitness: 0.32793333333333335
INFO:root:Generation: 166
INFO:root:pop fitness: 0.19440666666666664
INFO:root:elite fitness: 0.3516533333333333
INFO:root:Generation: 177
INFO:root:pop fitness: 0.16896666666666665
INFO:root:elite fitness: 0.3029333333333334
INFO:root:Generation: 167
INFO:root:pop fitness: 0.18555999999999997
INFO:root:elite fitness: 0.33896
INFO:root:Generation: 168
INFO:root:pop fitness: 0.19304
INFO:root:elite fitness: 0.33512000000000003
INFO:root:Generation: 178
INFO:root:pop fitness: 0.17571333333333333
INFO:root:elite fitness: 0.3338533333333333
INFO:root:Generation: 169
INFO:root:pop fitness: 0.18975333333333333
INFO:root:elite fitness: 0.32248
INFO:root:Generation: 179
INFO:root:pop fitness: 0.20047999999999996
INFO:root:elite fitness: 0.34873333333333334
INFO:root:Generation: 180
INFO:root:pop fitness: 0.18403333333333333
INFO:root:elite fitness: 0.31632
INFO:root:Generation: 170
INFO:root:pop fitness: 0.18366666666666664
INFO:root:elite fitness: 0.34524
INFO:root:Generation: 171
INFO:root:pop fitness: 0.21052666666666664
INFO:root:elite fitness: 0.36474666666666666
INFO:root:Generation: 181
INFO:root:pop fitness: 0.17156
INFO:root:elite fitness: 0.3068266666666667
INFO:root:Generation: 182
INFO:root:pop fitness: 0.17058
INFO:root:elite fitness: 0.29875999999999997
INFO:root:Generation: 172
INFO:root:pop fitness: 0.19081333333333333
INFO:root:elite fitness: 0.3164
INFO:root:Generation: 183
INFO:root:pop fitness: 0.1742733333333333
INFO:root:elite fitness: 0.3169733333333334
INFO:root:Generation: 173
INFO:root:pop fitness: 0.18289333333333332
INFO:root:elite fitness: 0.36765333333333333
INFO:root:Generation: 184
INFO:root:pop fitness: 0.17165333333333335
INFO:root:elite fitness: 0.29246666666666665
INFO:root:Generation: 174
INFO:root:pop fitness: 0.1794666666666667
INFO:root:elite fitness: 0.33033333333333337
INFO:root:Generation: 185
INFO:root:pop fitness: 0.17720000000000002
INFO:root:elite fitness: 0.28687999999999997
INFO:root:Generation: 175
INFO:root:pop fitness: 0.19502666666666668
INFO:root:elite fitness: 0.35312000000000004
INFO:root:Generation: 186
INFO:root:pop fitness: 0.17971333333333334
INFO:root:elite fitness: 0.3168533333333333
INFO:root:Generation: 176
INFO:root:pop fitness: 0.17959333333333333
INFO:root:elite fitness: 0.30786666666666673
INFO:root:Generation: 187
INFO:root:pop fitness: 0.17387333333333332
INFO:root:elite fitness: 0.30191999999999997
INFO:root:Generation: 177
INFO:root:pop fitness: 0.18108000000000002
INFO:root:elite fitness: 0.2964133333333333
INFO:root:Generation: 188
INFO:root:pop fitness: 0.1865
INFO:root:elite fitness: 0.3347333333333333
INFO:root:Generation: 189
INFO:root:pop fitness: 0.18652666666666667
INFO:root:elite fitness: 0.32278666666666667
INFO:root:Generation: 178
INFO:root:pop fitness: 0.18708
INFO:root:elite fitness: 0.3337333333333333
INFO:root:Generation: 190
INFO:root:pop fitness: 0.18952666666666665
INFO:root:elite fitness: 0.34528000000000003
INFO:root:Generation: 179
INFO:root:pop fitness: 0.18876666666666667
INFO:root:elite fitness: 0.33621333333333336
INFO:root:Generation: 191
INFO:root:pop fitness: 0.17756
INFO:root:elite fitness: 0.3087066666666667
INFO:root:Generation: 180
INFO:root:pop fitness: 0.17769333333333334
INFO:root:elite fitness: 0.3208933333333333
INFO:root:Generation: 192
INFO:root:pop fitness: 0.18866666666666668
INFO:root:elite fitness: 0.3269733333333334
INFO:root:Generation: 181
INFO:root:pop fitness: 0.20284666666666668
INFO:root:elite fitness: 0.3294133333333334
INFO:root:Generation: 193
INFO:root:pop fitness: 0.17562
INFO:root:elite fitness: 0.33934666666666663
INFO:root:Generation: 182
INFO:root:pop fitness: 0.18486
INFO:root:elite fitness: 0.3334933333333333
INFO:root:Generation: 194
INFO:root:pop fitness: 0.18674666666666667
INFO:root:elite fitness: 0.31422666666666665
INFO:root:Generation: 183
INFO:root:pop fitness: 0.20528666666666667
INFO:root:elite fitness: 0.3362933333333334
INFO:root:Generation: 195
INFO:root:pop fitness: 0.18310666666666667
INFO:root:elite fitness: 0.33368
INFO:root:Generation: 184
INFO:root:pop fitness: 0.20179333333333338
INFO:root:elite fitness: 0.34644
INFO:root:Generation: 196
INFO:root:pop fitness: 0.16934666666666667
INFO:root:elite fitness: 0.3180533333333333
INFO:root:Generation: 185
INFO:root:pop fitness: 0.19818666666666668
INFO:root:elite fitness: 0.322
INFO:root:Generation: 197
INFO:root:pop fitness: 0.18458666666666665
INFO:root:elite fitness: 0.32320000000000004
INFO:root:Generation: 198
INFO:root:pop fitness: 0.18423333333333333
INFO:root:elite fitness: 0.33443999999999996
INFO:root:Generation: 186
INFO:root:pop fitness: 0.1955333333333333
INFO:root:elite fitness: 0.34463999999999995
INFO:root:Generation: 199
INFO:root:pop fitness: 0.17631333333333332
INFO:root:elite fitness: 0.30212
INFO:root:Generation: 187
INFO:root:pop fitness: 0.18166000000000002
INFO:root:elite fitness: 0.31270666666666663
INFO:root:Generation: 188
INFO:root:pop fitness: 0.18186666666666668
INFO:root:elite fitness: 0.34358666666666665
INFO:root:Generation: 189
INFO:root:pop fitness: 0.19594666666666663
INFO:root:elite fitness: 0.34224000000000004
INFO:root:Generation: 190
INFO:root:pop fitness: 0.1867933333333333
INFO:root:elite fitness: 0.30710666666666664
INFO:root:Generation: 191
INFO:root:pop fitness: 0.18832
INFO:root:elite fitness: 0.30667999999999995
INFO:root:Generation: 192
INFO:root:pop fitness: 0.20509333333333332
INFO:root:elite fitness: 0.3555333333333333
INFO:root:Generation: 193
INFO:root:pop fitness: 0.1961466666666667
INFO:root:elite fitness: 0.3390266666666666
INFO:root:Generation: 194
INFO:root:pop fitness: 0.18389999999999998
INFO:root:elite fitness: 0.3482799999999999
INFO:root:Generation: 195
INFO:root:pop fitness: 0.17414000000000002
INFO:root:elite fitness: 0.32082666666666665
INFO:root:Generation: 196
INFO:root:pop fitness: 0.20408
INFO:root:elite fitness: 0.3504933333333334
INFO:root:Generation: 197
INFO:root:pop fitness: 0.21877999999999995
INFO:root:elite fitness: 0.3644
INFO:root:Generation: 198
INFO:root:pop fitness: 0.19165333333333331
INFO:root:elite fitness: 0.34085333333333334
INFO:root:Generation: 199
INFO:root:pop fitness: 0.2021466666666667
INFO:root:elite fitness: 0.36232
