INFO:root:run_master: Namespace(arms='10', hidden='128', layers='3', max_gen='200', message='', mutation_mag='0.1', name='cumulativeRwd', noise=True, pop_size='150', save_result=True, steps='1', trials='100')
INFO:root:run_master: Namespace(arms='10', hidden='128', layers='3', max_gen='200', message='', mutation_mag='0.1', name='cumulativeRwd', noise=False, pop_size='150', save_result=True, steps='1', trials='100')
INFO:root:Generation: 0
INFO:root:pop fitness: 0.5006999999999999
INFO:root:elite fitness: 0.5424266666666667
INFO:root:Generation: 0
INFO:root:pop fitness: 0.49809333333333333
INFO:root:elite fitness: 0.5365333333333333
INFO:root:Generation: 1
INFO:root:pop fitness: 0.5003866666666668
INFO:root:elite fitness: 0.5571733333333332
INFO:root:Generation: 1
INFO:root:pop fitness: 0.5050066666666667
INFO:root:elite fitness: 0.5691066666666665
INFO:root:Generation: 2
INFO:root:pop fitness: 0.5030733333333334
INFO:root:elite fitness: 0.5748399999999999
INFO:root:Generation: 2
INFO:root:pop fitness: 0.5187266666666667
INFO:root:elite fitness: 0.5868399999999999
INFO:root:Generation: 3
INFO:root:pop fitness: 0.5078
INFO:root:elite fitness: 0.6056
INFO:root:Generation: 3
INFO:root:pop fitness: 0.5036133333333334
INFO:root:elite fitness: 0.5838800000000001
INFO:root:Generation: 4
INFO:root:pop fitness: 0.5113066666666667
INFO:root:elite fitness: 0.6121066666666668
INFO:root:Generation: 4
INFO:root:pop fitness: 0.5033533333333332
INFO:root:elite fitness: 0.5981333333333333
INFO:root:Generation: 5
INFO:root:pop fitness: 0.50566
INFO:root:elite fitness: 0.6118666666666668
INFO:root:Generation: 5
INFO:root:pop fitness: 0.5096666666666667
INFO:root:elite fitness: 0.6038266666666667
INFO:root:Generation: 6
INFO:root:pop fitness: 0.51004
INFO:root:elite fitness: 0.6207466666666668
INFO:root:Generation: 6
INFO:root:pop fitness: 0.5020733333333333
INFO:root:elite fitness: 0.6221199999999999
INFO:root:Generation: 7
INFO:root:pop fitness: 0.49810666666666664
INFO:root:elite fitness: 0.5982266666666667
INFO:root:Generation: 7
INFO:root:pop fitness: 0.49644666666666654
INFO:root:elite fitness: 0.6197333333333332
INFO:root:Generation: 8
INFO:root:pop fitness: 0.5063133333333334
INFO:root:elite fitness: 0.6118666666666667
INFO:root:Generation: 8
INFO:root:pop fitness: 0.5173666666666666
INFO:root:elite fitness: 0.6196133333333332
INFO:root:Generation: 9
INFO:root:pop fitness: 0.5135000000000001
INFO:root:elite fitness: 0.6056133333333333
INFO:root:Generation: 9
INFO:root:pop fitness: 0.5250266666666666
INFO:root:elite fitness: 0.6399866666666668
INFO:root:Generation: 10
INFO:root:pop fitness: 0.5179866666666667
INFO:root:elite fitness: 0.6344666666666667
INFO:root:Generation: 10
INFO:root:pop fitness: 0.5040466666666666
INFO:root:elite fitness: 0.6077333333333333
INFO:root:Generation: 11
INFO:root:pop fitness: 0.5126666666666667
INFO:root:elite fitness: 0.6065066666666665
INFO:root:Generation: 11
INFO:root:pop fitness: 0.5207333333333334
INFO:root:elite fitness: 0.6276666666666667
INFO:root:Generation: 12
INFO:root:pop fitness: 0.5303733333333334
INFO:root:elite fitness: 0.6444400000000001
INFO:root:Generation: 12
INFO:root:pop fitness: 0.5332666666666668
INFO:root:elite fitness: 0.6475200000000001
INFO:root:Generation: 13
INFO:root:pop fitness: 0.5091066666666667
INFO:root:elite fitness: 0.6031466666666666
INFO:root:Generation: 13
INFO:root:pop fitness: 0.5171666666666667
INFO:root:elite fitness: 0.6358000000000001
INFO:root:Generation: 14
INFO:root:pop fitness: 0.5141266666666666
INFO:root:elite fitness: 0.61472
INFO:root:Generation: 14
INFO:root:pop fitness: 0.5232266666666665
INFO:root:elite fitness: 0.6302933333333333
INFO:root:Generation: 15
INFO:root:pop fitness: 0.5193466666666666
INFO:root:elite fitness: 0.6384933333333332
INFO:root:Generation: 15
INFO:root:pop fitness: 0.5337600000000001
INFO:root:elite fitness: 0.6365733333333333
INFO:root:Generation: 16
INFO:root:pop fitness: 0.5214333333333333
INFO:root:elite fitness: 0.6358533333333334
INFO:root:Generation: 17
INFO:root:pop fitness: 0.5261133333333333
INFO:root:elite fitness: 0.6490800000000001
INFO:root:Generation: 16
INFO:root:pop fitness: 0.5327733333333333
INFO:root:elite fitness: 0.6374399999999999
INFO:root:Generation: 18
INFO:root:pop fitness: 0.5315799999999999
INFO:root:elite fitness: 0.6496
INFO:root:Generation: 17
INFO:root:pop fitness: 0.5252466666666666
INFO:root:elite fitness: 0.6241066666666667
INFO:root:Generation: 19
INFO:root:pop fitness: 0.5195133333333335
INFO:root:elite fitness: 0.61488
INFO:root:Generation: 18
INFO:root:pop fitness: 0.5402133333333334
INFO:root:elite fitness: 0.6455333333333333
INFO:root:Generation: 20
INFO:root:pop fitness: 0.5205133333333333
INFO:root:elite fitness: 0.6248933333333333
INFO:root:Generation: 19
INFO:root:pop fitness: 0.5315666666666666
INFO:root:elite fitness: 0.63864
INFO:root:Generation: 21
INFO:root:pop fitness: 0.5225466666666666
INFO:root:elite fitness: 0.6455466666666667
INFO:root:Generation: 20
INFO:root:pop fitness: 0.5300933333333333
INFO:root:elite fitness: 0.64344
INFO:root:Generation: 22
INFO:root:pop fitness: 0.5233199999999999
INFO:root:elite fitness: 0.6267066666666666
INFO:root:Generation: 21
INFO:root:pop fitness: 0.5390666666666667
INFO:root:elite fitness: 0.6698266666666666
INFO:root:Generation: 23
INFO:root:pop fitness: 0.5326
INFO:root:elite fitness: 0.6322533333333333
INFO:root:Generation: 22
INFO:root:pop fitness: 0.5339066666666666
INFO:root:elite fitness: 0.6443066666666667
INFO:root:Generation: 24
INFO:root:pop fitness: 0.5288266666666666
INFO:root:elite fitness: 0.6212133333333334
INFO:root:Generation: 23
INFO:root:pop fitness: 0.53306
INFO:root:elite fitness: 0.6535333333333334
INFO:root:Generation: 25
INFO:root:pop fitness: 0.5335333333333333
INFO:root:elite fitness: 0.6541466666666667
INFO:root:Generation: 24
INFO:root:pop fitness: 0.5429200000000001
INFO:root:elite fitness: 0.6572800000000001
INFO:root:Generation: 26
INFO:root:pop fitness: 0.5513333333333332
INFO:root:elite fitness: 0.6590133333333333
INFO:root:Generation: 25
INFO:root:pop fitness: 0.5413066666666666
INFO:root:elite fitness: 0.65884
INFO:root:Generation: 27
INFO:root:pop fitness: 0.55096
INFO:root:elite fitness: 0.6632533333333335
INFO:root:Generation: 26
INFO:root:pop fitness: 0.5433866666666667
INFO:root:elite fitness: 0.6665200000000001
INFO:root:Generation: 28
INFO:root:pop fitness: 0.5394200000000001
INFO:root:elite fitness: 0.6346400000000001
INFO:root:Generation: 27
INFO:root:pop fitness: 0.5542600000000001
INFO:root:elite fitness: 0.6539999999999999
INFO:root:Generation: 29
INFO:root:pop fitness: 0.55412
INFO:root:elite fitness: 0.6766533333333334
INFO:root:Generation: 28
INFO:root:pop fitness: 0.54588
INFO:root:elite fitness: 0.65216
INFO:root:Generation: 30
INFO:root:pop fitness: 0.5449333333333334
INFO:root:elite fitness: 0.6560133333333333
INFO:root:Generation: 29
INFO:root:pop fitness: 0.5460200000000001
INFO:root:elite fitness: 0.6622133333333334
INFO:root:Generation: 31
INFO:root:pop fitness: 0.5561
INFO:root:elite fitness: 0.6684800000000001
INFO:root:Generation: 32
INFO:root:pop fitness: 0.5474933333333333
INFO:root:elite fitness: 0.6568133333333334
INFO:root:Generation: 30
INFO:root:pop fitness: 0.5424733333333333
INFO:root:elite fitness: 0.6626266666666666
INFO:root:Generation: 33
INFO:root:pop fitness: 0.56404
INFO:root:elite fitness: 0.6699733333333333
INFO:root:Generation: 31
INFO:root:pop fitness: 0.5485733333333334
INFO:root:elite fitness: 0.6687866666666666
INFO:root:Generation: 34
INFO:root:pop fitness: 0.5715733333333335
INFO:root:elite fitness: 0.6822666666666666
INFO:root:Generation: 32
INFO:root:pop fitness: 0.5649
INFO:root:elite fitness: 0.6842266666666665
INFO:root:Generation: 35
INFO:root:pop fitness: 0.5577933333333334
INFO:root:elite fitness: 0.6798533333333334
INFO:root:Generation: 33
INFO:root:pop fitness: 0.55506
INFO:root:elite fitness: 0.67316
INFO:root:Generation: 36
INFO:root:pop fitness: 0.5654266666666667
INFO:root:elite fitness: 0.6880400000000001
INFO:root:Generation: 34
INFO:root:pop fitness: 0.5692666666666667
INFO:root:elite fitness: 0.6923333333333334
INFO:root:Generation: 37
INFO:root:pop fitness: 0.57764
INFO:root:elite fitness: 0.6736133333333333
INFO:root:Generation: 35
INFO:root:pop fitness: 0.5490066666666666
INFO:root:elite fitness: 0.6822666666666667
INFO:root:Generation: 38
INFO:root:pop fitness: 0.5768733333333333
INFO:root:elite fitness: 0.6950000000000001
INFO:root:Generation: 36
INFO:root:pop fitness: 0.5559000000000001
INFO:root:elite fitness: 0.6698133333333331
INFO:root:Generation: 39
INFO:root:pop fitness: 0.5591333333333333
INFO:root:elite fitness: 0.6662800000000001
INFO:root:Generation: 37
INFO:root:pop fitness: 0.5687800000000001
INFO:root:elite fitness: 0.6815466666666667
INFO:root:Generation: 40
INFO:root:pop fitness: 0.5529466666666667
INFO:root:elite fitness: 0.6474533333333332
INFO:root:Generation: 38
INFO:root:pop fitness: 0.5667200000000001
INFO:root:elite fitness: 0.6876133333333332
INFO:root:Generation: 41
INFO:root:pop fitness: 0.5769933333333334
INFO:root:elite fitness: 0.6941733333333334
INFO:root:Generation: 39
INFO:root:pop fitness: 0.5746599999999998
INFO:root:elite fitness: 0.6929466666666666
INFO:root:Generation: 42
INFO:root:pop fitness: 0.5756933333333334
INFO:root:elite fitness: 0.6870666666666667
INFO:root:Generation: 40
INFO:root:pop fitness: 0.5698666666666667
INFO:root:elite fitness: 0.6778266666666667
INFO:root:Generation: 43
INFO:root:pop fitness: 0.57574
INFO:root:elite fitness: 0.67744
INFO:root:Generation: 44
INFO:root:pop fitness: 0.5707399999999999
INFO:root:elite fitness: 0.67784
INFO:root:Generation: 41
INFO:root:pop fitness: 0.5774866666666667
INFO:root:elite fitness: 0.6834933333333333
INFO:root:Generation: 45
INFO:root:pop fitness: 0.5852466666666667
INFO:root:elite fitness: 0.6995999999999999
INFO:root:Generation: 42
INFO:root:pop fitness: 0.5719533333333334
INFO:root:elite fitness: 0.6809466666666666
INFO:root:Generation: 46
INFO:root:pop fitness: 0.5863533333333334
INFO:root:elite fitness: 0.6903333333333334
INFO:root:Generation: 43
INFO:root:pop fitness: 0.5754666666666666
INFO:root:elite fitness: 0.6759066666666665
INFO:root:Generation: 47
INFO:root:pop fitness: 0.57892
INFO:root:elite fitness: 0.6922266666666665
INFO:root:Generation: 44
INFO:root:pop fitness: 0.5639000000000001
INFO:root:elite fitness: 0.6942666666666667
INFO:root:Generation: 48
INFO:root:pop fitness: 0.5848133333333335
INFO:root:elite fitness: 0.6962933333333334
INFO:root:Generation: 45
INFO:root:pop fitness: 0.5873733333333333
INFO:root:elite fitness: 0.6989599999999999
INFO:root:Generation: 49
INFO:root:pop fitness: 0.5907066666666666
INFO:root:elite fitness: 0.7089599999999999
INFO:root:Generation: 46
INFO:root:pop fitness: 0.5825
INFO:root:elite fitness: 0.6853466666666667
INFO:root:Generation: 50
INFO:root:pop fitness: 0.5793866666666666
INFO:root:elite fitness: 0.6873866666666668
INFO:root:Generation: 47
INFO:root:pop fitness: 0.5835466666666668
INFO:root:elite fitness: 0.6957866666666668
INFO:root:Generation: 51
INFO:root:pop fitness: 0.58164
INFO:root:elite fitness: 0.6938266666666666
INFO:root:Generation: 48
INFO:root:pop fitness: 0.5680666666666667
INFO:root:elite fitness: 0.6694133333333333
INFO:root:Generation: 52
INFO:root:pop fitness: 0.5761533333333333
INFO:root:elite fitness: 0.6855866666666667
INFO:root:Generation: 49
INFO:root:pop fitness: 0.5914333333333334
INFO:root:elite fitness: 0.6940133333333335
INFO:root:Generation: 53
INFO:root:pop fitness: 0.5808666666666666
INFO:root:elite fitness: 0.6847066666666666
INFO:root:Generation: 54
INFO:root:pop fitness: 0.5804400000000001
INFO:root:elite fitness: 0.70576
INFO:root:Generation: 50
INFO:root:pop fitness: 0.57072
INFO:root:elite fitness: 0.6770533333333333
INFO:root:Generation: 55
INFO:root:pop fitness: 0.5847266666666667
INFO:root:elite fitness: 0.6896133333333333
INFO:root:Generation: 51
INFO:root:pop fitness: 0.5724933333333333
INFO:root:elite fitness: 0.6842133333333333
INFO:root:Generation: 56
INFO:root:pop fitness: 0.57766
INFO:root:elite fitness: 0.6999066666666666
INFO:root:Generation: 52
INFO:root:pop fitness: 0.5839533333333333
INFO:root:elite fitness: 0.6870266666666669
INFO:root:Generation: 57
INFO:root:pop fitness: 0.5891266666666667
INFO:root:elite fitness: 0.6978266666666666
INFO:root:Generation: 53
INFO:root:pop fitness: 0.5723866666666667
INFO:root:elite fitness: 0.6757066666666667
INFO:root:Generation: 58
INFO:root:pop fitness: 0.5840066666666667
INFO:root:elite fitness: 0.6985199999999999
INFO:root:Generation: 54
INFO:root:pop fitness: 0.5825066666666667
INFO:root:elite fitness: 0.6875866666666667
INFO:root:Generation: 59
INFO:root:pop fitness: 0.5838333333333333
INFO:root:elite fitness: 0.69716
INFO:root:Generation: 55
INFO:root:pop fitness: 0.5866733333333334
INFO:root:elite fitness: 0.7024533333333333
INFO:root:Generation: 60
INFO:root:pop fitness: 0.5974733333333334
INFO:root:elite fitness: 0.7058666666666666
INFO:root:Generation: 56
INFO:root:pop fitness: 0.5783933333333334
INFO:root:elite fitness: 0.6752266666666666
INFO:root:Generation: 61
INFO:root:pop fitness: 0.58554
INFO:root:elite fitness: 0.6928
INFO:root:Generation: 57
INFO:root:pop fitness: 0.5778533333333334
INFO:root:elite fitness: 0.6903466666666668
INFO:root:Generation: 62
INFO:root:pop fitness: 0.5766800000000001
INFO:root:elite fitness: 0.6692800000000001
INFO:root:Generation: 58
INFO:root:pop fitness: 0.60216
INFO:root:elite fitness: 0.7114133333333332
INFO:root:Generation: 63
INFO:root:pop fitness: 0.5671866666666667
INFO:root:elite fitness: 0.6779066666666668
INFO:root:Generation: 64
INFO:root:pop fitness: 0.5865066666666666
INFO:root:elite fitness: 0.7098933333333334
INFO:root:Generation: 59
INFO:root:pop fitness: 0.5853266666666666
INFO:root:elite fitness: 0.6882
INFO:root:Generation: 65
INFO:root:pop fitness: 0.5858066666666667
INFO:root:elite fitness: 0.6985333333333333
INFO:root:Generation: 60
INFO:root:pop fitness: 0.5858266666666666
INFO:root:elite fitness: 0.6797199999999999
INFO:root:Generation: 66
INFO:root:pop fitness: 0.5985333333333334
INFO:root:elite fitness: 0.6921333333333334
INFO:root:Generation: 61
INFO:root:pop fitness: 0.5938466666666666
INFO:root:elite fitness: 0.69848
INFO:root:Generation: 67
INFO:root:pop fitness: 0.6027866666666667
INFO:root:elite fitness: 0.71528
INFO:root:Generation: 62
INFO:root:pop fitness: 0.6069199999999999
INFO:root:elite fitness: 0.6977066666666667
INFO:root:Generation: 68
INFO:root:pop fitness: 0.5898200000000001
INFO:root:elite fitness: 0.7031866666666666
INFO:root:Generation: 63
INFO:root:pop fitness: 0.5921
INFO:root:elite fitness: 0.6873866666666666
INFO:root:Generation: 69
INFO:root:pop fitness: 0.5858933333333334
INFO:root:elite fitness: 0.7038133333333333
INFO:root:Generation: 64
INFO:root:pop fitness: 0.61014
INFO:root:elite fitness: 0.70572
INFO:root:Generation: 70
INFO:root:pop fitness: 0.6016266666666666
INFO:root:elite fitness: 0.7013199999999999
INFO:root:Generation: 65
INFO:root:pop fitness: 0.5891666666666666
INFO:root:elite fitness: 0.6962666666666667
INFO:root:Generation: 71
INFO:root:pop fitness: 0.6016733333333334
INFO:root:elite fitness: 0.70252
INFO:root:Generation: 66
INFO:root:pop fitness: 0.59326
INFO:root:elite fitness: 0.71584
INFO:root:Generation: 72
INFO:root:pop fitness: 0.6015266666666665
INFO:root:elite fitness: 0.6892
INFO:root:Generation: 67
INFO:root:pop fitness: 0.5890133333333334
INFO:root:elite fitness: 0.6993199999999999
INFO:root:Generation: 73
INFO:root:pop fitness: 0.59758
INFO:root:elite fitness: 0.6848133333333333
INFO:root:Generation: 68
INFO:root:pop fitness: 0.5967266666666666
INFO:root:elite fitness: 0.6971333333333333
INFO:root:Generation: 74
INFO:root:pop fitness: 0.5984666666666666
INFO:root:elite fitness: 0.7002
INFO:root:Generation: 75
INFO:root:pop fitness: 0.6133933333333332
INFO:root:elite fitness: 0.7154266666666667
INFO:root:Generation: 69
INFO:root:pop fitness: 0.5815666666666666
INFO:root:elite fitness: 0.6771066666666666
INFO:root:Generation: 70
INFO:root:pop fitness: 0.59766
INFO:root:elite fitness: 0.7097066666666667
INFO:root:Generation: 76
INFO:root:pop fitness: 0.6119666666666668
INFO:root:elite fitness: 0.7278133333333334
INFO:root:Generation: 77
INFO:root:pop fitness: 0.6060266666666666
INFO:root:elite fitness: 0.7005466666666667
INFO:root:Generation: 71
INFO:root:pop fitness: 0.5948066666666667
INFO:root:elite fitness: 0.6922666666666668
INFO:root:Generation: 72
INFO:root:pop fitness: 0.5979133333333334
INFO:root:elite fitness: 0.71196
INFO:root:Generation: 78
INFO:root:pop fitness: 0.5965066666666666
INFO:root:elite fitness: 0.7028666666666666
INFO:root:Generation: 79
INFO:root:pop fitness: 0.6033999999999999
INFO:root:elite fitness: 0.7017066666666666
INFO:root:Generation: 73
INFO:root:pop fitness: 0.5966533333333334
INFO:root:elite fitness: 0.68168
INFO:root:Generation: 80
INFO:root:pop fitness: 0.6027
INFO:root:elite fitness: 0.7001866666666667
INFO:root:Generation: 74
INFO:root:pop fitness: 0.60102
INFO:root:elite fitness: 0.7100266666666666
INFO:root:Generation: 81
INFO:root:pop fitness: 0.5922866666666666
INFO:root:elite fitness: 0.69796
INFO:root:Generation: 75
INFO:root:pop fitness: 0.6004999999999999
INFO:root:elite fitness: 0.7206933333333334
INFO:root:Generation: 82
INFO:root:pop fitness: 0.6012133333333333
INFO:root:elite fitness: 0.7167600000000001
INFO:root:Generation: 76
INFO:root:pop fitness: 0.6029466666666667
INFO:root:elite fitness: 0.7111466666666666
INFO:root:Generation: 83
INFO:root:pop fitness: 0.5955066666666666
INFO:root:elite fitness: 0.7012666666666667
INFO:root:Generation: 77
INFO:root:pop fitness: 0.6074666666666666
INFO:root:elite fitness: 0.7166933333333334
INFO:root:Generation: 84
INFO:root:pop fitness: 0.6078666666666667
INFO:root:elite fitness: 0.7084666666666667
INFO:root:Generation: 78
INFO:root:pop fitness: 0.61382
INFO:root:elite fitness: 0.7133466666666667
INFO:root:Generation: 85
INFO:root:pop fitness: 0.6013133333333335
INFO:root:elite fitness: 0.70552
INFO:root:Generation: 79
INFO:root:pop fitness: 0.6052866666666668
INFO:root:elite fitness: 0.6999733333333334
INFO:root:Generation: 86
INFO:root:pop fitness: 0.5939133333333333
INFO:root:elite fitness: 0.7037733333333334
INFO:root:Generation: 80
INFO:root:pop fitness: 0.6207666666666666
INFO:root:elite fitness: 0.7188
INFO:root:Generation: 87
INFO:root:pop fitness: 0.6056733333333333
INFO:root:elite fitness: 0.7128266666666666
INFO:root:Generation: 81
INFO:root:pop fitness: 0.61402
INFO:root:elite fitness: 0.7221733333333333
INFO:root:Generation: 88
INFO:root:pop fitness: 0.6019933333333333
INFO:root:elite fitness: 0.6965066666666666
INFO:root:Generation: 82
INFO:root:pop fitness: 0.59038
INFO:root:elite fitness: 0.6939333333333334
INFO:root:Generation: 89
INFO:root:pop fitness: 0.5972399999999999
INFO:root:elite fitness: 0.7009333333333333
INFO:root:Generation: 83
INFO:root:pop fitness: 0.6079866666666667
INFO:root:elite fitness: 0.7050666666666666
INFO:root:Generation: 90
INFO:root:pop fitness: 0.6044733333333333
INFO:root:elite fitness: 0.7007866666666667
INFO:root:Generation: 91
INFO:root:pop fitness: 0.60748
INFO:root:elite fitness: 0.7054799999999999
INFO:root:Generation: 84
INFO:root:pop fitness: 0.6264466666666666
INFO:root:elite fitness: 0.7243866666666666
INFO:root:Generation: 92
INFO:root:pop fitness: 0.6168466666666665
INFO:root:elite fitness: 0.7101333333333333
INFO:root:Generation: 85
INFO:root:pop fitness: 0.6142266666666667
INFO:root:elite fitness: 0.7133999999999999
INFO:root:Generation: 93
INFO:root:pop fitness: 0.6061533333333333
INFO:root:elite fitness: 0.7077733333333333
INFO:root:Generation: 86
INFO:root:pop fitness: 0.6116066666666666
INFO:root:elite fitness: 0.70868
INFO:root:Generation: 94
INFO:root:pop fitness: 0.6096933333333334
INFO:root:elite fitness: 0.7046933333333333
INFO:root:Generation: 87
INFO:root:pop fitness: 0.6059066666666666
INFO:root:elite fitness: 0.6966133333333333
INFO:root:Generation: 95
INFO:root:pop fitness: 0.60592
INFO:root:elite fitness: 0.6978933333333334
INFO:root:Generation: 88
INFO:root:pop fitness: 0.6164266666666667
INFO:root:elite fitness: 0.7147333333333333
INFO:root:Generation: 96
INFO:root:pop fitness: 0.6024933333333333
INFO:root:elite fitness: 0.6997066666666668
INFO:root:Generation: 89
INFO:root:pop fitness: 0.6052733333333334
INFO:root:elite fitness: 0.6828266666666667
INFO:root:Generation: 97
INFO:root:pop fitness: 0.5926666666666667
INFO:root:elite fitness: 0.6989066666666668
INFO:root:Generation: 90
INFO:root:pop fitness: 0.60308
INFO:root:elite fitness: 0.7067333333333333
INFO:root:Generation: 98
INFO:root:pop fitness: 0.6011866666666666
INFO:root:elite fitness: 0.7054800000000001
INFO:root:Generation: 91
INFO:root:pop fitness: 0.5992133333333334
INFO:root:elite fitness: 0.7106399999999999
INFO:root:Generation: 99
INFO:root:pop fitness: 0.6018799999999999
INFO:root:elite fitness: 0.7194266666666668
INFO:root:Generation: 92
INFO:root:pop fitness: 0.6097933333333333
INFO:root:elite fitness: 0.7187066666666667
INFO:root:Generation: 100
INFO:root:pop fitness: 0.6181933333333333
INFO:root:elite fitness: 0.7281466666666666
INFO:root:Generation: 93
INFO:root:pop fitness: 0.6057266666666667
INFO:root:elite fitness: 0.7188933333333332
INFO:root:Generation: 101
INFO:root:pop fitness: 0.61158
INFO:root:elite fitness: 0.7282533333333333
INFO:root:Generation: 94
INFO:root:pop fitness: 0.6149733333333334
INFO:root:elite fitness: 0.71732
INFO:root:Generation: 102
INFO:root:pop fitness: 0.6088866666666667
INFO:root:elite fitness: 0.6992400000000001
INFO:root:Generation: 103
INFO:root:pop fitness: 0.6170866666666666
INFO:root:elite fitness: 0.7224666666666667
INFO:root:Generation: 95
INFO:root:pop fitness: 0.6095866666666666
INFO:root:elite fitness: 0.7099333333333334
INFO:root:Generation: 104
INFO:root:pop fitness: 0.5965266666666666
INFO:root:elite fitness: 0.7078533333333332
INFO:root:Generation: 96
INFO:root:pop fitness: 0.6282
INFO:root:elite fitness: 0.7420666666666665
INFO:root:Generation: 105
INFO:root:pop fitness: 0.6064200000000001
INFO:root:elite fitness: 0.7008133333333333
INFO:root:Generation: 97
INFO:root:pop fitness: 0.6172333333333334
INFO:root:elite fitness: 0.7231333333333333
INFO:root:Generation: 106
INFO:root:pop fitness: 0.6115933333333333
INFO:root:elite fitness: 0.70828
INFO:root:Generation: 98
INFO:root:pop fitness: 0.61698
INFO:root:elite fitness: 0.7052933333333333
INFO:root:Generation: 107
INFO:root:pop fitness: 0.6029666666666667
INFO:root:elite fitness: 0.7207066666666668
INFO:root:Generation: 99
INFO:root:pop fitness: 0.6162066666666666
INFO:root:elite fitness: 0.7347466666666665
INFO:root:Generation: 108
INFO:root:pop fitness: 0.6028733333333333
INFO:root:elite fitness: 0.7048
INFO:root:Generation: 100
INFO:root:pop fitness: 0.6108199999999999
INFO:root:elite fitness: 0.7082533333333333
INFO:root:Generation: 109
INFO:root:pop fitness: 0.5983266666666667
INFO:root:elite fitness: 0.6888666666666665
INFO:root:Generation: 101
INFO:root:pop fitness: 0.62452
INFO:root:elite fitness: 0.7224
INFO:root:Generation: 110
INFO:root:pop fitness: 0.6061399999999999
INFO:root:elite fitness: 0.71272
INFO:root:Generation: 102
INFO:root:pop fitness: 0.6099466666666666
INFO:root:elite fitness: 0.7066266666666666
INFO:root:Generation: 111
INFO:root:pop fitness: 0.6161533333333333
INFO:root:elite fitness: 0.7180266666666666
INFO:root:Generation: 103
INFO:root:pop fitness: 0.6066533333333335
INFO:root:elite fitness: 0.7041333333333333
INFO:root:Generation: 112
INFO:root:pop fitness: 0.6002333333333333
INFO:root:elite fitness: 0.70316
INFO:root:Generation: 113
INFO:root:pop fitness: 0.6090266666666667
INFO:root:elite fitness: 0.71676
INFO:root:Generation: 104
INFO:root:pop fitness: 0.6107933333333333
INFO:root:elite fitness: 0.7234533333333333
INFO:root:Generation: 114
INFO:root:pop fitness: 0.61448
INFO:root:elite fitness: 0.7236533333333334
INFO:root:Generation: 105
INFO:root:pop fitness: 0.6129
INFO:root:elite fitness: 0.7250266666666667
INFO:root:Generation: 115
INFO:root:pop fitness: 0.6127
INFO:root:elite fitness: 0.7190533333333333
INFO:root:Generation: 106
INFO:root:pop fitness: 0.6137733333333333
INFO:root:elite fitness: 0.7056933333333333
INFO:root:Generation: 116
INFO:root:pop fitness: 0.6187533333333334
INFO:root:elite fitness: 0.7117333333333332
INFO:root:Generation: 107
INFO:root:pop fitness: 0.61412
INFO:root:elite fitness: 0.7144666666666666
INFO:root:Generation: 117
INFO:root:pop fitness: 0.60684
INFO:root:elite fitness: 0.7016133333333333
INFO:root:Generation: 108
INFO:root:pop fitness: 0.62196
INFO:root:elite fitness: 0.71704
INFO:root:Generation: 118
INFO:root:pop fitness: 0.6218133333333333
INFO:root:elite fitness: 0.7189066666666667
INFO:root:Generation: 109
INFO:root:pop fitness: 0.6140533333333333
INFO:root:elite fitness: 0.7252666666666666
INFO:root:Generation: 119
INFO:root:pop fitness: 0.6116800000000001
INFO:root:elite fitness: 0.7230266666666665
INFO:root:Generation: 110
INFO:root:pop fitness: 0.6111133333333334
INFO:root:elite fitness: 0.70264
INFO:root:Generation: 120
INFO:root:pop fitness: 0.6090333333333333
INFO:root:elite fitness: 0.6998533333333333
INFO:root:Generation: 111
INFO:root:pop fitness: 0.6071066666666667
INFO:root:elite fitness: 0.7131333333333333
INFO:root:Generation: 121
INFO:root:pop fitness: 0.61894
INFO:root:elite fitness: 0.71012
INFO:root:Generation: 112
INFO:root:pop fitness: 0.62412
INFO:root:elite fitness: 0.72124
INFO:root:Generation: 122
INFO:root:pop fitness: 0.60682
INFO:root:elite fitness: 0.7083866666666666
INFO:root:Generation: 113
INFO:root:pop fitness: 0.6189533333333332
INFO:root:elite fitness: 0.7163333333333334
INFO:root:Generation: 123
INFO:root:pop fitness: 0.6066666666666667
INFO:root:elite fitness: 0.6958000000000001
INFO:root:Generation: 124
INFO:root:pop fitness: 0.60726
INFO:root:elite fitness: 0.7049466666666667
INFO:root:Generation: 114
INFO:root:pop fitness: 0.6283866666666666
INFO:root:elite fitness: 0.7484400000000001
INFO:root:Generation: 125
INFO:root:pop fitness: 0.6127666666666668
INFO:root:elite fitness: 0.7069866666666667
INFO:root:Generation: 115
INFO:root:pop fitness: 0.6243266666666666
INFO:root:elite fitness: 0.7240800000000001
INFO:root:Generation: 126
INFO:root:pop fitness: 0.6088733333333335
INFO:root:elite fitness: 0.7145066666666667
INFO:root:Generation: 116
INFO:root:pop fitness: 0.61958
INFO:root:elite fitness: 0.7259466666666667
INFO:root:Generation: 127
INFO:root:pop fitness: 0.6094533333333334
INFO:root:elite fitness: 0.7095733333333334
INFO:root:Generation: 117
INFO:root:pop fitness: 0.6253133333333333
INFO:root:elite fitness: 0.7206533333333334
INFO:root:Generation: 128
INFO:root:pop fitness: 0.6049666666666667
INFO:root:elite fitness: 0.6874933333333333
INFO:root:Generation: 118
INFO:root:pop fitness: 0.61294
INFO:root:elite fitness: 0.7072533333333334
INFO:root:Generation: 129
INFO:root:pop fitness: 0.6090533333333333
INFO:root:elite fitness: 0.7056666666666667
INFO:root:Generation: 119
INFO:root:pop fitness: 0.6196466666666667
INFO:root:elite fitness: 0.7188266666666667
INFO:root:Generation: 130
INFO:root:pop fitness: 0.6093533333333334
INFO:root:elite fitness: 0.7134666666666666
INFO:root:Generation: 120
INFO:root:pop fitness: 0.62662
INFO:root:elite fitness: 0.71584
INFO:root:Generation: 131
INFO:root:pop fitness: 0.6102
INFO:root:elite fitness: 0.7080666666666666
INFO:root:Generation: 121
INFO:root:pop fitness: 0.6401266666666667
INFO:root:elite fitness: 0.7275333333333334
INFO:root:Generation: 132
INFO:root:pop fitness: 0.6245333333333332
INFO:root:elite fitness: 0.7340399999999999
INFO:root:Generation: 122
INFO:root:pop fitness: 0.6377999999999999
INFO:root:elite fitness: 0.7412400000000001
INFO:root:Generation: 133
INFO:root:pop fitness: 0.6190466666666666
INFO:root:elite fitness: 0.7191466666666666
INFO:root:Generation: 134
INFO:root:pop fitness: 0.6217133333333333
INFO:root:elite fitness: 0.7255466666666668
INFO:root:Generation: 123
INFO:root:pop fitness: 0.6255466666666666
INFO:root:elite fitness: 0.72372
INFO:root:Generation: 135
INFO:root:pop fitness: 0.6288866666666667
INFO:root:elite fitness: 0.7128933333333333
INFO:root:Generation: 124
INFO:root:pop fitness: 0.6278933333333332
INFO:root:elite fitness: 0.7250399999999999
INFO:root:Generation: 136
INFO:root:pop fitness: 0.6255000000000002
INFO:root:elite fitness: 0.7415600000000001
INFO:root:Generation: 125
INFO:root:pop fitness: 0.6480866666666668
INFO:root:elite fitness: 0.7443599999999999
INFO:root:Generation: 137
INFO:root:pop fitness: 0.6235466666666667
INFO:root:elite fitness: 0.7249466666666666
INFO:root:Generation: 126
INFO:root:pop fitness: 0.6325866666666667
INFO:root:elite fitness: 0.7325333333333333
INFO:root:Generation: 138
INFO:root:pop fitness: 0.6320466666666665
INFO:root:elite fitness: 0.71956
INFO:root:Generation: 127
INFO:root:pop fitness: 0.6438333333333333
INFO:root:elite fitness: 0.7320266666666667
INFO:root:Generation: 139
INFO:root:pop fitness: 0.6195266666666667
INFO:root:elite fitness: 0.7159333333333333
INFO:root:Generation: 128
INFO:root:pop fitness: 0.6359933333333333
INFO:root:elite fitness: 0.7323333333333332
INFO:root:Generation: 140
INFO:root:pop fitness: 0.6181066666666667
INFO:root:elite fitness: 0.71204
INFO:root:Generation: 129
INFO:root:pop fitness: 0.6325533333333333
INFO:root:elite fitness: 0.71696
INFO:root:Generation: 141
INFO:root:pop fitness: 0.62488
INFO:root:elite fitness: 0.7475066666666667
INFO:root:Generation: 130
INFO:root:pop fitness: 0.6473466666666667
INFO:root:elite fitness: 0.7356533333333334
INFO:root:Generation: 142
INFO:root:pop fitness: 0.6280266666666666
INFO:root:elite fitness: 0.73056
INFO:root:Generation: 131
INFO:root:pop fitness: 0.62946
INFO:root:elite fitness: 0.7360533333333333
INFO:root:Generation: 143
INFO:root:pop fitness: 0.6169733333333333
INFO:root:elite fitness: 0.7094266666666665
INFO:root:Generation: 144
INFO:root:pop fitness: 0.6122333333333334
INFO:root:elite fitness: 0.71404
INFO:root:Generation: 132
INFO:root:pop fitness: 0.6284733333333332
INFO:root:elite fitness: 0.73832
INFO:root:Generation: 145
INFO:root:pop fitness: 0.6283733333333333
INFO:root:elite fitness: 0.7321466666666666
INFO:root:Generation: 133
INFO:root:pop fitness: 0.6281866666666667
INFO:root:elite fitness: 0.7330533333333334
INFO:root:Generation: 146
INFO:root:pop fitness: 0.6270666666666667
INFO:root:elite fitness: 0.7269466666666666
INFO:root:Generation: 134
INFO:root:pop fitness: 0.61992
INFO:root:elite fitness: 0.7217199999999999
INFO:root:Generation: 147
INFO:root:pop fitness: 0.6362800000000001
INFO:root:elite fitness: 0.7244933333333333
INFO:root:Generation: 135
INFO:root:pop fitness: 0.6415733333333332
INFO:root:elite fitness: 0.7293066666666665
INFO:root:Generation: 148
INFO:root:pop fitness: 0.6110866666666667
INFO:root:elite fitness: 0.7006533333333334
INFO:root:Generation: 136
INFO:root:pop fitness: 0.6337
INFO:root:elite fitness: 0.7329600000000001
INFO:root:Generation: 149
INFO:root:pop fitness: 0.6254533333333334
INFO:root:elite fitness: 0.7270266666666668
INFO:root:Generation: 137
INFO:root:pop fitness: 0.6294799999999999
INFO:root:elite fitness: 0.7284266666666668
INFO:root:Generation: 150
INFO:root:pop fitness: 0.6122066666666667
INFO:root:elite fitness: 0.7095866666666666
INFO:root:Generation: 138
INFO:root:pop fitness: 0.6354199999999999
INFO:root:elite fitness: 0.731
INFO:root:Generation: 151
INFO:root:pop fitness: 0.6276733333333334
INFO:root:elite fitness: 0.7277199999999999
INFO:root:Generation: 139
INFO:root:pop fitness: 0.6450866666666667
INFO:root:elite fitness: 0.7340266666666667
INFO:root:Generation: 152
INFO:root:pop fitness: 0.6235533333333334
INFO:root:elite fitness: 0.7330666666666668
INFO:root:Generation: 140
INFO:root:pop fitness: 0.63372
INFO:root:elite fitness: 0.7348266666666666
INFO:root:Generation: 153
INFO:root:pop fitness: 0.6246200000000001
INFO:root:elite fitness: 0.7233066666666667
INFO:root:Generation: 154
INFO:root:pop fitness: 0.6362733333333334
INFO:root:elite fitness: 0.7185866666666666
INFO:root:Generation: 141
INFO:root:pop fitness: 0.6292799999999998
INFO:root:elite fitness: 0.72192
INFO:root:Generation: 155
INFO:root:pop fitness: 0.6361
INFO:root:elite fitness: 0.7248266666666667
INFO:root:Generation: 142
INFO:root:pop fitness: 0.6453133333333333
INFO:root:elite fitness: 0.7383733333333332
INFO:root:Generation: 156
INFO:root:pop fitness: 0.6191666666666666
INFO:root:elite fitness: 0.7279866666666667
INFO:root:Generation: 143
INFO:root:pop fitness: 0.6364000000000001
INFO:root:elite fitness: 0.7219066666666667
INFO:root:Generation: 157
INFO:root:pop fitness: 0.6399266666666666
INFO:root:elite fitness: 0.7329333333333335
INFO:root:Generation: 144
INFO:root:pop fitness: 0.62882
INFO:root:elite fitness: 0.7190533333333334
INFO:root:Generation: 158
INFO:root:pop fitness: 0.6317
INFO:root:elite fitness: 0.7214933333333332
INFO:root:Generation: 145
INFO:root:pop fitness: 0.6270133333333333
INFO:root:elite fitness: 0.7195866666666666
INFO:root:Generation: 159
INFO:root:pop fitness: 0.6456066666666667
INFO:root:elite fitness: 0.72592
INFO:root:Generation: 146
INFO:root:pop fitness: 0.6405733333333334
INFO:root:elite fitness: 0.7389333333333333
INFO:root:Generation: 160
INFO:root:pop fitness: 0.65656
INFO:root:elite fitness: 0.7424933333333332
INFO:root:Generation: 147
INFO:root:pop fitness: 0.6523466666666665
INFO:root:elite fitness: 0.7402266666666666
INFO:root:Generation: 161
INFO:root:pop fitness: 0.6505533333333333
INFO:root:elite fitness: 0.7410399999999999
INFO:root:Generation: 148
INFO:root:pop fitness: 0.63048
INFO:root:elite fitness: 0.7179066666666667
INFO:root:Generation: 162
INFO:root:pop fitness: 0.6512266666666667
INFO:root:elite fitness: 0.7443066666666664
INFO:root:Generation: 163
INFO:root:pop fitness: 0.6461733333333334
INFO:root:elite fitness: 0.7309333333333333
INFO:root:Generation: 149
INFO:root:pop fitness: 0.6386333333333334
INFO:root:elite fitness: 0.7199733333333334
INFO:root:Generation: 164
INFO:root:pop fitness: 0.6544133333333334
INFO:root:elite fitness: 0.7497466666666666
INFO:root:Generation: 150
INFO:root:pop fitness: 0.6292666666666665
INFO:root:elite fitness: 0.7134533333333334
INFO:root:Generation: 165
INFO:root:pop fitness: 0.6484066666666667
INFO:root:elite fitness: 0.7446133333333332
INFO:root:Generation: 151
INFO:root:pop fitness: 0.6405466666666666
INFO:root:elite fitness: 0.7353466666666667
INFO:root:Generation: 166
INFO:root:pop fitness: 0.6542
INFO:root:elite fitness: 0.7321733333333332
INFO:root:Generation: 152
INFO:root:pop fitness: 0.6407533333333333
INFO:root:elite fitness: 0.7319066666666667
INFO:root:Generation: 167
INFO:root:pop fitness: 0.6514266666666667
INFO:root:elite fitness: 0.7400800000000001
INFO:root:Generation: 153
INFO:root:pop fitness: 0.6376733333333333
INFO:root:elite fitness: 0.7256133333333332
INFO:root:Generation: 168
INFO:root:pop fitness: 0.6567
INFO:root:elite fitness: 0.7484400000000001
INFO:root:Generation: 154
INFO:root:pop fitness: 0.6391066666666667
INFO:root:elite fitness: 0.7318933333333335
INFO:root:Generation: 169
INFO:root:pop fitness: 0.6459933333333333
INFO:root:elite fitness: 0.7417333333333334
INFO:root:Generation: 155
INFO:root:pop fitness: 0.6425399999999999
INFO:root:elite fitness: 0.7272533333333333
INFO:root:Generation: 170
INFO:root:pop fitness: 0.6588466666666667
INFO:root:elite fitness: 0.7466533333333333
INFO:root:Generation: 156
INFO:root:pop fitness: 0.6320066666666666
INFO:root:elite fitness: 0.72612
INFO:root:Generation: 171
INFO:root:pop fitness: 0.65296
INFO:root:elite fitness: 0.7382266666666666
INFO:root:Generation: 172
INFO:root:pop fitness: 0.6505000000000001
INFO:root:elite fitness: 0.7477866666666666
INFO:root:Generation: 157
INFO:root:pop fitness: 0.6391399999999999
INFO:root:elite fitness: 0.7379600000000001
INFO:root:Generation: 173
INFO:root:pop fitness: 0.6528333333333334
INFO:root:elite fitness: 0.7450933333333333
INFO:root:Generation: 158
INFO:root:pop fitness: 0.6469599999999999
INFO:root:elite fitness: 0.7480933333333334
INFO:root:Generation: 174
INFO:root:pop fitness: 0.657
INFO:root:elite fitness: 0.7567866666666666
INFO:root:Generation: 159
INFO:root:pop fitness: 0.6395933333333332
INFO:root:elite fitness: 0.7464666666666666
INFO:root:Generation: 175
INFO:root:pop fitness: 0.6566933333333334
INFO:root:elite fitness: 0.7450533333333333
INFO:root:Generation: 160
INFO:root:pop fitness: 0.6450533333333334
INFO:root:elite fitness: 0.73752
INFO:root:Generation: 176
INFO:root:pop fitness: 0.6607266666666667
INFO:root:elite fitness: 0.7583199999999999
INFO:root:Generation: 161
INFO:root:pop fitness: 0.6355
INFO:root:elite fitness: 0.7178399999999998
INFO:root:Generation: 177
INFO:root:pop fitness: 0.6434266666666667
INFO:root:elite fitness: 0.7304400000000001
INFO:root:Generation: 162
INFO:root:pop fitness: 0.6455266666666667
INFO:root:elite fitness: 0.7455866666666666
INFO:root:Generation: 178
INFO:root:pop fitness: 0.6562266666666666
INFO:root:elite fitness: 0.7439333333333334
INFO:root:Generation: 163
INFO:root:pop fitness: 0.6563533333333333
INFO:root:elite fitness: 0.7360533333333336
INFO:root:Generation: 179
INFO:root:pop fitness: 0.6465933333333334
INFO:root:elite fitness: 0.7331599999999999
INFO:root:Generation: 164
INFO:root:pop fitness: 0.6552933333333334
INFO:root:elite fitness: 0.7464933333333335
INFO:root:Generation: 180
INFO:root:pop fitness: 0.6559733333333334
INFO:root:elite fitness: 0.7497333333333334
INFO:root:Generation: 165
INFO:root:pop fitness: 0.6598333333333333
INFO:root:elite fitness: 0.7449066666666667
INFO:root:Generation: 181
INFO:root:pop fitness: 0.6581466666666668
INFO:root:elite fitness: 0.7548266666666666
INFO:root:Generation: 182
INFO:root:pop fitness: 0.6378733333333333
INFO:root:elite fitness: 0.7402533333333334
INFO:root:Generation: 166
INFO:root:pop fitness: 0.6483866666666668
INFO:root:elite fitness: 0.7360933333333333
INFO:root:Generation: 183
INFO:root:pop fitness: 0.64708
INFO:root:elite fitness: 0.7426533333333333
INFO:root:Generation: 167
INFO:root:pop fitness: 0.6523
INFO:root:elite fitness: 0.7472799999999999
INFO:root:Generation: 184
INFO:root:pop fitness: 0.6504666666666667
INFO:root:elite fitness: 0.7307066666666667
INFO:root:Generation: 168
INFO:root:pop fitness: 0.65444
INFO:root:elite fitness: 0.74732
INFO:root:Generation: 185
INFO:root:pop fitness: 0.6643333333333333
INFO:root:elite fitness: 0.7585066666666667
INFO:root:Generation: 169
INFO:root:pop fitness: 0.65522
INFO:root:elite fitness: 0.7460133333333333
INFO:root:Generation: 186
INFO:root:pop fitness: 0.6456066666666668
INFO:root:elite fitness: 0.7285333333333333
INFO:root:Generation: 170
INFO:root:pop fitness: 0.6578733333333333
INFO:root:elite fitness: 0.7616266666666667
INFO:root:Generation: 187
INFO:root:pop fitness: 0.6667
INFO:root:elite fitness: 0.7531066666666667
INFO:root:Generation: 171
INFO:root:pop fitness: 0.6508866666666667
INFO:root:elite fitness: 0.7383733333333332
INFO:root:Generation: 188
INFO:root:pop fitness: 0.6576933333333334
INFO:root:elite fitness: 0.7416399999999999
INFO:root:Generation: 172
INFO:root:pop fitness: 0.65188
INFO:root:elite fitness: 0.7477466666666667
INFO:root:Generation: 189
INFO:root:pop fitness: 0.64934
INFO:root:elite fitness: 0.7436533333333334
INFO:root:Generation: 173
INFO:root:pop fitness: 0.65054
INFO:root:elite fitness: 0.75508
INFO:root:Generation: 190
INFO:root:pop fitness: 0.6587666666666666
INFO:root:elite fitness: 0.7551466666666667
INFO:root:Generation: 191
INFO:root:pop fitness: 0.6625866666666667
INFO:root:elite fitness: 0.7551999999999999
INFO:root:Generation: 174
INFO:root:pop fitness: 0.6525466666666667
INFO:root:elite fitness: 0.7481066666666667
INFO:root:Generation: 192
INFO:root:pop fitness: 0.6581466666666668
INFO:root:elite fitness: 0.7341333333333334
INFO:root:Generation: 175
INFO:root:pop fitness: 0.6445799999999999
INFO:root:elite fitness: 0.7473733333333333
INFO:root:Generation: 193
INFO:root:pop fitness: 0.6502
INFO:root:elite fitness: 0.7449199999999999
INFO:root:Generation: 176
INFO:root:pop fitness: 0.6574533333333333
INFO:root:elite fitness: 0.74692
INFO:root:Generation: 194
INFO:root:pop fitness: 0.6581133333333333
INFO:root:elite fitness: 0.7519866666666667
INFO:root:Generation: 177
INFO:root:pop fitness: 0.6605133333333332
INFO:root:elite fitness: 0.7492266666666668
INFO:root:Generation: 195
INFO:root:pop fitness: 0.6549133333333333
INFO:root:elite fitness: 0.74252
INFO:root:Generation: 178
INFO:root:pop fitness: 0.6520333333333334
INFO:root:elite fitness: 0.7331999999999999
INFO:root:Generation: 196
INFO:root:pop fitness: 0.6423
INFO:root:elite fitness: 0.73232
INFO:root:Generation: 179
INFO:root:pop fitness: 0.6396266666666666
INFO:root:elite fitness: 0.74336
INFO:root:Generation: 197
INFO:root:pop fitness: 0.6617933333333332
INFO:root:elite fitness: 0.7444133333333333
INFO:root:Generation: 180
INFO:root:pop fitness: 0.64734
INFO:root:elite fitness: 0.748
INFO:root:Generation: 198
INFO:root:pop fitness: 0.6471266666666666
INFO:root:elite fitness: 0.7374533333333334
INFO:root:Generation: 181
INFO:root:pop fitness: 0.63992
INFO:root:elite fitness: 0.7401466666666667
INFO:root:Generation: 199
INFO:root:pop fitness: 0.66398
INFO:root:elite fitness: 0.7497733333333333
INFO:root:Generation: 182
INFO:root:pop fitness: 0.6337666666666667
INFO:root:elite fitness: 0.7221333333333334
INFO:root:Generation: 183
INFO:root:pop fitness: 0.6517400000000001
INFO:root:elite fitness: 0.7375866666666667
INFO:root:Generation: 184
INFO:root:pop fitness: 0.6569133333333332
INFO:root:elite fitness: 0.7510133333333334
INFO:root:Generation: 185
INFO:root:pop fitness: 0.6668466666666667
INFO:root:elite fitness: 0.7481733333333334
INFO:root:Generation: 186
INFO:root:pop fitness: 0.6525466666666667
INFO:root:elite fitness: 0.7531866666666667
INFO:root:Generation: 187
INFO:root:pop fitness: 0.6561600000000001
INFO:root:elite fitness: 0.7609599999999999
INFO:root:Generation: 188
INFO:root:pop fitness: 0.6625866666666667
INFO:root:elite fitness: 0.7553866666666668
INFO:root:Generation: 189
INFO:root:pop fitness: 0.6542666666666667
INFO:root:elite fitness: 0.7538533333333335
INFO:root:Generation: 190
INFO:root:pop fitness: 0.67004
INFO:root:elite fitness: 0.7631333333333333
INFO:root:Generation: 191
INFO:root:pop fitness: 0.66174
INFO:root:elite fitness: 0.7514799999999998
INFO:root:Generation: 192
INFO:root:pop fitness: 0.6567133333333333
INFO:root:elite fitness: 0.7466133333333332
INFO:root:Generation: 193
INFO:root:pop fitness: 0.6508400000000001
INFO:root:elite fitness: 0.7397066666666667
INFO:root:Generation: 194
INFO:root:pop fitness: 0.6531133333333333
INFO:root:elite fitness: 0.7357866666666667
INFO:root:Generation: 195
INFO:root:pop fitness: 0.6485133333333334
INFO:root:elite fitness: 0.7334799999999999
INFO:root:Generation: 196
INFO:root:pop fitness: 0.65472
INFO:root:elite fitness: 0.75932
INFO:root:Generation: 197
INFO:root:pop fitness: 0.6539266666666667
INFO:root:elite fitness: 0.7412933333333332
INFO:root:Generation: 198
INFO:root:pop fitness: 0.6577333333333332
INFO:root:elite fitness: 0.7353733333333334
INFO:root:Generation: 199
INFO:root:pop fitness: 0.6569733333333333
INFO:root:elite fitness: 0.7456933333333332
