INFO:root:run_master: Namespace(arms='10', hidden='32', layers='3', max_gen='200', message='', mutation_mag='0.1', name='nonStationary_v1', noise=True, pop_size='50', save_result=True, trials='100')
INFO:root:run_master: Namespace(arms='10', hidden='32', layers='3', max_gen='200', message='', mutation_mag='0.1', name='nonStationary_v1', noise=False, pop_size='50', save_result=True, trials='100')
INFO:root:Generation: 0
INFO:root:pop fitness: 0.09831999999999999
INFO:root:elite fitness: 0.10932
INFO:root:Generation: 0
INFO:root:pop fitness: 0.09880000000000001
INFO:root:elite fitness: 0.11284
INFO:root:Generation: 1
INFO:root:pop fitness: 0.10174000000000001
INFO:root:elite fitness: 0.11596000000000001
INFO:root:Generation: 1
INFO:root:pop fitness: 0.09892000000000001
INFO:root:elite fitness: 0.11084
INFO:root:Generation: 2
INFO:root:pop fitness: 0.10056
INFO:root:elite fitness: 0.1276
INFO:root:Generation: 2
INFO:root:pop fitness: 0.09594000000000001
INFO:root:elite fitness: 0.11368
INFO:root:Generation: 3
INFO:root:pop fitness: 0.10134
INFO:root:elite fitness: 0.13556
INFO:root:Generation: 3
INFO:root:pop fitness: 0.09655999999999997
INFO:root:elite fitness: 0.11616
INFO:root:Generation: 4
INFO:root:pop fitness: 0.10274
INFO:root:elite fitness: 0.15959999999999996
INFO:root:Generation: 4
INFO:root:pop fitness: 0.1015
INFO:root:elite fitness: 0.13943999999999998
INFO:root:Generation: 5
INFO:root:pop fitness: 0.10225999999999999
INFO:root:elite fitness: 0.16976
INFO:root:Generation: 5
INFO:root:pop fitness: 0.10620000000000002
INFO:root:elite fitness: 0.14784
INFO:root:Generation: 6
INFO:root:pop fitness: 0.10016
INFO:root:elite fitness: 0.14587999999999998
INFO:root:Generation: 6
INFO:root:pop fitness: 0.09261999999999998
INFO:root:elite fitness: 0.15552
INFO:root:Generation: 7
INFO:root:pop fitness: 0.09693999999999998
INFO:root:elite fitness: 0.13992000000000002
INFO:root:Generation: 7
INFO:root:pop fitness: 0.1033
INFO:root:elite fitness: 0.1996
INFO:root:Generation: 8
INFO:root:pop fitness: 0.10378
INFO:root:elite fitness: 0.17671999999999996
INFO:root:Generation: 8
INFO:root:pop fitness: 0.11170000000000002
INFO:root:elite fitness: 0.20339999999999997
INFO:root:Generation: 9
INFO:root:pop fitness: 0.092
INFO:root:elite fitness: 0.1916
INFO:root:Generation: 9
INFO:root:pop fitness: 0.10094000000000002
INFO:root:elite fitness: 0.18276
INFO:root:Generation: 10
INFO:root:pop fitness: 0.10514
INFO:root:elite fitness: 0.2066
INFO:root:Generation: 10
INFO:root:pop fitness: 0.10921999999999998
INFO:root:elite fitness: 0.22064
INFO:root:Generation: 11
INFO:root:pop fitness: 0.10222000000000002
INFO:root:elite fitness: 0.19079999999999997
INFO:root:Generation: 12
INFO:root:pop fitness: 0.11013999999999999
INFO:root:elite fitness: 0.20144
INFO:root:Generation: 11
INFO:root:pop fitness: 0.11507999999999999
INFO:root:elite fitness: 0.21492
INFO:root:Generation: 13
INFO:root:pop fitness: 0.11328
INFO:root:elite fitness: 0.1942
INFO:root:Generation: 12
INFO:root:pop fitness: 0.09144000000000002
INFO:root:elite fitness: 0.18012
INFO:root:Generation: 14
INFO:root:pop fitness: 0.10234
INFO:root:elite fitness: 0.19856000000000001
INFO:root:Generation: 15
INFO:root:pop fitness: 0.11374000000000001
INFO:root:elite fitness: 0.2114
INFO:root:Generation: 13
INFO:root:pop fitness: 0.11410000000000001
INFO:root:elite fitness: 0.20732
INFO:root:Generation: 16
INFO:root:pop fitness: 0.0944
INFO:root:elite fitness: 0.17948
INFO:root:Generation: 14
INFO:root:pop fitness: 0.11779999999999997
INFO:root:elite fitness: 0.19816000000000003
INFO:root:Generation: 17
INFO:root:pop fitness: 0.09716
INFO:root:elite fitness: 0.17324
INFO:root:Generation: 15
INFO:root:pop fitness: 0.10196
INFO:root:elite fitness: 0.1666
INFO:root:Generation: 18
INFO:root:pop fitness: 0.10860000000000002
INFO:root:elite fitness: 0.20623999999999998
INFO:root:Generation: 16
INFO:root:pop fitness: 0.10324000000000001
INFO:root:elite fitness: 0.20116000000000003
INFO:root:Generation: 19
INFO:root:pop fitness: 0.11000000000000001
INFO:root:elite fitness: 0.20652
INFO:root:Generation: 20
INFO:root:pop fitness: 0.1216
INFO:root:elite fitness: 0.21140000000000003
INFO:root:Generation: 17
INFO:root:pop fitness: 0.09139999999999998
INFO:root:elite fitness: 0.18436
INFO:root:Generation: 21
INFO:root:pop fitness: 0.1076
INFO:root:elite fitness: 0.18632000000000004
INFO:root:Generation: 18
INFO:root:pop fitness: 0.10752000000000002
INFO:root:elite fitness: 0.18195999999999998
INFO:root:Generation: 22
INFO:root:pop fitness: 0.09772
INFO:root:elite fitness: 0.18624
INFO:root:Generation: 19
INFO:root:pop fitness: 0.10752
INFO:root:elite fitness: 0.18775999999999995
INFO:root:Generation: 23
INFO:root:pop fitness: 0.11256000000000002
INFO:root:elite fitness: 0.19743999999999995
INFO:root:Generation: 20
INFO:root:pop fitness: 0.12206000000000002
INFO:root:elite fitness: 0.22344
INFO:root:Generation: 24
INFO:root:pop fitness: 0.09098
INFO:root:elite fitness: 0.15755999999999998
INFO:root:Generation: 21
INFO:root:pop fitness: 0.10932000000000003
INFO:root:elite fitness: 0.21056
INFO:root:Generation: 25
INFO:root:pop fitness: 0.1155
INFO:root:elite fitness: 0.21472000000000002
INFO:root:Generation: 22
INFO:root:pop fitness: 0.12166
INFO:root:elite fitness: 0.2212
INFO:root:Generation: 26
INFO:root:pop fitness: 0.10576
INFO:root:elite fitness: 0.21172000000000002
INFO:root:Generation: 27
INFO:root:pop fitness: 0.1189
INFO:root:elite fitness: 0.18468
INFO:root:Generation: 23
INFO:root:pop fitness: 0.10662
INFO:root:elite fitness: 0.23016000000000003
INFO:root:Generation: 24
INFO:root:pop fitness: 0.12864
INFO:root:elite fitness: 0.21655999999999997
INFO:root:Generation: 28
INFO:root:pop fitness: 0.10024
INFO:root:elite fitness: 0.18284
INFO:root:Generation: 25
INFO:root:pop fitness: 0.1255
INFO:root:elite fitness: 0.17991999999999997
INFO:root:Generation: 29
INFO:root:pop fitness: 0.11896
INFO:root:elite fitness: 0.22104
INFO:root:Generation: 30
INFO:root:pop fitness: 0.10634
INFO:root:elite fitness: 0.16920000000000002
INFO:root:Generation: 26
INFO:root:pop fitness: 0.11798000000000002
INFO:root:elite fitness: 0.19312
INFO:root:Generation: 31
INFO:root:pop fitness: 0.10974
INFO:root:elite fitness: 0.20247999999999997
INFO:root:Generation: 27
INFO:root:pop fitness: 0.09238000000000002
INFO:root:elite fitness: 0.19236
INFO:root:Generation: 32
INFO:root:pop fitness: 0.10872000000000001
INFO:root:elite fitness: 0.19344
INFO:root:Generation: 28
INFO:root:pop fitness: 0.12932
INFO:root:elite fitness: 0.22804
INFO:root:Generation: 33
INFO:root:pop fitness: 0.1148
INFO:root:elite fitness: 0.19144000000000003
INFO:root:Generation: 29
INFO:root:pop fitness: 0.11701999999999999
INFO:root:elite fitness: 0.20659999999999998
INFO:root:Generation: 34
INFO:root:pop fitness: 0.12552000000000002
INFO:root:elite fitness: 0.19948
INFO:root:Generation: 30
INFO:root:pop fitness: 0.12068
INFO:root:elite fitness: 0.22255999999999998
INFO:root:Generation: 35
INFO:root:pop fitness: 0.11082
INFO:root:elite fitness: 0.20916
INFO:root:Generation: 31
INFO:root:pop fitness: 0.09364000000000003
INFO:root:elite fitness: 0.1782
INFO:root:Generation: 36
INFO:root:pop fitness: 0.12166
INFO:root:elite fitness: 0.26164
INFO:root:Generation: 32
INFO:root:pop fitness: 0.11652
INFO:root:elite fitness: 0.20476
INFO:root:Generation: 37
INFO:root:pop fitness: 0.11806000000000001
INFO:root:elite fitness: 0.22468
INFO:root:Generation: 33
INFO:root:pop fitness: 0.12908
INFO:root:elite fitness: 0.19164
INFO:root:Generation: 38
INFO:root:pop fitness: 0.11416
INFO:root:elite fitness: 0.20920000000000002
INFO:root:Generation: 34
INFO:root:pop fitness: 0.12031999999999998
INFO:root:elite fitness: 0.21228000000000002
INFO:root:Generation: 39
INFO:root:pop fitness: 0.1412
INFO:root:elite fitness: 0.26615999999999995
INFO:root:Generation: 35
INFO:root:pop fitness: 0.11860000000000001
INFO:root:elite fitness: 0.18159999999999996
INFO:root:Generation: 40
INFO:root:pop fitness: 0.11942
INFO:root:elite fitness: 0.20504
INFO:root:Generation: 41
INFO:root:pop fitness: 0.12031999999999998
INFO:root:elite fitness: 0.21824
INFO:root:Generation: 36
INFO:root:pop fitness: 0.11559999999999998
INFO:root:elite fitness: 0.19564
INFO:root:Generation: 42
INFO:root:pop fitness: 0.1039
INFO:root:elite fitness: 0.19552
INFO:root:Generation: 37
INFO:root:pop fitness: 0.12876
INFO:root:elite fitness: 0.24639999999999998
INFO:root:Generation: 43
INFO:root:pop fitness: 0.11064
INFO:root:elite fitness: 0.19875999999999996
INFO:root:Generation: 38
INFO:root:pop fitness: 0.12033999999999999
INFO:root:elite fitness: 0.20784
INFO:root:Generation: 44
INFO:root:pop fitness: 0.11629999999999999
INFO:root:elite fitness: 0.20624000000000003
INFO:root:Generation: 39
INFO:root:pop fitness: 0.13518
INFO:root:elite fitness: 0.23440000000000005
INFO:root:Generation: 45
INFO:root:pop fitness: 0.11713999999999998
INFO:root:elite fitness: 0.22872
INFO:root:Generation: 40
INFO:root:pop fitness: 0.12738000000000002
INFO:root:elite fitness: 0.22275999999999999
INFO:root:Generation: 46
INFO:root:pop fitness: 0.10768000000000001
INFO:root:elite fitness: 0.22023999999999996
INFO:root:Generation: 41
INFO:root:pop fitness: 0.11356000000000002
INFO:root:elite fitness: 0.21411999999999998
INFO:root:Generation: 47
INFO:root:pop fitness: 0.1235
INFO:root:elite fitness: 0.21092
INFO:root:Generation: 42
INFO:root:pop fitness: 0.12069999999999999
INFO:root:elite fitness: 0.21108000000000002
INFO:root:Generation: 48
INFO:root:pop fitness: 0.11898000000000002
INFO:root:elite fitness: 0.20120000000000002
INFO:root:Generation: 43
INFO:root:pop fitness: 0.11588000000000001
INFO:root:elite fitness: 0.20751999999999998
INFO:root:Generation: 49
INFO:root:pop fitness: 0.10538
INFO:root:elite fitness: 0.19332000000000002
INFO:root:Generation: 44
INFO:root:pop fitness: 0.12718000000000002
INFO:root:elite fitness: 0.20064000000000004
INFO:root:Generation: 50
INFO:root:pop fitness: 0.10803999999999998
INFO:root:elite fitness: 0.20875999999999997
INFO:root:Generation: 45
INFO:root:pop fitness: 0.10438
INFO:root:elite fitness: 0.17416
INFO:root:Generation: 51
INFO:root:pop fitness: 0.11898
INFO:root:elite fitness: 0.20848
INFO:root:Generation: 46
INFO:root:pop fitness: 0.1358
INFO:root:elite fitness: 0.2524
INFO:root:Generation: 52
INFO:root:pop fitness: 0.14426
INFO:root:elite fitness: 0.23691999999999996
INFO:root:Generation: 53
INFO:root:pop fitness: 0.11368000000000002
INFO:root:elite fitness: 0.23360000000000003
INFO:root:Generation: 47
INFO:root:pop fitness: 0.12752
INFO:root:elite fitness: 0.20543999999999996
INFO:root:Generation: 54
INFO:root:pop fitness: 0.12618
INFO:root:elite fitness: 0.23815999999999998
INFO:root:Generation: 48
INFO:root:pop fitness: 0.12736
INFO:root:elite fitness: 0.21468
INFO:root:Generation: 55
INFO:root:pop fitness: 0.12151999999999999
INFO:root:elite fitness: 0.22080000000000002
INFO:root:Generation: 49
INFO:root:pop fitness: 0.11954000000000001
INFO:root:elite fitness: 0.18915999999999997
INFO:root:Generation: 56
INFO:root:pop fitness: 0.13478
INFO:root:elite fitness: 0.23132000000000003
INFO:root:Generation: 50
INFO:root:pop fitness: 0.12652000000000002
INFO:root:elite fitness: 0.2214
INFO:root:Generation: 57
INFO:root:pop fitness: 0.1211
INFO:root:elite fitness: 0.22124
INFO:root:Generation: 51
INFO:root:pop fitness: 0.13518
INFO:root:elite fitness: 0.23784
INFO:root:Generation: 58
INFO:root:pop fitness: 0.10624000000000003
INFO:root:elite fitness: 0.20364000000000002
INFO:root:Generation: 52
INFO:root:pop fitness: 0.13027999999999998
INFO:root:elite fitness: 0.22480000000000003
INFO:root:Generation: 59
INFO:root:pop fitness: 0.12719999999999998
INFO:root:elite fitness: 0.22884000000000002
INFO:root:Generation: 53
INFO:root:pop fitness: 0.1101
INFO:root:elite fitness: 0.19708000000000003
INFO:root:Generation: 60
INFO:root:pop fitness: 0.11931999999999998
INFO:root:elite fitness: 0.21144000000000002
INFO:root:Generation: 54
INFO:root:pop fitness: 0.1252
INFO:root:elite fitness: 0.21048000000000003
INFO:root:Generation: 61
INFO:root:pop fitness: 0.12778
INFO:root:elite fitness: 0.21844000000000002
INFO:root:Generation: 55
INFO:root:pop fitness: 0.13520000000000001
INFO:root:elite fitness: 0.22151999999999994
INFO:root:Generation: 62
INFO:root:pop fitness: 0.13088
INFO:root:elite fitness: 0.22631999999999997
INFO:root:Generation: 56
INFO:root:pop fitness: 0.11861999999999999
INFO:root:elite fitness: 0.21651999999999996
INFO:root:Generation: 63
INFO:root:pop fitness: 0.13318000000000002
INFO:root:elite fitness: 0.24852
INFO:root:Generation: 57
INFO:root:pop fitness: 0.13058
INFO:root:elite fitness: 0.21220000000000003
INFO:root:Generation: 64
INFO:root:pop fitness: 0.12011999999999999
INFO:root:elite fitness: 0.21887999999999994
INFO:root:Generation: 58
INFO:root:pop fitness: 0.1271
INFO:root:elite fitness: 0.20023999999999997
INFO:root:Generation: 65
INFO:root:pop fitness: 0.10975999999999997
INFO:root:elite fitness: 0.22368
INFO:root:Generation: 59
INFO:root:pop fitness: 0.14451999999999998
INFO:root:elite fitness: 0.2292
INFO:root:Generation: 66
INFO:root:pop fitness: 0.12786
INFO:root:elite fitness: 0.20812
INFO:root:Generation: 60
INFO:root:pop fitness: 0.12988000000000002
INFO:root:elite fitness: 0.26415999999999995
INFO:root:Generation: 67
INFO:root:pop fitness: 0.13348
INFO:root:elite fitness: 0.22128
INFO:root:Generation: 61
INFO:root:pop fitness: 0.12858
INFO:root:elite fitness: 0.21203999999999998
INFO:root:Generation: 68
INFO:root:pop fitness: 0.12996
INFO:root:elite fitness: 0.20912
INFO:root:Generation: 69
INFO:root:pop fitness: 0.13327999999999998
INFO:root:elite fitness: 0.24535999999999997
INFO:root:Generation: 62
INFO:root:pop fitness: 0.1307
INFO:root:elite fitness: 0.21739999999999998
INFO:root:Generation: 70
INFO:root:pop fitness: 0.13736
INFO:root:elite fitness: 0.21047999999999997
INFO:root:Generation: 63
INFO:root:pop fitness: 0.12251999999999999
INFO:root:elite fitness: 0.18624000000000002
INFO:root:Generation: 64
INFO:root:pop fitness: 0.13308
INFO:root:elite fitness: 0.255
INFO:root:Generation: 71
INFO:root:pop fitness: 0.1146
INFO:root:elite fitness: 0.19543999999999997
INFO:root:Generation: 65
INFO:root:pop fitness: 0.1263
INFO:root:elite fitness: 0.21888000000000002
INFO:root:Generation: 72
INFO:root:pop fitness: 0.1184
INFO:root:elite fitness: 0.21760000000000002
INFO:root:Generation: 73
INFO:root:pop fitness: 0.11174
INFO:root:elite fitness: 0.20267999999999997
INFO:root:Generation: 66
INFO:root:pop fitness: 0.11642
INFO:root:elite fitness: 0.20912000000000003
INFO:root:Generation: 74
INFO:root:pop fitness: 0.11442000000000001
INFO:root:elite fitness: 0.19939999999999997
INFO:root:Generation: 67
INFO:root:pop fitness: 0.12336
INFO:root:elite fitness: 0.21332
INFO:root:Generation: 75
INFO:root:pop fitness: 0.13219999999999998
INFO:root:elite fitness: 0.25816
INFO:root:Generation: 68
INFO:root:pop fitness: 0.12218
INFO:root:elite fitness: 0.23875999999999997
INFO:root:Generation: 76
INFO:root:pop fitness: 0.11526
INFO:root:elite fitness: 0.18420000000000003
INFO:root:Generation: 69
INFO:root:pop fitness: 0.12236000000000001
INFO:root:elite fitness: 0.21539999999999998
INFO:root:Generation: 77
INFO:root:pop fitness: 0.147
INFO:root:elite fitness: 0.23623999999999998
INFO:root:Generation: 70
INFO:root:pop fitness: 0.11409999999999998
INFO:root:elite fitness: 0.21252
INFO:root:Generation: 78
INFO:root:pop fitness: 0.1383
INFO:root:elite fitness: 0.22684
INFO:root:Generation: 71
INFO:root:pop fitness: 0.14324
INFO:root:elite fitness: 0.24348
INFO:root:Generation: 79
INFO:root:pop fitness: 0.11410000000000002
INFO:root:elite fitness: 0.20691999999999997
INFO:root:Generation: 72
INFO:root:pop fitness: 0.13266
INFO:root:elite fitness: 0.26896
INFO:root:Generation: 80
INFO:root:pop fitness: 0.14636000000000002
INFO:root:elite fitness: 0.26039999999999996
INFO:root:Generation: 73
INFO:root:pop fitness: 0.13822
INFO:root:elite fitness: 0.24836000000000003
INFO:root:Generation: 81
INFO:root:pop fitness: 0.12112
INFO:root:elite fitness: 0.23056000000000001
INFO:root:Generation: 74
INFO:root:pop fitness: 0.12646
INFO:root:elite fitness: 0.2336
INFO:root:Generation: 82
INFO:root:pop fitness: 0.1328
INFO:root:elite fitness: 0.19347999999999999
INFO:root:Generation: 75
INFO:root:pop fitness: 0.1358
INFO:root:elite fitness: 0.23560000000000003
INFO:root:Generation: 83
INFO:root:pop fitness: 0.14245999999999998
INFO:root:elite fitness: 0.2382
INFO:root:Generation: 76
INFO:root:pop fitness: 0.1421
INFO:root:elite fitness: 0.24288000000000004
INFO:root:Generation: 84
INFO:root:pop fitness: 0.12480000000000001
INFO:root:elite fitness: 0.22380000000000003
INFO:root:Generation: 77
INFO:root:pop fitness: 0.15378
INFO:root:elite fitness: 0.2354
INFO:root:Generation: 85
INFO:root:pop fitness: 0.11502000000000001
INFO:root:elite fitness: 0.19436
INFO:root:Generation: 78
INFO:root:pop fitness: 0.14786
INFO:root:elite fitness: 0.26659999999999995
INFO:root:Generation: 86
INFO:root:pop fitness: 0.12116000000000002
INFO:root:elite fitness: 0.21003999999999998
INFO:root:Generation: 79
INFO:root:pop fitness: 0.12588000000000002
INFO:root:elite fitness: 0.23332
INFO:root:Generation: 87
INFO:root:pop fitness: 0.14162
INFO:root:elite fitness: 0.22308000000000003
INFO:root:Generation: 80
INFO:root:pop fitness: 0.15264
INFO:root:elite fitness: 0.26264
INFO:root:Generation: 88
INFO:root:pop fitness: 0.12634
INFO:root:elite fitness: 0.22887999999999997
INFO:root:Generation: 81
INFO:root:pop fitness: 0.1519
INFO:root:elite fitness: 0.25028
INFO:root:Generation: 89
INFO:root:pop fitness: 0.12756
INFO:root:elite fitness: 0.19860000000000003
INFO:root:Generation: 82
INFO:root:pop fitness: 0.13971999999999998
INFO:root:elite fitness: 0.22844
INFO:root:Generation: 90
INFO:root:pop fitness: 0.11353999999999999
INFO:root:elite fitness: 0.17536000000000002
INFO:root:Generation: 83
INFO:root:pop fitness: 0.14822
INFO:root:elite fitness: 0.25908000000000003
INFO:root:Generation: 91
INFO:root:pop fitness: 0.14876
INFO:root:elite fitness: 0.22639999999999996
INFO:root:Generation: 84
INFO:root:pop fitness: 0.15381999999999998
INFO:root:elite fitness: 0.2452
INFO:root:Generation: 92
INFO:root:pop fitness: 0.14172
INFO:root:elite fitness: 0.24372
INFO:root:Generation: 85
INFO:root:pop fitness: 0.13258
INFO:root:elite fitness: 0.22248
INFO:root:Generation: 93
INFO:root:pop fitness: 0.11978
INFO:root:elite fitness: 0.21408000000000002
INFO:root:Generation: 86
INFO:root:pop fitness: 0.129
INFO:root:elite fitness: 0.22624
INFO:root:Generation: 94
INFO:root:pop fitness: 0.11256000000000001
INFO:root:elite fitness: 0.18384
INFO:root:Generation: 87
INFO:root:pop fitness: 0.1422
INFO:root:elite fitness: 0.25244
INFO:root:Generation: 95
INFO:root:pop fitness: 0.10896
INFO:root:elite fitness: 0.21124
INFO:root:Generation: 88
INFO:root:pop fitness: 0.12718000000000002
INFO:root:elite fitness: 0.21176000000000003
INFO:root:Generation: 96
INFO:root:pop fitness: 0.1305
INFO:root:elite fitness: 0.23572000000000004
INFO:root:Generation: 89
INFO:root:pop fitness: 0.14266
INFO:root:elite fitness: 0.23928000000000002
INFO:root:Generation: 97
INFO:root:pop fitness: 0.15414000000000003
INFO:root:elite fitness: 0.23116
INFO:root:Generation: 90
INFO:root:pop fitness: 0.13213999999999998
INFO:root:elite fitness: 0.21963999999999997
INFO:root:Generation: 98
INFO:root:pop fitness: 0.12442000000000002
INFO:root:elite fitness: 0.2366
INFO:root:Generation: 99
INFO:root:pop fitness: 0.12292000000000002
INFO:root:elite fitness: 0.27536
INFO:root:Generation: 91
INFO:root:pop fitness: 0.13582
INFO:root:elite fitness: 0.23023999999999997
INFO:root:Generation: 100
INFO:root:pop fitness: 0.12910000000000002
INFO:root:elite fitness: 0.22936000000000004
INFO:root:Generation: 92
INFO:root:pop fitness: 0.1481
INFO:root:elite fitness: 0.24727999999999997
INFO:root:Generation: 101
INFO:root:pop fitness: 0.13521999999999998
INFO:root:elite fitness: 0.23279999999999998
INFO:root:Generation: 93
INFO:root:pop fitness: 0.12297999999999998
INFO:root:elite fitness: 0.22752
INFO:root:Generation: 102
INFO:root:pop fitness: 0.12914
INFO:root:elite fitness: 0.21392000000000003
INFO:root:Generation: 94
INFO:root:pop fitness: 0.14688
INFO:root:elite fitness: 0.25072
INFO:root:Generation: 103
INFO:root:pop fitness: 0.11865999999999997
INFO:root:elite fitness: 0.21459999999999999
INFO:root:Generation: 95
INFO:root:pop fitness: 0.14874
INFO:root:elite fitness: 0.26496000000000003
INFO:root:Generation: 104
INFO:root:pop fitness: 0.1264
INFO:root:elite fitness: 0.2008
INFO:root:Generation: 96
INFO:root:pop fitness: 0.11954000000000001
INFO:root:elite fitness: 0.18796000000000002
INFO:root:Generation: 105
INFO:root:pop fitness: 0.15866000000000002
INFO:root:elite fitness: 0.281
INFO:root:Generation: 97
INFO:root:pop fitness: 0.12294
INFO:root:elite fitness: 0.22824000000000003
INFO:root:Generation: 106
INFO:root:pop fitness: 0.13212000000000002
INFO:root:elite fitness: 0.21704
INFO:root:Generation: 107
INFO:root:pop fitness: 0.13707999999999998
INFO:root:elite fitness: 0.23568
INFO:root:Generation: 98
INFO:root:pop fitness: 0.1266
INFO:root:elite fitness: 0.20259999999999997
INFO:root:Generation: 99
INFO:root:pop fitness: 0.13134
INFO:root:elite fitness: 0.25716
INFO:root:Generation: 108
INFO:root:pop fitness: 0.13821999999999998
INFO:root:elite fitness: 0.21396
INFO:root:Generation: 109
INFO:root:pop fitness: 0.1351
INFO:root:elite fitness: 0.21524000000000001
INFO:root:Generation: 100
INFO:root:pop fitness: 0.11058
INFO:root:elite fitness: 0.19203999999999996
INFO:root:Generation: 101
INFO:root:pop fitness: 0.12768000000000002
INFO:root:elite fitness: 0.25672
INFO:root:Generation: 110
INFO:root:pop fitness: 0.13348
INFO:root:elite fitness: 0.27992000000000006
INFO:root:Generation: 111
INFO:root:pop fitness: 0.13746
INFO:root:elite fitness: 0.20495999999999995
INFO:root:Generation: 102
INFO:root:pop fitness: 0.13692
INFO:root:elite fitness: 0.23412
INFO:root:Generation: 112
INFO:root:pop fitness: 0.14702
INFO:root:elite fitness: 0.24051999999999998
INFO:root:Generation: 103
INFO:root:pop fitness: 0.14788
INFO:root:elite fitness: 0.2718
INFO:root:Generation: 113
INFO:root:pop fitness: 0.15367999999999998
INFO:root:elite fitness: 0.2434
INFO:root:Generation: 104
INFO:root:pop fitness: 0.12496
INFO:root:elite fitness: 0.20036
INFO:root:Generation: 114
INFO:root:pop fitness: 0.12872
INFO:root:elite fitness: 0.2104
INFO:root:Generation: 105
INFO:root:pop fitness: 0.12922
INFO:root:elite fitness: 0.23420000000000002
INFO:root:Generation: 115
INFO:root:pop fitness: 0.11704
INFO:root:elite fitness: 0.22508000000000003
INFO:root:Generation: 106
INFO:root:pop fitness: 0.135
INFO:root:elite fitness: 0.26196
INFO:root:Generation: 116
INFO:root:pop fitness: 0.14214000000000002
INFO:root:elite fitness: 0.24483999999999997
INFO:root:Generation: 107
INFO:root:pop fitness: 0.10896
INFO:root:elite fitness: 0.1772
INFO:root:Generation: 117
INFO:root:pop fitness: 0.1211
INFO:root:elite fitness: 0.22163999999999998
INFO:root:Generation: 108
INFO:root:pop fitness: 0.12766000000000002
INFO:root:elite fitness: 0.19432
INFO:root:Generation: 118
INFO:root:pop fitness: 0.1341
INFO:root:elite fitness: 0.23012
INFO:root:Generation: 109
INFO:root:pop fitness: 0.10792
INFO:root:elite fitness: 0.17472000000000001
INFO:root:Generation: 119
INFO:root:pop fitness: 0.1303
INFO:root:elite fitness: 0.20936
INFO:root:Generation: 110
INFO:root:pop fitness: 0.10582000000000001
INFO:root:elite fitness: 0.19440000000000002
INFO:root:Generation: 120
INFO:root:pop fitness: 0.13134
INFO:root:elite fitness: 0.20135999999999998
INFO:root:Generation: 111
INFO:root:pop fitness: 0.11876000000000003
INFO:root:elite fitness: 0.20612000000000003
INFO:root:Generation: 121
INFO:root:pop fitness: 0.1315
INFO:root:elite fitness: 0.19976
INFO:root:Generation: 112
INFO:root:pop fitness: 0.11462
INFO:root:elite fitness: 0.18644
INFO:root:Generation: 122
INFO:root:pop fitness: 0.15808
INFO:root:elite fitness: 0.26599999999999996
INFO:root:Generation: 113
INFO:root:pop fitness: 0.11370000000000001
INFO:root:elite fitness: 0.23232
INFO:root:Generation: 123
INFO:root:pop fitness: 0.13494
INFO:root:elite fitness: 0.23652000000000004
INFO:root:Generation: 114
INFO:root:pop fitness: 0.11648
INFO:root:elite fitness: 0.20679999999999998
INFO:root:Generation: 124
INFO:root:pop fitness: 0.13418000000000002
INFO:root:elite fitness: 0.22364000000000003
INFO:root:Generation: 115
INFO:root:pop fitness: 0.11186
INFO:root:elite fitness: 0.21996
INFO:root:Generation: 125
INFO:root:pop fitness: 0.13558
INFO:root:elite fitness: 0.22648
INFO:root:Generation: 116
INFO:root:pop fitness: 0.14056000000000002
INFO:root:elite fitness: 0.24264
INFO:root:Generation: 126
INFO:root:pop fitness: 0.12561999999999998
INFO:root:elite fitness: 0.21392
INFO:root:Generation: 117
INFO:root:pop fitness: 0.13598
INFO:root:elite fitness: 0.23748000000000002
INFO:root:Generation: 127
INFO:root:pop fitness: 0.14493999999999999
INFO:root:elite fitness: 0.23567999999999997
INFO:root:Generation: 128
INFO:root:pop fitness: 0.11963999999999998
INFO:root:elite fitness: 0.21051999999999998
INFO:root:Generation: 118
INFO:root:pop fitness: 0.11710000000000001
INFO:root:elite fitness: 0.22232
INFO:root:Generation: 129
INFO:root:pop fitness: 0.12524
INFO:root:elite fitness: 0.2198
INFO:root:Generation: 119
INFO:root:pop fitness: 0.14482
INFO:root:elite fitness: 0.26032
INFO:root:Generation: 130
INFO:root:pop fitness: 0.12933999999999998
INFO:root:elite fitness: 0.20251999999999998
INFO:root:Generation: 120
INFO:root:pop fitness: 0.12134
INFO:root:elite fitness: 0.20623999999999998
INFO:root:Generation: 131
INFO:root:pop fitness: 0.14839999999999998
INFO:root:elite fitness: 0.22816
INFO:root:Generation: 121
INFO:root:pop fitness: 0.12958000000000003
INFO:root:elite fitness: 0.22644000000000003
INFO:root:Generation: 132
INFO:root:pop fitness: 0.10892000000000002
INFO:root:elite fitness: 0.215
INFO:root:Generation: 122
INFO:root:pop fitness: 0.12422000000000001
INFO:root:elite fitness: 0.26472
INFO:root:Generation: 133
INFO:root:pop fitness: 0.14006
INFO:root:elite fitness: 0.26004
INFO:root:Generation: 123
INFO:root:pop fitness: 0.1259
INFO:root:elite fitness: 0.19760000000000003
INFO:root:Generation: 134
INFO:root:pop fitness: 0.13358
INFO:root:elite fitness: 0.23896
INFO:root:Generation: 124
INFO:root:pop fitness: 0.12367999999999998
INFO:root:elite fitness: 0.19488
INFO:root:Generation: 135
INFO:root:pop fitness: 0.13656000000000001
INFO:root:elite fitness: 0.26104
INFO:root:Generation: 125
INFO:root:pop fitness: 0.11058
INFO:root:elite fitness: 0.22232000000000002
INFO:root:Generation: 136
INFO:root:pop fitness: 0.13634000000000002
INFO:root:elite fitness: 0.25004000000000004
INFO:root:Generation: 126
INFO:root:pop fitness: 0.12916
INFO:root:elite fitness: 0.21291999999999997
INFO:root:Generation: 137
INFO:root:pop fitness: 0.12134
INFO:root:elite fitness: 0.20956000000000002
INFO:root:Generation: 127
INFO:root:pop fitness: 0.09961999999999999
INFO:root:elite fitness: 0.18608
INFO:root:Generation: 138
INFO:root:pop fitness: 0.12882000000000002
INFO:root:elite fitness: 0.23076000000000005
INFO:root:Generation: 128
INFO:root:pop fitness: 0.12832000000000002
INFO:root:elite fitness: 0.23104
INFO:root:Generation: 139
INFO:root:pop fitness: 0.11298
INFO:root:elite fitness: 0.19992000000000001
INFO:root:Generation: 129
INFO:root:pop fitness: 0.11848
INFO:root:elite fitness: 0.24188
INFO:root:Generation: 140
INFO:root:pop fitness: 0.12780000000000002
INFO:root:elite fitness: 0.25376
INFO:root:Generation: 130
INFO:root:pop fitness: 0.1097
INFO:root:elite fitness: 0.2122
INFO:root:Generation: 131
INFO:root:pop fitness: 0.10354000000000001
INFO:root:elite fitness: 0.2072
INFO:root:Generation: 141
INFO:root:pop fitness: 0.12612
INFO:root:elite fitness: 0.19703999999999997
INFO:root:Generation: 132
INFO:root:pop fitness: 0.11260000000000002
INFO:root:elite fitness: 0.215
INFO:root:Generation: 142
INFO:root:pop fitness: 0.14772
INFO:root:elite fitness: 0.28144
INFO:root:Generation: 133
INFO:root:pop fitness: 0.11736
INFO:root:elite fitness: 0.22564
INFO:root:Generation: 143
INFO:root:pop fitness: 0.12744
INFO:root:elite fitness: 0.1846
INFO:root:Generation: 134
INFO:root:pop fitness: 0.1255
INFO:root:elite fitness: 0.21799999999999997
INFO:root:Generation: 144
INFO:root:pop fitness: 0.14718
INFO:root:elite fitness: 0.24559999999999998
INFO:root:Generation: 135
INFO:root:pop fitness: 0.10454
INFO:root:elite fitness: 0.18336000000000002
INFO:root:Generation: 145
INFO:root:pop fitness: 0.12186000000000002
INFO:root:elite fitness: 0.2208
INFO:root:Generation: 146
INFO:root:pop fitness: 0.14034000000000002
INFO:root:elite fitness: 0.24224
INFO:root:Generation: 136
INFO:root:pop fitness: 0.11503999999999999
INFO:root:elite fitness: 0.20108
INFO:root:Generation: 147
INFO:root:pop fitness: 0.12736
INFO:root:elite fitness: 0.21375999999999998
INFO:root:Generation: 137
INFO:root:pop fitness: 0.11074
INFO:root:elite fitness: 0.23108000000000004
INFO:root:Generation: 138
INFO:root:pop fitness: 0.09988
INFO:root:elite fitness: 0.16948
INFO:root:Generation: 148
INFO:root:pop fitness: 0.13916
INFO:root:elite fitness: 0.26348000000000005
INFO:root:Generation: 149
INFO:root:pop fitness: 0.15428
INFO:root:elite fitness: 0.30576
INFO:root:Generation: 139
INFO:root:pop fitness: 0.11185999999999999
INFO:root:elite fitness: 0.16656
INFO:root:Generation: 150
INFO:root:pop fitness: 0.11806
INFO:root:elite fitness: 0.20875999999999997
INFO:root:Generation: 140
INFO:root:pop fitness: 0.11618
INFO:root:elite fitness: 0.19168
INFO:root:Generation: 151
INFO:root:pop fitness: 0.15560000000000002
INFO:root:elite fitness: 0.27515999999999996
INFO:root:Generation: 141
INFO:root:pop fitness: 0.11853999999999999
INFO:root:elite fitness: 0.20088
INFO:root:Generation: 152
INFO:root:pop fitness: 0.14387999999999998
INFO:root:elite fitness: 0.24516000000000004
INFO:root:Generation: 142
INFO:root:pop fitness: 0.12125999999999999
INFO:root:elite fitness: 0.21991999999999998
INFO:root:Generation: 153
INFO:root:pop fitness: 0.14226
INFO:root:elite fitness: 0.23876
INFO:root:Generation: 143
INFO:root:pop fitness: 0.11995999999999998
INFO:root:elite fitness: 0.24048000000000003
INFO:root:Generation: 154
INFO:root:pop fitness: 0.1421
INFO:root:elite fitness: 0.23047999999999993
INFO:root:Generation: 144
INFO:root:pop fitness: 0.13296000000000002
INFO:root:elite fitness: 0.23587999999999998
INFO:root:Generation: 155
INFO:root:pop fitness: 0.13008
INFO:root:elite fitness: 0.21395999999999998
INFO:root:Generation: 145
INFO:root:pop fitness: 0.11684000000000001
INFO:root:elite fitness: 0.19400000000000003
INFO:root:Generation: 146
INFO:root:pop fitness: 0.11689999999999999
INFO:root:elite fitness: 0.21872
INFO:root:Generation: 156
INFO:root:pop fitness: 0.15062
INFO:root:elite fitness: 0.25067999999999996
INFO:root:Generation: 147
INFO:root:pop fitness: 0.12864
INFO:root:elite fitness: 0.20736000000000002
INFO:root:Generation: 157
INFO:root:pop fitness: 0.14108
INFO:root:elite fitness: 0.25451999999999997
INFO:root:Generation: 148
INFO:root:pop fitness: 0.12744
INFO:root:elite fitness: 0.19076
INFO:root:Generation: 158
INFO:root:pop fitness: 0.15158
INFO:root:elite fitness: 0.2504
INFO:root:Generation: 149
INFO:root:pop fitness: 0.1564
INFO:root:elite fitness: 0.26252
INFO:root:Generation: 159
INFO:root:pop fitness: 0.13554000000000002
INFO:root:elite fitness: 0.27304
INFO:root:Generation: 150
INFO:root:pop fitness: 0.12432
INFO:root:elite fitness: 0.23556000000000002
INFO:root:Generation: 160
INFO:root:pop fitness: 0.15206000000000003
INFO:root:elite fitness: 0.24404000000000003
INFO:root:Generation: 161
INFO:root:pop fitness: 0.16834
INFO:root:elite fitness: 0.29128
INFO:root:Generation: 151
INFO:root:pop fitness: 0.12564
INFO:root:elite fitness: 0.2066
INFO:root:Generation: 162
INFO:root:pop fitness: 0.13219999999999998
INFO:root:elite fitness: 0.22132000000000002
INFO:root:Generation: 152
INFO:root:pop fitness: 0.15367999999999998
INFO:root:elite fitness: 0.24724000000000002
INFO:root:Generation: 163
INFO:root:pop fitness: 0.12744000000000003
INFO:root:elite fitness: 0.23612
INFO:root:Generation: 153
INFO:root:pop fitness: 0.12884
INFO:root:elite fitness: 0.24016
INFO:root:Generation: 164
INFO:root:pop fitness: 0.14424
INFO:root:elite fitness: 0.25192
INFO:root:Generation: 154
INFO:root:pop fitness: 0.13408
INFO:root:elite fitness: 0.26424
INFO:root:Generation: 165
INFO:root:pop fitness: 0.13574
INFO:root:elite fitness: 0.22328000000000003
INFO:root:Generation: 155
INFO:root:pop fitness: 0.13514
INFO:root:elite fitness: 0.22196
INFO:root:Generation: 166
INFO:root:pop fitness: 0.12347999999999999
INFO:root:elite fitness: 0.20776
INFO:root:Generation: 156
INFO:root:pop fitness: 0.16942000000000002
INFO:root:elite fitness: 0.27892
INFO:root:Generation: 167
INFO:root:pop fitness: 0.13212
INFO:root:elite fitness: 0.21072000000000002
INFO:root:Generation: 157
INFO:root:pop fitness: 0.12284
INFO:root:elite fitness: 0.2046
INFO:root:Generation: 168
INFO:root:pop fitness: 0.14294
INFO:root:elite fitness: 0.23368000000000003
INFO:root:Generation: 158
INFO:root:pop fitness: 0.15592
INFO:root:elite fitness: 0.24131999999999998
INFO:root:Generation: 169
INFO:root:pop fitness: 0.1491
INFO:root:elite fitness: 0.24036
INFO:root:Generation: 159
INFO:root:pop fitness: 0.11184000000000001
INFO:root:elite fitness: 0.18652000000000002
INFO:root:Generation: 170
INFO:root:pop fitness: 0.13818
INFO:root:elite fitness: 0.25795999999999997
INFO:root:Generation: 160
INFO:root:pop fitness: 0.13561999999999996
INFO:root:elite fitness: 0.25823999999999997
INFO:root:Generation: 171
INFO:root:pop fitness: 0.11772
INFO:root:elite fitness: 0.22552
INFO:root:Generation: 161
INFO:root:pop fitness: 0.15274000000000001
INFO:root:elite fitness: 0.26372
INFO:root:Generation: 172
INFO:root:pop fitness: 0.12044000000000002
INFO:root:elite fitness: 0.24236000000000002
INFO:root:Generation: 162
INFO:root:pop fitness: 0.14079999999999998
INFO:root:elite fitness: 0.25916
INFO:root:Generation: 173
INFO:root:pop fitness: 0.13562000000000002
INFO:root:elite fitness: 0.24996
INFO:root:Generation: 163
INFO:root:pop fitness: 0.13176
INFO:root:elite fitness: 0.22599999999999998
INFO:root:Generation: 174
INFO:root:pop fitness: 0.12896
INFO:root:elite fitness: 0.24744
INFO:root:Generation: 164
INFO:root:pop fitness: 0.14134
INFO:root:elite fitness: 0.23972000000000002
INFO:root:Generation: 175
INFO:root:pop fitness: 0.1255
INFO:root:elite fitness: 0.22927999999999998
INFO:root:Generation: 165
INFO:root:pop fitness: 0.14372000000000001
INFO:root:elite fitness: 0.25076
INFO:root:Generation: 176
INFO:root:pop fitness: 0.12596000000000002
INFO:root:elite fitness: 0.21456
INFO:root:Generation: 166
INFO:root:pop fitness: 0.14998
INFO:root:elite fitness: 0.28431999999999996
INFO:root:Generation: 177
INFO:root:pop fitness: 0.12855999999999998
INFO:root:elite fitness: 0.21971999999999997
INFO:root:Generation: 167
INFO:root:pop fitness: 0.13812000000000002
INFO:root:elite fitness: 0.23143999999999998
INFO:root:Generation: 178
INFO:root:pop fitness: 0.1537
INFO:root:elite fitness: 0.28304
INFO:root:Generation: 168
INFO:root:pop fitness: 0.1343
INFO:root:elite fitness: 0.23976
INFO:root:Generation: 179
INFO:root:pop fitness: 0.12152000000000002
INFO:root:elite fitness: 0.23184000000000002
INFO:root:Generation: 169
INFO:root:pop fitness: 0.12840000000000001
INFO:root:elite fitness: 0.22583999999999999
INFO:root:Generation: 180
INFO:root:pop fitness: 0.15203999999999998
INFO:root:elite fitness: 0.24760000000000001
INFO:root:Generation: 181
INFO:root:pop fitness: 0.13176
INFO:root:elite fitness: 0.22904
INFO:root:Generation: 170
INFO:root:pop fitness: 0.13198
INFO:root:elite fitness: 0.24380000000000002
INFO:root:Generation: 182
INFO:root:pop fitness: 0.13950000000000004
INFO:root:elite fitness: 0.2432
INFO:root:Generation: 171
INFO:root:pop fitness: 0.11757999999999999
INFO:root:elite fitness: 0.20127999999999996
INFO:root:Generation: 183
INFO:root:pop fitness: 0.13147999999999999
INFO:root:elite fitness: 0.22591999999999998
INFO:root:Generation: 172
INFO:root:pop fitness: 0.15114
INFO:root:elite fitness: 0.25504
INFO:root:Generation: 184
INFO:root:pop fitness: 0.13232
INFO:root:elite fitness: 0.2146
INFO:root:Generation: 173
INFO:root:pop fitness: 0.12576
INFO:root:elite fitness: 0.21824000000000002
INFO:root:Generation: 185
INFO:root:pop fitness: 0.13482000000000002
INFO:root:elite fitness: 0.24844000000000002
INFO:root:Generation: 174
INFO:root:pop fitness: 0.13762
INFO:root:elite fitness: 0.21096
INFO:root:Generation: 186
INFO:root:pop fitness: 0.13726
INFO:root:elite fitness: 0.22368
INFO:root:Generation: 175
INFO:root:pop fitness: 0.11765999999999999
INFO:root:elite fitness: 0.17488
INFO:root:Generation: 187
INFO:root:pop fitness: 0.14734
INFO:root:elite fitness: 0.26367999999999997
INFO:root:Generation: 176
INFO:root:pop fitness: 0.14548000000000003
INFO:root:elite fitness: 0.22484
INFO:root:Generation: 188
INFO:root:pop fitness: 0.13966
INFO:root:elite fitness: 0.29500000000000004
INFO:root:Generation: 177
INFO:root:pop fitness: 0.13246000000000002
INFO:root:elite fitness: 0.21892
INFO:root:Generation: 189
INFO:root:pop fitness: 0.15926
INFO:root:elite fitness: 0.28036
INFO:root:Generation: 178
INFO:root:pop fitness: 0.12322
INFO:root:elite fitness: 0.20204
INFO:root:Generation: 190
INFO:root:pop fitness: 0.15596000000000002
INFO:root:elite fitness: 0.23604000000000003
INFO:root:Generation: 179
INFO:root:pop fitness: 0.11778000000000001
INFO:root:elite fitness: 0.19628
INFO:root:Generation: 191
INFO:root:pop fitness: 0.13324
INFO:root:elite fitness: 0.22288
INFO:root:Generation: 180
INFO:root:pop fitness: 0.13608
INFO:root:elite fitness: 0.24216000000000001
INFO:root:Generation: 192
INFO:root:pop fitness: 0.13838
INFO:root:elite fitness: 0.22240000000000001
INFO:root:Generation: 181
INFO:root:pop fitness: 0.13629999999999998
INFO:root:elite fitness: 0.24275999999999998
INFO:root:Generation: 193
INFO:root:pop fitness: 0.1182
INFO:root:elite fitness: 0.19816
INFO:root:Generation: 182
INFO:root:pop fitness: 0.14104
INFO:root:elite fitness: 0.24256
INFO:root:Generation: 194
INFO:root:pop fitness: 0.12862
INFO:root:elite fitness: 0.2322
INFO:root:Generation: 183
INFO:root:pop fitness: 0.14186
INFO:root:elite fitness: 0.24096
INFO:root:Generation: 195
INFO:root:pop fitness: 0.15
INFO:root:elite fitness: 0.23836000000000002
INFO:root:Generation: 184
INFO:root:pop fitness: 0.15368
INFO:root:elite fitness: 0.25472
INFO:root:Generation: 196
INFO:root:pop fitness: 0.1462
INFO:root:elite fitness: 0.24672
INFO:root:Generation: 197
INFO:root:pop fitness: 0.1367
INFO:root:elite fitness: 0.20188000000000003
INFO:root:Generation: 185
INFO:root:pop fitness: 0.14078
INFO:root:elite fitness: 0.24724000000000002
INFO:root:Generation: 198
INFO:root:pop fitness: 0.14496000000000003
INFO:root:elite fitness: 0.2694
INFO:root:Generation: 186
INFO:root:pop fitness: 0.13398
INFO:root:elite fitness: 0.2284
INFO:root:Generation: 199
INFO:root:pop fitness: 0.14772
INFO:root:elite fitness: 0.23196000000000003
INFO:root:Generation: 187
INFO:root:pop fitness: 0.12869999999999998
INFO:root:elite fitness: 0.23995999999999998
INFO:root:Generation: 188
INFO:root:pop fitness: 0.11886
INFO:root:elite fitness: 0.21312
INFO:root:Generation: 189
INFO:root:pop fitness: 0.13763999999999998
INFO:root:elite fitness: 0.21224
INFO:root:Generation: 190
INFO:root:pop fitness: 0.14572000000000002
INFO:root:elite fitness: 0.29096
INFO:root:Generation: 191
INFO:root:pop fitness: 0.15314000000000003
INFO:root:elite fitness: 0.25767999999999996
INFO:root:Generation: 192
INFO:root:pop fitness: 0.13344
INFO:root:elite fitness: 0.21799999999999997
INFO:root:Generation: 193
INFO:root:pop fitness: 0.14795999999999998
INFO:root:elite fitness: 0.24795999999999999
INFO:root:Generation: 194
INFO:root:pop fitness: 0.13577999999999998
INFO:root:elite fitness: 0.21584
INFO:root:Generation: 195
INFO:root:pop fitness: 0.14615999999999998
INFO:root:elite fitness: 0.25832
INFO:root:Generation: 196
INFO:root:pop fitness: 0.13814
INFO:root:elite fitness: 0.21048000000000003
INFO:root:Generation: 197
INFO:root:pop fitness: 0.11757999999999999
INFO:root:elite fitness: 0.19399999999999998
INFO:root:Generation: 198
INFO:root:pop fitness: 0.11928000000000001
INFO:root:elite fitness: 0.20739999999999997
INFO:root:Generation: 199
INFO:root:pop fitness: 0.13254000000000002
INFO:root:elite fitness: 0.20832
