INFO:root:run_master: Namespace(arms='10', hidden='128', layers='1', max_gen='200', message='', mutation_mag='0.01', name='nonStationary_v2', noise=False, pop_size='50', save_result=True, trials='100')
INFO:root:run_master: Namespace(arms='10', hidden='128', layers='1', max_gen='200', message='', mutation_mag='0.01', name='nonStationary_v2', noise=True, pop_size='50', save_result=True, trials='100')
INFO:root:Generation: 0
INFO:root:pop fitness: 0.10221999999999999
INFO:root:elite fitness: 0.11291999999999999
INFO:root:Generation: 0
INFO:root:pop fitness: 0.09921999999999999
INFO:root:elite fitness: 0.10876000000000001
INFO:root:Generation: 1
INFO:root:pop fitness: 0.10523999999999999
INFO:root:elite fitness: 0.12683999999999998
INFO:root:Generation: 1
INFO:root:pop fitness: 0.10159999999999998
INFO:root:elite fitness: 0.12408000000000001
INFO:root:Generation: 2
INFO:root:pop fitness: 0.10198
INFO:root:elite fitness: 0.13824000000000003
INFO:root:Generation: 2
INFO:root:pop fitness: 0.09866
INFO:root:elite fitness: 0.15567999999999999
INFO:root:Generation: 3
INFO:root:pop fitness: 0.09635999999999999
INFO:root:elite fitness: 0.14388
INFO:root:Generation: 3
INFO:root:pop fitness: 0.10236
INFO:root:elite fitness: 0.13904000000000002
INFO:root:Generation: 4
INFO:root:pop fitness: 0.09970000000000001
INFO:root:elite fitness: 0.1452
INFO:root:Generation: 4
INFO:root:pop fitness: 0.10618
INFO:root:elite fitness: 0.16219999999999998
INFO:root:Generation: 5
INFO:root:pop fitness: 0.10627999999999999
INFO:root:elite fitness: 0.18184
INFO:root:Generation: 5
INFO:root:pop fitness: 0.10102
INFO:root:elite fitness: 0.17467999999999997
INFO:root:Generation: 6
INFO:root:pop fitness: 0.10790000000000001
INFO:root:elite fitness: 0.16188000000000002
INFO:root:Generation: 6
INFO:root:pop fitness: 0.10944
INFO:root:elite fitness: 0.17672000000000002
INFO:root:Generation: 7
INFO:root:pop fitness: 0.11522
INFO:root:elite fitness: 0.18024
INFO:root:Generation: 7
INFO:root:pop fitness: 0.09789999999999999
INFO:root:elite fitness: 0.16843999999999998
INFO:root:Generation: 8
INFO:root:pop fitness: 0.11448
INFO:root:elite fitness: 0.18460000000000001
INFO:root:Generation: 8
INFO:root:pop fitness: 0.11833999999999997
INFO:root:elite fitness: 0.20356000000000002
INFO:root:Generation: 9
INFO:root:pop fitness: 0.13046
INFO:root:elite fitness: 0.2218
INFO:root:Generation: 9
INFO:root:pop fitness: 0.10347999999999999
INFO:root:elite fitness: 0.16068000000000002
INFO:root:Generation: 10
INFO:root:pop fitness: 0.1202
INFO:root:elite fitness: 0.22215999999999997
INFO:root:Generation: 10
INFO:root:pop fitness: 0.10276
INFO:root:elite fitness: 0.16008000000000003
INFO:root:Generation: 11
INFO:root:pop fitness: 0.10732000000000001
INFO:root:elite fitness: 0.18208
INFO:root:Generation: 12
INFO:root:pop fitness: 0.1338
INFO:root:elite fitness: 0.22916
INFO:root:Generation: 11
INFO:root:pop fitness: 0.11126
INFO:root:elite fitness: 0.18868
INFO:root:Generation: 13
INFO:root:pop fitness: 0.11213999999999999
INFO:root:elite fitness: 0.18051999999999999
INFO:root:Generation: 12
INFO:root:pop fitness: 0.11565999999999999
INFO:root:elite fitness: 0.19544
INFO:root:Generation: 14
INFO:root:pop fitness: 0.11348000000000001
INFO:root:elite fitness: 0.17559999999999998
INFO:root:Generation: 15
INFO:root:pop fitness: 0.11338
INFO:root:elite fitness: 0.2426
INFO:root:Generation: 13
INFO:root:pop fitness: 0.11216
INFO:root:elite fitness: 0.19139999999999996
INFO:root:Generation: 16
INFO:root:pop fitness: 0.1118
INFO:root:elite fitness: 0.18236
INFO:root:Generation: 14
INFO:root:pop fitness: 0.12528
INFO:root:elite fitness: 0.20620000000000002
INFO:root:Generation: 17
INFO:root:pop fitness: 0.14244
INFO:root:elite fitness: 0.24588000000000002
INFO:root:Generation: 15
INFO:root:pop fitness: 0.10706000000000002
INFO:root:elite fitness: 0.18432
INFO:root:Generation: 18
INFO:root:pop fitness: 0.12492
INFO:root:elite fitness: 0.20067999999999997
INFO:root:Generation: 16
INFO:root:pop fitness: 0.11049999999999999
INFO:root:elite fitness: 0.17876
INFO:root:Generation: 19
INFO:root:pop fitness: 0.12425999999999998
INFO:root:elite fitness: 0.19004
INFO:root:Generation: 20
INFO:root:pop fitness: 0.11313999999999998
INFO:root:elite fitness: 0.19336000000000003
INFO:root:Generation: 17
INFO:root:pop fitness: 0.11327999999999999
INFO:root:elite fitness: 0.19432000000000002
INFO:root:Generation: 21
INFO:root:pop fitness: 0.1027
INFO:root:elite fitness: 0.1726
INFO:root:Generation: 18
INFO:root:pop fitness: 0.10450000000000001
INFO:root:elite fitness: 0.18919999999999998
INFO:root:Generation: 22
INFO:root:pop fitness: 0.11417999999999999
INFO:root:elite fitness: 0.21603999999999995
INFO:root:Generation: 19
INFO:root:pop fitness: 0.12491999999999999
INFO:root:elite fitness: 0.18824000000000002
INFO:root:Generation: 23
INFO:root:pop fitness: 0.11326
INFO:root:elite fitness: 0.17748
INFO:root:Generation: 20
INFO:root:pop fitness: 0.11758
INFO:root:elite fitness: 0.23919999999999997
INFO:root:Generation: 24
INFO:root:pop fitness: 0.1061
INFO:root:elite fitness: 0.17799999999999996
INFO:root:Generation: 25
INFO:root:pop fitness: 0.10825999999999998
INFO:root:elite fitness: 0.1834
INFO:root:Generation: 21
INFO:root:pop fitness: 0.12405999999999999
INFO:root:elite fitness: 0.21748
INFO:root:Generation: 26
INFO:root:pop fitness: 0.12968
INFO:root:elite fitness: 0.23271999999999998
INFO:root:Generation: 22
INFO:root:pop fitness: 0.12079999999999998
INFO:root:elite fitness: 0.20480000000000004
INFO:root:Generation: 27
INFO:root:pop fitness: 0.11898
INFO:root:elite fitness: 0.23416000000000003
INFO:root:Generation: 23
INFO:root:pop fitness: 0.1262
INFO:root:elite fitness: 0.23316000000000003
INFO:root:Generation: 28
INFO:root:pop fitness: 0.12333999999999999
INFO:root:elite fitness: 0.18548
INFO:root:Generation: 24
INFO:root:pop fitness: 0.10803999999999998
INFO:root:elite fitness: 0.18883999999999998
INFO:root:Generation: 29
INFO:root:pop fitness: 0.11918000000000001
INFO:root:elite fitness: 0.22736
INFO:root:Generation: 25
INFO:root:pop fitness: 0.13616
INFO:root:elite fitness: 0.2054
INFO:root:Generation: 30
INFO:root:pop fitness: 0.11921999999999999
INFO:root:elite fitness: 0.22727999999999998
INFO:root:Generation: 26
INFO:root:pop fitness: 0.12936000000000003
INFO:root:elite fitness: 0.20784
INFO:root:Generation: 31
INFO:root:pop fitness: 0.11868000000000001
INFO:root:elite fitness: 0.1888
INFO:root:Generation: 27
INFO:root:pop fitness: 0.12484000000000002
INFO:root:elite fitness: 0.20415999999999998
INFO:root:Generation: 32
INFO:root:pop fitness: 0.11314
INFO:root:elite fitness: 0.18780000000000002
INFO:root:Generation: 28
INFO:root:pop fitness: 0.12114000000000001
INFO:root:elite fitness: 0.24236000000000002
INFO:root:Generation: 33
INFO:root:pop fitness: 0.12824
INFO:root:elite fitness: 0.21220000000000003
INFO:root:Generation: 29
INFO:root:pop fitness: 0.13499999999999998
INFO:root:elite fitness: 0.22207999999999997
INFO:root:Generation: 34
INFO:root:pop fitness: 0.13342
INFO:root:elite fitness: 0.24392
INFO:root:Generation: 30
INFO:root:pop fitness: 0.13662
INFO:root:elite fitness: 0.22884000000000002
INFO:root:Generation: 35
INFO:root:pop fitness: 0.1213
INFO:root:elite fitness: 0.23571999999999999
INFO:root:Generation: 36
INFO:root:pop fitness: 0.1318
INFO:root:elite fitness: 0.22352
INFO:root:Generation: 31
INFO:root:pop fitness: 0.12542
INFO:root:elite fitness: 0.19264000000000003
INFO:root:Generation: 37
INFO:root:pop fitness: 0.11052
INFO:root:elite fitness: 0.1984
INFO:root:Generation: 32
INFO:root:pop fitness: 0.1403
INFO:root:elite fitness: 0.24036000000000005
INFO:root:Generation: 38
INFO:root:pop fitness: 0.11082
INFO:root:elite fitness: 0.22207999999999997
INFO:root:Generation: 33
INFO:root:pop fitness: 0.13974
INFO:root:elite fitness: 0.24212
INFO:root:Generation: 39
INFO:root:pop fitness: 0.1139
INFO:root:elite fitness: 0.1856
INFO:root:Generation: 34
INFO:root:pop fitness: 0.1228
INFO:root:elite fitness: 0.20643999999999998
INFO:root:Generation: 40
INFO:root:pop fitness: 0.12126
INFO:root:elite fitness: 0.20684000000000002
INFO:root:Generation: 35
INFO:root:pop fitness: 0.1543
INFO:root:elite fitness: 0.25500000000000006
INFO:root:Generation: 41
INFO:root:pop fitness: 0.1385
INFO:root:elite fitness: 0.23495999999999997
INFO:root:Generation: 36
INFO:root:pop fitness: 0.14644
INFO:root:elite fitness: 0.23092000000000001
INFO:root:Generation: 42
INFO:root:pop fitness: 0.122
INFO:root:elite fitness: 0.20247999999999997
INFO:root:Generation: 37
INFO:root:pop fitness: 0.12206
INFO:root:elite fitness: 0.20812
INFO:root:Generation: 43
INFO:root:pop fitness: 0.12836
INFO:root:elite fitness: 0.21136
INFO:root:Generation: 44
INFO:root:pop fitness: 0.13032000000000002
INFO:root:elite fitness: 0.24228000000000002
INFO:root:Generation: 38
INFO:root:pop fitness: 0.14416
INFO:root:elite fitness: 0.23284
INFO:root:Generation: 45
INFO:root:pop fitness: 0.14206
INFO:root:elite fitness: 0.25028
INFO:root:Generation: 39
INFO:root:pop fitness: 0.1532
INFO:root:elite fitness: 0.25772
INFO:root:Generation: 46
INFO:root:pop fitness: 0.1267
INFO:root:elite fitness: 0.22148
INFO:root:Generation: 40
INFO:root:pop fitness: 0.14848
INFO:root:elite fitness: 0.23196000000000003
INFO:root:Generation: 47
INFO:root:pop fitness: 0.12648
INFO:root:elite fitness: 0.20652000000000004
INFO:root:Generation: 41
INFO:root:pop fitness: 0.13518
INFO:root:elite fitness: 0.24112000000000003
INFO:root:Generation: 48
INFO:root:pop fitness: 0.14867999999999998
INFO:root:elite fitness: 0.24364
INFO:root:Generation: 42
INFO:root:pop fitness: 0.11440000000000002
INFO:root:elite fitness: 0.17064000000000001
INFO:root:Generation: 49
INFO:root:pop fitness: 0.11888
INFO:root:elite fitness: 0.20616
INFO:root:Generation: 43
INFO:root:pop fitness: 0.12192
INFO:root:elite fitness: 0.2208
INFO:root:Generation: 50
INFO:root:pop fitness: 0.11842000000000001
INFO:root:elite fitness: 0.18291999999999997
INFO:root:Generation: 51
INFO:root:pop fitness: 0.12692000000000003
INFO:root:elite fitness: 0.1972
INFO:root:Generation: 44
INFO:root:pop fitness: 0.13351999999999997
INFO:root:elite fitness: 0.23240000000000002
INFO:root:Generation: 52
INFO:root:pop fitness: 0.13019999999999998
INFO:root:elite fitness: 0.22927999999999998
INFO:root:Generation: 45
INFO:root:pop fitness: 0.126
INFO:root:elite fitness: 0.19344
INFO:root:Generation: 53
INFO:root:pop fitness: 0.14534
INFO:root:elite fitness: 0.26256
INFO:root:Generation: 46
INFO:root:pop fitness: 0.11791999999999998
INFO:root:elite fitness: 0.19536
INFO:root:Generation: 54
INFO:root:pop fitness: 0.13399999999999998
INFO:root:elite fitness: 0.22628
INFO:root:Generation: 47
INFO:root:pop fitness: 0.12575999999999998
INFO:root:elite fitness: 0.21752000000000002
INFO:root:Generation: 55
INFO:root:pop fitness: 0.12134000000000002
INFO:root:elite fitness: 0.20808
INFO:root:Generation: 48
INFO:root:pop fitness: 0.13283999999999999
INFO:root:elite fitness: 0.22835999999999998
INFO:root:Generation: 56
INFO:root:pop fitness: 0.12304
INFO:root:elite fitness: 0.19943999999999998
INFO:root:Generation: 49
INFO:root:pop fitness: 0.12832000000000002
INFO:root:elite fitness: 0.20704
INFO:root:Generation: 57
INFO:root:pop fitness: 0.12968
INFO:root:elite fitness: 0.21803999999999998
INFO:root:Generation: 50
INFO:root:pop fitness: 0.12761999999999998
INFO:root:elite fitness: 0.23440000000000003
INFO:root:Generation: 51
INFO:root:pop fitness: 0.12902
INFO:root:elite fitness: 0.23619999999999997
INFO:root:Generation: 58
INFO:root:pop fitness: 0.13592
INFO:root:elite fitness: 0.22832
INFO:root:Generation: 52
INFO:root:pop fitness: 0.1303
INFO:root:elite fitness: 0.21544
INFO:root:Generation: 59
INFO:root:pop fitness: 0.12304000000000002
INFO:root:elite fitness: 0.17504
INFO:root:Generation: 53
INFO:root:pop fitness: 0.14007999999999998
INFO:root:elite fitness: 0.22752
INFO:root:Generation: 60
INFO:root:pop fitness: 0.15157999999999996
INFO:root:elite fitness: 0.25608
INFO:root:Generation: 61
INFO:root:pop fitness: 0.13672
INFO:root:elite fitness: 0.24564000000000002
INFO:root:Generation: 54
INFO:root:pop fitness: 0.12974
INFO:root:elite fitness: 0.22403999999999996
INFO:root:Generation: 62
INFO:root:pop fitness: 0.13908
INFO:root:elite fitness: 0.23664000000000002
INFO:root:Generation: 55
INFO:root:pop fitness: 0.10852
INFO:root:elite fitness: 0.22680000000000003
INFO:root:Generation: 63
INFO:root:pop fitness: 0.11331999999999998
INFO:root:elite fitness: 0.19292
INFO:root:Generation: 64
INFO:root:pop fitness: 0.14232
INFO:root:elite fitness: 0.22515999999999997
INFO:root:Generation: 56
INFO:root:pop fitness: 0.13042
INFO:root:elite fitness: 0.20332
INFO:root:Generation: 65
INFO:root:pop fitness: 0.13316000000000003
INFO:root:elite fitness: 0.24784000000000003
INFO:root:Generation: 57
INFO:root:pop fitness: 0.12307999999999998
INFO:root:elite fitness: 0.19468
INFO:root:Generation: 66
INFO:root:pop fitness: 0.14178
INFO:root:elite fitness: 0.23308
INFO:root:Generation: 58
INFO:root:pop fitness: 0.13363999999999998
INFO:root:elite fitness: 0.21488
INFO:root:Generation: 67
INFO:root:pop fitness: 0.13712
INFO:root:elite fitness: 0.2466
INFO:root:Generation: 59
INFO:root:pop fitness: 0.14142
INFO:root:elite fitness: 0.24303999999999998
INFO:root:Generation: 68
INFO:root:pop fitness: 0.12226
INFO:root:elite fitness: 0.19695999999999997
INFO:root:Generation: 60
INFO:root:pop fitness: 0.13058
INFO:root:elite fitness: 0.22200000000000003
INFO:root:Generation: 69
INFO:root:pop fitness: 0.14424
INFO:root:elite fitness: 0.2248
INFO:root:Generation: 61
INFO:root:pop fitness: 0.13076
INFO:root:elite fitness: 0.24427999999999997
INFO:root:Generation: 70
INFO:root:pop fitness: 0.13838
INFO:root:elite fitness: 0.23268
INFO:root:Generation: 71
INFO:root:pop fitness: 0.1254
INFO:root:elite fitness: 0.20692000000000005
INFO:root:Generation: 62
INFO:root:pop fitness: 0.12768000000000002
INFO:root:elite fitness: 0.21132
INFO:root:Generation: 72
INFO:root:pop fitness: 0.14054
INFO:root:elite fitness: 0.29188000000000003
INFO:root:Generation: 63
INFO:root:pop fitness: 0.10956000000000002
INFO:root:elite fitness: 0.20824
INFO:root:Generation: 73
INFO:root:pop fitness: 0.16094
INFO:root:elite fitness: 0.25483999999999996
INFO:root:Generation: 64
INFO:root:pop fitness: 0.12399999999999999
INFO:root:elite fitness: 0.21651999999999996
INFO:root:Generation: 74
INFO:root:pop fitness: 0.15708
INFO:root:elite fitness: 0.23944000000000001
INFO:root:Generation: 65
INFO:root:pop fitness: 0.12786
INFO:root:elite fitness: 0.22088000000000005
INFO:root:Generation: 75
INFO:root:pop fitness: 0.13899999999999998
INFO:root:elite fitness: 0.24299999999999997
INFO:root:Generation: 66
INFO:root:pop fitness: 0.13256
INFO:root:elite fitness: 0.21712000000000004
INFO:root:Generation: 76
INFO:root:pop fitness: 0.13804
INFO:root:elite fitness: 0.24439999999999998
INFO:root:Generation: 67
INFO:root:pop fitness: 0.13278
INFO:root:elite fitness: 0.21388
INFO:root:Generation: 77
INFO:root:pop fitness: 0.15516
INFO:root:elite fitness: 0.26552
INFO:root:Generation: 68
INFO:root:pop fitness: 0.13116
INFO:root:elite fitness: 0.21784000000000003
INFO:root:Generation: 78
INFO:root:pop fitness: 0.14146000000000003
INFO:root:elite fitness: 0.21731999999999999
INFO:root:Generation: 69
INFO:root:pop fitness: 0.13398
INFO:root:elite fitness: 0.24312
INFO:root:Generation: 79
INFO:root:pop fitness: 0.14046
INFO:root:elite fitness: 0.24244
INFO:root:Generation: 70
INFO:root:pop fitness: 0.13526000000000002
INFO:root:elite fitness: 0.24476000000000003
INFO:root:Generation: 80
INFO:root:pop fitness: 0.13378000000000004
INFO:root:elite fitness: 0.22376000000000001
INFO:root:Generation: 71
INFO:root:pop fitness: 0.12902000000000002
INFO:root:elite fitness: 0.23199999999999998
INFO:root:Generation: 81
INFO:root:pop fitness: 0.14418
INFO:root:elite fitness: 0.26064
INFO:root:Generation: 72
INFO:root:pop fitness: 0.12997999999999998
INFO:root:elite fitness: 0.20919999999999997
INFO:root:Generation: 82
INFO:root:pop fitness: 0.13414
INFO:root:elite fitness: 0.24148
INFO:root:Generation: 73
INFO:root:pop fitness: 0.12984
INFO:root:elite fitness: 0.19567999999999997
INFO:root:Generation: 83
INFO:root:pop fitness: 0.14129999999999998
INFO:root:elite fitness: 0.25523999999999997
INFO:root:Generation: 74
INFO:root:pop fitness: 0.1427
INFO:root:elite fitness: 0.24348
INFO:root:Generation: 84
INFO:root:pop fitness: 0.13134
INFO:root:elite fitness: 0.20488
INFO:root:Generation: 75
INFO:root:pop fitness: 0.1398
INFO:root:elite fitness: 0.24524
INFO:root:Generation: 85
INFO:root:pop fitness: 0.1331
INFO:root:elite fitness: 0.24356000000000003
INFO:root:Generation: 86
INFO:root:pop fitness: 0.12996
INFO:root:elite fitness: 0.23828000000000002
INFO:root:Generation: 76
INFO:root:pop fitness: 0.14614
INFO:root:elite fitness: 0.23207999999999998
INFO:root:Generation: 87
INFO:root:pop fitness: 0.11784
INFO:root:elite fitness: 0.20076
INFO:root:Generation: 77
INFO:root:pop fitness: 0.14716
INFO:root:elite fitness: 0.23623999999999998
INFO:root:Generation: 88
INFO:root:pop fitness: 0.14061999999999997
INFO:root:elite fitness: 0.22372000000000003
INFO:root:Generation: 89
INFO:root:pop fitness: 0.1568
INFO:root:elite fitness: 0.26404
INFO:root:Generation: 78
INFO:root:pop fitness: 0.13726
INFO:root:elite fitness: 0.20583999999999997
INFO:root:Generation: 90
INFO:root:pop fitness: 0.16111999999999999
INFO:root:elite fitness: 0.25832
INFO:root:Generation: 79
INFO:root:pop fitness: 0.12994
INFO:root:elite fitness: 0.22387999999999997
INFO:root:Generation: 91
INFO:root:pop fitness: 0.12354000000000001
INFO:root:elite fitness: 0.19292000000000006
INFO:root:Generation: 92
INFO:root:pop fitness: 0.14287999999999998
INFO:root:elite fitness: 0.2242
INFO:root:Generation: 80
INFO:root:pop fitness: 0.13674
INFO:root:elite fitness: 0.2232
INFO:root:Generation: 93
INFO:root:pop fitness: 0.13641999999999999
INFO:root:elite fitness: 0.23559999999999995
INFO:root:Generation: 94
INFO:root:pop fitness: 0.11021999999999998
INFO:root:elite fitness: 0.21452000000000002
INFO:root:Generation: 81
INFO:root:pop fitness: 0.1445
INFO:root:elite fitness: 0.21963999999999997
INFO:root:Generation: 95
INFO:root:pop fitness: 0.13204000000000002
INFO:root:elite fitness: 0.22380000000000003
INFO:root:Generation: 82
INFO:root:pop fitness: 0.1435
INFO:root:elite fitness: 0.20348000000000002
INFO:root:Generation: 96
INFO:root:pop fitness: 0.13929999999999998
INFO:root:elite fitness: 0.23072000000000004
INFO:root:Generation: 83
INFO:root:pop fitness: 0.15539999999999998
INFO:root:elite fitness: 0.22791999999999998
INFO:root:Generation: 97
INFO:root:pop fitness: 0.13788
INFO:root:elite fitness: 0.20612000000000003
INFO:root:Generation: 98
INFO:root:pop fitness: 0.13478
INFO:root:elite fitness: 0.22219999999999998
INFO:root:Generation: 84
INFO:root:pop fitness: 0.15126000000000003
INFO:root:elite fitness: 0.27628
INFO:root:Generation: 99
INFO:root:pop fitness: 0.12406
INFO:root:elite fitness: 0.22008
INFO:root:Generation: 85
INFO:root:pop fitness: 0.15330000000000002
INFO:root:elite fitness: 0.2432
INFO:root:Generation: 100
INFO:root:pop fitness: 0.16772
INFO:root:elite fitness: 0.27016
INFO:root:Generation: 86
INFO:root:pop fitness: 0.14071999999999998
INFO:root:elite fitness: 0.26132
INFO:root:Generation: 101
INFO:root:pop fitness: 0.12032
INFO:root:elite fitness: 0.19668
INFO:root:Generation: 87
INFO:root:pop fitness: 0.13506
INFO:root:elite fitness: 0.19799999999999998
INFO:root:Generation: 102
INFO:root:pop fitness: 0.14968
INFO:root:elite fitness: 0.25608
INFO:root:Generation: 88
INFO:root:pop fitness: 0.13522
INFO:root:elite fitness: 0.23968
INFO:root:Generation: 89
INFO:root:pop fitness: 0.15034
INFO:root:elite fitness: 0.24456000000000003
INFO:root:Generation: 103
INFO:root:pop fitness: 0.13492
INFO:root:elite fitness: 0.228
INFO:root:Generation: 90
INFO:root:pop fitness: 0.12893999999999997
INFO:root:elite fitness: 0.19984
INFO:root:Generation: 104
INFO:root:pop fitness: 0.12944000000000003
INFO:root:elite fitness: 0.22347999999999998
INFO:root:Generation: 91
INFO:root:pop fitness: 0.1508
INFO:root:elite fitness: 0.24048000000000003
INFO:root:Generation: 105
INFO:root:pop fitness: 0.15581999999999996
INFO:root:elite fitness: 0.2722
INFO:root:Generation: 92
INFO:root:pop fitness: 0.13484000000000002
INFO:root:elite fitness: 0.22144000000000003
INFO:root:Generation: 106
INFO:root:pop fitness: 0.14322000000000001
INFO:root:elite fitness: 0.22591999999999998
INFO:root:Generation: 93
INFO:root:pop fitness: 0.12344000000000001
INFO:root:elite fitness: 0.19468000000000005
INFO:root:Generation: 107
INFO:root:pop fitness: 0.14717999999999998
INFO:root:elite fitness: 0.25896
INFO:root:Generation: 94
INFO:root:pop fitness: 0.12985999999999998
INFO:root:elite fitness: 0.21471999999999997
INFO:root:Generation: 108
INFO:root:pop fitness: 0.14184
INFO:root:elite fitness: 0.25492000000000004
INFO:root:Generation: 95
INFO:root:pop fitness: 0.14306000000000002
INFO:root:elite fitness: 0.24144000000000002
INFO:root:Generation: 109
INFO:root:pop fitness: 0.14187999999999998
INFO:root:elite fitness: 0.21244
INFO:root:Generation: 96
INFO:root:pop fitness: 0.11381999999999999
INFO:root:elite fitness: 0.20224
INFO:root:Generation: 110
INFO:root:pop fitness: 0.15686
INFO:root:elite fitness: 0.27804
INFO:root:Generation: 97
INFO:root:pop fitness: 0.15244000000000002
INFO:root:elite fitness: 0.28243999999999997
INFO:root:Generation: 111
INFO:root:pop fitness: 0.14714
INFO:root:elite fitness: 0.22516000000000003
INFO:root:Generation: 98
INFO:root:pop fitness: 0.14686
INFO:root:elite fitness: 0.23664
INFO:root:Generation: 112
INFO:root:pop fitness: 0.11530000000000001
INFO:root:elite fitness: 0.21528000000000003
INFO:root:Generation: 99
INFO:root:pop fitness: 0.1442
INFO:root:elite fitness: 0.25028
INFO:root:Generation: 113
INFO:root:pop fitness: 0.13004
INFO:root:elite fitness: 0.20964
INFO:root:Generation: 100
INFO:root:pop fitness: 0.14898
INFO:root:elite fitness: 0.2492
INFO:root:Generation: 114
INFO:root:pop fitness: 0.13276
INFO:root:elite fitness: 0.21367999999999998
INFO:root:Generation: 115
INFO:root:pop fitness: 0.159
INFO:root:elite fitness: 0.24944
INFO:root:Generation: 101
INFO:root:pop fitness: 0.11320000000000001
INFO:root:elite fitness: 0.18224
INFO:root:Generation: 116
INFO:root:pop fitness: 0.15356
INFO:root:elite fitness: 0.28840000000000005
INFO:root:Generation: 102
INFO:root:pop fitness: 0.17344
INFO:root:elite fitness: 0.28404
INFO:root:Generation: 117
INFO:root:pop fitness: 0.12498000000000001
INFO:root:elite fitness: 0.22035999999999997
INFO:root:Generation: 103
INFO:root:pop fitness: 0.1488
INFO:root:elite fitness: 0.24904
INFO:root:Generation: 118
INFO:root:pop fitness: 0.12744000000000003
INFO:root:elite fitness: 0.20684000000000002
INFO:root:Generation: 104
INFO:root:pop fitness: 0.13982
INFO:root:elite fitness: 0.22052
INFO:root:Generation: 119
INFO:root:pop fitness: 0.12018000000000001
INFO:root:elite fitness: 0.18604000000000004
INFO:root:Generation: 105
INFO:root:pop fitness: 0.15282
INFO:root:elite fitness: 0.23584000000000002
INFO:root:Generation: 120
INFO:root:pop fitness: 0.12518
INFO:root:elite fitness: 0.23335999999999998
INFO:root:Generation: 106
INFO:root:pop fitness: 0.15516
INFO:root:elite fitness: 0.23672
INFO:root:Generation: 121
INFO:root:pop fitness: 0.12906
INFO:root:elite fitness: 0.20764000000000002
INFO:root:Generation: 122
INFO:root:pop fitness: 0.13226
INFO:root:elite fitness: 0.23259999999999997
INFO:root:Generation: 107
INFO:root:pop fitness: 0.15766
INFO:root:elite fitness: 0.26108
INFO:root:Generation: 123
INFO:root:pop fitness: 0.11979999999999999
INFO:root:elite fitness: 0.214
INFO:root:Generation: 108
INFO:root:pop fitness: 0.14780000000000001
INFO:root:elite fitness: 0.22968
INFO:root:Generation: 124
INFO:root:pop fitness: 0.14431999999999998
INFO:root:elite fitness: 0.2378
INFO:root:Generation: 109
INFO:root:pop fitness: 0.14622
INFO:root:elite fitness: 0.24252
INFO:root:Generation: 125
INFO:root:pop fitness: 0.13272
INFO:root:elite fitness: 0.22432
INFO:root:Generation: 110
INFO:root:pop fitness: 0.11919999999999999
INFO:root:elite fitness: 0.18827999999999995
INFO:root:Generation: 126
INFO:root:pop fitness: 0.12985999999999998
INFO:root:elite fitness: 0.2078
INFO:root:Generation: 127
INFO:root:pop fitness: 0.13724
INFO:root:elite fitness: 0.22124
INFO:root:Generation: 111
INFO:root:pop fitness: 0.14708
INFO:root:elite fitness: 0.23456
INFO:root:Generation: 128
INFO:root:pop fitness: 0.12140000000000002
INFO:root:elite fitness: 0.22835999999999998
INFO:root:Generation: 112
INFO:root:pop fitness: 0.14581999999999998
INFO:root:elite fitness: 0.23164
INFO:root:Generation: 129
INFO:root:pop fitness: 0.12455999999999999
INFO:root:elite fitness: 0.20912
INFO:root:Generation: 113
INFO:root:pop fitness: 0.12448000000000002
INFO:root:elite fitness: 0.21304
INFO:root:Generation: 130
INFO:root:pop fitness: 0.1152
INFO:root:elite fitness: 0.19843999999999998
INFO:root:Generation: 131
INFO:root:pop fitness: 0.12170000000000002
INFO:root:elite fitness: 0.21303999999999998
INFO:root:Generation: 114
INFO:root:pop fitness: 0.13626000000000002
INFO:root:elite fitness: 0.23052
INFO:root:Generation: 132
INFO:root:pop fitness: 0.114
INFO:root:elite fitness: 0.22296000000000002
INFO:root:Generation: 115
INFO:root:pop fitness: 0.15452
INFO:root:elite fitness: 0.2584
INFO:root:Generation: 133
INFO:root:pop fitness: 0.13871999999999998
INFO:root:elite fitness: 0.25712
INFO:root:Generation: 116
INFO:root:pop fitness: 0.14479999999999998
INFO:root:elite fitness: 0.23920000000000002
INFO:root:Generation: 134
INFO:root:pop fitness: 0.10944000000000001
INFO:root:elite fitness: 0.18536000000000002
INFO:root:Generation: 135
INFO:root:pop fitness: 0.1381
INFO:root:elite fitness: 0.20879999999999999
INFO:root:Generation: 117
INFO:root:pop fitness: 0.1496
INFO:root:elite fitness: 0.28456000000000004
INFO:root:Generation: 136
INFO:root:pop fitness: 0.12563999999999997
INFO:root:elite fitness: 0.188
INFO:root:Generation: 118
INFO:root:pop fitness: 0.14756
INFO:root:elite fitness: 0.22956000000000004
INFO:root:Generation: 137
INFO:root:pop fitness: 0.14765999999999999
INFO:root:elite fitness: 0.24712
INFO:root:Generation: 119
INFO:root:pop fitness: 0.15417999999999998
INFO:root:elite fitness: 0.26580000000000004
INFO:root:Generation: 138
INFO:root:pop fitness: 0.13873999999999997
INFO:root:elite fitness: 0.22648
INFO:root:Generation: 120
INFO:root:pop fitness: 0.13631999999999997
INFO:root:elite fitness: 0.2202
INFO:root:Generation: 139
INFO:root:pop fitness: 0.12288
INFO:root:elite fitness: 0.23012
INFO:root:Generation: 121
INFO:root:pop fitness: 0.13512
INFO:root:elite fitness: 0.23948
INFO:root:Generation: 140
INFO:root:pop fitness: 0.12384
INFO:root:elite fitness: 0.20659999999999998
INFO:root:Generation: 122
INFO:root:pop fitness: 0.14336000000000002
INFO:root:elite fitness: 0.28764
INFO:root:Generation: 141
INFO:root:pop fitness: 0.15331999999999998
INFO:root:elite fitness: 0.241
INFO:root:Generation: 123
INFO:root:pop fitness: 0.16288
INFO:root:elite fitness: 0.27331999999999995
INFO:root:Generation: 142
INFO:root:pop fitness: 0.13939999999999997
INFO:root:elite fitness: 0.23092
INFO:root:Generation: 143
INFO:root:pop fitness: 0.15736
INFO:root:elite fitness: 0.24663999999999997
INFO:root:Generation: 124
INFO:root:pop fitness: 0.1424
INFO:root:elite fitness: 0.19856000000000001
INFO:root:Generation: 144
INFO:root:pop fitness: 0.1442
INFO:root:elite fitness: 0.24628
INFO:root:Generation: 125
INFO:root:pop fitness: 0.13191999999999998
INFO:root:elite fitness: 0.22080000000000002
INFO:root:Generation: 145
INFO:root:pop fitness: 0.1381
INFO:root:elite fitness: 0.24092000000000002
INFO:root:Generation: 126
INFO:root:pop fitness: 0.12023999999999999
INFO:root:elite fitness: 0.22612
INFO:root:Generation: 146
INFO:root:pop fitness: 0.13112
INFO:root:elite fitness: 0.21492
INFO:root:Generation: 127
INFO:root:pop fitness: 0.1438
INFO:root:elite fitness: 0.25915999999999995
INFO:root:Generation: 147
INFO:root:pop fitness: 0.1537
INFO:root:elite fitness: 0.27696000000000004
INFO:root:Generation: 128
INFO:root:pop fitness: 0.16426000000000002
INFO:root:elite fitness: 0.2692
INFO:root:Generation: 148
INFO:root:pop fitness: 0.13478
INFO:root:elite fitness: 0.23087999999999997
INFO:root:Generation: 129
INFO:root:pop fitness: 0.14262
INFO:root:elite fitness: 0.21492000000000006
INFO:root:Generation: 149
INFO:root:pop fitness: 0.12842000000000003
INFO:root:elite fitness: 0.20151999999999998
INFO:root:Generation: 150
INFO:root:pop fitness: 0.13902
INFO:root:elite fitness: 0.21284000000000003
INFO:root:Generation: 130
INFO:root:pop fitness: 0.14022
INFO:root:elite fitness: 0.24328
INFO:root:Generation: 151
INFO:root:pop fitness: 0.1616
INFO:root:elite fitness: 0.25975999999999994
INFO:root:Generation: 131
INFO:root:pop fitness: 0.14615999999999998
INFO:root:elite fitness: 0.24832
INFO:root:Generation: 152
INFO:root:pop fitness: 0.16091999999999998
INFO:root:elite fitness: 0.27608
INFO:root:Generation: 132
INFO:root:pop fitness: 0.14137999999999998
INFO:root:elite fitness: 0.25548
INFO:root:Generation: 153
INFO:root:pop fitness: 0.16693999999999995
INFO:root:elite fitness: 0.27740000000000004
INFO:root:Generation: 133
INFO:root:pop fitness: 0.1533
INFO:root:elite fitness: 0.24359999999999998
INFO:root:Generation: 154
INFO:root:pop fitness: 0.15546000000000001
INFO:root:elite fitness: 0.2466
INFO:root:Generation: 134
INFO:root:pop fitness: 0.14780000000000001
INFO:root:elite fitness: 0.2844
INFO:root:Generation: 155
INFO:root:pop fitness: 0.13507999999999998
INFO:root:elite fitness: 0.20216
INFO:root:Generation: 135
INFO:root:pop fitness: 0.15116000000000002
INFO:root:elite fitness: 0.25808
INFO:root:Generation: 156
INFO:root:pop fitness: 0.12456000000000002
INFO:root:elite fitness: 0.26288
INFO:root:Generation: 136
INFO:root:pop fitness: 0.1476
INFO:root:elite fitness: 0.24868
INFO:root:Generation: 157
INFO:root:pop fitness: 0.1575
INFO:root:elite fitness: 0.29059999999999997
INFO:root:Generation: 137
INFO:root:pop fitness: 0.15034
INFO:root:elite fitness: 0.24471999999999997
INFO:root:Generation: 158
INFO:root:pop fitness: 0.13324000000000003
INFO:root:elite fitness: 0.21216
INFO:root:Generation: 159
INFO:root:pop fitness: 0.16098
INFO:root:elite fitness: 0.25007999999999997
INFO:root:Generation: 138
INFO:root:pop fitness: 0.13660000000000003
INFO:root:elite fitness: 0.23976
INFO:root:Generation: 160
INFO:root:pop fitness: 0.1689
INFO:root:elite fitness: 0.26952
INFO:root:Generation: 139
INFO:root:pop fitness: 0.15852
INFO:root:elite fitness: 0.27356
INFO:root:Generation: 161
INFO:root:pop fitness: 0.16054
INFO:root:elite fitness: 0.24015999999999998
INFO:root:Generation: 140
INFO:root:pop fitness: 0.18022000000000002
INFO:root:elite fitness: 0.28208
INFO:root:Generation: 162
INFO:root:pop fitness: 0.13893999999999998
INFO:root:elite fitness: 0.23244
INFO:root:Generation: 141
INFO:root:pop fitness: 0.16116
INFO:root:elite fitness: 0.27016
INFO:root:Generation: 163
INFO:root:pop fitness: 0.15974
INFO:root:elite fitness: 0.2644
INFO:root:Generation: 142
INFO:root:pop fitness: 0.16394000000000003
INFO:root:elite fitness: 0.27455999999999997
INFO:root:Generation: 164
INFO:root:pop fitness: 0.15206
INFO:root:elite fitness: 0.23992000000000002
INFO:root:Generation: 143
INFO:root:pop fitness: 0.17670000000000002
INFO:root:elite fitness: 0.28292
INFO:root:Generation: 165
INFO:root:pop fitness: 0.14504
INFO:root:elite fitness: 0.23272
INFO:root:Generation: 144
INFO:root:pop fitness: 0.16259999999999997
INFO:root:elite fitness: 0.26036000000000004
INFO:root:Generation: 166
INFO:root:pop fitness: 0.15822000000000003
INFO:root:elite fitness: 0.26816
INFO:root:Generation: 167
INFO:root:pop fitness: 0.15002000000000001
INFO:root:elite fitness: 0.22547999999999999
INFO:root:Generation: 145
INFO:root:pop fitness: 0.15918
INFO:root:elite fitness: 0.27376
INFO:root:Generation: 168
INFO:root:pop fitness: 0.16936
INFO:root:elite fitness: 0.2666
INFO:root:Generation: 146
INFO:root:pop fitness: 0.14774000000000004
INFO:root:elite fitness: 0.27448
INFO:root:Generation: 169
INFO:root:pop fitness: 0.15772
INFO:root:elite fitness: 0.24828
INFO:root:Generation: 147
INFO:root:pop fitness: 0.15072
INFO:root:elite fitness: 0.26096
INFO:root:Generation: 170
INFO:root:pop fitness: 0.16186
INFO:root:elite fitness: 0.24832
INFO:root:Generation: 148
INFO:root:pop fitness: 0.16222
INFO:root:elite fitness: 0.2826
INFO:root:Generation: 171
INFO:root:pop fitness: 0.14501999999999998
INFO:root:elite fitness: 0.23367999999999994
INFO:root:Generation: 149
INFO:root:pop fitness: 0.14946
INFO:root:elite fitness: 0.24552
INFO:root:Generation: 172
INFO:root:pop fitness: 0.1358
INFO:root:elite fitness: 0.21067999999999998
INFO:root:Generation: 150
INFO:root:pop fitness: 0.1592
INFO:root:elite fitness: 0.27196000000000004
INFO:root:Generation: 173
INFO:root:pop fitness: 0.1579
INFO:root:elite fitness: 0.32932
INFO:root:Generation: 151
INFO:root:pop fitness: 0.13736
INFO:root:elite fitness: 0.23868000000000003
INFO:root:Generation: 174
INFO:root:pop fitness: 0.1457
INFO:root:elite fitness: 0.26724
INFO:root:Generation: 152
INFO:root:pop fitness: 0.15556
INFO:root:elite fitness: 0.2706
INFO:root:Generation: 175
INFO:root:pop fitness: 0.14183999999999997
INFO:root:elite fitness: 0.21492
INFO:root:Generation: 153
INFO:root:pop fitness: 0.16641999999999998
INFO:root:elite fitness: 0.27991999999999995
INFO:root:Generation: 176
INFO:root:pop fitness: 0.13111999999999996
INFO:root:elite fitness: 0.23256
INFO:root:Generation: 177
INFO:root:pop fitness: 0.16788
INFO:root:elite fitness: 0.27448
INFO:root:Generation: 154
INFO:root:pop fitness: 0.1851
INFO:root:elite fitness: 0.28244
INFO:root:Generation: 178
INFO:root:pop fitness: 0.15008
INFO:root:elite fitness: 0.23327999999999996
INFO:root:Generation: 155
INFO:root:pop fitness: 0.16144000000000003
INFO:root:elite fitness: 0.30004000000000003
INFO:root:Generation: 179
INFO:root:pop fitness: 0.15116
INFO:root:elite fitness: 0.24332
INFO:root:Generation: 156
INFO:root:pop fitness: 0.18288000000000001
INFO:root:elite fitness: 0.25784
INFO:root:Generation: 180
INFO:root:pop fitness: 0.15134
INFO:root:elite fitness: 0.23796
INFO:root:Generation: 157
INFO:root:pop fitness: 0.15722
INFO:root:elite fitness: 0.25752
INFO:root:Generation: 181
INFO:root:pop fitness: 0.15608
INFO:root:elite fitness: 0.26924
INFO:root:Generation: 158
INFO:root:pop fitness: 0.16201999999999997
INFO:root:elite fitness: 0.26068
INFO:root:Generation: 182
INFO:root:pop fitness: 0.16937999999999998
INFO:root:elite fitness: 0.27208000000000004
INFO:root:Generation: 159
INFO:root:pop fitness: 0.1616
INFO:root:elite fitness: 0.2394
INFO:root:Generation: 183
INFO:root:pop fitness: 0.14257999999999998
INFO:root:elite fitness: 0.23204
INFO:root:Generation: 160
INFO:root:pop fitness: 0.15216
INFO:root:elite fitness: 0.23588
INFO:root:Generation: 184
INFO:root:pop fitness: 0.16335999999999998
INFO:root:elite fitness: 0.26292
INFO:root:Generation: 185
INFO:root:pop fitness: 0.15381999999999998
INFO:root:elite fitness: 0.27792
INFO:root:Generation: 161
INFO:root:pop fitness: 0.15370000000000003
INFO:root:elite fitness: 0.24452000000000002
INFO:root:Generation: 186
INFO:root:pop fitness: 0.16158
INFO:root:elite fitness: 0.25756
INFO:root:Generation: 162
INFO:root:pop fitness: 0.15146
INFO:root:elite fitness: 0.27668000000000004
INFO:root:Generation: 187
INFO:root:pop fitness: 0.15383999999999998
INFO:root:elite fitness: 0.27
INFO:root:Generation: 163
INFO:root:pop fitness: 0.17486000000000002
INFO:root:elite fitness: 0.25944
INFO:root:Generation: 188
INFO:root:pop fitness: 0.15478
INFO:root:elite fitness: 0.22912
INFO:root:Generation: 164
INFO:root:pop fitness: 0.16269999999999998
INFO:root:elite fitness: 0.24131999999999998
INFO:root:Generation: 189
INFO:root:pop fitness: 0.15627999999999997
INFO:root:elite fitness: 0.26276
INFO:root:Generation: 190
INFO:root:pop fitness: 0.17825999999999997
INFO:root:elite fitness: 0.26136000000000004
INFO:root:Generation: 165
INFO:root:pop fitness: 0.15975999999999999
INFO:root:elite fitness: 0.24803999999999998
INFO:root:Generation: 191
INFO:root:pop fitness: 0.18202000000000002
INFO:root:elite fitness: 0.29223999999999994
INFO:root:Generation: 166
INFO:root:pop fitness: 0.17546
INFO:root:elite fitness: 0.2572
INFO:root:Generation: 192
INFO:root:pop fitness: 0.17328
INFO:root:elite fitness: 0.27872
INFO:root:Generation: 167
INFO:root:pop fitness: 0.17123999999999998
INFO:root:elite fitness: 0.25028
INFO:root:Generation: 193
INFO:root:pop fitness: 0.1422
INFO:root:elite fitness: 0.20168
INFO:root:Generation: 168
INFO:root:pop fitness: 0.15514
INFO:root:elite fitness: 0.25292
INFO:root:Generation: 194
INFO:root:pop fitness: 0.16118
INFO:root:elite fitness: 0.28051999999999994
INFO:root:Generation: 169
INFO:root:pop fitness: 0.15946
INFO:root:elite fitness: 0.29536
INFO:root:Generation: 195
INFO:root:pop fitness: 0.15388
INFO:root:elite fitness: 0.27604
INFO:root:Generation: 196
INFO:root:pop fitness: 0.15539999999999998
INFO:root:elite fitness: 0.22891999999999998
INFO:root:Generation: 170
INFO:root:pop fitness: 0.16336000000000003
INFO:root:elite fitness: 0.22832
INFO:root:Generation: 197
INFO:root:pop fitness: 0.15282
INFO:root:elite fitness: 0.27224
INFO:root:Generation: 171
INFO:root:pop fitness: 0.17074
INFO:root:elite fitness: 0.25823999999999997
INFO:root:Generation: 198
INFO:root:pop fitness: 0.16598000000000002
INFO:root:elite fitness: 0.2546
INFO:root:Generation: 172
INFO:root:pop fitness: 0.16219999999999998
INFO:root:elite fitness: 0.25372
INFO:root:Generation: 199
INFO:root:pop fitness: 0.14431999999999998
INFO:root:elite fitness: 0.21896000000000002
INFO:root:Generation: 173
INFO:root:pop fitness: 0.13854
INFO:root:elite fitness: 0.22796
INFO:root:Generation: 174
INFO:root:pop fitness: 0.12932
INFO:root:elite fitness: 0.24051999999999998
INFO:root:Generation: 175
INFO:root:pop fitness: 0.1532
INFO:root:elite fitness: 0.25156
INFO:root:Generation: 176
INFO:root:pop fitness: 0.12796
INFO:root:elite fitness: 0.20804000000000003
INFO:root:Generation: 177
INFO:root:pop fitness: 0.1475
INFO:root:elite fitness: 0.22991999999999999
INFO:root:Generation: 178
INFO:root:pop fitness: 0.1622
INFO:root:elite fitness: 0.24576
INFO:root:Generation: 179
INFO:root:pop fitness: 0.16143999999999997
INFO:root:elite fitness: 0.29028000000000004
INFO:root:Generation: 180
INFO:root:pop fitness: 0.16434
INFO:root:elite fitness: 0.26152000000000003
INFO:root:Generation: 181
INFO:root:pop fitness: 0.1678
INFO:root:elite fitness: 0.27004
INFO:root:Generation: 182
INFO:root:pop fitness: 0.15166000000000002
INFO:root:elite fitness: 0.24172000000000002
INFO:root:Generation: 183
INFO:root:pop fitness: 0.16054
INFO:root:elite fitness: 0.27956000000000003
INFO:root:Generation: 184
INFO:root:pop fitness: 0.16130000000000003
INFO:root:elite fitness: 0.25251999999999997
INFO:root:Generation: 185
INFO:root:pop fitness: 0.16744
INFO:root:elite fitness: 0.28484000000000004
INFO:root:Generation: 186
INFO:root:pop fitness: 0.17882
INFO:root:elite fitness: 0.30512
INFO:root:Generation: 187
INFO:root:pop fitness: 0.16499999999999995
INFO:root:elite fitness: 0.28604
INFO:root:Generation: 188
INFO:root:pop fitness: 0.1845
INFO:root:elite fitness: 0.27196000000000004
INFO:root:Generation: 189
INFO:root:pop fitness: 0.17445999999999998
INFO:root:elite fitness: 0.27964
INFO:root:Generation: 190
INFO:root:pop fitness: 0.17994000000000004
INFO:root:elite fitness: 0.31412
INFO:root:Generation: 191
INFO:root:pop fitness: 0.15583999999999998
INFO:root:elite fitness: 0.24847999999999998
INFO:root:Generation: 192
INFO:root:pop fitness: 0.15782
INFO:root:elite fitness: 0.24684
INFO:root:Generation: 193
INFO:root:pop fitness: 0.16238
INFO:root:elite fitness: 0.28271999999999997
INFO:root:Generation: 194
INFO:root:pop fitness: 0.15656
INFO:root:elite fitness: 0.23352
INFO:root:Generation: 195
INFO:root:pop fitness: 0.17765999999999996
INFO:root:elite fitness: 0.30216
INFO:root:Generation: 196
INFO:root:pop fitness: 0.13618
INFO:root:elite fitness: 0.26188
INFO:root:Generation: 197
INFO:root:pop fitness: 0.1733
INFO:root:elite fitness: 0.25072
INFO:root:Generation: 198
INFO:root:pop fitness: 0.16924
INFO:root:elite fitness: 0.31564
INFO:root:Generation: 199
INFO:root:pop fitness: 0.19144000000000003
INFO:root:elite fitness: 0.29975999999999997
