INFO:root:run_master: Namespace(arms='10', hidden='16', layers='3', max_gen='200', message='', mutation_mag='0.01', name='resetEnv50_v1', noise=True, pop_size='150', save_result=True, trials='100')
INFO:root:run_master: Namespace(arms='10', hidden='16', layers='3', max_gen='200', message='', mutation_mag='0.01', name='resetEnv50_v1', noise=False, pop_size='150', save_result=True, trials='100')
INFO:root:Generation: 0
INFO:root:pop fitness: 0.10031333333333332
INFO:root:elite fitness: 0.11135999999999999
INFO:root:Generation: 0
INFO:root:pop fitness: 0.10017333333333332
INFO:root:elite fitness: 0.11221333333333333
INFO:root:Generation: 1
INFO:root:pop fitness: 0.09988666666666667
INFO:root:elite fitness: 0.11699999999999998
INFO:root:Generation: 1
INFO:root:pop fitness: 0.10080666666666666
INFO:root:elite fitness: 0.11284
INFO:root:Generation: 2
INFO:root:pop fitness: 0.10058666666666666
INFO:root:elite fitness: 0.12136000000000001
INFO:root:Generation: 2
INFO:root:pop fitness: 0.10154666666666666
INFO:root:elite fitness: 0.11694666666666666
INFO:root:Generation: 3
INFO:root:pop fitness: 0.09771333333333333
INFO:root:elite fitness: 0.1212
INFO:root:Generation: 3
INFO:root:pop fitness: 0.10174
INFO:root:elite fitness: 0.11858666666666667
INFO:root:Generation: 4
INFO:root:pop fitness: 0.10010666666666665
INFO:root:elite fitness: 0.12365333333333332
INFO:root:Generation: 4
INFO:root:pop fitness: 0.10124666666666668
INFO:root:elite fitness: 0.12449333333333333
INFO:root:Generation: 5
INFO:root:pop fitness: 0.09970666666666667
INFO:root:elite fitness: 0.13597333333333333
INFO:root:Generation: 5
INFO:root:pop fitness: 0.10003999999999999
INFO:root:elite fitness: 0.12682666666666667
INFO:root:Generation: 6
INFO:root:pop fitness: 0.10260000000000001
INFO:root:elite fitness: 0.14370666666666665
INFO:root:Generation: 6
INFO:root:pop fitness: 0.10333333333333332
INFO:root:elite fitness: 0.1398
INFO:root:Generation: 7
INFO:root:pop fitness: 0.10013333333333332
INFO:root:elite fitness: 0.13213333333333332
INFO:root:Generation: 7
INFO:root:pop fitness: 0.1017
INFO:root:elite fitness: 0.14874666666666664
INFO:root:Generation: 8
INFO:root:pop fitness: 0.10297333333333332
INFO:root:elite fitness: 0.14984000000000003
INFO:root:Generation: 8
INFO:root:pop fitness: 0.10345333333333333
INFO:root:elite fitness: 0.16083999999999998
INFO:root:Generation: 9
INFO:root:pop fitness: 0.10384666666666666
INFO:root:elite fitness: 0.1472933333333333
INFO:root:Generation: 10
INFO:root:pop fitness: 0.10619333333333335
INFO:root:elite fitness: 0.15639999999999998
INFO:root:Generation: 9
INFO:root:pop fitness: 0.10035333333333334
INFO:root:elite fitness: 0.15873333333333334
INFO:root:Generation: 11
INFO:root:pop fitness: 0.10698666666666666
INFO:root:elite fitness: 0.18525333333333333
INFO:root:Generation: 10
INFO:root:pop fitness: 0.10591999999999999
INFO:root:elite fitness: 0.16232
INFO:root:Generation: 12
INFO:root:pop fitness: 0.11572666666666666
INFO:root:elite fitness: 0.17550666666666667
INFO:root:Generation: 11
INFO:root:pop fitness: 0.11882666666666665
INFO:root:elite fitness: 0.18677333333333335
INFO:root:Generation: 13
INFO:root:pop fitness: 0.11020666666666666
INFO:root:elite fitness: 0.20550666666666667
INFO:root:Generation: 12
INFO:root:pop fitness: 0.11448666666666665
INFO:root:elite fitness: 0.17470666666666665
INFO:root:Generation: 14
INFO:root:pop fitness: 0.11193333333333333
INFO:root:elite fitness: 0.18739999999999998
INFO:root:Generation: 13
INFO:root:pop fitness: 0.11564
INFO:root:elite fitness: 0.21017333333333335
INFO:root:Generation: 15
INFO:root:pop fitness: 0.11376
INFO:root:elite fitness: 0.19389333333333333
INFO:root:Generation: 14
INFO:root:pop fitness: 0.11475999999999999
INFO:root:elite fitness: 0.22211999999999998
INFO:root:Generation: 16
INFO:root:pop fitness: 0.11908666666666669
INFO:root:elite fitness: 0.21830666666666668
INFO:root:Generation: 15
INFO:root:pop fitness: 0.12033333333333332
INFO:root:elite fitness: 0.22211999999999998
INFO:root:Generation: 17
INFO:root:pop fitness: 0.10918666666666667
INFO:root:elite fitness: 0.18937333333333337
INFO:root:Generation: 16
INFO:root:pop fitness: 0.11770666666666665
INFO:root:elite fitness: 0.19944000000000003
INFO:root:Generation: 18
INFO:root:pop fitness: 0.11777333333333334
INFO:root:elite fitness: 0.22325333333333333
INFO:root:Generation: 17
INFO:root:pop fitness: 0.13042
INFO:root:elite fitness: 0.21639999999999995
INFO:root:Generation: 19
INFO:root:pop fitness: 0.12030666666666666
INFO:root:elite fitness: 0.21849333333333334
INFO:root:Generation: 20
INFO:root:pop fitness: 0.11502666666666665
INFO:root:elite fitness: 0.20690666666666666
INFO:root:Generation: 18
INFO:root:pop fitness: 0.1113
INFO:root:elite fitness: 0.19914666666666664
INFO:root:Generation: 21
INFO:root:pop fitness: 0.11853999999999999
INFO:root:elite fitness: 0.21002666666666664
INFO:root:Generation: 19
INFO:root:pop fitness: 0.11758
INFO:root:elite fitness: 0.20692
INFO:root:Generation: 22
INFO:root:pop fitness: 0.12556
INFO:root:elite fitness: 0.2286533333333333
INFO:root:Generation: 20
INFO:root:pop fitness: 0.12396666666666666
INFO:root:elite fitness: 0.22773333333333337
INFO:root:Generation: 23
INFO:root:pop fitness: 0.11358666666666664
INFO:root:elite fitness: 0.2349733333333333
INFO:root:Generation: 21
INFO:root:pop fitness: 0.12034000000000002
INFO:root:elite fitness: 0.2271066666666666
INFO:root:Generation: 24
INFO:root:pop fitness: 0.12037333333333332
INFO:root:elite fitness: 0.21090666666666666
INFO:root:Generation: 22
INFO:root:pop fitness: 0.11424000000000002
INFO:root:elite fitness: 0.19533333333333333
INFO:root:Generation: 25
INFO:root:pop fitness: 0.12014666666666668
INFO:root:elite fitness: 0.21776000000000006
INFO:root:Generation: 23
INFO:root:pop fitness: 0.11968000000000001
INFO:root:elite fitness: 0.21304
INFO:root:Generation: 26
INFO:root:pop fitness: 0.12175333333333332
INFO:root:elite fitness: 0.23281333333333332
INFO:root:Generation: 24
INFO:root:pop fitness: 0.13280666666666666
INFO:root:elite fitness: 0.2360133333333333
INFO:root:Generation: 27
INFO:root:pop fitness: 0.11948
INFO:root:elite fitness: 0.23496
INFO:root:Generation: 25
INFO:root:pop fitness: 0.13767333333333334
INFO:root:elite fitness: 0.23864
INFO:root:Generation: 28
INFO:root:pop fitness: 0.11956666666666664
INFO:root:elite fitness: 0.21547999999999998
INFO:root:Generation: 26
INFO:root:pop fitness: 0.13582
INFO:root:elite fitness: 0.23938666666666664
INFO:root:Generation: 29
INFO:root:pop fitness: 0.10963333333333333
INFO:root:elite fitness: 0.21731999999999996
INFO:root:Generation: 27
INFO:root:pop fitness: 0.12921333333333332
INFO:root:elite fitness: 0.24525333333333332
INFO:root:Generation: 30
INFO:root:pop fitness: 0.11634000000000003
INFO:root:elite fitness: 0.22122666666666665
INFO:root:Generation: 31
INFO:root:pop fitness: 0.1345666666666667
INFO:root:elite fitness: 0.2442133333333333
INFO:root:Generation: 28
INFO:root:pop fitness: 0.11615333333333334
INFO:root:elite fitness: 0.21822666666666674
INFO:root:Generation: 32
INFO:root:pop fitness: 0.12340666666666668
INFO:root:elite fitness: 0.21212
INFO:root:Generation: 29
INFO:root:pop fitness: 0.13327333333333335
INFO:root:elite fitness: 0.2165333333333333
INFO:root:Generation: 33
INFO:root:pop fitness: 0.11516000000000001
INFO:root:elite fitness: 0.20882666666666663
INFO:root:Generation: 30
INFO:root:pop fitness: 0.13499333333333335
INFO:root:elite fitness: 0.24709333333333333
INFO:root:Generation: 34
INFO:root:pop fitness: 0.12574666666666667
INFO:root:elite fitness: 0.2526933333333333
INFO:root:Generation: 31
INFO:root:pop fitness: 0.13946
INFO:root:elite fitness: 0.24283999999999997
INFO:root:Generation: 35
INFO:root:pop fitness: 0.12906
INFO:root:elite fitness: 0.22130666666666665
INFO:root:Generation: 32
INFO:root:pop fitness: 0.13870000000000002
INFO:root:elite fitness: 0.2488133333333333
INFO:root:Generation: 36
INFO:root:pop fitness: 0.13477999999999998
INFO:root:elite fitness: 0.24985333333333334
INFO:root:Generation: 33
INFO:root:pop fitness: 0.1362533333333333
INFO:root:elite fitness: 0.24386666666666665
INFO:root:Generation: 37
INFO:root:pop fitness: 0.12594
INFO:root:elite fitness: 0.2314
INFO:root:Generation: 34
INFO:root:pop fitness: 0.13304666666666665
INFO:root:elite fitness: 0.22546666666666662
INFO:root:Generation: 38
INFO:root:pop fitness: 0.12438000000000002
INFO:root:elite fitness: 0.23457333333333327
INFO:root:Generation: 35
INFO:root:pop fitness: 0.13348666666666664
INFO:root:elite fitness: 0.23798666666666668
INFO:root:Generation: 39
INFO:root:pop fitness: 0.12546666666666667
INFO:root:elite fitness: 0.24675999999999998
INFO:root:Generation: 36
INFO:root:pop fitness: 0.12764
INFO:root:elite fitness: 0.23004
INFO:root:Generation: 40
INFO:root:pop fitness: 0.11419333333333331
INFO:root:elite fitness: 0.2085866666666667
INFO:root:Generation: 41
INFO:root:pop fitness: 0.13298666666666667
INFO:root:elite fitness: 0.2462
INFO:root:Generation: 37
INFO:root:pop fitness: 0.13703333333333337
INFO:root:elite fitness: 0.23053333333333337
INFO:root:Generation: 42
INFO:root:pop fitness: 0.13413333333333335
INFO:root:elite fitness: 0.25406666666666666
INFO:root:Generation: 38
INFO:root:pop fitness: 0.13800666666666664
INFO:root:elite fitness: 0.2417466666666666
INFO:root:Generation: 43
INFO:root:pop fitness: 0.13514666666666666
INFO:root:elite fitness: 0.23190666666666673
INFO:root:Generation: 39
INFO:root:pop fitness: 0.14929333333333333
INFO:root:elite fitness: 0.27369333333333334
INFO:root:Generation: 44
INFO:root:pop fitness: 0.12799333333333332
INFO:root:elite fitness: 0.24289333333333332
INFO:root:Generation: 40
INFO:root:pop fitness: 0.12960000000000002
INFO:root:elite fitness: 0.2263066666666667
INFO:root:Generation: 45
INFO:root:pop fitness: 0.13605333333333333
INFO:root:elite fitness: 0.23441333333333333
INFO:root:Generation: 41
INFO:root:pop fitness: 0.13051333333333337
INFO:root:elite fitness: 0.21993333333333334
INFO:root:Generation: 46
INFO:root:pop fitness: 0.12924
INFO:root:elite fitness: 0.24012
INFO:root:Generation: 42
INFO:root:pop fitness: 0.12696666666666667
INFO:root:elite fitness: 0.23569333333333334
INFO:root:Generation: 47
INFO:root:pop fitness: 0.12864
INFO:root:elite fitness: 0.24536000000000002
INFO:root:Generation: 43
INFO:root:pop fitness: 0.14258666666666667
INFO:root:elite fitness: 0.25173333333333336
INFO:root:Generation: 48
INFO:root:pop fitness: 0.14553333333333332
INFO:root:elite fitness: 0.26728
INFO:root:Generation: 44
INFO:root:pop fitness: 0.13672
INFO:root:elite fitness: 0.24417333333333335
INFO:root:Generation: 49
INFO:root:pop fitness: 0.13697333333333334
INFO:root:elite fitness: 0.2679333333333334
INFO:root:Generation: 45
INFO:root:pop fitness: 0.14148666666666665
INFO:root:elite fitness: 0.24744000000000005
INFO:root:Generation: 50
INFO:root:pop fitness: 0.14359333333333332
INFO:root:elite fitness: 0.26048000000000004
INFO:root:Generation: 46
INFO:root:pop fitness: 0.12992
INFO:root:elite fitness: 0.23572000000000004
INFO:root:Generation: 51
INFO:root:pop fitness: 0.14528000000000002
INFO:root:elite fitness: 0.26574666666666674
INFO:root:Generation: 47
INFO:root:pop fitness: 0.14592666666666665
INFO:root:elite fitness: 0.27682666666666667
INFO:root:Generation: 52
INFO:root:pop fitness: 0.14531333333333335
INFO:root:elite fitness: 0.2701733333333334
INFO:root:Generation: 53
INFO:root:pop fitness: 0.1379
INFO:root:elite fitness: 0.24181333333333332
INFO:root:Generation: 48
INFO:root:pop fitness: 0.13794
INFO:root:elite fitness: 0.2757466666666667
INFO:root:Generation: 54
INFO:root:pop fitness: 0.13412000000000002
INFO:root:elite fitness: 0.2365733333333334
INFO:root:Generation: 49
INFO:root:pop fitness: 0.14346
INFO:root:elite fitness: 0.27130666666666664
INFO:root:Generation: 55
INFO:root:pop fitness: 0.12450666666666668
INFO:root:elite fitness: 0.24282666666666666
INFO:root:Generation: 50
INFO:root:pop fitness: 0.13093333333333335
INFO:root:elite fitness: 0.26047999999999993
INFO:root:Generation: 56
INFO:root:pop fitness: 0.12508
INFO:root:elite fitness: 0.23206666666666664
INFO:root:Generation: 51
INFO:root:pop fitness: 0.15025333333333332
INFO:root:elite fitness: 0.2626
INFO:root:Generation: 57
INFO:root:pop fitness: 0.13211333333333336
INFO:root:elite fitness: 0.25653333333333334
INFO:root:Generation: 52
INFO:root:pop fitness: 0.14022
INFO:root:elite fitness: 0.24732000000000004
INFO:root:Generation: 58
INFO:root:pop fitness: 0.13182666666666665
INFO:root:elite fitness: 0.24933333333333332
INFO:root:Generation: 53
INFO:root:pop fitness: 0.13396
INFO:root:elite fitness: 0.25808
INFO:root:Generation: 59
INFO:root:pop fitness: 0.12459999999999999
INFO:root:elite fitness: 0.2427333333333333
INFO:root:Generation: 54
INFO:root:pop fitness: 0.15866666666666665
INFO:root:elite fitness: 0.27941333333333335
INFO:root:Generation: 60
INFO:root:pop fitness: 0.1353933333333333
INFO:root:elite fitness: 0.24662666666666672
INFO:root:Generation: 55
INFO:root:pop fitness: 0.14573999999999998
INFO:root:elite fitness: 0.24939999999999998
INFO:root:Generation: 61
INFO:root:pop fitness: 0.14423333333333335
INFO:root:elite fitness: 0.2639066666666667
INFO:root:Generation: 56
INFO:root:pop fitness: 0.14364000000000002
INFO:root:elite fitness: 0.28464
INFO:root:Generation: 62
INFO:root:pop fitness: 0.1522
INFO:root:elite fitness: 0.27876000000000006
INFO:root:Generation: 57
INFO:root:pop fitness: 0.16718666666666668
INFO:root:elite fitness: 0.28556
INFO:root:Generation: 63
INFO:root:pop fitness: 0.14138
INFO:root:elite fitness: 0.25358666666666657
INFO:root:Generation: 64
INFO:root:pop fitness: 0.15194666666666667
INFO:root:elite fitness: 0.2729066666666667
INFO:root:Generation: 58
INFO:root:pop fitness: 0.1481
INFO:root:elite fitness: 0.23962666666666668
INFO:root:Generation: 65
INFO:root:pop fitness: 0.13793999999999998
INFO:root:elite fitness: 0.24715999999999994
INFO:root:Generation: 59
INFO:root:pop fitness: 0.14226666666666665
INFO:root:elite fitness: 0.2386666666666667
INFO:root:Generation: 66
INFO:root:pop fitness: 0.15550000000000003
INFO:root:elite fitness: 0.29796
INFO:root:Generation: 60
INFO:root:pop fitness: 0.16188666666666668
INFO:root:elite fitness: 0.2744933333333333
INFO:root:Generation: 67
INFO:root:pop fitness: 0.15452000000000002
INFO:root:elite fitness: 0.28196000000000004
INFO:root:Generation: 61
INFO:root:pop fitness: 0.14453333333333332
INFO:root:elite fitness: 0.2606133333333333
INFO:root:Generation: 68
INFO:root:pop fitness: 0.14333333333333334
INFO:root:elite fitness: 0.2614
INFO:root:Generation: 62
INFO:root:pop fitness: 0.14465999999999998
INFO:root:elite fitness: 0.2634133333333333
INFO:root:Generation: 69
INFO:root:pop fitness: 0.15216666666666667
INFO:root:elite fitness: 0.28888
INFO:root:Generation: 63
INFO:root:pop fitness: 0.1592
INFO:root:elite fitness: 0.28424
INFO:root:Generation: 70
INFO:root:pop fitness: 0.14179999999999998
INFO:root:elite fitness: 0.2820533333333333
INFO:root:Generation: 64
INFO:root:pop fitness: 0.14804666666666666
INFO:root:elite fitness: 0.26244000000000006
INFO:root:Generation: 71
INFO:root:pop fitness: 0.14809999999999998
INFO:root:elite fitness: 0.28003999999999996
INFO:root:Generation: 65
INFO:root:pop fitness: 0.16058666666666668
INFO:root:elite fitness: 0.27548
INFO:root:Generation: 72
INFO:root:pop fitness: 0.15147333333333332
INFO:root:elite fitness: 0.28188
INFO:root:Generation: 73
INFO:root:pop fitness: 0.14238
INFO:root:elite fitness: 0.2716133333333333
INFO:root:Generation: 66
INFO:root:pop fitness: 0.14930666666666667
INFO:root:elite fitness: 0.2616
INFO:root:Generation: 74
INFO:root:pop fitness: 0.14488666666666664
INFO:root:elite fitness: 0.2740266666666667
INFO:root:Generation: 67
INFO:root:pop fitness: 0.1361866666666667
INFO:root:elite fitness: 0.26425333333333334
INFO:root:Generation: 75
INFO:root:pop fitness: 0.15580666666666665
INFO:root:elite fitness: 0.30268
INFO:root:Generation: 68
INFO:root:pop fitness: 0.1401
INFO:root:elite fitness: 0.25890666666666673
INFO:root:Generation: 76
INFO:root:pop fitness: 0.1710266666666667
INFO:root:elite fitness: 0.30461333333333335
INFO:root:Generation: 69
INFO:root:pop fitness: 0.16016666666666668
INFO:root:elite fitness: 0.27993333333333337
INFO:root:Generation: 77
INFO:root:pop fitness: 0.15637333333333336
INFO:root:elite fitness: 0.26776
INFO:root:Generation: 70
INFO:root:pop fitness: 0.1700866666666667
INFO:root:elite fitness: 0.31276
INFO:root:Generation: 78
INFO:root:pop fitness: 0.16031333333333334
INFO:root:elite fitness: 0.2623733333333333
INFO:root:Generation: 71
INFO:root:pop fitness: 0.14959333333333333
INFO:root:elite fitness: 0.2650266666666667
INFO:root:Generation: 79
INFO:root:pop fitness: 0.15439333333333333
INFO:root:elite fitness: 0.2526266666666667
INFO:root:Generation: 72
INFO:root:pop fitness: 0.16406
INFO:root:elite fitness: 0.2875466666666667
INFO:root:Generation: 80
INFO:root:pop fitness: 0.16548666666666667
INFO:root:elite fitness: 0.27666666666666667
INFO:root:Generation: 73
INFO:root:pop fitness: 0.17356666666666665
INFO:root:elite fitness: 0.30533333333333335
INFO:root:Generation: 81
INFO:root:pop fitness: 0.15872
INFO:root:elite fitness: 0.28429333333333334
INFO:root:Generation: 74
INFO:root:pop fitness: 0.16926666666666668
INFO:root:elite fitness: 0.3165599999999999
INFO:root:Generation: 82
INFO:root:pop fitness: 0.15908666666666665
INFO:root:elite fitness: 0.27742666666666665
INFO:root:Generation: 75
INFO:root:pop fitness: 0.16562000000000002
INFO:root:elite fitness: 0.32789333333333337
INFO:root:Generation: 83
INFO:root:pop fitness: 0.16769333333333333
INFO:root:elite fitness: 0.2887733333333333
INFO:root:Generation: 84
INFO:root:pop fitness: 0.14972666666666665
INFO:root:elite fitness: 0.26743999999999996
INFO:root:Generation: 76
INFO:root:pop fitness: 0.15510000000000002
INFO:root:elite fitness: 0.26402666666666663
INFO:root:Generation: 85
INFO:root:pop fitness: 0.15478000000000003
INFO:root:elite fitness: 0.2817866666666667
INFO:root:Generation: 77
INFO:root:pop fitness: 0.17515333333333333
INFO:root:elite fitness: 0.3286
INFO:root:Generation: 86
INFO:root:pop fitness: 0.16702666666666668
INFO:root:elite fitness: 0.31728000000000006
INFO:root:Generation: 78
INFO:root:pop fitness: 0.1815733333333333
INFO:root:elite fitness: 0.32412
INFO:root:Generation: 87
INFO:root:pop fitness: 0.1597666666666667
INFO:root:elite fitness: 0.2584666666666667
INFO:root:Generation: 79
INFO:root:pop fitness: 0.1770266666666667
INFO:root:elite fitness: 0.29921333333333333
INFO:root:Generation: 88
INFO:root:pop fitness: 0.17044
INFO:root:elite fitness: 0.3095733333333333
INFO:root:Generation: 80
INFO:root:pop fitness: 0.17452
INFO:root:elite fitness: 0.3247733333333333
INFO:root:Generation: 89
INFO:root:pop fitness: 0.1580133333333333
INFO:root:elite fitness: 0.2791733333333334
INFO:root:Generation: 81
INFO:root:pop fitness: 0.17117333333333334
INFO:root:elite fitness: 0.30590666666666666
INFO:root:Generation: 90
INFO:root:pop fitness: 0.16400666666666666
INFO:root:elite fitness: 0.30662666666666666
INFO:root:Generation: 82
INFO:root:pop fitness: 0.16347333333333333
INFO:root:elite fitness: 0.29034666666666664
INFO:root:Generation: 91
INFO:root:pop fitness: 0.15132
INFO:root:elite fitness: 0.27913333333333334
INFO:root:Generation: 83
INFO:root:pop fitness: 0.1636333333333333
INFO:root:elite fitness: 0.2868266666666667
INFO:root:Generation: 92
INFO:root:pop fitness: 0.16012666666666667
INFO:root:elite fitness: 0.28732
INFO:root:Generation: 84
INFO:root:pop fitness: 0.17679999999999998
INFO:root:elite fitness: 0.3329466666666667
INFO:root:Generation: 93
INFO:root:pop fitness: 0.14617333333333332
INFO:root:elite fitness: 0.2696266666666666
INFO:root:Generation: 94
INFO:root:pop fitness: 0.17274
INFO:root:elite fitness: 0.2797466666666667
INFO:root:Generation: 85
INFO:root:pop fitness: 0.17138
INFO:root:elite fitness: 0.30046666666666666
INFO:root:Generation: 95
INFO:root:pop fitness: 0.16970666666666667
INFO:root:elite fitness: 0.33585333333333334
INFO:root:Generation: 86
INFO:root:pop fitness: 0.17686
INFO:root:elite fitness: 0.33252
INFO:root:Generation: 96
INFO:root:pop fitness: 0.16188000000000002
INFO:root:elite fitness: 0.29106666666666664
INFO:root:Generation: 87
INFO:root:pop fitness: 0.16099333333333332
INFO:root:elite fitness: 0.2800133333333333
INFO:root:Generation: 97
INFO:root:pop fitness: 0.1658933333333333
INFO:root:elite fitness: 0.29949333333333333
INFO:root:Generation: 88
INFO:root:pop fitness: 0.16796
INFO:root:elite fitness: 0.2985333333333333
INFO:root:Generation: 98
INFO:root:pop fitness: 0.17201333333333332
INFO:root:elite fitness: 0.3175466666666667
INFO:root:Generation: 89
INFO:root:pop fitness: 0.18214
INFO:root:elite fitness: 0.31461333333333336
INFO:root:Generation: 99
INFO:root:pop fitness: 0.18384666666666669
INFO:root:elite fitness: 0.2851466666666667
INFO:root:Generation: 90
INFO:root:pop fitness: 0.1779133333333333
INFO:root:elite fitness: 0.3345599999999999
INFO:root:Generation: 100
INFO:root:pop fitness: 0.16065333333333331
INFO:root:elite fitness: 0.29713333333333336
INFO:root:Generation: 91
INFO:root:pop fitness: 0.16518
INFO:root:elite fitness: 0.28786666666666666
INFO:root:Generation: 101
INFO:root:pop fitness: 0.16559333333333334
INFO:root:elite fitness: 0.26227999999999996
INFO:root:Generation: 92
INFO:root:pop fitness: 0.16594666666666663
INFO:root:elite fitness: 0.2852266666666667
INFO:root:Generation: 102
INFO:root:pop fitness: 0.1748466666666667
INFO:root:elite fitness: 0.28430666666666665
INFO:root:Generation: 93
INFO:root:pop fitness: 0.17553333333333332
INFO:root:elite fitness: 0.29818666666666666
INFO:root:Generation: 103
INFO:root:pop fitness: 0.16078666666666666
INFO:root:elite fitness: 0.26654666666666665
INFO:root:Generation: 104
INFO:root:pop fitness: 0.16526666666666667
INFO:root:elite fitness: 0.28556
INFO:root:Generation: 94
INFO:root:pop fitness: 0.17681333333333332
INFO:root:elite fitness: 0.32011999999999996
INFO:root:Generation: 105
INFO:root:pop fitness: 0.17772666666666667
INFO:root:elite fitness: 0.31936000000000003
INFO:root:Generation: 95
INFO:root:pop fitness: 0.1592333333333333
INFO:root:elite fitness: 0.27654666666666666
INFO:root:Generation: 106
INFO:root:pop fitness: 0.17195999999999997
INFO:root:elite fitness: 0.2729066666666667
INFO:root:Generation: 96
INFO:root:pop fitness: 0.17752
INFO:root:elite fitness: 0.34915999999999997
INFO:root:Generation: 107
INFO:root:pop fitness: 0.15946666666666667
INFO:root:elite fitness: 0.2869866666666666
INFO:root:Generation: 97
INFO:root:pop fitness: 0.15654
INFO:root:elite fitness: 0.28808
INFO:root:Generation: 108
INFO:root:pop fitness: 0.17045333333333332
INFO:root:elite fitness: 0.30105333333333334
INFO:root:Generation: 98
INFO:root:pop fitness: 0.17467333333333335
INFO:root:elite fitness: 0.2843333333333333
INFO:root:Generation: 109
INFO:root:pop fitness: 0.16540000000000002
INFO:root:elite fitness: 0.2932133333333333
INFO:root:Generation: 99
INFO:root:pop fitness: 0.19672666666666666
INFO:root:elite fitness: 0.35588000000000003
INFO:root:Generation: 110
INFO:root:pop fitness: 0.15866666666666665
INFO:root:elite fitness: 0.26827999999999996
INFO:root:Generation: 100
INFO:root:pop fitness: 0.15584666666666666
INFO:root:elite fitness: 0.29892
INFO:root:Generation: 111
INFO:root:pop fitness: 0.15469999999999998
INFO:root:elite fitness: 0.2862933333333334
INFO:root:Generation: 101
INFO:root:pop fitness: 0.15748666666666666
INFO:root:elite fitness: 0.2887333333333333
INFO:root:Generation: 112
INFO:root:pop fitness: 0.15406666666666666
INFO:root:elite fitness: 0.25856000000000007
INFO:root:Generation: 102
INFO:root:pop fitness: 0.17541333333333334
INFO:root:elite fitness: 0.30088000000000004
INFO:root:Generation: 113
INFO:root:pop fitness: 0.1645333333333333
INFO:root:elite fitness: 0.30178666666666665
INFO:root:Generation: 103
INFO:root:pop fitness: 0.16348
INFO:root:elite fitness: 0.29480000000000006
INFO:root:Generation: 114
INFO:root:pop fitness: 0.15708666666666665
INFO:root:elite fitness: 0.32776000000000005
INFO:root:Generation: 115
INFO:root:pop fitness: 0.17828666666666668
INFO:root:elite fitness: 0.30782666666666664
INFO:root:Generation: 104
INFO:root:pop fitness: 0.16128
INFO:root:elite fitness: 0.2957066666666667
INFO:root:Generation: 116
INFO:root:pop fitness: 0.16498
INFO:root:elite fitness: 0.29514666666666667
INFO:root:Generation: 105
INFO:root:pop fitness: 0.16363333333333335
INFO:root:elite fitness: 0.3162
INFO:root:Generation: 117
INFO:root:pop fitness: 0.15933999999999998
INFO:root:elite fitness: 0.29325333333333337
INFO:root:Generation: 106
INFO:root:pop fitness: 0.15612666666666666
INFO:root:elite fitness: 0.30122666666666664
INFO:root:Generation: 118
INFO:root:pop fitness: 0.17955333333333334
INFO:root:elite fitness: 0.33576
INFO:root:Generation: 107
INFO:root:pop fitness: 0.16870000000000002
INFO:root:elite fitness: 0.2815066666666667
INFO:root:Generation: 119
INFO:root:pop fitness: 0.17220666666666667
INFO:root:elite fitness: 0.29238666666666663
INFO:root:Generation: 108
INFO:root:pop fitness: 0.17662666666666668
INFO:root:elite fitness: 0.2834666666666667
INFO:root:Generation: 120
INFO:root:pop fitness: 0.17048666666666668
INFO:root:elite fitness: 0.3176266666666666
INFO:root:Generation: 109
INFO:root:pop fitness: 0.18107333333333334
INFO:root:elite fitness: 0.33624000000000004
INFO:root:Generation: 121
INFO:root:pop fitness: 0.18166666666666667
INFO:root:elite fitness: 0.3155466666666667
INFO:root:Generation: 110
INFO:root:pop fitness: 0.17670000000000002
INFO:root:elite fitness: 0.29410666666666674
INFO:root:Generation: 122
INFO:root:pop fitness: 0.17157333333333333
INFO:root:elite fitness: 0.2967333333333333
INFO:root:Generation: 111
INFO:root:pop fitness: 0.17782
INFO:root:elite fitness: 0.29780000000000006
INFO:root:Generation: 123
INFO:root:pop fitness: 0.17979333333333333
INFO:root:elite fitness: 0.3064133333333334
INFO:root:Generation: 112
INFO:root:pop fitness: 0.16936666666666667
INFO:root:elite fitness: 0.30421333333333334
INFO:root:Generation: 124
INFO:root:pop fitness: 0.16734
INFO:root:elite fitness: 0.2905466666666666
INFO:root:Generation: 113
INFO:root:pop fitness: 0.18276
INFO:root:elite fitness: 0.30033333333333334
INFO:root:Generation: 125
INFO:root:pop fitness: 0.1774
INFO:root:elite fitness: 0.31344
INFO:root:Generation: 114
INFO:root:pop fitness: 0.16622
INFO:root:elite fitness: 0.3027600000000001
INFO:root:Generation: 126
INFO:root:pop fitness: 0.1837133333333333
INFO:root:elite fitness: 0.3022266666666667
INFO:root:Generation: 127
INFO:root:pop fitness: 0.18189333333333332
INFO:root:elite fitness: 0.3189333333333333
INFO:root:Generation: 115
INFO:root:pop fitness: 0.17394
INFO:root:elite fitness: 0.29893333333333333
INFO:root:Generation: 128
INFO:root:pop fitness: 0.17478666666666667
INFO:root:elite fitness: 0.28574666666666665
INFO:root:Generation: 116
INFO:root:pop fitness: 0.17258
INFO:root:elite fitness: 0.2962133333333333
INFO:root:Generation: 129
INFO:root:pop fitness: 0.18624
INFO:root:elite fitness: 0.3173333333333334
INFO:root:Generation: 117
INFO:root:pop fitness: 0.17093333333333333
INFO:root:elite fitness: 0.29805333333333334
INFO:root:Generation: 130
INFO:root:pop fitness: 0.1771666666666667
INFO:root:elite fitness: 0.3084
INFO:root:Generation: 118
INFO:root:pop fitness: 0.16747333333333334
INFO:root:elite fitness: 0.31035999999999997
INFO:root:Generation: 131
INFO:root:pop fitness: 0.17595999999999998
INFO:root:elite fitness: 0.31144000000000005
INFO:root:Generation: 119
INFO:root:pop fitness: 0.17256
INFO:root:elite fitness: 0.28345333333333333
INFO:root:Generation: 132
INFO:root:pop fitness: 0.16866666666666666
INFO:root:elite fitness: 0.29072
INFO:root:Generation: 120
INFO:root:pop fitness: 0.15256
INFO:root:elite fitness: 0.28586666666666666
INFO:root:Generation: 133
INFO:root:pop fitness: 0.17501333333333335
INFO:root:elite fitness: 0.3099200000000001
INFO:root:Generation: 121
INFO:root:pop fitness: 0.16777999999999998
INFO:root:elite fitness: 0.29964
INFO:root:Generation: 134
INFO:root:pop fitness: 0.1792
INFO:root:elite fitness: 0.31437333333333334
INFO:root:Generation: 122
INFO:root:pop fitness: 0.17122666666666664
INFO:root:elite fitness: 0.29784000000000005
INFO:root:Generation: 135
INFO:root:pop fitness: 0.19668000000000002
INFO:root:elite fitness: 0.3510133333333333
INFO:root:Generation: 123
INFO:root:pop fitness: 0.17518
INFO:root:elite fitness: 0.3148933333333333
INFO:root:Generation: 136
INFO:root:pop fitness: 0.1783
INFO:root:elite fitness: 0.32621333333333336
INFO:root:Generation: 137
INFO:root:pop fitness: 0.19519999999999998
INFO:root:elite fitness: 0.3340933333333333
INFO:root:Generation: 124
INFO:root:pop fitness: 0.17398666666666668
INFO:root:elite fitness: 0.2976533333333334
INFO:root:Generation: 138
INFO:root:pop fitness: 0.17042000000000002
INFO:root:elite fitness: 0.2942133333333333
INFO:root:Generation: 125
INFO:root:pop fitness: 0.19509333333333334
INFO:root:elite fitness: 0.33092000000000005
INFO:root:Generation: 139
INFO:root:pop fitness: 0.17763333333333334
INFO:root:elite fitness: 0.31553333333333333
INFO:root:Generation: 126
INFO:root:pop fitness: 0.16471999999999998
INFO:root:elite fitness: 0.29542666666666667
INFO:root:Generation: 140
INFO:root:pop fitness: 0.17233333333333334
INFO:root:elite fitness: 0.35552
INFO:root:Generation: 127
INFO:root:pop fitness: 0.14875333333333332
INFO:root:elite fitness: 0.28124000000000005
INFO:root:Generation: 141
INFO:root:pop fitness: 0.17112666666666665
INFO:root:elite fitness: 0.30743999999999994
INFO:root:Generation: 128
INFO:root:pop fitness: 0.18099333333333334
INFO:root:elite fitness: 0.31248000000000004
INFO:root:Generation: 142
INFO:root:pop fitness: 0.17284000000000002
INFO:root:elite fitness: 0.2914133333333334
INFO:root:Generation: 129
INFO:root:pop fitness: 0.16908
INFO:root:elite fitness: 0.29914666666666667
INFO:root:Generation: 143
INFO:root:pop fitness: 0.19141999999999998
INFO:root:elite fitness: 0.3329866666666667
INFO:root:Generation: 130
INFO:root:pop fitness: 0.17038
INFO:root:elite fitness: 0.30820000000000003
INFO:root:Generation: 144
INFO:root:pop fitness: 0.16893999999999998
INFO:root:elite fitness: 0.30073333333333335
INFO:root:Generation: 131
INFO:root:pop fitness: 0.16320666666666667
INFO:root:elite fitness: 0.29914666666666667
INFO:root:Generation: 145
INFO:root:pop fitness: 0.16812666666666667
INFO:root:elite fitness: 0.3058533333333333
INFO:root:Generation: 132
INFO:root:pop fitness: 0.18244
INFO:root:elite fitness: 0.32861333333333337
INFO:root:Generation: 146
INFO:root:pop fitness: 0.17016
INFO:root:elite fitness: 0.31162666666666666
INFO:root:Generation: 133
INFO:root:pop fitness: 0.16924666666666666
INFO:root:elite fitness: 0.2881066666666667
INFO:root:Generation: 147
INFO:root:pop fitness: 0.16929333333333332
INFO:root:elite fitness: 0.3044133333333333
INFO:root:Generation: 148
INFO:root:pop fitness: 0.17088666666666666
INFO:root:elite fitness: 0.31716
INFO:root:Generation: 134
INFO:root:pop fitness: 0.15976666666666667
INFO:root:elite fitness: 0.28388
INFO:root:Generation: 149
INFO:root:pop fitness: 0.18882000000000002
INFO:root:elite fitness: 0.30521333333333334
INFO:root:Generation: 135
INFO:root:pop fitness: 0.16122
INFO:root:elite fitness: 0.31496
INFO:root:Generation: 150
INFO:root:pop fitness: 0.19842
INFO:root:elite fitness: 0.33166666666666667
INFO:root:Generation: 136
INFO:root:pop fitness: 0.18356000000000003
INFO:root:elite fitness: 0.3322
INFO:root:Generation: 151
INFO:root:pop fitness: 0.18794666666666668
INFO:root:elite fitness: 0.32637333333333335
INFO:root:Generation: 137
INFO:root:pop fitness: 0.1653
INFO:root:elite fitness: 0.32772
INFO:root:Generation: 152
INFO:root:pop fitness: 0.19086
INFO:root:elite fitness: 0.33403999999999995
INFO:root:Generation: 138
INFO:root:pop fitness: 0.16221333333333335
INFO:root:elite fitness: 0.30284
INFO:root:Generation: 153
INFO:root:pop fitness: 0.1691
INFO:root:elite fitness: 0.31628
INFO:root:Generation: 139
INFO:root:pop fitness: 0.16207333333333332
INFO:root:elite fitness: 0.29849333333333333
INFO:root:Generation: 154
INFO:root:pop fitness: 0.18974
INFO:root:elite fitness: 0.33658666666666665
INFO:root:Generation: 140
INFO:root:pop fitness: 0.15675333333333333
INFO:root:elite fitness: 0.29319999999999996
INFO:root:Generation: 155
INFO:root:pop fitness: 0.20026666666666665
INFO:root:elite fitness: 0.35091999999999995
INFO:root:Generation: 141
INFO:root:pop fitness: 0.17718666666666666
INFO:root:elite fitness: 0.30297333333333326
INFO:root:Generation: 156
INFO:root:pop fitness: 0.19418000000000002
INFO:root:elite fitness: 0.309
INFO:root:Generation: 142
INFO:root:pop fitness: 0.15674666666666665
INFO:root:elite fitness: 0.32148
INFO:root:Generation: 157
INFO:root:pop fitness: 0.19778666666666667
INFO:root:elite fitness: 0.34456000000000003
INFO:root:Generation: 158
INFO:root:pop fitness: 0.18499999999999997
INFO:root:elite fitness: 0.30968
INFO:root:Generation: 143
INFO:root:pop fitness: 0.17724666666666666
INFO:root:elite fitness: 0.3181733333333333
INFO:root:Generation: 159
INFO:root:pop fitness: 0.2059466666666667
INFO:root:elite fitness: 0.35462666666666665
INFO:root:Generation: 144
INFO:root:pop fitness: 0.16293333333333337
INFO:root:elite fitness: 0.29904000000000003
INFO:root:Generation: 160
INFO:root:pop fitness: 0.20462666666666668
INFO:root:elite fitness: 0.3273333333333333
INFO:root:Generation: 145
INFO:root:pop fitness: 0.15295999999999998
INFO:root:elite fitness: 0.29292
INFO:root:Generation: 161
INFO:root:pop fitness: 0.19548666666666667
INFO:root:elite fitness: 0.34174666666666664
INFO:root:Generation: 146
INFO:root:pop fitness: 0.17124
INFO:root:elite fitness: 0.30526666666666663
INFO:root:Generation: 162
INFO:root:pop fitness: 0.20014666666666667
INFO:root:elite fitness: 0.3427866666666667
INFO:root:Generation: 147
INFO:root:pop fitness: 0.17150666666666667
INFO:root:elite fitness: 0.28401333333333334
INFO:root:Generation: 163
INFO:root:pop fitness: 0.20271333333333336
INFO:root:elite fitness: 0.36125333333333326
INFO:root:Generation: 148
INFO:root:pop fitness: 0.16522666666666666
INFO:root:elite fitness: 0.30456
INFO:root:Generation: 164
INFO:root:pop fitness: 0.19892666666666667
INFO:root:elite fitness: 0.34473333333333334
INFO:root:Generation: 149
INFO:root:pop fitness: 0.15714
INFO:root:elite fitness: 0.28048
INFO:root:Generation: 165
INFO:root:pop fitness: 0.19741999999999998
INFO:root:elite fitness: 0.34572
INFO:root:Generation: 150
INFO:root:pop fitness: 0.17898
INFO:root:elite fitness: 0.3177866666666666
INFO:root:Generation: 166
INFO:root:pop fitness: 0.17608666666666667
INFO:root:elite fitness: 0.30593333333333333
INFO:root:Generation: 167
INFO:root:pop fitness: 0.16822
INFO:root:elite fitness: 0.2895333333333333
INFO:root:Generation: 151
INFO:root:pop fitness: 0.18032666666666666
INFO:root:elite fitness: 0.323
INFO:root:Generation: 168
INFO:root:pop fitness: 0.19798000000000002
INFO:root:elite fitness: 0.37174666666666667
INFO:root:Generation: 152
INFO:root:pop fitness: 0.15807333333333332
INFO:root:elite fitness: 0.32173333333333337
INFO:root:Generation: 169
INFO:root:pop fitness: 0.18661333333333335
INFO:root:elite fitness: 0.3334666666666667
INFO:root:Generation: 153
INFO:root:pop fitness: 0.17273333333333332
INFO:root:elite fitness: 0.3152266666666667
INFO:root:Generation: 170
INFO:root:pop fitness: 0.18578666666666666
INFO:root:elite fitness: 0.32252
INFO:root:Generation: 154
INFO:root:pop fitness: 0.18072666666666662
INFO:root:elite fitness: 0.34091999999999995
INFO:root:Generation: 171
INFO:root:pop fitness: 0.19556666666666667
INFO:root:elite fitness: 0.34453333333333336
INFO:root:Generation: 155
INFO:root:pop fitness: 0.16794
INFO:root:elite fitness: 0.3084266666666667
INFO:root:Generation: 172
INFO:root:pop fitness: 0.2097
INFO:root:elite fitness: 0.38384000000000007
INFO:root:Generation: 156
INFO:root:pop fitness: 0.19872666666666666
INFO:root:elite fitness: 0.3320266666666667
INFO:root:Generation: 173
INFO:root:pop fitness: 0.17662000000000003
INFO:root:elite fitness: 0.3076
INFO:root:Generation: 157
INFO:root:pop fitness: 0.16874
INFO:root:elite fitness: 0.32718666666666657
INFO:root:Generation: 174
INFO:root:pop fitness: 0.19813999999999998
INFO:root:elite fitness: 0.37637333333333334
INFO:root:Generation: 158
INFO:root:pop fitness: 0.1500266666666667
INFO:root:elite fitness: 0.26614666666666664
INFO:root:Generation: 175
INFO:root:pop fitness: 0.20034
INFO:root:elite fitness: 0.33549333333333337
INFO:root:Generation: 159
INFO:root:pop fitness: 0.19932000000000002
INFO:root:elite fitness: 0.35182666666666673
INFO:root:Generation: 176
INFO:root:pop fitness: 0.19642666666666667
INFO:root:elite fitness: 0.3344266666666667
INFO:root:Generation: 160
INFO:root:pop fitness: 0.17389333333333332
INFO:root:elite fitness: 0.29864
INFO:root:Generation: 177
INFO:root:pop fitness: 0.17981999999999998
INFO:root:elite fitness: 0.31216
INFO:root:Generation: 178
INFO:root:pop fitness: 0.18851333333333334
INFO:root:elite fitness: 0.3273466666666666
INFO:root:Generation: 161
INFO:root:pop fitness: 0.1773
INFO:root:elite fitness: 0.32244
INFO:root:Generation: 179
INFO:root:pop fitness: 0.18365333333333334
INFO:root:elite fitness: 0.3259733333333333
INFO:root:Generation: 162
INFO:root:pop fitness: 0.16797333333333334
INFO:root:elite fitness: 0.33009333333333335
INFO:root:Generation: 180
INFO:root:pop fitness: 0.18442666666666668
INFO:root:elite fitness: 0.3385466666666667
INFO:root:Generation: 163
INFO:root:pop fitness: 0.17537333333333335
INFO:root:elite fitness: 0.3296266666666666
INFO:root:Generation: 181
INFO:root:pop fitness: 0.18434666666666666
INFO:root:elite fitness: 0.33379999999999993
INFO:root:Generation: 164
INFO:root:pop fitness: 0.16402
INFO:root:elite fitness: 0.2857866666666667
INFO:root:Generation: 182
INFO:root:pop fitness: 0.19388
INFO:root:elite fitness: 0.34252000000000005
INFO:root:Generation: 165
INFO:root:pop fitness: 0.1835266666666667
INFO:root:elite fitness: 0.32989333333333337
INFO:root:Generation: 183
INFO:root:pop fitness: 0.19191333333333332
INFO:root:elite fitness: 0.3402133333333333
INFO:root:Generation: 166
INFO:root:pop fitness: 0.19113999999999998
INFO:root:elite fitness: 0.33068000000000003
INFO:root:Generation: 184
INFO:root:pop fitness: 0.19610666666666668
INFO:root:elite fitness: 0.3484
INFO:root:Generation: 167
INFO:root:pop fitness: 0.18384
INFO:root:elite fitness: 0.3284533333333333
INFO:root:Generation: 185
INFO:root:pop fitness: 0.18538
INFO:root:elite fitness: 0.3438533333333333
INFO:root:Generation: 168
INFO:root:pop fitness: 0.17235333333333333
INFO:root:elite fitness: 0.32769333333333334
INFO:root:Generation: 186
INFO:root:pop fitness: 0.18908666666666665
INFO:root:elite fitness: 0.3290666666666667
INFO:root:Generation: 169
INFO:root:pop fitness: 0.19480666666666668
INFO:root:elite fitness: 0.3406666666666666
INFO:root:Generation: 187
INFO:root:pop fitness: 0.20526
INFO:root:elite fitness: 0.34676
INFO:root:Generation: 188
INFO:root:pop fitness: 0.18779333333333334
INFO:root:elite fitness: 0.3196933333333333
INFO:root:Generation: 170
INFO:root:pop fitness: 0.18836666666666668
INFO:root:elite fitness: 0.36221333333333333
INFO:root:Generation: 189
INFO:root:pop fitness: 0.19735333333333333
INFO:root:elite fitness: 0.34302666666666665
INFO:root:Generation: 171
INFO:root:pop fitness: 0.18309333333333333
INFO:root:elite fitness: 0.34213333333333334
INFO:root:Generation: 190
INFO:root:pop fitness: 0.20437999999999998
INFO:root:elite fitness: 0.34868000000000005
INFO:root:Generation: 172
INFO:root:pop fitness: 0.18626666666666666
INFO:root:elite fitness: 0.3258133333333334
INFO:root:Generation: 191
INFO:root:pop fitness: 0.19922666666666666
INFO:root:elite fitness: 0.3382
INFO:root:Generation: 173
INFO:root:pop fitness: 0.1896266666666667
INFO:root:elite fitness: 0.3151333333333333
INFO:root:Generation: 192
INFO:root:pop fitness: 0.20898666666666663
INFO:root:elite fitness: 0.37092
INFO:root:Generation: 174
INFO:root:pop fitness: 0.18549333333333332
INFO:root:elite fitness: 0.3418799999999999
INFO:root:Generation: 193
INFO:root:pop fitness: 0.18102
INFO:root:elite fitness: 0.31912000000000007
INFO:root:Generation: 175
INFO:root:pop fitness: 0.19132666666666664
INFO:root:elite fitness: 0.3530533333333334
INFO:root:Generation: 194
INFO:root:pop fitness: 0.21376
INFO:root:elite fitness: 0.3818000000000001
INFO:root:Generation: 176
INFO:root:pop fitness: 0.20598
INFO:root:elite fitness: 0.34042666666666666
INFO:root:Generation: 195
INFO:root:pop fitness: 0.20104666666666668
INFO:root:elite fitness: 0.3302933333333333
INFO:root:Generation: 177
INFO:root:pop fitness: 0.16126666666666664
INFO:root:elite fitness: 0.3041733333333333
INFO:root:Generation: 196
INFO:root:pop fitness: 0.20067333333333331
INFO:root:elite fitness: 0.36285333333333336
INFO:root:Generation: 197
INFO:root:pop fitness: 0.20382
INFO:root:elite fitness: 0.35497333333333336
INFO:root:Generation: 178
INFO:root:pop fitness: 0.19502666666666665
INFO:root:elite fitness: 0.33377333333333337
INFO:root:Generation: 198
INFO:root:pop fitness: 0.20241333333333333
INFO:root:elite fitness: 0.3307066666666667
INFO:root:Generation: 179
INFO:root:pop fitness: 0.19003333333333336
INFO:root:elite fitness: 0.32588
INFO:root:Generation: 199
INFO:root:pop fitness: 0.18770666666666666
INFO:root:elite fitness: 0.3169066666666667
INFO:root:Generation: 180
INFO:root:pop fitness: 0.18916
INFO:root:elite fitness: 0.33522666666666673
INFO:root:Generation: 181
INFO:root:pop fitness: 0.19481333333333328
INFO:root:elite fitness: 0.3194666666666667
INFO:root:Generation: 182
INFO:root:pop fitness: 0.21363333333333334
INFO:root:elite fitness: 0.3738
INFO:root:Generation: 183
INFO:root:pop fitness: 0.19338666666666662
INFO:root:elite fitness: 0.3608133333333333
INFO:root:Generation: 184
INFO:root:pop fitness: 0.2204866666666666
INFO:root:elite fitness: 0.3762
INFO:root:Generation: 185
INFO:root:pop fitness: 0.19684
INFO:root:elite fitness: 0.33593333333333336
INFO:root:Generation: 186
INFO:root:pop fitness: 0.18735333333333334
INFO:root:elite fitness: 0.30788
INFO:root:Generation: 187
INFO:root:pop fitness: 0.19521333333333332
INFO:root:elite fitness: 0.32999999999999996
INFO:root:Generation: 188
INFO:root:pop fitness: 0.20822
INFO:root:elite fitness: 0.34045333333333333
INFO:root:Generation: 189
INFO:root:pop fitness: 0.17511333333333332
INFO:root:elite fitness: 0.2939333333333333
INFO:root:Generation: 190
INFO:root:pop fitness: 0.18460666666666667
INFO:root:elite fitness: 0.34168
INFO:root:Generation: 191
INFO:root:pop fitness: 0.1978133333333333
INFO:root:elite fitness: 0.3354933333333333
INFO:root:Generation: 192
INFO:root:pop fitness: 0.19302000000000002
INFO:root:elite fitness: 0.35748
INFO:root:Generation: 193
INFO:root:pop fitness: 0.16315999999999997
INFO:root:elite fitness: 0.29392000000000007
INFO:root:Generation: 194
INFO:root:pop fitness: 0.20389333333333332
INFO:root:elite fitness: 0.33985333333333334
INFO:root:Generation: 195
INFO:root:pop fitness: 0.19608
INFO:root:elite fitness: 0.32625333333333334
INFO:root:Generation: 196
INFO:root:pop fitness: 0.1915933333333333
INFO:root:elite fitness: 0.33483999999999997
INFO:root:Generation: 197
INFO:root:pop fitness: 0.18969999999999995
INFO:root:elite fitness: 0.3389466666666667
INFO:root:Generation: 198
INFO:root:pop fitness: 0.19256666666666666
INFO:root:elite fitness: 0.29976
INFO:root:Generation: 199
INFO:root:pop fitness: 0.18858
INFO:root:elite fitness: 0.3484933333333333
