INFO:root:run_master: Namespace(arms='10', hidden='128', layers='3', max_gen='200', message='', mutation_mag='0.01', name='nonStationary_v1', noise=False, pop_size='100', save_result=True, trials='100')
INFO:root:run_master: Namespace(arms='10', hidden='128', layers='3', max_gen='200', message='', mutation_mag='0.01', name='nonStationary_v1', noise=True, pop_size='100', save_result=True, trials='100')
INFO:root:Generation: 0
INFO:root:pop fitness: 0.10135000000000001
INFO:root:elite fitness: 0.11388
INFO:root:Generation: 0
INFO:root:pop fitness: 0.09906999999999998
INFO:root:elite fitness: 0.10936000000000001
INFO:root:Generation: 1
INFO:root:pop fitness: 0.10029
INFO:root:elite fitness: 0.13724
INFO:root:Generation: 2
INFO:root:pop fitness: 0.10186
INFO:root:elite fitness: 0.15860000000000002
INFO:root:Generation: 1
INFO:root:pop fitness: 0.09899999999999999
INFO:root:elite fitness: 0.12824
INFO:root:Generation: 3
INFO:root:pop fitness: 0.09866
INFO:root:elite fitness: 0.1576
INFO:root:Generation: 2
INFO:root:pop fitness: 0.09846999999999997
INFO:root:elite fitness: 0.1641
INFO:root:Generation: 4
INFO:root:pop fitness: 0.09466
INFO:root:elite fitness: 0.17071999999999998
INFO:root:Generation: 3
INFO:root:pop fitness: 0.10091999999999998
INFO:root:elite fitness: 0.16214000000000003
INFO:root:Generation: 5
INFO:root:pop fitness: 0.09622999999999998
INFO:root:elite fitness: 0.18225999999999998
INFO:root:Generation: 6
INFO:root:pop fitness: 0.09760000000000002
INFO:root:elite fitness: 0.16380000000000003
INFO:root:Generation: 4
INFO:root:pop fitness: 0.09414
INFO:root:elite fitness: 0.17216
INFO:root:Generation: 7
INFO:root:pop fitness: 0.10419999999999999
INFO:root:elite fitness: 0.19940000000000002
INFO:root:Generation: 5
INFO:root:pop fitness: 0.10583999999999999
INFO:root:elite fitness: 0.16269999999999998
INFO:root:Generation: 6
INFO:root:pop fitness: 0.10210000000000001
INFO:root:elite fitness: 0.17230000000000004
INFO:root:Generation: 8
INFO:root:pop fitness: 0.10301000000000002
INFO:root:elite fitness: 0.17964000000000005
INFO:root:Generation: 7
INFO:root:pop fitness: 0.09981000000000001
INFO:root:elite fitness: 0.17864000000000002
INFO:root:Generation: 9
INFO:root:pop fitness: 0.11018999999999998
INFO:root:elite fitness: 0.21236
INFO:root:Generation: 8
INFO:root:pop fitness: 0.11026999999999999
INFO:root:elite fitness: 0.20108000000000004
INFO:root:Generation: 10
INFO:root:pop fitness: 0.10640999999999998
INFO:root:elite fitness: 0.21001999999999998
INFO:root:Generation: 9
INFO:root:pop fitness: 0.10717999999999998
INFO:root:elite fitness: 0.18514
INFO:root:Generation: 11
INFO:root:pop fitness: 0.10008
INFO:root:elite fitness: 0.15392
INFO:root:Generation: 10
INFO:root:pop fitness: 0.10890999999999998
INFO:root:elite fitness: 0.19915999999999998
INFO:root:Generation: 12
INFO:root:pop fitness: 0.09519999999999999
INFO:root:elite fitness: 0.1754
INFO:root:Generation: 13
INFO:root:pop fitness: 0.09258999999999999
INFO:root:elite fitness: 0.17753999999999998
INFO:root:Generation: 11
INFO:root:pop fitness: 0.10921999999999998
INFO:root:elite fitness: 0.2021
INFO:root:Generation: 14
INFO:root:pop fitness: 0.10954000000000001
INFO:root:elite fitness: 0.18959999999999996
INFO:root:Generation: 12
INFO:root:pop fitness: 0.11384999999999998
INFO:root:elite fitness: 0.19974
INFO:root:Generation: 15
INFO:root:pop fitness: 0.10079999999999999
INFO:root:elite fitness: 0.17035999999999998
INFO:root:Generation: 13
INFO:root:pop fitness: 0.09908999999999998
INFO:root:elite fitness: 0.17437999999999998
INFO:root:Generation: 16
INFO:root:pop fitness: 0.08696
INFO:root:elite fitness: 0.17976000000000003
INFO:root:Generation: 14
INFO:root:pop fitness: 0.106
INFO:root:elite fitness: 0.19716000000000006
INFO:root:Generation: 17
INFO:root:pop fitness: 0.11084999999999999
INFO:root:elite fitness: 0.20845999999999998
INFO:root:Generation: 15
INFO:root:pop fitness: 0.11006000000000002
INFO:root:elite fitness: 0.206
INFO:root:Generation: 18
INFO:root:pop fitness: 0.11659000000000001
INFO:root:elite fitness: 0.21445999999999998
INFO:root:Generation: 16
INFO:root:pop fitness: 0.09693000000000002
INFO:root:elite fitness: 0.19602
INFO:root:Generation: 19
INFO:root:pop fitness: 0.12158
INFO:root:elite fitness: 0.22726
INFO:root:Generation: 17
INFO:root:pop fitness: 0.10847000000000001
INFO:root:elite fitness: 0.18494000000000002
INFO:root:Generation: 20
INFO:root:pop fitness: 0.09387000000000001
INFO:root:elite fitness: 0.17607999999999996
INFO:root:Generation: 18
INFO:root:pop fitness: 0.10657999999999998
INFO:root:elite fitness: 0.19922
INFO:root:Generation: 21
INFO:root:pop fitness: 0.10760000000000002
INFO:root:elite fitness: 0.18284
INFO:root:Generation: 19
INFO:root:pop fitness: 0.1139
INFO:root:elite fitness: 0.19105999999999998
INFO:root:Generation: 22
INFO:root:pop fitness: 0.10771000000000001
INFO:root:elite fitness: 0.18732
INFO:root:Generation: 20
INFO:root:pop fitness: 0.11268999999999998
INFO:root:elite fitness: 0.19095999999999996
INFO:root:Generation: 23
INFO:root:pop fitness: 0.11528999999999998
INFO:root:elite fitness: 0.21343999999999996
INFO:root:Generation: 21
INFO:root:pop fitness: 0.10041
INFO:root:elite fitness: 0.16119999999999998
INFO:root:Generation: 22
INFO:root:pop fitness: 0.10059
INFO:root:elite fitness: 0.19695999999999997
INFO:root:Generation: 24
INFO:root:pop fitness: 0.09838
INFO:root:elite fitness: 0.18984
INFO:root:Generation: 23
INFO:root:pop fitness: 0.10548999999999997
INFO:root:elite fitness: 0.19255999999999995
INFO:root:Generation: 24
INFO:root:pop fitness: 0.1088
INFO:root:elite fitness: 0.19236
INFO:root:Generation: 25
INFO:root:pop fitness: 0.11643999999999999
INFO:root:elite fitness: 0.19682000000000002
INFO:root:Generation: 25
INFO:root:pop fitness: 0.12028999999999998
INFO:root:elite fitness: 0.23067999999999997
INFO:root:Generation: 26
INFO:root:pop fitness: 0.11667
INFO:root:elite fitness: 0.20684000000000002
INFO:root:Generation: 27
INFO:root:pop fitness: 0.10237000000000003
INFO:root:elite fitness: 0.20011999999999996
INFO:root:Generation: 26
INFO:root:pop fitness: 0.10412999999999999
INFO:root:elite fitness: 0.19554000000000002
INFO:root:Generation: 28
INFO:root:pop fitness: 0.11768
INFO:root:elite fitness: 0.20611999999999997
INFO:root:Generation: 27
INFO:root:pop fitness: 0.12069999999999999
INFO:root:elite fitness: 0.20883999999999997
INFO:root:Generation: 29
INFO:root:pop fitness: 0.10507999999999998
INFO:root:elite fitness: 0.20096
INFO:root:Generation: 28
INFO:root:pop fitness: 0.11158
INFO:root:elite fitness: 0.22716
INFO:root:Generation: 30
INFO:root:pop fitness: 0.12333999999999999
INFO:root:elite fitness: 0.23154000000000002
INFO:root:Generation: 29
INFO:root:pop fitness: 0.11071999999999999
INFO:root:elite fitness: 0.20968
INFO:root:Generation: 30
INFO:root:pop fitness: 0.13046000000000002
INFO:root:elite fitness: 0.23922000000000004
INFO:root:Generation: 31
INFO:root:pop fitness: 0.11472999999999998
INFO:root:elite fitness: 0.19293999999999997
INFO:root:Generation: 31
INFO:root:pop fitness: 0.13313999999999998
INFO:root:elite fitness: 0.24806
INFO:root:Generation: 32
INFO:root:pop fitness: 0.11245000000000001
INFO:root:elite fitness: 0.20944000000000002
INFO:root:Generation: 33
INFO:root:pop fitness: 0.11365
INFO:root:elite fitness: 0.22585999999999998
INFO:root:Generation: 32
INFO:root:pop fitness: 0.10876000000000001
INFO:root:elite fitness: 0.19586000000000003
INFO:root:Generation: 33
INFO:root:pop fitness: 0.10643000000000001
INFO:root:elite fitness: 0.20923999999999998
INFO:root:Generation: 34
INFO:root:pop fitness: 0.10803000000000001
INFO:root:elite fitness: 0.19078
INFO:root:Generation: 34
INFO:root:pop fitness: 0.10178000000000001
INFO:root:elite fitness: 0.18050000000000005
INFO:root:Generation: 35
INFO:root:pop fitness: 0.11102000000000004
INFO:root:elite fitness: 0.20129999999999998
INFO:root:Generation: 35
INFO:root:pop fitness: 0.11071999999999999
INFO:root:elite fitness: 0.19034000000000004
INFO:root:Generation: 36
INFO:root:pop fitness: 0.10705000000000002
INFO:root:elite fitness: 0.20366000000000004
INFO:root:Generation: 36
INFO:root:pop fitness: 0.1252
INFO:root:elite fitness: 0.22119999999999998
INFO:root:Generation: 37
INFO:root:pop fitness: 0.11455
INFO:root:elite fitness: 0.19605999999999998
INFO:root:Generation: 38
INFO:root:pop fitness: 0.12478
INFO:root:elite fitness: 0.22476
INFO:root:Generation: 37
INFO:root:pop fitness: 0.1171
INFO:root:elite fitness: 0.19934000000000004
INFO:root:Generation: 39
INFO:root:pop fitness: 0.117
INFO:root:elite fitness: 0.20644
INFO:root:Generation: 38
INFO:root:pop fitness: 0.11098999999999998
INFO:root:elite fitness: 0.19567999999999997
INFO:root:Generation: 40
INFO:root:pop fitness: 0.10581
INFO:root:elite fitness: 0.19805999999999999
INFO:root:Generation: 39
INFO:root:pop fitness: 0.11119000000000001
INFO:root:elite fitness: 0.20982
INFO:root:Generation: 41
INFO:root:pop fitness: 0.10422000000000001
INFO:root:elite fitness: 0.1949
INFO:root:Generation: 40
INFO:root:pop fitness: 0.1105
INFO:root:elite fitness: 0.21834000000000003
INFO:root:Generation: 42
INFO:root:pop fitness: 0.11831000000000001
INFO:root:elite fitness: 0.20881999999999998
INFO:root:Generation: 41
INFO:root:pop fitness: 0.11917
INFO:root:elite fitness: 0.2231
INFO:root:Generation: 43
INFO:root:pop fitness: 0.10515000000000002
INFO:root:elite fitness: 0.19044
INFO:root:Generation: 42
INFO:root:pop fitness: 0.11567
INFO:root:elite fitness: 0.19835999999999998
INFO:root:Generation: 44
INFO:root:pop fitness: 0.11071000000000002
INFO:root:elite fitness: 0.20064
INFO:root:Generation: 43
INFO:root:pop fitness: 0.10735000000000001
INFO:root:elite fitness: 0.20977999999999997
INFO:root:Generation: 45
INFO:root:pop fitness: 0.11293999999999997
INFO:root:elite fitness: 0.20143999999999998
INFO:root:Generation: 44
INFO:root:pop fitness: 0.11132
INFO:root:elite fitness: 0.2118
INFO:root:Generation: 46
INFO:root:pop fitness: 0.10528000000000003
INFO:root:elite fitness: 0.18554
INFO:root:Generation: 45
INFO:root:pop fitness: 0.12316999999999999
INFO:root:elite fitness: 0.22011999999999998
INFO:root:Generation: 46
INFO:root:pop fitness: 0.11833
INFO:root:elite fitness: 0.21231999999999998
INFO:root:Generation: 47
INFO:root:pop fitness: 0.11752999999999998
INFO:root:elite fitness: 0.22238
INFO:root:Generation: 47
INFO:root:pop fitness: 0.11119000000000001
INFO:root:elite fitness: 0.20230000000000004
INFO:root:Generation: 48
INFO:root:pop fitness: 0.12057000000000001
INFO:root:elite fitness: 0.22292
INFO:root:Generation: 48
INFO:root:pop fitness: 0.10950000000000001
INFO:root:elite fitness: 0.21688000000000002
INFO:root:Generation: 49
INFO:root:pop fitness: 0.1263
INFO:root:elite fitness: 0.2125
INFO:root:Generation: 49
INFO:root:pop fitness: 0.12036
INFO:root:elite fitness: 0.23182
INFO:root:Generation: 50
INFO:root:pop fitness: 0.11324000000000002
INFO:root:elite fitness: 0.19535999999999998
INFO:root:Generation: 50
INFO:root:pop fitness: 0.11980000000000002
INFO:root:elite fitness: 0.21211999999999998
INFO:root:Generation: 51
INFO:root:pop fitness: 0.10440999999999998
INFO:root:elite fitness: 0.18538
INFO:root:Generation: 52
INFO:root:pop fitness: 0.11158
INFO:root:elite fitness: 0.20278000000000002
INFO:root:Generation: 51
INFO:root:pop fitness: 0.13403
INFO:root:elite fitness: 0.24553999999999998
INFO:root:Generation: 53
INFO:root:pop fitness: 0.12977
INFO:root:elite fitness: 0.23430000000000004
INFO:root:Generation: 52
INFO:root:pop fitness: 0.11239999999999999
INFO:root:elite fitness: 0.20128000000000001
INFO:root:Generation: 54
INFO:root:pop fitness: 0.12699
INFO:root:elite fitness: 0.22704000000000002
INFO:root:Generation: 53
INFO:root:pop fitness: 0.11838999999999998
INFO:root:elite fitness: 0.20579999999999998
INFO:root:Generation: 54
INFO:root:pop fitness: 0.11141000000000002
INFO:root:elite fitness: 0.19648
INFO:root:Generation: 55
INFO:root:pop fitness: 0.10951000000000002
INFO:root:elite fitness: 0.1815
INFO:root:Generation: 55
INFO:root:pop fitness: 0.124
INFO:root:elite fitness: 0.20959999999999998
INFO:root:Generation: 56
INFO:root:pop fitness: 0.11363999999999999
INFO:root:elite fitness: 0.19588000000000005
INFO:root:Generation: 56
INFO:root:pop fitness: 0.11751000000000002
INFO:root:elite fitness: 0.20542
INFO:root:Generation: 57
INFO:root:pop fitness: 0.11041999999999998
INFO:root:elite fitness: 0.20794
INFO:root:Generation: 57
INFO:root:pop fitness: 0.12787
INFO:root:elite fitness: 0.25007999999999997
INFO:root:Generation: 58
INFO:root:pop fitness: 0.11321999999999999
INFO:root:elite fitness: 0.19333999999999996
INFO:root:Generation: 58
INFO:root:pop fitness: 0.10756
INFO:root:elite fitness: 0.20054000000000002
INFO:root:Generation: 59
INFO:root:pop fitness: 0.11801
INFO:root:elite fitness: 0.20702
INFO:root:Generation: 59
INFO:root:pop fitness: 0.1152
INFO:root:elite fitness: 0.22591999999999998
INFO:root:Generation: 60
INFO:root:pop fitness: 0.10507000000000001
INFO:root:elite fitness: 0.18476000000000004
INFO:root:Generation: 60
INFO:root:pop fitness: 0.12378
INFO:root:elite fitness: 0.22948000000000002
INFO:root:Generation: 61
INFO:root:pop fitness: 0.09881999999999999
INFO:root:elite fitness: 0.18374
INFO:root:Generation: 61
INFO:root:pop fitness: 0.12886999999999996
INFO:root:elite fitness: 0.19968
INFO:root:Generation: 62
INFO:root:pop fitness: 0.11061000000000001
INFO:root:elite fitness: 0.19936000000000004
INFO:root:Generation: 62
INFO:root:pop fitness: 0.13556
INFO:root:elite fitness: 0.23592000000000002
INFO:root:Generation: 63
INFO:root:pop fitness: 0.118
INFO:root:elite fitness: 0.22386000000000003
INFO:root:Generation: 64
INFO:root:pop fitness: 0.10220999999999998
INFO:root:elite fitness: 0.17598
INFO:root:Generation: 63
INFO:root:pop fitness: 0.13122
INFO:root:elite fitness: 0.22118000000000004
INFO:root:Generation: 65
INFO:root:pop fitness: 0.13246
INFO:root:elite fitness: 0.24852
INFO:root:Generation: 66
INFO:root:pop fitness: 0.12667
INFO:root:elite fitness: 0.24486
INFO:root:Generation: 64
INFO:root:pop fitness: 0.11024
INFO:root:elite fitness: 0.20323999999999998
INFO:root:Generation: 67
INFO:root:pop fitness: 0.12972
INFO:root:elite fitness: 0.22324000000000002
INFO:root:Generation: 68
INFO:root:pop fitness: 0.10178000000000001
INFO:root:elite fitness: 0.19290000000000002
INFO:root:Generation: 65
INFO:root:pop fitness: 0.11651
INFO:root:elite fitness: 0.22206
INFO:root:Generation: 69
INFO:root:pop fitness: 0.12332000000000001
INFO:root:elite fitness: 0.23272
INFO:root:Generation: 70
INFO:root:pop fitness: 0.11505000000000001
INFO:root:elite fitness: 0.20579999999999998
INFO:root:Generation: 66
INFO:root:pop fitness: 0.12306
INFO:root:elite fitness: 0.2403
INFO:root:Generation: 71
INFO:root:pop fitness: 0.11477
INFO:root:elite fitness: 0.21368
INFO:root:Generation: 72
INFO:root:pop fitness: 0.10417
INFO:root:elite fitness: 0.18267999999999998
INFO:root:Generation: 73
INFO:root:pop fitness: 0.12292
INFO:root:elite fitness: 0.21984
INFO:root:Generation: 74
INFO:root:pop fitness: 0.11832
INFO:root:elite fitness: 0.21746000000000001
INFO:root:Generation: 67
INFO:root:pop fitness: 0.1133
INFO:root:elite fitness: 0.21820000000000003
INFO:root:Generation: 75
INFO:root:pop fitness: 0.12057999999999999
INFO:root:elite fitness: 0.22196000000000002
INFO:root:Generation: 76
INFO:root:pop fitness: 0.11220000000000001
INFO:root:elite fitness: 0.1948
INFO:root:Generation: 68
INFO:root:pop fitness: 0.13356
INFO:root:elite fitness: 0.22872
INFO:root:Generation: 77
INFO:root:pop fitness: 0.11294
INFO:root:elite fitness: 0.20382
INFO:root:Generation: 78
INFO:root:pop fitness: 0.10948000000000001
INFO:root:elite fitness: 0.18117999999999998
INFO:root:Generation: 79
INFO:root:pop fitness: 0.11170999999999999
INFO:root:elite fitness: 0.22159999999999996
INFO:root:Generation: 69
INFO:root:pop fitness: 0.12366000000000002
INFO:root:elite fitness: 0.21136
INFO:root:Generation: 80
INFO:root:pop fitness: 0.10705000000000002
INFO:root:elite fitness: 0.19827999999999996
INFO:root:Generation: 70
INFO:root:pop fitness: 0.13101
INFO:root:elite fitness: 0.24532000000000004
INFO:root:Generation: 81
INFO:root:pop fitness: 0.12538
INFO:root:elite fitness: 0.19776000000000005
INFO:root:Generation: 71
INFO:root:pop fitness: 0.11607
INFO:root:elite fitness: 0.20204
INFO:root:Generation: 82
INFO:root:pop fitness: 0.12319
INFO:root:elite fitness: 0.21422
INFO:root:Generation: 72
INFO:root:pop fitness: 0.12096999999999998
INFO:root:elite fitness: 0.21452000000000002
INFO:root:Generation: 83
INFO:root:pop fitness: 0.12137
INFO:root:elite fitness: 0.21522
INFO:root:Generation: 73
INFO:root:pop fitness: 0.12805
INFO:root:elite fitness: 0.23514
INFO:root:Generation: 84
INFO:root:pop fitness: 0.12372999999999999
INFO:root:elite fitness: 0.22654
INFO:root:Generation: 74
INFO:root:pop fitness: 0.12981
INFO:root:elite fitness: 0.21568000000000004
INFO:root:Generation: 85
INFO:root:pop fitness: 0.12251000000000004
INFO:root:elite fitness: 0.22776000000000005
INFO:root:Generation: 75
INFO:root:pop fitness: 0.12177999999999999
INFO:root:elite fitness: 0.20891999999999997
INFO:root:Generation: 86
INFO:root:pop fitness: 0.11348000000000001
INFO:root:elite fitness: 0.21524
INFO:root:Generation: 76
INFO:root:pop fitness: 0.13329000000000002
INFO:root:elite fitness: 0.24373999999999998
INFO:root:Generation: 87
INFO:root:pop fitness: 0.10942000000000002
INFO:root:elite fitness: 0.19308000000000003
INFO:root:Generation: 77
INFO:root:pop fitness: 0.13453
INFO:root:elite fitness: 0.24445999999999998
INFO:root:Generation: 88
INFO:root:pop fitness: 0.1124
INFO:root:elite fitness: 0.21156000000000003
INFO:root:Generation: 78
INFO:root:pop fitness: 0.13694
INFO:root:elite fitness: 0.23113999999999998
INFO:root:Generation: 89
INFO:root:pop fitness: 0.12291
INFO:root:elite fitness: 0.21502
INFO:root:Generation: 79
INFO:root:pop fitness: 0.13487
INFO:root:elite fitness: 0.22515999999999997
INFO:root:Generation: 90
INFO:root:pop fitness: 0.11709000000000001
INFO:root:elite fitness: 0.23786000000000002
INFO:root:Generation: 80
INFO:root:pop fitness: 0.13622
INFO:root:elite fitness: 0.23310000000000003
INFO:root:Generation: 91
INFO:root:pop fitness: 0.10847
INFO:root:elite fitness: 0.1924
INFO:root:Generation: 81
INFO:root:pop fitness: 0.13432000000000002
INFO:root:elite fitness: 0.23256
INFO:root:Generation: 92
INFO:root:pop fitness: 0.10511
INFO:root:elite fitness: 0.20426000000000002
INFO:root:Generation: 82
INFO:root:pop fitness: 0.13266999999999998
INFO:root:elite fitness: 0.24702000000000002
INFO:root:Generation: 93
INFO:root:pop fitness: 0.12358999999999998
INFO:root:elite fitness: 0.21972000000000003
INFO:root:Generation: 83
INFO:root:pop fitness: 0.12426
INFO:root:elite fitness: 0.21799999999999997
INFO:root:Generation: 94
INFO:root:pop fitness: 0.12223999999999999
INFO:root:elite fitness: 0.21112000000000003
INFO:root:Generation: 84
INFO:root:pop fitness: 0.11846999999999998
INFO:root:elite fitness: 0.21256
INFO:root:Generation: 95
INFO:root:pop fitness: 0.12838000000000002
INFO:root:elite fitness: 0.23931999999999998
INFO:root:Generation: 85
INFO:root:pop fitness: 0.12633
INFO:root:elite fitness: 0.22716
INFO:root:Generation: 96
INFO:root:pop fitness: 0.12628999999999999
INFO:root:elite fitness: 0.23620000000000002
INFO:root:Generation: 97
INFO:root:pop fitness: 0.13313
INFO:root:elite fitness: 0.22252
INFO:root:Generation: 86
INFO:root:pop fitness: 0.11541000000000003
INFO:root:elite fitness: 0.20554000000000003
INFO:root:Generation: 98
INFO:root:pop fitness: 0.13166
INFO:root:elite fitness: 0.2242
INFO:root:Generation: 99
INFO:root:pop fitness: 0.12955
INFO:root:elite fitness: 0.22314
INFO:root:Generation: 87
INFO:root:pop fitness: 0.13132
INFO:root:elite fitness: 0.20992
INFO:root:Generation: 100
INFO:root:pop fitness: 0.13904
INFO:root:elite fitness: 0.22844
INFO:root:Generation: 88
INFO:root:pop fitness: 0.12297999999999998
INFO:root:elite fitness: 0.21464000000000003
INFO:root:Generation: 101
INFO:root:pop fitness: 0.12553999999999996
INFO:root:elite fitness: 0.2077
INFO:root:Generation: 89
INFO:root:pop fitness: 0.1264
INFO:root:elite fitness: 0.21116
INFO:root:Generation: 102
INFO:root:pop fitness: 0.13042
INFO:root:elite fitness: 0.2274
INFO:root:Generation: 90
INFO:root:pop fitness: 0.11614000000000001
INFO:root:elite fitness: 0.20712
INFO:root:Generation: 103
INFO:root:pop fitness: 0.12523
INFO:root:elite fitness: 0.2299
INFO:root:Generation: 104
INFO:root:pop fitness: 0.13127
INFO:root:elite fitness: 0.21991999999999998
INFO:root:Generation: 91
INFO:root:pop fitness: 0.12829999999999997
INFO:root:elite fitness: 0.2214
INFO:root:Generation: 105
INFO:root:pop fitness: 0.12842
INFO:root:elite fitness: 0.24292000000000005
INFO:root:Generation: 92
INFO:root:pop fitness: 0.10836999999999998
INFO:root:elite fitness: 0.18962
INFO:root:Generation: 106
INFO:root:pop fitness: 0.13716
INFO:root:elite fitness: 0.24052000000000004
INFO:root:Generation: 93
INFO:root:pop fitness: 0.13215000000000002
INFO:root:elite fitness: 0.21178
INFO:root:Generation: 107
INFO:root:pop fitness: 0.11349999999999999
INFO:root:elite fitness: 0.21058
INFO:root:Generation: 94
INFO:root:pop fitness: 0.12258
INFO:root:elite fitness: 0.21048000000000003
INFO:root:Generation: 108
INFO:root:pop fitness: 0.10684
INFO:root:elite fitness: 0.19628000000000004
INFO:root:Generation: 95
INFO:root:pop fitness: 0.13726000000000002
INFO:root:elite fitness: 0.23542
INFO:root:Generation: 109
INFO:root:pop fitness: 0.12622999999999998
INFO:root:elite fitness: 0.23042
INFO:root:Generation: 96
INFO:root:pop fitness: 0.12283
INFO:root:elite fitness: 0.21372000000000002
INFO:root:Generation: 110
INFO:root:pop fitness: 0.13343
INFO:root:elite fitness: 0.22817999999999994
INFO:root:Generation: 97
INFO:root:pop fitness: 0.1235
INFO:root:elite fitness: 0.20431999999999997
INFO:root:Generation: 111
INFO:root:pop fitness: 0.1148
INFO:root:elite fitness: 0.20190000000000002
INFO:root:Generation: 98
INFO:root:pop fitness: 0.13104
INFO:root:elite fitness: 0.2137
INFO:root:Generation: 112
INFO:root:pop fitness: 0.13009
INFO:root:elite fitness: 0.2029
INFO:root:Generation: 99
INFO:root:pop fitness: 0.12985
INFO:root:elite fitness: 0.23058000000000003
INFO:root:Generation: 113
INFO:root:pop fitness: 0.13118
INFO:root:elite fitness: 0.23004000000000002
INFO:root:Generation: 100
INFO:root:pop fitness: 0.12472
INFO:root:elite fitness: 0.2218
INFO:root:Generation: 114
INFO:root:pop fitness: 0.13967999999999997
INFO:root:elite fitness: 0.2332
INFO:root:Generation: 101
INFO:root:pop fitness: 0.13454
INFO:root:elite fitness: 0.24431999999999998
INFO:root:Generation: 115
INFO:root:pop fitness: 0.13032000000000002
INFO:root:elite fitness: 0.22987999999999997
INFO:root:Generation: 102
INFO:root:pop fitness: 0.12458
INFO:root:elite fitness: 0.19655999999999998
INFO:root:Generation: 116
INFO:root:pop fitness: 0.13283
INFO:root:elite fitness: 0.2343
INFO:root:Generation: 103
INFO:root:pop fitness: 0.13724999999999998
INFO:root:elite fitness: 0.22132000000000002
INFO:root:Generation: 117
INFO:root:pop fitness: 0.1389
INFO:root:elite fitness: 0.25984
INFO:root:Generation: 118
INFO:root:pop fitness: 0.13039
INFO:root:elite fitness: 0.23042
INFO:root:Generation: 104
INFO:root:pop fitness: 0.13942000000000002
INFO:root:elite fitness: 0.26487999999999995
INFO:root:Generation: 119
INFO:root:pop fitness: 0.13893999999999998
INFO:root:elite fitness: 0.22247999999999998
INFO:root:Generation: 105
INFO:root:pop fitness: 0.13016
INFO:root:elite fitness: 0.22752000000000003
INFO:root:Generation: 120
INFO:root:pop fitness: 0.13378
INFO:root:elite fitness: 0.22096
INFO:root:Generation: 106
INFO:root:pop fitness: 0.12093
INFO:root:elite fitness: 0.22178
INFO:root:Generation: 121
INFO:root:pop fitness: 0.13647
INFO:root:elite fitness: 0.24404
INFO:root:Generation: 122
INFO:root:pop fitness: 0.13993
INFO:root:elite fitness: 0.23802
INFO:root:Generation: 107
INFO:root:pop fitness: 0.12654999999999997
INFO:root:elite fitness: 0.2267
INFO:root:Generation: 123
INFO:root:pop fitness: 0.12250000000000004
INFO:root:elite fitness: 0.20772000000000002
INFO:root:Generation: 108
INFO:root:pop fitness: 0.12749
INFO:root:elite fitness: 0.24005999999999997
INFO:root:Generation: 124
INFO:root:pop fitness: 0.13199
INFO:root:elite fitness: 0.23308000000000004
INFO:root:Generation: 109
INFO:root:pop fitness: 0.11567
INFO:root:elite fitness: 0.20414000000000002
INFO:root:Generation: 125
INFO:root:pop fitness: 0.14687
INFO:root:elite fitness: 0.24301999999999999
INFO:root:Generation: 110
INFO:root:pop fitness: 0.12481999999999999
INFO:root:elite fitness: 0.22664
INFO:root:Generation: 126
INFO:root:pop fitness: 0.13470000000000001
INFO:root:elite fitness: 0.22912000000000002
INFO:root:Generation: 111
INFO:root:pop fitness: 0.12167
INFO:root:elite fitness: 0.22273999999999997
INFO:root:Generation: 127
INFO:root:pop fitness: 0.14303000000000002
INFO:root:elite fitness: 0.24288000000000004
INFO:root:Generation: 112
INFO:root:pop fitness: 0.12894
INFO:root:elite fitness: 0.21488
INFO:root:Generation: 128
INFO:root:pop fitness: 0.14029
INFO:root:elite fitness: 0.23759999999999998
INFO:root:Generation: 113
INFO:root:pop fitness: 0.12958000000000003
INFO:root:elite fitness: 0.24794000000000005
INFO:root:Generation: 129
INFO:root:pop fitness: 0.13502
INFO:root:elite fitness: 0.22175999999999996
INFO:root:Generation: 130
INFO:root:pop fitness: 0.12364000000000001
INFO:root:elite fitness: 0.20848000000000003
INFO:root:Generation: 114
INFO:root:pop fitness: 0.11643
INFO:root:elite fitness: 0.21054000000000003
INFO:root:Generation: 131
INFO:root:pop fitness: 0.12267999999999998
INFO:root:elite fitness: 0.21594000000000002
INFO:root:Generation: 115
INFO:root:pop fitness: 0.12832000000000002
INFO:root:elite fitness: 0.20838
INFO:root:Generation: 132
INFO:root:pop fitness: 0.1375
INFO:root:elite fitness: 0.2548
INFO:root:Generation: 116
INFO:root:pop fitness: 0.11650999999999997
INFO:root:elite fitness: 0.19516000000000003
INFO:root:Generation: 133
INFO:root:pop fitness: 0.14730999999999997
INFO:root:elite fitness: 0.2359
INFO:root:Generation: 117
INFO:root:pop fitness: 0.12268999999999998
INFO:root:elite fitness: 0.21698
INFO:root:Generation: 134
INFO:root:pop fitness: 0.15104
INFO:root:elite fitness: 0.2526
INFO:root:Generation: 118
INFO:root:pop fitness: 0.11035000000000002
INFO:root:elite fitness: 0.20180000000000003
INFO:root:Generation: 135
INFO:root:pop fitness: 0.13021
INFO:root:elite fitness: 0.22994
INFO:root:Generation: 119
INFO:root:pop fitness: 0.12727
INFO:root:elite fitness: 0.21639999999999998
INFO:root:Generation: 136
INFO:root:pop fitness: 0.13049000000000002
INFO:root:elite fitness: 0.23268
INFO:root:Generation: 120
INFO:root:pop fitness: 0.13624
INFO:root:elite fitness: 0.24544
INFO:root:Generation: 137
INFO:root:pop fitness: 0.13601000000000002
INFO:root:elite fitness: 0.22210000000000002
INFO:root:Generation: 121
INFO:root:pop fitness: 0.11625
INFO:root:elite fitness: 0.20749999999999996
INFO:root:Generation: 138
INFO:root:pop fitness: 0.13913999999999999
INFO:root:elite fitness: 0.22051999999999997
INFO:root:Generation: 122
INFO:root:pop fitness: 0.12360999999999997
INFO:root:elite fitness: 0.21782
INFO:root:Generation: 139
INFO:root:pop fitness: 0.13487000000000002
INFO:root:elite fitness: 0.24696
INFO:root:Generation: 123
INFO:root:pop fitness: 0.11666
INFO:root:elite fitness: 0.21001999999999998
INFO:root:Generation: 140
INFO:root:pop fitness: 0.13718000000000002
INFO:root:elite fitness: 0.23620000000000002
INFO:root:Generation: 141
INFO:root:pop fitness: 0.11151000000000001
INFO:root:elite fitness: 0.21892
INFO:root:Generation: 124
INFO:root:pop fitness: 0.12638000000000002
INFO:root:elite fitness: 0.23372000000000004
INFO:root:Generation: 142
INFO:root:pop fitness: 0.14215
INFO:root:elite fitness: 0.23648000000000002
INFO:root:Generation: 125
INFO:root:pop fitness: 0.10979
INFO:root:elite fitness: 0.19628000000000004
INFO:root:Generation: 143
INFO:root:pop fitness: 0.15188999999999997
INFO:root:elite fitness: 0.24394
INFO:root:Generation: 126
INFO:root:pop fitness: 0.11848
INFO:root:elite fitness: 0.24466000000000004
INFO:root:Generation: 144
INFO:root:pop fitness: 0.14967
INFO:root:elite fitness: 0.25551999999999997
INFO:root:Generation: 127
INFO:root:pop fitness: 0.12418999999999998
INFO:root:elite fitness: 0.23174
INFO:root:Generation: 145
INFO:root:pop fitness: 0.13956
INFO:root:elite fitness: 0.23854
INFO:root:Generation: 128
INFO:root:pop fitness: 0.11535999999999998
INFO:root:elite fitness: 0.20122
INFO:root:Generation: 146
INFO:root:pop fitness: 0.14329999999999998
INFO:root:elite fitness: 0.23104000000000002
INFO:root:Generation: 129
INFO:root:pop fitness: 0.11682999999999998
INFO:root:elite fitness: 0.22094000000000003
INFO:root:Generation: 147
INFO:root:pop fitness: 0.143
INFO:root:elite fitness: 0.23403999999999997
INFO:root:Generation: 130
INFO:root:pop fitness: 0.11367000000000001
INFO:root:elite fitness: 0.20162
INFO:root:Generation: 148
INFO:root:pop fitness: 0.15397
INFO:root:elite fitness: 0.28666
INFO:root:Generation: 131
INFO:root:pop fitness: 0.11732999999999999
INFO:root:elite fitness: 0.21127999999999997
INFO:root:Generation: 149
INFO:root:pop fitness: 0.14643000000000003
INFO:root:elite fitness: 0.24444000000000002
INFO:root:Generation: 132
INFO:root:pop fitness: 0.10757
INFO:root:elite fitness: 0.20945999999999998
INFO:root:Generation: 150
INFO:root:pop fitness: 0.14256
INFO:root:elite fitness: 0.2492
INFO:root:Generation: 133
INFO:root:pop fitness: 0.12558
INFO:root:elite fitness: 0.24979999999999997
INFO:root:Generation: 151
INFO:root:pop fitness: 0.15804
INFO:root:elite fitness: 0.26354
INFO:root:Generation: 134
INFO:root:pop fitness: 0.12422000000000002
INFO:root:elite fitness: 0.22648
INFO:root:Generation: 152
INFO:root:pop fitness: 0.12884
INFO:root:elite fitness: 0.2177
INFO:root:Generation: 135
INFO:root:pop fitness: 0.10231999999999998
INFO:root:elite fitness: 0.21360000000000004
INFO:root:Generation: 153
INFO:root:pop fitness: 0.14714
INFO:root:elite fitness: 0.2407
INFO:root:Generation: 136
INFO:root:pop fitness: 0.122
INFO:root:elite fitness: 0.22544
INFO:root:Generation: 154
INFO:root:pop fitness: 0.15478
INFO:root:elite fitness: 0.25812
INFO:root:Generation: 155
INFO:root:pop fitness: 0.15270000000000003
INFO:root:elite fitness: 0.2808
INFO:root:Generation: 137
INFO:root:pop fitness: 0.11288000000000004
INFO:root:elite fitness: 0.1985
INFO:root:Generation: 156
INFO:root:pop fitness: 0.13519
INFO:root:elite fitness: 0.2247
INFO:root:Generation: 138
INFO:root:pop fitness: 0.11475000000000002
INFO:root:elite fitness: 0.20120000000000002
INFO:root:Generation: 157
INFO:root:pop fitness: 0.15518
INFO:root:elite fitness: 0.25746
INFO:root:Generation: 139
INFO:root:pop fitness: 0.12737
INFO:root:elite fitness: 0.22030000000000002
INFO:root:Generation: 158
INFO:root:pop fitness: 0.13906
INFO:root:elite fitness: 0.23952
INFO:root:Generation: 140
INFO:root:pop fitness: 0.1288
INFO:root:elite fitness: 0.23741999999999996
INFO:root:Generation: 159
INFO:root:pop fitness: 0.138
INFO:root:elite fitness: 0.23666
INFO:root:Generation: 141
INFO:root:pop fitness: 0.13094
INFO:root:elite fitness: 0.25136000000000003
INFO:root:Generation: 160
INFO:root:pop fitness: 0.13974000000000003
INFO:root:elite fitness: 0.23798000000000002
INFO:root:Generation: 142
INFO:root:pop fitness: 0.14303
INFO:root:elite fitness: 0.24080000000000001
INFO:root:Generation: 161
INFO:root:pop fitness: 0.15317000000000003
INFO:root:elite fitness: 0.25974
INFO:root:Generation: 143
INFO:root:pop fitness: 0.13664
INFO:root:elite fitness: 0.23656000000000002
INFO:root:Generation: 162
INFO:root:pop fitness: 0.13732
INFO:root:elite fitness: 0.23852000000000004
INFO:root:Generation: 144
INFO:root:pop fitness: 0.11994000000000002
INFO:root:elite fitness: 0.22948000000000002
INFO:root:Generation: 163
INFO:root:pop fitness: 0.13944
INFO:root:elite fitness: 0.25064
INFO:root:Generation: 145
INFO:root:pop fitness: 0.12863
INFO:root:elite fitness: 0.22324
INFO:root:Generation: 164
INFO:root:pop fitness: 0.13369999999999999
INFO:root:elite fitness: 0.22734000000000001
INFO:root:Generation: 146
INFO:root:pop fitness: 0.13905
INFO:root:elite fitness: 0.2515
INFO:root:Generation: 165
INFO:root:pop fitness: 0.14501
INFO:root:elite fitness: 0.23906000000000002
INFO:root:Generation: 147
INFO:root:pop fitness: 0.14223
INFO:root:elite fitness: 0.24830000000000002
INFO:root:Generation: 166
INFO:root:pop fitness: 0.13834
INFO:root:elite fitness: 0.251
INFO:root:Generation: 167
INFO:root:pop fitness: 0.14193999999999998
INFO:root:elite fitness: 0.23715999999999998
INFO:root:Generation: 148
INFO:root:pop fitness: 0.14343000000000003
INFO:root:elite fitness: 0.25045999999999996
INFO:root:Generation: 168
INFO:root:pop fitness: 0.14068000000000003
INFO:root:elite fitness: 0.24819999999999998
INFO:root:Generation: 169
INFO:root:pop fitness: 0.13217
INFO:root:elite fitness: 0.25162
INFO:root:Generation: 149
INFO:root:pop fitness: 0.15094000000000002
INFO:root:elite fitness: 0.26192
INFO:root:Generation: 170
INFO:root:pop fitness: 0.1321
INFO:root:elite fitness: 0.23782
INFO:root:Generation: 150
INFO:root:pop fitness: 0.1425
INFO:root:elite fitness: 0.2498
INFO:root:Generation: 171
INFO:root:pop fitness: 0.13822
INFO:root:elite fitness: 0.22266000000000002
INFO:root:Generation: 172
INFO:root:pop fitness: 0.13103
INFO:root:elite fitness: 0.22812000000000004
INFO:root:Generation: 151
INFO:root:pop fitness: 0.13648
INFO:root:elite fitness: 0.23506
INFO:root:Generation: 173
INFO:root:pop fitness: 0.13406
INFO:root:elite fitness: 0.25314
INFO:root:Generation: 174
INFO:root:pop fitness: 0.12186999999999999
INFO:root:elite fitness: 0.25162
INFO:root:Generation: 152
INFO:root:pop fitness: 0.13999
INFO:root:elite fitness: 0.25623999999999997
INFO:root:Generation: 175
INFO:root:pop fitness: 0.13528
INFO:root:elite fitness: 0.22573999999999997
INFO:root:Generation: 176
INFO:root:pop fitness: 0.13784000000000002
INFO:root:elite fitness: 0.25572
INFO:root:Generation: 177
INFO:root:pop fitness: 0.13190000000000002
INFO:root:elite fitness: 0.22538
INFO:root:Generation: 153
INFO:root:pop fitness: 0.14753
INFO:root:elite fitness: 0.23495999999999997
INFO:root:Generation: 178
INFO:root:pop fitness: 0.13825999999999997
INFO:root:elite fitness: 0.2414
INFO:root:Generation: 179
INFO:root:pop fitness: 0.15221
INFO:root:elite fitness: 0.23986000000000002
INFO:root:Generation: 154
INFO:root:pop fitness: 0.12681
INFO:root:elite fitness: 0.23701999999999998
INFO:root:Generation: 180
INFO:root:pop fitness: 0.13512000000000002
INFO:root:elite fitness: 0.23209999999999997
INFO:root:Generation: 181
INFO:root:pop fitness: 0.14239000000000002
INFO:root:elite fitness: 0.25766
INFO:root:Generation: 182
INFO:root:pop fitness: 0.15226
INFO:root:elite fitness: 0.25502
INFO:root:Generation: 155
INFO:root:pop fitness: 0.14295
INFO:root:elite fitness: 0.25448000000000004
INFO:root:Generation: 183
INFO:root:pop fitness: 0.12792
INFO:root:elite fitness: 0.23451999999999998
INFO:root:Generation: 184
INFO:root:pop fitness: 0.13347
INFO:root:elite fitness: 0.20932000000000003
INFO:root:Generation: 185
INFO:root:pop fitness: 0.14245000000000002
INFO:root:elite fitness: 0.24245999999999998
INFO:root:Generation: 186
INFO:root:pop fitness: 0.13826
INFO:root:elite fitness: 0.25784
INFO:root:Generation: 156
INFO:root:pop fitness: 0.13143999999999997
INFO:root:elite fitness: 0.21518
INFO:root:Generation: 187
INFO:root:pop fitness: 0.13244999999999998
INFO:root:elite fitness: 0.22496
INFO:root:Generation: 188
INFO:root:pop fitness: 0.12239000000000001
INFO:root:elite fitness: 0.20806000000000002
INFO:root:Generation: 189
INFO:root:pop fitness: 0.13611
INFO:root:elite fitness: 0.23130000000000003
INFO:root:Generation: 157
INFO:root:pop fitness: 0.13795
INFO:root:elite fitness: 0.22602
INFO:root:Generation: 190
INFO:root:pop fitness: 0.13334
INFO:root:elite fitness: 0.2369
INFO:root:Generation: 191
INFO:root:pop fitness: 0.14367
INFO:root:elite fitness: 0.25584
INFO:root:Generation: 158
INFO:root:pop fitness: 0.14319
INFO:root:elite fitness: 0.25989999999999996
INFO:root:Generation: 192
INFO:root:pop fitness: 0.14188
INFO:root:elite fitness: 0.23466
INFO:root:Generation: 159
INFO:root:pop fitness: 0.13766
INFO:root:elite fitness: 0.2311
INFO:root:Generation: 193
INFO:root:pop fitness: 0.12439
INFO:root:elite fitness: 0.21626
INFO:root:Generation: 194
INFO:root:pop fitness: 0.14583000000000002
INFO:root:elite fitness: 0.2547
INFO:root:Generation: 195
INFO:root:pop fitness: 0.13415000000000002
INFO:root:elite fitness: 0.23229999999999998
INFO:root:Generation: 160
INFO:root:pop fitness: 0.14455
INFO:root:elite fitness: 0.23364000000000001
INFO:root:Generation: 196
INFO:root:pop fitness: 0.1512
INFO:root:elite fitness: 0.2668
INFO:root:Generation: 197
INFO:root:pop fitness: 0.13752
INFO:root:elite fitness: 0.23974
INFO:root:Generation: 161
INFO:root:pop fitness: 0.13283
INFO:root:elite fitness: 0.2257
INFO:root:Generation: 198
INFO:root:pop fitness: 0.13656
INFO:root:elite fitness: 0.21790000000000004
INFO:root:Generation: 162
INFO:root:pop fitness: 0.14659
INFO:root:elite fitness: 0.24896000000000001
INFO:root:Generation: 199
INFO:root:pop fitness: 0.1477
INFO:root:elite fitness: 0.26696
INFO:root:Generation: 163
INFO:root:pop fitness: 0.12641
INFO:root:elite fitness: 0.24074
INFO:root:Generation: 164
INFO:root:pop fitness: 0.14765000000000003
INFO:root:elite fitness: 0.221
INFO:root:Generation: 165
INFO:root:pop fitness: 0.13404
INFO:root:elite fitness: 0.22826000000000002
INFO:root:Generation: 166
INFO:root:pop fitness: 0.13243
INFO:root:elite fitness: 0.23226
INFO:root:Generation: 167
INFO:root:pop fitness: 0.13684000000000002
INFO:root:elite fitness: 0.22884000000000002
INFO:root:Generation: 168
INFO:root:pop fitness: 0.14104
INFO:root:elite fitness: 0.24102
INFO:root:Generation: 169
INFO:root:pop fitness: 0.15259000000000003
INFO:root:elite fitness: 0.27732
INFO:root:Generation: 170
INFO:root:pop fitness: 0.13899
INFO:root:elite fitness: 0.22879999999999995
INFO:root:Generation: 171
INFO:root:pop fitness: 0.15214000000000003
INFO:root:elite fitness: 0.2686
INFO:root:Generation: 172
INFO:root:pop fitness: 0.14906999999999998
INFO:root:elite fitness: 0.23166
INFO:root:Generation: 173
INFO:root:pop fitness: 0.12585
INFO:root:elite fitness: 0.22690000000000002
INFO:root:Generation: 174
INFO:root:pop fitness: 0.15204
INFO:root:elite fitness: 0.24535999999999997
INFO:root:Generation: 175
INFO:root:pop fitness: 0.14281
INFO:root:elite fitness: 0.25246
INFO:root:Generation: 176
INFO:root:pop fitness: 0.13398
INFO:root:elite fitness: 0.23852
INFO:root:Generation: 177
INFO:root:pop fitness: 0.14717999999999998
INFO:root:elite fitness: 0.25920000000000004
INFO:root:Generation: 178
INFO:root:pop fitness: 0.13414
INFO:root:elite fitness: 0.23007999999999998
INFO:root:Generation: 179
INFO:root:pop fitness: 0.13893
INFO:root:elite fitness: 0.23020000000000004
INFO:root:Generation: 180
INFO:root:pop fitness: 0.12908
INFO:root:elite fitness: 0.21926
INFO:root:Generation: 181
INFO:root:pop fitness: 0.14648999999999998
INFO:root:elite fitness: 0.24938000000000002
INFO:root:Generation: 182
INFO:root:pop fitness: 0.15689
INFO:root:elite fitness: 0.27515999999999996
INFO:root:Generation: 183
INFO:root:pop fitness: 0.14496
INFO:root:elite fitness: 0.26244
INFO:root:Generation: 184
INFO:root:pop fitness: 0.1477
INFO:root:elite fitness: 0.24998
INFO:root:Generation: 185
INFO:root:pop fitness: 0.15206
INFO:root:elite fitness: 0.27302
INFO:root:Generation: 186
INFO:root:pop fitness: 0.14747
INFO:root:elite fitness: 0.25388
INFO:root:Generation: 187
INFO:root:pop fitness: 0.16285
INFO:root:elite fitness: 0.2527
INFO:root:Generation: 188
INFO:root:pop fitness: 0.14787999999999998
INFO:root:elite fitness: 0.2427
INFO:root:Generation: 189
INFO:root:pop fitness: 0.13843
INFO:root:elite fitness: 0.23436
INFO:root:Generation: 190
INFO:root:pop fitness: 0.14841000000000001
INFO:root:elite fitness: 0.26908
INFO:root:Generation: 191
INFO:root:pop fitness: 0.14206000000000002
INFO:root:elite fitness: 0.26526000000000005
INFO:root:Generation: 192
INFO:root:pop fitness: 0.14498
INFO:root:elite fitness: 0.2372
INFO:root:Generation: 193
INFO:root:pop fitness: 0.13354
INFO:root:elite fitness: 0.2293
INFO:root:Generation: 194
INFO:root:pop fitness: 0.14697
INFO:root:elite fitness: 0.25314
INFO:root:Generation: 195
INFO:root:pop fitness: 0.15103000000000003
INFO:root:elite fitness: 0.28084000000000003
INFO:root:Generation: 196
INFO:root:pop fitness: 0.14287000000000002
INFO:root:elite fitness: 0.21623999999999996
INFO:root:Generation: 197
INFO:root:pop fitness: 0.15385
INFO:root:elite fitness: 0.25049999999999994
INFO:root:Generation: 198
INFO:root:pop fitness: 0.14351
INFO:root:elite fitness: 0.24747999999999998
INFO:root:Generation: 199
INFO:root:pop fitness: 0.13863
INFO:root:elite fitness: 0.22908
