INFO:root:run_master: Namespace(arms='10', hidden='16', layers='3', max_gen='200', message='', mutation_mag='0.1', name='resetSteps', noise=False, pop_size='150', save_result=True, steps='1', trials='100')
INFO:root:run_master: Namespace(arms='10', hidden='16', layers='3', max_gen='200', message='', mutation_mag='0.1', name='resetSteps', noise=True, pop_size='150', save_result=True, steps='1', trials='100')
INFO:root:Generation: 0
INFO:root:pop fitness: 0.09948
INFO:root:elite fitness: 0.11029333333333334
INFO:root:Generation: 0
INFO:root:pop fitness: 0.09980666666666664
INFO:root:elite fitness: 0.11145333333333333
INFO:root:Generation: 1
INFO:root:pop fitness: 0.09870666666666666
INFO:root:elite fitness: 0.11274666666666669
INFO:root:Generation: 1
INFO:root:pop fitness: 0.10011333333333332
INFO:root:elite fitness: 0.11330666666666665
INFO:root:Generation: 2
INFO:root:pop fitness: 0.09937333333333333
INFO:root:elite fitness: 0.11743999999999997
INFO:root:Generation: 2
INFO:root:pop fitness: 0.09933999999999998
INFO:root:elite fitness: 0.11910666666666664
INFO:root:Generation: 3
INFO:root:pop fitness: 0.10052
INFO:root:elite fitness: 0.12611999999999998
INFO:root:Generation: 3
INFO:root:pop fitness: 0.10191333333333333
INFO:root:elite fitness: 0.12192
INFO:root:Generation: 4
INFO:root:pop fitness: 0.09797333333333334
INFO:root:elite fitness: 0.11586666666666669
INFO:root:Generation: 4
INFO:root:pop fitness: 0.10210666666666667
INFO:root:elite fitness: 0.12518666666666667
INFO:root:Generation: 5
INFO:root:pop fitness: 0.09751333333333333
INFO:root:elite fitness: 0.12989333333333333
INFO:root:Generation: 5
INFO:root:pop fitness: 0.09924666666666666
INFO:root:elite fitness: 0.13761333333333337
INFO:root:Generation: 6
INFO:root:pop fitness: 0.10125333333333332
INFO:root:elite fitness: 0.14872
INFO:root:Generation: 6
INFO:root:pop fitness: 0.09473333333333334
INFO:root:elite fitness: 0.13948000000000005
INFO:root:Generation: 7
INFO:root:pop fitness: 0.09808666666666666
INFO:root:elite fitness: 0.14685333333333334
INFO:root:Generation: 7
INFO:root:pop fitness: 0.10334666666666666
INFO:root:elite fitness: 0.14236000000000001
INFO:root:Generation: 8
INFO:root:pop fitness: 0.09812666666666668
INFO:root:elite fitness: 0.15548
INFO:root:Generation: 8
INFO:root:pop fitness: 0.09782666666666666
INFO:root:elite fitness: 0.15388
INFO:root:Generation: 9
INFO:root:pop fitness: 0.09877333333333332
INFO:root:elite fitness: 0.16808
INFO:root:Generation: 9
INFO:root:pop fitness: 0.10302
INFO:root:elite fitness: 0.15908
INFO:root:Generation: 10
INFO:root:pop fitness: 0.10793333333333334
INFO:root:elite fitness: 0.18121333333333337
INFO:root:Generation: 11
INFO:root:pop fitness: 0.10284666666666667
INFO:root:elite fitness: 0.20361333333333337
INFO:root:Generation: 10
INFO:root:pop fitness: 0.09300666666666667
INFO:root:elite fitness: 0.15593333333333334
INFO:root:Generation: 12
INFO:root:pop fitness: 0.10091333333333334
INFO:root:elite fitness: 0.18508000000000002
INFO:root:Generation: 11
INFO:root:pop fitness: 0.0999
INFO:root:elite fitness: 0.18213333333333334
INFO:root:Generation: 13
INFO:root:pop fitness: 0.09427333333333332
INFO:root:elite fitness: 0.18198666666666669
INFO:root:Generation: 12
INFO:root:pop fitness: 0.10981333333333335
INFO:root:elite fitness: 0.1953466666666667
INFO:root:Generation: 14
INFO:root:pop fitness: 0.1043
INFO:root:elite fitness: 0.1846266666666667
INFO:root:Generation: 13
INFO:root:pop fitness: 0.10595333333333334
INFO:root:elite fitness: 0.1951733333333333
INFO:root:Generation: 15
INFO:root:pop fitness: 0.10742666666666667
INFO:root:elite fitness: 0.21173333333333333
INFO:root:Generation: 14
INFO:root:pop fitness: 0.11203999999999999
INFO:root:elite fitness: 0.2074266666666667
INFO:root:Generation: 16
INFO:root:pop fitness: 0.10465333333333333
INFO:root:elite fitness: 0.22638666666666665
INFO:root:Generation: 15
INFO:root:pop fitness: 0.10496666666666667
INFO:root:elite fitness: 0.21448000000000003
INFO:root:Generation: 17
INFO:root:pop fitness: 0.10143333333333335
INFO:root:elite fitness: 0.19627999999999995
INFO:root:Generation: 16
INFO:root:pop fitness: 0.11086666666666668
INFO:root:elite fitness: 0.20582666666666666
INFO:root:Generation: 18
INFO:root:pop fitness: 0.09813333333333334
INFO:root:elite fitness: 0.20993333333333333
INFO:root:Generation: 17
INFO:root:pop fitness: 0.11374
INFO:root:elite fitness: 0.24418666666666666
INFO:root:Generation: 19
INFO:root:pop fitness: 0.10485333333333333
INFO:root:elite fitness: 0.1938933333333333
INFO:root:Generation: 18
INFO:root:pop fitness: 0.1075
INFO:root:elite fitness: 0.20364
INFO:root:Generation: 20
INFO:root:pop fitness: 0.10702666666666666
INFO:root:elite fitness: 0.22657333333333335
INFO:root:Generation: 21
INFO:root:pop fitness: 0.10249333333333333
INFO:root:elite fitness: 0.20141333333333336
INFO:root:Generation: 19
INFO:root:pop fitness: 0.11456666666666666
INFO:root:elite fitness: 0.23021333333333335
INFO:root:Generation: 22
INFO:root:pop fitness: 0.09435333333333333
INFO:root:elite fitness: 0.19053333333333333
INFO:root:Generation: 20
INFO:root:pop fitness: 0.10244666666666666
INFO:root:elite fitness: 0.22024000000000005
INFO:root:Generation: 23
INFO:root:pop fitness: 0.10518666666666666
INFO:root:elite fitness: 0.22069333333333332
INFO:root:Generation: 21
INFO:root:pop fitness: 0.10462666666666666
INFO:root:elite fitness: 0.1942
INFO:root:Generation: 24
INFO:root:pop fitness: 0.10769333333333336
INFO:root:elite fitness: 0.23351999999999998
INFO:root:Generation: 22
INFO:root:pop fitness: 0.1137333333333333
INFO:root:elite fitness: 0.23562666666666668
INFO:root:Generation: 25
INFO:root:pop fitness: 0.10248666666666666
INFO:root:elite fitness: 0.20477333333333333
INFO:root:Generation: 23
INFO:root:pop fitness: 0.10695333333333333
INFO:root:elite fitness: 0.20453333333333334
INFO:root:Generation: 26
INFO:root:pop fitness: 0.11206666666666668
INFO:root:elite fitness: 0.21287999999999999
INFO:root:Generation: 24
INFO:root:pop fitness: 0.12320666666666667
INFO:root:elite fitness: 0.2462
INFO:root:Generation: 27
INFO:root:pop fitness: 0.10021333333333333
INFO:root:elite fitness: 0.21306666666666665
INFO:root:Generation: 25
INFO:root:pop fitness: 0.1126
INFO:root:elite fitness: 0.2397466666666667
INFO:root:Generation: 28
INFO:root:pop fitness: 0.11055999999999999
INFO:root:elite fitness: 0.21232
INFO:root:Generation: 26
INFO:root:pop fitness: 0.11196666666666667
INFO:root:elite fitness: 0.24570666666666668
INFO:root:Generation: 29
INFO:root:pop fitness: 0.10562666666666666
INFO:root:elite fitness: 0.21234666666666666
INFO:root:Generation: 27
INFO:root:pop fitness: 0.11712000000000002
INFO:root:elite fitness: 0.2324
INFO:root:Generation: 30
INFO:root:pop fitness: 0.10237333333333332
INFO:root:elite fitness: 0.2190933333333333
INFO:root:Generation: 28
INFO:root:pop fitness: 0.11252
INFO:root:elite fitness: 0.20488
INFO:root:Generation: 31
INFO:root:pop fitness: 0.10865333333333335
INFO:root:elite fitness: 0.21562666666666666
INFO:root:Generation: 32
INFO:root:pop fitness: 0.09316666666666668
INFO:root:elite fitness: 0.20302666666666666
INFO:root:Generation: 29
INFO:root:pop fitness: 0.10996666666666667
INFO:root:elite fitness: 0.21378666666666665
INFO:root:Generation: 33
INFO:root:pop fitness: 0.11648000000000001
INFO:root:elite fitness: 0.22602666666666668
INFO:root:Generation: 30
INFO:root:pop fitness: 0.11516666666666665
INFO:root:elite fitness: 0.24150666666666665
INFO:root:Generation: 34
INFO:root:pop fitness: 0.10605333333333332
INFO:root:elite fitness: 0.22032000000000007
INFO:root:Generation: 31
INFO:root:pop fitness: 0.11474
INFO:root:elite fitness: 0.23714666666666667
INFO:root:Generation: 35
INFO:root:pop fitness: 0.10683333333333335
INFO:root:elite fitness: 0.21521333333333337
INFO:root:Generation: 32
INFO:root:pop fitness: 0.11821999999999998
INFO:root:elite fitness: 0.22217333333333333
INFO:root:Generation: 36
INFO:root:pop fitness: 0.11225999999999998
INFO:root:elite fitness: 0.22684
INFO:root:Generation: 33
INFO:root:pop fitness: 0.12073333333333333
INFO:root:elite fitness: 0.25998666666666664
INFO:root:Generation: 37
INFO:root:pop fitness: 0.10184
INFO:root:elite fitness: 0.20042666666666664
INFO:root:Generation: 34
INFO:root:pop fitness: 0.12524000000000002
INFO:root:elite fitness: 0.23205333333333333
INFO:root:Generation: 38
INFO:root:pop fitness: 0.10887333333333334
INFO:root:elite fitness: 0.2292533333333333
INFO:root:Generation: 35
INFO:root:pop fitness: 0.13141333333333335
INFO:root:elite fitness: 0.2562666666666667
INFO:root:Generation: 39
INFO:root:pop fitness: 0.11103333333333334
INFO:root:elite fitness: 0.2349733333333333
INFO:root:Generation: 36
INFO:root:pop fitness: 0.1162533333333333
INFO:root:elite fitness: 0.2437066666666667
INFO:root:Generation: 40
INFO:root:pop fitness: 0.11779333333333332
INFO:root:elite fitness: 0.21944000000000002
INFO:root:Generation: 37
INFO:root:pop fitness: 0.10817333333333333
INFO:root:elite fitness: 0.22960000000000003
INFO:root:Generation: 41
INFO:root:pop fitness: 0.11148000000000001
INFO:root:elite fitness: 0.2237066666666667
INFO:root:Generation: 38
INFO:root:pop fitness: 0.12432666666666667
INFO:root:elite fitness: 0.25294666666666665
INFO:root:Generation: 42
INFO:root:pop fitness: 0.11286666666666667
INFO:root:elite fitness: 0.21784000000000006
INFO:root:Generation: 39
INFO:root:pop fitness: 0.14680666666666667
INFO:root:elite fitness: 0.2717066666666667
INFO:root:Generation: 43
INFO:root:pop fitness: 0.10890666666666665
INFO:root:elite fitness: 0.2047466666666667
INFO:root:Generation: 44
INFO:root:pop fitness: 0.11993999999999999
INFO:root:elite fitness: 0.22536000000000006
INFO:root:Generation: 40
INFO:root:pop fitness: 0.12930000000000003
INFO:root:elite fitness: 0.26305333333333336
INFO:root:Generation: 45
INFO:root:pop fitness: 0.12275999999999997
INFO:root:elite fitness: 0.23594666666666664
INFO:root:Generation: 41
INFO:root:pop fitness: 0.13617333333333334
INFO:root:elite fitness: 0.24573333333333333
INFO:root:Generation: 46
INFO:root:pop fitness: 0.12495333333333335
INFO:root:elite fitness: 0.23486666666666664
INFO:root:Generation: 42
INFO:root:pop fitness: 0.13606666666666664
INFO:root:elite fitness: 0.2732799999999999
INFO:root:Generation: 47
INFO:root:pop fitness: 0.12179333333333335
INFO:root:elite fitness: 0.2618666666666667
INFO:root:Generation: 43
INFO:root:pop fitness: 0.13669999999999996
INFO:root:elite fitness: 0.2526399999999999
INFO:root:Generation: 48
INFO:root:pop fitness: 0.12451333333333334
INFO:root:elite fitness: 0.23601333333333335
INFO:root:Generation: 44
INFO:root:pop fitness: 0.1372
INFO:root:elite fitness: 0.26846666666666663
INFO:root:Generation: 49
INFO:root:pop fitness: 0.13614666666666667
INFO:root:elite fitness: 0.25981333333333334
INFO:root:Generation: 45
INFO:root:pop fitness: 0.13640666666666665
INFO:root:elite fitness: 0.25811999999999996
INFO:root:Generation: 50
INFO:root:pop fitness: 0.14225333333333334
INFO:root:elite fitness: 0.2700933333333333
INFO:root:Generation: 46
INFO:root:pop fitness: 0.14304666666666668
INFO:root:elite fitness: 0.28408
INFO:root:Generation: 51
INFO:root:pop fitness: 0.1576
INFO:root:elite fitness: 0.2724
INFO:root:Generation: 47
INFO:root:pop fitness: 0.15871333333333332
INFO:root:elite fitness: 0.31166666666666665
INFO:root:Generation: 52
INFO:root:pop fitness: 0.1341
INFO:root:elite fitness: 0.2496
INFO:root:Generation: 48
INFO:root:pop fitness: 0.13524
INFO:root:elite fitness: 0.2671866666666667
INFO:root:Generation: 53
INFO:root:pop fitness: 0.14660666666666666
INFO:root:elite fitness: 0.26973333333333327
INFO:root:Generation: 49
INFO:root:pop fitness: 0.13540000000000002
INFO:root:elite fitness: 0.2764
INFO:root:Generation: 54
INFO:root:pop fitness: 0.14065333333333332
INFO:root:elite fitness: 0.29982666666666674
INFO:root:Generation: 55
INFO:root:pop fitness: 0.12492
INFO:root:elite fitness: 0.24070666666666662
INFO:root:Generation: 50
INFO:root:pop fitness: 0.12824666666666662
INFO:root:elite fitness: 0.25467999999999996
INFO:root:Generation: 56
INFO:root:pop fitness: 0.1426466666666667
INFO:root:elite fitness: 0.2689733333333333
INFO:root:Generation: 51
INFO:root:pop fitness: 0.12605333333333335
INFO:root:elite fitness: 0.25652
INFO:root:Generation: 57
INFO:root:pop fitness: 0.12892
INFO:root:elite fitness: 0.2515466666666666
INFO:root:Generation: 52
INFO:root:pop fitness: 0.13187333333333331
INFO:root:elite fitness: 0.2726133333333334
INFO:root:Generation: 58
INFO:root:pop fitness: 0.1450666666666667
INFO:root:elite fitness: 0.2660666666666667
INFO:root:Generation: 53
INFO:root:pop fitness: 0.1249933333333333
INFO:root:elite fitness: 0.25705333333333336
INFO:root:Generation: 59
INFO:root:pop fitness: 0.14465999999999998
INFO:root:elite fitness: 0.27371999999999996
INFO:root:Generation: 54
INFO:root:pop fitness: 0.14746
INFO:root:elite fitness: 0.26929333333333333
INFO:root:Generation: 60
INFO:root:pop fitness: 0.13033999999999998
INFO:root:elite fitness: 0.2641866666666666
INFO:root:Generation: 55
INFO:root:pop fitness: 0.15034
INFO:root:elite fitness: 0.27486666666666665
INFO:root:Generation: 61
INFO:root:pop fitness: 0.13136
INFO:root:elite fitness: 0.26259999999999994
INFO:root:Generation: 56
INFO:root:pop fitness: 0.14078666666666667
INFO:root:elite fitness: 0.26838666666666666
INFO:root:Generation: 62
INFO:root:pop fitness: 0.14643333333333333
INFO:root:elite fitness: 0.2712533333333333
INFO:root:Generation: 57
INFO:root:pop fitness: 0.1474
INFO:root:elite fitness: 0.2619466666666666
INFO:root:Generation: 63
INFO:root:pop fitness: 0.12880666666666665
INFO:root:elite fitness: 0.24825333333333333
INFO:root:Generation: 58
INFO:root:pop fitness: 0.12693333333333331
INFO:root:elite fitness: 0.24931999999999999
INFO:root:Generation: 64
INFO:root:pop fitness: 0.14085333333333333
INFO:root:elite fitness: 0.26852
INFO:root:Generation: 59
INFO:root:pop fitness: 0.1385933333333333
INFO:root:elite fitness: 0.26749333333333336
INFO:root:Generation: 65
INFO:root:pop fitness: 0.13424666666666668
INFO:root:elite fitness: 0.23899999999999996
INFO:root:Generation: 60
INFO:root:pop fitness: 0.14526666666666668
INFO:root:elite fitness: 0.26533333333333337
INFO:root:Generation: 66
INFO:root:pop fitness: 0.14109333333333335
INFO:root:elite fitness: 0.28392
INFO:root:Generation: 67
INFO:root:pop fitness: 0.13741333333333336
INFO:root:elite fitness: 0.26102666666666663
INFO:root:Generation: 61
INFO:root:pop fitness: 0.1313533333333333
INFO:root:elite fitness: 0.25528
INFO:root:Generation: 68
INFO:root:pop fitness: 0.13999333333333333
INFO:root:elite fitness: 0.25583999999999996
INFO:root:Generation: 62
INFO:root:pop fitness: 0.12996
INFO:root:elite fitness: 0.26599999999999996
INFO:root:Generation: 69
INFO:root:pop fitness: 0.14888
INFO:root:elite fitness: 0.26826666666666665
INFO:root:Generation: 63
INFO:root:pop fitness: 0.12924666666666668
INFO:root:elite fitness: 0.24634666666666666
INFO:root:Generation: 70
INFO:root:pop fitness: 0.14057333333333336
INFO:root:elite fitness: 0.28085333333333345
INFO:root:Generation: 64
INFO:root:pop fitness: 0.14373333333333335
INFO:root:elite fitness: 0.26500000000000007
INFO:root:Generation: 71
INFO:root:pop fitness: 0.13279333333333335
INFO:root:elite fitness: 0.2429333333333333
INFO:root:Generation: 65
INFO:root:pop fitness: 0.11944000000000003
INFO:root:elite fitness: 0.25325333333333333
INFO:root:Generation: 72
INFO:root:pop fitness: 0.15067333333333333
INFO:root:elite fitness: 0.2779066666666667
INFO:root:Generation: 66
INFO:root:pop fitness: 0.12791999999999998
INFO:root:elite fitness: 0.26150666666666667
INFO:root:Generation: 73
INFO:root:pop fitness: 0.15049999999999997
INFO:root:elite fitness: 0.27413333333333334
INFO:root:Generation: 67
INFO:root:pop fitness: 0.13270666666666667
INFO:root:elite fitness: 0.26095999999999997
INFO:root:Generation: 74
INFO:root:pop fitness: 0.13613333333333336
INFO:root:elite fitness: 0.26176
INFO:root:Generation: 68
INFO:root:pop fitness: 0.13052666666666668
INFO:root:elite fitness: 0.24679999999999996
INFO:root:Generation: 75
INFO:root:pop fitness: 0.13743333333333335
INFO:root:elite fitness: 0.28124
INFO:root:Generation: 69
INFO:root:pop fitness: 0.14065333333333332
INFO:root:elite fitness: 0.27408
INFO:root:Generation: 76
INFO:root:pop fitness: 0.13270666666666667
INFO:root:elite fitness: 0.28343999999999997
INFO:root:Generation: 77
INFO:root:pop fitness: 0.13868
INFO:root:elite fitness: 0.23457333333333327
INFO:root:Generation: 70
INFO:root:pop fitness: 0.15295999999999998
INFO:root:elite fitness: 0.28604
INFO:root:Generation: 78
INFO:root:pop fitness: 0.14513333333333334
INFO:root:elite fitness: 0.28521333333333343
INFO:root:Generation: 71
INFO:root:pop fitness: 0.13542
INFO:root:elite fitness: 0.26152000000000003
INFO:root:Generation: 79
INFO:root:pop fitness: 0.14490666666666666
INFO:root:elite fitness: 0.28752
INFO:root:Generation: 72
INFO:root:pop fitness: 0.1447466666666667
INFO:root:elite fitness: 0.28189333333333333
INFO:root:Generation: 80
INFO:root:pop fitness: 0.15231333333333333
INFO:root:elite fitness: 0.29417333333333334
INFO:root:Generation: 73
INFO:root:pop fitness: 0.13021333333333332
INFO:root:elite fitness: 0.25477333333333324
INFO:root:Generation: 81
INFO:root:pop fitness: 0.1449
INFO:root:elite fitness: 0.25670666666666664
INFO:root:Generation: 74
INFO:root:pop fitness: 0.14492
INFO:root:elite fitness: 0.27352
INFO:root:Generation: 82
INFO:root:pop fitness: 0.14824666666666664
INFO:root:elite fitness: 0.29308
INFO:root:Generation: 75
INFO:root:pop fitness: 0.14946666666666666
INFO:root:elite fitness: 0.26965333333333336
INFO:root:Generation: 83
INFO:root:pop fitness: 0.14199333333333333
INFO:root:elite fitness: 0.28474666666666665
INFO:root:Generation: 76
INFO:root:pop fitness: 0.13459333333333334
INFO:root:elite fitness: 0.2603066666666667
INFO:root:Generation: 84
INFO:root:pop fitness: 0.15052000000000001
INFO:root:elite fitness: 0.27844
INFO:root:Generation: 77
INFO:root:pop fitness: 0.14772666666666667
INFO:root:elite fitness: 0.2959466666666667
INFO:root:Generation: 85
INFO:root:pop fitness: 0.14964666666666668
INFO:root:elite fitness: 0.2619466666666667
INFO:root:Generation: 78
INFO:root:pop fitness: 0.14038666666666666
INFO:root:elite fitness: 0.2768266666666667
INFO:root:Generation: 86
INFO:root:pop fitness: 0.14292666666666667
INFO:root:elite fitness: 0.26541333333333333
INFO:root:Generation: 79
INFO:root:pop fitness: 0.13376
INFO:root:elite fitness: 0.28568000000000005
INFO:root:Generation: 87
INFO:root:pop fitness: 0.14728666666666668
INFO:root:elite fitness: 0.25997333333333333
INFO:root:Generation: 88
INFO:root:pop fitness: 0.15048000000000003
INFO:root:elite fitness: 0.29113333333333336
INFO:root:Generation: 80
INFO:root:pop fitness: 0.14738
INFO:root:elite fitness: 0.28124
INFO:root:Generation: 89
INFO:root:pop fitness: 0.12577999999999998
INFO:root:elite fitness: 0.25281333333333333
INFO:root:Generation: 81
INFO:root:pop fitness: 0.13824
INFO:root:elite fitness: 0.27609333333333336
INFO:root:Generation: 90
INFO:root:pop fitness: 0.12639999999999998
INFO:root:elite fitness: 0.27296
INFO:root:Generation: 82
INFO:root:pop fitness: 0.15388666666666664
INFO:root:elite fitness: 0.3034133333333333
INFO:root:Generation: 91
INFO:root:pop fitness: 0.14416666666666667
INFO:root:elite fitness: 0.27381333333333335
INFO:root:Generation: 83
INFO:root:pop fitness: 0.14703333333333332
INFO:root:elite fitness: 0.2741866666666667
INFO:root:Generation: 92
INFO:root:pop fitness: 0.14161999999999997
INFO:root:elite fitness: 0.24656
INFO:root:Generation: 84
INFO:root:pop fitness: 0.14151333333333332
INFO:root:elite fitness: 0.29276
INFO:root:Generation: 93
INFO:root:pop fitness: 0.12650666666666666
INFO:root:elite fitness: 0.27069333333333334
INFO:root:Generation: 85
INFO:root:pop fitness: 0.14085333333333333
INFO:root:elite fitness: 0.25886666666666663
INFO:root:Generation: 94
INFO:root:pop fitness: 0.14222666666666667
INFO:root:elite fitness: 0.2621066666666667
INFO:root:Generation: 86
INFO:root:pop fitness: 0.13886666666666667
INFO:root:elite fitness: 0.2941999999999999
INFO:root:Generation: 95
INFO:root:pop fitness: 0.12756
INFO:root:elite fitness: 0.2523866666666667
INFO:root:Generation: 87
INFO:root:pop fitness: 0.1346733333333333
INFO:root:elite fitness: 0.2612133333333334
INFO:root:Generation: 96
INFO:root:pop fitness: 0.13814666666666667
INFO:root:elite fitness: 0.27169333333333334
INFO:root:Generation: 88
INFO:root:pop fitness: 0.13618666666666668
INFO:root:elite fitness: 0.2604533333333333
INFO:root:Generation: 97
INFO:root:pop fitness: 0.13361333333333333
INFO:root:elite fitness: 0.2517066666666667
INFO:root:Generation: 89
INFO:root:pop fitness: 0.13535999999999995
INFO:root:elite fitness: 0.2685333333333334
INFO:root:Generation: 98
INFO:root:pop fitness: 0.12370666666666665
INFO:root:elite fitness: 0.23222666666666675
INFO:root:Generation: 90
INFO:root:pop fitness: 0.14156000000000002
INFO:root:elite fitness: 0.2709733333333333
INFO:root:Generation: 99
INFO:root:pop fitness: 0.12914666666666666
INFO:root:elite fitness: 0.25577333333333335
INFO:root:Generation: 91
INFO:root:pop fitness: 0.1454
INFO:root:elite fitness: 0.2543066666666667
INFO:root:Generation: 100
INFO:root:pop fitness: 0.14384
INFO:root:elite fitness: 0.26214666666666664
INFO:root:Generation: 101
INFO:root:pop fitness: 0.12952
INFO:root:elite fitness: 0.26366666666666666
INFO:root:Generation: 92
INFO:root:pop fitness: 0.13900666666666667
INFO:root:elite fitness: 0.2718533333333334
INFO:root:Generation: 102
INFO:root:pop fitness: 0.14470000000000002
INFO:root:elite fitness: 0.26574666666666663
INFO:root:Generation: 93
INFO:root:pop fitness: 0.14106
INFO:root:elite fitness: 0.26708
INFO:root:Generation: 103
INFO:root:pop fitness: 0.12940666666666664
INFO:root:elite fitness: 0.268
INFO:root:Generation: 94
INFO:root:pop fitness: 0.15328666666666665
INFO:root:elite fitness: 0.2972533333333333
INFO:root:Generation: 104
INFO:root:pop fitness: 0.14144666666666666
INFO:root:elite fitness: 0.3061333333333333
INFO:root:Generation: 95
INFO:root:pop fitness: 0.14906
INFO:root:elite fitness: 0.26376
INFO:root:Generation: 105
INFO:root:pop fitness: 0.15830666666666668
INFO:root:elite fitness: 0.3047733333333334
INFO:root:Generation: 96
INFO:root:pop fitness: 0.14584666666666668
INFO:root:elite fitness: 0.2631466666666667
INFO:root:Generation: 106
INFO:root:pop fitness: 0.14228
INFO:root:elite fitness: 0.26232
INFO:root:Generation: 97
INFO:root:pop fitness: 0.15188666666666667
INFO:root:elite fitness: 0.32558666666666664
INFO:root:Generation: 107
INFO:root:pop fitness: 0.13650666666666667
INFO:root:elite fitness: 0.28001333333333334
INFO:root:Generation: 98
INFO:root:pop fitness: 0.1389333333333333
INFO:root:elite fitness: 0.27106666666666673
INFO:root:Generation: 108
INFO:root:pop fitness: 0.13588
INFO:root:elite fitness: 0.2754133333333334
INFO:root:Generation: 99
INFO:root:pop fitness: 0.15502
INFO:root:elite fitness: 0.27370666666666665
INFO:root:Generation: 109
INFO:root:pop fitness: 0.1438333333333333
INFO:root:elite fitness: 0.25616
INFO:root:Generation: 100
INFO:root:pop fitness: 0.15395333333333333
INFO:root:elite fitness: 0.29496000000000006
INFO:root:Generation: 110
INFO:root:pop fitness: 0.13805333333333333
INFO:root:elite fitness: 0.26747999999999994
INFO:root:Generation: 101
INFO:root:pop fitness: 0.1489
INFO:root:elite fitness: 0.2825333333333333
INFO:root:Generation: 111
INFO:root:pop fitness: 0.1377133333333333
INFO:root:elite fitness: 0.2608533333333334
INFO:root:Generation: 112
INFO:root:pop fitness: 0.13445333333333334
INFO:root:elite fitness: 0.24832000000000004
INFO:root:Generation: 102
INFO:root:pop fitness: 0.14918
INFO:root:elite fitness: 0.28634666666666664
INFO:root:Generation: 113
INFO:root:pop fitness: 0.14781999999999998
INFO:root:elite fitness: 0.27029333333333333
INFO:root:Generation: 103
INFO:root:pop fitness: 0.1600666666666667
INFO:root:elite fitness: 0.3261733333333333
INFO:root:Generation: 114
INFO:root:pop fitness: 0.12499333333333335
INFO:root:elite fitness: 0.24728000000000003
INFO:root:Generation: 104
INFO:root:pop fitness: 0.15342
INFO:root:elite fitness: 0.2740533333333333
INFO:root:Generation: 115
INFO:root:pop fitness: 0.1461733333333333
INFO:root:elite fitness: 0.2810133333333333
INFO:root:Generation: 105
INFO:root:pop fitness: 0.15638
INFO:root:elite fitness: 0.2891333333333333
INFO:root:Generation: 116
INFO:root:pop fitness: 0.13826666666666668
INFO:root:elite fitness: 0.27206666666666673
INFO:root:Generation: 106
INFO:root:pop fitness: 0.13908666666666666
INFO:root:elite fitness: 0.24566666666666667
INFO:root:Generation: 117
INFO:root:pop fitness: 0.14407333333333333
INFO:root:elite fitness: 0.24957333333333334
INFO:root:Generation: 107
INFO:root:pop fitness: 0.14517333333333335
INFO:root:elite fitness: 0.26896000000000003
INFO:root:Generation: 118
INFO:root:pop fitness: 0.14621333333333333
INFO:root:elite fitness: 0.29564
INFO:root:Generation: 108
INFO:root:pop fitness: 0.15771333333333334
INFO:root:elite fitness: 0.28714666666666666
INFO:root:Generation: 119
INFO:root:pop fitness: 0.14007999999999998
INFO:root:elite fitness: 0.2814266666666667
INFO:root:Generation: 109
INFO:root:pop fitness: 0.15736
INFO:root:elite fitness: 0.2712
INFO:root:Generation: 120
INFO:root:pop fitness: 0.13795333333333334
INFO:root:elite fitness: 0.26815999999999995
INFO:root:Generation: 110
INFO:root:pop fitness: 0.14197999999999997
INFO:root:elite fitness: 0.28702666666666665
INFO:root:Generation: 121
INFO:root:pop fitness: 0.15856
INFO:root:elite fitness: 0.29186666666666666
INFO:root:Generation: 111
INFO:root:pop fitness: 0.14819333333333332
INFO:root:elite fitness: 0.27113333333333334
INFO:root:Generation: 122
INFO:root:pop fitness: 0.14030666666666666
INFO:root:elite fitness: 0.26437333333333335
INFO:root:Generation: 112
INFO:root:pop fitness: 0.14969333333333334
INFO:root:elite fitness: 0.2921866666666667
INFO:root:Generation: 123
INFO:root:pop fitness: 0.15216
INFO:root:elite fitness: 0.29522666666666664
INFO:root:Generation: 124
INFO:root:pop fitness: 0.15211999999999998
INFO:root:elite fitness: 0.2881333333333333
INFO:root:Generation: 113
INFO:root:pop fitness: 0.15907333333333332
INFO:root:elite fitness: 0.29866666666666664
INFO:root:Generation: 125
INFO:root:pop fitness: 0.15640666666666667
INFO:root:elite fitness: 0.29726666666666673
INFO:root:Generation: 114
INFO:root:pop fitness: 0.13302
INFO:root:elite fitness: 0.25849333333333335
INFO:root:Generation: 126
INFO:root:pop fitness: 0.15087333333333333
INFO:root:elite fitness: 0.27196000000000004
INFO:root:Generation: 115
INFO:root:pop fitness: 0.14323999999999998
INFO:root:elite fitness: 0.28597333333333336
INFO:root:Generation: 127
INFO:root:pop fitness: 0.1617333333333333
INFO:root:elite fitness: 0.30504
INFO:root:Generation: 116
INFO:root:pop fitness: 0.15537333333333336
INFO:root:elite fitness: 0.2854533333333333
INFO:root:Generation: 128
INFO:root:pop fitness: 0.15697333333333333
INFO:root:elite fitness: 0.31934666666666667
INFO:root:Generation: 117
INFO:root:pop fitness: 0.14376666666666665
INFO:root:elite fitness: 0.27599999999999997
INFO:root:Generation: 129
INFO:root:pop fitness: 0.16436000000000003
INFO:root:elite fitness: 0.31077333333333335
INFO:root:Generation: 118
INFO:root:pop fitness: 0.14202000000000004
INFO:root:elite fitness: 0.2608933333333333
INFO:root:Generation: 130
INFO:root:pop fitness: 0.15509333333333336
INFO:root:elite fitness: 0.2826533333333333
INFO:root:Generation: 119
INFO:root:pop fitness: 0.15786
INFO:root:elite fitness: 0.29488000000000003
INFO:root:Generation: 131
INFO:root:pop fitness: 0.16606666666666664
INFO:root:elite fitness: 0.30146666666666666
INFO:root:Generation: 120
INFO:root:pop fitness: 0.14889333333333332
INFO:root:elite fitness: 0.30740000000000006
INFO:root:Generation: 132
INFO:root:pop fitness: 0.14381333333333332
INFO:root:elite fitness: 0.27256
INFO:root:Generation: 121
INFO:root:pop fitness: 0.13398000000000002
INFO:root:elite fitness: 0.24839999999999998
INFO:root:Generation: 133
INFO:root:pop fitness: 0.15602000000000002
INFO:root:elite fitness: 0.3074266666666666
INFO:root:Generation: 122
INFO:root:pop fitness: 0.14326666666666665
INFO:root:elite fitness: 0.29037333333333337
INFO:root:Generation: 134
INFO:root:pop fitness: 0.13707333333333332
INFO:root:elite fitness: 0.26578666666666667
INFO:root:Generation: 135
INFO:root:pop fitness: 0.15764
INFO:root:elite fitness: 0.30539999999999995
INFO:root:Generation: 123
INFO:root:pop fitness: 0.15564666666666666
INFO:root:elite fitness: 0.3006133333333334
INFO:root:Generation: 136
INFO:root:pop fitness: 0.15282666666666667
INFO:root:elite fitness: 0.30150666666666665
INFO:root:Generation: 124
INFO:root:pop fitness: 0.1338933333333333
INFO:root:elite fitness: 0.23991999999999994
INFO:root:Generation: 137
INFO:root:pop fitness: 0.16668
INFO:root:elite fitness: 0.30189333333333335
INFO:root:Generation: 125
INFO:root:pop fitness: 0.13057333333333332
INFO:root:elite fitness: 0.2922933333333333
INFO:root:Generation: 138
INFO:root:pop fitness: 0.16891333333333333
INFO:root:elite fitness: 0.29926666666666674
INFO:root:Generation: 126
INFO:root:pop fitness: 0.14843333333333333
INFO:root:elite fitness: 0.2819999999999999
INFO:root:Generation: 139
INFO:root:pop fitness: 0.1714133333333333
INFO:root:elite fitness: 0.29102666666666666
INFO:root:Generation: 127
INFO:root:pop fitness: 0.14136
INFO:root:elite fitness: 0.2830133333333333
INFO:root:Generation: 140
INFO:root:pop fitness: 0.15501333333333334
INFO:root:elite fitness: 0.3186
INFO:root:Generation: 128
INFO:root:pop fitness: 0.13902666666666666
INFO:root:elite fitness: 0.29156
INFO:root:Generation: 141
INFO:root:pop fitness: 0.16174666666666668
INFO:root:elite fitness: 0.31361333333333336
INFO:root:Generation: 129
INFO:root:pop fitness: 0.13983333333333334
INFO:root:elite fitness: 0.30492
INFO:root:Generation: 142
INFO:root:pop fitness: 0.15638
INFO:root:elite fitness: 0.3057733333333334
INFO:root:Generation: 130
INFO:root:pop fitness: 0.14653333333333335
INFO:root:elite fitness: 0.29170666666666667
INFO:root:Generation: 143
INFO:root:pop fitness: 0.15395999999999996
INFO:root:elite fitness: 0.28769333333333336
INFO:root:Generation: 131
INFO:root:pop fitness: 0.14642666666666668
INFO:root:elite fitness: 0.2660133333333333
INFO:root:Generation: 144
INFO:root:pop fitness: 0.14898
INFO:root:elite fitness: 0.2790666666666667
INFO:root:Generation: 132
INFO:root:pop fitness: 0.14372
INFO:root:elite fitness: 0.26464
INFO:root:Generation: 145
INFO:root:pop fitness: 0.1513733333333333
INFO:root:elite fitness: 0.3058533333333333
INFO:root:Generation: 133
INFO:root:pop fitness: 0.13706
INFO:root:elite fitness: 0.2568
INFO:root:Generation: 146
INFO:root:pop fitness: 0.14550666666666667
INFO:root:elite fitness: 0.28969333333333336
INFO:root:Generation: 147
INFO:root:pop fitness: 0.1603466666666667
INFO:root:elite fitness: 0.2920666666666666
INFO:root:Generation: 134
INFO:root:pop fitness: 0.15003333333333332
INFO:root:elite fitness: 0.2998533333333333
INFO:root:Generation: 148
INFO:root:pop fitness: 0.15032666666666666
INFO:root:elite fitness: 0.2806666666666667
INFO:root:Generation: 135
INFO:root:pop fitness: 0.13862666666666668
INFO:root:elite fitness: 0.2718533333333334
INFO:root:Generation: 149
INFO:root:pop fitness: 0.15568666666666667
INFO:root:elite fitness: 0.28615999999999997
INFO:root:Generation: 136
INFO:root:pop fitness: 0.16148
INFO:root:elite fitness: 0.3310533333333333
INFO:root:Generation: 150
INFO:root:pop fitness: 0.16438666666666668
INFO:root:elite fitness: 0.30752000000000007
INFO:root:Generation: 137
INFO:root:pop fitness: 0.16783333333333333
INFO:root:elite fitness: 0.3174
INFO:root:Generation: 151
INFO:root:pop fitness: 0.15637333333333336
INFO:root:elite fitness: 0.31576
INFO:root:Generation: 138
INFO:root:pop fitness: 0.16491999999999998
INFO:root:elite fitness: 0.2983333333333333
INFO:root:Generation: 152
INFO:root:pop fitness: 0.15766
INFO:root:elite fitness: 0.2847733333333333
INFO:root:Generation: 139
INFO:root:pop fitness: 0.15283333333333332
INFO:root:elite fitness: 0.28652
INFO:root:Generation: 153
INFO:root:pop fitness: 0.17448666666666668
INFO:root:elite fitness: 0.29817333333333335
INFO:root:Generation: 140
INFO:root:pop fitness: 0.14858
INFO:root:elite fitness: 0.28952
INFO:root:Generation: 154
INFO:root:pop fitness: 0.14604666666666669
INFO:root:elite fitness: 0.26544
INFO:root:Generation: 141
INFO:root:pop fitness: 0.15953333333333333
INFO:root:elite fitness: 0.27864
INFO:root:Generation: 155
INFO:root:pop fitness: 0.14867333333333335
INFO:root:elite fitness: 0.2580799999999999
INFO:root:Generation: 142
INFO:root:pop fitness: 0.14919333333333332
INFO:root:elite fitness: 0.26554666666666665
INFO:root:Generation: 156
INFO:root:pop fitness: 0.16576000000000002
INFO:root:elite fitness: 0.31894666666666666
INFO:root:Generation: 143
INFO:root:pop fitness: 0.14675333333333332
INFO:root:elite fitness: 0.2838666666666667
INFO:root:Generation: 157
INFO:root:pop fitness: 0.15748
INFO:root:elite fitness: 0.2930533333333334
INFO:root:Generation: 144
INFO:root:pop fitness: 0.1604533333333333
INFO:root:elite fitness: 0.3215733333333334
INFO:root:Generation: 158
INFO:root:pop fitness: 0.17766
INFO:root:elite fitness: 0.3307333333333334
INFO:root:Generation: 145
INFO:root:pop fitness: 0.16744
INFO:root:elite fitness: 0.31852
INFO:root:Generation: 159
INFO:root:pop fitness: 0.15661333333333333
INFO:root:elite fitness: 0.2725066666666667
INFO:root:Generation: 160
INFO:root:pop fitness: 0.15256
INFO:root:elite fitness: 0.2864
INFO:root:Generation: 146
INFO:root:pop fitness: 0.1590333333333333
INFO:root:elite fitness: 0.3154266666666667
INFO:root:Generation: 161
INFO:root:pop fitness: 0.15638666666666665
INFO:root:elite fitness: 0.28128000000000003
INFO:root:Generation: 147
INFO:root:pop fitness: 0.15664
INFO:root:elite fitness: 0.27797333333333335
INFO:root:Generation: 162
INFO:root:pop fitness: 0.17720666666666665
INFO:root:elite fitness: 0.30912
INFO:root:Generation: 148
INFO:root:pop fitness: 0.1514533333333333
INFO:root:elite fitness: 0.2929733333333333
INFO:root:Generation: 163
INFO:root:pop fitness: 0.15719999999999998
INFO:root:elite fitness: 0.2965466666666667
INFO:root:Generation: 149
INFO:root:pop fitness: 0.16522666666666666
INFO:root:elite fitness: 0.30024
INFO:root:Generation: 164
INFO:root:pop fitness: 0.16410666666666665
INFO:root:elite fitness: 0.3299066666666666
INFO:root:Generation: 150
INFO:root:pop fitness: 0.14099333333333333
INFO:root:elite fitness: 0.25806666666666667
INFO:root:Generation: 165
INFO:root:pop fitness: 0.15377333333333332
INFO:root:elite fitness: 0.2724533333333333
INFO:root:Generation: 151
INFO:root:pop fitness: 0.14990666666666666
INFO:root:elite fitness: 0.27598666666666666
INFO:root:Generation: 166
INFO:root:pop fitness: 0.14681333333333335
INFO:root:elite fitness: 0.28573333333333334
INFO:root:Generation: 152
INFO:root:pop fitness: 0.15014
INFO:root:elite fitness: 0.27546666666666664
INFO:root:Generation: 167
INFO:root:pop fitness: 0.16277999999999998
INFO:root:elite fitness: 0.29694666666666664
INFO:root:Generation: 153
INFO:root:pop fitness: 0.1517133333333333
INFO:root:elite fitness: 0.3026133333333333
INFO:root:Generation: 168
INFO:root:pop fitness: 0.13777333333333333
INFO:root:elite fitness: 0.2626533333333333
INFO:root:Generation: 154
INFO:root:pop fitness: 0.16069333333333333
INFO:root:elite fitness: 0.2822933333333333
INFO:root:Generation: 169
INFO:root:pop fitness: 0.16542
INFO:root:elite fitness: 0.29838666666666663
INFO:root:Generation: 170
INFO:root:pop fitness: 0.16727999999999998
INFO:root:elite fitness: 0.30757333333333337
INFO:root:Generation: 155
INFO:root:pop fitness: 0.15710666666666667
INFO:root:elite fitness: 0.28113333333333335
INFO:root:Generation: 171
INFO:root:pop fitness: 0.16033333333333333
INFO:root:elite fitness: 0.2956933333333333
INFO:root:Generation: 156
INFO:root:pop fitness: 0.15414666666666665
INFO:root:elite fitness: 0.30884
INFO:root:Generation: 172
INFO:root:pop fitness: 0.16456
INFO:root:elite fitness: 0.29486666666666667
INFO:root:Generation: 157
INFO:root:pop fitness: 0.1576
INFO:root:elite fitness: 0.2760533333333334
INFO:root:Generation: 173
INFO:root:pop fitness: 0.14989333333333332
INFO:root:elite fitness: 0.27127999999999997
INFO:root:Generation: 158
INFO:root:pop fitness: 0.15134666666666666
INFO:root:elite fitness: 0.3004533333333333
INFO:root:Generation: 174
INFO:root:pop fitness: 0.15726
INFO:root:elite fitness: 0.26988
INFO:root:Generation: 159
INFO:root:pop fitness: 0.16414666666666664
INFO:root:elite fitness: 0.2949333333333333
INFO:root:Generation: 175
INFO:root:pop fitness: 0.17193333333333333
INFO:root:elite fitness: 0.3160266666666666
INFO:root:Generation: 160
INFO:root:pop fitness: 0.1587866666666667
INFO:root:elite fitness: 0.29135999999999995
INFO:root:Generation: 176
INFO:root:pop fitness: 0.15449333333333334
INFO:root:elite fitness: 0.2898933333333333
INFO:root:Generation: 161
INFO:root:pop fitness: 0.12545999999999996
INFO:root:elite fitness: 0.2413466666666667
INFO:root:Generation: 177
INFO:root:pop fitness: 0.14538
INFO:root:elite fitness: 0.2725866666666667
INFO:root:Generation: 162
INFO:root:pop fitness: 0.14818666666666666
INFO:root:elite fitness: 0.2908133333333333
INFO:root:Generation: 178
INFO:root:pop fitness: 0.15119333333333335
INFO:root:elite fitness: 0.26571999999999996
INFO:root:Generation: 163
INFO:root:pop fitness: 0.1591733333333333
INFO:root:elite fitness: 0.2734266666666667
INFO:root:Generation: 179
INFO:root:pop fitness: 0.16392
INFO:root:elite fitness: 0.28303999999999996
INFO:root:Generation: 164
INFO:root:pop fitness: 0.16306
INFO:root:elite fitness: 0.26404
INFO:root:Generation: 180
INFO:root:pop fitness: 0.15416000000000002
INFO:root:elite fitness: 0.2827200000000001
INFO:root:Generation: 181
INFO:root:pop fitness: 0.15944666666666668
INFO:root:elite fitness: 0.29932
INFO:root:Generation: 165
INFO:root:pop fitness: 0.15484
INFO:root:elite fitness: 0.28601333333333334
INFO:root:Generation: 182
INFO:root:pop fitness: 0.13822
INFO:root:elite fitness: 0.2752533333333334
INFO:root:Generation: 166
INFO:root:pop fitness: 0.15199333333333334
INFO:root:elite fitness: 0.30317333333333335
INFO:root:Generation: 183
INFO:root:pop fitness: 0.15928666666666666
INFO:root:elite fitness: 0.3014133333333333
INFO:root:Generation: 167
INFO:root:pop fitness: 0.15838666666666668
INFO:root:elite fitness: 0.2758399999999999
INFO:root:Generation: 184
INFO:root:pop fitness: 0.14921333333333336
INFO:root:elite fitness: 0.2919733333333333
INFO:root:Generation: 168
INFO:root:pop fitness: 0.17263333333333336
INFO:root:elite fitness: 0.31809333333333334
INFO:root:Generation: 185
INFO:root:pop fitness: 0.16132
INFO:root:elite fitness: 0.28413333333333335
INFO:root:Generation: 169
INFO:root:pop fitness: 0.17022
INFO:root:elite fitness: 0.33052
INFO:root:Generation: 186
INFO:root:pop fitness: 0.16628
INFO:root:elite fitness: 0.3255066666666666
INFO:root:Generation: 170
INFO:root:pop fitness: 0.15504666666666667
INFO:root:elite fitness: 0.28081333333333336
INFO:root:Generation: 187
INFO:root:pop fitness: 0.16028000000000003
INFO:root:elite fitness: 0.29051999999999994
INFO:root:Generation: 171
INFO:root:pop fitness: 0.17064666666666667
INFO:root:elite fitness: 0.28414666666666666
INFO:root:Generation: 188
INFO:root:pop fitness: 0.14964
INFO:root:elite fitness: 0.27931999999999996
INFO:root:Generation: 172
INFO:root:pop fitness: 0.15994
INFO:root:elite fitness: 0.3025466666666667
INFO:root:Generation: 189
INFO:root:pop fitness: 0.18301999999999996
INFO:root:elite fitness: 0.2999866666666666
INFO:root:Generation: 173
INFO:root:pop fitness: 0.15079333333333333
INFO:root:elite fitness: 0.30865333333333334
INFO:root:Generation: 190
INFO:root:pop fitness: 0.15966
INFO:root:elite fitness: 0.29716
INFO:root:Generation: 174
INFO:root:pop fitness: 0.15562666666666666
INFO:root:elite fitness: 0.28658666666666666
INFO:root:Generation: 191
INFO:root:pop fitness: 0.16897333333333336
INFO:root:elite fitness: 0.2993733333333334
INFO:root:Generation: 175
INFO:root:pop fitness: 0.15040666666666666
INFO:root:elite fitness: 0.30640000000000006
INFO:root:Generation: 192
INFO:root:pop fitness: 0.17518
INFO:root:elite fitness: 0.3077333333333333
INFO:root:Generation: 176
INFO:root:pop fitness: 0.16725333333333334
INFO:root:elite fitness: 0.30347999999999997
INFO:root:Generation: 193
INFO:root:pop fitness: 0.16550666666666666
INFO:root:elite fitness: 0.30560000000000004
INFO:root:Generation: 194
INFO:root:pop fitness: 0.14061333333333334
INFO:root:elite fitness: 0.2755066666666667
INFO:root:Generation: 177
INFO:root:pop fitness: 0.15258666666666668
INFO:root:elite fitness: 0.2671333333333333
INFO:root:Generation: 195
INFO:root:pop fitness: 0.16221333333333335
INFO:root:elite fitness: 0.2810533333333334
INFO:root:Generation: 178
INFO:root:pop fitness: 0.18334666666666669
INFO:root:elite fitness: 0.31067999999999996
INFO:root:Generation: 196
INFO:root:pop fitness: 0.13775333333333334
INFO:root:elite fitness: 0.2699066666666667
INFO:root:Generation: 179
INFO:root:pop fitness: 0.15107333333333334
INFO:root:elite fitness: 0.28154666666666667
INFO:root:Generation: 197
INFO:root:pop fitness: 0.159
INFO:root:elite fitness: 0.27374666666666664
INFO:root:Generation: 180
INFO:root:pop fitness: 0.16914
INFO:root:elite fitness: 0.2945866666666666
INFO:root:Generation: 198
INFO:root:pop fitness: 0.14334666666666662
INFO:root:elite fitness: 0.26766666666666666
INFO:root:Generation: 181
INFO:root:pop fitness: 0.16693999999999998
INFO:root:elite fitness: 0.30034666666666665
INFO:root:Generation: 199
INFO:root:pop fitness: 0.16028
INFO:root:elite fitness: 0.2795733333333333
INFO:root:Generation: 182
INFO:root:pop fitness: 0.16018000000000002
INFO:root:elite fitness: 0.32584
INFO:root:Generation: 183
INFO:root:pop fitness: 0.15386
INFO:root:elite fitness: 0.32132000000000005
INFO:root:Generation: 184
INFO:root:pop fitness: 0.16943999999999998
INFO:root:elite fitness: 0.3132533333333334
INFO:root:Generation: 185
INFO:root:pop fitness: 0.15597333333333332
INFO:root:elite fitness: 0.2688800000000001
INFO:root:Generation: 186
INFO:root:pop fitness: 0.16723333333333334
INFO:root:elite fitness: 0.29211999999999994
INFO:root:Generation: 187
INFO:root:pop fitness: 0.15614
INFO:root:elite fitness: 0.29585333333333336
INFO:root:Generation: 188
INFO:root:pop fitness: 0.15442
INFO:root:elite fitness: 0.27758666666666665
INFO:root:Generation: 189
INFO:root:pop fitness: 0.16296666666666668
INFO:root:elite fitness: 0.3132
INFO:root:Generation: 190
INFO:root:pop fitness: 0.15988
INFO:root:elite fitness: 0.2963333333333333
INFO:root:Generation: 191
INFO:root:pop fitness: 0.15771333333333334
INFO:root:elite fitness: 0.30872
INFO:root:Generation: 192
INFO:root:pop fitness: 0.15657333333333331
INFO:root:elite fitness: 0.3017466666666667
INFO:root:Generation: 193
INFO:root:pop fitness: 0.14634666666666665
INFO:root:elite fitness: 0.3182133333333334
INFO:root:Generation: 194
INFO:root:pop fitness: 0.15616
INFO:root:elite fitness: 0.29002666666666665
INFO:root:Generation: 195
INFO:root:pop fitness: 0.16117333333333334
INFO:root:elite fitness: 0.2959866666666666
INFO:root:Generation: 196
INFO:root:pop fitness: 0.17327333333333333
INFO:root:elite fitness: 0.31945333333333326
INFO:root:Generation: 197
INFO:root:pop fitness: 0.15289999999999998
INFO:root:elite fitness: 0.2750666666666666
INFO:root:Generation: 198
INFO:root:pop fitness: 0.15521333333333331
INFO:root:elite fitness: 0.2762266666666667
INFO:root:Generation: 199
INFO:root:pop fitness: 0.15534666666666666
INFO:root:elite fitness: 0.31890666666666667
