INFO:root:run_master: Namespace(arms='10', hidden='32', layers='1', max_gen='200', message='', mutation_mag='0.1', name='diffEnv_v2', noise=True, pop_size='100', save_result=True, trials='100')
INFO:root:run_master: Namespace(arms='10', hidden='32', layers='1', max_gen='200', message='', mutation_mag='0.1', name='diffEnv_v2', noise=False, pop_size='100', save_result=True, trials='100')
INFO:root:Generation: 0
INFO:root:pop fitness: 0.09993999999999997
INFO:root:elite fitness: 0.11252
INFO:root:Generation: 0
INFO:root:pop fitness: 0.10081
INFO:root:elite fitness: 0.1133
INFO:root:Generation: 1
INFO:root:pop fitness: 0.09884
INFO:root:elite fitness: 0.11623999999999998
INFO:root:Generation: 1
INFO:root:pop fitness: 0.09964
INFO:root:elite fitness: 0.11614000000000001
INFO:root:Generation: 2
INFO:root:pop fitness: 0.09752000000000001
INFO:root:elite fitness: 0.12038
INFO:root:Generation: 2
INFO:root:pop fitness: 0.09849000000000002
INFO:root:elite fitness: 0.1209
INFO:root:Generation: 3
INFO:root:pop fitness: 0.10740999999999998
INFO:root:elite fitness: 0.1429
INFO:root:Generation: 3
INFO:root:pop fitness: 0.10392
INFO:root:elite fitness: 0.14924000000000004
INFO:root:Generation: 4
INFO:root:pop fitness: 0.10214000000000001
INFO:root:elite fitness: 0.15986
INFO:root:Generation: 4
INFO:root:pop fitness: 0.10335000000000001
INFO:root:elite fitness: 0.159
INFO:root:Generation: 5
INFO:root:pop fitness: 0.10879
INFO:root:elite fitness: 0.18082000000000004
INFO:root:Generation: 5
INFO:root:pop fitness: 0.09740000000000001
INFO:root:elite fitness: 0.1426
INFO:root:Generation: 6
INFO:root:pop fitness: 0.11181999999999999
INFO:root:elite fitness: 0.19634000000000001
INFO:root:Generation: 6
INFO:root:pop fitness: 0.10239000000000001
INFO:root:elite fitness: 0.17755999999999997
INFO:root:Generation: 7
INFO:root:pop fitness: 0.09292
INFO:root:elite fitness: 0.1496
INFO:root:Generation: 7
INFO:root:pop fitness: 0.10171
INFO:root:elite fitness: 0.16630000000000003
INFO:root:Generation: 8
INFO:root:pop fitness: 0.10803000000000001
INFO:root:elite fitness: 0.21253999999999998
INFO:root:Generation: 8
INFO:root:pop fitness: 0.10361000000000002
INFO:root:elite fitness: 0.19288
INFO:root:Generation: 9
INFO:root:pop fitness: 0.10229999999999999
INFO:root:elite fitness: 0.19849999999999998
INFO:root:Generation: 9
INFO:root:pop fitness: 0.09925
INFO:root:elite fitness: 0.20616
INFO:root:Generation: 10
INFO:root:pop fitness: 0.11376000000000001
INFO:root:elite fitness: 0.23112
INFO:root:Generation: 10
INFO:root:pop fitness: 0.11233999999999998
INFO:root:elite fitness: 0.22047999999999998
INFO:root:Generation: 11
INFO:root:pop fitness: 0.11154
INFO:root:elite fitness: 0.18309999999999998
INFO:root:Generation: 11
INFO:root:pop fitness: 0.11284999999999998
INFO:root:elite fitness: 0.22679999999999997
INFO:root:Generation: 12
INFO:root:pop fitness: 0.10226
INFO:root:elite fitness: 0.19907999999999998
INFO:root:Generation: 12
INFO:root:pop fitness: 0.10839999999999998
INFO:root:elite fitness: 0.21061999999999997
INFO:root:Generation: 13
INFO:root:pop fitness: 0.11614
INFO:root:elite fitness: 0.21439999999999998
INFO:root:Generation: 13
INFO:root:pop fitness: 0.13521
INFO:root:elite fitness: 0.2563
INFO:root:Generation: 14
INFO:root:pop fitness: 0.10566999999999999
INFO:root:elite fitness: 0.20960000000000004
INFO:root:Generation: 14
INFO:root:pop fitness: 0.122
INFO:root:elite fitness: 0.2395
INFO:root:Generation: 15
INFO:root:pop fitness: 0.10603000000000001
INFO:root:elite fitness: 0.21906000000000003
INFO:root:Generation: 15
INFO:root:pop fitness: 0.11220000000000001
INFO:root:elite fitness: 0.22548000000000004
INFO:root:Generation: 16
INFO:root:pop fitness: 0.10977
INFO:root:elite fitness: 0.22347999999999998
INFO:root:Generation: 16
INFO:root:pop fitness: 0.12052999999999998
INFO:root:elite fitness: 0.21649999999999994
INFO:root:Generation: 17
INFO:root:pop fitness: 0.12414000000000001
INFO:root:elite fitness: 0.23948
INFO:root:Generation: 17
INFO:root:pop fitness: 0.1113
INFO:root:elite fitness: 0.20084
INFO:root:Generation: 18
INFO:root:pop fitness: 0.12179000000000001
INFO:root:elite fitness: 0.22124
INFO:root:Generation: 18
INFO:root:pop fitness: 0.11939000000000002
INFO:root:elite fitness: 0.2158
INFO:root:Generation: 19
INFO:root:pop fitness: 0.12276000000000002
INFO:root:elite fitness: 0.23726
INFO:root:Generation: 20
INFO:root:pop fitness: 0.10561999999999999
INFO:root:elite fitness: 0.22027999999999998
INFO:root:Generation: 19
INFO:root:pop fitness: 0.12068000000000001
INFO:root:elite fitness: 0.22594
INFO:root:Generation: 21
INFO:root:pop fitness: 0.12247999999999999
INFO:root:elite fitness: 0.21864
INFO:root:Generation: 20
INFO:root:pop fitness: 0.1286
INFO:root:elite fitness: 0.26314
INFO:root:Generation: 22
INFO:root:pop fitness: 0.12798
INFO:root:elite fitness: 0.22958
INFO:root:Generation: 21
INFO:root:pop fitness: 0.12172
INFO:root:elite fitness: 0.24652000000000002
INFO:root:Generation: 23
INFO:root:pop fitness: 0.12030000000000002
INFO:root:elite fitness: 0.24075999999999997
INFO:root:Generation: 22
INFO:root:pop fitness: 0.12963
INFO:root:elite fitness: 0.23383999999999996
INFO:root:Generation: 24
INFO:root:pop fitness: 0.12750999999999998
INFO:root:elite fitness: 0.24793999999999994
INFO:root:Generation: 23
INFO:root:pop fitness: 0.12498999999999999
INFO:root:elite fitness: 0.26074
INFO:root:Generation: 25
INFO:root:pop fitness: 0.11647999999999997
INFO:root:elite fitness: 0.23287999999999998
INFO:root:Generation: 24
INFO:root:pop fitness: 0.11805999999999997
INFO:root:elite fitness: 0.23399999999999999
INFO:root:Generation: 26
INFO:root:pop fitness: 0.13307
INFO:root:elite fitness: 0.25618
INFO:root:Generation: 25
INFO:root:pop fitness: 0.11443999999999999
INFO:root:elite fitness: 0.21672
INFO:root:Generation: 27
INFO:root:pop fitness: 0.13427
INFO:root:elite fitness: 0.26852
INFO:root:Generation: 28
INFO:root:pop fitness: 0.12702
INFO:root:elite fitness: 0.26074
INFO:root:Generation: 26
INFO:root:pop fitness: 0.10906
INFO:root:elite fitness: 0.20866000000000004
INFO:root:Generation: 29
INFO:root:pop fitness: 0.12389999999999997
INFO:root:elite fitness: 0.23168
INFO:root:Generation: 27
INFO:root:pop fitness: 0.12889
INFO:root:elite fitness: 0.23088000000000006
INFO:root:Generation: 30
INFO:root:pop fitness: 0.12894
INFO:root:elite fitness: 0.24313999999999997
INFO:root:Generation: 28
INFO:root:pop fitness: 0.11814999999999999
INFO:root:elite fitness: 0.23774000000000003
INFO:root:Generation: 31
INFO:root:pop fitness: 0.13065000000000002
INFO:root:elite fitness: 0.25332000000000005
INFO:root:Generation: 29
INFO:root:pop fitness: 0.12661
INFO:root:elite fitness: 0.25494
INFO:root:Generation: 32
INFO:root:pop fitness: 0.12309
INFO:root:elite fitness: 0.22700000000000004
INFO:root:Generation: 30
INFO:root:pop fitness: 0.11248999999999999
INFO:root:elite fitness: 0.22616
INFO:root:Generation: 33
INFO:root:pop fitness: 0.11857
INFO:root:elite fitness: 0.24274
INFO:root:Generation: 31
INFO:root:pop fitness: 0.14168
INFO:root:elite fitness: 0.27337999999999996
INFO:root:Generation: 34
INFO:root:pop fitness: 0.13234
INFO:root:elite fitness: 0.24994000000000002
INFO:root:Generation: 32
INFO:root:pop fitness: 0.13434000000000001
INFO:root:elite fitness: 0.25762
INFO:root:Generation: 35
INFO:root:pop fitness: 0.13642
INFO:root:elite fitness: 0.24508000000000002
INFO:root:Generation: 36
INFO:root:pop fitness: 0.13471000000000002
INFO:root:elite fitness: 0.247
INFO:root:Generation: 33
INFO:root:pop fitness: 0.13051
INFO:root:elite fitness: 0.2694
INFO:root:Generation: 37
INFO:root:pop fitness: 0.16154999999999997
INFO:root:elite fitness: 0.30788
INFO:root:Generation: 34
INFO:root:pop fitness: 0.11779
INFO:root:elite fitness: 0.2404
INFO:root:Generation: 38
INFO:root:pop fitness: 0.14464
INFO:root:elite fitness: 0.26942000000000005
INFO:root:Generation: 35
INFO:root:pop fitness: 0.12862
INFO:root:elite fitness: 0.24020000000000002
INFO:root:Generation: 36
INFO:root:pop fitness: 0.13133999999999998
INFO:root:elite fitness: 0.24682
INFO:root:Generation: 39
INFO:root:pop fitness: 0.13974000000000003
INFO:root:elite fitness: 0.25858000000000003
INFO:root:Generation: 37
INFO:root:pop fitness: 0.12174999999999998
INFO:root:elite fitness: 0.25906
INFO:root:Generation: 40
INFO:root:pop fitness: 0.15028000000000002
INFO:root:elite fitness: 0.2607
INFO:root:Generation: 41
INFO:root:pop fitness: 0.14946
INFO:root:elite fitness: 0.28103999999999996
INFO:root:Generation: 38
INFO:root:pop fitness: 0.12088000000000002
INFO:root:elite fitness: 0.2434
INFO:root:Generation: 42
INFO:root:pop fitness: 0.15638
INFO:root:elite fitness: 0.29738
INFO:root:Generation: 39
INFO:root:pop fitness: 0.12045
INFO:root:elite fitness: 0.23362000000000002
INFO:root:Generation: 43
INFO:root:pop fitness: 0.15061
INFO:root:elite fitness: 0.26364
INFO:root:Generation: 40
INFO:root:pop fitness: 0.13102
INFO:root:elite fitness: 0.25908000000000003
INFO:root:Generation: 44
INFO:root:pop fitness: 0.15159
INFO:root:elite fitness: 0.28064
INFO:root:Generation: 45
INFO:root:pop fitness: 0.13523000000000002
INFO:root:elite fitness: 0.25170000000000003
INFO:root:Generation: 41
INFO:root:pop fitness: 0.12429
INFO:root:elite fitness: 0.23626000000000003
INFO:root:Generation: 46
INFO:root:pop fitness: 0.15573
INFO:root:elite fitness: 0.29608
INFO:root:Generation: 42
INFO:root:pop fitness: 0.11353000000000002
INFO:root:elite fitness: 0.27832
INFO:root:Generation: 47
INFO:root:pop fitness: 0.14425
INFO:root:elite fitness: 0.2605
INFO:root:Generation: 43
INFO:root:pop fitness: 0.13119000000000003
INFO:root:elite fitness: 0.22862
INFO:root:Generation: 48
INFO:root:pop fitness: 0.15324999999999997
INFO:root:elite fitness: 0.30934
INFO:root:Generation: 49
INFO:root:pop fitness: 0.14923999999999998
INFO:root:elite fitness: 0.31526000000000004
INFO:root:Generation: 44
INFO:root:pop fitness: 0.12885
INFO:root:elite fitness: 0.24898
