INFO:root:run_master: Namespace(arms='10', hidden='64', layers='3', max_gen='200', message='', mutation_mag='0.1', name='resetSteps', noise=True, pop_size='100', save_result=True, steps='3', trials='100')
INFO:root:run_master: Namespace(arms='10', hidden='64', layers='3', max_gen='200', message='', mutation_mag='0.1', name='resetSteps', noise=False, pop_size='100', save_result=True, steps='3', trials='100')
INFO:root:Generation: 0
INFO:root:pop fitness: 0.10022000000000002
INFO:root:elite fitness: 0.11252
INFO:root:Generation: 0
INFO:root:pop fitness: 0.10104
INFO:root:elite fitness: 0.11302
INFO:root:Generation: 1
INFO:root:pop fitness: 0.09968
INFO:root:elite fitness: 0.1186
INFO:root:Generation: 1
INFO:root:pop fitness: 0.09753000000000002
INFO:root:elite fitness: 0.12053999999999998
INFO:root:Generation: 2
INFO:root:pop fitness: 0.10022
INFO:root:elite fitness: 0.14092
INFO:root:Generation: 2
INFO:root:pop fitness: 0.10096
INFO:root:elite fitness: 0.14672000000000002
INFO:root:Generation: 3
INFO:root:pop fitness: 0.09347
INFO:root:elite fitness: 0.16279999999999997
INFO:root:Generation: 3
INFO:root:pop fitness: 0.09869
INFO:root:elite fitness: 0.1593
INFO:root:Generation: 4
INFO:root:pop fitness: 0.10255
INFO:root:elite fitness: 0.18072
INFO:root:Generation: 4
INFO:root:pop fitness: 0.09008999999999999
INFO:root:elite fitness: 0.14215999999999998
INFO:root:Generation: 5
INFO:root:pop fitness: 0.10971999999999998
INFO:root:elite fitness: 0.21073999999999998
INFO:root:Generation: 5
INFO:root:pop fitness: 0.10282999999999999
INFO:root:elite fitness: 0.20573999999999998
INFO:root:Generation: 6
INFO:root:pop fitness: 0.09179
INFO:root:elite fitness: 0.19625999999999993
INFO:root:Generation: 6
INFO:root:pop fitness: 0.096
INFO:root:elite fitness: 0.19444000000000003
INFO:root:Generation: 7
INFO:root:pop fitness: 0.09738999999999999
INFO:root:elite fitness: 0.22744
INFO:root:Generation: 7
INFO:root:pop fitness: 0.11123000000000001
INFO:root:elite fitness: 0.21364
INFO:root:Generation: 8
INFO:root:pop fitness: 0.10718
INFO:root:elite fitness: 0.25024
INFO:root:Generation: 8
INFO:root:pop fitness: 0.10241
INFO:root:elite fitness: 0.22654
INFO:root:Generation: 9
INFO:root:pop fitness: 0.10028000000000002
INFO:root:elite fitness: 0.20366
INFO:root:Generation: 10
INFO:root:pop fitness: 0.09425
INFO:root:elite fitness: 0.20516
INFO:root:Generation: 9
INFO:root:pop fitness: 0.10143999999999999
INFO:root:elite fitness: 0.21417999999999998
INFO:root:Generation: 11
INFO:root:pop fitness: 0.12182999999999998
INFO:root:elite fitness: 0.2474
INFO:root:Generation: 10
INFO:root:pop fitness: 0.11403
INFO:root:elite fitness: 0.24814
INFO:root:Generation: 12
INFO:root:pop fitness: 0.09365000000000002
INFO:root:elite fitness: 0.20236
INFO:root:Generation: 11
INFO:root:pop fitness: 0.12089999999999998
INFO:root:elite fitness: 0.25068
INFO:root:Generation: 13
INFO:root:pop fitness: 0.10957999999999998
INFO:root:elite fitness: 0.21526
INFO:root:Generation: 12
INFO:root:pop fitness: 0.09774999999999999
INFO:root:elite fitness: 0.20515999999999998
INFO:root:Generation: 14
INFO:root:pop fitness: 0.10022
INFO:root:elite fitness: 0.21981999999999996
INFO:root:Generation: 13
INFO:root:pop fitness: 0.10701000000000001
INFO:root:elite fitness: 0.20680000000000004
INFO:root:Generation: 15
INFO:root:pop fitness: 0.0935
INFO:root:elite fitness: 0.20891999999999997
INFO:root:Generation: 14
INFO:root:pop fitness: 0.10747
INFO:root:elite fitness: 0.20674
INFO:root:Generation: 16
INFO:root:pop fitness: 0.10589
INFO:root:elite fitness: 0.20772
INFO:root:Generation: 15
INFO:root:pop fitness: 0.12178999999999998
INFO:root:elite fitness: 0.25508
INFO:root:Generation: 17
INFO:root:pop fitness: 0.11827000000000001
INFO:root:elite fitness: 0.23296
INFO:root:Generation: 16
INFO:root:pop fitness: 0.1015
INFO:root:elite fitness: 0.22558000000000003
INFO:root:Generation: 18
INFO:root:pop fitness: 0.10137999999999998
INFO:root:elite fitness: 0.2379
INFO:root:Generation: 17
INFO:root:pop fitness: 0.10512999999999999
INFO:root:elite fitness: 0.21427999999999997
INFO:root:Generation: 19
INFO:root:pop fitness: 0.10360000000000001
INFO:root:elite fitness: 0.22234
INFO:root:Generation: 18
INFO:root:pop fitness: 0.11359999999999999
INFO:root:elite fitness: 0.24169999999999997
INFO:root:Generation: 20
INFO:root:pop fitness: 0.10157
INFO:root:elite fitness: 0.22026
INFO:root:Generation: 21
INFO:root:pop fitness: 0.11008999999999998
INFO:root:elite fitness: 0.21072
INFO:root:Generation: 19
INFO:root:pop fitness: 0.10845
INFO:root:elite fitness: 0.26514
INFO:root:Generation: 22
INFO:root:pop fitness: 0.10530999999999997
INFO:root:elite fitness: 0.20571999999999996
INFO:root:Generation: 20
INFO:root:pop fitness: 0.12743000000000002
INFO:root:elite fitness: 0.25044
INFO:root:Generation: 23
INFO:root:pop fitness: 0.1153
INFO:root:elite fitness: 0.23866000000000004
INFO:root:Generation: 21
INFO:root:pop fitness: 0.11671
INFO:root:elite fitness: 0.23107999999999998
INFO:root:Generation: 24
INFO:root:pop fitness: 0.10971
INFO:root:elite fitness: 0.21259999999999998
INFO:root:Generation: 22
INFO:root:pop fitness: 0.11167999999999999
INFO:root:elite fitness: 0.23171999999999998
INFO:root:Generation: 25
INFO:root:pop fitness: 0.09777
INFO:root:elite fitness: 0.19332000000000002
INFO:root:Generation: 23
INFO:root:pop fitness: 0.10976
INFO:root:elite fitness: 0.21652000000000002
INFO:root:Generation: 26
INFO:root:pop fitness: 0.09777
INFO:root:elite fitness: 0.1931
INFO:root:Generation: 24
INFO:root:pop fitness: 0.11603999999999999
INFO:root:elite fitness: 0.27033999999999997
INFO:root:Generation: 27
INFO:root:pop fitness: 0.09113999999999998
INFO:root:elite fitness: 0.18134
INFO:root:Generation: 25
INFO:root:pop fitness: 0.09041000000000002
INFO:root:elite fitness: 0.21001999999999998
INFO:root:Generation: 28
INFO:root:pop fitness: 0.10089999999999998
INFO:root:elite fitness: 0.22888000000000003
INFO:root:Generation: 26
INFO:root:pop fitness: 0.11715
INFO:root:elite fitness: 0.27398
INFO:root:Generation: 29
INFO:root:pop fitness: 0.12846
INFO:root:elite fitness: 0.24126
INFO:root:Generation: 30
INFO:root:pop fitness: 0.11488999999999999
INFO:root:elite fitness: 0.23130000000000003
INFO:root:Generation: 27
INFO:root:pop fitness: 0.10395000000000001
INFO:root:elite fitness: 0.21011999999999997
INFO:root:Generation: 31
INFO:root:pop fitness: 0.10794999999999998
INFO:root:elite fitness: 0.22046
INFO:root:Generation: 28
INFO:root:pop fitness: 0.10770999999999999
INFO:root:elite fitness: 0.21925999999999998
INFO:root:Generation: 32
INFO:root:pop fitness: 0.09420999999999999
INFO:root:elite fitness: 0.20212
INFO:root:Generation: 29
INFO:root:pop fitness: 0.11788
INFO:root:elite fitness: 0.23042
INFO:root:Generation: 33
INFO:root:pop fitness: 0.12332000000000003
INFO:root:elite fitness: 0.25332
INFO:root:Generation: 30
INFO:root:pop fitness: 0.10670000000000002
INFO:root:elite fitness: 0.24658000000000002
INFO:root:Generation: 34
INFO:root:pop fitness: 0.10776000000000004
INFO:root:elite fitness: 0.24698
INFO:root:Generation: 31
INFO:root:pop fitness: 0.12161999999999999
INFO:root:elite fitness: 0.2444
INFO:root:Generation: 35
INFO:root:pop fitness: 0.13316999999999998
INFO:root:elite fitness: 0.23759999999999995
INFO:root:Generation: 32
INFO:root:pop fitness: 0.11178999999999999
INFO:root:elite fitness: 0.22558
INFO:root:Generation: 36
INFO:root:pop fitness: 0.11420000000000002
INFO:root:elite fitness: 0.2308
INFO:root:Generation: 33
INFO:root:pop fitness: 0.10998000000000002
INFO:root:elite fitness: 0.22800000000000004
INFO:root:Generation: 37
INFO:root:pop fitness: 0.11213999999999999
INFO:root:elite fitness: 0.20994000000000004
INFO:root:Generation: 34
INFO:root:pop fitness: 0.12053000000000003
INFO:root:elite fitness: 0.23354
INFO:root:Generation: 38
INFO:root:pop fitness: 0.12061000000000002
INFO:root:elite fitness: 0.25318
INFO:root:Generation: 35
INFO:root:pop fitness: 0.12148999999999999
INFO:root:elite fitness: 0.23138000000000003
INFO:root:Generation: 39
INFO:root:pop fitness: 0.1286
INFO:root:elite fitness: 0.26272
INFO:root:Generation: 40
INFO:root:pop fitness: 0.11674000000000001
INFO:root:elite fitness: 0.24785999999999994
INFO:root:Generation: 36
INFO:root:pop fitness: 0.11630000000000001
INFO:root:elite fitness: 0.23678000000000002
INFO:root:Generation: 41
INFO:root:pop fitness: 0.10667000000000001
INFO:root:elite fitness: 0.2079
INFO:root:Generation: 37
INFO:root:pop fitness: 0.11501000000000001
INFO:root:elite fitness: 0.22726
INFO:root:Generation: 42
INFO:root:pop fitness: 0.10568
INFO:root:elite fitness: 0.21838000000000002
INFO:root:Generation: 38
INFO:root:pop fitness: 0.13144999999999998
INFO:root:elite fitness: 0.28624000000000005
INFO:root:Generation: 43
INFO:root:pop fitness: 0.10397999999999998
INFO:root:elite fitness: 0.22466
INFO:root:Generation: 39
INFO:root:pop fitness: 0.12994999999999998
INFO:root:elite fitness: 0.2394
INFO:root:Generation: 44
INFO:root:pop fitness: 0.12007
INFO:root:elite fitness: 0.23196000000000003
INFO:root:Generation: 40
INFO:root:pop fitness: 0.11659000000000003
INFO:root:elite fitness: 0.24782
INFO:root:Generation: 45
INFO:root:pop fitness: 0.13435
INFO:root:elite fitness: 0.24242000000000005
INFO:root:Generation: 41
INFO:root:pop fitness: 0.10148
INFO:root:elite fitness: 0.20162000000000002
INFO:root:Generation: 46
INFO:root:pop fitness: 0.10810000000000003
INFO:root:elite fitness: 0.19882000000000002
INFO:root:Generation: 42
INFO:root:pop fitness: 0.12260000000000001
INFO:root:elite fitness: 0.23616
INFO:root:Generation: 47
INFO:root:pop fitness: 0.12312
INFO:root:elite fitness: 0.26136000000000004
INFO:root:Generation: 43
INFO:root:pop fitness: 0.12146000000000001
INFO:root:elite fitness: 0.24275999999999998
INFO:root:Generation: 48
INFO:root:pop fitness: 0.12689000000000003
INFO:root:elite fitness: 0.2391
INFO:root:Generation: 44
INFO:root:pop fitness: 0.11927
INFO:root:elite fitness: 0.25826
INFO:root:Generation: 49
INFO:root:pop fitness: 0.12104999999999999
INFO:root:elite fitness: 0.2257
INFO:root:Generation: 50
INFO:root:pop fitness: 0.10857000000000001
INFO:root:elite fitness: 0.24103999999999995
INFO:root:Generation: 45
INFO:root:pop fitness: 0.11787999999999998
INFO:root:elite fitness: 0.21558000000000002
INFO:root:Generation: 51
INFO:root:pop fitness: 0.11805
INFO:root:elite fitness: 0.23224
INFO:root:Generation: 46
INFO:root:pop fitness: 0.12567
INFO:root:elite fitness: 0.24802
INFO:root:Generation: 52
INFO:root:pop fitness: 0.1393
INFO:root:elite fitness: 0.2965
INFO:root:Generation: 47
INFO:root:pop fitness: 0.12524000000000002
INFO:root:elite fitness: 0.24322
INFO:root:Generation: 53
INFO:root:pop fitness: 0.12872
INFO:root:elite fitness: 0.24368
INFO:root:Generation: 48
INFO:root:pop fitness: 0.14877
INFO:root:elite fitness: 0.27678
INFO:root:Generation: 54
INFO:root:pop fitness: 0.11789
INFO:root:elite fitness: 0.24494
INFO:root:Generation: 49
INFO:root:pop fitness: 0.13212000000000002
INFO:root:elite fitness: 0.24524
INFO:root:Generation: 55
INFO:root:pop fitness: 0.13676
INFO:root:elite fitness: 0.25836
INFO:root:Generation: 50
INFO:root:pop fitness: 0.10651999999999999
INFO:root:elite fitness: 0.21212
INFO:root:Generation: 56
INFO:root:pop fitness: 0.12663999999999997
INFO:root:elite fitness: 0.26005999999999996
INFO:root:Generation: 51
INFO:root:pop fitness: 0.11937000000000002
INFO:root:elite fitness: 0.22782
INFO:root:Generation: 57
INFO:root:pop fitness: 0.1461
INFO:root:elite fitness: 0.25972
INFO:root:Generation: 52
INFO:root:pop fitness: 0.12028
INFO:root:elite fitness: 0.25114
INFO:root:Generation: 58
INFO:root:pop fitness: 0.13468000000000002
INFO:root:elite fitness: 0.22662000000000002
INFO:root:Generation: 53
INFO:root:pop fitness: 0.10774999999999998
INFO:root:elite fitness: 0.24131999999999998
INFO:root:Generation: 59
INFO:root:pop fitness: 0.14171
INFO:root:elite fitness: 0.26272
INFO:root:Generation: 60
INFO:root:pop fitness: 0.15163000000000001
INFO:root:elite fitness: 0.30002
INFO:root:Generation: 54
INFO:root:pop fitness: 0.12466999999999999
INFO:root:elite fitness: 0.24636000000000002
INFO:root:Generation: 61
INFO:root:pop fitness: 0.13304
INFO:root:elite fitness: 0.21434
INFO:root:Generation: 55
INFO:root:pop fitness: 0.11293000000000002
INFO:root:elite fitness: 0.24450000000000002
INFO:root:Generation: 62
INFO:root:pop fitness: 0.13363
INFO:root:elite fitness: 0.2565
INFO:root:Generation: 56
INFO:root:pop fitness: 0.13538
INFO:root:elite fitness: 0.23708
INFO:root:Generation: 63
INFO:root:pop fitness: 0.13551
INFO:root:elite fitness: 0.26396000000000003
INFO:root:Generation: 57
INFO:root:pop fitness: 0.11732999999999999
INFO:root:elite fitness: 0.21342
INFO:root:Generation: 64
INFO:root:pop fitness: 0.13939999999999997
INFO:root:elite fitness: 0.28522000000000003
INFO:root:Generation: 58
INFO:root:pop fitness: 0.12780000000000002
INFO:root:elite fitness: 0.26380000000000003
INFO:root:Generation: 65
INFO:root:pop fitness: 0.13479000000000002
INFO:root:elite fitness: 0.24195999999999998
INFO:root:Generation: 59
INFO:root:pop fitness: 0.13182
INFO:root:elite fitness: 0.24721999999999997
INFO:root:Generation: 66
INFO:root:pop fitness: 0.1525
INFO:root:elite fitness: 0.25758000000000003
INFO:root:Generation: 60
INFO:root:pop fitness: 0.13124
INFO:root:elite fitness: 0.24198
INFO:root:Generation: 67
INFO:root:pop fitness: 0.14628
INFO:root:elite fitness: 0.295
INFO:root:Generation: 61
INFO:root:pop fitness: 0.11255999999999998
INFO:root:elite fitness: 0.22715999999999997
INFO:root:Generation: 68
INFO:root:pop fitness: 0.15469000000000002
INFO:root:elite fitness: 0.2675
INFO:root:Generation: 62
INFO:root:pop fitness: 0.11832999999999999
INFO:root:elite fitness: 0.22694
INFO:root:Generation: 69
INFO:root:pop fitness: 0.14201999999999998
INFO:root:elite fitness: 0.31042000000000003
INFO:root:Generation: 70
INFO:root:pop fitness: 0.14945
INFO:root:elite fitness: 0.26366
INFO:root:Generation: 63
INFO:root:pop fitness: 0.12085000000000001
INFO:root:elite fitness: 0.22918000000000002
INFO:root:Generation: 71
INFO:root:pop fitness: 0.15925
INFO:root:elite fitness: 0.28981999999999997
INFO:root:Generation: 64
INFO:root:pop fitness: 0.14006
INFO:root:elite fitness: 0.25461999999999996
INFO:root:Generation: 72
INFO:root:pop fitness: 0.15939
INFO:root:elite fitness: 0.32716
INFO:root:Generation: 65
INFO:root:pop fitness: 0.12524000000000002
INFO:root:elite fitness: 0.23934
INFO:root:Generation: 73
INFO:root:pop fitness: 0.16864000000000004
INFO:root:elite fitness: 0.35312
INFO:root:Generation: 66
INFO:root:pop fitness: 0.12229
INFO:root:elite fitness: 0.2237
INFO:root:Generation: 74
INFO:root:pop fitness: 0.17653000000000002
INFO:root:elite fitness: 0.302
INFO:root:Generation: 67
INFO:root:pop fitness: 0.11556999999999999
INFO:root:elite fitness: 0.22286
INFO:root:Generation: 75
INFO:root:pop fitness: 0.16998000000000005
INFO:root:elite fitness: 0.29863999999999996
INFO:root:Generation: 68
INFO:root:pop fitness: 0.11721
INFO:root:elite fitness: 0.228
INFO:root:Generation: 76
INFO:root:pop fitness: 0.15082
INFO:root:elite fitness: 0.26649999999999996
INFO:root:Generation: 69
INFO:root:pop fitness: 0.12036999999999999
INFO:root:elite fitness: 0.22962
INFO:root:Generation: 77
INFO:root:pop fitness: 0.14079
INFO:root:elite fitness: 0.28444
INFO:root:Generation: 70
INFO:root:pop fitness: 0.15051
INFO:root:elite fitness: 0.27488
INFO:root:Generation: 78
INFO:root:pop fitness: 0.14464
INFO:root:elite fitness: 0.25860000000000005
INFO:root:Generation: 79
INFO:root:pop fitness: 0.14332999999999999
INFO:root:elite fitness: 0.26022
INFO:root:Generation: 71
INFO:root:pop fitness: 0.13314
INFO:root:elite fitness: 0.2563
INFO:root:Generation: 80
INFO:root:pop fitness: 0.14752
INFO:root:elite fitness: 0.26932
INFO:root:Generation: 72
INFO:root:pop fitness: 0.13072
INFO:root:elite fitness: 0.24081999999999998
INFO:root:Generation: 81
INFO:root:pop fitness: 0.13715000000000002
INFO:root:elite fitness: 0.26926
INFO:root:Generation: 73
INFO:root:pop fitness: 0.1293
INFO:root:elite fitness: 0.24734
INFO:root:Generation: 82
INFO:root:pop fitness: 0.13855
INFO:root:elite fitness: 0.29468
INFO:root:Generation: 74
INFO:root:pop fitness: 0.13224
INFO:root:elite fitness: 0.23081999999999997
INFO:root:Generation: 83
INFO:root:pop fitness: 0.13163000000000002
INFO:root:elite fitness: 0.26148
INFO:root:Generation: 75
INFO:root:pop fitness: 0.1303
INFO:root:elite fitness: 0.23935999999999996
INFO:root:Generation: 84
INFO:root:pop fitness: 0.12344000000000001
INFO:root:elite fitness: 0.24126
INFO:root:Generation: 76
INFO:root:pop fitness: 0.12745
INFO:root:elite fitness: 0.27066
INFO:root:Generation: 85
INFO:root:pop fitness: 0.14931000000000003
INFO:root:elite fitness: 0.31446
INFO:root:Generation: 77
INFO:root:pop fitness: 0.13462
INFO:root:elite fitness: 0.28547999999999996
INFO:root:Generation: 86
INFO:root:pop fitness: 0.13540000000000002
INFO:root:elite fitness: 0.28148
INFO:root:Generation: 78
INFO:root:pop fitness: 0.13274999999999998
INFO:root:elite fitness: 0.2568
INFO:root:Generation: 87
INFO:root:pop fitness: 0.12723
INFO:root:elite fitness: 0.25498
INFO:root:Generation: 79
INFO:root:pop fitness: 0.1399
INFO:root:elite fitness: 0.28850000000000003
INFO:root:Generation: 88
INFO:root:pop fitness: 0.12819000000000003
INFO:root:elite fitness: 0.24710000000000004
INFO:root:Generation: 80
INFO:root:pop fitness: 0.13351000000000002
INFO:root:elite fitness: 0.2734
INFO:root:Generation: 89
INFO:root:pop fitness: 0.13632
INFO:root:elite fitness: 0.2852
INFO:root:Generation: 90
INFO:root:pop fitness: 0.13668000000000002
INFO:root:elite fitness: 0.26282000000000005
INFO:root:Generation: 81
INFO:root:pop fitness: 0.14489000000000002
INFO:root:elite fitness: 0.27206
INFO:root:Generation: 91
INFO:root:pop fitness: 0.14926
INFO:root:elite fitness: 0.29188
INFO:root:Generation: 82
INFO:root:pop fitness: 0.13652
INFO:root:elite fitness: 0.2832
INFO:root:Generation: 92
INFO:root:pop fitness: 0.13645
INFO:root:elite fitness: 0.2725
INFO:root:Generation: 83
INFO:root:pop fitness: 0.13488
INFO:root:elite fitness: 0.24974
INFO:root:Generation: 93
INFO:root:pop fitness: 0.13048
INFO:root:elite fitness: 0.23344
INFO:root:Generation: 84
INFO:root:pop fitness: 0.13296000000000002
INFO:root:elite fitness: 0.23120000000000002
INFO:root:Generation: 94
INFO:root:pop fitness: 0.13426
INFO:root:elite fitness: 0.25136
INFO:root:Generation: 85
INFO:root:pop fitness: 0.12578999999999999
INFO:root:elite fitness: 0.25181999999999993
INFO:root:Generation: 95
INFO:root:pop fitness: 0.13428
INFO:root:elite fitness: 0.26616
INFO:root:Generation: 86
INFO:root:pop fitness: 0.14317
INFO:root:elite fitness: 0.2736
INFO:root:Generation: 96
INFO:root:pop fitness: 0.13187
INFO:root:elite fitness: 0.2675
INFO:root:Generation: 87
INFO:root:pop fitness: 0.11558000000000002
INFO:root:elite fitness: 0.20675999999999997
INFO:root:Generation: 97
INFO:root:pop fitness: 0.15004
INFO:root:elite fitness: 0.28547999999999996
INFO:root:Generation: 88
INFO:root:pop fitness: 0.12339000000000003
INFO:root:elite fitness: 0.23206000000000004
INFO:root:Generation: 98
INFO:root:pop fitness: 0.16305
INFO:root:elite fitness: 0.29804
INFO:root:Generation: 99
INFO:root:pop fitness: 0.15272000000000002
INFO:root:elite fitness: 0.28098
INFO:root:Generation: 89
INFO:root:pop fitness: 0.12301000000000001
INFO:root:elite fitness: 0.24091999999999994
INFO:root:Generation: 100
INFO:root:pop fitness: 0.14095
INFO:root:elite fitness: 0.26032000000000005
INFO:root:Generation: 90
INFO:root:pop fitness: 0.12821
INFO:root:elite fitness: 0.27466
INFO:root:Generation: 101
INFO:root:pop fitness: 0.15841999999999998
INFO:root:elite fitness: 0.27306
INFO:root:Generation: 91
INFO:root:pop fitness: 0.12264999999999998
INFO:root:elite fitness: 0.24183999999999997
INFO:root:Generation: 102
INFO:root:pop fitness: 0.16539
INFO:root:elite fitness: 0.2932
INFO:root:Generation: 92
INFO:root:pop fitness: 0.12021000000000003
INFO:root:elite fitness: 0.2551
INFO:root:Generation: 103
INFO:root:pop fitness: 0.15018000000000004
INFO:root:elite fitness: 0.28008000000000005
INFO:root:Generation: 93
INFO:root:pop fitness: 0.12503999999999998
INFO:root:elite fitness: 0.25706
INFO:root:Generation: 104
INFO:root:pop fitness: 0.14200000000000002
INFO:root:elite fitness: 0.25877999999999995
INFO:root:Generation: 94
INFO:root:pop fitness: 0.1211
INFO:root:elite fitness: 0.24171999999999996
INFO:root:Generation: 105
INFO:root:pop fitness: 0.14504
INFO:root:elite fitness: 0.25932
INFO:root:Generation: 95
INFO:root:pop fitness: 0.13615
INFO:root:elite fitness: 0.26214
INFO:root:Generation: 106
INFO:root:pop fitness: 0.16056
INFO:root:elite fitness: 0.29382
INFO:root:Generation: 96
INFO:root:pop fitness: 0.12220999999999999
INFO:root:elite fitness: 0.23830000000000007
INFO:root:Generation: 107
INFO:root:pop fitness: 0.17247000000000004
INFO:root:elite fitness: 0.32187999999999994
INFO:root:Generation: 97
INFO:root:pop fitness: 0.13693000000000002
INFO:root:elite fitness: 0.27237999999999996
INFO:root:Generation: 108
INFO:root:pop fitness: 0.16294
INFO:root:elite fitness: 0.2968
INFO:root:Generation: 109
INFO:root:pop fitness: 0.15494000000000002
INFO:root:elite fitness: 0.26783999999999997
INFO:root:Generation: 98
INFO:root:pop fitness: 0.13727999999999999
INFO:root:elite fitness: 0.274
INFO:root:Generation: 110
INFO:root:pop fitness: 0.15969
INFO:root:elite fitness: 0.29512
INFO:root:Generation: 99
INFO:root:pop fitness: 0.13241
INFO:root:elite fitness: 0.27868
INFO:root:Generation: 111
INFO:root:pop fitness: 0.15292
INFO:root:elite fitness: 0.27068
INFO:root:Generation: 100
INFO:root:pop fitness: 0.13547
INFO:root:elite fitness: 0.27014000000000005
INFO:root:Generation: 112
INFO:root:pop fitness: 0.14492000000000002
INFO:root:elite fitness: 0.27974000000000004
INFO:root:Generation: 101
INFO:root:pop fitness: 0.13552
INFO:root:elite fitness: 0.27134
INFO:root:Generation: 113
INFO:root:pop fitness: 0.14099000000000003
INFO:root:elite fitness: 0.24458
INFO:root:Generation: 102
INFO:root:pop fitness: 0.13944
INFO:root:elite fitness: 0.27502
INFO:root:Generation: 114
INFO:root:pop fitness: 0.14427
INFO:root:elite fitness: 0.2515
INFO:root:Generation: 103
INFO:root:pop fitness: 0.15836999999999998
INFO:root:elite fitness: 0.29309999999999997
INFO:root:Generation: 115
INFO:root:pop fitness: 0.15686
INFO:root:elite fitness: 0.31395999999999996
INFO:root:Generation: 104
INFO:root:pop fitness: 0.13812000000000002
INFO:root:elite fitness: 0.31016
INFO:root:Generation: 116
INFO:root:pop fitness: 0.14198
INFO:root:elite fitness: 0.27172
INFO:root:Generation: 105
INFO:root:pop fitness: 0.15108
INFO:root:elite fitness: 0.28904
INFO:root:Generation: 117
INFO:root:pop fitness: 0.13493
INFO:root:elite fitness: 0.264
INFO:root:Generation: 106
INFO:root:pop fitness: 0.13144999999999998
INFO:root:elite fitness: 0.2372
INFO:root:Generation: 118
INFO:root:pop fitness: 0.13181999999999996
INFO:root:elite fitness: 0.24868
INFO:root:Generation: 119
INFO:root:pop fitness: 0.14378999999999997
INFO:root:elite fitness: 0.2698
INFO:root:Generation: 107
INFO:root:pop fitness: 0.11179
INFO:root:elite fitness: 0.23167999999999997
INFO:root:Generation: 120
INFO:root:pop fitness: 0.15566000000000002
INFO:root:elite fitness: 0.27693999999999996
INFO:root:Generation: 108
INFO:root:pop fitness: 0.11585
INFO:root:elite fitness: 0.23534000000000002
INFO:root:Generation: 121
INFO:root:pop fitness: 0.12938
INFO:root:elite fitness: 0.23937999999999995
INFO:root:Generation: 109
INFO:root:pop fitness: 0.1371
INFO:root:elite fitness: 0.2858
INFO:root:Generation: 122
INFO:root:pop fitness: 0.14471
INFO:root:elite fitness: 0.27104
INFO:root:Generation: 110
INFO:root:pop fitness: 0.15659
INFO:root:elite fitness: 0.29279999999999995
INFO:root:Generation: 123
INFO:root:pop fitness: 0.13512000000000002
INFO:root:elite fitness: 0.25184000000000006
INFO:root:Generation: 111
INFO:root:pop fitness: 0.14691
INFO:root:elite fitness: 0.25727999999999995
INFO:root:Generation: 124
INFO:root:pop fitness: 0.14461000000000002
INFO:root:elite fitness: 0.28286
INFO:root:Generation: 112
INFO:root:pop fitness: 0.12885
INFO:root:elite fitness: 0.31944
INFO:root:Generation: 125
INFO:root:pop fitness: 0.15121
INFO:root:elite fitness: 0.27538
INFO:root:Generation: 113
INFO:root:pop fitness: 0.12954999999999997
INFO:root:elite fitness: 0.25598
INFO:root:Generation: 126
INFO:root:pop fitness: 0.14637
INFO:root:elite fitness: 0.27880000000000005
INFO:root:Generation: 114
INFO:root:pop fitness: 0.13826
INFO:root:elite fitness: 0.28086
INFO:root:Generation: 127
INFO:root:pop fitness: 0.16909000000000002
INFO:root:elite fitness: 0.312
INFO:root:Generation: 115
INFO:root:pop fitness: 0.13841
INFO:root:elite fitness: 0.27988
INFO:root:Generation: 128
INFO:root:pop fitness: 0.15108000000000005
INFO:root:elite fitness: 0.30732
INFO:root:Generation: 129
INFO:root:pop fitness: 0.15885000000000002
INFO:root:elite fitness: 0.30968
INFO:root:Generation: 116
INFO:root:pop fitness: 0.13879
INFO:root:elite fitness: 0.26106
INFO:root:Generation: 130
INFO:root:pop fitness: 0.12657000000000002
INFO:root:elite fitness: 0.2602
INFO:root:Generation: 117
INFO:root:pop fitness: 0.12597999999999998
INFO:root:elite fitness: 0.24599999999999997
INFO:root:Generation: 131
INFO:root:pop fitness: 0.13714
INFO:root:elite fitness: 0.25482
INFO:root:Generation: 118
INFO:root:pop fitness: 0.13901
INFO:root:elite fitness: 0.2877
INFO:root:Generation: 132
INFO:root:pop fitness: 0.13861
INFO:root:elite fitness: 0.28588
INFO:root:Generation: 119
INFO:root:pop fitness: 0.13707
INFO:root:elite fitness: 0.27233999999999997
INFO:root:Generation: 133
INFO:root:pop fitness: 0.14005
INFO:root:elite fitness: 0.25368
INFO:root:Generation: 120
INFO:root:pop fitness: 0.14357
INFO:root:elite fitness: 0.26215999999999995
INFO:root:Generation: 134
INFO:root:pop fitness: 0.14064
INFO:root:elite fitness: 0.27274
INFO:root:Generation: 121
INFO:root:pop fitness: 0.14909
INFO:root:elite fitness: 0.30382000000000003
INFO:root:Generation: 135
INFO:root:pop fitness: 0.12314000000000001
INFO:root:elite fitness: 0.2631
INFO:root:Generation: 122
INFO:root:pop fitness: 0.14931
INFO:root:elite fitness: 0.27724
INFO:root:Generation: 136
INFO:root:pop fitness: 0.13323000000000002
INFO:root:elite fitness: 0.27002000000000004
INFO:root:Generation: 123
INFO:root:pop fitness: 0.13462000000000005
INFO:root:elite fitness: 0.26156
INFO:root:Generation: 137
INFO:root:pop fitness: 0.15485
INFO:root:elite fitness: 0.301
INFO:root:Generation: 124
INFO:root:pop fitness: 0.14011
INFO:root:elite fitness: 0.29678
INFO:root:Generation: 138
INFO:root:pop fitness: 0.13362999999999997
INFO:root:elite fitness: 0.26389999999999997
INFO:root:Generation: 139
INFO:root:pop fitness: 0.15849
INFO:root:elite fitness: 0.28028000000000003
INFO:root:Generation: 125
INFO:root:pop fitness: 0.14824
INFO:root:elite fitness: 0.28744000000000003
INFO:root:Generation: 140
INFO:root:pop fitness: 0.17003000000000004
INFO:root:elite fitness: 0.29302
INFO:root:Generation: 126
INFO:root:pop fitness: 0.12664999999999998
INFO:root:elite fitness: 0.25018
INFO:root:Generation: 141
INFO:root:pop fitness: 0.15928
INFO:root:elite fitness: 0.27974
INFO:root:Generation: 127
INFO:root:pop fitness: 0.14105
INFO:root:elite fitness: 0.28146
INFO:root:Generation: 142
INFO:root:pop fitness: 0.15762
INFO:root:elite fitness: 0.29096
INFO:root:Generation: 128
INFO:root:pop fitness: 0.14783000000000002
INFO:root:elite fitness: 0.29078000000000004
INFO:root:Generation: 143
INFO:root:pop fitness: 0.14479999999999998
INFO:root:elite fitness: 0.28519999999999995
INFO:root:Generation: 129
INFO:root:pop fitness: 0.15061000000000002
INFO:root:elite fitness: 0.2999
INFO:root:Generation: 144
INFO:root:pop fitness: 0.1498
INFO:root:elite fitness: 0.30442
INFO:root:Generation: 130
INFO:root:pop fitness: 0.15886
INFO:root:elite fitness: 0.29608000000000007
INFO:root:Generation: 145
INFO:root:pop fitness: 0.15104000000000004
INFO:root:elite fitness: 0.27084
INFO:root:Generation: 131
INFO:root:pop fitness: 0.14709
INFO:root:elite fitness: 0.2951
INFO:root:Generation: 146
INFO:root:pop fitness: 0.14168
INFO:root:elite fitness: 0.28021999999999997
INFO:root:Generation: 132
INFO:root:pop fitness: 0.16828999999999997
INFO:root:elite fitness: 0.28278000000000003
INFO:root:Generation: 147
INFO:root:pop fitness: 0.13323000000000002
INFO:root:elite fitness: 0.27764
INFO:root:Generation: 133
INFO:root:pop fitness: 0.17485000000000003
INFO:root:elite fitness: 0.29741999999999996
INFO:root:Generation: 148
INFO:root:pop fitness: 0.13232999999999998
INFO:root:elite fitness: 0.26554
INFO:root:Generation: 149
INFO:root:pop fitness: 0.13869
INFO:root:elite fitness: 0.25921999999999995
INFO:root:Generation: 134
INFO:root:pop fitness: 0.16108
INFO:root:elite fitness: 0.31773999999999997
INFO:root:Generation: 150
INFO:root:pop fitness: 0.14517000000000002
INFO:root:elite fitness: 0.27582
INFO:root:Generation: 135
INFO:root:pop fitness: 0.16831000000000007
INFO:root:elite fitness: 0.29696
INFO:root:Generation: 151
INFO:root:pop fitness: 0.13899999999999998
INFO:root:elite fitness: 0.25958000000000003
INFO:root:Generation: 136
INFO:root:pop fitness: 0.15361999999999998
INFO:root:elite fitness: 0.28352
INFO:root:Generation: 152
INFO:root:pop fitness: 0.12125
INFO:root:elite fitness: 0.22574000000000002
INFO:root:Generation: 137
INFO:root:pop fitness: 0.17808
INFO:root:elite fitness: 0.30694
INFO:root:Generation: 153
INFO:root:pop fitness: 0.14414
INFO:root:elite fitness: 0.29546
INFO:root:Generation: 138
INFO:root:pop fitness: 0.16472
INFO:root:elite fitness: 0.30951999999999996
INFO:root:Generation: 154
INFO:root:pop fitness: 0.13978
INFO:root:elite fitness: 0.25820000000000004
INFO:root:Generation: 139
INFO:root:pop fitness: 0.13662
INFO:root:elite fitness: 0.24718
INFO:root:Generation: 155
INFO:root:pop fitness: 0.14045
INFO:root:elite fitness: 0.26456
INFO:root:Generation: 140
INFO:root:pop fitness: 0.14572000000000002
INFO:root:elite fitness: 0.26496000000000003
INFO:root:Generation: 156
INFO:root:pop fitness: 0.14084000000000002
INFO:root:elite fitness: 0.26686
INFO:root:Generation: 141
INFO:root:pop fitness: 0.15506
INFO:root:elite fitness: 0.29054
INFO:root:Generation: 157
INFO:root:pop fitness: 0.13854999999999998
INFO:root:elite fitness: 0.2712399999999999
INFO:root:Generation: 142
INFO:root:pop fitness: 0.15744
INFO:root:elite fitness: 0.32276000000000005
INFO:root:Generation: 158
INFO:root:pop fitness: 0.13414
INFO:root:elite fitness: 0.2981
INFO:root:Generation: 143
INFO:root:pop fitness: 0.16853
INFO:root:elite fitness: 0.30006
INFO:root:Generation: 159
INFO:root:pop fitness: 0.13130999999999998
INFO:root:elite fitness: 0.25401999999999997
INFO:root:Generation: 160
INFO:root:pop fitness: 0.1512
INFO:root:elite fitness: 0.32983999999999997
INFO:root:Generation: 144
INFO:root:pop fitness: 0.16238999999999998
INFO:root:elite fitness: 0.29403999999999997
INFO:root:Generation: 161
INFO:root:pop fitness: 0.17311999999999997
INFO:root:elite fitness: 0.3345
INFO:root:Generation: 145
INFO:root:pop fitness: 0.15183
INFO:root:elite fitness: 0.26358
INFO:root:Generation: 162
INFO:root:pop fitness: 0.16296
INFO:root:elite fitness: 0.32456
INFO:root:Generation: 146
INFO:root:pop fitness: 0.15825
INFO:root:elite fitness: 0.29696
INFO:root:Generation: 163
INFO:root:pop fitness: 0.13347
INFO:root:elite fitness: 0.273
INFO:root:Generation: 147
INFO:root:pop fitness: 0.14309
INFO:root:elite fitness: 0.24619999999999997
INFO:root:Generation: 164
INFO:root:pop fitness: 0.13356
INFO:root:elite fitness: 0.28408
INFO:root:Generation: 148
INFO:root:pop fitness: 0.14295
INFO:root:elite fitness: 0.32232
INFO:root:Generation: 165
INFO:root:pop fitness: 0.14841
INFO:root:elite fitness: 0.2873200000000001
INFO:root:Generation: 149
INFO:root:pop fitness: 0.15694
INFO:root:elite fitness: 0.309
INFO:root:Generation: 166
INFO:root:pop fitness: 0.13030000000000003
INFO:root:elite fitness: 0.26738
INFO:root:Generation: 150
INFO:root:pop fitness: 0.14122999999999997
INFO:root:elite fitness: 0.26842
INFO:root:Generation: 167
INFO:root:pop fitness: 0.14045000000000002
INFO:root:elite fitness: 0.26911999999999997
INFO:root:Generation: 151
INFO:root:pop fitness: 0.15574
INFO:root:elite fitness: 0.26764
INFO:root:Generation: 168
INFO:root:pop fitness: 0.139
INFO:root:elite fitness: 0.24624000000000001
INFO:root:Generation: 169
INFO:root:pop fitness: 0.13427
INFO:root:elite fitness: 0.27416
INFO:root:Generation: 152
INFO:root:pop fitness: 0.15886000000000003
INFO:root:elite fitness: 0.3101
INFO:root:Generation: 170
INFO:root:pop fitness: 0.13967999999999997
INFO:root:elite fitness: 0.27178
INFO:root:Generation: 153
INFO:root:pop fitness: 0.14612000000000003
INFO:root:elite fitness: 0.27554
INFO:root:Generation: 171
INFO:root:pop fitness: 0.12172999999999998
INFO:root:elite fitness: 0.23507999999999998
INFO:root:Generation: 154
INFO:root:pop fitness: 0.13967999999999997
INFO:root:elite fitness: 0.25002
INFO:root:Generation: 172
INFO:root:pop fitness: 0.13574
INFO:root:elite fitness: 0.2822
INFO:root:Generation: 155
INFO:root:pop fitness: 0.14969
INFO:root:elite fitness: 0.30468
INFO:root:Generation: 173
INFO:root:pop fitness: 0.13143999999999997
INFO:root:elite fitness: 0.2761
INFO:root:Generation: 156
INFO:root:pop fitness: 0.15598
INFO:root:elite fitness: 0.28542
INFO:root:Generation: 174
INFO:root:pop fitness: 0.14538
INFO:root:elite fitness: 0.27468
INFO:root:Generation: 157
INFO:root:pop fitness: 0.15457
INFO:root:elite fitness: 0.3077
INFO:root:Generation: 175
INFO:root:pop fitness: 0.15041
INFO:root:elite fitness: 0.27804
INFO:root:Generation: 158
INFO:root:pop fitness: 0.16021999999999997
INFO:root:elite fitness: 0.27642000000000005
INFO:root:Generation: 176
INFO:root:pop fitness: 0.13812000000000002
INFO:root:elite fitness: 0.31282
INFO:root:Generation: 159
INFO:root:pop fitness: 0.15694
INFO:root:elite fitness: 0.29906
INFO:root:Generation: 177
INFO:root:pop fitness: 0.15639
INFO:root:elite fitness: 0.29788
INFO:root:Generation: 160
INFO:root:pop fitness: 0.16400999999999996
INFO:root:elite fitness: 0.31386
INFO:root:Generation: 178
INFO:root:pop fitness: 0.1515
INFO:root:elite fitness: 0.26704
INFO:root:Generation: 179
INFO:root:pop fitness: 0.16391999999999998
INFO:root:elite fitness: 0.28874
INFO:root:Generation: 161
INFO:root:pop fitness: 0.15514999999999998
INFO:root:elite fitness: 0.29778
INFO:root:Generation: 180
INFO:root:pop fitness: 0.1612
INFO:root:elite fitness: 0.26512
INFO:root:Generation: 162
INFO:root:pop fitness: 0.14961
INFO:root:elite fitness: 0.26738
INFO:root:Generation: 181
INFO:root:pop fitness: 0.13595000000000002
INFO:root:elite fitness: 0.26394
INFO:root:Generation: 163
INFO:root:pop fitness: 0.17494999999999997
INFO:root:elite fitness: 0.33102000000000004
INFO:root:Generation: 182
INFO:root:pop fitness: 0.14061
INFO:root:elite fitness: 0.28706000000000004
INFO:root:Generation: 164
INFO:root:pop fitness: 0.15444
INFO:root:elite fitness: 0.321
INFO:root:Generation: 183
INFO:root:pop fitness: 0.13683
INFO:root:elite fitness: 0.29802
INFO:root:Generation: 165
INFO:root:pop fitness: 0.15778999999999999
INFO:root:elite fitness: 0.33147999999999994
INFO:root:Generation: 184
INFO:root:pop fitness: 0.1418
INFO:root:elite fitness: 0.27802
INFO:root:Generation: 166
INFO:root:pop fitness: 0.18073
INFO:root:elite fitness: 0.3302399999999999
INFO:root:Generation: 185
INFO:root:pop fitness: 0.15691
INFO:root:elite fitness: 0.31666
INFO:root:Generation: 167
INFO:root:pop fitness: 0.15669
INFO:root:elite fitness: 0.2686
INFO:root:Generation: 186
INFO:root:pop fitness: 0.16329999999999997
INFO:root:elite fitness: 0.28369999999999995
INFO:root:Generation: 168
INFO:root:pop fitness: 0.16943000000000005
INFO:root:elite fitness: 0.3069
INFO:root:Generation: 187
INFO:root:pop fitness: 0.15377
INFO:root:elite fitness: 0.31389999999999996
INFO:root:Generation: 188
INFO:root:pop fitness: 0.17141000000000006
INFO:root:elite fitness: 0.28408
INFO:root:Generation: 169
INFO:root:pop fitness: 0.17512999999999998
INFO:root:elite fitness: 0.33238
INFO:root:Generation: 189
INFO:root:pop fitness: 0.16800000000000004
INFO:root:elite fitness: 0.30996
INFO:root:Generation: 170
INFO:root:pop fitness: 0.16337
INFO:root:elite fitness: 0.31168
INFO:root:Generation: 190
INFO:root:pop fitness: 0.16122
INFO:root:elite fitness: 0.28228000000000003
INFO:root:Generation: 171
INFO:root:pop fitness: 0.15688000000000002
INFO:root:elite fitness: 0.28476
INFO:root:Generation: 191
INFO:root:pop fitness: 0.16125
INFO:root:elite fitness: 0.29188000000000003
INFO:root:Generation: 172
INFO:root:pop fitness: 0.14483999999999997
INFO:root:elite fitness: 0.29236
INFO:root:Generation: 192
INFO:root:pop fitness: 0.18027
INFO:root:elite fitness: 0.33564
INFO:root:Generation: 173
INFO:root:pop fitness: 0.13709000000000002
INFO:root:elite fitness: 0.28378
INFO:root:Generation: 193
INFO:root:pop fitness: 0.14697000000000002
INFO:root:elite fitness: 0.29139999999999994
INFO:root:Generation: 174
INFO:root:pop fitness: 0.16379000000000002
INFO:root:elite fitness: 0.30528
INFO:root:Generation: 194
INFO:root:pop fitness: 0.16428
INFO:root:elite fitness: 0.28748
INFO:root:Generation: 175
INFO:root:pop fitness: 0.17366000000000004
INFO:root:elite fitness: 0.32112
INFO:root:Generation: 195
INFO:root:pop fitness: 0.13745000000000002
INFO:root:elite fitness: 0.2483
INFO:root:Generation: 176
INFO:root:pop fitness: 0.15355999999999997
INFO:root:elite fitness: 0.30006
INFO:root:Generation: 196
INFO:root:pop fitness: 0.17565000000000006
INFO:root:elite fitness: 0.37038000000000004
INFO:root:Generation: 177
INFO:root:pop fitness: 0.16230999999999998
INFO:root:elite fitness: 0.28765999999999997
INFO:root:Generation: 197
INFO:root:pop fitness: 0.1642
INFO:root:elite fitness: 0.32280000000000003
INFO:root:Generation: 198
INFO:root:pop fitness: 0.17013999999999999
INFO:root:elite fitness: 0.2933
INFO:root:Generation: 178
INFO:root:pop fitness: 0.1637
INFO:root:elite fitness: 0.35353999999999997
INFO:root:Generation: 199
INFO:root:pop fitness: 0.16025000000000003
INFO:root:elite fitness: 0.32348
INFO:root:Generation: 179
INFO:root:pop fitness: 0.17254000000000003
INFO:root:elite fitness: 0.30074
INFO:root:Generation: 180
INFO:root:pop fitness: 0.16461000000000003
INFO:root:elite fitness: 0.32104
INFO:root:Generation: 181
INFO:root:pop fitness: 0.14874
INFO:root:elite fitness: 0.27732
INFO:root:Generation: 182
INFO:root:pop fitness: 0.13406
INFO:root:elite fitness: 0.27492
INFO:root:Generation: 183
INFO:root:pop fitness: 0.1298
INFO:root:elite fitness: 0.25896
INFO:root:Generation: 184
INFO:root:pop fitness: 0.16267000000000004
INFO:root:elite fitness: 0.30844
INFO:root:Generation: 185
INFO:root:pop fitness: 0.13462
INFO:root:elite fitness: 0.2962
INFO:root:Generation: 186
INFO:root:pop fitness: 0.16484999999999997
INFO:root:elite fitness: 0.35651999999999995
INFO:root:Generation: 187
INFO:root:pop fitness: 0.16953000000000004
INFO:root:elite fitness: 0.32
INFO:root:Generation: 188
INFO:root:pop fitness: 0.18336000000000002
INFO:root:elite fitness: 0.33246000000000003
INFO:root:Generation: 189
INFO:root:pop fitness: 0.18919999999999998
INFO:root:elite fitness: 0.3561599999999999
INFO:root:Generation: 190
INFO:root:pop fitness: 0.16556
INFO:root:elite fitness: 0.3021
INFO:root:Generation: 191
INFO:root:pop fitness: 0.16837
INFO:root:elite fitness: 0.32770000000000005
INFO:root:Generation: 192
INFO:root:pop fitness: 0.15735
INFO:root:elite fitness: 0.32524000000000003
INFO:root:Generation: 193
INFO:root:pop fitness: 0.1438
INFO:root:elite fitness: 0.28049999999999997
INFO:root:Generation: 194
INFO:root:pop fitness: 0.14484000000000002
INFO:root:elite fitness: 0.30885999999999997
INFO:root:Generation: 195
INFO:root:pop fitness: 0.15100000000000002
INFO:root:elite fitness: 0.30346000000000006
INFO:root:Generation: 196
INFO:root:pop fitness: 0.17002000000000003
INFO:root:elite fitness: 0.307
INFO:root:Generation: 197
INFO:root:pop fitness: 0.16638000000000006
INFO:root:elite fitness: 0.34098000000000006
INFO:root:Generation: 198
INFO:root:pop fitness: 0.16883000000000004
INFO:root:elite fitness: 0.31686
INFO:root:Generation: 199
INFO:root:pop fitness: 0.15028
INFO:root:elite fitness: 0.27642
