INFO:root:run_master: Namespace(arms='10', hidden='32', layers='1', max_gen='200', message='', mutation_mag='0.01', name='nonStationary_v1', noise=True, pop_size='150', save_result=True, trials='100')
INFO:root:run_master: Namespace(arms='10', hidden='32', layers='1', max_gen='200', message='', mutation_mag='0.01', name='nonStationary_v1', noise=False, pop_size='150', save_result=True, trials='100')
INFO:root:Generation: 0
INFO:root:pop fitness: 0.09892666666666666
INFO:root:elite fitness: 0.11086666666666666
INFO:root:Generation: 0
INFO:root:pop fitness: 0.09891333333333333
INFO:root:elite fitness: 0.10818666666666668
INFO:root:Generation: 1
INFO:root:pop fitness: 0.09924666666666666
INFO:root:elite fitness: 0.11188
INFO:root:Generation: 2
INFO:root:pop fitness: 0.09904
INFO:root:elite fitness: 0.12059999999999997
INFO:root:Generation: 1
INFO:root:pop fitness: 0.10149999999999998
INFO:root:elite fitness: 0.11501333333333333
INFO:root:Generation: 3
INFO:root:pop fitness: 0.10069333333333333
INFO:root:elite fitness: 0.12827999999999998
INFO:root:Generation: 2
INFO:root:pop fitness: 0.10096
INFO:root:elite fitness: 0.11825333333333335
INFO:root:Generation: 4
INFO:root:pop fitness: 0.10215333333333333
INFO:root:elite fitness: 0.12855999999999998
INFO:root:Generation: 5
INFO:root:pop fitness: 0.10444666666666667
INFO:root:elite fitness: 0.14429333333333333
INFO:root:Generation: 3
INFO:root:pop fitness: 0.09976
INFO:root:elite fitness: 0.12421333333333331
INFO:root:Generation: 6
INFO:root:pop fitness: 0.10292
INFO:root:elite fitness: 0.14307999999999998
INFO:root:Generation: 4
INFO:root:pop fitness: 0.10234666666666667
INFO:root:elite fitness: 0.13401333333333335
INFO:root:Generation: 7
INFO:root:pop fitness: 0.10764
INFO:root:elite fitness: 0.15440000000000004
INFO:root:Generation: 5
INFO:root:pop fitness: 0.09826666666666665
INFO:root:elite fitness: 0.13696
INFO:root:Generation: 8
INFO:root:pop fitness: 0.10403333333333332
INFO:root:elite fitness: 0.14836
INFO:root:Generation: 6
INFO:root:pop fitness: 0.10294000000000002
INFO:root:elite fitness: 0.14445333333333335
INFO:root:Generation: 9
INFO:root:pop fitness: 0.11040666666666667
INFO:root:elite fitness: 0.16208
INFO:root:Generation: 7
INFO:root:pop fitness: 0.10301333333333336
INFO:root:elite fitness: 0.14517333333333335
INFO:root:Generation: 10
INFO:root:pop fitness: 0.10859999999999999
INFO:root:elite fitness: 0.15653333333333333
INFO:root:Generation: 8
INFO:root:pop fitness: 0.10557333333333334
INFO:root:elite fitness: 0.16187999999999997
INFO:root:Generation: 11
INFO:root:pop fitness: 0.10640000000000001
INFO:root:elite fitness: 0.15992
INFO:root:Generation: 9
INFO:root:pop fitness: 0.10096
INFO:root:elite fitness: 0.14826666666666669
INFO:root:Generation: 12
INFO:root:pop fitness: 0.11197333333333333
INFO:root:elite fitness: 0.1692666666666667
INFO:root:Generation: 10
INFO:root:pop fitness: 0.10504000000000001
INFO:root:elite fitness: 0.15065333333333336
INFO:root:Generation: 13
INFO:root:pop fitness: 0.10938666666666665
INFO:root:elite fitness: 0.1686
INFO:root:Generation: 11
INFO:root:pop fitness: 0.10496000000000001
INFO:root:elite fitness: 0.15567999999999999
INFO:root:Generation: 14
INFO:root:pop fitness: 0.11177999999999999
INFO:root:elite fitness: 0.1762666666666667
INFO:root:Generation: 12
INFO:root:pop fitness: 0.10814000000000003
INFO:root:elite fitness: 0.15925333333333336
INFO:root:Generation: 15
INFO:root:pop fitness: 0.11818000000000001
INFO:root:elite fitness: 0.17976
INFO:root:Generation: 16
INFO:root:pop fitness: 0.11606666666666667
INFO:root:elite fitness: 0.18518666666666667
INFO:root:Generation: 13
INFO:root:pop fitness: 0.10985333333333334
INFO:root:elite fitness: 0.17878666666666668
INFO:root:Generation: 17
INFO:root:pop fitness: 0.11446666666666667
INFO:root:elite fitness: 0.16945333333333334
INFO:root:Generation: 14
INFO:root:pop fitness: 0.10255999999999998
INFO:root:elite fitness: 0.16645333333333337
INFO:root:Generation: 18
INFO:root:pop fitness: 0.11459333333333334
INFO:root:elite fitness: 0.18454666666666664
INFO:root:Generation: 15
INFO:root:pop fitness: 0.11676000000000002
INFO:root:elite fitness: 0.19121333333333335
INFO:root:Generation: 19
INFO:root:pop fitness: 0.12721333333333334
INFO:root:elite fitness: 0.20390666666666668
INFO:root:Generation: 16
INFO:root:pop fitness: 0.12071333333333333
INFO:root:elite fitness: 0.18248
INFO:root:Generation: 17
INFO:root:pop fitness: 0.11465333333333333
INFO:root:elite fitness: 0.1829333333333333
INFO:root:Generation: 20
INFO:root:pop fitness: 0.11738
INFO:root:elite fitness: 0.17756
INFO:root:Generation: 18
INFO:root:pop fitness: 0.11233333333333334
INFO:root:elite fitness: 0.20415999999999998
INFO:root:Generation: 21
INFO:root:pop fitness: 0.11657333333333336
INFO:root:elite fitness: 0.21889333333333336
INFO:root:Generation: 19
INFO:root:pop fitness: 0.11741333333333334
INFO:root:elite fitness: 0.18304
INFO:root:Generation: 22
INFO:root:pop fitness: 0.11405333333333335
INFO:root:elite fitness: 0.17978666666666668
INFO:root:Generation: 20
INFO:root:pop fitness: 0.11903333333333331
INFO:root:elite fitness: 0.19112
INFO:root:Generation: 21
INFO:root:pop fitness: 0.10507333333333331
INFO:root:elite fitness: 0.17609333333333335
INFO:root:Generation: 23
INFO:root:pop fitness: 0.11298
INFO:root:elite fitness: 0.18861333333333336
INFO:root:Generation: 24
INFO:root:pop fitness: 0.11660666666666666
INFO:root:elite fitness: 0.19493333333333335
INFO:root:Generation: 22
INFO:root:pop fitness: 0.11748
INFO:root:elite fitness: 0.20933333333333332
INFO:root:Generation: 23
INFO:root:pop fitness: 0.1252533333333333
INFO:root:elite fitness: 0.21057333333333333
INFO:root:Generation: 24
INFO:root:pop fitness: 0.11874
INFO:root:elite fitness: 0.20186666666666667
INFO:root:Generation: 25
INFO:root:pop fitness: 0.11902000000000001
INFO:root:elite fitness: 0.21646666666666667
INFO:root:Generation: 25
INFO:root:pop fitness: 0.11895333333333333
INFO:root:elite fitness: 0.1903466666666667
INFO:root:Generation: 26
INFO:root:pop fitness: 0.12030666666666669
INFO:root:elite fitness: 0.19125333333333336
INFO:root:Generation: 26
INFO:root:pop fitness: 0.12169333333333336
INFO:root:elite fitness: 0.21144000000000002
INFO:root:Generation: 27
INFO:root:pop fitness: 0.12244
INFO:root:elite fitness: 0.19908
INFO:root:Generation: 27
INFO:root:pop fitness: 0.11568666666666667
INFO:root:elite fitness: 0.18809333333333336
INFO:root:Generation: 28
INFO:root:pop fitness: 0.11594666666666668
INFO:root:elite fitness: 0.19062666666666664
INFO:root:Generation: 28
INFO:root:pop fitness: 0.12084666666666669
INFO:root:elite fitness: 0.1997866666666667
INFO:root:Generation: 29
INFO:root:pop fitness: 0.12229999999999999
INFO:root:elite fitness: 0.2104
INFO:root:Generation: 29
INFO:root:pop fitness: 0.12844
INFO:root:elite fitness: 0.22293333333333332
INFO:root:Generation: 30
INFO:root:pop fitness: 0.12119333333333332
INFO:root:elite fitness: 0.20797333333333332
INFO:root:Generation: 30
INFO:root:pop fitness: 0.13366666666666668
INFO:root:elite fitness: 0.22290666666666667
INFO:root:Generation: 31
INFO:root:pop fitness: 0.12826666666666667
INFO:root:elite fitness: 0.22664000000000006
INFO:root:Generation: 31
INFO:root:pop fitness: 0.12266
INFO:root:elite fitness: 0.19076
INFO:root:Generation: 32
INFO:root:pop fitness: 0.12681333333333333
INFO:root:elite fitness: 0.20543999999999998
INFO:root:Generation: 32
INFO:root:pop fitness: 0.11684666666666667
INFO:root:elite fitness: 0.19902666666666669
INFO:root:Generation: 33
INFO:root:pop fitness: 0.12682666666666667
INFO:root:elite fitness: 0.19976000000000002
INFO:root:Generation: 33
INFO:root:pop fitness: 0.1262
INFO:root:elite fitness: 0.20541333333333336
INFO:root:Generation: 34
INFO:root:pop fitness: 0.12463333333333333
INFO:root:elite fitness: 0.20125333333333334
INFO:root:Generation: 35
INFO:root:pop fitness: 0.12828
INFO:root:elite fitness: 0.22259999999999996
INFO:root:Generation: 34
INFO:root:pop fitness: 0.12164000000000001
INFO:root:elite fitness: 0.21612000000000003
INFO:root:Generation: 36
INFO:root:pop fitness: 0.13218000000000002
INFO:root:elite fitness: 0.21802666666666667
INFO:root:Generation: 35
INFO:root:pop fitness: 0.11678
INFO:root:elite fitness: 0.20205333333333333
INFO:root:Generation: 37
INFO:root:pop fitness: 0.12389333333333336
INFO:root:elite fitness: 0.19314666666666666
INFO:root:Generation: 36
INFO:root:pop fitness: 0.12919333333333335
INFO:root:elite fitness: 0.21872
INFO:root:Generation: 38
INFO:root:pop fitness: 0.12312000000000002
INFO:root:elite fitness: 0.20182666666666665
INFO:root:Generation: 37
INFO:root:pop fitness: 0.12435333333333337
INFO:root:elite fitness: 0.21143999999999996
INFO:root:Generation: 39
INFO:root:pop fitness: 0.11948
INFO:root:elite fitness: 0.1948533333333333
INFO:root:Generation: 38
INFO:root:pop fitness: 0.11660666666666669
INFO:root:elite fitness: 0.19954666666666662
INFO:root:Generation: 40
INFO:root:pop fitness: 0.13393333333333332
INFO:root:elite fitness: 0.20782666666666666
INFO:root:Generation: 39
INFO:root:pop fitness: 0.11680000000000001
INFO:root:elite fitness: 0.19908
INFO:root:Generation: 41
INFO:root:pop fitness: 0.12347333333333334
INFO:root:elite fitness: 0.20164
INFO:root:Generation: 40
INFO:root:pop fitness: 0.11828666666666668
INFO:root:elite fitness: 0.19868
INFO:root:Generation: 42
INFO:root:pop fitness: 0.12476666666666669
INFO:root:elite fitness: 0.18858666666666668
INFO:root:Generation: 41
INFO:root:pop fitness: 0.12789999999999999
INFO:root:elite fitness: 0.21165333333333333
INFO:root:Generation: 43
INFO:root:pop fitness: 0.12582
INFO:root:elite fitness: 0.19341333333333335
INFO:root:Generation: 42
INFO:root:pop fitness: 0.12450666666666665
INFO:root:elite fitness: 0.19884
INFO:root:Generation: 44
INFO:root:pop fitness: 0.11802666666666667
INFO:root:elite fitness: 0.20005333333333333
INFO:root:Generation: 43
INFO:root:pop fitness: 0.1267
INFO:root:elite fitness: 0.20956
INFO:root:Generation: 45
INFO:root:pop fitness: 0.13009333333333337
INFO:root:elite fitness: 0.20490666666666668
INFO:root:Generation: 46
INFO:root:pop fitness: 0.1329533333333333
INFO:root:elite fitness: 0.21410666666666667
INFO:root:Generation: 44
INFO:root:pop fitness: 0.14065333333333332
INFO:root:elite fitness: 0.22524
INFO:root:Generation: 47
INFO:root:pop fitness: 0.13487333333333335
INFO:root:elite fitness: 0.22275999999999996
INFO:root:Generation: 45
INFO:root:pop fitness: 0.1374266666666667
INFO:root:elite fitness: 0.23518666666666665
INFO:root:Generation: 48
INFO:root:pop fitness: 0.13086
INFO:root:elite fitness: 0.20989333333333335
INFO:root:Generation: 46
INFO:root:pop fitness: 0.12716666666666668
INFO:root:elite fitness: 0.21394666666666665
INFO:root:Generation: 47
INFO:root:pop fitness: 0.13643333333333335
INFO:root:elite fitness: 0.22559999999999997
INFO:root:Generation: 49
INFO:root:pop fitness: 0.13064666666666666
INFO:root:elite fitness: 0.21428000000000003
INFO:root:Generation: 48
INFO:root:pop fitness: 0.13126
INFO:root:elite fitness: 0.20867999999999998
INFO:root:Generation: 50
INFO:root:pop fitness: 0.13124
INFO:root:elite fitness: 0.21725333333333333
INFO:root:Generation: 51
INFO:root:pop fitness: 0.1389
INFO:root:elite fitness: 0.22436000000000003
INFO:root:Generation: 49
INFO:root:pop fitness: 0.11553333333333335
INFO:root:elite fitness: 0.18022666666666667
INFO:root:Generation: 52
INFO:root:pop fitness: 0.13194666666666668
INFO:root:elite fitness: 0.22664
INFO:root:Generation: 50
INFO:root:pop fitness: 0.1213
INFO:root:elite fitness: 0.20173333333333335
INFO:root:Generation: 53
INFO:root:pop fitness: 0.1308466666666667
INFO:root:elite fitness: 0.20901333333333333
INFO:root:Generation: 54
INFO:root:pop fitness: 0.13482666666666668
INFO:root:elite fitness: 0.21543999999999996
INFO:root:Generation: 51
INFO:root:pop fitness: 0.13462000000000005
INFO:root:elite fitness: 0.22538666666666665
INFO:root:Generation: 55
INFO:root:pop fitness: 0.14176666666666668
INFO:root:elite fitness: 0.24276
INFO:root:Generation: 52
INFO:root:pop fitness: 0.13524
INFO:root:elite fitness: 0.21926666666666667
INFO:root:Generation: 56
INFO:root:pop fitness: 0.13180666666666668
INFO:root:elite fitness: 0.21585333333333334
INFO:root:Generation: 53
INFO:root:pop fitness: 0.12247333333333332
INFO:root:elite fitness: 0.20932000000000003
INFO:root:Generation: 57
INFO:root:pop fitness: 0.13443333333333332
INFO:root:elite fitness: 0.21309333333333333
INFO:root:Generation: 54
INFO:root:pop fitness: 0.13422666666666666
INFO:root:elite fitness: 0.22036
INFO:root:Generation: 58
INFO:root:pop fitness: 0.1239533333333333
INFO:root:elite fitness: 0.20957333333333336
INFO:root:Generation: 59
INFO:root:pop fitness: 0.12977999999999998
INFO:root:elite fitness: 0.20945333333333332
INFO:root:Generation: 55
INFO:root:pop fitness: 0.13024000000000002
INFO:root:elite fitness: 0.20250666666666664
INFO:root:Generation: 60
INFO:root:pop fitness: 0.13329999999999997
INFO:root:elite fitness: 0.2351066666666667
INFO:root:Generation: 56
INFO:root:pop fitness: 0.13176666666666667
INFO:root:elite fitness: 0.21032
INFO:root:Generation: 61
INFO:root:pop fitness: 0.13824666666666663
INFO:root:elite fitness: 0.22311999999999999
INFO:root:Generation: 57
INFO:root:pop fitness: 0.13747333333333334
INFO:root:elite fitness: 0.21326666666666666
INFO:root:Generation: 62
INFO:root:pop fitness: 0.13032666666666667
INFO:root:elite fitness: 0.21424
INFO:root:Generation: 58
INFO:root:pop fitness: 0.13366666666666666
INFO:root:elite fitness: 0.20708
INFO:root:Generation: 63
INFO:root:pop fitness: 0.14626666666666666
INFO:root:elite fitness: 0.23361333333333334
INFO:root:Generation: 59
INFO:root:pop fitness: 0.12660666666666667
INFO:root:elite fitness: 0.20651999999999998
INFO:root:Generation: 64
INFO:root:pop fitness: 0.15452000000000002
INFO:root:elite fitness: 0.24939999999999998
INFO:root:Generation: 60
INFO:root:pop fitness: 0.13577333333333333
INFO:root:elite fitness: 0.21164
INFO:root:Generation: 65
INFO:root:pop fitness: 0.14994
INFO:root:elite fitness: 0.2427066666666667
INFO:root:Generation: 66
INFO:root:pop fitness: 0.14158666666666667
INFO:root:elite fitness: 0.22514666666666666
INFO:root:Generation: 61
INFO:root:pop fitness: 0.1345
INFO:root:elite fitness: 0.21258666666666667
INFO:root:Generation: 67
INFO:root:pop fitness: 0.13968666666666668
INFO:root:elite fitness: 0.23345333333333335
INFO:root:Generation: 62
INFO:root:pop fitness: 0.14037333333333335
INFO:root:elite fitness: 0.23306666666666667
INFO:root:Generation: 63
INFO:root:pop fitness: 0.13314
INFO:root:elite fitness: 0.21023999999999998
INFO:root:Generation: 68
INFO:root:pop fitness: 0.12608666666666665
INFO:root:elite fitness: 0.22152000000000005
INFO:root:Generation: 64
INFO:root:pop fitness: 0.13296666666666668
INFO:root:elite fitness: 0.22205333333333332
INFO:root:Generation: 69
INFO:root:pop fitness: 0.14288
INFO:root:elite fitness: 0.23258666666666666
INFO:root:Generation: 65
INFO:root:pop fitness: 0.13582000000000002
INFO:root:elite fitness: 0.2155733333333333
INFO:root:Generation: 70
INFO:root:pop fitness: 0.14076666666666668
INFO:root:elite fitness: 0.24033333333333326
INFO:root:Generation: 66
INFO:root:pop fitness: 0.13863333333333333
INFO:root:elite fitness: 0.2175466666666667
INFO:root:Generation: 71
INFO:root:pop fitness: 0.14811333333333332
INFO:root:elite fitness: 0.25660000000000005
INFO:root:Generation: 67
INFO:root:pop fitness: 0.14225333333333334
INFO:root:elite fitness: 0.23902666666666667
INFO:root:Generation: 72
INFO:root:pop fitness: 0.15142666666666665
INFO:root:elite fitness: 0.23572000000000007
INFO:root:Generation: 73
INFO:root:pop fitness: 0.15164666666666668
INFO:root:elite fitness: 0.23451999999999998
INFO:root:Generation: 74
INFO:root:pop fitness: 0.14252666666666666
INFO:root:elite fitness: 0.22525333333333336
INFO:root:Generation: 68
INFO:root:pop fitness: 0.14176666666666668
INFO:root:elite fitness: 0.24580000000000002
INFO:root:Generation: 75
INFO:root:pop fitness: 0.14857333333333334
INFO:root:elite fitness: 0.24116000000000004
INFO:root:Generation: 69
INFO:root:pop fitness: 0.1389
INFO:root:elite fitness: 0.22569333333333333
INFO:root:Generation: 76
INFO:root:pop fitness: 0.13938
INFO:root:elite fitness: 0.2445733333333334
INFO:root:Generation: 70
INFO:root:pop fitness: 0.14595999999999998
INFO:root:elite fitness: 0.24228
INFO:root:Generation: 77
INFO:root:pop fitness: 0.1475666666666667
INFO:root:elite fitness: 0.24189333333333327
INFO:root:Generation: 78
INFO:root:pop fitness: 0.15536000000000003
INFO:root:elite fitness: 0.27628
INFO:root:Generation: 71
INFO:root:pop fitness: 0.13881333333333332
INFO:root:elite fitness: 0.2295733333333333
INFO:root:Generation: 79
INFO:root:pop fitness: 0.14935333333333334
INFO:root:elite fitness: 0.2362266666666667
INFO:root:Generation: 72
INFO:root:pop fitness: 0.138
INFO:root:elite fitness: 0.2191466666666667
INFO:root:Generation: 80
INFO:root:pop fitness: 0.14753333333333335
INFO:root:elite fitness: 0.2498133333333333
INFO:root:Generation: 73
INFO:root:pop fitness: 0.15320666666666669
INFO:root:elite fitness: 0.24367999999999995
INFO:root:Generation: 81
INFO:root:pop fitness: 0.13814
INFO:root:elite fitness: 0.23492
INFO:root:Generation: 74
INFO:root:pop fitness: 0.14248
INFO:root:elite fitness: 0.2260666666666667
INFO:root:Generation: 82
INFO:root:pop fitness: 0.14033333333333337
INFO:root:elite fitness: 0.23839999999999997
INFO:root:Generation: 75
INFO:root:pop fitness: 0.14412000000000003
INFO:root:elite fitness: 0.23789333333333332
INFO:root:Generation: 83
INFO:root:pop fitness: 0.14034666666666668
INFO:root:elite fitness: 0.21879999999999997
INFO:root:Generation: 76
INFO:root:pop fitness: 0.13940666666666668
INFO:root:elite fitness: 0.23189333333333337
INFO:root:Generation: 84
INFO:root:pop fitness: 0.13483333333333333
INFO:root:elite fitness: 0.22165333333333326
INFO:root:Generation: 77
INFO:root:pop fitness: 0.13903333333333334
INFO:root:elite fitness: 0.22866666666666666
INFO:root:Generation: 85
INFO:root:pop fitness: 0.14152666666666666
INFO:root:elite fitness: 0.25713333333333327
INFO:root:Generation: 78
INFO:root:pop fitness: 0.14311999999999997
INFO:root:elite fitness: 0.24046666666666666
INFO:root:Generation: 86
INFO:root:pop fitness: 0.14148000000000002
INFO:root:elite fitness: 0.23770666666666665
INFO:root:Generation: 79
INFO:root:pop fitness: 0.13968
INFO:root:elite fitness: 0.22768
INFO:root:Generation: 87
INFO:root:pop fitness: 0.14328
INFO:root:elite fitness: 0.22715999999999995
INFO:root:Generation: 88
INFO:root:pop fitness: 0.13798000000000002
INFO:root:elite fitness: 0.23006666666666675
INFO:root:Generation: 80
INFO:root:pop fitness: 0.1463066666666667
INFO:root:elite fitness: 0.2507733333333334
INFO:root:Generation: 81
INFO:root:pop fitness: 0.14898666666666666
INFO:root:elite fitness: 0.2525066666666667
INFO:root:Generation: 89
INFO:root:pop fitness: 0.14453999999999997
INFO:root:elite fitness: 0.23732
INFO:root:Generation: 90
INFO:root:pop fitness: 0.13974
INFO:root:elite fitness: 0.2254266666666666
INFO:root:Generation: 91
INFO:root:pop fitness: 0.12954666666666667
INFO:root:elite fitness: 0.21677333333333332
INFO:root:Generation: 82
INFO:root:pop fitness: 0.1584666666666667
INFO:root:elite fitness: 0.263
INFO:root:Generation: 92
INFO:root:pop fitness: 0.14848666666666668
INFO:root:elite fitness: 0.2396000000000001
INFO:root:Generation: 83
INFO:root:pop fitness: 0.15066
INFO:root:elite fitness: 0.2412133333333333
INFO:root:Generation: 93
INFO:root:pop fitness: 0.14869333333333332
INFO:root:elite fitness: 0.24527999999999997
INFO:root:Generation: 84
INFO:root:pop fitness: 0.14301333333333333
INFO:root:elite fitness: 0.22725333333333333
INFO:root:Generation: 94
INFO:root:pop fitness: 0.1477
INFO:root:elite fitness: 0.24470666666666663
INFO:root:Generation: 85
INFO:root:pop fitness: 0.13941333333333333
INFO:root:elite fitness: 0.2383066666666667
INFO:root:Generation: 95
INFO:root:pop fitness: 0.15734666666666663
INFO:root:elite fitness: 0.2620933333333334
INFO:root:Generation: 86
INFO:root:pop fitness: 0.1447866666666667
INFO:root:elite fitness: 0.24031999999999998
INFO:root:Generation: 96
INFO:root:pop fitness: 0.1544
INFO:root:elite fitness: 0.25037333333333334
INFO:root:Generation: 87
INFO:root:pop fitness: 0.13895333333333335
INFO:root:elite fitness: 0.2334266666666667
INFO:root:Generation: 97
INFO:root:pop fitness: 0.1514533333333333
INFO:root:elite fitness: 0.24842666666666668
INFO:root:Generation: 88
INFO:root:pop fitness: 0.14627333333333334
INFO:root:elite fitness: 0.24061333333333337
INFO:root:Generation: 98
INFO:root:pop fitness: 0.1398733333333333
INFO:root:elite fitness: 0.23253333333333331
INFO:root:Generation: 89
INFO:root:pop fitness: 0.15064000000000002
INFO:root:elite fitness: 0.25411999999999996
INFO:root:Generation: 99
INFO:root:pop fitness: 0.1483266666666667
INFO:root:elite fitness: 0.23325333333333337
INFO:root:Generation: 90
INFO:root:pop fitness: 0.16064000000000003
INFO:root:elite fitness: 0.26522666666666667
INFO:root:Generation: 100
INFO:root:pop fitness: 0.14286000000000001
INFO:root:elite fitness: 0.2275466666666667
INFO:root:Generation: 101
INFO:root:pop fitness: 0.1415333333333333
INFO:root:elite fitness: 0.22673333333333331
INFO:root:Generation: 91
INFO:root:pop fitness: 0.13378
INFO:root:elite fitness: 0.23302666666666672
INFO:root:Generation: 102
INFO:root:pop fitness: 0.1494
INFO:root:elite fitness: 0.24022666666666662
INFO:root:Generation: 92
INFO:root:pop fitness: 0.15562
INFO:root:elite fitness: 0.24130666666666664
INFO:root:Generation: 103
INFO:root:pop fitness: 0.13544666666666666
INFO:root:elite fitness: 0.22178666666666666
INFO:root:Generation: 104
INFO:root:pop fitness: 0.14069333333333334
INFO:root:elite fitness: 0.23969333333333334
INFO:root:Generation: 93
INFO:root:pop fitness: 0.15766
INFO:root:elite fitness: 0.2796666666666667
INFO:root:Generation: 105
INFO:root:pop fitness: 0.14246666666666666
INFO:root:elite fitness: 0.21697333333333332
INFO:root:Generation: 94
INFO:root:pop fitness: 0.14121999999999998
INFO:root:elite fitness: 0.22826666666666673
INFO:root:Generation: 106
INFO:root:pop fitness: 0.13807333333333333
INFO:root:elite fitness: 0.24195999999999998
INFO:root:Generation: 95
INFO:root:pop fitness: 0.15359333333333333
INFO:root:elite fitness: 0.2591733333333333
INFO:root:Generation: 107
INFO:root:pop fitness: 0.14431333333333332
INFO:root:elite fitness: 0.23823999999999998
INFO:root:Generation: 96
INFO:root:pop fitness: 0.14944
INFO:root:elite fitness: 0.25153333333333333
INFO:root:Generation: 108
INFO:root:pop fitness: 0.14029999999999998
INFO:root:elite fitness: 0.21767999999999996
INFO:root:Generation: 97
INFO:root:pop fitness: 0.16115333333333332
INFO:root:elite fitness: 0.26553333333333334
INFO:root:Generation: 109
INFO:root:pop fitness: 0.14343333333333333
INFO:root:elite fitness: 0.2399199999999999
INFO:root:Generation: 110
INFO:root:pop fitness: 0.15317333333333333
INFO:root:elite fitness: 0.24434666666666668
INFO:root:Generation: 98
INFO:root:pop fitness: 0.1508
INFO:root:elite fitness: 0.25005333333333324
INFO:root:Generation: 111
INFO:root:pop fitness: 0.15179333333333334
INFO:root:elite fitness: 0.24450666666666662
INFO:root:Generation: 99
INFO:root:pop fitness: 0.15446666666666667
INFO:root:elite fitness: 0.24955999999999998
INFO:root:Generation: 112
INFO:root:pop fitness: 0.14314666666666667
INFO:root:elite fitness: 0.23187999999999992
INFO:root:Generation: 100
INFO:root:pop fitness: 0.1551866666666667
INFO:root:elite fitness: 0.26078666666666667
INFO:root:Generation: 113
INFO:root:pop fitness: 0.14291333333333336
INFO:root:elite fitness: 0.22554666666666667
INFO:root:Generation: 114
INFO:root:pop fitness: 0.14944666666666664
INFO:root:elite fitness: 0.23748000000000005
INFO:root:Generation: 101
INFO:root:pop fitness: 0.1503733333333333
INFO:root:elite fitness: 0.2402
INFO:root:Generation: 115
INFO:root:pop fitness: 0.1346466666666667
INFO:root:elite fitness: 0.2526533333333333
INFO:root:Generation: 116
INFO:root:pop fitness: 0.14686666666666665
INFO:root:elite fitness: 0.24029333333333336
INFO:root:Generation: 117
INFO:root:pop fitness: 0.14919333333333332
INFO:root:elite fitness: 0.24581333333333338
INFO:root:Generation: 102
INFO:root:pop fitness: 0.14973333333333333
INFO:root:elite fitness: 0.2423866666666667
INFO:root:Generation: 118
INFO:root:pop fitness: 0.13996666666666666
INFO:root:elite fitness: 0.24296
INFO:root:Generation: 119
INFO:root:pop fitness: 0.1447466666666667
INFO:root:elite fitness: 0.23429333333333338
INFO:root:Generation: 120
INFO:root:pop fitness: 0.13135333333333335
INFO:root:elite fitness: 0.21497333333333335
INFO:root:Generation: 103
INFO:root:pop fitness: 0.16251333333333334
INFO:root:elite fitness: 0.26156
INFO:root:Generation: 121
INFO:root:pop fitness: 0.14111333333333334
INFO:root:elite fitness: 0.22254666666666664
INFO:root:Generation: 122
INFO:root:pop fitness: 0.13340666666666667
INFO:root:elite fitness: 0.22941333333333327
INFO:root:Generation: 123
INFO:root:pop fitness: 0.13920666666666665
INFO:root:elite fitness: 0.21850666666666668
INFO:root:Generation: 104
INFO:root:pop fitness: 0.15757333333333332
INFO:root:elite fitness: 0.2795066666666666
INFO:root:Generation: 124
INFO:root:pop fitness: 0.1497
INFO:root:elite fitness: 0.2449466666666667
INFO:root:Generation: 125
INFO:root:pop fitness: 0.14641999999999997
INFO:root:elite fitness: 0.2608533333333333
INFO:root:Generation: 126
INFO:root:pop fitness: 0.15779999999999997
INFO:root:elite fitness: 0.27138666666666666
INFO:root:Generation: 105
INFO:root:pop fitness: 0.14943333333333333
INFO:root:elite fitness: 0.24093333333333333
INFO:root:Generation: 127
INFO:root:pop fitness: 0.14338666666666663
INFO:root:elite fitness: 0.23574666666666663
INFO:root:Generation: 128
INFO:root:pop fitness: 0.14436000000000002
INFO:root:elite fitness: 0.2349333333333333
INFO:root:Generation: 129
INFO:root:pop fitness: 0.14333333333333337
INFO:root:elite fitness: 0.24893333333333337
INFO:root:Generation: 106
INFO:root:pop fitness: 0.16410666666666665
INFO:root:elite fitness: 0.2534266666666667
INFO:root:Generation: 130
INFO:root:pop fitness: 0.14648666666666665
INFO:root:elite fitness: 0.23437333333333332
INFO:root:Generation: 131
INFO:root:pop fitness: 0.14465999999999998
INFO:root:elite fitness: 0.23204
INFO:root:Generation: 107
INFO:root:pop fitness: 0.17244666666666664
INFO:root:elite fitness: 0.2912133333333333
INFO:root:Generation: 132
INFO:root:pop fitness: 0.15485333333333334
INFO:root:elite fitness: 0.26450666666666667
INFO:root:Generation: 108
INFO:root:pop fitness: 0.16252
INFO:root:elite fitness: 0.28148000000000006
INFO:root:Generation: 133
INFO:root:pop fitness: 0.14645333333333335
INFO:root:elite fitness: 0.24689333333333333
INFO:root:Generation: 109
INFO:root:pop fitness: 0.16707333333333335
INFO:root:elite fitness: 0.2669866666666667
INFO:root:Generation: 110
INFO:root:pop fitness: 0.15871333333333335
INFO:root:elite fitness: 0.24649333333333331
INFO:root:Generation: 134
INFO:root:pop fitness: 0.15418
INFO:root:elite fitness: 0.2557866666666666
INFO:root:Generation: 111
INFO:root:pop fitness: 0.14782
INFO:root:elite fitness: 0.24825333333333333
INFO:root:Generation: 112
INFO:root:pop fitness: 0.15926666666666664
INFO:root:elite fitness: 0.26772
INFO:root:Generation: 135
INFO:root:pop fitness: 0.15211333333333332
INFO:root:elite fitness: 0.2702533333333333
INFO:root:Generation: 136
INFO:root:pop fitness: 0.15858666666666668
INFO:root:elite fitness: 0.2766133333333334
INFO:root:Generation: 113
INFO:root:pop fitness: 0.15884666666666666
INFO:root:elite fitness: 0.25268
INFO:root:Generation: 114
INFO:root:pop fitness: 0.16851333333333335
INFO:root:elite fitness: 0.28099999999999997
INFO:root:Generation: 115
INFO:root:pop fitness: 0.15308
INFO:root:elite fitness: 0.2821066666666667
INFO:root:Generation: 137
INFO:root:pop fitness: 0.1688
INFO:root:elite fitness: 0.26441333333333333
INFO:root:Generation: 138
INFO:root:pop fitness: 0.15672000000000003
INFO:root:elite fitness: 0.25476
INFO:root:Generation: 116
INFO:root:pop fitness: 0.15945333333333334
INFO:root:elite fitness: 0.26876000000000005
INFO:root:Generation: 139
INFO:root:pop fitness: 0.15621333333333334
INFO:root:elite fitness: 0.2514399999999999
INFO:root:Generation: 117
INFO:root:pop fitness: 0.15676
INFO:root:elite fitness: 0.27909333333333336
INFO:root:Generation: 140
INFO:root:pop fitness: 0.14853333333333335
INFO:root:elite fitness: 0.24726666666666663
INFO:root:Generation: 118
INFO:root:pop fitness: 0.16404666666666667
INFO:root:elite fitness: 0.2702533333333333
INFO:root:Generation: 119
INFO:root:pop fitness: 0.16476000000000005
INFO:root:elite fitness: 0.27198666666666665
INFO:root:Generation: 141
INFO:root:pop fitness: 0.15155333333333332
INFO:root:elite fitness: 0.23942666666666673
INFO:root:Generation: 120
INFO:root:pop fitness: 0.16516666666666668
INFO:root:elite fitness: 0.25912
INFO:root:Generation: 142
INFO:root:pop fitness: 0.1489
INFO:root:elite fitness: 0.23907999999999996
INFO:root:Generation: 121
INFO:root:pop fitness: 0.163
INFO:root:elite fitness: 0.2609066666666667
INFO:root:Generation: 143
INFO:root:pop fitness: 0.15036666666666668
INFO:root:elite fitness: 0.2550266666666667
INFO:root:Generation: 122
INFO:root:pop fitness: 0.1523666666666667
INFO:root:elite fitness: 0.24364
INFO:root:Generation: 144
INFO:root:pop fitness: 0.13908
INFO:root:elite fitness: 0.23625333333333334
INFO:root:Generation: 123
INFO:root:pop fitness: 0.16168666666666667
INFO:root:elite fitness: 0.2835066666666667
INFO:root:Generation: 145
INFO:root:pop fitness: 0.1330333333333333
INFO:root:elite fitness: 0.22451999999999997
INFO:root:Generation: 124
INFO:root:pop fitness: 0.16574
INFO:root:elite fitness: 0.27412
INFO:root:Generation: 125
INFO:root:pop fitness: 0.16467333333333334
INFO:root:elite fitness: 0.26687999999999995
INFO:root:Generation: 126
INFO:root:pop fitness: 0.15963333333333332
INFO:root:elite fitness: 0.24639999999999995
INFO:root:Generation: 146
INFO:root:pop fitness: 0.14972666666666665
INFO:root:elite fitness: 0.25410666666666665
INFO:root:Generation: 127
INFO:root:pop fitness: 0.15702666666666668
INFO:root:elite fitness: 0.25437333333333334
INFO:root:Generation: 128
INFO:root:pop fitness: 0.1652733333333333
INFO:root:elite fitness: 0.25904
INFO:root:Generation: 147
INFO:root:pop fitness: 0.1404133333333333
INFO:root:elite fitness: 0.23167999999999997
INFO:root:Generation: 129
INFO:root:pop fitness: 0.16032666666666667
INFO:root:elite fitness: 0.2652533333333333
INFO:root:Generation: 148
INFO:root:pop fitness: 0.13479333333333335
INFO:root:elite fitness: 0.2352266666666667
INFO:root:Generation: 130
INFO:root:pop fitness: 0.15203333333333333
INFO:root:elite fitness: 0.2402
INFO:root:Generation: 149
INFO:root:pop fitness: 0.15169333333333332
INFO:root:elite fitness: 0.2571066666666667
INFO:root:Generation: 131
INFO:root:pop fitness: 0.17205333333333334
INFO:root:elite fitness: 0.2610533333333334
INFO:root:Generation: 150
INFO:root:pop fitness: 0.14492
INFO:root:elite fitness: 0.23752
INFO:root:Generation: 151
INFO:root:pop fitness: 0.1523666666666667
INFO:root:elite fitness: 0.24510666666666667
INFO:root:Generation: 152
INFO:root:pop fitness: 0.14849333333333334
INFO:root:elite fitness: 0.2590266666666667
INFO:root:Generation: 132
INFO:root:pop fitness: 0.17087999999999998
INFO:root:elite fitness: 0.28212
INFO:root:Generation: 153
INFO:root:pop fitness: 0.15660000000000002
INFO:root:elite fitness: 0.28367999999999993
INFO:root:Generation: 154
INFO:root:pop fitness: 0.15981333333333334
INFO:root:elite fitness: 0.2517466666666667
INFO:root:Generation: 133
INFO:root:pop fitness: 0.1735
INFO:root:elite fitness: 0.2728933333333334
INFO:root:Generation: 155
INFO:root:pop fitness: 0.15300000000000002
INFO:root:elite fitness: 0.24282666666666666
INFO:root:Generation: 134
INFO:root:pop fitness: 0.16188666666666668
INFO:root:elite fitness: 0.2633066666666666
INFO:root:Generation: 156
INFO:root:pop fitness: 0.14674
INFO:root:elite fitness: 0.2556
INFO:root:Generation: 135
INFO:root:pop fitness: 0.16332
INFO:root:elite fitness: 0.26585333333333333
INFO:root:Generation: 157
INFO:root:pop fitness: 0.16333999999999999
INFO:root:elite fitness: 0.2518533333333333
INFO:root:Generation: 158
INFO:root:pop fitness: 0.15978
INFO:root:elite fitness: 0.25958666666666663
INFO:root:Generation: 136
INFO:root:pop fitness: 0.16435333333333332
INFO:root:elite fitness: 0.2524266666666666
INFO:root:Generation: 159
INFO:root:pop fitness: 0.1405
INFO:root:elite fitness: 0.23187999999999998
INFO:root:Generation: 137
INFO:root:pop fitness: 0.16897333333333334
INFO:root:elite fitness: 0.2729733333333333
INFO:root:Generation: 160
INFO:root:pop fitness: 0.14495333333333335
INFO:root:elite fitness: 0.24334666666666668
INFO:root:Generation: 138
INFO:root:pop fitness: 0.17298666666666665
INFO:root:elite fitness: 0.28598666666666667
INFO:root:Generation: 161
INFO:root:pop fitness: 0.14539333333333337
INFO:root:elite fitness: 0.23658666666666667
INFO:root:Generation: 139
INFO:root:pop fitness: 0.15841333333333332
INFO:root:elite fitness: 0.24566666666666667
INFO:root:Generation: 162
INFO:root:pop fitness: 0.13666
INFO:root:elite fitness: 0.2296933333333334
INFO:root:Generation: 163
INFO:root:pop fitness: 0.1506333333333333
INFO:root:elite fitness: 0.21832
INFO:root:Generation: 140
INFO:root:pop fitness: 0.16852666666666669
INFO:root:elite fitness: 0.27293333333333336
INFO:root:Generation: 164
INFO:root:pop fitness: 0.15182
INFO:root:elite fitness: 0.24444
INFO:root:Generation: 141
INFO:root:pop fitness: 0.16156666666666666
INFO:root:elite fitness: 0.25512000000000007
INFO:root:Generation: 165
INFO:root:pop fitness: 0.1593
INFO:root:elite fitness: 0.2786666666666667
INFO:root:Generation: 142
INFO:root:pop fitness: 0.16048666666666667
INFO:root:elite fitness: 0.25226666666666664
INFO:root:Generation: 166
INFO:root:pop fitness: 0.15874666666666667
INFO:root:elite fitness: 0.2575466666666667
INFO:root:Generation: 143
INFO:root:pop fitness: 0.16319333333333333
INFO:root:elite fitness: 0.26180000000000003
INFO:root:Generation: 144
INFO:root:pop fitness: 0.15076666666666666
INFO:root:elite fitness: 0.25056000000000006
INFO:root:Generation: 167
INFO:root:pop fitness: 0.14067333333333332
INFO:root:elite fitness: 0.24758666666666665
INFO:root:Generation: 145
INFO:root:pop fitness: 0.17825333333333332
INFO:root:elite fitness: 0.2830533333333334
INFO:root:Generation: 168
INFO:root:pop fitness: 0.15548666666666663
INFO:root:elite fitness: 0.2502133333333333
INFO:root:Generation: 146
INFO:root:pop fitness: 0.15528666666666666
INFO:root:elite fitness: 0.2569333333333334
INFO:root:Generation: 169
INFO:root:pop fitness: 0.16213333333333332
INFO:root:elite fitness: 0.2689066666666667
INFO:root:Generation: 147
INFO:root:pop fitness: 0.15172666666666668
INFO:root:elite fitness: 0.25148
INFO:root:Generation: 148
INFO:root:pop fitness: 0.16483333333333333
INFO:root:elite fitness: 0.26921333333333325
INFO:root:Generation: 170
INFO:root:pop fitness: 0.15943333333333332
INFO:root:elite fitness: 0.24161333333333337
INFO:root:Generation: 149
INFO:root:pop fitness: 0.15685333333333334
INFO:root:elite fitness: 0.24054666666666666
INFO:root:Generation: 171
INFO:root:pop fitness: 0.14534000000000002
INFO:root:elite fitness: 0.23249333333333339
INFO:root:Generation: 150
INFO:root:pop fitness: 0.16773333333333335
INFO:root:elite fitness: 0.2727866666666666
INFO:root:Generation: 172
INFO:root:pop fitness: 0.14660666666666666
INFO:root:elite fitness: 0.2243733333333333
INFO:root:Generation: 151
INFO:root:pop fitness: 0.16229333333333334
INFO:root:elite fitness: 0.25830666666666663
INFO:root:Generation: 173
INFO:root:pop fitness: 0.16316666666666668
INFO:root:elite fitness: 0.27004
INFO:root:Generation: 174
INFO:root:pop fitness: 0.16415333333333332
INFO:root:elite fitness: 0.2388
INFO:root:Generation: 152
INFO:root:pop fitness: 0.1573
INFO:root:elite fitness: 0.25993333333333335
INFO:root:Generation: 175
INFO:root:pop fitness: 0.15149333333333334
INFO:root:elite fitness: 0.2415066666666667
INFO:root:Generation: 153
INFO:root:pop fitness: 0.16553333333333334
INFO:root:elite fitness: 0.27599999999999997
INFO:root:Generation: 176
INFO:root:pop fitness: 0.16318666666666667
INFO:root:elite fitness: 0.26946666666666674
INFO:root:Generation: 154
INFO:root:pop fitness: 0.17159333333333338
INFO:root:elite fitness: 0.28224000000000005
INFO:root:Generation: 177
INFO:root:pop fitness: 0.16002
INFO:root:elite fitness: 0.2598133333333333
INFO:root:Generation: 155
INFO:root:pop fitness: 0.16136
INFO:root:elite fitness: 0.24286666666666662
INFO:root:Generation: 178
INFO:root:pop fitness: 0.14726666666666663
INFO:root:elite fitness: 0.2398666666666667
INFO:root:Generation: 156
INFO:root:pop fitness: 0.16030666666666665
INFO:root:elite fitness: 0.2528
INFO:root:Generation: 179
INFO:root:pop fitness: 0.14926666666666666
INFO:root:elite fitness: 0.24148
INFO:root:Generation: 157
INFO:root:pop fitness: 0.17836666666666667
INFO:root:elite fitness: 0.2796533333333333
INFO:root:Generation: 180
INFO:root:pop fitness: 0.17592666666666668
INFO:root:elite fitness: 0.27304
INFO:root:Generation: 158
INFO:root:pop fitness: 0.17946666666666664
INFO:root:elite fitness: 0.2918933333333334
INFO:root:Generation: 181
INFO:root:pop fitness: 0.15756666666666666
INFO:root:elite fitness: 0.24538666666666667
INFO:root:Generation: 182
INFO:root:pop fitness: 0.16924
INFO:root:elite fitness: 0.26697333333333334
INFO:root:Generation: 183
INFO:root:pop fitness: 0.1576
INFO:root:elite fitness: 0.26282666666666665
INFO:root:Generation: 184
INFO:root:pop fitness: 0.14951333333333333
INFO:root:elite fitness: 0.2518666666666666
INFO:root:Generation: 159
INFO:root:pop fitness: 0.16231333333333334
INFO:root:elite fitness: 0.24252
INFO:root:Generation: 185
INFO:root:pop fitness: 0.15549333333333332
INFO:root:elite fitness: 0.24992000000000003
INFO:root:Generation: 186
INFO:root:pop fitness: 0.14626
INFO:root:elite fitness: 0.2452933333333333
INFO:root:Generation: 187
INFO:root:pop fitness: 0.15845333333333333
INFO:root:elite fitness: 0.25460000000000005
INFO:root:Generation: 160
INFO:root:pop fitness: 0.16954666666666668
INFO:root:elite fitness: 0.2739066666666667
INFO:root:Generation: 188
INFO:root:pop fitness: 0.15121333333333334
INFO:root:elite fitness: 0.25643999999999995
INFO:root:Generation: 189
INFO:root:pop fitness: 0.15510000000000002
INFO:root:elite fitness: 0.2457866666666666
INFO:root:Generation: 190
INFO:root:pop fitness: 0.15316000000000002
INFO:root:elite fitness: 0.2524133333333333
INFO:root:Generation: 191
INFO:root:pop fitness: 0.14673333333333333
INFO:root:elite fitness: 0.24334666666666668
INFO:root:Generation: 161
INFO:root:pop fitness: 0.16210000000000002
INFO:root:elite fitness: 0.2618533333333333
INFO:root:Generation: 192
INFO:root:pop fitness: 0.13985999999999998
INFO:root:elite fitness: 0.23256
INFO:root:Generation: 162
INFO:root:pop fitness: 0.16607333333333335
INFO:root:elite fitness: 0.2561333333333334
INFO:root:Generation: 193
INFO:root:pop fitness: 0.14678666666666668
INFO:root:elite fitness: 0.24300000000000008
INFO:root:Generation: 194
INFO:root:pop fitness: 0.16341333333333333
INFO:root:elite fitness: 0.26225333333333334
INFO:root:Generation: 163
INFO:root:pop fitness: 0.18272666666666665
INFO:root:elite fitness: 0.27516
INFO:root:Generation: 195
INFO:root:pop fitness: 0.14888
INFO:root:elite fitness: 0.24461333333333332
INFO:root:Generation: 164
INFO:root:pop fitness: 0.1731
INFO:root:elite fitness: 0.2697866666666666
INFO:root:Generation: 196
INFO:root:pop fitness: 0.16056666666666666
INFO:root:elite fitness: 0.25664000000000003
INFO:root:Generation: 165
INFO:root:pop fitness: 0.18252
INFO:root:elite fitness: 0.29006666666666664
INFO:root:Generation: 197
INFO:root:pop fitness: 0.14659333333333333
INFO:root:elite fitness: 0.26133333333333336
INFO:root:Generation: 166
INFO:root:pop fitness: 0.17831333333333332
INFO:root:elite fitness: 0.27264
INFO:root:Generation: 198
INFO:root:pop fitness: 0.14664000000000002
INFO:root:elite fitness: 0.2400133333333333
INFO:root:Generation: 167
INFO:root:pop fitness: 0.16802666666666666
INFO:root:elite fitness: 0.26182666666666665
INFO:root:Generation: 199
INFO:root:pop fitness: 0.15901999999999997
INFO:root:elite fitness: 0.26375999999999994
INFO:root:Generation: 168
INFO:root:pop fitness: 0.18551333333333334
INFO:root:elite fitness: 0.2896266666666667
INFO:root:Generation: 169
INFO:root:pop fitness: 0.16321333333333332
INFO:root:elite fitness: 0.27610666666666667
INFO:root:Generation: 170
INFO:root:pop fitness: 0.17431333333333332
INFO:root:elite fitness: 0.27841333333333335
INFO:root:Generation: 171
INFO:root:pop fitness: 0.17336000000000004
INFO:root:elite fitness: 0.26732000000000006
INFO:root:Generation: 172
INFO:root:pop fitness: 0.17288666666666666
INFO:root:elite fitness: 0.27081333333333335
INFO:root:Generation: 173
INFO:root:pop fitness: 0.1621466666666667
INFO:root:elite fitness: 0.25912
INFO:root:Generation: 174
INFO:root:pop fitness: 0.1804
INFO:root:elite fitness: 0.28008000000000005
INFO:root:Generation: 175
INFO:root:pop fitness: 0.16412666666666664
INFO:root:elite fitness: 0.2656933333333334
INFO:root:Generation: 176
INFO:root:pop fitness: 0.17571333333333333
INFO:root:elite fitness: 0.31648
INFO:root:Generation: 177
INFO:root:pop fitness: 0.18390666666666666
INFO:root:elite fitness: 0.28403999999999996
INFO:root:Generation: 178
INFO:root:pop fitness: 0.18667333333333333
INFO:root:elite fitness: 0.31586666666666663
INFO:root:Generation: 179
INFO:root:pop fitness: 0.17667333333333332
INFO:root:elite fitness: 0.2830666666666667
INFO:root:Generation: 180
INFO:root:pop fitness: 0.18589999999999998
INFO:root:elite fitness: 0.2889333333333333
INFO:root:Generation: 181
INFO:root:pop fitness: 0.17719333333333334
INFO:root:elite fitness: 0.26922666666666667
INFO:root:Generation: 182
INFO:root:pop fitness: 0.18531333333333333
INFO:root:elite fitness: 0.28933333333333333
INFO:root:Generation: 183
INFO:root:pop fitness: 0.17742
INFO:root:elite fitness: 0.28965333333333326
INFO:root:Generation: 184
INFO:root:pop fitness: 0.17707333333333333
INFO:root:elite fitness: 0.2936
INFO:root:Generation: 185
INFO:root:pop fitness: 0.16504
INFO:root:elite fitness: 0.2899466666666667
INFO:root:Generation: 186
INFO:root:pop fitness: 0.1863866666666667
INFO:root:elite fitness: 0.2888
INFO:root:Generation: 187
INFO:root:pop fitness: 0.18072
INFO:root:elite fitness: 0.28817333333333334
INFO:root:Generation: 188
INFO:root:pop fitness: 0.17814666666666668
INFO:root:elite fitness: 0.28488
INFO:root:Generation: 189
INFO:root:pop fitness: 0.17085999999999998
INFO:root:elite fitness: 0.2764266666666667
INFO:root:Generation: 190
INFO:root:pop fitness: 0.17456666666666668
INFO:root:elite fitness: 0.2724533333333333
INFO:root:Generation: 191
INFO:root:pop fitness: 0.17127333333333333
INFO:root:elite fitness: 0.28087999999999996
INFO:root:Generation: 192
INFO:root:pop fitness: 0.17339333333333334
INFO:root:elite fitness: 0.27904000000000007
INFO:root:Generation: 193
INFO:root:pop fitness: 0.16756000000000001
INFO:root:elite fitness: 0.24864000000000006
INFO:root:Generation: 194
INFO:root:pop fitness: 0.18350666666666668
INFO:root:elite fitness: 0.30522666666666665
INFO:root:Generation: 195
INFO:root:pop fitness: 0.16527333333333333
INFO:root:elite fitness: 0.28112000000000004
INFO:root:Generation: 196
INFO:root:pop fitness: 0.16538666666666665
INFO:root:elite fitness: 0.26256000000000007
INFO:root:Generation: 197
INFO:root:pop fitness: 0.18231333333333336
INFO:root:elite fitness: 0.27992
INFO:root:Generation: 198
INFO:root:pop fitness: 0.16381333333333334
INFO:root:elite fitness: 0.25622666666666666
INFO:root:Generation: 199
INFO:root:pop fitness: 0.17469333333333334
INFO:root:elite fitness: 0.2842
