INFO:root:run_master: Namespace(arms='10', hidden='8', layers='1', max_gen='200', message='', mutation_mag='0.01', name='resetSteps', noise=True, pop_size='50', save_result=True, steps='1', trials='100')
INFO:root:run_master: Namespace(arms='10', hidden='8', layers='1', max_gen='200', message='', mutation_mag='0.01', name='resetSteps', noise=False, pop_size='50', save_result=True, steps='1', trials='100')
INFO:root:Generation: 0
INFO:root:pop fitness: 0.09960000000000001
INFO:root:elite fitness: 0.11056
INFO:root:Generation: 0
INFO:root:pop fitness: 0.09984
INFO:root:elite fitness: 0.11048000000000002
INFO:root:Generation: 1
INFO:root:pop fitness: 0.10304
INFO:root:elite fitness: 0.11792
INFO:root:Generation: 1
INFO:root:pop fitness: 0.10112
INFO:root:elite fitness: 0.11783999999999999
INFO:root:Generation: 2
INFO:root:pop fitness: 0.09998
INFO:root:elite fitness: 0.11604
INFO:root:Generation: 2
INFO:root:pop fitness: 0.10206
INFO:root:elite fitness: 0.12012
INFO:root:Generation: 3
INFO:root:pop fitness: 0.10001999999999998
INFO:root:elite fitness: 0.12092
INFO:root:Generation: 3
INFO:root:pop fitness: 0.09904
INFO:root:elite fitness: 0.11203999999999999
INFO:root:Generation: 4
INFO:root:pop fitness: 0.09738000000000001
INFO:root:elite fitness: 0.11868000000000001
INFO:root:Generation: 4
INFO:root:pop fitness: 0.09908
INFO:root:elite fitness: 0.11376000000000001
INFO:root:Generation: 5
INFO:root:pop fitness: 0.10059999999999998
INFO:root:elite fitness: 0.12115999999999999
INFO:root:Generation: 5
INFO:root:pop fitness: 0.09390000000000001
INFO:root:elite fitness: 0.11835999999999998
INFO:root:Generation: 6
INFO:root:pop fitness: 0.10401999999999999
INFO:root:elite fitness: 0.13132
INFO:root:Generation: 6
INFO:root:pop fitness: 0.09806
INFO:root:elite fitness: 0.11824
INFO:root:Generation: 7
INFO:root:pop fitness: 0.09927999999999998
INFO:root:elite fitness: 0.1244
INFO:root:Generation: 8
INFO:root:pop fitness: 0.10412
INFO:root:elite fitness: 0.13491999999999998
INFO:root:Generation: 7
INFO:root:pop fitness: 0.1005
INFO:root:elite fitness: 0.12668000000000001
INFO:root:Generation: 9
INFO:root:pop fitness: 0.10201999999999999
INFO:root:elite fitness: 0.12984
INFO:root:Generation: 8
INFO:root:pop fitness: 0.09788000000000001
INFO:root:elite fitness: 0.1246
INFO:root:Generation: 10
INFO:root:pop fitness: 0.10398
INFO:root:elite fitness: 0.13772
INFO:root:Generation: 9
INFO:root:pop fitness: 0.10201999999999999
INFO:root:elite fitness: 0.13004
INFO:root:Generation: 11
INFO:root:pop fitness: 0.09806000000000001
INFO:root:elite fitness: 0.1332
INFO:root:Generation: 10
INFO:root:pop fitness: 0.09906000000000001
INFO:root:elite fitness: 0.12911999999999998
INFO:root:Generation: 12
INFO:root:pop fitness: 0.10131999999999998
INFO:root:elite fitness: 0.1338
INFO:root:Generation: 11
INFO:root:pop fitness: 0.10272
INFO:root:elite fitness: 0.13643999999999998
INFO:root:Generation: 13
INFO:root:pop fitness: 0.10264
INFO:root:elite fitness: 0.13155999999999998
INFO:root:Generation: 12
INFO:root:pop fitness: 0.10610000000000001
INFO:root:elite fitness: 0.13112000000000001
INFO:root:Generation: 14
INFO:root:pop fitness: 0.10108
INFO:root:elite fitness: 0.13504
INFO:root:Generation: 15
INFO:root:pop fitness: 0.10998
INFO:root:elite fitness: 0.1474
INFO:root:Generation: 13
INFO:root:pop fitness: 0.10179999999999997
INFO:root:elite fitness: 0.14448
INFO:root:Generation: 16
INFO:root:pop fitness: 0.11032
INFO:root:elite fitness: 0.14679999999999999
INFO:root:Generation: 14
INFO:root:pop fitness: 0.10164
INFO:root:elite fitness: 0.14148
INFO:root:Generation: 17
INFO:root:pop fitness: 0.10830000000000001
INFO:root:elite fitness: 0.15272000000000002
INFO:root:Generation: 15
INFO:root:pop fitness: 0.08918000000000001
INFO:root:elite fitness: 0.11847999999999999
INFO:root:Generation: 18
INFO:root:pop fitness: 0.10289999999999999
INFO:root:elite fitness: 0.1494
INFO:root:Generation: 16
INFO:root:pop fitness: 0.10324
INFO:root:elite fitness: 0.13747999999999996
INFO:root:Generation: 19
INFO:root:pop fitness: 0.11211999999999998
INFO:root:elite fitness: 0.18400000000000002
INFO:root:Generation: 17
INFO:root:pop fitness: 0.09849999999999999
INFO:root:elite fitness: 0.13244
INFO:root:Generation: 20
INFO:root:pop fitness: 0.12036000000000001
INFO:root:elite fitness: 0.20112
INFO:root:Generation: 18
INFO:root:pop fitness: 0.10516
INFO:root:elite fitness: 0.14584
INFO:root:Generation: 21
INFO:root:pop fitness: 0.10984
INFO:root:elite fitness: 0.158
INFO:root:Generation: 19
INFO:root:pop fitness: 0.1052
INFO:root:elite fitness: 0.14212
INFO:root:Generation: 22
INFO:root:pop fitness: 0.12840000000000001
INFO:root:elite fitness: 0.18824000000000002
INFO:root:Generation: 20
INFO:root:pop fitness: 0.10392
INFO:root:elite fitness: 0.13768
INFO:root:Generation: 23
INFO:root:pop fitness: 0.10559999999999999
INFO:root:elite fitness: 0.17575999999999997
INFO:root:Generation: 21
INFO:root:pop fitness: 0.11217999999999999
INFO:root:elite fitness: 0.15872
INFO:root:Generation: 24
INFO:root:pop fitness: 0.14614000000000002
INFO:root:elite fitness: 0.22176
INFO:root:Generation: 22
INFO:root:pop fitness: 0.10336000000000001
INFO:root:elite fitness: 0.14112
INFO:root:Generation: 25
INFO:root:pop fitness: 0.11331999999999999
INFO:root:elite fitness: 0.18911999999999998
INFO:root:Generation: 26
INFO:root:pop fitness: 0.12046
INFO:root:elite fitness: 0.19308
INFO:root:Generation: 23
INFO:root:pop fitness: 0.10638
INFO:root:elite fitness: 0.14503999999999997
INFO:root:Generation: 27
INFO:root:pop fitness: 0.12202000000000002
INFO:root:elite fitness: 0.19939999999999997
INFO:root:Generation: 24
INFO:root:pop fitness: 0.10472
INFO:root:elite fitness: 0.14564
INFO:root:Generation: 28
INFO:root:pop fitness: 0.11841999999999998
INFO:root:elite fitness: 0.19756
INFO:root:Generation: 25
INFO:root:pop fitness: 0.10405999999999999
INFO:root:elite fitness: 0.13744
INFO:root:Generation: 29
INFO:root:pop fitness: 0.12389999999999998
INFO:root:elite fitness: 0.19776
INFO:root:Generation: 26
INFO:root:pop fitness: 0.10619999999999999
INFO:root:elite fitness: 0.16228
INFO:root:Generation: 30
INFO:root:pop fitness: 0.12115999999999999
INFO:root:elite fitness: 0.22227999999999998
INFO:root:Generation: 27
INFO:root:pop fitness: 0.10400000000000001
INFO:root:elite fitness: 0.15272
INFO:root:Generation: 31
INFO:root:pop fitness: 0.11469999999999998
INFO:root:elite fitness: 0.1832
INFO:root:Generation: 28
INFO:root:pop fitness: 0.10493999999999999
INFO:root:elite fitness: 0.14492
INFO:root:Generation: 32
INFO:root:pop fitness: 0.11969999999999999
INFO:root:elite fitness: 0.20168
INFO:root:Generation: 29
INFO:root:pop fitness: 0.11682000000000001
INFO:root:elite fitness: 0.17380000000000004
INFO:root:Generation: 33
INFO:root:pop fitness: 0.11617999999999999
INFO:root:elite fitness: 0.19252000000000002
INFO:root:Generation: 30
INFO:root:pop fitness: 0.10792
INFO:root:elite fitness: 0.15468
INFO:root:Generation: 34
INFO:root:pop fitness: 0.13018000000000002
INFO:root:elite fitness: 0.198
INFO:root:Generation: 35
INFO:root:pop fitness: 0.11642000000000001
INFO:root:elite fitness: 0.17552
INFO:root:Generation: 31
INFO:root:pop fitness: 0.09906000000000001
INFO:root:elite fitness: 0.1564
INFO:root:Generation: 36
INFO:root:pop fitness: 0.12384
INFO:root:elite fitness: 0.18308
INFO:root:Generation: 32
INFO:root:pop fitness: 0.11842000000000001
INFO:root:elite fitness: 0.16052
INFO:root:Generation: 37
INFO:root:pop fitness: 0.1297
INFO:root:elite fitness: 0.20752000000000004
INFO:root:Generation: 33
INFO:root:pop fitness: 0.11388000000000002
INFO:root:elite fitness: 0.15888
INFO:root:Generation: 38
INFO:root:pop fitness: 0.12269999999999999
INFO:root:elite fitness: 0.18096
INFO:root:Generation: 34
INFO:root:pop fitness: 0.10890000000000001
INFO:root:elite fitness: 0.15431999999999998
INFO:root:Generation: 39
INFO:root:pop fitness: 0.1084
INFO:root:elite fitness: 0.20352
INFO:root:Generation: 35
INFO:root:pop fitness: 0.11576
INFO:root:elite fitness: 0.1746
INFO:root:Generation: 40
INFO:root:pop fitness: 0.12300000000000001
INFO:root:elite fitness: 0.19916
INFO:root:Generation: 41
INFO:root:pop fitness: 0.12924
INFO:root:elite fitness: 0.22008
INFO:root:Generation: 36
INFO:root:pop fitness: 0.10856
INFO:root:elite fitness: 0.16988
INFO:root:Generation: 42
INFO:root:pop fitness: 0.1219
INFO:root:elite fitness: 0.22296
INFO:root:Generation: 37
INFO:root:pop fitness: 0.11425999999999999
INFO:root:elite fitness: 0.17708
INFO:root:Generation: 43
INFO:root:pop fitness: 0.12342
INFO:root:elite fitness: 0.24708
INFO:root:Generation: 38
INFO:root:pop fitness: 0.13132
INFO:root:elite fitness: 0.19776
INFO:root:Generation: 44
INFO:root:pop fitness: 0.10708000000000001
INFO:root:elite fitness: 0.16012
INFO:root:Generation: 39
INFO:root:pop fitness: 0.12619999999999998
INFO:root:elite fitness: 0.19288
INFO:root:Generation: 45
INFO:root:pop fitness: 0.13238
INFO:root:elite fitness: 0.21495999999999998
INFO:root:Generation: 40
INFO:root:pop fitness: 0.12412000000000001
INFO:root:elite fitness: 0.20431999999999997
INFO:root:Generation: 46
INFO:root:pop fitness: 0.12465999999999999
INFO:root:elite fitness: 0.20744000000000004
INFO:root:Generation: 41
INFO:root:pop fitness: 0.13246
INFO:root:elite fitness: 0.21155999999999994
INFO:root:Generation: 47
INFO:root:pop fitness: 0.13133999999999998
INFO:root:elite fitness: 0.24956
INFO:root:Generation: 42
INFO:root:pop fitness: 0.12115999999999999
INFO:root:elite fitness: 0.21787999999999996
INFO:root:Generation: 48
INFO:root:pop fitness: 0.12288
INFO:root:elite fitness: 0.22292
INFO:root:Generation: 43
INFO:root:pop fitness: 0.11954000000000001
INFO:root:elite fitness: 0.19311999999999999
INFO:root:Generation: 49
INFO:root:pop fitness: 0.13688
INFO:root:elite fitness: 0.25316
INFO:root:Generation: 44
INFO:root:pop fitness: 0.12156
INFO:root:elite fitness: 0.20404000000000003
INFO:root:Generation: 50
INFO:root:pop fitness: 0.1319
INFO:root:elite fitness: 0.22596000000000005
INFO:root:Generation: 45
INFO:root:pop fitness: 0.13516000000000003
INFO:root:elite fitness: 0.20088
INFO:root:Generation: 51
INFO:root:pop fitness: 0.13676
INFO:root:elite fitness: 0.25032
INFO:root:Generation: 52
INFO:root:pop fitness: 0.13382
INFO:root:elite fitness: 0.22771999999999998
INFO:root:Generation: 46
INFO:root:pop fitness: 0.13813999999999999
INFO:root:elite fitness: 0.21996000000000002
INFO:root:Generation: 53
INFO:root:pop fitness: 0.12486000000000001
INFO:root:elite fitness: 0.19768
INFO:root:Generation: 47
INFO:root:pop fitness: 0.12656
INFO:root:elite fitness: 0.20272
INFO:root:Generation: 54
INFO:root:pop fitness: 0.1412
INFO:root:elite fitness: 0.25292000000000003
INFO:root:Generation: 48
INFO:root:pop fitness: 0.14912
INFO:root:elite fitness: 0.24423999999999998
INFO:root:Generation: 55
INFO:root:pop fitness: 0.1335
INFO:root:elite fitness: 0.21708
INFO:root:Generation: 49
INFO:root:pop fitness: 0.11739999999999999
INFO:root:elite fitness: 0.18303999999999998
INFO:root:Generation: 56
INFO:root:pop fitness: 0.14472
INFO:root:elite fitness: 0.27756000000000003
INFO:root:Generation: 50
INFO:root:pop fitness: 0.13491999999999998
INFO:root:elite fitness: 0.21348000000000003
INFO:root:Generation: 57
INFO:root:pop fitness: 0.14162
INFO:root:elite fitness: 0.21676
INFO:root:Generation: 51
INFO:root:pop fitness: 0.13695999999999997
INFO:root:elite fitness: 0.22016
INFO:root:Generation: 58
INFO:root:pop fitness: 0.16835999999999998
INFO:root:elite fitness: 0.32972
INFO:root:Generation: 52
INFO:root:pop fitness: 0.11894
INFO:root:elite fitness: 0.21376
INFO:root:Generation: 59
INFO:root:pop fitness: 0.14579999999999999
INFO:root:elite fitness: 0.21864
INFO:root:Generation: 53
INFO:root:pop fitness: 0.1295
INFO:root:elite fitness: 0.23240000000000002
INFO:root:Generation: 60
INFO:root:pop fitness: 0.12522
INFO:root:elite fitness: 0.23628
INFO:root:Generation: 61
INFO:root:pop fitness: 0.13241999999999998
INFO:root:elite fitness: 0.25236000000000003
INFO:root:Generation: 54
INFO:root:pop fitness: 0.12417999999999997
INFO:root:elite fitness: 0.22227999999999998
INFO:root:Generation: 62
INFO:root:pop fitness: 0.14251999999999998
INFO:root:elite fitness: 0.24392
INFO:root:Generation: 55
INFO:root:pop fitness: 0.14818
INFO:root:elite fitness: 0.23
INFO:root:Generation: 63
INFO:root:pop fitness: 0.15940000000000004
INFO:root:elite fitness: 0.31431999999999993
INFO:root:Generation: 56
INFO:root:pop fitness: 0.1444
INFO:root:elite fitness: 0.28428000000000003
INFO:root:Generation: 64
INFO:root:pop fitness: 0.15638
INFO:root:elite fitness: 0.26832
INFO:root:Generation: 57
INFO:root:pop fitness: 0.148
INFO:root:elite fitness: 0.2718
INFO:root:Generation: 65
INFO:root:pop fitness: 0.1461
INFO:root:elite fitness: 0.28336
INFO:root:Generation: 58
INFO:root:pop fitness: 0.13607999999999998
INFO:root:elite fitness: 0.26148000000000005
INFO:root:Generation: 66
INFO:root:pop fitness: 0.13188
INFO:root:elite fitness: 0.23583999999999997
INFO:root:Generation: 59
INFO:root:pop fitness: 0.149
INFO:root:elite fitness: 0.29164
INFO:root:Generation: 67
INFO:root:pop fitness: 0.18389999999999998
INFO:root:elite fitness: 0.30236
INFO:root:Generation: 60
INFO:root:pop fitness: 0.13528
INFO:root:elite fitness: 0.23980000000000004
INFO:root:Generation: 68
INFO:root:pop fitness: 0.13484
INFO:root:elite fitness: 0.2554
INFO:root:Generation: 61
INFO:root:pop fitness: 0.14090000000000003
INFO:root:elite fitness: 0.28664
INFO:root:Generation: 69
INFO:root:pop fitness: 0.13682
INFO:root:elite fitness: 0.24068
INFO:root:Generation: 62
INFO:root:pop fitness: 0.12007999999999999
INFO:root:elite fitness: 0.19740000000000002
INFO:root:Generation: 70
INFO:root:pop fitness: 0.14862
INFO:root:elite fitness: 0.25867999999999997
INFO:root:Generation: 71
INFO:root:pop fitness: 0.14734000000000003
INFO:root:elite fitness: 0.27968
INFO:root:Generation: 63
INFO:root:pop fitness: 0.12898
INFO:root:elite fitness: 0.239
INFO:root:Generation: 72
INFO:root:pop fitness: 0.1303
INFO:root:elite fitness: 0.23156
INFO:root:Generation: 64
INFO:root:pop fitness: 0.14506
INFO:root:elite fitness: 0.2914
INFO:root:Generation: 73
INFO:root:pop fitness: 0.15132
INFO:root:elite fitness: 0.25748
INFO:root:Generation: 65
INFO:root:pop fitness: 0.12672
INFO:root:elite fitness: 0.21631999999999998
INFO:root:Generation: 74
INFO:root:pop fitness: 0.14316
INFO:root:elite fitness: 0.23792
INFO:root:Generation: 66
INFO:root:pop fitness: 0.13218000000000002
INFO:root:elite fitness: 0.24132
INFO:root:Generation: 75
INFO:root:pop fitness: 0.14258
INFO:root:elite fitness: 0.24192
INFO:root:Generation: 67
INFO:root:pop fitness: 0.14638
INFO:root:elite fitness: 0.23260000000000003
INFO:root:Generation: 76
INFO:root:pop fitness: 0.13999999999999999
INFO:root:elite fitness: 0.23775999999999997
INFO:root:Generation: 68
INFO:root:pop fitness: 0.13834
INFO:root:elite fitness: 0.22663999999999998
INFO:root:Generation: 77
INFO:root:pop fitness: 0.16014
INFO:root:elite fitness: 0.30763999999999997
INFO:root:Generation: 69
INFO:root:pop fitness: 0.13613999999999998
INFO:root:elite fitness: 0.23844
INFO:root:Generation: 78
INFO:root:pop fitness: 0.14834
INFO:root:elite fitness: 0.23931999999999998
INFO:root:Generation: 70
INFO:root:pop fitness: 0.14014
INFO:root:elite fitness: 0.21964000000000003
INFO:root:Generation: 79
INFO:root:pop fitness: 0.14767999999999998
INFO:root:elite fitness: 0.2500800000000001
INFO:root:Generation: 71
INFO:root:pop fitness: 0.13448
INFO:root:elite fitness: 0.24532
INFO:root:Generation: 80
INFO:root:pop fitness: 0.14328000000000002
INFO:root:elite fitness: 0.24412000000000003
INFO:root:Generation: 72
INFO:root:pop fitness: 0.1305
INFO:root:elite fitness: 0.23708
INFO:root:Generation: 81
INFO:root:pop fitness: 0.16194
INFO:root:elite fitness: 0.28032
INFO:root:Generation: 82
INFO:root:pop fitness: 0.14084000000000002
INFO:root:elite fitness: 0.24128
INFO:root:Generation: 73
INFO:root:pop fitness: 0.13992
INFO:root:elite fitness: 0.24875999999999998
INFO:root:Generation: 83
INFO:root:pop fitness: 0.14578
INFO:root:elite fitness: 0.25992
INFO:root:Generation: 74
INFO:root:pop fitness: 0.15136000000000002
INFO:root:elite fitness: 0.28092
INFO:root:Generation: 84
INFO:root:pop fitness: 0.15884
INFO:root:elite fitness: 0.29864
INFO:root:Generation: 75
INFO:root:pop fitness: 0.14206
INFO:root:elite fitness: 0.26852
INFO:root:Generation: 85
INFO:root:pop fitness: 0.1464
INFO:root:elite fitness: 0.25712
INFO:root:Generation: 76
INFO:root:pop fitness: 0.14446
INFO:root:elite fitness: 0.22424000000000002
INFO:root:Generation: 86
INFO:root:pop fitness: 0.14473999999999998
INFO:root:elite fitness: 0.23012000000000005
INFO:root:Generation: 77
INFO:root:pop fitness: 0.11580000000000001
INFO:root:elite fitness: 0.19987999999999995
INFO:root:Generation: 87
INFO:root:pop fitness: 0.1422
INFO:root:elite fitness: 0.27952
INFO:root:Generation: 78
INFO:root:pop fitness: 0.16424000000000002
INFO:root:elite fitness: 0.26512
INFO:root:Generation: 88
INFO:root:pop fitness: 0.17065999999999998
INFO:root:elite fitness: 0.2828
INFO:root:Generation: 79
INFO:root:pop fitness: 0.15142
INFO:root:elite fitness: 0.279
INFO:root:Generation: 89
INFO:root:pop fitness: 0.16678
INFO:root:elite fitness: 0.3718
INFO:root:Generation: 80
INFO:root:pop fitness: 0.14594
INFO:root:elite fitness: 0.24676
INFO:root:Generation: 90
INFO:root:pop fitness: 0.14984
INFO:root:elite fitness: 0.2924
INFO:root:Generation: 91
INFO:root:pop fitness: 0.16447999999999996
INFO:root:elite fitness: 0.24276
INFO:root:Generation: 81
INFO:root:pop fitness: 0.14768
INFO:root:elite fitness: 0.22476
INFO:root:Generation: 92
INFO:root:pop fitness: 0.1349
INFO:root:elite fitness: 0.25156
INFO:root:Generation: 82
INFO:root:pop fitness: 0.14808000000000002
INFO:root:elite fitness: 0.24060000000000004
INFO:root:Generation: 93
INFO:root:pop fitness: 0.15204
INFO:root:elite fitness: 0.2638
INFO:root:Generation: 83
INFO:root:pop fitness: 0.14714
INFO:root:elite fitness: 0.28
INFO:root:Generation: 94
INFO:root:pop fitness: 0.13620000000000002
INFO:root:elite fitness: 0.25927999999999995
INFO:root:Generation: 84
INFO:root:pop fitness: 0.14208
INFO:root:elite fitness: 0.21683999999999998
INFO:root:Generation: 95
INFO:root:pop fitness: 0.13418
INFO:root:elite fitness: 0.26068
INFO:root:Generation: 85
INFO:root:pop fitness: 0.12558
INFO:root:elite fitness: 0.2146
INFO:root:Generation: 96
INFO:root:pop fitness: 0.13862
INFO:root:elite fitness: 0.25060000000000004
INFO:root:Generation: 86
INFO:root:pop fitness: 0.14902
INFO:root:elite fitness: 0.245
INFO:root:Generation: 97
INFO:root:pop fitness: 0.15328
INFO:root:elite fitness: 0.25968
INFO:root:Generation: 87
INFO:root:pop fitness: 0.13526
INFO:root:elite fitness: 0.21343999999999996
INFO:root:Generation: 98
INFO:root:pop fitness: 0.13299999999999998
INFO:root:elite fitness: 0.20952
INFO:root:Generation: 88
INFO:root:pop fitness: 0.13527999999999998
INFO:root:elite fitness: 0.27724000000000004
INFO:root:Generation: 99
INFO:root:pop fitness: 0.13806
INFO:root:elite fitness: 0.23204
INFO:root:Generation: 89
INFO:root:pop fitness: 0.15972
INFO:root:elite fitness: 0.2732
INFO:root:Generation: 100
INFO:root:pop fitness: 0.14880000000000002
INFO:root:elite fitness: 0.25864
INFO:root:Generation: 101
INFO:root:pop fitness: 0.13192
INFO:root:elite fitness: 0.21312
INFO:root:Generation: 90
INFO:root:pop fitness: 0.16862
INFO:root:elite fitness: 0.278
INFO:root:Generation: 102
INFO:root:pop fitness: 0.12006000000000001
INFO:root:elite fitness: 0.21231999999999998
INFO:root:Generation: 91
INFO:root:pop fitness: 0.17762
INFO:root:elite fitness: 0.3084
INFO:root:Generation: 103
INFO:root:pop fitness: 0.13338
INFO:root:elite fitness: 0.2358
INFO:root:Generation: 92
INFO:root:pop fitness: 0.1765
INFO:root:elite fitness: 0.2838
INFO:root:Generation: 104
INFO:root:pop fitness: 0.14981999999999998
INFO:root:elite fitness: 0.3044
INFO:root:Generation: 93
INFO:root:pop fitness: 0.16322
INFO:root:elite fitness: 0.28528
INFO:root:Generation: 105
INFO:root:pop fitness: 0.15308
INFO:root:elite fitness: 0.25888
INFO:root:Generation: 94
INFO:root:pop fitness: 0.14814
INFO:root:elite fitness: 0.25304000000000004
INFO:root:Generation: 106
INFO:root:pop fitness: 0.14934
INFO:root:elite fitness: 0.245
INFO:root:Generation: 95
INFO:root:pop fitness: 0.15805999999999998
INFO:root:elite fitness: 0.29196
INFO:root:Generation: 107
INFO:root:pop fitness: 0.1572
INFO:root:elite fitness: 0.28788
INFO:root:Generation: 108
INFO:root:pop fitness: 0.14956
INFO:root:elite fitness: 0.2686
INFO:root:Generation: 96
INFO:root:pop fitness: 0.15364000000000003
INFO:root:elite fitness: 0.298
INFO:root:Generation: 109
INFO:root:pop fitness: 0.15968
INFO:root:elite fitness: 0.26988
INFO:root:Generation: 97
INFO:root:pop fitness: 0.12158
INFO:root:elite fitness: 0.229
INFO:root:Generation: 110
INFO:root:pop fitness: 0.15178
INFO:root:elite fitness: 0.23643999999999998
INFO:root:Generation: 98
INFO:root:pop fitness: 0.14648000000000003
INFO:root:elite fitness: 0.22235999999999997
INFO:root:Generation: 111
INFO:root:pop fitness: 0.15309999999999999
INFO:root:elite fitness: 0.24163999999999997
INFO:root:Generation: 99
INFO:root:pop fitness: 0.14098
INFO:root:elite fitness: 0.2722
INFO:root:Generation: 112
INFO:root:pop fitness: 0.12834
INFO:root:elite fitness: 0.24024
INFO:root:Generation: 100
INFO:root:pop fitness: 0.13635999999999998
INFO:root:elite fitness: 0.23704
INFO:root:Generation: 113
INFO:root:pop fitness: 0.14816
INFO:root:elite fitness: 0.2804
INFO:root:Generation: 101
INFO:root:pop fitness: 0.1628
INFO:root:elite fitness: 0.28476
INFO:root:Generation: 114
INFO:root:pop fitness: 0.16746000000000003
INFO:root:elite fitness: 0.26728
INFO:root:Generation: 102
INFO:root:pop fitness: 0.15864
INFO:root:elite fitness: 0.26092000000000004
INFO:root:Generation: 115
INFO:root:pop fitness: 0.16322000000000003
INFO:root:elite fitness: 0.26836
INFO:root:Generation: 116
INFO:root:pop fitness: 0.15958000000000003
INFO:root:elite fitness: 0.26707999999999993
INFO:root:Generation: 103
INFO:root:pop fitness: 0.1611
INFO:root:elite fitness: 0.29584
INFO:root:Generation: 117
INFO:root:pop fitness: 0.1625
INFO:root:elite fitness: 0.27164
INFO:root:Generation: 104
INFO:root:pop fitness: 0.17259999999999998
INFO:root:elite fitness: 0.27768
INFO:root:Generation: 118
INFO:root:pop fitness: 0.17681999999999998
INFO:root:elite fitness: 0.27216
INFO:root:Generation: 105
INFO:root:pop fitness: 0.17924000000000004
INFO:root:elite fitness: 0.29044000000000003
INFO:root:Generation: 119
INFO:root:pop fitness: 0.16512000000000002
INFO:root:elite fitness: 0.26364
INFO:root:Generation: 106
INFO:root:pop fitness: 0.15997999999999998
INFO:root:elite fitness: 0.29872
INFO:root:Generation: 120
INFO:root:pop fitness: 0.18268
INFO:root:elite fitness: 0.29776
INFO:root:Generation: 107
INFO:root:pop fitness: 0.17235999999999996
INFO:root:elite fitness: 0.25468
INFO:root:Generation: 121
INFO:root:pop fitness: 0.15778
INFO:root:elite fitness: 0.25732
INFO:root:Generation: 108
INFO:root:pop fitness: 0.16720000000000002
INFO:root:elite fitness: 0.274
INFO:root:Generation: 122
INFO:root:pop fitness: 0.14882
INFO:root:elite fitness: 0.2498
INFO:root:Generation: 109
INFO:root:pop fitness: 0.1598
INFO:root:elite fitness: 0.28836
INFO:root:Generation: 123
INFO:root:pop fitness: 0.16292
INFO:root:elite fitness: 0.26304
INFO:root:Generation: 110
INFO:root:pop fitness: 0.16405999999999998
INFO:root:elite fitness: 0.27799999999999997
INFO:root:Generation: 124
INFO:root:pop fitness: 0.19052
INFO:root:elite fitness: 0.30528
INFO:root:Generation: 125
INFO:root:pop fitness: 0.16856000000000002
INFO:root:elite fitness: 0.29724
INFO:root:Generation: 111
INFO:root:pop fitness: 0.16378000000000004
INFO:root:elite fitness: 0.28952
INFO:root:Generation: 126
INFO:root:pop fitness: 0.15218
INFO:root:elite fitness: 0.30211999999999994
INFO:root:Generation: 112
INFO:root:pop fitness: 0.15494
INFO:root:elite fitness: 0.31524
INFO:root:Generation: 127
INFO:root:pop fitness: 0.17238
INFO:root:elite fitness: 0.30535999999999996
INFO:root:Generation: 113
INFO:root:pop fitness: 0.16459999999999997
INFO:root:elite fitness: 0.26067999999999997
INFO:root:Generation: 128
INFO:root:pop fitness: 0.16736
INFO:root:elite fitness: 0.27136
INFO:root:Generation: 114
INFO:root:pop fitness: 0.18982
INFO:root:elite fitness: 0.31448
INFO:root:Generation: 129
INFO:root:pop fitness: 0.18144000000000002
INFO:root:elite fitness: 0.36764
INFO:root:Generation: 115
INFO:root:pop fitness: 0.16718000000000002
INFO:root:elite fitness: 0.30336
INFO:root:Generation: 130
INFO:root:pop fitness: 0.16738000000000003
INFO:root:elite fitness: 0.30564
INFO:root:Generation: 116
INFO:root:pop fitness: 0.16140000000000002
INFO:root:elite fitness: 0.26468
INFO:root:Generation: 131
INFO:root:pop fitness: 0.16964000000000007
INFO:root:elite fitness: 0.26944
INFO:root:Generation: 117
INFO:root:pop fitness: 0.15904
INFO:root:elite fitness: 0.27068
INFO:root:Generation: 132
INFO:root:pop fitness: 0.1776
INFO:root:elite fitness: 0.27936000000000005
INFO:root:Generation: 118
INFO:root:pop fitness: 0.1442
INFO:root:elite fitness: 0.27724
INFO:root:Generation: 133
INFO:root:pop fitness: 0.17159999999999997
INFO:root:elite fitness: 0.29532
INFO:root:Generation: 134
INFO:root:pop fitness: 0.15988
INFO:root:elite fitness: 0.28316
INFO:root:Generation: 119
INFO:root:pop fitness: 0.14068000000000003
INFO:root:elite fitness: 0.2234
INFO:root:Generation: 135
INFO:root:pop fitness: 0.17534
INFO:root:elite fitness: 0.31456
INFO:root:Generation: 120
INFO:root:pop fitness: 0.16112
INFO:root:elite fitness: 0.29663999999999996
INFO:root:Generation: 136
INFO:root:pop fitness: 0.15534000000000003
INFO:root:elite fitness: 0.27336000000000005
INFO:root:Generation: 121
INFO:root:pop fitness: 0.1714
INFO:root:elite fitness: 0.27428
INFO:root:Generation: 137
INFO:root:pop fitness: 0.15938
INFO:root:elite fitness: 0.25815999999999995
INFO:root:Generation: 122
INFO:root:pop fitness: 0.13802
INFO:root:elite fitness: 0.25895999999999997
INFO:root:Generation: 138
INFO:root:pop fitness: 0.17316000000000004
INFO:root:elite fitness: 0.30963999999999997
INFO:root:Generation: 123
INFO:root:pop fitness: 0.17952
INFO:root:elite fitness: 0.29132
INFO:root:Generation: 139
INFO:root:pop fitness: 0.17046
INFO:root:elite fitness: 0.24996
INFO:root:Generation: 124
INFO:root:pop fitness: 0.17534000000000002
INFO:root:elite fitness: 0.32564
INFO:root:Generation: 140
INFO:root:pop fitness: 0.1663
INFO:root:elite fitness: 0.25416
INFO:root:Generation: 125
INFO:root:pop fitness: 0.1849
INFO:root:elite fitness: 0.30627999999999994
INFO:root:Generation: 141
INFO:root:pop fitness: 0.15098
INFO:root:elite fitness: 0.24380000000000002
INFO:root:Generation: 126
INFO:root:pop fitness: 0.17272
INFO:root:elite fitness: 0.28443999999999997
INFO:root:Generation: 142
INFO:root:pop fitness: 0.15868000000000002
INFO:root:elite fitness: 0.27216
INFO:root:Generation: 143
INFO:root:pop fitness: 0.1455
INFO:root:elite fitness: 0.2242
INFO:root:Generation: 127
INFO:root:pop fitness: 0.1795
INFO:root:elite fitness: 0.28108
INFO:root:Generation: 144
INFO:root:pop fitness: 0.16308
INFO:root:elite fitness: 0.27856
INFO:root:Generation: 128
INFO:root:pop fitness: 0.14696
INFO:root:elite fitness: 0.24428
INFO:root:Generation: 145
INFO:root:pop fitness: 0.16235999999999998
INFO:root:elite fitness: 0.2608
INFO:root:Generation: 129
INFO:root:pop fitness: 0.16967999999999997
INFO:root:elite fitness: 0.30619999999999997
INFO:root:Generation: 146
INFO:root:pop fitness: 0.15908
INFO:root:elite fitness: 0.27276000000000006
INFO:root:Generation: 130
INFO:root:pop fitness: 0.1423
INFO:root:elite fitness: 0.22208000000000003
INFO:root:Generation: 147
INFO:root:pop fitness: 0.1519
INFO:root:elite fitness: 0.25384
INFO:root:Generation: 131
INFO:root:pop fitness: 0.1574
INFO:root:elite fitness: 0.295
INFO:root:Generation: 148
INFO:root:pop fitness: 0.15542
INFO:root:elite fitness: 0.28048
INFO:root:Generation: 132
INFO:root:pop fitness: 0.14792
INFO:root:elite fitness: 0.27216
INFO:root:Generation: 149
INFO:root:pop fitness: 0.17156000000000002
INFO:root:elite fitness: 0.27627999999999997
INFO:root:Generation: 133
INFO:root:pop fitness: 0.18120000000000006
INFO:root:elite fitness: 0.28248
INFO:root:Generation: 150
INFO:root:pop fitness: 0.16142
INFO:root:elite fitness: 0.29112000000000005
INFO:root:Generation: 134
INFO:root:pop fitness: 0.17784
INFO:root:elite fitness: 0.31408
INFO:root:Generation: 151
INFO:root:pop fitness: 0.19214000000000006
INFO:root:elite fitness: 0.3236
INFO:root:Generation: 135
INFO:root:pop fitness: 0.1594
INFO:root:elite fitness: 0.27328
INFO:root:Generation: 152
INFO:root:pop fitness: 0.15098
INFO:root:elite fitness: 0.25628
INFO:root:Generation: 136
INFO:root:pop fitness: 0.19474000000000002
INFO:root:elite fitness: 0.31092000000000003
INFO:root:Generation: 153
INFO:root:pop fitness: 0.16826
INFO:root:elite fitness: 0.28512
INFO:root:Generation: 154
INFO:root:pop fitness: 0.16366
INFO:root:elite fitness: 0.25732
INFO:root:Generation: 137
INFO:root:pop fitness: 0.17120000000000002
INFO:root:elite fitness: 0.29972
INFO:root:Generation: 155
INFO:root:pop fitness: 0.14586
INFO:root:elite fitness: 0.22984
INFO:root:Generation: 138
INFO:root:pop fitness: 0.17354000000000003
INFO:root:elite fitness: 0.28528000000000003
INFO:root:Generation: 156
INFO:root:pop fitness: 0.15014
INFO:root:elite fitness: 0.24232000000000004
INFO:root:Generation: 139
INFO:root:pop fitness: 0.14778000000000002
INFO:root:elite fitness: 0.23084
INFO:root:Generation: 157
INFO:root:pop fitness: 0.1496
INFO:root:elite fitness: 0.24423999999999998
INFO:root:Generation: 140
INFO:root:pop fitness: 0.18158000000000002
INFO:root:elite fitness: 0.29363999999999996
INFO:root:Generation: 158
INFO:root:pop fitness: 0.18298000000000003
INFO:root:elite fitness: 0.31288
INFO:root:Generation: 141
INFO:root:pop fitness: 0.19682000000000002
INFO:root:elite fitness: 0.30760000000000004
INFO:root:Generation: 159
INFO:root:pop fitness: 0.17939999999999998
INFO:root:elite fitness: 0.3118
INFO:root:Generation: 142
INFO:root:pop fitness: 0.15186
INFO:root:elite fitness: 0.25964
INFO:root:Generation: 160
INFO:root:pop fitness: 0.14116
INFO:root:elite fitness: 0.21739999999999998
INFO:root:Generation: 161
INFO:root:pop fitness: 0.1595
INFO:root:elite fitness: 0.25708000000000003
INFO:root:Generation: 143
INFO:root:pop fitness: 0.16438
INFO:root:elite fitness: 0.28615999999999997
INFO:root:Generation: 162
INFO:root:pop fitness: 0.16404
INFO:root:elite fitness: 0.2698
INFO:root:Generation: 144
INFO:root:pop fitness: 0.18322000000000002
INFO:root:elite fitness: 0.31932
INFO:root:Generation: 163
INFO:root:pop fitness: 0.18142
INFO:root:elite fitness: 0.28036
INFO:root:Generation: 145
INFO:root:pop fitness: 0.16913999999999998
INFO:root:elite fitness: 0.27352
INFO:root:Generation: 164
INFO:root:pop fitness: 0.15286000000000002
INFO:root:elite fitness: 0.27412
INFO:root:Generation: 146
INFO:root:pop fitness: 0.17197999999999997
INFO:root:elite fitness: 0.28656000000000004
INFO:root:Generation: 165
INFO:root:pop fitness: 0.15594000000000002
INFO:root:elite fitness: 0.27616
INFO:root:Generation: 147
INFO:root:pop fitness: 0.1452
INFO:root:elite fitness: 0.27616
INFO:root:Generation: 166
INFO:root:pop fitness: 0.18344000000000002
INFO:root:elite fitness: 0.28336
INFO:root:Generation: 148
INFO:root:pop fitness: 0.17856000000000002
INFO:root:elite fitness: 0.3104
INFO:root:Generation: 167
INFO:root:pop fitness: 0.17828
INFO:root:elite fitness: 0.28436
INFO:root:Generation: 149
INFO:root:pop fitness: 0.15391999999999997
INFO:root:elite fitness: 0.24168000000000003
INFO:root:Generation: 168
INFO:root:pop fitness: 0.16676000000000002
INFO:root:elite fitness: 0.27372
INFO:root:Generation: 150
INFO:root:pop fitness: 0.1571
INFO:root:elite fitness: 0.26924
INFO:root:Generation: 169
INFO:root:pop fitness: 0.16128
INFO:root:elite fitness: 0.30548
INFO:root:Generation: 151
INFO:root:pop fitness: 0.16337999999999997
INFO:root:elite fitness: 0.28728000000000004
INFO:root:Generation: 170
INFO:root:pop fitness: 0.17648
INFO:root:elite fitness: 0.28816
INFO:root:Generation: 152
INFO:root:pop fitness: 0.16811999999999996
INFO:root:elite fitness: 0.27224
INFO:root:Generation: 171
INFO:root:pop fitness: 0.16518
INFO:root:elite fitness: 0.2626
INFO:root:Generation: 172
INFO:root:pop fitness: 0.17312000000000002
INFO:root:elite fitness: 0.28748
INFO:root:Generation: 153
INFO:root:pop fitness: 0.16235999999999998
INFO:root:elite fitness: 0.23488
INFO:root:Generation: 173
INFO:root:pop fitness: 0.1622
INFO:root:elite fitness: 0.27932
INFO:root:Generation: 154
INFO:root:pop fitness: 0.16444
INFO:root:elite fitness: 0.27276
INFO:root:Generation: 174
INFO:root:pop fitness: 0.19013999999999995
INFO:root:elite fitness: 0.28736
INFO:root:Generation: 155
INFO:root:pop fitness: 0.17062000000000002
INFO:root:elite fitness: 0.28028
INFO:root:Generation: 175
INFO:root:pop fitness: 0.15321999999999997
INFO:root:elite fitness: 0.30384
INFO:root:Generation: 156
INFO:root:pop fitness: 0.1507
INFO:root:elite fitness: 0.24724000000000002
INFO:root:Generation: 176
INFO:root:pop fitness: 0.17244
INFO:root:elite fitness: 0.28628000000000003
INFO:root:Generation: 157
INFO:root:pop fitness: 0.1494
INFO:root:elite fitness: 0.25752
INFO:root:Generation: 177
INFO:root:pop fitness: 0.16521999999999998
INFO:root:elite fitness: 0.2624
INFO:root:Generation: 158
INFO:root:pop fitness: 0.15304
INFO:root:elite fitness: 0.25068
INFO:root:Generation: 178
INFO:root:pop fitness: 0.16041999999999998
INFO:root:elite fitness: 0.262
INFO:root:Generation: 159
INFO:root:pop fitness: 0.18006
INFO:root:elite fitness: 0.28168
INFO:root:Generation: 179
INFO:root:pop fitness: 0.16812000000000002
INFO:root:elite fitness: 0.24912000000000004
INFO:root:Generation: 160
INFO:root:pop fitness: 0.16052
INFO:root:elite fitness: 0.24983999999999998
INFO:root:Generation: 180
INFO:root:pop fitness: 0.18808
INFO:root:elite fitness: 0.3016
INFO:root:Generation: 181
INFO:root:pop fitness: 0.17278
INFO:root:elite fitness: 0.26380000000000003
INFO:root:Generation: 161
INFO:root:pop fitness: 0.17142
INFO:root:elite fitness: 0.27988
INFO:root:Generation: 182
INFO:root:pop fitness: 0.18772
INFO:root:elite fitness: 0.29216000000000003
INFO:root:Generation: 162
INFO:root:pop fitness: 0.13198000000000001
INFO:root:elite fitness: 0.22636
INFO:root:Generation: 183
INFO:root:pop fitness: 0.18342000000000006
INFO:root:elite fitness: 0.30260000000000004
INFO:root:Generation: 163
INFO:root:pop fitness: 0.14866
INFO:root:elite fitness: 0.27952
INFO:root:Generation: 184
INFO:root:pop fitness: 0.19132000000000002
INFO:root:elite fitness: 0.30332000000000003
INFO:root:Generation: 164
INFO:root:pop fitness: 0.16354
INFO:root:elite fitness: 0.28704
INFO:root:Generation: 185
INFO:root:pop fitness: 0.16831999999999997
INFO:root:elite fitness: 0.30936
INFO:root:Generation: 165
INFO:root:pop fitness: 0.16207999999999997
INFO:root:elite fitness: 0.25751999999999997
INFO:root:Generation: 186
INFO:root:pop fitness: 0.15992000000000003
INFO:root:elite fitness: 0.24975999999999998
INFO:root:Generation: 166
INFO:root:pop fitness: 0.14294
INFO:root:elite fitness: 0.2334
INFO:root:Generation: 187
INFO:root:pop fitness: 0.16432
INFO:root:elite fitness: 0.25212
INFO:root:Generation: 188
INFO:root:pop fitness: 0.18374
INFO:root:elite fitness: 0.2888
INFO:root:Generation: 167
INFO:root:pop fitness: 0.16354
INFO:root:elite fitness: 0.31848
INFO:root:Generation: 189
INFO:root:pop fitness: 0.168
INFO:root:elite fitness: 0.29172
INFO:root:Generation: 168
INFO:root:pop fitness: 0.15150000000000002
INFO:root:elite fitness: 0.251
INFO:root:Generation: 190
INFO:root:pop fitness: 0.15072
INFO:root:elite fitness: 0.28435999999999995
INFO:root:Generation: 169
INFO:root:pop fitness: 0.15348000000000003
INFO:root:elite fitness: 0.29368
INFO:root:Generation: 191
INFO:root:pop fitness: 0.1735
INFO:root:elite fitness: 0.30816
INFO:root:Generation: 170
INFO:root:pop fitness: 0.14428
INFO:root:elite fitness: 0.2666
INFO:root:Generation: 192
INFO:root:pop fitness: 0.18285999999999997
INFO:root:elite fitness: 0.30364
INFO:root:Generation: 171
INFO:root:pop fitness: 0.14844000000000002
INFO:root:elite fitness: 0.26076
INFO:root:Generation: 193
INFO:root:pop fitness: 0.16188
INFO:root:elite fitness: 0.31576
INFO:root:Generation: 172
INFO:root:pop fitness: 0.12326000000000002
INFO:root:elite fitness: 0.24808
INFO:root:Generation: 194
INFO:root:pop fitness: 0.16190000000000002
INFO:root:elite fitness: 0.26292000000000004
INFO:root:Generation: 173
INFO:root:pop fitness: 0.14665999999999998
INFO:root:elite fitness: 0.29452
INFO:root:Generation: 195
INFO:root:pop fitness: 0.18648
INFO:root:elite fitness: 0.31323999999999996
INFO:root:Generation: 196
INFO:root:pop fitness: 0.1664
INFO:root:elite fitness: 0.30512
INFO:root:Generation: 174
INFO:root:pop fitness: 0.14864
INFO:root:elite fitness: 0.25488
INFO:root:Generation: 197
INFO:root:pop fitness: 0.16226
INFO:root:elite fitness: 0.2398
INFO:root:Generation: 175
INFO:root:pop fitness: 0.1598
INFO:root:elite fitness: 0.28552000000000005
INFO:root:Generation: 198
INFO:root:pop fitness: 0.16974
INFO:root:elite fitness: 0.27616
INFO:root:Generation: 176
INFO:root:pop fitness: 0.15200000000000002
INFO:root:elite fitness: 0.25584
INFO:root:Generation: 199
INFO:root:pop fitness: 0.16066
INFO:root:elite fitness: 0.28924
INFO:root:Generation: 177
INFO:root:pop fitness: 0.13688
INFO:root:elite fitness: 0.25164000000000003
INFO:root:Generation: 178
INFO:root:pop fitness: 0.1484
INFO:root:elite fitness: 0.30107999999999996
INFO:root:Generation: 179
INFO:root:pop fitness: 0.14479999999999998
INFO:root:elite fitness: 0.3054
INFO:root:Generation: 180
INFO:root:pop fitness: 0.14772
INFO:root:elite fitness: 0.28956
INFO:root:Generation: 181
INFO:root:pop fitness: 0.13906
INFO:root:elite fitness: 0.26876
INFO:root:Generation: 182
INFO:root:pop fitness: 0.16058
INFO:root:elite fitness: 0.32067999999999997
INFO:root:Generation: 183
INFO:root:pop fitness: 0.15752
INFO:root:elite fitness: 0.29356000000000004
INFO:root:Generation: 184
INFO:root:pop fitness: 0.13462
INFO:root:elite fitness: 0.22732
INFO:root:Generation: 185
INFO:root:pop fitness: 0.16879999999999998
INFO:root:elite fitness: 0.31364000000000003
INFO:root:Generation: 186
INFO:root:pop fitness: 0.11976
INFO:root:elite fitness: 0.23084
INFO:root:Generation: 187
INFO:root:pop fitness: 0.12858
INFO:root:elite fitness: 0.24532
INFO:root:Generation: 188
INFO:root:pop fitness: 0.14112
INFO:root:elite fitness: 0.25492
INFO:root:Generation: 189
INFO:root:pop fitness: 0.14350000000000002
INFO:root:elite fitness: 0.25032
INFO:root:Generation: 190
INFO:root:pop fitness: 0.15960000000000002
INFO:root:elite fitness: 0.28256
INFO:root:Generation: 191
INFO:root:pop fitness: 0.14042000000000002
INFO:root:elite fitness: 0.26732
INFO:root:Generation: 192
INFO:root:pop fitness: 0.17190000000000005
INFO:root:elite fitness: 0.30268
INFO:root:Generation: 193
INFO:root:pop fitness: 0.16330000000000003
INFO:root:elite fitness: 0.2964
INFO:root:Generation: 194
INFO:root:pop fitness: 0.16502
INFO:root:elite fitness: 0.31216
INFO:root:Generation: 195
INFO:root:pop fitness: 0.1893
INFO:root:elite fitness: 0.3026
INFO:root:Generation: 196
INFO:root:pop fitness: 0.13790000000000002
INFO:root:elite fitness: 0.2636
INFO:root:Generation: 197
INFO:root:pop fitness: 0.17951999999999999
INFO:root:elite fitness: 0.29016
INFO:root:Generation: 198
INFO:root:pop fitness: 0.15642
INFO:root:elite fitness: 0.28271999999999997
INFO:root:Generation: 199
INFO:root:pop fitness: 0.14600000000000002
INFO:root:elite fitness: 0.2618
