INFO:root:run_master: Namespace(arms='10', hidden='128', layers='1', max_gen='200', message='', mutation_mag='0.01', name='resetSteps', noise=False, pop_size='50', save_result=True, steps='3', trials='100')
INFO:root:run_master: Namespace(arms='10', hidden='128', layers='1', max_gen='200', message='', mutation_mag='0.01', name='resetSteps', noise=True, pop_size='50', save_result=True, steps='3', trials='100')
INFO:root:Generation: 0
INFO:root:pop fitness: 0.10038
INFO:root:elite fitness: 0.10956000000000002
INFO:root:Generation: 0
INFO:root:pop fitness: 0.09952
INFO:root:elite fitness: 0.10812
INFO:root:Generation: 1
INFO:root:pop fitness: 0.10232000000000001
INFO:root:elite fitness: 0.13555999999999999
INFO:root:Generation: 1
INFO:root:pop fitness: 0.09748
INFO:root:elite fitness: 0.12744
INFO:root:Generation: 2
INFO:root:pop fitness: 0.08940000000000001
INFO:root:elite fitness: 0.13772
INFO:root:Generation: 2
INFO:root:pop fitness: 0.09979999999999999
INFO:root:elite fitness: 0.15123999999999999
INFO:root:Generation: 3
INFO:root:pop fitness: 0.09806000000000001
INFO:root:elite fitness: 0.14752
INFO:root:Generation: 3
INFO:root:pop fitness: 0.10558
INFO:root:elite fitness: 0.19372
INFO:root:Generation: 4
INFO:root:pop fitness: 0.09094000000000001
INFO:root:elite fitness: 0.14804
INFO:root:Generation: 4
INFO:root:pop fitness: 0.08658000000000002
INFO:root:elite fitness: 0.1476
INFO:root:Generation: 5
INFO:root:pop fitness: 0.11479999999999999
INFO:root:elite fitness: 0.18116
INFO:root:Generation: 5
INFO:root:pop fitness: 0.09562000000000001
INFO:root:elite fitness: 0.17251999999999998
INFO:root:Generation: 6
INFO:root:pop fitness: 0.10442
INFO:root:elite fitness: 0.18440000000000004
INFO:root:Generation: 6
INFO:root:pop fitness: 0.09866
INFO:root:elite fitness: 0.19835999999999998
INFO:root:Generation: 7
INFO:root:pop fitness: 0.11693999999999999
INFO:root:elite fitness: 0.22948000000000002
INFO:root:Generation: 7
INFO:root:pop fitness: 0.0967
INFO:root:elite fitness: 0.15108000000000002
INFO:root:Generation: 8
INFO:root:pop fitness: 0.10374
INFO:root:elite fitness: 0.1984
INFO:root:Generation: 8
INFO:root:pop fitness: 0.11803999999999998
INFO:root:elite fitness: 0.24736
INFO:root:Generation: 9
INFO:root:pop fitness: 0.08932000000000001
INFO:root:elite fitness: 0.18584000000000003
INFO:root:Generation: 9
INFO:root:pop fitness: 0.09485999999999999
INFO:root:elite fitness: 0.20524
INFO:root:Generation: 10
INFO:root:pop fitness: 0.13096
INFO:root:elite fitness: 0.21000000000000005
INFO:root:Generation: 10
INFO:root:pop fitness: 0.12269999999999999
INFO:root:elite fitness: 0.23404
INFO:root:Generation: 11
INFO:root:pop fitness: 0.10890000000000002
INFO:root:elite fitness: 0.23424
INFO:root:Generation: 11
INFO:root:pop fitness: 0.11162000000000001
INFO:root:elite fitness: 0.20328
INFO:root:Generation: 12
INFO:root:pop fitness: 0.11986
INFO:root:elite fitness: 0.23751999999999998
INFO:root:Generation: 12
INFO:root:pop fitness: 0.11164000000000002
INFO:root:elite fitness: 0.20811999999999997
INFO:root:Generation: 13
INFO:root:pop fitness: 0.12104
INFO:root:elite fitness: 0.20804000000000003
INFO:root:Generation: 13
INFO:root:pop fitness: 0.10942
INFO:root:elite fitness: 0.21
INFO:root:Generation: 14
INFO:root:pop fitness: 0.13796
INFO:root:elite fitness: 0.26464000000000004
INFO:root:Generation: 14
INFO:root:pop fitness: 0.12015999999999999
INFO:root:elite fitness: 0.24916
INFO:root:Generation: 15
INFO:root:pop fitness: 0.1309
INFO:root:elite fitness: 0.28792
INFO:root:Generation: 15
INFO:root:pop fitness: 0.10801999999999999
INFO:root:elite fitness: 0.2002
INFO:root:Generation: 16
INFO:root:pop fitness: 0.12186
INFO:root:elite fitness: 0.24792000000000003
INFO:root:Generation: 16
INFO:root:pop fitness: 0.08004000000000001
INFO:root:elite fitness: 0.21971999999999997
INFO:root:Generation: 17
INFO:root:pop fitness: 0.1475
INFO:root:elite fitness: 0.24580000000000002
INFO:root:Generation: 17
INFO:root:pop fitness: 0.11323999999999998
INFO:root:elite fitness: 0.22312
INFO:root:Generation: 18
INFO:root:pop fitness: 0.14071999999999998
INFO:root:elite fitness: 0.30548
INFO:root:Generation: 18
INFO:root:pop fitness: 0.08852000000000002
INFO:root:elite fitness: 0.17515999999999998
INFO:root:Generation: 19
INFO:root:pop fitness: 0.13440000000000002
INFO:root:elite fitness: 0.2782
INFO:root:Generation: 19
INFO:root:pop fitness: 0.10844
INFO:root:elite fitness: 0.17796
INFO:root:Generation: 20
INFO:root:pop fitness: 0.13842
INFO:root:elite fitness: 0.30116
INFO:root:Generation: 20
INFO:root:pop fitness: 0.10302
INFO:root:elite fitness: 0.21287999999999996
INFO:root:Generation: 21
INFO:root:pop fitness: 0.11882000000000001
INFO:root:elite fitness: 0.2064
INFO:root:Generation: 21
INFO:root:pop fitness: 0.09658
INFO:root:elite fitness: 0.18648
INFO:root:Generation: 22
INFO:root:pop fitness: 0.13654
INFO:root:elite fitness: 0.25132
INFO:root:Generation: 23
INFO:root:pop fitness: 0.10844000000000001
INFO:root:elite fitness: 0.20484000000000002
INFO:root:Generation: 22
INFO:root:pop fitness: 0.10302
INFO:root:elite fitness: 0.20887999999999998
INFO:root:Generation: 24
INFO:root:pop fitness: 0.12498
INFO:root:elite fitness: 0.22416
INFO:root:Generation: 23
INFO:root:pop fitness: 0.09223999999999999
INFO:root:elite fitness: 0.20740000000000003
INFO:root:Generation: 25
INFO:root:pop fitness: 0.1245
INFO:root:elite fitness: 0.2164
INFO:root:Generation: 24
INFO:root:pop fitness: 0.10914000000000001
INFO:root:elite fitness: 0.22128
INFO:root:Generation: 26
INFO:root:pop fitness: 0.12440000000000001
INFO:root:elite fitness: 0.27368000000000003
INFO:root:Generation: 25
INFO:root:pop fitness: 0.13224000000000002
INFO:root:elite fitness: 0.25416
INFO:root:Generation: 27
INFO:root:pop fitness: 0.13388
INFO:root:elite fitness: 0.23556000000000002
INFO:root:Generation: 26
INFO:root:pop fitness: 0.10923999999999999
INFO:root:elite fitness: 0.22196000000000002
INFO:root:Generation: 28
INFO:root:pop fitness: 0.1
INFO:root:elite fitness: 0.21043999999999996
INFO:root:Generation: 27
INFO:root:pop fitness: 0.12916
INFO:root:elite fitness: 0.20608
INFO:root:Generation: 29
INFO:root:pop fitness: 0.12932000000000002
INFO:root:elite fitness: 0.26596
INFO:root:Generation: 28
INFO:root:pop fitness: 0.1134
INFO:root:elite fitness: 0.24032
INFO:root:Generation: 30
INFO:root:pop fitness: 0.10325999999999999
INFO:root:elite fitness: 0.2082
INFO:root:Generation: 31
INFO:root:pop fitness: 0.12904000000000002
INFO:root:elite fitness: 0.23604
INFO:root:Generation: 29
INFO:root:pop fitness: 0.13141999999999998
INFO:root:elite fitness: 0.2458
INFO:root:Generation: 32
INFO:root:pop fitness: 0.12824000000000002
INFO:root:elite fitness: 0.24480000000000002
INFO:root:Generation: 30
INFO:root:pop fitness: 0.15146
INFO:root:elite fitness: 0.29328
INFO:root:Generation: 33
INFO:root:pop fitness: 0.12147999999999999
INFO:root:elite fitness: 0.24108000000000002
INFO:root:Generation: 31
INFO:root:pop fitness: 0.12319999999999999
INFO:root:elite fitness: 0.24532
INFO:root:Generation: 34
INFO:root:pop fitness: 0.1352
INFO:root:elite fitness: 0.26564
INFO:root:Generation: 32
INFO:root:pop fitness: 0.11804000000000002
INFO:root:elite fitness: 0.28528000000000003
INFO:root:Generation: 35
INFO:root:pop fitness: 0.11825999999999999
INFO:root:elite fitness: 0.22432000000000002
INFO:root:Generation: 33
INFO:root:pop fitness: 0.13085999999999998
INFO:root:elite fitness: 0.2396
INFO:root:Generation: 36
INFO:root:pop fitness: 0.15894
INFO:root:elite fitness: 0.26552
INFO:root:Generation: 34
INFO:root:pop fitness: 0.13492
INFO:root:elite fitness: 0.259
INFO:root:Generation: 37
INFO:root:pop fitness: 0.15964
INFO:root:elite fitness: 0.28815999999999997
INFO:root:Generation: 35
INFO:root:pop fitness: 0.115
INFO:root:elite fitness: 0.23788
INFO:root:Generation: 38
INFO:root:pop fitness: 0.12064
INFO:root:elite fitness: 0.26032
INFO:root:Generation: 36
INFO:root:pop fitness: 0.14234
INFO:root:elite fitness: 0.26752000000000004
INFO:root:Generation: 39
INFO:root:pop fitness: 0.15542
INFO:root:elite fitness: 0.27656
INFO:root:Generation: 37
INFO:root:pop fitness: 0.14078
INFO:root:elite fitness: 0.25328
INFO:root:Generation: 40
INFO:root:pop fitness: 0.15249999999999997
INFO:root:elite fitness: 0.266
INFO:root:Generation: 38
INFO:root:pop fitness: 0.16696000000000003
INFO:root:elite fitness: 0.29476
INFO:root:Generation: 41
INFO:root:pop fitness: 0.12380000000000001
INFO:root:elite fitness: 0.22072
INFO:root:Generation: 39
INFO:root:pop fitness: 0.17997999999999997
INFO:root:elite fitness: 0.34575999999999996
INFO:root:Generation: 42
INFO:root:pop fitness: 0.12624000000000002
INFO:root:elite fitness: 0.25296
INFO:root:Generation: 43
INFO:root:pop fitness: 0.11914000000000001
INFO:root:elite fitness: 0.2488
INFO:root:Generation: 40
INFO:root:pop fitness: 0.16641999999999998
INFO:root:elite fitness: 0.31396
INFO:root:Generation: 44
INFO:root:pop fitness: 0.13208
INFO:root:elite fitness: 0.23772000000000001
INFO:root:Generation: 41
INFO:root:pop fitness: 0.17013999999999999
INFO:root:elite fitness: 0.31596
INFO:root:Generation: 45
INFO:root:pop fitness: 0.14281999999999997
INFO:root:elite fitness: 0.2396
INFO:root:Generation: 42
INFO:root:pop fitness: 0.16302
INFO:root:elite fitness: 0.31060000000000004
INFO:root:Generation: 46
INFO:root:pop fitness: 0.12756
INFO:root:elite fitness: 0.27396
INFO:root:Generation: 43
INFO:root:pop fitness: 0.1368
INFO:root:elite fitness: 0.24056
INFO:root:Generation: 44
INFO:root:pop fitness: 0.12624000000000002
INFO:root:elite fitness: 0.21692
INFO:root:Generation: 47
INFO:root:pop fitness: 0.11206
INFO:root:elite fitness: 0.24919999999999998
INFO:root:Generation: 48
INFO:root:pop fitness: 0.1118
INFO:root:elite fitness: 0.26892
INFO:root:Generation: 45
INFO:root:pop fitness: 0.12377999999999999
INFO:root:elite fitness: 0.26028
INFO:root:Generation: 49
INFO:root:pop fitness: 0.16150000000000003
INFO:root:elite fitness: 0.31328
INFO:root:Generation: 46
INFO:root:pop fitness: 0.12276000000000002
INFO:root:elite fitness: 0.25328
INFO:root:Generation: 50
INFO:root:pop fitness: 0.12737999999999997
INFO:root:elite fitness: 0.27040000000000003
INFO:root:Generation: 47
INFO:root:pop fitness: 0.14062
INFO:root:elite fitness: 0.26488
INFO:root:Generation: 51
INFO:root:pop fitness: 0.15872
INFO:root:elite fitness: 0.28536
INFO:root:Generation: 48
INFO:root:pop fitness: 0.14568
INFO:root:elite fitness: 0.28672000000000003
INFO:root:Generation: 52
INFO:root:pop fitness: 0.11708000000000002
INFO:root:elite fitness: 0.24008000000000002
INFO:root:Generation: 49
INFO:root:pop fitness: 0.14652
INFO:root:elite fitness: 0.27788
INFO:root:Generation: 53
INFO:root:pop fitness: 0.13474
INFO:root:elite fitness: 0.26611999999999997
INFO:root:Generation: 50
INFO:root:pop fitness: 0.16744000000000003
INFO:root:elite fitness: 0.30624
INFO:root:Generation: 54
INFO:root:pop fitness: 0.15181999999999998
INFO:root:elite fitness: 0.2986
INFO:root:Generation: 51
INFO:root:pop fitness: 0.13444
INFO:root:elite fitness: 0.25872
INFO:root:Generation: 55
INFO:root:pop fitness: 0.13654
INFO:root:elite fitness: 0.27904
INFO:root:Generation: 52
INFO:root:pop fitness: 0.16712
INFO:root:elite fitness: 0.27348
INFO:root:Generation: 56
INFO:root:pop fitness: 0.13732
INFO:root:elite fitness: 0.27143999999999996
INFO:root:Generation: 53
INFO:root:pop fitness: 0.15316
INFO:root:elite fitness: 0.25927999999999995
INFO:root:Generation: 57
INFO:root:pop fitness: 0.1435
INFO:root:elite fitness: 0.29259999999999997
INFO:root:Generation: 54
INFO:root:pop fitness: 0.15825999999999998
INFO:root:elite fitness: 0.32848
INFO:root:Generation: 58
INFO:root:pop fitness: 0.13272
INFO:root:elite fitness: 0.2468
INFO:root:Generation: 55
INFO:root:pop fitness: 0.14201999999999998
INFO:root:elite fitness: 0.21583999999999995
INFO:root:Generation: 59
INFO:root:pop fitness: 0.15948
INFO:root:elite fitness: 0.28324
INFO:root:Generation: 56
INFO:root:pop fitness: 0.14918
INFO:root:elite fitness: 0.26624000000000003
INFO:root:Generation: 60
INFO:root:pop fitness: 0.15404
INFO:root:elite fitness: 0.25824
INFO:root:Generation: 57
INFO:root:pop fitness: 0.14403999999999997
INFO:root:elite fitness: 0.24756
INFO:root:Generation: 61
INFO:root:pop fitness: 0.16622
INFO:root:elite fitness: 0.32188
INFO:root:Generation: 58
INFO:root:pop fitness: 0.14632
INFO:root:elite fitness: 0.29031999999999997
INFO:root:Generation: 62
INFO:root:pop fitness: 0.16124000000000002
INFO:root:elite fitness: 0.29824
INFO:root:Generation: 59
INFO:root:pop fitness: 0.17681999999999998
INFO:root:elite fitness: 0.32280000000000003
INFO:root:Generation: 63
INFO:root:pop fitness: 0.13398
INFO:root:elite fitness: 0.27336000000000005
INFO:root:Generation: 60
INFO:root:pop fitness: 0.1702
INFO:root:elite fitness: 0.3196399999999999
INFO:root:Generation: 64
INFO:root:pop fitness: 0.15656
INFO:root:elite fitness: 0.29112000000000005
INFO:root:Generation: 61
INFO:root:pop fitness: 0.1452
INFO:root:elite fitness: 0.27984
INFO:root:Generation: 65
INFO:root:pop fitness: 0.16779999999999998
INFO:root:elite fitness: 0.31796
INFO:root:Generation: 62
INFO:root:pop fitness: 0.17404
INFO:root:elite fitness: 0.27712000000000003
INFO:root:Generation: 66
INFO:root:pop fitness: 0.14602
INFO:root:elite fitness: 0.28496
INFO:root:Generation: 63
INFO:root:pop fitness: 0.15380000000000002
INFO:root:elite fitness: 0.30948
INFO:root:Generation: 67
INFO:root:pop fitness: 0.17442
INFO:root:elite fitness: 0.30163999999999996
INFO:root:Generation: 64
INFO:root:pop fitness: 0.17013999999999999
INFO:root:elite fitness: 0.29963999999999996
INFO:root:Generation: 68
INFO:root:pop fitness: 0.17658000000000004
INFO:root:elite fitness: 0.30339999999999995
INFO:root:Generation: 65
INFO:root:pop fitness: 0.17228
INFO:root:elite fitness: 0.31972
INFO:root:Generation: 69
INFO:root:pop fitness: 0.17861999999999995
INFO:root:elite fitness: 0.35100000000000003
INFO:root:Generation: 66
INFO:root:pop fitness: 0.17237999999999995
INFO:root:elite fitness: 0.30376000000000003
INFO:root:Generation: 70
INFO:root:pop fitness: 0.15946
INFO:root:elite fitness: 0.2738
INFO:root:Generation: 67
INFO:root:pop fitness: 0.19452000000000003
INFO:root:elite fitness: 0.34488
INFO:root:Generation: 71
INFO:root:pop fitness: 0.147
INFO:root:elite fitness: 0.3145200000000001
INFO:root:Generation: 68
INFO:root:pop fitness: 0.16654
INFO:root:elite fitness: 0.35536
INFO:root:Generation: 72
INFO:root:pop fitness: 0.15200000000000002
INFO:root:elite fitness: 0.32944
INFO:root:Generation: 73
INFO:root:pop fitness: 0.17186
INFO:root:elite fitness: 0.33812
INFO:root:Generation: 69
INFO:root:pop fitness: 0.18667999999999998
INFO:root:elite fitness: 0.30728
INFO:root:Generation: 74
INFO:root:pop fitness: 0.16895999999999997
INFO:root:elite fitness: 0.33636000000000005
INFO:root:Generation: 70
INFO:root:pop fitness: 0.17628
INFO:root:elite fitness: 0.30084
INFO:root:Generation: 75
INFO:root:pop fitness: 0.18469999999999998
INFO:root:elite fitness: 0.3074
INFO:root:Generation: 71
INFO:root:pop fitness: 0.14326
INFO:root:elite fitness: 0.28271999999999997
INFO:root:Generation: 76
INFO:root:pop fitness: 0.16168
INFO:root:elite fitness: 0.29248
INFO:root:Generation: 72
INFO:root:pop fitness: 0.14846
INFO:root:elite fitness: 0.28371999999999997
INFO:root:Generation: 77
INFO:root:pop fitness: 0.14892
INFO:root:elite fitness: 0.22936
INFO:root:Generation: 73
INFO:root:pop fitness: 0.20792000000000002
INFO:root:elite fitness: 0.32728
INFO:root:Generation: 78
INFO:root:pop fitness: 0.14508
INFO:root:elite fitness: 0.29347999999999996
INFO:root:Generation: 74
INFO:root:pop fitness: 0.19390000000000002
INFO:root:elite fitness: 0.32336
INFO:root:Generation: 79
INFO:root:pop fitness: 0.13964000000000001
INFO:root:elite fitness: 0.25316
INFO:root:Generation: 75
INFO:root:pop fitness: 0.23757999999999999
INFO:root:elite fitness: 0.39476
INFO:root:Generation: 80
INFO:root:pop fitness: 0.12988
INFO:root:elite fitness: 0.2464
INFO:root:Generation: 76
INFO:root:pop fitness: 0.17387999999999998
INFO:root:elite fitness: 0.3124
INFO:root:Generation: 81
INFO:root:pop fitness: 0.14952000000000001
INFO:root:elite fitness: 0.26224
INFO:root:Generation: 77
INFO:root:pop fitness: 0.15328
INFO:root:elite fitness: 0.28696
INFO:root:Generation: 82
INFO:root:pop fitness: 0.13454
INFO:root:elite fitness: 0.26067999999999997
INFO:root:Generation: 78
INFO:root:pop fitness: 0.16584
INFO:root:elite fitness: 0.28884
INFO:root:Generation: 83
INFO:root:pop fitness: 0.15864
INFO:root:elite fitness: 0.30364
INFO:root:Generation: 79
INFO:root:pop fitness: 0.17193999999999995
INFO:root:elite fitness: 0.34199999999999997
INFO:root:Generation: 84
INFO:root:pop fitness: 0.179
INFO:root:elite fitness: 0.3446
INFO:root:Generation: 80
INFO:root:pop fitness: 0.1585
INFO:root:elite fitness: 0.28748
INFO:root:Generation: 85
INFO:root:pop fitness: 0.13912000000000002
INFO:root:elite fitness: 0.28336000000000006
INFO:root:Generation: 81
INFO:root:pop fitness: 0.17441999999999996
INFO:root:elite fitness: 0.3174
INFO:root:Generation: 86
INFO:root:pop fitness: 0.16270000000000004
INFO:root:elite fitness: 0.32520000000000004
INFO:root:Generation: 87
INFO:root:pop fitness: 0.1376
INFO:root:elite fitness: 0.27899999999999997
INFO:root:Generation: 82
INFO:root:pop fitness: 0.1568
INFO:root:elite fitness: 0.29064
INFO:root:Generation: 88
INFO:root:pop fitness: 0.17713999999999996
INFO:root:elite fitness: 0.27644
INFO:root:Generation: 83
INFO:root:pop fitness: 0.16531999999999997
INFO:root:elite fitness: 0.27704
INFO:root:Generation: 89
INFO:root:pop fitness: 0.17028
INFO:root:elite fitness: 0.30812
INFO:root:Generation: 84
INFO:root:pop fitness: 0.17982000000000004
INFO:root:elite fitness: 0.28592
INFO:root:Generation: 90
INFO:root:pop fitness: 0.1723
INFO:root:elite fitness: 0.31920000000000004
INFO:root:Generation: 85
INFO:root:pop fitness: 0.15576
INFO:root:elite fitness: 0.32456
INFO:root:Generation: 91
INFO:root:pop fitness: 0.16424
INFO:root:elite fitness: 0.28892
INFO:root:Generation: 86
INFO:root:pop fitness: 0.16678
INFO:root:elite fitness: 0.3646400000000001
INFO:root:Generation: 92
INFO:root:pop fitness: 0.14914
INFO:root:elite fitness: 0.28648
INFO:root:Generation: 87
INFO:root:pop fitness: 0.14912
INFO:root:elite fitness: 0.30916
INFO:root:Generation: 93
INFO:root:pop fitness: 0.1266
INFO:root:elite fitness: 0.26844
INFO:root:Generation: 88
INFO:root:pop fitness: 0.17672000000000002
INFO:root:elite fitness: 0.31124
INFO:root:Generation: 94
INFO:root:pop fitness: 0.12758
INFO:root:elite fitness: 0.26932
INFO:root:Generation: 89
INFO:root:pop fitness: 0.16096
INFO:root:elite fitness: 0.31932000000000005
INFO:root:Generation: 95
INFO:root:pop fitness: 0.16762
INFO:root:elite fitness: 0.27188
INFO:root:Generation: 90
INFO:root:pop fitness: 0.17404
INFO:root:elite fitness: 0.28628
INFO:root:Generation: 96
INFO:root:pop fitness: 0.16091999999999998
INFO:root:elite fitness: 0.30588
INFO:root:Generation: 91
INFO:root:pop fitness: 0.17489999999999997
INFO:root:elite fitness: 0.38652000000000003
INFO:root:Generation: 97
INFO:root:pop fitness: 0.15019999999999997
INFO:root:elite fitness: 0.23292000000000002
INFO:root:Generation: 92
INFO:root:pop fitness: 0.16246000000000002
INFO:root:elite fitness: 0.32116
INFO:root:Generation: 98
INFO:root:pop fitness: 0.14116
INFO:root:elite fitness: 0.26884
INFO:root:Generation: 93
INFO:root:pop fitness: 0.18283999999999995
INFO:root:elite fitness: 0.33312
INFO:root:Generation: 99
INFO:root:pop fitness: 0.14495999999999998
INFO:root:elite fitness: 0.28912000000000004
INFO:root:Generation: 94
INFO:root:pop fitness: 0.1766
INFO:root:elite fitness: 0.34064
INFO:root:Generation: 100
INFO:root:pop fitness: 0.13924
INFO:root:elite fitness: 0.28700000000000003
INFO:root:Generation: 95
INFO:root:pop fitness: 0.19612
INFO:root:elite fitness: 0.32212
INFO:root:Generation: 101
INFO:root:pop fitness: 0.1548
INFO:root:elite fitness: 0.26152000000000003
INFO:root:Generation: 96
INFO:root:pop fitness: 0.17966
INFO:root:elite fitness: 0.33248000000000005
INFO:root:Generation: 102
INFO:root:pop fitness: 0.13818000000000003
INFO:root:elite fitness: 0.23151999999999998
INFO:root:Generation: 103
INFO:root:pop fitness: 0.18876
INFO:root:elite fitness: 0.29436
INFO:root:Generation: 97
INFO:root:pop fitness: 0.14986
INFO:root:elite fitness: 0.30016000000000004
INFO:root:Generation: 104
INFO:root:pop fitness: 0.15494000000000002
INFO:root:elite fitness: 0.26656
INFO:root:Generation: 98
INFO:root:pop fitness: 0.19652
INFO:root:elite fitness: 0.31335999999999997
INFO:root:Generation: 105
INFO:root:pop fitness: 0.19521999999999998
INFO:root:elite fitness: 0.34548
INFO:root:Generation: 99
INFO:root:pop fitness: 0.18472000000000002
INFO:root:elite fitness: 0.33088
INFO:root:Generation: 106
INFO:root:pop fitness: 0.14916
INFO:root:elite fitness: 0.26760000000000006
INFO:root:Generation: 100
INFO:root:pop fitness: 0.19084
INFO:root:elite fitness: 0.33636000000000005
INFO:root:Generation: 107
INFO:root:pop fitness: 0.13712000000000002
INFO:root:elite fitness: 0.23356
INFO:root:Generation: 101
INFO:root:pop fitness: 0.16976000000000002
INFO:root:elite fitness: 0.30936
INFO:root:Generation: 108
INFO:root:pop fitness: 0.1725
INFO:root:elite fitness: 0.31104
INFO:root:Generation: 102
INFO:root:pop fitness: 0.17722000000000002
INFO:root:elite fitness: 0.29152
INFO:root:Generation: 109
INFO:root:pop fitness: 0.14720000000000003
INFO:root:elite fitness: 0.28912000000000004
INFO:root:Generation: 103
INFO:root:pop fitness: 0.17158
INFO:root:elite fitness: 0.3288
INFO:root:Generation: 110
INFO:root:pop fitness: 0.16491999999999998
INFO:root:elite fitness: 0.32744
INFO:root:Generation: 104
INFO:root:pop fitness: 0.18655999999999998
INFO:root:elite fitness: 0.32888
INFO:root:Generation: 111
INFO:root:pop fitness: 0.15934
INFO:root:elite fitness: 0.29312
INFO:root:Generation: 105
INFO:root:pop fitness: 0.17867999999999998
INFO:root:elite fitness: 0.35456
INFO:root:Generation: 112
INFO:root:pop fitness: 0.15974
INFO:root:elite fitness: 0.27359999999999995
INFO:root:Generation: 113
INFO:root:pop fitness: 0.14966000000000002
INFO:root:elite fitness: 0.26432
INFO:root:Generation: 106
INFO:root:pop fitness: 0.21295999999999998
INFO:root:elite fitness: 0.36588
INFO:root:Generation: 114
INFO:root:pop fitness: 0.16198
INFO:root:elite fitness: 0.30932000000000004
INFO:root:Generation: 107
INFO:root:pop fitness: 0.22218
INFO:root:elite fitness: 0.3401200000000001
INFO:root:Generation: 115
INFO:root:pop fitness: 0.1546
INFO:root:elite fitness: 0.26584
INFO:root:Generation: 108
INFO:root:pop fitness: 0.23394
INFO:root:elite fitness: 0.34332
INFO:root:Generation: 116
INFO:root:pop fitness: 0.14714
INFO:root:elite fitness: 0.26208
INFO:root:Generation: 109
INFO:root:pop fitness: 0.21624
INFO:root:elite fitness: 0.39663999999999994
INFO:root:Generation: 117
INFO:root:pop fitness: 0.16724
INFO:root:elite fitness: 0.32072
INFO:root:Generation: 110
INFO:root:pop fitness: 0.20264
INFO:root:elite fitness: 0.34415999999999997
INFO:root:Generation: 118
INFO:root:pop fitness: 0.17613999999999996
INFO:root:elite fitness: 0.32976
INFO:root:Generation: 111
INFO:root:pop fitness: 0.21553999999999998
INFO:root:elite fitness: 0.43716
INFO:root:Generation: 119
INFO:root:pop fitness: 0.16974
INFO:root:elite fitness: 0.35479999999999995
INFO:root:Generation: 112
INFO:root:pop fitness: 0.1564
INFO:root:elite fitness: 0.27356
INFO:root:Generation: 120
INFO:root:pop fitness: 0.19419999999999998
INFO:root:elite fitness: 0.3676
INFO:root:Generation: 113
INFO:root:pop fitness: 0.17828000000000002
INFO:root:elite fitness: 0.30916
INFO:root:Generation: 121
INFO:root:pop fitness: 0.18256
INFO:root:elite fitness: 0.32008000000000003
INFO:root:Generation: 114
INFO:root:pop fitness: 0.18676
INFO:root:elite fitness: 0.31296
INFO:root:Generation: 122
INFO:root:pop fitness: 0.19282
INFO:root:elite fitness: 0.36275999999999997
INFO:root:Generation: 123
INFO:root:pop fitness: 0.20574
INFO:root:elite fitness: 0.33124000000000003
INFO:root:Generation: 115
INFO:root:pop fitness: 0.17132000000000003
INFO:root:elite fitness: 0.3226
INFO:root:Generation: 124
INFO:root:pop fitness: 0.16354
INFO:root:elite fitness: 0.33671999999999996
INFO:root:Generation: 116
INFO:root:pop fitness: 0.20146
INFO:root:elite fitness: 0.30748000000000003
INFO:root:Generation: 125
INFO:root:pop fitness: 0.18270000000000003
INFO:root:elite fitness: 0.35551999999999995
INFO:root:Generation: 117
INFO:root:pop fitness: 0.18314
INFO:root:elite fitness: 0.29812
INFO:root:Generation: 126
INFO:root:pop fitness: 0.19767999999999997
INFO:root:elite fitness: 0.29507999999999995
INFO:root:Generation: 118
INFO:root:pop fitness: 0.19722000000000006
INFO:root:elite fitness: 0.32644
INFO:root:Generation: 127
INFO:root:pop fitness: 0.16946000000000003
INFO:root:elite fitness: 0.321
INFO:root:Generation: 119
INFO:root:pop fitness: 0.19695999999999997
INFO:root:elite fitness: 0.35908
INFO:root:Generation: 128
INFO:root:pop fitness: 0.16884
INFO:root:elite fitness: 0.34784000000000004
INFO:root:Generation: 120
INFO:root:pop fitness: 0.20442
INFO:root:elite fitness: 0.3162
INFO:root:Generation: 129
INFO:root:pop fitness: 0.18064000000000002
INFO:root:elite fitness: 0.3006
INFO:root:Generation: 121
INFO:root:pop fitness: 0.13708
INFO:root:elite fitness: 0.26972
INFO:root:Generation: 130
INFO:root:pop fitness: 0.1778
INFO:root:elite fitness: 0.30016
INFO:root:Generation: 122
INFO:root:pop fitness: 0.15334
INFO:root:elite fitness: 0.28003999999999996
INFO:root:Generation: 131
INFO:root:pop fitness: 0.2122
INFO:root:elite fitness: 0.3422
INFO:root:Generation: 123
INFO:root:pop fitness: 0.14868000000000003
INFO:root:elite fitness: 0.29128000000000004
INFO:root:Generation: 132
INFO:root:pop fitness: 0.19977999999999999
INFO:root:elite fitness: 0.34324
INFO:root:Generation: 124
INFO:root:pop fitness: 0.17082
INFO:root:elite fitness: 0.3412799999999999
INFO:root:Generation: 133
INFO:root:pop fitness: 0.16852
INFO:root:elite fitness: 0.31751999999999997
INFO:root:Generation: 125
INFO:root:pop fitness: 0.19138
INFO:root:elite fitness: 0.32288000000000006
INFO:root:Generation: 134
INFO:root:pop fitness: 0.19580000000000003
INFO:root:elite fitness: 0.36252
INFO:root:Generation: 126
INFO:root:pop fitness: 0.17578
INFO:root:elite fitness: 0.32484
INFO:root:Generation: 135
INFO:root:pop fitness: 0.16895999999999997
INFO:root:elite fitness: 0.29072000000000003
INFO:root:Generation: 127
INFO:root:pop fitness: 0.11886
INFO:root:elite fitness: 0.24903999999999996
INFO:root:Generation: 136
INFO:root:pop fitness: 0.17138
INFO:root:elite fitness: 0.28708
INFO:root:Generation: 128
INFO:root:pop fitness: 0.18224
INFO:root:elite fitness: 0.30844
INFO:root:Generation: 137
INFO:root:pop fitness: 0.20623999999999998
INFO:root:elite fitness: 0.38804
INFO:root:Generation: 138
INFO:root:pop fitness: 0.1987
INFO:root:elite fitness: 0.34964
INFO:root:Generation: 129
INFO:root:pop fitness: 0.17702
INFO:root:elite fitness: 0.30564
INFO:root:Generation: 139
INFO:root:pop fitness: 0.17308
INFO:root:elite fitness: 0.3328
INFO:root:Generation: 130
INFO:root:pop fitness: 0.19408
INFO:root:elite fitness: 0.41019999999999995
INFO:root:Generation: 140
INFO:root:pop fitness: 0.17622
INFO:root:elite fitness: 0.35747999999999996
INFO:root:Generation: 131
INFO:root:pop fitness: 0.18169999999999997
INFO:root:elite fitness: 0.30316
INFO:root:Generation: 141
INFO:root:pop fitness: 0.19447999999999996
INFO:root:elite fitness: 0.38067999999999996
INFO:root:Generation: 132
INFO:root:pop fitness: 0.20156
INFO:root:elite fitness: 0.35776
INFO:root:Generation: 142
INFO:root:pop fitness: 0.18764
INFO:root:elite fitness: 0.34003999999999995
INFO:root:Generation: 133
INFO:root:pop fitness: 0.16874
INFO:root:elite fitness: 0.37032000000000004
INFO:root:Generation: 143
INFO:root:pop fitness: 0.17695999999999998
INFO:root:elite fitness: 0.35872
INFO:root:Generation: 134
INFO:root:pop fitness: 0.19979999999999998
INFO:root:elite fitness: 0.40812000000000004
INFO:root:Generation: 144
INFO:root:pop fitness: 0.1819
INFO:root:elite fitness: 0.32032000000000005
INFO:root:Generation: 145
INFO:root:pop fitness: 0.16852
INFO:root:elite fitness: 0.29332
INFO:root:Generation: 135
INFO:root:pop fitness: 0.19378
INFO:root:elite fitness: 0.3628
INFO:root:Generation: 146
INFO:root:pop fitness: 0.17781999999999998
INFO:root:elite fitness: 0.31595999999999996
INFO:root:Generation: 136
INFO:root:pop fitness: 0.16602
INFO:root:elite fitness: 0.28592
INFO:root:Generation: 147
INFO:root:pop fitness: 0.17648
INFO:root:elite fitness: 0.33484
INFO:root:Generation: 137
INFO:root:pop fitness: 0.19296
INFO:root:elite fitness: 0.32236
INFO:root:Generation: 148
INFO:root:pop fitness: 0.19652
INFO:root:elite fitness: 0.33008000000000004
INFO:root:Generation: 138
INFO:root:pop fitness: 0.17476000000000003
INFO:root:elite fitness: 0.2738
INFO:root:Generation: 149
INFO:root:pop fitness: 0.20102000000000003
INFO:root:elite fitness: 0.29552
INFO:root:Generation: 139
INFO:root:pop fitness: 0.1761
INFO:root:elite fitness: 0.36588
INFO:root:Generation: 150
INFO:root:pop fitness: 0.21102
INFO:root:elite fitness: 0.34543999999999997
INFO:root:Generation: 140
INFO:root:pop fitness: 0.17116000000000003
INFO:root:elite fitness: 0.332
INFO:root:Generation: 151
INFO:root:pop fitness: 0.22179999999999997
INFO:root:elite fitness: 0.3454
INFO:root:Generation: 141
INFO:root:pop fitness: 0.17013999999999999
INFO:root:elite fitness: 0.31588
INFO:root:Generation: 152
INFO:root:pop fitness: 0.21098
INFO:root:elite fitness: 0.36304000000000003
INFO:root:Generation: 153
INFO:root:pop fitness: 0.21638000000000002
INFO:root:elite fitness: 0.36119999999999997
INFO:root:Generation: 142
INFO:root:pop fitness: 0.16222
INFO:root:elite fitness: 0.33399999999999996
INFO:root:Generation: 154
INFO:root:pop fitness: 0.17380000000000004
INFO:root:elite fitness: 0.29152
INFO:root:Generation: 143
INFO:root:pop fitness: 0.17146
INFO:root:elite fitness: 0.32256
INFO:root:Generation: 155
INFO:root:pop fitness: 0.20208
INFO:root:elite fitness: 0.3902399999999999
INFO:root:Generation: 144
INFO:root:pop fitness: 0.17945999999999998
INFO:root:elite fitness: 0.327
INFO:root:Generation: 156
INFO:root:pop fitness: 0.20046
INFO:root:elite fitness: 0.36804000000000003
INFO:root:Generation: 145
INFO:root:pop fitness: 0.16442000000000004
INFO:root:elite fitness: 0.32744
INFO:root:Generation: 157
INFO:root:pop fitness: 0.18068
INFO:root:elite fitness: 0.29336
INFO:root:Generation: 146
INFO:root:pop fitness: 0.17772
INFO:root:elite fitness: 0.31064
INFO:root:Generation: 158
INFO:root:pop fitness: 0.17913999999999997
INFO:root:elite fitness: 0.30124
INFO:root:Generation: 147
INFO:root:pop fitness: 0.18246
INFO:root:elite fitness: 0.33080000000000004
INFO:root:Generation: 159
INFO:root:pop fitness: 0.17174
INFO:root:elite fitness: 0.27708
INFO:root:Generation: 148
INFO:root:pop fitness: 0.15364
INFO:root:elite fitness: 0.27140000000000003
INFO:root:Generation: 160
INFO:root:pop fitness: 0.19064
INFO:root:elite fitness: 0.39299999999999996
INFO:root:Generation: 149
INFO:root:pop fitness: 0.17872
INFO:root:elite fitness: 0.30363999999999997
INFO:root:Generation: 161
INFO:root:pop fitness: 0.17958000000000002
INFO:root:elite fitness: 0.30523999999999996
INFO:root:Generation: 150
INFO:root:pop fitness: 0.17638
INFO:root:elite fitness: 0.31632
INFO:root:Generation: 162
INFO:root:pop fitness: 0.19252
INFO:root:elite fitness: 0.32339999999999997
INFO:root:Generation: 151
INFO:root:pop fitness: 0.18851999999999997
INFO:root:elite fitness: 0.36312
INFO:root:Generation: 163
INFO:root:pop fitness: 0.16450000000000004
INFO:root:elite fitness: 0.29612
INFO:root:Generation: 152
INFO:root:pop fitness: 0.18236
INFO:root:elite fitness: 0.29924
INFO:root:Generation: 164
INFO:root:pop fitness: 0.15158000000000002
INFO:root:elite fitness: 0.28832
INFO:root:Generation: 153
INFO:root:pop fitness: 0.17803999999999998
INFO:root:elite fitness: 0.2716
INFO:root:Generation: 165
INFO:root:pop fitness: 0.17199999999999996
INFO:root:elite fitness: 0.29012
INFO:root:Generation: 154
INFO:root:pop fitness: 0.15488
INFO:root:elite fitness: 0.26880000000000004
INFO:root:Generation: 166
INFO:root:pop fitness: 0.17831999999999998
INFO:root:elite fitness: 0.3624
INFO:root:Generation: 167
INFO:root:pop fitness: 0.18572
INFO:root:elite fitness: 0.32592000000000004
INFO:root:Generation: 155
INFO:root:pop fitness: 0.16422
INFO:root:elite fitness: 0.30304000000000003
INFO:root:Generation: 168
INFO:root:pop fitness: 0.18505999999999997
INFO:root:elite fitness: 0.29960000000000003
INFO:root:Generation: 156
INFO:root:pop fitness: 0.15838000000000002
INFO:root:elite fitness: 0.35291999999999996
INFO:root:Generation: 169
INFO:root:pop fitness: 0.18086
INFO:root:elite fitness: 0.34052
INFO:root:Generation: 157
INFO:root:pop fitness: 0.17428000000000002
INFO:root:elite fitness: 0.3118
INFO:root:Generation: 170
INFO:root:pop fitness: 0.20908
INFO:root:elite fitness: 0.34384
INFO:root:Generation: 158
INFO:root:pop fitness: 0.17369999999999997
INFO:root:elite fitness: 0.33696
INFO:root:Generation: 171
INFO:root:pop fitness: 0.2211
INFO:root:elite fitness: 0.36468000000000006
INFO:root:Generation: 159
INFO:root:pop fitness: 0.19866
INFO:root:elite fitness: 0.35480000000000006
INFO:root:Generation: 172
INFO:root:pop fitness: 0.19256
INFO:root:elite fitness: 0.30816
INFO:root:Generation: 160
INFO:root:pop fitness: 0.1501
INFO:root:elite fitness: 0.27104
INFO:root:Generation: 173
INFO:root:pop fitness: 0.20444000000000004
INFO:root:elite fitness: 0.33460000000000006
INFO:root:Generation: 161
INFO:root:pop fitness: 0.17141999999999996
INFO:root:elite fitness: 0.29991999999999996
INFO:root:Generation: 174
INFO:root:pop fitness: 0.20542000000000002
INFO:root:elite fitness: 0.30579999999999996
INFO:root:Generation: 162
INFO:root:pop fitness: 0.17613999999999996
INFO:root:elite fitness: 0.34491999999999995
INFO:root:Generation: 175
INFO:root:pop fitness: 0.18228000000000003
INFO:root:elite fitness: 0.34284
INFO:root:Generation: 163
INFO:root:pop fitness: 0.17621999999999996
INFO:root:elite fitness: 0.28984000000000004
INFO:root:Generation: 176
INFO:root:pop fitness: 0.17315999999999998
INFO:root:elite fitness: 0.2736
INFO:root:Generation: 164
INFO:root:pop fitness: 0.16368
INFO:root:elite fitness: 0.31236
INFO:root:Generation: 177
INFO:root:pop fitness: 0.17316000000000006
INFO:root:elite fitness: 0.29076
INFO:root:Generation: 178
INFO:root:pop fitness: 0.16265999999999997
INFO:root:elite fitness: 0.29812
INFO:root:Generation: 165
INFO:root:pop fitness: 0.18527999999999994
INFO:root:elite fitness: 0.31668
INFO:root:Generation: 179
INFO:root:pop fitness: 0.15978
INFO:root:elite fitness: 0.27352
INFO:root:Generation: 166
INFO:root:pop fitness: 0.1675
INFO:root:elite fitness: 0.30788000000000004
INFO:root:Generation: 180
INFO:root:pop fitness: 0.18256
INFO:root:elite fitness: 0.29331999999999997
INFO:root:Generation: 167
INFO:root:pop fitness: 0.175
INFO:root:elite fitness: 0.33684000000000003
INFO:root:Generation: 181
INFO:root:pop fitness: 0.1659
INFO:root:elite fitness: 0.32868
INFO:root:Generation: 168
INFO:root:pop fitness: 0.16631999999999997
INFO:root:elite fitness: 0.29603999999999997
INFO:root:Generation: 182
INFO:root:pop fitness: 0.17710000000000004
INFO:root:elite fitness: 0.31276
INFO:root:Generation: 169
INFO:root:pop fitness: 0.17522000000000001
INFO:root:elite fitness: 0.34956
INFO:root:Generation: 183
INFO:root:pop fitness: 0.17764000000000002
INFO:root:elite fitness: 0.32212
INFO:root:Generation: 170
INFO:root:pop fitness: 0.19141999999999995
INFO:root:elite fitness: 0.32348000000000005
INFO:root:Generation: 184
INFO:root:pop fitness: 0.16025999999999999
INFO:root:elite fitness: 0.28628000000000003
INFO:root:Generation: 171
INFO:root:pop fitness: 0.17048000000000002
INFO:root:elite fitness: 0.30944
INFO:root:Generation: 185
INFO:root:pop fitness: 0.17009999999999997
INFO:root:elite fitness: 0.30476000000000003
INFO:root:Generation: 172
INFO:root:pop fitness: 0.19341999999999998
INFO:root:elite fitness: 0.33572
INFO:root:Generation: 186
INFO:root:pop fitness: 0.16699999999999998
INFO:root:elite fitness: 0.29836
INFO:root:Generation: 173
INFO:root:pop fitness: 0.18288000000000001
INFO:root:elite fitness: 0.34036
INFO:root:Generation: 187
INFO:root:pop fitness: 0.18394000000000002
INFO:root:elite fitness: 0.32051999999999997
INFO:root:Generation: 188
INFO:root:pop fitness: 0.1827
INFO:root:elite fitness: 0.30856
INFO:root:Generation: 174
INFO:root:pop fitness: 0.18666
INFO:root:elite fitness: 0.37324000000000007
INFO:root:Generation: 189
INFO:root:pop fitness: 0.17085999999999996
INFO:root:elite fitness: 0.28543999999999997
INFO:root:Generation: 175
INFO:root:pop fitness: 0.21284000000000003
INFO:root:elite fitness: 0.37292000000000003
INFO:root:Generation: 190
INFO:root:pop fitness: 0.16812000000000005
INFO:root:elite fitness: 0.29272
INFO:root:Generation: 176
INFO:root:pop fitness: 0.17100000000000004
INFO:root:elite fitness: 0.32364
INFO:root:Generation: 191
INFO:root:pop fitness: 0.17148000000000002
INFO:root:elite fitness: 0.2842
INFO:root:Generation: 177
INFO:root:pop fitness: 0.1934
INFO:root:elite fitness: 0.34931999999999996
INFO:root:Generation: 192
INFO:root:pop fitness: 0.18394
INFO:root:elite fitness: 0.30500000000000005
INFO:root:Generation: 178
INFO:root:pop fitness: 0.18927999999999998
INFO:root:elite fitness: 0.32848
INFO:root:Generation: 193
INFO:root:pop fitness: 0.19002000000000002
INFO:root:elite fitness: 0.35768
INFO:root:Generation: 179
INFO:root:pop fitness: 0.19912
INFO:root:elite fitness: 0.32696000000000003
INFO:root:Generation: 194
INFO:root:pop fitness: 0.17123999999999998
INFO:root:elite fitness: 0.34600000000000003
INFO:root:Generation: 180
INFO:root:pop fitness: 0.18206
INFO:root:elite fitness: 0.32228
INFO:root:Generation: 195
INFO:root:pop fitness: 0.18760000000000002
INFO:root:elite fitness: 0.35312
INFO:root:Generation: 181
INFO:root:pop fitness: 0.20503999999999997
INFO:root:elite fitness: 0.36544000000000004
INFO:root:Generation: 196
INFO:root:pop fitness: 0.2045
INFO:root:elite fitness: 0.34656
INFO:root:Generation: 182
INFO:root:pop fitness: 0.20394
INFO:root:elite fitness: 0.3832
INFO:root:Generation: 197
INFO:root:pop fitness: 0.20995999999999998
INFO:root:elite fitness: 0.35580000000000006
INFO:root:Generation: 183
INFO:root:pop fitness: 0.21508
INFO:root:elite fitness: 0.43228
INFO:root:Generation: 198
INFO:root:pop fitness: 0.21012000000000003
INFO:root:elite fitness: 0.33827999999999997
INFO:root:Generation: 184
INFO:root:pop fitness: 0.17954
INFO:root:elite fitness: 0.27912
INFO:root:Generation: 199
INFO:root:pop fitness: 0.18881999999999993
INFO:root:elite fitness: 0.32812
INFO:root:Generation: 185
INFO:root:pop fitness: 0.2009
INFO:root:elite fitness: 0.30972
INFO:root:Generation: 186
INFO:root:pop fitness: 0.19392000000000004
INFO:root:elite fitness: 0.30864
INFO:root:Generation: 187
INFO:root:pop fitness: 0.17338
INFO:root:elite fitness: 0.28923999999999994
INFO:root:Generation: 188
INFO:root:pop fitness: 0.17422
INFO:root:elite fitness: 0.30572000000000005
INFO:root:Generation: 189
INFO:root:pop fitness: 0.17856000000000002
INFO:root:elite fitness: 0.28935999999999995
INFO:root:Generation: 190
INFO:root:pop fitness: 0.17550000000000002
INFO:root:elite fitness: 0.36924
INFO:root:Generation: 191
INFO:root:pop fitness: 0.17623999999999998
INFO:root:elite fitness: 0.30184
INFO:root:Generation: 192
INFO:root:pop fitness: 0.17308
INFO:root:elite fitness: 0.31004
INFO:root:Generation: 193
INFO:root:pop fitness: 0.16384
INFO:root:elite fitness: 0.28292
INFO:root:Generation: 194
INFO:root:pop fitness: 0.18524000000000002
INFO:root:elite fitness: 0.32584
INFO:root:Generation: 195
INFO:root:pop fitness: 0.15388
INFO:root:elite fitness: 0.27696
INFO:root:Generation: 196
INFO:root:pop fitness: 0.15334
INFO:root:elite fitness: 0.2888
INFO:root:Generation: 197
INFO:root:pop fitness: 0.15879999999999997
INFO:root:elite fitness: 0.31923999999999997
INFO:root:Generation: 198
INFO:root:pop fitness: 0.13346
INFO:root:elite fitness: 0.25236
INFO:root:Generation: 199
INFO:root:pop fitness: 0.16316000000000003
INFO:root:elite fitness: 0.31792000000000004
