INFO:root:run_master: Namespace(arms='10', hidden='8', layers='1', max_gen='200', message='', mutation_mag='0.1', name='resetEnv50_v1', noise=True, pop_size='150', save_result=True, trials='100')
INFO:root:run_master: Namespace(arms='10', hidden='8', layers='1', max_gen='200', message='', mutation_mag='0.1', name='resetEnv50_v1', noise=False, pop_size='150', save_result=True, trials='100')
INFO:root:Generation: 0
INFO:root:pop fitness: 0.09904666666666666
INFO:root:elite fitness: 0.11217333333333333
INFO:root:Generation: 0
INFO:root:pop fitness: 0.10019333333333333
INFO:root:elite fitness: 0.11510666666666665
INFO:root:Generation: 1
INFO:root:pop fitness: 0.10100666666666665
INFO:root:elite fitness: 0.11905333333333329
INFO:root:Generation: 1
INFO:root:pop fitness: 0.09917333333333332
INFO:root:elite fitness: 0.11710666666666668
INFO:root:Generation: 2
INFO:root:pop fitness: 0.10161333333333332
INFO:root:elite fitness: 0.12158666666666666
INFO:root:Generation: 2
INFO:root:pop fitness: 0.10112
INFO:root:elite fitness: 0.11861333333333332
INFO:root:Generation: 3
INFO:root:pop fitness: 0.10016666666666665
INFO:root:elite fitness: 0.12159999999999999
INFO:root:Generation: 3
INFO:root:pop fitness: 0.09860666666666668
INFO:root:elite fitness: 0.12154666666666666
INFO:root:Generation: 4
INFO:root:pop fitness: 0.09906666666666666
INFO:root:elite fitness: 0.12405333333333331
INFO:root:Generation: 4
INFO:root:pop fitness: 0.09994666666666667
INFO:root:elite fitness: 0.11873333333333333
INFO:root:Generation: 5
INFO:root:pop fitness: 0.09645333333333332
INFO:root:elite fitness: 0.11790666666666669
INFO:root:Generation: 5
INFO:root:pop fitness: 0.10075333333333333
INFO:root:elite fitness: 0.1308
INFO:root:Generation: 6
INFO:root:pop fitness: 0.09941333333333333
INFO:root:elite fitness: 0.13117333333333334
INFO:root:Generation: 6
INFO:root:pop fitness: 0.10322666666666666
INFO:root:elite fitness: 0.1342133333333333
INFO:root:Generation: 7
INFO:root:pop fitness: 0.10091333333333334
INFO:root:elite fitness: 0.13510666666666668
INFO:root:Generation: 7
INFO:root:pop fitness: 0.09911333333333332
INFO:root:elite fitness: 0.13457333333333332
INFO:root:Generation: 8
INFO:root:pop fitness: 0.10250666666666666
INFO:root:elite fitness: 0.14442666666666665
INFO:root:Generation: 9
INFO:root:pop fitness: 0.09680666666666667
INFO:root:elite fitness: 0.13940000000000002
INFO:root:Generation: 8
INFO:root:pop fitness: 0.10271333333333334
INFO:root:elite fitness: 0.1569866666666667
INFO:root:Generation: 10
INFO:root:pop fitness: 0.09522
INFO:root:elite fitness: 0.13034666666666667
INFO:root:Generation: 9
INFO:root:pop fitness: 0.10551333333333333
INFO:root:elite fitness: 0.1458533333333333
INFO:root:Generation: 11
INFO:root:pop fitness: 0.10608666666666666
INFO:root:elite fitness: 0.15910666666666667
INFO:root:Generation: 10
INFO:root:pop fitness: 0.10490666666666668
INFO:root:elite fitness: 0.17336
INFO:root:Generation: 12
INFO:root:pop fitness: 0.09908666666666667
INFO:root:elite fitness: 0.14733333333333334
INFO:root:Generation: 11
INFO:root:pop fitness: 0.10717999999999998
INFO:root:elite fitness: 0.16438666666666665
INFO:root:Generation: 13
INFO:root:pop fitness: 0.10020666666666668
INFO:root:elite fitness: 0.16184
INFO:root:Generation: 12
INFO:root:pop fitness: 0.09710666666666669
INFO:root:elite fitness: 0.15888
INFO:root:Generation: 14
INFO:root:pop fitness: 0.09626666666666668
INFO:root:elite fitness: 0.15646666666666667
INFO:root:Generation: 13
INFO:root:pop fitness: 0.10676
INFO:root:elite fitness: 0.18012000000000003
INFO:root:Generation: 15
INFO:root:pop fitness: 0.11210666666666669
INFO:root:elite fitness: 0.1785066666666667
INFO:root:Generation: 14
INFO:root:pop fitness: 0.10866666666666668
INFO:root:elite fitness: 0.17912
INFO:root:Generation: 16
INFO:root:pop fitness: 0.10552
INFO:root:elite fitness: 0.16865333333333335
INFO:root:Generation: 17
INFO:root:pop fitness: 0.10363333333333334
INFO:root:elite fitness: 0.1716133333333333
INFO:root:Generation: 15
INFO:root:pop fitness: 0.11670000000000001
INFO:root:elite fitness: 0.17823999999999998
INFO:root:Generation: 18
INFO:root:pop fitness: 0.09923333333333333
INFO:root:elite fitness: 0.16004
INFO:root:Generation: 16
INFO:root:pop fitness: 0.11475999999999999
INFO:root:elite fitness: 0.18475999999999998
INFO:root:Generation: 19
INFO:root:pop fitness: 0.10394666666666665
INFO:root:elite fitness: 0.17388000000000003
INFO:root:Generation: 17
INFO:root:pop fitness: 0.11886000000000001
INFO:root:elite fitness: 0.19974666666666666
INFO:root:Generation: 20
INFO:root:pop fitness: 0.11236
INFO:root:elite fitness: 0.19596
INFO:root:Generation: 18
INFO:root:pop fitness: 0.1175
INFO:root:elite fitness: 0.2182666666666667
INFO:root:Generation: 21
INFO:root:pop fitness: 0.11265333333333336
INFO:root:elite fitness: 0.19856000000000004
INFO:root:Generation: 19
INFO:root:pop fitness: 0.11622666666666667
INFO:root:elite fitness: 0.20451999999999998
INFO:root:Generation: 22
INFO:root:pop fitness: 0.10211333333333333
INFO:root:elite fitness: 0.17586666666666667
INFO:root:Generation: 20
INFO:root:pop fitness: 0.11649333333333334
INFO:root:elite fitness: 0.2012533333333333
INFO:root:Generation: 23
INFO:root:pop fitness: 0.11462666666666668
INFO:root:elite fitness: 0.20302666666666666
INFO:root:Generation: 24
INFO:root:pop fitness: 0.11479333333333334
INFO:root:elite fitness: 0.19717333333333337
INFO:root:Generation: 21
INFO:root:pop fitness: 0.11241333333333332
INFO:root:elite fitness: 0.21669333333333338
INFO:root:Generation: 25
INFO:root:pop fitness: 0.10722000000000001
INFO:root:elite fitness: 0.18290666666666663
INFO:root:Generation: 22
INFO:root:pop fitness: 0.09898666666666668
INFO:root:elite fitness: 0.18921333333333334
INFO:root:Generation: 26
INFO:root:pop fitness: 0.11285333333333333
INFO:root:elite fitness: 0.21958666666666668
INFO:root:Generation: 23
INFO:root:pop fitness: 0.104
INFO:root:elite fitness: 0.19694666666666666
INFO:root:Generation: 27
INFO:root:pop fitness: 0.10905333333333331
INFO:root:elite fitness: 0.22961333333333328
INFO:root:Generation: 24
INFO:root:pop fitness: 0.11928
INFO:root:elite fitness: 0.22776000000000002
INFO:root:Generation: 28
INFO:root:pop fitness: 0.12154666666666666
INFO:root:elite fitness: 0.20850666666666665
INFO:root:Generation: 25
INFO:root:pop fitness: 0.11680666666666667
INFO:root:elite fitness: 0.22526666666666667
INFO:root:Generation: 29
INFO:root:pop fitness: 0.10766666666666666
INFO:root:elite fitness: 0.20052000000000003
INFO:root:Generation: 26
INFO:root:pop fitness: 0.11513333333333335
INFO:root:elite fitness: 0.21978666666666669
INFO:root:Generation: 30
INFO:root:pop fitness: 0.12788666666666668
INFO:root:elite fitness: 0.2189733333333333
INFO:root:Generation: 27
INFO:root:pop fitness: 0.12752666666666665
INFO:root:elite fitness: 0.24820000000000003
INFO:root:Generation: 31
INFO:root:pop fitness: 0.12568666666666667
INFO:root:elite fitness: 0.23213333333333339
INFO:root:Generation: 32
INFO:root:pop fitness: 0.12368
INFO:root:elite fitness: 0.2161066666666667
INFO:root:Generation: 28
INFO:root:pop fitness: 0.11718666666666669
INFO:root:elite fitness: 0.24076000000000003
INFO:root:Generation: 33
INFO:root:pop fitness: 0.12170000000000002
INFO:root:elite fitness: 0.23116
INFO:root:Generation: 29
INFO:root:pop fitness: 0.12326666666666665
INFO:root:elite fitness: 0.22929333333333332
INFO:root:Generation: 34
INFO:root:pop fitness: 0.12127333333333334
INFO:root:elite fitness: 0.22759999999999997
INFO:root:Generation: 30
INFO:root:pop fitness: 0.12466
INFO:root:elite fitness: 0.23072000000000004
INFO:root:Generation: 35
INFO:root:pop fitness: 0.11923333333333332
INFO:root:elite fitness: 0.21125333333333332
INFO:root:Generation: 31
INFO:root:pop fitness: 0.11616666666666667
INFO:root:elite fitness: 0.23157333333333335
INFO:root:Generation: 36
INFO:root:pop fitness: 0.12078666666666664
INFO:root:elite fitness: 0.21417333333333333
INFO:root:Generation: 37
INFO:root:pop fitness: 0.1165
INFO:root:elite fitness: 0.2066
INFO:root:Generation: 32
INFO:root:pop fitness: 0.12277333333333332
INFO:root:elite fitness: 0.23514666666666664
INFO:root:Generation: 33
INFO:root:pop fitness: 0.13451999999999997
INFO:root:elite fitness: 0.2528666666666667
INFO:root:Generation: 38
INFO:root:pop fitness: 0.12768
INFO:root:elite fitness: 0.23309333333333337
INFO:root:Generation: 39
INFO:root:pop fitness: 0.12354
INFO:root:elite fitness: 0.2223733333333334
INFO:root:Generation: 34
INFO:root:pop fitness: 0.10859999999999999
INFO:root:elite fitness: 0.20314666666666667
INFO:root:Generation: 40
INFO:root:pop fitness: 0.12475333333333334
INFO:root:elite fitness: 0.2458
INFO:root:Generation: 35
INFO:root:pop fitness: 0.1248
INFO:root:elite fitness: 0.23693333333333338
INFO:root:Generation: 41
INFO:root:pop fitness: 0.12338000000000003
INFO:root:elite fitness: 0.24156000000000005
INFO:root:Generation: 36
INFO:root:pop fitness: 0.12777333333333332
INFO:root:elite fitness: 0.22569333333333333
INFO:root:Generation: 42
INFO:root:pop fitness: 0.12258000000000001
INFO:root:elite fitness: 0.21649333333333332
INFO:root:Generation: 37
INFO:root:pop fitness: 0.12324666666666668
INFO:root:elite fitness: 0.22918666666666662
INFO:root:Generation: 43
INFO:root:pop fitness: 0.12906666666666666
INFO:root:elite fitness: 0.2276133333333333
INFO:root:Generation: 38
INFO:root:pop fitness: 0.12163333333333332
INFO:root:elite fitness: 0.21818666666666672
INFO:root:Generation: 44
INFO:root:pop fitness: 0.13286
INFO:root:elite fitness: 0.2450666666666667
INFO:root:Generation: 39
INFO:root:pop fitness: 0.12626
INFO:root:elite fitness: 0.25368
INFO:root:Generation: 45
INFO:root:pop fitness: 0.13477333333333333
INFO:root:elite fitness: 0.2539600000000001
INFO:root:Generation: 40
INFO:root:pop fitness: 0.1326
INFO:root:elite fitness: 0.2568533333333333
INFO:root:Generation: 46
INFO:root:pop fitness: 0.11693333333333333
INFO:root:elite fitness: 0.21787999999999996
INFO:root:Generation: 47
INFO:root:pop fitness: 0.10921333333333334
INFO:root:elite fitness: 0.21452000000000002
INFO:root:Generation: 41
INFO:root:pop fitness: 0.13992666666666664
INFO:root:elite fitness: 0.25701333333333326
INFO:root:Generation: 48
INFO:root:pop fitness: 0.11967333333333334
INFO:root:elite fitness: 0.224
INFO:root:Generation: 42
INFO:root:pop fitness: 0.11677333333333333
INFO:root:elite fitness: 0.2272666666666667
INFO:root:Generation: 49
INFO:root:pop fitness: 0.11983333333333335
INFO:root:elite fitness: 0.23613333333333333
INFO:root:Generation: 43
INFO:root:pop fitness: 0.12486666666666664
INFO:root:elite fitness: 0.26226666666666665
INFO:root:Generation: 50
INFO:root:pop fitness: 0.1329666666666667
INFO:root:elite fitness: 0.2545733333333334
INFO:root:Generation: 44
INFO:root:pop fitness: 0.14167333333333335
INFO:root:elite fitness: 0.26921333333333336
INFO:root:Generation: 51
INFO:root:pop fitness: 0.12916000000000002
INFO:root:elite fitness: 0.22419999999999993
INFO:root:Generation: 45
INFO:root:pop fitness: 0.13268666666666665
INFO:root:elite fitness: 0.22252000000000005
INFO:root:Generation: 52
INFO:root:pop fitness: 0.12705999999999998
INFO:root:elite fitness: 0.21521333333333337
INFO:root:Generation: 46
INFO:root:pop fitness: 0.1362
INFO:root:elite fitness: 0.22994666666666666
INFO:root:Generation: 53
INFO:root:pop fitness: 0.11087333333333334
INFO:root:elite fitness: 0.23314666666666667
INFO:root:Generation: 47
INFO:root:pop fitness: 0.14166
INFO:root:elite fitness: 0.2748133333333333
INFO:root:Generation: 54
INFO:root:pop fitness: 0.12588000000000002
INFO:root:elite fitness: 0.25817333333333325
INFO:root:Generation: 55
INFO:root:pop fitness: 0.1318133333333333
INFO:root:elite fitness: 0.2697866666666666
INFO:root:Generation: 48
INFO:root:pop fitness: 0.13599333333333333
INFO:root:elite fitness: 0.24789333333333333
INFO:root:Generation: 56
INFO:root:pop fitness: 0.11347999999999998
INFO:root:elite fitness: 0.2199866666666666
INFO:root:Generation: 49
INFO:root:pop fitness: 0.13582666666666668
INFO:root:elite fitness: 0.2570933333333334
INFO:root:Generation: 57
INFO:root:pop fitness: 0.13699333333333333
INFO:root:elite fitness: 0.23550666666666667
INFO:root:Generation: 50
INFO:root:pop fitness: 0.14957333333333334
INFO:root:elite fitness: 0.2772533333333333
INFO:root:Generation: 58
INFO:root:pop fitness: 0.12420666666666667
INFO:root:elite fitness: 0.2578
INFO:root:Generation: 51
INFO:root:pop fitness: 0.1341133333333333
INFO:root:elite fitness: 0.25361333333333336
INFO:root:Generation: 59
INFO:root:pop fitness: 0.1224
INFO:root:elite fitness: 0.24221333333333328
INFO:root:Generation: 52
INFO:root:pop fitness: 0.12940666666666667
INFO:root:elite fitness: 0.2375333333333333
INFO:root:Generation: 60
INFO:root:pop fitness: 0.13849333333333333
INFO:root:elite fitness: 0.2624666666666666
INFO:root:Generation: 53
INFO:root:pop fitness: 0.13977333333333333
INFO:root:elite fitness: 0.25061333333333335
INFO:root:Generation: 61
INFO:root:pop fitness: 0.13356666666666667
INFO:root:elite fitness: 0.25428
INFO:root:Generation: 54
INFO:root:pop fitness: 0.14138
INFO:root:elite fitness: 0.2501333333333333
INFO:root:Generation: 62
INFO:root:pop fitness: 0.1321133333333333
INFO:root:elite fitness: 0.24641333333333332
INFO:root:Generation: 63
INFO:root:pop fitness: 0.14540666666666666
INFO:root:elite fitness: 0.27868
INFO:root:Generation: 55
INFO:root:pop fitness: 0.13590000000000002
INFO:root:elite fitness: 0.2425733333333333
INFO:root:Generation: 64
INFO:root:pop fitness: 0.14007333333333333
INFO:root:elite fitness: 0.23345333333333335
INFO:root:Generation: 56
INFO:root:pop fitness: 0.14484
INFO:root:elite fitness: 0.2689733333333333
INFO:root:Generation: 65
INFO:root:pop fitness: 0.15499333333333332
INFO:root:elite fitness: 0.28697333333333336
INFO:root:Generation: 57
INFO:root:pop fitness: 0.1413866666666667
INFO:root:elite fitness: 0.25836000000000003
INFO:root:Generation: 66
INFO:root:pop fitness: 0.14037333333333332
INFO:root:elite fitness: 0.27237333333333336
INFO:root:Generation: 58
INFO:root:pop fitness: 0.13953333333333334
INFO:root:elite fitness: 0.2533733333333334
INFO:root:Generation: 67
INFO:root:pop fitness: 0.13090000000000002
INFO:root:elite fitness: 0.2262666666666667
INFO:root:Generation: 59
INFO:root:pop fitness: 0.14756
INFO:root:elite fitness: 0.26854666666666666
INFO:root:Generation: 68
INFO:root:pop fitness: 0.14536
INFO:root:elite fitness: 0.27304
INFO:root:Generation: 60
INFO:root:pop fitness: 0.12374666666666667
INFO:root:elite fitness: 0.23932000000000006
INFO:root:Generation: 69
INFO:root:pop fitness: 0.14598
INFO:root:elite fitness: 0.26837333333333335
INFO:root:Generation: 70
INFO:root:pop fitness: 0.13900666666666667
INFO:root:elite fitness: 0.2663333333333334
INFO:root:Generation: 61
INFO:root:pop fitness: 0.13296
INFO:root:elite fitness: 0.2631866666666667
INFO:root:Generation: 71
INFO:root:pop fitness: 0.15272666666666665
INFO:root:elite fitness: 0.2807733333333334
INFO:root:Generation: 62
INFO:root:pop fitness: 0.1425
INFO:root:elite fitness: 0.2603333333333333
INFO:root:Generation: 72
INFO:root:pop fitness: 0.15297333333333335
INFO:root:elite fitness: 0.28556000000000004
INFO:root:Generation: 63
INFO:root:pop fitness: 0.15637333333333336
INFO:root:elite fitness: 0.26188
INFO:root:Generation: 73
INFO:root:pop fitness: 0.13857999999999998
INFO:root:elite fitness: 0.2816
INFO:root:Generation: 64
INFO:root:pop fitness: 0.13628
INFO:root:elite fitness: 0.24825333333333333
INFO:root:Generation: 74
INFO:root:pop fitness: 0.14858
INFO:root:elite fitness: 0.2843333333333334
INFO:root:Generation: 65
INFO:root:pop fitness: 0.14513333333333334
INFO:root:elite fitness: 0.27242666666666665
INFO:root:Generation: 75
INFO:root:pop fitness: 0.14504
INFO:root:elite fitness: 0.2804666666666667
INFO:root:Generation: 66
INFO:root:pop fitness: 0.14692666666666668
INFO:root:elite fitness: 0.2791866666666667
INFO:root:Generation: 76
INFO:root:pop fitness: 0.15086000000000002
INFO:root:elite fitness: 0.27382666666666666
INFO:root:Generation: 67
INFO:root:pop fitness: 0.14849333333333334
INFO:root:elite fitness: 0.24923999999999996
INFO:root:Generation: 77
INFO:root:pop fitness: 0.1567666666666667
INFO:root:elite fitness: 0.2950933333333334
INFO:root:Generation: 68
INFO:root:pop fitness: 0.15051333333333333
INFO:root:elite fitness: 0.2730933333333333
INFO:root:Generation: 78
INFO:root:pop fitness: 0.16155333333333335
INFO:root:elite fitness: 0.30052
INFO:root:Generation: 69
INFO:root:pop fitness: 0.14551333333333333
INFO:root:elite fitness: 0.2872266666666667
INFO:root:Generation: 79
INFO:root:pop fitness: 0.16192666666666666
INFO:root:elite fitness: 0.29368
INFO:root:Generation: 70
INFO:root:pop fitness: 0.15750666666666668
INFO:root:elite fitness: 0.29044
INFO:root:Generation: 80
INFO:root:pop fitness: 0.16292666666666666
INFO:root:elite fitness: 0.28812000000000004
INFO:root:Generation: 71
INFO:root:pop fitness: 0.15400666666666665
INFO:root:elite fitness: 0.2846533333333333
INFO:root:Generation: 81
INFO:root:pop fitness: 0.1673466666666667
INFO:root:elite fitness: 0.31264000000000003
INFO:root:Generation: 72
INFO:root:pop fitness: 0.15728
INFO:root:elite fitness: 0.29244
INFO:root:Generation: 82
INFO:root:pop fitness: 0.16074
INFO:root:elite fitness: 0.3
INFO:root:Generation: 83
INFO:root:pop fitness: 0.17420000000000002
INFO:root:elite fitness: 0.3133066666666667
INFO:root:Generation: 73
INFO:root:pop fitness: 0.15644666666666665
INFO:root:elite fitness: 0.28268
INFO:root:Generation: 84
INFO:root:pop fitness: 0.1658133333333333
INFO:root:elite fitness: 0.3032133333333334
INFO:root:Generation: 74
INFO:root:pop fitness: 0.16384666666666667
INFO:root:elite fitness: 0.2884133333333333
INFO:root:Generation: 85
INFO:root:pop fitness: 0.15884
INFO:root:elite fitness: 0.3012666666666666
INFO:root:Generation: 75
INFO:root:pop fitness: 0.16718
INFO:root:elite fitness: 0.28171999999999997
INFO:root:Generation: 86
INFO:root:pop fitness: 0.16957333333333333
INFO:root:elite fitness: 0.30432000000000003
INFO:root:Generation: 76
INFO:root:pop fitness: 0.14542
INFO:root:elite fitness: 0.2889466666666667
INFO:root:Generation: 87
INFO:root:pop fitness: 0.17085333333333333
INFO:root:elite fitness: 0.29133333333333333
INFO:root:Generation: 88
INFO:root:pop fitness: 0.17335333333333333
INFO:root:elite fitness: 0.27357333333333334
INFO:root:Generation: 77
INFO:root:pop fitness: 0.1406666666666667
INFO:root:elite fitness: 0.2813466666666666
INFO:root:Generation: 89
INFO:root:pop fitness: 0.17426
INFO:root:elite fitness: 0.30062666666666665
INFO:root:Generation: 78
INFO:root:pop fitness: 0.14116666666666663
INFO:root:elite fitness: 0.25848
INFO:root:Generation: 90
INFO:root:pop fitness: 0.17159333333333335
INFO:root:elite fitness: 0.3279733333333333
INFO:root:Generation: 79
INFO:root:pop fitness: 0.16041333333333335
INFO:root:elite fitness: 0.2945466666666667
INFO:root:Generation: 91
INFO:root:pop fitness: 0.18628666666666666
INFO:root:elite fitness: 0.31682666666666665
INFO:root:Generation: 80
INFO:root:pop fitness: 0.1497
INFO:root:elite fitness: 0.2652
INFO:root:Generation: 92
INFO:root:pop fitness: 0.16651333333333332
INFO:root:elite fitness: 0.28762666666666664
INFO:root:Generation: 81
INFO:root:pop fitness: 0.15349333333333334
INFO:root:elite fitness: 0.28210666666666667
INFO:root:Generation: 93
INFO:root:pop fitness: 0.16916
INFO:root:elite fitness: 0.2993866666666667
INFO:root:Generation: 94
INFO:root:pop fitness: 0.15806666666666666
INFO:root:elite fitness: 0.2990933333333333
INFO:root:Generation: 82
INFO:root:pop fitness: 0.16874
INFO:root:elite fitness: 0.2979466666666667
INFO:root:Generation: 95
INFO:root:pop fitness: 0.17043999999999998
INFO:root:elite fitness: 0.33576
INFO:root:Generation: 83
INFO:root:pop fitness: 0.15382
INFO:root:elite fitness: 0.2895733333333333
INFO:root:Generation: 96
INFO:root:pop fitness: 0.17055333333333333
INFO:root:elite fitness: 0.29267999999999994
INFO:root:Generation: 84
INFO:root:pop fitness: 0.16083999999999998
INFO:root:elite fitness: 0.29478666666666664
INFO:root:Generation: 97
INFO:root:pop fitness: 0.16263333333333335
INFO:root:elite fitness: 0.3032266666666667
INFO:root:Generation: 85
INFO:root:pop fitness: 0.15247333333333335
INFO:root:elite fitness: 0.2919466666666667
INFO:root:Generation: 98
INFO:root:pop fitness: 0.15975333333333333
INFO:root:elite fitness: 0.27198666666666665
INFO:root:Generation: 86
INFO:root:pop fitness: 0.1628466666666667
INFO:root:elite fitness: 0.3082266666666667
INFO:root:Generation: 99
INFO:root:pop fitness: 0.16016666666666665
INFO:root:elite fitness: 0.29957333333333336
INFO:root:Generation: 87
INFO:root:pop fitness: 0.14492
INFO:root:elite fitness: 0.3006933333333333
INFO:root:Generation: 100
INFO:root:pop fitness: 0.18010666666666666
INFO:root:elite fitness: 0.31096
INFO:root:Generation: 101
INFO:root:pop fitness: 0.18203333333333332
INFO:root:elite fitness: 0.3274
INFO:root:Generation: 88
INFO:root:pop fitness: 0.15623333333333334
INFO:root:elite fitness: 0.2804666666666667
INFO:root:Generation: 102
INFO:root:pop fitness: 0.1692533333333333
INFO:root:elite fitness: 0.2853200000000001
INFO:root:Generation: 89
INFO:root:pop fitness: 0.14062666666666668
INFO:root:elite fitness: 0.24913333333333337
INFO:root:Generation: 103
INFO:root:pop fitness: 0.17138666666666666
INFO:root:elite fitness: 0.29778666666666664
INFO:root:Generation: 90
INFO:root:pop fitness: 0.1651
INFO:root:elite fitness: 0.33264000000000005
INFO:root:Generation: 104
INFO:root:pop fitness: 0.15681333333333336
INFO:root:elite fitness: 0.2864
INFO:root:Generation: 91
INFO:root:pop fitness: 0.16213999999999998
INFO:root:elite fitness: 0.29068
INFO:root:Generation: 105
INFO:root:pop fitness: 0.16103333333333333
INFO:root:elite fitness: 0.2771333333333334
INFO:root:Generation: 92
INFO:root:pop fitness: 0.17064000000000001
INFO:root:elite fitness: 0.32427999999999996
INFO:root:Generation: 106
INFO:root:pop fitness: 0.15838666666666665
INFO:root:elite fitness: 0.30283999999999994
INFO:root:Generation: 93
INFO:root:pop fitness: 0.16238666666666668
INFO:root:elite fitness: 0.2911733333333334
INFO:root:Generation: 107
INFO:root:pop fitness: 0.15500666666666668
INFO:root:elite fitness: 0.2828
INFO:root:Generation: 94
INFO:root:pop fitness: 0.1772266666666667
INFO:root:elite fitness: 0.29440000000000005
INFO:root:Generation: 108
INFO:root:pop fitness: 0.17889333333333335
INFO:root:elite fitness: 0.31494666666666665
INFO:root:Generation: 95
INFO:root:pop fitness: 0.16161999999999999
INFO:root:elite fitness: 0.30857333333333337
INFO:root:Generation: 109
INFO:root:pop fitness: 0.1663
INFO:root:elite fitness: 0.32322666666666666
INFO:root:Generation: 96
INFO:root:pop fitness: 0.1466
INFO:root:elite fitness: 0.29533333333333334
INFO:root:Generation: 110
INFO:root:pop fitness: 0.16542
INFO:root:elite fitness: 0.30188
INFO:root:Generation: 97
INFO:root:pop fitness: 0.15119333333333335
INFO:root:elite fitness: 0.27757333333333334
INFO:root:Generation: 111
INFO:root:pop fitness: 0.16638
INFO:root:elite fitness: 0.2974
INFO:root:Generation: 112
INFO:root:pop fitness: 0.16301333333333332
INFO:root:elite fitness: 0.3065733333333333
INFO:root:Generation: 98
INFO:root:pop fitness: 0.16502666666666665
INFO:root:elite fitness: 0.30304000000000003
INFO:root:Generation: 113
INFO:root:pop fitness: 0.17032666666666665
INFO:root:elite fitness: 0.27413333333333334
INFO:root:Generation: 99
INFO:root:pop fitness: 0.14202
INFO:root:elite fitness: 0.26196
INFO:root:Generation: 114
INFO:root:pop fitness: 0.16793333333333338
INFO:root:elite fitness: 0.31282666666666664
INFO:root:Generation: 100
INFO:root:pop fitness: 0.13929999999999998
INFO:root:elite fitness: 0.27325333333333335
INFO:root:Generation: 115
INFO:root:pop fitness: 0.17119333333333334
INFO:root:elite fitness: 0.31662666666666667
INFO:root:Generation: 101
INFO:root:pop fitness: 0.15239333333333335
INFO:root:elite fitness: 0.30779999999999996
INFO:root:Generation: 116
INFO:root:pop fitness: 0.16199999999999998
INFO:root:elite fitness: 0.2989733333333333
INFO:root:Generation: 102
INFO:root:pop fitness: 0.15414
INFO:root:elite fitness: 0.2860533333333334
INFO:root:Generation: 117
INFO:root:pop fitness: 0.18021333333333334
INFO:root:elite fitness: 0.3067333333333333
INFO:root:Generation: 118
INFO:root:pop fitness: 0.16016
INFO:root:elite fitness: 0.2868799999999999
INFO:root:Generation: 103
INFO:root:pop fitness: 0.17384666666666668
INFO:root:elite fitness: 0.31262666666666666
INFO:root:Generation: 119
INFO:root:pop fitness: 0.15943333333333332
INFO:root:elite fitness: 0.2702266666666668
INFO:root:Generation: 104
INFO:root:pop fitness: 0.17546
INFO:root:elite fitness: 0.31249333333333335
INFO:root:Generation: 120
INFO:root:pop fitness: 0.17820666666666668
INFO:root:elite fitness: 0.31694666666666665
INFO:root:Generation: 105
INFO:root:pop fitness: 0.16013333333333335
INFO:root:elite fitness: 0.2950533333333333
INFO:root:Generation: 121
INFO:root:pop fitness: 0.17435333333333336
INFO:root:elite fitness: 0.29355999999999993
INFO:root:Generation: 106
INFO:root:pop fitness: 0.17316000000000004
INFO:root:elite fitness: 0.31470666666666675
INFO:root:Generation: 122
INFO:root:pop fitness: 0.17882666666666666
INFO:root:elite fitness: 0.3138
INFO:root:Generation: 107
INFO:root:pop fitness: 0.15373333333333333
INFO:root:elite fitness: 0.28232
INFO:root:Generation: 123
INFO:root:pop fitness: 0.17240666666666668
INFO:root:elite fitness: 0.3056533333333334
INFO:root:Generation: 108
INFO:root:pop fitness: 0.16419333333333333
INFO:root:elite fitness: 0.31498666666666664
INFO:root:Generation: 124
INFO:root:pop fitness: 0.18664000000000003
INFO:root:elite fitness: 0.34004
INFO:root:Generation: 125
INFO:root:pop fitness: 0.16398666666666667
INFO:root:elite fitness: 0.30477333333333334
INFO:root:Generation: 109
INFO:root:pop fitness: 0.14829333333333333
INFO:root:elite fitness: 0.2596
INFO:root:Generation: 126
INFO:root:pop fitness: 0.15928
INFO:root:elite fitness: 0.2790666666666667
INFO:root:Generation: 110
INFO:root:pop fitness: 0.15960666666666667
INFO:root:elite fitness: 0.2898133333333333
INFO:root:Generation: 127
INFO:root:pop fitness: 0.1810466666666667
INFO:root:elite fitness: 0.3363733333333334
INFO:root:Generation: 111
INFO:root:pop fitness: 0.15544
INFO:root:elite fitness: 0.27642666666666665
INFO:root:Generation: 128
INFO:root:pop fitness: 0.17518666666666666
INFO:root:elite fitness: 0.32638666666666666
INFO:root:Generation: 112
INFO:root:pop fitness: 0.14874666666666667
INFO:root:elite fitness: 0.30200000000000005
INFO:root:Generation: 129
INFO:root:pop fitness: 0.17888666666666667
INFO:root:elite fitness: 0.30837333333333333
INFO:root:Generation: 113
INFO:root:pop fitness: 0.15790666666666667
INFO:root:elite fitness: 0.28786666666666666
INFO:root:Generation: 130
INFO:root:pop fitness: 0.17380000000000004
INFO:root:elite fitness: 0.3015466666666667
INFO:root:Generation: 114
INFO:root:pop fitness: 0.14683999999999997
INFO:root:elite fitness: 0.32248
INFO:root:Generation: 131
INFO:root:pop fitness: 0.18607333333333334
INFO:root:elite fitness: 0.3345066666666667
INFO:root:Generation: 115
INFO:root:pop fitness: 0.16686
INFO:root:elite fitness: 0.3133066666666667
INFO:root:Generation: 132
INFO:root:pop fitness: 0.16219333333333333
INFO:root:elite fitness: 0.29258666666666666
INFO:root:Generation: 133
INFO:root:pop fitness: 0.18648666666666666
INFO:root:elite fitness: 0.31328
INFO:root:Generation: 116
INFO:root:pop fitness: 0.16753333333333334
INFO:root:elite fitness: 0.2823066666666667
INFO:root:Generation: 134
INFO:root:pop fitness: 0.16583333333333333
INFO:root:elite fitness: 0.3320666666666667
INFO:root:Generation: 117
INFO:root:pop fitness: 0.16468666666666668
INFO:root:elite fitness: 0.28808
INFO:root:Generation: 135
INFO:root:pop fitness: 0.16682
INFO:root:elite fitness: 0.30473333333333325
INFO:root:Generation: 118
INFO:root:pop fitness: 0.16367333333333334
INFO:root:elite fitness: 0.29159999999999997
INFO:root:Generation: 136
INFO:root:pop fitness: 0.16615333333333335
INFO:root:elite fitness: 0.3099733333333333
INFO:root:Generation: 119
INFO:root:pop fitness: 0.16322
INFO:root:elite fitness: 0.29552
INFO:root:Generation: 137
INFO:root:pop fitness: 0.16524666666666668
INFO:root:elite fitness: 0.29370666666666667
INFO:root:Generation: 120
INFO:root:pop fitness: 0.1327533333333333
INFO:root:elite fitness: 0.24157333333333336
INFO:root:Generation: 138
INFO:root:pop fitness: 0.17772000000000002
INFO:root:elite fitness: 0.32654666666666665
INFO:root:Generation: 121
INFO:root:pop fitness: 0.1610466666666667
INFO:root:elite fitness: 0.32292000000000004
INFO:root:Generation: 139
INFO:root:pop fitness: 0.18034666666666666
INFO:root:elite fitness: 0.3321466666666667
INFO:root:Generation: 122
INFO:root:pop fitness: 0.15738
INFO:root:elite fitness: 0.3084666666666667
INFO:root:Generation: 140
INFO:root:pop fitness: 0.1638
INFO:root:elite fitness: 0.29012
INFO:root:Generation: 123
INFO:root:pop fitness: 0.1534666666666667
INFO:root:elite fitness: 0.27165333333333336
INFO:root:Generation: 141
INFO:root:pop fitness: 0.17280666666666666
INFO:root:elite fitness: 0.3110399999999999
INFO:root:Generation: 124
INFO:root:pop fitness: 0.16254
INFO:root:elite fitness: 0.3075733333333333
INFO:root:Generation: 142
INFO:root:pop fitness: 0.1744666666666667
INFO:root:elite fitness: 0.32492
INFO:root:Generation: 143
INFO:root:pop fitness: 0.16438666666666668
INFO:root:elite fitness: 0.31788000000000005
INFO:root:Generation: 125
INFO:root:pop fitness: 0.16687333333333335
INFO:root:elite fitness: 0.3077333333333333
INFO:root:Generation: 144
INFO:root:pop fitness: 0.17573333333333332
INFO:root:elite fitness: 0.33098666666666676
INFO:root:Generation: 126
INFO:root:pop fitness: 0.17261333333333334
INFO:root:elite fitness: 0.3018133333333333
INFO:root:Generation: 145
INFO:root:pop fitness: 0.17345999999999998
INFO:root:elite fitness: 0.3480666666666667
INFO:root:Generation: 127
INFO:root:pop fitness: 0.15666666666666668
INFO:root:elite fitness: 0.2962933333333333
INFO:root:Generation: 146
INFO:root:pop fitness: 0.17642
INFO:root:elite fitness: 0.3432
INFO:root:Generation: 128
INFO:root:pop fitness: 0.1664933333333333
INFO:root:elite fitness: 0.2899466666666667
INFO:root:Generation: 147
INFO:root:pop fitness: 0.16526
INFO:root:elite fitness: 0.31128000000000006
INFO:root:Generation: 129
INFO:root:pop fitness: 0.1452
INFO:root:elite fitness: 0.27596
INFO:root:Generation: 148
INFO:root:pop fitness: 0.17894666666666667
INFO:root:elite fitness: 0.33990666666666663
INFO:root:Generation: 130
INFO:root:pop fitness: 0.16738
INFO:root:elite fitness: 0.31539999999999996
INFO:root:Generation: 149
INFO:root:pop fitness: 0.18237333333333333
INFO:root:elite fitness: 0.30943999999999994
INFO:root:Generation: 131
INFO:root:pop fitness: 0.17468666666666668
INFO:root:elite fitness: 0.28896
INFO:root:Generation: 150
INFO:root:pop fitness: 0.16736666666666666
INFO:root:elite fitness: 0.3039866666666667
INFO:root:Generation: 151
INFO:root:pop fitness: 0.18179333333333333
INFO:root:elite fitness: 0.3414133333333333
INFO:root:Generation: 132
INFO:root:pop fitness: 0.14092
INFO:root:elite fitness: 0.27758666666666676
INFO:root:Generation: 133
INFO:root:pop fitness: 0.17786
INFO:root:elite fitness: 0.32173333333333337
INFO:root:Generation: 152
INFO:root:pop fitness: 0.16053333333333333
INFO:root:elite fitness: 0.28998666666666667
INFO:root:Generation: 153
INFO:root:pop fitness: 0.17140666666666665
INFO:root:elite fitness: 0.3035466666666666
INFO:root:Generation: 134
INFO:root:pop fitness: 0.15695333333333333
INFO:root:elite fitness: 0.28876
INFO:root:Generation: 154
INFO:root:pop fitness: 0.16514
INFO:root:elite fitness: 0.3113066666666667
INFO:root:Generation: 135
INFO:root:pop fitness: 0.16984
INFO:root:elite fitness: 0.3125466666666667
INFO:root:Generation: 155
INFO:root:pop fitness: 0.18013333333333334
INFO:root:elite fitness: 0.32594666666666666
INFO:root:Generation: 136
INFO:root:pop fitness: 0.16635333333333335
INFO:root:elite fitness: 0.29941333333333325
INFO:root:Generation: 156
INFO:root:pop fitness: 0.18114666666666665
INFO:root:elite fitness: 0.32486666666666664
INFO:root:Generation: 137
INFO:root:pop fitness: 0.16716666666666669
INFO:root:elite fitness: 0.2947333333333333
INFO:root:Generation: 157
INFO:root:pop fitness: 0.1726
INFO:root:elite fitness: 0.32310666666666665
INFO:root:Generation: 138
INFO:root:pop fitness: 0.1796666666666667
INFO:root:elite fitness: 0.35284
INFO:root:Generation: 158
INFO:root:pop fitness: 0.18211333333333332
INFO:root:elite fitness: 0.3474666666666667
INFO:root:Generation: 139
INFO:root:pop fitness: 0.18458
INFO:root:elite fitness: 0.3376
INFO:root:Generation: 159
INFO:root:pop fitness: 0.19555999999999998
INFO:root:elite fitness: 0.35004
INFO:root:Generation: 140
INFO:root:pop fitness: 0.18032666666666666
INFO:root:elite fitness: 0.3251333333333334
INFO:root:Generation: 160
INFO:root:pop fitness: 0.16192666666666666
INFO:root:elite fitness: 0.31132
INFO:root:Generation: 141
INFO:root:pop fitness: 0.18886666666666665
INFO:root:elite fitness: 0.33024
INFO:root:Generation: 161
INFO:root:pop fitness: 0.17752666666666664
INFO:root:elite fitness: 0.32057333333333327
INFO:root:Generation: 142
INFO:root:pop fitness: 0.1735066666666667
INFO:root:elite fitness: 0.3022666666666667
INFO:root:Generation: 162
INFO:root:pop fitness: 0.17831333333333332
INFO:root:elite fitness: 0.29388
INFO:root:Generation: 143
INFO:root:pop fitness: 0.16350666666666666
INFO:root:elite fitness: 0.2786933333333334
INFO:root:Generation: 163
INFO:root:pop fitness: 0.16938666666666669
INFO:root:elite fitness: 0.3120400000000001
INFO:root:Generation: 164
INFO:root:pop fitness: 0.179
INFO:root:elite fitness: 0.30617333333333335
INFO:root:Generation: 144
INFO:root:pop fitness: 0.19288000000000002
INFO:root:elite fitness: 0.3345866666666667
INFO:root:Generation: 165
INFO:root:pop fitness: 0.16841333333333333
INFO:root:elite fitness: 0.31674666666666673
INFO:root:Generation: 145
INFO:root:pop fitness: 0.17827333333333334
INFO:root:elite fitness: 0.32010666666666665
INFO:root:Generation: 166
INFO:root:pop fitness: 0.16892666666666667
INFO:root:elite fitness: 0.2918800000000001
INFO:root:Generation: 146
INFO:root:pop fitness: 0.18008666666666664
INFO:root:elite fitness: 0.3172533333333333
INFO:root:Generation: 167
INFO:root:pop fitness: 0.18494666666666668
INFO:root:elite fitness: 0.31878666666666666
INFO:root:Generation: 147
INFO:root:pop fitness: 0.17779333333333336
INFO:root:elite fitness: 0.31421333333333334
INFO:root:Generation: 168
INFO:root:pop fitness: 0.17385333333333336
INFO:root:elite fitness: 0.31484
INFO:root:Generation: 148
INFO:root:pop fitness: 0.18466
INFO:root:elite fitness: 0.3265466666666667
INFO:root:Generation: 169
INFO:root:pop fitness: 0.17984
INFO:root:elite fitness: 0.32254666666666665
INFO:root:Generation: 149
INFO:root:pop fitness: 0.19345333333333334
INFO:root:elite fitness: 0.32960000000000006
INFO:root:Generation: 170
INFO:root:pop fitness: 0.17612666666666665
INFO:root:elite fitness: 0.3044
INFO:root:Generation: 150
INFO:root:pop fitness: 0.19182666666666667
INFO:root:elite fitness: 0.32697333333333334
INFO:root:Generation: 171
INFO:root:pop fitness: 0.18705333333333332
INFO:root:elite fitness: 0.3290933333333333
INFO:root:Generation: 151
INFO:root:pop fitness: 0.1967533333333333
INFO:root:elite fitness: 0.35489333333333334
INFO:root:Generation: 172
INFO:root:pop fitness: 0.18308666666666668
INFO:root:elite fitness: 0.36236
INFO:root:Generation: 152
INFO:root:pop fitness: 0.20129333333333335
INFO:root:elite fitness: 0.3257066666666667
INFO:root:Generation: 173
INFO:root:pop fitness: 0.189
INFO:root:elite fitness: 0.3422933333333333
INFO:root:Generation: 174
INFO:root:pop fitness: 0.18932666666666667
INFO:root:elite fitness: 0.31560000000000005
INFO:root:Generation: 153
INFO:root:pop fitness: 0.17752666666666664
INFO:root:elite fitness: 0.3195866666666667
INFO:root:Generation: 175
INFO:root:pop fitness: 0.17567333333333335
INFO:root:elite fitness: 0.30560000000000004
INFO:root:Generation: 154
INFO:root:pop fitness: 0.17662666666666665
INFO:root:elite fitness: 0.33193333333333336
INFO:root:Generation: 176
INFO:root:pop fitness: 0.19548666666666667
INFO:root:elite fitness: 0.3463866666666667
INFO:root:Generation: 155
INFO:root:pop fitness: 0.18760666666666664
INFO:root:elite fitness: 0.3037066666666667
INFO:root:Generation: 177
INFO:root:pop fitness: 0.18966666666666668
INFO:root:elite fitness: 0.3221466666666667
INFO:root:Generation: 156
INFO:root:pop fitness: 0.18368
INFO:root:elite fitness: 0.31105333333333335
INFO:root:Generation: 178
INFO:root:pop fitness: 0.16814666666666667
INFO:root:elite fitness: 0.28592
INFO:root:Generation: 157
INFO:root:pop fitness: 0.17450666666666667
INFO:root:elite fitness: 0.3160666666666667
INFO:root:Generation: 179
INFO:root:pop fitness: 0.17969333333333337
INFO:root:elite fitness: 0.3296666666666667
INFO:root:Generation: 158
INFO:root:pop fitness: 0.17597333333333334
INFO:root:elite fitness: 0.33692000000000005
INFO:root:Generation: 180
INFO:root:pop fitness: 0.19028666666666666
INFO:root:elite fitness: 0.3472
INFO:root:Generation: 159
INFO:root:pop fitness: 0.17996
INFO:root:elite fitness: 0.31105333333333335
INFO:root:Generation: 181
INFO:root:pop fitness: 0.17644666666666667
INFO:root:elite fitness: 0.3282
INFO:root:Generation: 160
INFO:root:pop fitness: 0.19031333333333336
INFO:root:elite fitness: 0.3435733333333334
INFO:root:Generation: 182
INFO:root:pop fitness: 0.17134
INFO:root:elite fitness: 0.32115999999999995
INFO:root:Generation: 161
INFO:root:pop fitness: 0.19002666666666665
INFO:root:elite fitness: 0.34890666666666675
INFO:root:Generation: 183
INFO:root:pop fitness: 0.18234
INFO:root:elite fitness: 0.31194666666666665
INFO:root:Generation: 162
INFO:root:pop fitness: 0.18376666666666666
INFO:root:elite fitness: 0.3179866666666667
INFO:root:Generation: 184
INFO:root:pop fitness: 0.17817333333333332
INFO:root:elite fitness: 0.3446533333333333
INFO:root:Generation: 163
INFO:root:pop fitness: 0.19359333333333334
INFO:root:elite fitness: 0.3235466666666667
INFO:root:Generation: 185
INFO:root:pop fitness: 0.18255333333333332
INFO:root:elite fitness: 0.32886666666666664
INFO:root:Generation: 164
INFO:root:pop fitness: 0.20666666666666667
INFO:root:elite fitness: 0.35775999999999997
INFO:root:Generation: 186
INFO:root:pop fitness: 0.18038666666666667
INFO:root:elite fitness: 0.34632
INFO:root:Generation: 165
INFO:root:pop fitness: 0.1861266666666667
INFO:root:elite fitness: 0.33942666666666665
INFO:root:Generation: 187
INFO:root:pop fitness: 0.18582
INFO:root:elite fitness: 0.33269333333333334
INFO:root:Generation: 166
INFO:root:pop fitness: 0.18009333333333336
INFO:root:elite fitness: 0.32264
INFO:root:Generation: 188
INFO:root:pop fitness: 0.17118666666666665
INFO:root:elite fitness: 0.32134666666666667
INFO:root:Generation: 167
INFO:root:pop fitness: 0.19464
INFO:root:elite fitness: 0.3127733333333333
INFO:root:Generation: 189
INFO:root:pop fitness: 0.18115333333333333
INFO:root:elite fitness: 0.3313466666666667
INFO:root:Generation: 168
INFO:root:pop fitness: 0.17677333333333334
INFO:root:elite fitness: 0.34702666666666665
INFO:root:Generation: 190
INFO:root:pop fitness: 0.1753
INFO:root:elite fitness: 0.3167866666666666
INFO:root:Generation: 169
INFO:root:pop fitness: 0.20329333333333333
INFO:root:elite fitness: 0.3378266666666666
INFO:root:Generation: 191
INFO:root:pop fitness: 0.17496
INFO:root:elite fitness: 0.31530666666666674
INFO:root:Generation: 192
INFO:root:pop fitness: 0.18542000000000003
INFO:root:elite fitness: 0.33080000000000004
INFO:root:Generation: 170
INFO:root:pop fitness: 0.20314666666666664
INFO:root:elite fitness: 0.33183999999999997
INFO:root:Generation: 193
INFO:root:pop fitness: 0.18269999999999997
INFO:root:elite fitness: 0.32188
INFO:root:Generation: 171
INFO:root:pop fitness: 0.18484
INFO:root:elite fitness: 0.3289733333333333
INFO:root:Generation: 194
INFO:root:pop fitness: 0.19776000000000002
INFO:root:elite fitness: 0.34368
INFO:root:Generation: 172
INFO:root:pop fitness: 0.1793733333333333
INFO:root:elite fitness: 0.32826666666666665
INFO:root:Generation: 195
INFO:root:pop fitness: 0.16995333333333335
INFO:root:elite fitness: 0.3146666666666667
INFO:root:Generation: 173
INFO:root:pop fitness: 0.20006666666666664
INFO:root:elite fitness: 0.3656666666666667
INFO:root:Generation: 196
INFO:root:pop fitness: 0.18667999999999998
INFO:root:elite fitness: 0.32521333333333335
INFO:root:Generation: 197
INFO:root:pop fitness: 0.17896
INFO:root:elite fitness: 0.32852
INFO:root:Generation: 174
INFO:root:pop fitness: 0.18055333333333334
INFO:root:elite fitness: 0.3219333333333333
INFO:root:Generation: 198
INFO:root:pop fitness: 0.18497333333333335
INFO:root:elite fitness: 0.3489466666666667
INFO:root:Generation: 175
INFO:root:pop fitness: 0.1752933333333333
INFO:root:elite fitness: 0.3215866666666667
INFO:root:Generation: 199
INFO:root:pop fitness: 0.19576
INFO:root:elite fitness: 0.3330533333333333
INFO:root:Generation: 176
INFO:root:pop fitness: 0.17737333333333336
INFO:root:elite fitness: 0.30279999999999996
INFO:root:Generation: 177
INFO:root:pop fitness: 0.19205333333333333
INFO:root:elite fitness: 0.3386933333333333
INFO:root:Generation: 178
INFO:root:pop fitness: 0.18548666666666663
INFO:root:elite fitness: 0.30561333333333335
INFO:root:Generation: 179
INFO:root:pop fitness: 0.17810666666666666
INFO:root:elite fitness: 0.33148
INFO:root:Generation: 180
INFO:root:pop fitness: 0.1899333333333333
INFO:root:elite fitness: 0.33698666666666666
INFO:root:Generation: 181
INFO:root:pop fitness: 0.1802333333333333
INFO:root:elite fitness: 0.3379466666666667
INFO:root:Generation: 182
INFO:root:pop fitness: 0.19564000000000004
INFO:root:elite fitness: 0.3068666666666667
INFO:root:Generation: 183
INFO:root:pop fitness: 0.19202
INFO:root:elite fitness: 0.3349866666666667
INFO:root:Generation: 184
INFO:root:pop fitness: 0.19402000000000003
INFO:root:elite fitness: 0.36581333333333327
INFO:root:Generation: 185
INFO:root:pop fitness: 0.16622666666666666
INFO:root:elite fitness: 0.31623999999999997
INFO:root:Generation: 186
INFO:root:pop fitness: 0.19833333333333333
INFO:root:elite fitness: 0.3400666666666667
INFO:root:Generation: 187
INFO:root:pop fitness: 0.1996
INFO:root:elite fitness: 0.3336933333333334
INFO:root:Generation: 188
INFO:root:pop fitness: 0.19417333333333334
INFO:root:elite fitness: 0.3371466666666667
INFO:root:Generation: 189
INFO:root:pop fitness: 0.20322666666666667
INFO:root:elite fitness: 0.3234533333333333
INFO:root:Generation: 190
INFO:root:pop fitness: 0.21015999999999999
INFO:root:elite fitness: 0.35829333333333335
INFO:root:Generation: 191
INFO:root:pop fitness: 0.18487999999999996
INFO:root:elite fitness: 0.33370666666666665
INFO:root:Generation: 192
INFO:root:pop fitness: 0.20158
INFO:root:elite fitness: 0.34038666666666667
INFO:root:Generation: 193
INFO:root:pop fitness: 0.20754666666666668
INFO:root:elite fitness: 0.36165333333333344
INFO:root:Generation: 194
INFO:root:pop fitness: 0.20656
INFO:root:elite fitness: 0.33348
INFO:root:Generation: 195
INFO:root:pop fitness: 0.20049999999999998
INFO:root:elite fitness: 0.34178666666666674
INFO:root:Generation: 196
INFO:root:pop fitness: 0.20135333333333336
INFO:root:elite fitness: 0.33304
INFO:root:Generation: 197
INFO:root:pop fitness: 0.19493333333333335
INFO:root:elite fitness: 0.35673333333333335
INFO:root:Generation: 198
INFO:root:pop fitness: 0.19607333333333335
INFO:root:elite fitness: 0.35497333333333336
INFO:root:Generation: 199
INFO:root:pop fitness: 0.19210666666666668
INFO:root:elite fitness: 0.3406133333333333
