INFO:root:run_master: Namespace(arms='10', hidden='128', layers='1', max_gen='200', message='', mutation_mag='0.01', name='nonStationary_v1', noise=True, pop_size='50', save_result=True, trials='100')
INFO:root:run_master: Namespace(arms='10', hidden='128', layers='1', max_gen='200', message='', mutation_mag='0.01', name='nonStationary_v1', noise=False, pop_size='50', save_result=True, trials='100')
INFO:root:Generation: 0
INFO:root:pop fitness: 0.10052
INFO:root:elite fitness: 0.11156
INFO:root:Generation: 0
INFO:root:pop fitness: 0.10106000000000001
INFO:root:elite fitness: 0.11087999999999999
INFO:root:Generation: 1
INFO:root:pop fitness: 0.09740000000000001
INFO:root:elite fitness: 0.11664
INFO:root:Generation: 1
INFO:root:pop fitness: 0.09486
INFO:root:elite fitness: 0.12096
INFO:root:Generation: 2
INFO:root:pop fitness: 0.09845999999999998
INFO:root:elite fitness: 0.13263999999999998
INFO:root:Generation: 2
INFO:root:pop fitness: 0.09906000000000001
INFO:root:elite fitness: 0.13088
INFO:root:Generation: 3
INFO:root:pop fitness: 0.11209999999999999
INFO:root:elite fitness: 0.17679999999999998
INFO:root:Generation: 3
INFO:root:pop fitness: 0.09802000000000001
INFO:root:elite fitness: 0.15927999999999998
INFO:root:Generation: 4
INFO:root:pop fitness: 0.10561999999999999
INFO:root:elite fitness: 0.17456
INFO:root:Generation: 4
INFO:root:pop fitness: 0.09568000000000002
INFO:root:elite fitness: 0.15452
INFO:root:Generation: 5
INFO:root:pop fitness: 0.09790000000000001
INFO:root:elite fitness: 0.16404
INFO:root:Generation: 5
INFO:root:pop fitness: 0.09154
INFO:root:elite fitness: 0.16899999999999998
INFO:root:Generation: 6
INFO:root:pop fitness: 0.10174000000000001
INFO:root:elite fitness: 0.15976
INFO:root:Generation: 6
INFO:root:pop fitness: 0.09472
INFO:root:elite fitness: 0.14564
INFO:root:Generation: 7
INFO:root:pop fitness: 0.11565999999999999
INFO:root:elite fitness: 0.19684
INFO:root:Generation: 7
INFO:root:pop fitness: 0.10401999999999999
INFO:root:elite fitness: 0.15228
INFO:root:Generation: 8
INFO:root:pop fitness: 0.10758000000000001
INFO:root:elite fitness: 0.18264
INFO:root:Generation: 8
INFO:root:pop fitness: 0.09656
INFO:root:elite fitness: 0.15016
INFO:root:Generation: 9
INFO:root:pop fitness: 0.1108
INFO:root:elite fitness: 0.1776
INFO:root:Generation: 9
INFO:root:pop fitness: 0.09112
INFO:root:elite fitness: 0.14336000000000002
INFO:root:Generation: 10
INFO:root:pop fitness: 0.11814
INFO:root:elite fitness: 0.24072
INFO:root:Generation: 10
INFO:root:pop fitness: 0.11334
INFO:root:elite fitness: 0.17579999999999998
INFO:root:Generation: 11
INFO:root:pop fitness: 0.1252
INFO:root:elite fitness: 0.23016000000000003
INFO:root:Generation: 11
INFO:root:pop fitness: 0.08978
INFO:root:elite fitness: 0.14772
INFO:root:Generation: 12
INFO:root:pop fitness: 0.10822
INFO:root:elite fitness: 0.18400000000000002
INFO:root:Generation: 12
INFO:root:pop fitness: 0.09656
INFO:root:elite fitness: 0.16899999999999998
INFO:root:Generation: 13
INFO:root:pop fitness: 0.13346000000000002
INFO:root:elite fitness: 0.24744000000000002
INFO:root:Generation: 13
INFO:root:pop fitness: 0.09298000000000001
INFO:root:elite fitness: 0.16064
INFO:root:Generation: 14
INFO:root:pop fitness: 0.0929
INFO:root:elite fitness: 0.18504
INFO:root:Generation: 14
INFO:root:pop fitness: 0.08916
INFO:root:elite fitness: 0.14336
INFO:root:Generation: 15
INFO:root:pop fitness: 0.11094
INFO:root:elite fitness: 0.18704
INFO:root:Generation: 15
INFO:root:pop fitness: 0.11144
INFO:root:elite fitness: 0.21600000000000003
INFO:root:Generation: 16
INFO:root:pop fitness: 0.09031999999999998
INFO:root:elite fitness: 0.15752
INFO:root:Generation: 16
INFO:root:pop fitness: 0.11646000000000001
INFO:root:elite fitness: 0.19592
INFO:root:Generation: 17
INFO:root:pop fitness: 0.10088000000000001
INFO:root:elite fitness: 0.16632000000000002
INFO:root:Generation: 17
INFO:root:pop fitness: 0.0874
INFO:root:elite fitness: 0.15716000000000002
INFO:root:Generation: 18
INFO:root:pop fitness: 0.11422000000000003
INFO:root:elite fitness: 0.23700000000000002
INFO:root:Generation: 18
INFO:root:pop fitness: 0.08344000000000001
INFO:root:elite fitness: 0.142
INFO:root:Generation: 19
INFO:root:pop fitness: 0.1017
INFO:root:elite fitness: 0.18712
INFO:root:Generation: 19
INFO:root:pop fitness: 0.09226
INFO:root:elite fitness: 0.1574
INFO:root:Generation: 20
INFO:root:pop fitness: 0.11068
INFO:root:elite fitness: 0.241
INFO:root:Generation: 20
INFO:root:pop fitness: 0.09324000000000002
INFO:root:elite fitness: 0.1744
INFO:root:Generation: 21
INFO:root:pop fitness: 0.11295999999999999
INFO:root:elite fitness: 0.22168000000000002
INFO:root:Generation: 22
INFO:root:pop fitness: 0.1183
INFO:root:elite fitness: 0.23492000000000005
INFO:root:Generation: 21
INFO:root:pop fitness: 0.12656
INFO:root:elite fitness: 0.22496000000000002
INFO:root:Generation: 22
INFO:root:pop fitness: 0.09440000000000001
INFO:root:elite fitness: 0.18532
INFO:root:Generation: 23
INFO:root:pop fitness: 0.11626000000000002
INFO:root:elite fitness: 0.18188
INFO:root:Generation: 23
INFO:root:pop fitness: 0.11529999999999997
INFO:root:elite fitness: 0.17668
INFO:root:Generation: 24
INFO:root:pop fitness: 0.11096
INFO:root:elite fitness: 0.21600000000000003
INFO:root:Generation: 24
INFO:root:pop fitness: 0.1004
INFO:root:elite fitness: 0.1806
INFO:root:Generation: 25
INFO:root:pop fitness: 0.10686
INFO:root:elite fitness: 0.19032
INFO:root:Generation: 25
INFO:root:pop fitness: 0.09447999999999998
INFO:root:elite fitness: 0.16907999999999998
INFO:root:Generation: 26
INFO:root:pop fitness: 0.09422000000000001
INFO:root:elite fitness: 0.17708000000000002
INFO:root:Generation: 26
INFO:root:pop fitness: 0.09512000000000001
INFO:root:elite fitness: 0.16856
INFO:root:Generation: 27
INFO:root:pop fitness: 0.12977999999999998
INFO:root:elite fitness: 0.23852
INFO:root:Generation: 27
INFO:root:pop fitness: 0.11886000000000001
INFO:root:elite fitness: 0.25408000000000003
INFO:root:Generation: 28
INFO:root:pop fitness: 0.11599999999999999
INFO:root:elite fitness: 0.18175999999999998
INFO:root:Generation: 28
INFO:root:pop fitness: 0.10374
INFO:root:elite fitness: 0.16856000000000002
INFO:root:Generation: 29
INFO:root:pop fitness: 0.12286
INFO:root:elite fitness: 0.20276
INFO:root:Generation: 29
INFO:root:pop fitness: 0.13076000000000002
INFO:root:elite fitness: 0.24768
INFO:root:Generation: 30
INFO:root:pop fitness: 0.09464
INFO:root:elite fitness: 0.16299999999999998
INFO:root:Generation: 30
INFO:root:pop fitness: 0.11133999999999998
INFO:root:elite fitness: 0.19212000000000004
INFO:root:Generation: 31
INFO:root:pop fitness: 0.11352000000000001
INFO:root:elite fitness: 0.18059999999999998
INFO:root:Generation: 31
INFO:root:pop fitness: 0.08362
INFO:root:elite fitness: 0.16340000000000005
INFO:root:Generation: 32
INFO:root:pop fitness: 0.11933999999999999
INFO:root:elite fitness: 0.20956000000000002
INFO:root:Generation: 32
INFO:root:pop fitness: 0.12886
INFO:root:elite fitness: 0.22355999999999998
INFO:root:Generation: 33
INFO:root:pop fitness: 0.1372
INFO:root:elite fitness: 0.21552
INFO:root:Generation: 33
INFO:root:pop fitness: 0.11976000000000003
INFO:root:elite fitness: 0.2064
INFO:root:Generation: 34
INFO:root:pop fitness: 0.12808000000000003
INFO:root:elite fitness: 0.21284
INFO:root:Generation: 34
INFO:root:pop fitness: 0.11620000000000001
INFO:root:elite fitness: 0.2066
INFO:root:Generation: 35
INFO:root:pop fitness: 0.11569999999999998
INFO:root:elite fitness: 0.18523999999999996
INFO:root:Generation: 35
INFO:root:pop fitness: 0.13386
INFO:root:elite fitness: 0.26671999999999996
INFO:root:Generation: 36
INFO:root:pop fitness: 0.11860000000000001
INFO:root:elite fitness: 0.24792000000000003
INFO:root:Generation: 36
INFO:root:pop fitness: 0.11442000000000001
INFO:root:elite fitness: 0.20528
INFO:root:Generation: 37
INFO:root:pop fitness: 0.12906
INFO:root:elite fitness: 0.23332
INFO:root:Generation: 37
INFO:root:pop fitness: 0.10475999999999999
INFO:root:elite fitness: 0.18511999999999998
INFO:root:Generation: 38
INFO:root:pop fitness: 0.13334
INFO:root:elite fitness: 0.22436
INFO:root:Generation: 38
INFO:root:pop fitness: 0.13034
INFO:root:elite fitness: 0.24036
INFO:root:Generation: 39
INFO:root:pop fitness: 0.12674000000000002
INFO:root:elite fitness: 0.23912
INFO:root:Generation: 39
INFO:root:pop fitness: 0.1361
INFO:root:elite fitness: 0.22448
INFO:root:Generation: 40
INFO:root:pop fitness: 0.12271999999999998
INFO:root:elite fitness: 0.20043999999999998
INFO:root:Generation: 41
INFO:root:pop fitness: 0.13846
INFO:root:elite fitness: 0.23592
INFO:root:Generation: 40
INFO:root:pop fitness: 0.13964000000000001
INFO:root:elite fitness: 0.24808000000000002
INFO:root:Generation: 42
INFO:root:pop fitness: 0.12726
INFO:root:elite fitness: 0.20652
INFO:root:Generation: 41
INFO:root:pop fitness: 0.12076
INFO:root:elite fitness: 0.19484
INFO:root:Generation: 43
INFO:root:pop fitness: 0.12436000000000001
INFO:root:elite fitness: 0.25232000000000004
INFO:root:Generation: 42
INFO:root:pop fitness: 0.13868
INFO:root:elite fitness: 0.23564
INFO:root:Generation: 43
INFO:root:pop fitness: 0.13390000000000002
INFO:root:elite fitness: 0.21948
INFO:root:Generation: 44
INFO:root:pop fitness: 0.12378
INFO:root:elite fitness: 0.20660000000000003
INFO:root:Generation: 44
INFO:root:pop fitness: 0.12055999999999999
INFO:root:elite fitness: 0.18852
INFO:root:Generation: 45
INFO:root:pop fitness: 0.14752
INFO:root:elite fitness: 0.28028
INFO:root:Generation: 45
INFO:root:pop fitness: 0.14012000000000002
INFO:root:elite fitness: 0.24220000000000003
INFO:root:Generation: 46
INFO:root:pop fitness: 0.13964000000000001
INFO:root:elite fitness: 0.21428
INFO:root:Generation: 46
INFO:root:pop fitness: 0.12864
INFO:root:elite fitness: 0.245
INFO:root:Generation: 47
INFO:root:pop fitness: 0.1303
INFO:root:elite fitness: 0.22535999999999998
INFO:root:Generation: 48
INFO:root:pop fitness: 0.14352
INFO:root:elite fitness: 0.24016
INFO:root:Generation: 47
INFO:root:pop fitness: 0.1382
INFO:root:elite fitness: 0.21928000000000003
INFO:root:Generation: 49
INFO:root:pop fitness: 0.15036
INFO:root:elite fitness: 0.29196
INFO:root:Generation: 48
INFO:root:pop fitness: 0.13808
INFO:root:elite fitness: 0.21660000000000001
INFO:root:Generation: 50
INFO:root:pop fitness: 0.15524
INFO:root:elite fitness: 0.29052
INFO:root:Generation: 49
INFO:root:pop fitness: 0.14688
INFO:root:elite fitness: 0.24144
INFO:root:Generation: 51
INFO:root:pop fitness: 0.12882000000000002
INFO:root:elite fitness: 0.27768
INFO:root:Generation: 50
INFO:root:pop fitness: 0.12608
INFO:root:elite fitness: 0.1938
INFO:root:Generation: 52
INFO:root:pop fitness: 0.12926
INFO:root:elite fitness: 0.24359999999999998
INFO:root:Generation: 51
INFO:root:pop fitness: 0.12628
INFO:root:elite fitness: 0.23796
INFO:root:Generation: 53
INFO:root:pop fitness: 0.13906
INFO:root:elite fitness: 0.2582
INFO:root:Generation: 52
INFO:root:pop fitness: 0.12622000000000003
INFO:root:elite fitness: 0.20764
INFO:root:Generation: 54
INFO:root:pop fitness: 0.1451
INFO:root:elite fitness: 0.23912
INFO:root:Generation: 53
INFO:root:pop fitness: 0.14214
INFO:root:elite fitness: 0.22387999999999997
INFO:root:Generation: 55
INFO:root:pop fitness: 0.14450000000000002
INFO:root:elite fitness: 0.23931999999999998
INFO:root:Generation: 56
INFO:root:pop fitness: 0.13014
INFO:root:elite fitness: 0.22624
INFO:root:Generation: 54
INFO:root:pop fitness: 0.12122
INFO:root:elite fitness: 0.22088000000000002
INFO:root:Generation: 57
INFO:root:pop fitness: 0.14936
INFO:root:elite fitness: 0.26644
INFO:root:Generation: 55
INFO:root:pop fitness: 0.13592
INFO:root:elite fitness: 0.21272
INFO:root:Generation: 58
INFO:root:pop fitness: 0.13824
INFO:root:elite fitness: 0.2626
INFO:root:Generation: 56
INFO:root:pop fitness: 0.13427999999999998
INFO:root:elite fitness: 0.2384
INFO:root:Generation: 57
INFO:root:pop fitness: 0.14208
INFO:root:elite fitness: 0.22703999999999996
INFO:root:Generation: 59
INFO:root:pop fitness: 0.13293999999999997
INFO:root:elite fitness: 0.20692
INFO:root:Generation: 58
INFO:root:pop fitness: 0.13502
INFO:root:elite fitness: 0.26132
INFO:root:Generation: 60
INFO:root:pop fitness: 0.13541999999999998
INFO:root:elite fitness: 0.22968000000000002
INFO:root:Generation: 61
INFO:root:pop fitness: 0.12841999999999998
INFO:root:elite fitness: 0.21208
INFO:root:Generation: 59
INFO:root:pop fitness: 0.14856
INFO:root:elite fitness: 0.23759999999999998
INFO:root:Generation: 62
INFO:root:pop fitness: 0.11742000000000001
INFO:root:elite fitness: 0.21604000000000004
INFO:root:Generation: 60
INFO:root:pop fitness: 0.12968000000000002
INFO:root:elite fitness: 0.22104000000000001
INFO:root:Generation: 63
INFO:root:pop fitness: 0.12976000000000001
INFO:root:elite fitness: 0.2026
INFO:root:Generation: 61
INFO:root:pop fitness: 0.11826
INFO:root:elite fitness: 0.20855999999999997
INFO:root:Generation: 64
INFO:root:pop fitness: 0.13278
INFO:root:elite fitness: 0.23404
INFO:root:Generation: 62
INFO:root:pop fitness: 0.13246000000000002
INFO:root:elite fitness: 0.22652
INFO:root:Generation: 65
INFO:root:pop fitness: 0.1605
INFO:root:elite fitness: 0.25644
INFO:root:Generation: 63
INFO:root:pop fitness: 0.13384000000000001
INFO:root:elite fitness: 0.2048
INFO:root:Generation: 66
INFO:root:pop fitness: 0.13424
INFO:root:elite fitness: 0.21496
INFO:root:Generation: 64
INFO:root:pop fitness: 0.14232
INFO:root:elite fitness: 0.22704000000000005
INFO:root:Generation: 67
INFO:root:pop fitness: 0.1402
INFO:root:elite fitness: 0.22544
INFO:root:Generation: 65
INFO:root:pop fitness: 0.13863999999999999
INFO:root:elite fitness: 0.25067999999999996
INFO:root:Generation: 68
INFO:root:pop fitness: 0.14064
INFO:root:elite fitness: 0.24667999999999995
INFO:root:Generation: 69
INFO:root:pop fitness: 0.13915999999999998
INFO:root:elite fitness: 0.24336000000000002
INFO:root:Generation: 66
INFO:root:pop fitness: 0.12422000000000002
INFO:root:elite fitness: 0.19964
INFO:root:Generation: 70
INFO:root:pop fitness: 0.15728
INFO:root:elite fitness: 0.27020000000000005
INFO:root:Generation: 67
INFO:root:pop fitness: 0.14206
INFO:root:elite fitness: 0.22560000000000002
INFO:root:Generation: 71
INFO:root:pop fitness: 0.12908
INFO:root:elite fitness: 0.25188
INFO:root:Generation: 68
INFO:root:pop fitness: 0.15438000000000002
INFO:root:elite fitness: 0.2746
INFO:root:Generation: 72
INFO:root:pop fitness: 0.13508
INFO:root:elite fitness: 0.228
INFO:root:Generation: 69
INFO:root:pop fitness: 0.13307999999999998
INFO:root:elite fitness: 0.23500000000000004
INFO:root:Generation: 73
INFO:root:pop fitness: 0.13442
INFO:root:elite fitness: 0.22143999999999997
INFO:root:Generation: 70
INFO:root:pop fitness: 0.14923999999999998
INFO:root:elite fitness: 0.24295999999999998
INFO:root:Generation: 74
INFO:root:pop fitness: 0.14514000000000002
INFO:root:elite fitness: 0.23628
INFO:root:Generation: 71
INFO:root:pop fitness: 0.15314
INFO:root:elite fitness: 0.26816
INFO:root:Generation: 75
INFO:root:pop fitness: 0.13292
INFO:root:elite fitness: 0.23244
INFO:root:Generation: 72
INFO:root:pop fitness: 0.13246
INFO:root:elite fitness: 0.21844000000000002
INFO:root:Generation: 76
INFO:root:pop fitness: 0.13080000000000003
INFO:root:elite fitness: 0.22192
INFO:root:Generation: 77
INFO:root:pop fitness: 0.12716
INFO:root:elite fitness: 0.23595999999999998
INFO:root:Generation: 73
INFO:root:pop fitness: 0.12313999999999999
INFO:root:elite fitness: 0.21015999999999999
INFO:root:Generation: 78
INFO:root:pop fitness: 0.14302
INFO:root:elite fitness: 0.24360000000000004
INFO:root:Generation: 74
INFO:root:pop fitness: 0.1429
INFO:root:elite fitness: 0.23344
INFO:root:Generation: 79
INFO:root:pop fitness: 0.13934000000000002
INFO:root:elite fitness: 0.23856000000000002
INFO:root:Generation: 75
INFO:root:pop fitness: 0.15832000000000002
INFO:root:elite fitness: 0.24532
INFO:root:Generation: 80
INFO:root:pop fitness: 0.14324
INFO:root:elite fitness: 0.2432
INFO:root:Generation: 76
INFO:root:pop fitness: 0.14617999999999998
INFO:root:elite fitness: 0.23420000000000002
INFO:root:Generation: 81
INFO:root:pop fitness: 0.13032
INFO:root:elite fitness: 0.23404000000000003
INFO:root:Generation: 77
INFO:root:pop fitness: 0.14670000000000002
INFO:root:elite fitness: 0.24552000000000004
INFO:root:Generation: 82
INFO:root:pop fitness: 0.14867999999999998
INFO:root:elite fitness: 0.23535999999999999
INFO:root:Generation: 83
INFO:root:pop fitness: 0.14326
INFO:root:elite fitness: 0.22252000000000002
INFO:root:Generation: 78
INFO:root:pop fitness: 0.14018
INFO:root:elite fitness: 0.23716
INFO:root:Generation: 84
INFO:root:pop fitness: 0.14504
INFO:root:elite fitness: 0.23439999999999997
INFO:root:Generation: 79
INFO:root:pop fitness: 0.14252
INFO:root:elite fitness: 0.23468
INFO:root:Generation: 85
INFO:root:pop fitness: 0.14718
INFO:root:elite fitness: 0.24360000000000004
INFO:root:Generation: 80
INFO:root:pop fitness: 0.13956
INFO:root:elite fitness: 0.24832
INFO:root:Generation: 86
INFO:root:pop fitness: 0.14598000000000003
INFO:root:elite fitness: 0.24280000000000002
INFO:root:Generation: 81
INFO:root:pop fitness: 0.13132000000000002
INFO:root:elite fitness: 0.1882
INFO:root:Generation: 82
INFO:root:pop fitness: 0.13618000000000002
INFO:root:elite fitness: 0.23031999999999997
INFO:root:Generation: 87
INFO:root:pop fitness: 0.14012
INFO:root:elite fitness: 0.21636
INFO:root:Generation: 83
INFO:root:pop fitness: 0.12279999999999999
INFO:root:elite fitness: 0.20704
INFO:root:Generation: 88
INFO:root:pop fitness: 0.13954
INFO:root:elite fitness: 0.25504
INFO:root:Generation: 84
INFO:root:pop fitness: 0.15303999999999998
INFO:root:elite fitness: 0.27548
INFO:root:Generation: 89
INFO:root:pop fitness: 0.136
INFO:root:elite fitness: 0.25579999999999997
INFO:root:Generation: 85
INFO:root:pop fitness: 0.14914
INFO:root:elite fitness: 0.25332
INFO:root:Generation: 90
INFO:root:pop fitness: 0.14256
INFO:root:elite fitness: 0.23376000000000002
INFO:root:Generation: 86
INFO:root:pop fitness: 0.13993999999999998
INFO:root:elite fitness: 0.24592
INFO:root:Generation: 91
INFO:root:pop fitness: 0.13866
INFO:root:elite fitness: 0.21183999999999997
INFO:root:Generation: 92
INFO:root:pop fitness: 0.15096
INFO:root:elite fitness: 0.2506
INFO:root:Generation: 87
INFO:root:pop fitness: 0.14322
INFO:root:elite fitness: 0.24288
INFO:root:Generation: 93
INFO:root:pop fitness: 0.13396
INFO:root:elite fitness: 0.25944
INFO:root:Generation: 88
INFO:root:pop fitness: 0.11667999999999999
INFO:root:elite fitness: 0.22032
INFO:root:Generation: 94
INFO:root:pop fitness: 0.11259999999999999
INFO:root:elite fitness: 0.21308
INFO:root:Generation: 95
INFO:root:pop fitness: 0.13336
INFO:root:elite fitness: 0.24508
INFO:root:Generation: 89
INFO:root:pop fitness: 0.14914
INFO:root:elite fitness: 0.26292000000000004
INFO:root:Generation: 96
INFO:root:pop fitness: 0.12768000000000002
INFO:root:elite fitness: 0.2236
INFO:root:Generation: 90
INFO:root:pop fitness: 0.13073999999999997
INFO:root:elite fitness: 0.22604
INFO:root:Generation: 97
INFO:root:pop fitness: 0.13271999999999998
INFO:root:elite fitness: 0.20564
INFO:root:Generation: 91
INFO:root:pop fitness: 0.14029999999999998
INFO:root:elite fitness: 0.21044000000000004
INFO:root:Generation: 98
INFO:root:pop fitness: 0.13948
INFO:root:elite fitness: 0.22116000000000002
INFO:root:Generation: 92
INFO:root:pop fitness: 0.13632
INFO:root:elite fitness: 0.23956
INFO:root:Generation: 99
INFO:root:pop fitness: 0.12322000000000001
INFO:root:elite fitness: 0.22132000000000002
INFO:root:Generation: 93
INFO:root:pop fitness: 0.12192000000000001
INFO:root:elite fitness: 0.22064
INFO:root:Generation: 94
INFO:root:pop fitness: 0.13616
INFO:root:elite fitness: 0.22168
INFO:root:Generation: 100
INFO:root:pop fitness: 0.14168
INFO:root:elite fitness: 0.24159999999999995
INFO:root:Generation: 95
INFO:root:pop fitness: 0.12108000000000001
INFO:root:elite fitness: 0.20668
INFO:root:Generation: 101
INFO:root:pop fitness: 0.16158
INFO:root:elite fitness: 0.30972
INFO:root:Generation: 96
INFO:root:pop fitness: 0.1375
INFO:root:elite fitness: 0.25364000000000003
INFO:root:Generation: 102
INFO:root:pop fitness: 0.13862000000000002
INFO:root:elite fitness: 0.24236000000000002
INFO:root:Generation: 97
INFO:root:pop fitness: 0.14786
INFO:root:elite fitness: 0.23260000000000003
INFO:root:Generation: 103
INFO:root:pop fitness: 0.14452
INFO:root:elite fitness: 0.24272000000000002
INFO:root:Generation: 98
INFO:root:pop fitness: 0.14212
INFO:root:elite fitness: 0.22812000000000002
INFO:root:Generation: 104
INFO:root:pop fitness: 0.1593
INFO:root:elite fitness: 0.25871999999999995
INFO:root:Generation: 99
INFO:root:pop fitness: 0.13442
INFO:root:elite fitness: 0.21875999999999998
INFO:root:Generation: 105
INFO:root:pop fitness: 0.13976
INFO:root:elite fitness: 0.23764
INFO:root:Generation: 100
INFO:root:pop fitness: 0.1316
INFO:root:elite fitness: 0.21768
INFO:root:Generation: 106
INFO:root:pop fitness: 0.13643999999999998
INFO:root:elite fitness: 0.25724
INFO:root:Generation: 101
INFO:root:pop fitness: 0.14170000000000002
INFO:root:elite fitness: 0.23484
INFO:root:Generation: 107
INFO:root:pop fitness: 0.13907999999999998
INFO:root:elite fitness: 0.20384
INFO:root:Generation: 102
INFO:root:pop fitness: 0.129
INFO:root:elite fitness: 0.2036
INFO:root:Generation: 108
INFO:root:pop fitness: 0.14914
INFO:root:elite fitness: 0.2248
INFO:root:Generation: 103
INFO:root:pop fitness: 0.1509
INFO:root:elite fitness: 0.26708
INFO:root:Generation: 109
INFO:root:pop fitness: 0.12706
INFO:root:elite fitness: 0.21196000000000004
INFO:root:Generation: 104
INFO:root:pop fitness: 0.13772
INFO:root:elite fitness: 0.22396000000000002
INFO:root:Generation: 110
INFO:root:pop fitness: 0.15798
INFO:root:elite fitness: 0.23420000000000002
INFO:root:Generation: 105
INFO:root:pop fitness: 0.13286
INFO:root:elite fitness: 0.21767999999999998
INFO:root:Generation: 111
INFO:root:pop fitness: 0.13788
INFO:root:elite fitness: 0.23099999999999998
INFO:root:Generation: 106
INFO:root:pop fitness: 0.16147999999999998
INFO:root:elite fitness: 0.28076
INFO:root:Generation: 112
INFO:root:pop fitness: 0.14456000000000002
INFO:root:elite fitness: 0.22972
INFO:root:Generation: 107
INFO:root:pop fitness: 0.14314
INFO:root:elite fitness: 0.2382
INFO:root:Generation: 113
INFO:root:pop fitness: 0.13292
INFO:root:elite fitness: 0.23375999999999997
INFO:root:Generation: 108
INFO:root:pop fitness: 0.15808
INFO:root:elite fitness: 0.24900000000000003
INFO:root:Generation: 114
INFO:root:pop fitness: 0.13143999999999997
INFO:root:elite fitness: 0.21652000000000002
INFO:root:Generation: 115
INFO:root:pop fitness: 0.14386000000000002
INFO:root:elite fitness: 0.23571999999999999
INFO:root:Generation: 109
INFO:root:pop fitness: 0.14926000000000003
INFO:root:elite fitness: 0.24384
INFO:root:Generation: 116
INFO:root:pop fitness: 0.14987999999999999
INFO:root:elite fitness: 0.23724
INFO:root:Generation: 110
INFO:root:pop fitness: 0.14082
INFO:root:elite fitness: 0.21752000000000002
INFO:root:Generation: 117
INFO:root:pop fitness: 0.15231999999999998
INFO:root:elite fitness: 0.25704
INFO:root:Generation: 111
INFO:root:pop fitness: 0.15918000000000002
INFO:root:elite fitness: 0.26376
INFO:root:Generation: 118
INFO:root:pop fitness: 0.12448000000000001
INFO:root:elite fitness: 0.21863999999999997
INFO:root:Generation: 112
INFO:root:pop fitness: 0.12128
INFO:root:elite fitness: 0.21744
INFO:root:Generation: 113
INFO:root:pop fitness: 0.141
INFO:root:elite fitness: 0.2328
INFO:root:Generation: 119
INFO:root:pop fitness: 0.1334
INFO:root:elite fitness: 0.22483999999999998
INFO:root:Generation: 120
INFO:root:pop fitness: 0.15471999999999997
INFO:root:elite fitness: 0.27468000000000004
INFO:root:Generation: 114
INFO:root:pop fitness: 0.15254
INFO:root:elite fitness: 0.25204
INFO:root:Generation: 121
INFO:root:pop fitness: 0.13896
INFO:root:elite fitness: 0.24772
INFO:root:Generation: 115
INFO:root:pop fitness: 0.13406
INFO:root:elite fitness: 0.262
INFO:root:Generation: 122
INFO:root:pop fitness: 0.14842
INFO:root:elite fitness: 0.2682
INFO:root:Generation: 116
INFO:root:pop fitness: 0.13452
INFO:root:elite fitness: 0.22724
INFO:root:Generation: 123
INFO:root:pop fitness: 0.13104000000000002
INFO:root:elite fitness: 0.2232
INFO:root:Generation: 117
INFO:root:pop fitness: 0.13934
INFO:root:elite fitness: 0.21384
INFO:root:Generation: 124
INFO:root:pop fitness: 0.14386000000000002
INFO:root:elite fitness: 0.26412
INFO:root:Generation: 118
INFO:root:pop fitness: 0.133
INFO:root:elite fitness: 0.20996000000000004
INFO:root:Generation: 125
INFO:root:pop fitness: 0.15702
INFO:root:elite fitness: 0.27148
INFO:root:Generation: 119
INFO:root:pop fitness: 0.15506000000000003
INFO:root:elite fitness: 0.23984000000000003
INFO:root:Generation: 126
INFO:root:pop fitness: 0.13824000000000003
INFO:root:elite fitness: 0.23012
INFO:root:Generation: 120
INFO:root:pop fitness: 0.14348
INFO:root:elite fitness: 0.27424
INFO:root:Generation: 127
INFO:root:pop fitness: 0.13956
INFO:root:elite fitness: 0.22540000000000002
INFO:root:Generation: 121
INFO:root:pop fitness: 0.16118000000000002
INFO:root:elite fitness: 0.28568
INFO:root:Generation: 128
INFO:root:pop fitness: 0.14174
INFO:root:elite fitness: 0.26224000000000003
INFO:root:Generation: 122
INFO:root:pop fitness: 0.15161999999999998
INFO:root:elite fitness: 0.25052
INFO:root:Generation: 129
INFO:root:pop fitness: 0.14908000000000002
INFO:root:elite fitness: 0.22568
INFO:root:Generation: 123
INFO:root:pop fitness: 0.1519
INFO:root:elite fitness: 0.258
INFO:root:Generation: 130
INFO:root:pop fitness: 0.15261999999999998
INFO:root:elite fitness: 0.24728000000000003
INFO:root:Generation: 124
INFO:root:pop fitness: 0.13028
INFO:root:elite fitness: 0.22652
INFO:root:Generation: 131
INFO:root:pop fitness: 0.17013999999999999
INFO:root:elite fitness: 0.28187999999999996
INFO:root:Generation: 125
INFO:root:pop fitness: 0.15481999999999999
INFO:root:elite fitness: 0.26064
INFO:root:Generation: 132
INFO:root:pop fitness: 0.15941999999999998
INFO:root:elite fitness: 0.2456
INFO:root:Generation: 126
INFO:root:pop fitness: 0.16456000000000004
INFO:root:elite fitness: 0.28592
INFO:root:Generation: 133
INFO:root:pop fitness: 0.16246
INFO:root:elite fitness: 0.23524
INFO:root:Generation: 127
INFO:root:pop fitness: 0.14356
INFO:root:elite fitness: 0.23656000000000002
INFO:root:Generation: 134
INFO:root:pop fitness: 0.18020000000000003
INFO:root:elite fitness: 0.28928
INFO:root:Generation: 128
INFO:root:pop fitness: 0.14195999999999998
INFO:root:elite fitness: 0.26268
INFO:root:Generation: 135
INFO:root:pop fitness: 0.1524
INFO:root:elite fitness: 0.23836000000000002
INFO:root:Generation: 129
INFO:root:pop fitness: 0.13976
INFO:root:elite fitness: 0.25035999999999997
INFO:root:Generation: 136
INFO:root:pop fitness: 0.14906
INFO:root:elite fitness: 0.22404
INFO:root:Generation: 130
INFO:root:pop fitness: 0.16584000000000004
INFO:root:elite fitness: 0.28904
INFO:root:Generation: 137
INFO:root:pop fitness: 0.17132000000000003
INFO:root:elite fitness: 0.27012
INFO:root:Generation: 131
INFO:root:pop fitness: 0.15474
INFO:root:elite fitness: 0.25928
INFO:root:Generation: 138
INFO:root:pop fitness: 0.17544
INFO:root:elite fitness: 0.3012
INFO:root:Generation: 139
INFO:root:pop fitness: 0.13849999999999998
INFO:root:elite fitness: 0.21
INFO:root:Generation: 132
INFO:root:pop fitness: 0.16849999999999998
INFO:root:elite fitness: 0.26376
INFO:root:Generation: 140
INFO:root:pop fitness: 0.1577
INFO:root:elite fitness: 0.24312
INFO:root:Generation: 133
INFO:root:pop fitness: 0.14407999999999999
INFO:root:elite fitness: 0.23076
INFO:root:Generation: 141
INFO:root:pop fitness: 0.15905999999999998
INFO:root:elite fitness: 0.2464
INFO:root:Generation: 134
INFO:root:pop fitness: 0.14367999999999997
INFO:root:elite fitness: 0.24596000000000004
INFO:root:Generation: 142
INFO:root:pop fitness: 0.1761
INFO:root:elite fitness: 0.25264
INFO:root:Generation: 135
INFO:root:pop fitness: 0.12926
INFO:root:elite fitness: 0.21824000000000002
INFO:root:Generation: 143
INFO:root:pop fitness: 0.1464
INFO:root:elite fitness: 0.23672
INFO:root:Generation: 136
INFO:root:pop fitness: 0.14587999999999998
INFO:root:elite fitness: 0.22724
INFO:root:Generation: 144
INFO:root:pop fitness: 0.1776
INFO:root:elite fitness: 0.27515999999999996
INFO:root:Generation: 137
INFO:root:pop fitness: 0.17676000000000003
INFO:root:elite fitness: 0.25028
INFO:root:Generation: 145
INFO:root:pop fitness: 0.1625
INFO:root:elite fitness: 0.2602
INFO:root:Generation: 138
INFO:root:pop fitness: 0.15610000000000002
INFO:root:elite fitness: 0.259
INFO:root:Generation: 146
INFO:root:pop fitness: 0.15574
INFO:root:elite fitness: 0.23776
INFO:root:Generation: 139
INFO:root:pop fitness: 0.14937999999999999
INFO:root:elite fitness: 0.25932
INFO:root:Generation: 147
INFO:root:pop fitness: 0.15488000000000002
INFO:root:elite fitness: 0.24028
INFO:root:Generation: 140
INFO:root:pop fitness: 0.15688000000000002
INFO:root:elite fitness: 0.28424
INFO:root:Generation: 148
INFO:root:pop fitness: 0.15447999999999998
INFO:root:elite fitness: 0.23576
INFO:root:Generation: 141
INFO:root:pop fitness: 0.1375
INFO:root:elite fitness: 0.23784000000000002
INFO:root:Generation: 149
INFO:root:pop fitness: 0.15422000000000002
INFO:root:elite fitness: 0.25636
INFO:root:Generation: 142
INFO:root:pop fitness: 0.15232
INFO:root:elite fitness: 0.26548
INFO:root:Generation: 150
INFO:root:pop fitness: 0.1764
INFO:root:elite fitness: 0.28303999999999996
INFO:root:Generation: 143
INFO:root:pop fitness: 0.16652
INFO:root:elite fitness: 0.29376
INFO:root:Generation: 151
INFO:root:pop fitness: 0.12267999999999998
INFO:root:elite fitness: 0.21667999999999998
INFO:root:Generation: 144
INFO:root:pop fitness: 0.14922000000000002
INFO:root:elite fitness: 0.27232
INFO:root:Generation: 152
INFO:root:pop fitness: 0.16548000000000002
INFO:root:elite fitness: 0.25412
INFO:root:Generation: 145
INFO:root:pop fitness: 0.15916
INFO:root:elite fitness: 0.2744
INFO:root:Generation: 153
INFO:root:pop fitness: 0.14302
INFO:root:elite fitness: 0.27352
INFO:root:Generation: 146
INFO:root:pop fitness: 0.14192
INFO:root:elite fitness: 0.21552000000000004
INFO:root:Generation: 154
INFO:root:pop fitness: 0.14795999999999998
INFO:root:elite fitness: 0.225
INFO:root:Generation: 147
INFO:root:pop fitness: 0.15864000000000003
INFO:root:elite fitness: 0.26476000000000005
INFO:root:Generation: 155
INFO:root:pop fitness: 0.15592
INFO:root:elite fitness: 0.28712000000000004
INFO:root:Generation: 148
INFO:root:pop fitness: 0.15106
INFO:root:elite fitness: 0.29791999999999996
INFO:root:Generation: 156
INFO:root:pop fitness: 0.15574
INFO:root:elite fitness: 0.26216
INFO:root:Generation: 149
INFO:root:pop fitness: 0.1461
INFO:root:elite fitness: 0.26032
INFO:root:Generation: 157
INFO:root:pop fitness: 0.15547999999999998
INFO:root:elite fitness: 0.257
INFO:root:Generation: 150
INFO:root:pop fitness: 0.13792
INFO:root:elite fitness: 0.2618
INFO:root:Generation: 158
INFO:root:pop fitness: 0.14679999999999999
INFO:root:elite fitness: 0.24448
INFO:root:Generation: 151
INFO:root:pop fitness: 0.16648000000000004
INFO:root:elite fitness: 0.28164
INFO:root:Generation: 159
INFO:root:pop fitness: 0.16464
INFO:root:elite fitness: 0.27720000000000006
INFO:root:Generation: 152
INFO:root:pop fitness: 0.15541999999999997
INFO:root:elite fitness: 0.25296
INFO:root:Generation: 160
INFO:root:pop fitness: 0.16701999999999997
INFO:root:elite fitness: 0.28844000000000003
INFO:root:Generation: 153
INFO:root:pop fitness: 0.14546
INFO:root:elite fitness: 0.2606
INFO:root:Generation: 161
INFO:root:pop fitness: 0.17420000000000002
INFO:root:elite fitness: 0.28512
INFO:root:Generation: 154
INFO:root:pop fitness: 0.14300000000000002
INFO:root:elite fitness: 0.24644
INFO:root:Generation: 162
INFO:root:pop fitness: 0.17938
INFO:root:elite fitness: 0.29024
INFO:root:Generation: 163
INFO:root:pop fitness: 0.16824000000000006
INFO:root:elite fitness: 0.251
INFO:root:Generation: 155
INFO:root:pop fitness: 0.16002
INFO:root:elite fitness: 0.26148000000000005
INFO:root:Generation: 164
INFO:root:pop fitness: 0.15654
INFO:root:elite fitness: 0.23187999999999998
INFO:root:Generation: 156
INFO:root:pop fitness: 0.15923999999999996
INFO:root:elite fitness: 0.2582
INFO:root:Generation: 165
INFO:root:pop fitness: 0.16113999999999998
INFO:root:elite fitness: 0.28236
INFO:root:Generation: 157
INFO:root:pop fitness: 0.15467999999999998
INFO:root:elite fitness: 0.24663999999999997
INFO:root:Generation: 166
INFO:root:pop fitness: 0.18182
INFO:root:elite fitness: 0.30667999999999995
INFO:root:Generation: 158
INFO:root:pop fitness: 0.14568
INFO:root:elite fitness: 0.22912
INFO:root:Generation: 167
INFO:root:pop fitness: 0.16064
INFO:root:elite fitness: 0.2606
INFO:root:Generation: 159
INFO:root:pop fitness: 0.16102
INFO:root:elite fitness: 0.24879999999999997
INFO:root:Generation: 168
INFO:root:pop fitness: 0.17085999999999998
INFO:root:elite fitness: 0.25104
INFO:root:Generation: 169
INFO:root:pop fitness: 0.16968000000000003
INFO:root:elite fitness: 0.29244
INFO:root:Generation: 160
INFO:root:pop fitness: 0.11559999999999998
INFO:root:elite fitness: 0.17300000000000001
INFO:root:Generation: 161
INFO:root:pop fitness: 0.15378
INFO:root:elite fitness: 0.23348
INFO:root:Generation: 170
INFO:root:pop fitness: 0.15858
INFO:root:elite fitness: 0.24780000000000002
INFO:root:Generation: 171
INFO:root:pop fitness: 0.14712
INFO:root:elite fitness: 0.23311999999999997
INFO:root:Generation: 162
INFO:root:pop fitness: 0.15972
INFO:root:elite fitness: 0.27343999999999996
INFO:root:Generation: 172
INFO:root:pop fitness: 0.13907999999999998
INFO:root:elite fitness: 0.21163999999999997
INFO:root:Generation: 163
INFO:root:pop fitness: 0.16150000000000003
INFO:root:elite fitness: 0.2446
INFO:root:Generation: 173
INFO:root:pop fitness: 0.14758000000000002
INFO:root:elite fitness: 0.22416
INFO:root:Generation: 164
INFO:root:pop fitness: 0.18059999999999998
INFO:root:elite fitness: 0.27727999999999997
INFO:root:Generation: 174
INFO:root:pop fitness: 0.14976
INFO:root:elite fitness: 0.25096
INFO:root:Generation: 165
INFO:root:pop fitness: 0.17439999999999997
INFO:root:elite fitness: 0.2606
INFO:root:Generation: 175
INFO:root:pop fitness: 0.15904
INFO:root:elite fitness: 0.28796000000000005
INFO:root:Generation: 166
INFO:root:pop fitness: 0.1573
INFO:root:elite fitness: 0.24408000000000002
INFO:root:Generation: 176
INFO:root:pop fitness: 0.15114000000000002
INFO:root:elite fitness: 0.24543999999999996
INFO:root:Generation: 167
INFO:root:pop fitness: 0.1565
INFO:root:elite fitness: 0.27520000000000006
INFO:root:Generation: 177
INFO:root:pop fitness: 0.14947999999999997
INFO:root:elite fitness: 0.24488
INFO:root:Generation: 168
INFO:root:pop fitness: 0.16144000000000003
INFO:root:elite fitness: 0.22344
INFO:root:Generation: 178
INFO:root:pop fitness: 0.1696
INFO:root:elite fitness: 0.27648
INFO:root:Generation: 169
INFO:root:pop fitness: 0.16664
INFO:root:elite fitness: 0.2742
INFO:root:Generation: 179
INFO:root:pop fitness: 0.14454000000000003
INFO:root:elite fitness: 0.26816
INFO:root:Generation: 170
INFO:root:pop fitness: 0.17256000000000005
INFO:root:elite fitness: 0.2754
INFO:root:Generation: 180
INFO:root:pop fitness: 0.1584
INFO:root:elite fitness: 0.26308
INFO:root:Generation: 171
INFO:root:pop fitness: 0.16118
INFO:root:elite fitness: 0.23120000000000002
INFO:root:Generation: 181
INFO:root:pop fitness: 0.16154
INFO:root:elite fitness: 0.24648
INFO:root:Generation: 172
INFO:root:pop fitness: 0.1716
INFO:root:elite fitness: 0.29216000000000003
INFO:root:Generation: 182
INFO:root:pop fitness: 0.14282
INFO:root:elite fitness: 0.23368000000000003
INFO:root:Generation: 183
INFO:root:pop fitness: 0.1671
INFO:root:elite fitness: 0.31912
INFO:root:Generation: 173
INFO:root:pop fitness: 0.15852
INFO:root:elite fitness: 0.27852
INFO:root:Generation: 184
INFO:root:pop fitness: 0.1766
INFO:root:elite fitness: 0.28884
INFO:root:Generation: 174
INFO:root:pop fitness: 0.17606000000000002
INFO:root:elite fitness: 0.25888
INFO:root:Generation: 185
INFO:root:pop fitness: 0.1395
INFO:root:elite fitness: 0.23068000000000002
INFO:root:Generation: 175
INFO:root:pop fitness: 0.14952
INFO:root:elite fitness: 0.25876
INFO:root:Generation: 186
INFO:root:pop fitness: 0.16568000000000002
INFO:root:elite fitness: 0.26012
INFO:root:Generation: 176
INFO:root:pop fitness: 0.18747999999999998
INFO:root:elite fitness: 0.31288
INFO:root:Generation: 187
INFO:root:pop fitness: 0.15264
INFO:root:elite fitness: 0.24412
INFO:root:Generation: 177
INFO:root:pop fitness: 0.15689999999999998
INFO:root:elite fitness: 0.23292000000000002
INFO:root:Generation: 188
INFO:root:pop fitness: 0.17600000000000002
INFO:root:elite fitness: 0.28608
INFO:root:Generation: 178
INFO:root:pop fitness: 0.15408000000000002
INFO:root:elite fitness: 0.24056
INFO:root:Generation: 189
INFO:root:pop fitness: 0.1776
INFO:root:elite fitness: 0.27591999999999994
INFO:root:Generation: 179
INFO:root:pop fitness: 0.15462
INFO:root:elite fitness: 0.25356
INFO:root:Generation: 190
INFO:root:pop fitness: 0.14409999999999998
INFO:root:elite fitness: 0.22779999999999997
INFO:root:Generation: 180
INFO:root:pop fitness: 0.16066
INFO:root:elite fitness: 0.26160000000000005
INFO:root:Generation: 191
INFO:root:pop fitness: 0.15036
INFO:root:elite fitness: 0.25036
INFO:root:Generation: 181
INFO:root:pop fitness: 0.14486000000000002
INFO:root:elite fitness: 0.247
INFO:root:Generation: 192
INFO:root:pop fitness: 0.1569
INFO:root:elite fitness: 0.26916
INFO:root:Generation: 182
INFO:root:pop fitness: 0.15794
INFO:root:elite fitness: 0.25556
INFO:root:Generation: 193
INFO:root:pop fitness: 0.14976000000000003
INFO:root:elite fitness: 0.25864
INFO:root:Generation: 183
INFO:root:pop fitness: 0.15744
INFO:root:elite fitness: 0.23707999999999999
INFO:root:Generation: 194
INFO:root:pop fitness: 0.16348
INFO:root:elite fitness: 0.26724000000000003
INFO:root:Generation: 184
INFO:root:pop fitness: 0.18231999999999998
INFO:root:elite fitness: 0.29996
INFO:root:Generation: 195
INFO:root:pop fitness: 0.16025999999999999
INFO:root:elite fitness: 0.2558
INFO:root:Generation: 185
INFO:root:pop fitness: 0.15512
INFO:root:elite fitness: 0.22640000000000002
INFO:root:Generation: 196
INFO:root:pop fitness: 0.15528
INFO:root:elite fitness: 0.27328
INFO:root:Generation: 186
INFO:root:pop fitness: 0.15117999999999998
INFO:root:elite fitness: 0.24512
INFO:root:Generation: 197
INFO:root:pop fitness: 0.18526000000000004
INFO:root:elite fitness: 0.32108000000000003
INFO:root:Generation: 198
INFO:root:pop fitness: 0.16994
INFO:root:elite fitness: 0.28072
INFO:root:Generation: 187
INFO:root:pop fitness: 0.17118000000000003
INFO:root:elite fitness: 0.25568
INFO:root:Generation: 199
INFO:root:pop fitness: 0.1457
INFO:root:elite fitness: 0.26652000000000003
INFO:root:Generation: 188
INFO:root:pop fitness: 0.14372
INFO:root:elite fitness: 0.23612
INFO:root:Generation: 189
INFO:root:pop fitness: 0.15198
INFO:root:elite fitness: 0.24892000000000003
INFO:root:Generation: 190
INFO:root:pop fitness: 0.16232
INFO:root:elite fitness: 0.25304
INFO:root:Generation: 191
INFO:root:pop fitness: 0.16099999999999998
INFO:root:elite fitness: 0.24328
INFO:root:Generation: 192
INFO:root:pop fitness: 0.18486
INFO:root:elite fitness: 0.33775999999999995
INFO:root:Generation: 193
INFO:root:pop fitness: 0.17443999999999998
INFO:root:elite fitness: 0.261
INFO:root:Generation: 194
INFO:root:pop fitness: 0.18967999999999996
INFO:root:elite fitness: 0.29736
INFO:root:Generation: 195
INFO:root:pop fitness: 0.15672
INFO:root:elite fitness: 0.28563999999999995
INFO:root:Generation: 196
INFO:root:pop fitness: 0.16882000000000003
INFO:root:elite fitness: 0.3032
INFO:root:Generation: 197
INFO:root:pop fitness: 0.1709
INFO:root:elite fitness: 0.27072
INFO:root:Generation: 198
INFO:root:pop fitness: 0.16233999999999998
INFO:root:elite fitness: 0.2814
INFO:root:Generation: 199
INFO:root:pop fitness: 0.16346
INFO:root:elite fitness: 0.25616
