INFO:root:run_master: Namespace(arms='10', hidden='128', layers='3', max_gen='200', message='', mutation_mag='0.01', name='resetSteps', noise=True, pop_size='150', save_result=True, steps='1', trials='100')
INFO:root:run_master: Namespace(arms='10', hidden='128', layers='3', max_gen='200', message='', mutation_mag='0.01', name='resetSteps', noise=False, pop_size='150', save_result=True, steps='1', trials='100')
INFO:root:Generation: 0
INFO:root:pop fitness: 0.10108666666666667
INFO:root:elite fitness: 0.1116533333333333
INFO:root:Generation: 0
INFO:root:pop fitness: 0.09985999999999998
INFO:root:elite fitness: 0.11108000000000001
INFO:root:Generation: 1
INFO:root:pop fitness: 0.10076
INFO:root:elite fitness: 0.1383333333333334
INFO:root:Generation: 1
INFO:root:pop fitness: 0.10175333333333332
INFO:root:elite fitness: 0.14885333333333334
INFO:root:Generation: 2
INFO:root:pop fitness: 0.09875333333333333
INFO:root:elite fitness: 0.17008000000000004
INFO:root:Generation: 2
INFO:root:pop fitness: 0.10540666666666666
INFO:root:elite fitness: 0.17321333333333333
INFO:root:Generation: 3
INFO:root:pop fitness: 0.09917333333333334
INFO:root:elite fitness: 0.18465333333333334
INFO:root:Generation: 3
INFO:root:pop fitness: 0.09438
INFO:root:elite fitness: 0.16177333333333335
INFO:root:Generation: 4
INFO:root:pop fitness: 0.11254666666666667
INFO:root:elite fitness: 0.2158
INFO:root:Generation: 4
INFO:root:pop fitness: 0.09692
INFO:root:elite fitness: 0.19506666666666667
INFO:root:Generation: 5
INFO:root:pop fitness: 0.09469333333333334
INFO:root:elite fitness: 0.18458666666666668
INFO:root:Generation: 5
INFO:root:pop fitness: 0.09639333333333333
INFO:root:elite fitness: 0.19854666666666665
INFO:root:Generation: 6
INFO:root:pop fitness: 0.09462000000000001
INFO:root:elite fitness: 0.2005333333333333
INFO:root:Generation: 6
INFO:root:pop fitness: 0.11752
INFO:root:elite fitness: 0.22133333333333335
INFO:root:Generation: 7
INFO:root:pop fitness: 0.09548666666666666
INFO:root:elite fitness: 0.17093333333333333
INFO:root:Generation: 7
INFO:root:pop fitness: 0.10469333333333332
INFO:root:elite fitness: 0.21822666666666668
INFO:root:Generation: 8
INFO:root:pop fitness: 0.09562
INFO:root:elite fitness: 0.19843999999999998
INFO:root:Generation: 8
INFO:root:pop fitness: 0.10420666666666667
INFO:root:elite fitness: 0.2130533333333333
INFO:root:Generation: 9
INFO:root:pop fitness: 0.09243333333333333
INFO:root:elite fitness: 0.20661333333333332
INFO:root:Generation: 9
INFO:root:pop fitness: 0.09650666666666667
INFO:root:elite fitness: 0.21521333333333337
INFO:root:Generation: 10
INFO:root:pop fitness: 0.09815333333333333
INFO:root:elite fitness: 0.19746666666666665
INFO:root:Generation: 10
INFO:root:pop fitness: 0.10255333333333333
INFO:root:elite fitness: 0.2226266666666667
INFO:root:Generation: 11
INFO:root:pop fitness: 0.10690000000000002
INFO:root:elite fitness: 0.23485333333333333
INFO:root:Generation: 11
INFO:root:pop fitness: 0.11184666666666668
INFO:root:elite fitness: 0.24081333333333338
INFO:root:Generation: 12
INFO:root:pop fitness: 0.10102666666666667
INFO:root:elite fitness: 0.22691999999999998
INFO:root:Generation: 12
INFO:root:pop fitness: 0.09771333333333333
INFO:root:elite fitness: 0.21944000000000002
INFO:root:Generation: 13
INFO:root:pop fitness: 0.10532666666666667
INFO:root:elite fitness: 0.24741333333333335
INFO:root:Generation: 13
INFO:root:pop fitness: 0.09032
INFO:root:elite fitness: 0.19047999999999998
INFO:root:Generation: 14
INFO:root:pop fitness: 0.08718000000000001
INFO:root:elite fitness: 0.18404
INFO:root:Generation: 14
INFO:root:pop fitness: 0.10128666666666665
INFO:root:elite fitness: 0.19381333333333337
INFO:root:Generation: 15
INFO:root:pop fitness: 0.11016000000000001
INFO:root:elite fitness: 0.20654666666666666
INFO:root:Generation: 15
INFO:root:pop fitness: 0.11661333333333333
INFO:root:elite fitness: 0.23388
INFO:root:Generation: 16
INFO:root:pop fitness: 0.10548666666666667
INFO:root:elite fitness: 0.19855999999999996
INFO:root:Generation: 17
INFO:root:pop fitness: 0.10306
INFO:root:elite fitness: 0.20872000000000004
INFO:root:Generation: 16
INFO:root:pop fitness: 0.10306666666666665
INFO:root:elite fitness: 0.2088266666666667
INFO:root:Generation: 18
INFO:root:pop fitness: 0.10519333333333333
INFO:root:elite fitness: 0.21716
INFO:root:Generation: 17
INFO:root:pop fitness: 0.10695333333333333
INFO:root:elite fitness: 0.2364666666666667
INFO:root:Generation: 19
INFO:root:pop fitness: 0.10708000000000001
INFO:root:elite fitness: 0.21943999999999997
INFO:root:Generation: 18
INFO:root:pop fitness: 0.10402666666666666
INFO:root:elite fitness: 0.23777333333333336
INFO:root:Generation: 20
INFO:root:pop fitness: 0.10773333333333336
INFO:root:elite fitness: 0.20648
INFO:root:Generation: 19
INFO:root:pop fitness: 0.11489333333333332
INFO:root:elite fitness: 0.21374666666666664
INFO:root:Generation: 21
INFO:root:pop fitness: 0.10896666666666666
INFO:root:elite fitness: 0.20950666666666665
INFO:root:Generation: 20
INFO:root:pop fitness: 0.10552666666666667
INFO:root:elite fitness: 0.2192933333333333
INFO:root:Generation: 22
INFO:root:pop fitness: 0.11463333333333334
INFO:root:elite fitness: 0.24433333333333332
INFO:root:Generation: 21
INFO:root:pop fitness: 0.11104666666666667
INFO:root:elite fitness: 0.24046666666666672
INFO:root:Generation: 23
INFO:root:pop fitness: 0.1198866666666667
INFO:root:elite fitness: 0.2449733333333333
INFO:root:Generation: 22
INFO:root:pop fitness: 0.10400666666666666
INFO:root:elite fitness: 0.2189733333333333
INFO:root:Generation: 24
INFO:root:pop fitness: 0.12463333333333332
INFO:root:elite fitness: 0.2586533333333333
INFO:root:Generation: 23
INFO:root:pop fitness: 0.11173999999999999
INFO:root:elite fitness: 0.22012
INFO:root:Generation: 25
INFO:root:pop fitness: 0.11236666666666667
INFO:root:elite fitness: 0.23152
INFO:root:Generation: 24
INFO:root:pop fitness: 0.12253333333333333
INFO:root:elite fitness: 0.22117333333333333
INFO:root:Generation: 26
INFO:root:pop fitness: 0.11371333333333335
INFO:root:elite fitness: 0.22746666666666665
INFO:root:Generation: 25
INFO:root:pop fitness: 0.12385333333333333
INFO:root:elite fitness: 0.24256
INFO:root:Generation: 27
INFO:root:pop fitness: 0.13377333333333333
INFO:root:elite fitness: 0.2601333333333334
INFO:root:Generation: 26
INFO:root:pop fitness: 0.11754666666666665
INFO:root:elite fitness: 0.2384666666666667
INFO:root:Generation: 28
INFO:root:pop fitness: 0.12435333333333333
INFO:root:elite fitness: 0.2537466666666667
INFO:root:Generation: 27
INFO:root:pop fitness: 0.11509333333333333
INFO:root:elite fitness: 0.23652
INFO:root:Generation: 29
INFO:root:pop fitness: 0.11778666666666666
INFO:root:elite fitness: 0.2603333333333333
INFO:root:Generation: 28
INFO:root:pop fitness: 0.13062666666666667
INFO:root:elite fitness: 0.2604666666666667
INFO:root:Generation: 30
INFO:root:pop fitness: 0.11476666666666667
INFO:root:elite fitness: 0.22241333333333335
INFO:root:Generation: 29
INFO:root:pop fitness: 0.12461999999999998
INFO:root:elite fitness: 0.24914666666666663
INFO:root:Generation: 31
INFO:root:pop fitness: 0.12192
INFO:root:elite fitness: 0.2249333333333333
INFO:root:Generation: 30
INFO:root:pop fitness: 0.12044666666666667
INFO:root:elite fitness: 0.24093333333333333
INFO:root:Generation: 32
INFO:root:pop fitness: 0.11288666666666666
INFO:root:elite fitness: 0.2500266666666667
INFO:root:Generation: 31
INFO:root:pop fitness: 0.11286000000000002
INFO:root:elite fitness: 0.2325466666666667
INFO:root:Generation: 33
INFO:root:pop fitness: 0.10867333333333334
INFO:root:elite fitness: 0.21524000000000001
INFO:root:Generation: 32
INFO:root:pop fitness: 0.12309333333333332
INFO:root:elite fitness: 0.26819999999999994
INFO:root:Generation: 34
INFO:root:pop fitness: 0.10969999999999999
INFO:root:elite fitness: 0.21756000000000006
INFO:root:Generation: 33
INFO:root:pop fitness: 0.10587333333333332
INFO:root:elite fitness: 0.22138666666666665
INFO:root:Generation: 35
INFO:root:pop fitness: 0.12045333333333332
INFO:root:elite fitness: 0.2554133333333333
INFO:root:Generation: 34
INFO:root:pop fitness: 0.11683333333333334
INFO:root:elite fitness: 0.22009333333333336
INFO:root:Generation: 36
INFO:root:pop fitness: 0.1205
INFO:root:elite fitness: 0.25464000000000003
INFO:root:Generation: 35
INFO:root:pop fitness: 0.12481999999999999
INFO:root:elite fitness: 0.23839999999999997
INFO:root:Generation: 37
INFO:root:pop fitness: 0.13468666666666665
INFO:root:elite fitness: 0.26530666666666664
INFO:root:Generation: 36
INFO:root:pop fitness: 0.11972666666666666
INFO:root:elite fitness: 0.2531733333333333
INFO:root:Generation: 38
INFO:root:pop fitness: 0.11934000000000002
INFO:root:elite fitness: 0.25255999999999995
INFO:root:Generation: 37
INFO:root:pop fitness: 0.11716666666666666
INFO:root:elite fitness: 0.22682666666666668
INFO:root:Generation: 39
INFO:root:pop fitness: 0.11989333333333335
INFO:root:elite fitness: 0.24186666666666667
INFO:root:Generation: 38
INFO:root:pop fitness: 0.11942666666666665
INFO:root:elite fitness: 0.23706666666666665
INFO:root:Generation: 40
INFO:root:pop fitness: 0.11876666666666665
INFO:root:elite fitness: 0.2289733333333333
INFO:root:Generation: 39
INFO:root:pop fitness: 0.11573333333333333
INFO:root:elite fitness: 0.2222933333333333
INFO:root:Generation: 41
INFO:root:pop fitness: 0.12910000000000002
INFO:root:elite fitness: 0.24955999999999998
INFO:root:Generation: 40
INFO:root:pop fitness: 0.1250266666666667
INFO:root:elite fitness: 0.26186666666666664
INFO:root:Generation: 42
INFO:root:pop fitness: 0.12088666666666668
INFO:root:elite fitness: 0.2636933333333333
INFO:root:Generation: 41
INFO:root:pop fitness: 0.12759333333333334
INFO:root:elite fitness: 0.2587333333333333
INFO:root:Generation: 43
INFO:root:pop fitness: 0.14370666666666665
INFO:root:elite fitness: 0.28297333333333335
INFO:root:Generation: 42
INFO:root:pop fitness: 0.11669333333333332
INFO:root:elite fitness: 0.24056000000000002
INFO:root:Generation: 44
INFO:root:pop fitness: 0.13823999999999997
INFO:root:elite fitness: 0.27672
INFO:root:Generation: 43
INFO:root:pop fitness: 0.13213999999999998
INFO:root:elite fitness: 0.2675066666666667
INFO:root:Generation: 45
INFO:root:pop fitness: 0.12188
INFO:root:elite fitness: 0.24304000000000003
INFO:root:Generation: 44
INFO:root:pop fitness: 0.11790666666666666
INFO:root:elite fitness: 0.26190666666666673
INFO:root:Generation: 46
INFO:root:pop fitness: 0.12012666666666666
INFO:root:elite fitness: 0.24472000000000005
INFO:root:Generation: 45
INFO:root:pop fitness: 0.13656666666666667
INFO:root:elite fitness: 0.26673333333333327
INFO:root:Generation: 47
INFO:root:pop fitness: 0.12358666666666666
INFO:root:elite fitness: 0.2473733333333333
INFO:root:Generation: 48
INFO:root:pop fitness: 0.12319333333333331
INFO:root:elite fitness: 0.23855999999999994
INFO:root:Generation: 46
INFO:root:pop fitness: 0.12440666666666668
INFO:root:elite fitness: 0.25216
INFO:root:Generation: 47
INFO:root:pop fitness: 0.12433333333333335
INFO:root:elite fitness: 0.24374666666666664
INFO:root:Generation: 49
INFO:root:pop fitness: 0.12392
INFO:root:elite fitness: 0.25793333333333335
INFO:root:Generation: 48
INFO:root:pop fitness: 0.13371333333333335
INFO:root:elite fitness: 0.2486
INFO:root:Generation: 50
INFO:root:pop fitness: 0.13808666666666666
INFO:root:elite fitness: 0.2841066666666667
INFO:root:Generation: 51
INFO:root:pop fitness: 0.12540666666666667
INFO:root:elite fitness: 0.26593333333333335
INFO:root:Generation: 49
INFO:root:pop fitness: 0.12054666666666668
INFO:root:elite fitness: 0.24729333333333334
INFO:root:Generation: 52
INFO:root:pop fitness: 0.12947333333333333
INFO:root:elite fitness: 0.27443999999999996
INFO:root:Generation: 50
INFO:root:pop fitness: 0.12632000000000002
INFO:root:elite fitness: 0.24309333333333333
INFO:root:Generation: 53
INFO:root:pop fitness: 0.12077999999999998
INFO:root:elite fitness: 0.24981333333333333
INFO:root:Generation: 51
INFO:root:pop fitness: 0.11673333333333331
INFO:root:elite fitness: 0.23653333333333326
INFO:root:Generation: 54
INFO:root:pop fitness: 0.11737333333333332
INFO:root:elite fitness: 0.24154666666666672
INFO:root:Generation: 52
INFO:root:pop fitness: 0.11973999999999999
INFO:root:elite fitness: 0.22797333333333336
INFO:root:Generation: 55
INFO:root:pop fitness: 0.12624
INFO:root:elite fitness: 0.24424000000000007
INFO:root:Generation: 53
INFO:root:pop fitness: 0.12419333333333334
INFO:root:elite fitness: 0.24849333333333334
INFO:root:Generation: 56
INFO:root:pop fitness: 0.11715333333333333
INFO:root:elite fitness: 0.2422933333333334
INFO:root:Generation: 54
INFO:root:pop fitness: 0.13839333333333334
INFO:root:elite fitness: 0.24597333333333338
INFO:root:Generation: 57
INFO:root:pop fitness: 0.14226
INFO:root:elite fitness: 0.27909333333333336
INFO:root:Generation: 55
INFO:root:pop fitness: 0.13157333333333335
INFO:root:elite fitness: 0.24420000000000003
INFO:root:Generation: 58
INFO:root:pop fitness: 0.12560666666666667
INFO:root:elite fitness: 0.24110666666666664
INFO:root:Generation: 56
INFO:root:pop fitness: 0.13040666666666667
INFO:root:elite fitness: 0.29672000000000004
INFO:root:Generation: 59
INFO:root:pop fitness: 0.12477333333333335
INFO:root:elite fitness: 0.2677333333333333
INFO:root:Generation: 57
INFO:root:pop fitness: 0.12887333333333337
INFO:root:elite fitness: 0.25949333333333335
INFO:root:Generation: 60
INFO:root:pop fitness: 0.11949333333333333
INFO:root:elite fitness: 0.2285066666666666
INFO:root:Generation: 58
INFO:root:pop fitness: 0.1416
INFO:root:elite fitness: 0.27085333333333333
INFO:root:Generation: 61
INFO:root:pop fitness: 0.11707333333333333
INFO:root:elite fitness: 0.24324000000000004
INFO:root:Generation: 59
INFO:root:pop fitness: 0.12315333333333332
INFO:root:elite fitness: 0.24241333333333334
INFO:root:Generation: 62
INFO:root:pop fitness: 0.11732
INFO:root:elite fitness: 0.2414
INFO:root:Generation: 60
INFO:root:pop fitness: 0.11058666666666667
INFO:root:elite fitness: 0.2328
INFO:root:Generation: 63
INFO:root:pop fitness: 0.12571333333333332
INFO:root:elite fitness: 0.2421066666666667
INFO:root:Generation: 61
INFO:root:pop fitness: 0.1326733333333333
INFO:root:elite fitness: 0.27101333333333333
INFO:root:Generation: 64
INFO:root:pop fitness: 0.12274000000000002
INFO:root:elite fitness: 0.2741733333333334
INFO:root:Generation: 62
INFO:root:pop fitness: 0.12927333333333332
INFO:root:elite fitness: 0.26497333333333334
INFO:root:Generation: 65
INFO:root:pop fitness: 0.14521333333333336
INFO:root:elite fitness: 0.28842666666666666
INFO:root:Generation: 63
INFO:root:pop fitness: 0.12648
INFO:root:elite fitness: 0.2711066666666667
INFO:root:Generation: 66
INFO:root:pop fitness: 0.12442
INFO:root:elite fitness: 0.25073333333333336
INFO:root:Generation: 64
INFO:root:pop fitness: 0.1260466666666667
INFO:root:elite fitness: 0.26314666666666664
INFO:root:Generation: 67
INFO:root:pop fitness: 0.13642666666666667
INFO:root:elite fitness: 0.25978666666666667
INFO:root:Generation: 65
INFO:root:pop fitness: 0.1299
INFO:root:elite fitness: 0.24794666666666662
INFO:root:Generation: 68
INFO:root:pop fitness: 0.11899333333333334
INFO:root:elite fitness: 0.2522533333333334
INFO:root:Generation: 66
INFO:root:pop fitness: 0.13201999999999997
INFO:root:elite fitness: 0.26156000000000007
INFO:root:Generation: 69
INFO:root:pop fitness: 0.13678666666666667
INFO:root:elite fitness: 0.2718666666666667
INFO:root:Generation: 67
INFO:root:pop fitness: 0.1311733333333333
INFO:root:elite fitness: 0.25190666666666667
INFO:root:Generation: 70
INFO:root:pop fitness: 0.12426
INFO:root:elite fitness: 0.27770666666666666
INFO:root:Generation: 68
INFO:root:pop fitness: 0.13756666666666667
INFO:root:elite fitness: 0.2608000000000001
INFO:root:Generation: 71
INFO:root:pop fitness: 0.13848666666666667
INFO:root:elite fitness: 0.26152000000000003
INFO:root:Generation: 69
INFO:root:pop fitness: 0.12510000000000002
INFO:root:elite fitness: 0.27664
INFO:root:Generation: 72
INFO:root:pop fitness: 0.13530666666666666
INFO:root:elite fitness: 0.27786666666666676
INFO:root:Generation: 70
INFO:root:pop fitness: 0.12963999999999998
INFO:root:elite fitness: 0.2527066666666667
INFO:root:Generation: 73
INFO:root:pop fitness: 0.11632666666666665
INFO:root:elite fitness: 0.22142666666666666
INFO:root:Generation: 71
INFO:root:pop fitness: 0.12388666666666666
INFO:root:elite fitness: 0.23665333333333333
INFO:root:Generation: 74
INFO:root:pop fitness: 0.14398666666666665
INFO:root:elite fitness: 0.2842933333333333
INFO:root:Generation: 75
INFO:root:pop fitness: 0.1416
INFO:root:elite fitness: 0.2804400000000001
INFO:root:Generation: 72
INFO:root:pop fitness: 0.12513333333333332
INFO:root:elite fitness: 0.24167999999999998
INFO:root:Generation: 76
INFO:root:pop fitness: 0.12597999999999998
INFO:root:elite fitness: 0.25504
INFO:root:Generation: 73
INFO:root:pop fitness: 0.11951999999999999
INFO:root:elite fitness: 0.25897333333333333
INFO:root:Generation: 77
INFO:root:pop fitness: 0.12374
INFO:root:elite fitness: 0.2784
INFO:root:Generation: 74
INFO:root:pop fitness: 0.11607999999999999
INFO:root:elite fitness: 0.23452000000000003
INFO:root:Generation: 78
INFO:root:pop fitness: 0.14277333333333336
INFO:root:elite fitness: 0.2760533333333333
INFO:root:Generation: 75
INFO:root:pop fitness: 0.11528000000000001
INFO:root:elite fitness: 0.23908000000000001
INFO:root:Generation: 79
INFO:root:pop fitness: 0.14044666666666666
INFO:root:elite fitness: 0.2577733333333333
INFO:root:Generation: 76
INFO:root:pop fitness: 0.12845333333333334
INFO:root:elite fitness: 0.24448000000000003
INFO:root:Generation: 80
INFO:root:pop fitness: 0.11499333333333335
INFO:root:elite fitness: 0.22488
INFO:root:Generation: 77
INFO:root:pop fitness: 0.1415733333333333
INFO:root:elite fitness: 0.2826666666666666
INFO:root:Generation: 81
INFO:root:pop fitness: 0.13913999999999999
INFO:root:elite fitness: 0.2897333333333333
INFO:root:Generation: 78
INFO:root:pop fitness: 0.13323333333333334
INFO:root:elite fitness: 0.26066666666666666
INFO:root:Generation: 82
INFO:root:pop fitness: 0.11304
INFO:root:elite fitness: 0.23453333333333334
INFO:root:Generation: 79
INFO:root:pop fitness: 0.13437999999999997
INFO:root:elite fitness: 0.30429333333333336
INFO:root:Generation: 83
INFO:root:pop fitness: 0.12719999999999998
INFO:root:elite fitness: 0.23692000000000002
INFO:root:Generation: 80
INFO:root:pop fitness: 0.11852666666666667
INFO:root:elite fitness: 0.21447999999999998
INFO:root:Generation: 84
INFO:root:pop fitness: 0.12579333333333334
INFO:root:elite fitness: 0.2565733333333334
INFO:root:Generation: 81
INFO:root:pop fitness: 0.11776
INFO:root:elite fitness: 0.25428
INFO:root:Generation: 85
INFO:root:pop fitness: 0.11827333333333333
INFO:root:elite fitness: 0.2506
INFO:root:Generation: 82
INFO:root:pop fitness: 0.13149333333333332
INFO:root:elite fitness: 0.25825333333333333
INFO:root:Generation: 86
INFO:root:pop fitness: 0.12946
INFO:root:elite fitness: 0.2640933333333333
INFO:root:Generation: 83
INFO:root:pop fitness: 0.11963999999999998
INFO:root:elite fitness: 0.26988
INFO:root:Generation: 87
INFO:root:pop fitness: 0.1354733333333333
INFO:root:elite fitness: 0.26755999999999996
INFO:root:Generation: 84
INFO:root:pop fitness: 0.12003333333333333
INFO:root:elite fitness: 0.23122666666666666
INFO:root:Generation: 88
INFO:root:pop fitness: 0.12169333333333335
INFO:root:elite fitness: 0.22872
INFO:root:Generation: 85
INFO:root:pop fitness: 0.13709999999999997
INFO:root:elite fitness: 0.25972
INFO:root:Generation: 89
INFO:root:pop fitness: 0.12468666666666668
INFO:root:elite fitness: 0.23417333333333332
INFO:root:Generation: 90
INFO:root:pop fitness: 0.13282666666666668
INFO:root:elite fitness: 0.2564
INFO:root:Generation: 86
INFO:root:pop fitness: 0.14867333333333335
INFO:root:elite fitness: 0.31033333333333335
INFO:root:Generation: 91
INFO:root:pop fitness: 0.12646000000000002
INFO:root:elite fitness: 0.2636533333333333
INFO:root:Generation: 87
INFO:root:pop fitness: 0.12986666666666669
INFO:root:elite fitness: 0.26698666666666665
INFO:root:Generation: 92
INFO:root:pop fitness: 0.12075333333333332
INFO:root:elite fitness: 0.25026666666666664
INFO:root:Generation: 88
INFO:root:pop fitness: 0.1330866666666667
INFO:root:elite fitness: 0.26375999999999994
INFO:root:Generation: 93
INFO:root:pop fitness: 0.13180666666666668
INFO:root:elite fitness: 0.2676933333333333
INFO:root:Generation: 89
INFO:root:pop fitness: 0.14270000000000002
INFO:root:elite fitness: 0.2813066666666667
INFO:root:Generation: 94
INFO:root:pop fitness: 0.12273333333333336
INFO:root:elite fitness: 0.27544
INFO:root:Generation: 90
INFO:root:pop fitness: 0.15427333333333332
INFO:root:elite fitness: 0.3047866666666667
INFO:root:Generation: 95
INFO:root:pop fitness: 0.12701333333333334
INFO:root:elite fitness: 0.25873333333333337
INFO:root:Generation: 91
INFO:root:pop fitness: 0.13017333333333336
INFO:root:elite fitness: 0.26524000000000003
INFO:root:Generation: 96
INFO:root:pop fitness: 0.13717333333333334
INFO:root:elite fitness: 0.2580133333333333
INFO:root:Generation: 92
INFO:root:pop fitness: 0.11959999999999998
INFO:root:elite fitness: 0.22368000000000005
INFO:root:Generation: 97
INFO:root:pop fitness: 0.13648666666666667
INFO:root:elite fitness: 0.2706133333333333
INFO:root:Generation: 93
INFO:root:pop fitness: 0.12904666666666667
INFO:root:elite fitness: 0.2668266666666666
INFO:root:Generation: 98
INFO:root:pop fitness: 0.12542
INFO:root:elite fitness: 0.24714666666666668
INFO:root:Generation: 94
INFO:root:pop fitness: 0.13260666666666668
INFO:root:elite fitness: 0.28576
INFO:root:Generation: 99
INFO:root:pop fitness: 0.12383333333333332
INFO:root:elite fitness: 0.24230666666666664
INFO:root:Generation: 95
INFO:root:pop fitness: 0.14543999999999996
INFO:root:elite fitness: 0.26453333333333334
INFO:root:Generation: 100
INFO:root:pop fitness: 0.1287
INFO:root:elite fitness: 0.26943999999999996
INFO:root:Generation: 96
INFO:root:pop fitness: 0.12461999999999998
INFO:root:elite fitness: 0.27612
INFO:root:Generation: 101
INFO:root:pop fitness: 0.13496666666666668
INFO:root:elite fitness: 0.25608000000000003
INFO:root:Generation: 97
INFO:root:pop fitness: 0.15912
INFO:root:elite fitness: 0.3002933333333333
INFO:root:Generation: 102
INFO:root:pop fitness: 0.15384
INFO:root:elite fitness: 0.29013333333333335
INFO:root:Generation: 98
INFO:root:pop fitness: 0.13533999999999996
INFO:root:elite fitness: 0.2805066666666667
INFO:root:Generation: 103
INFO:root:pop fitness: 0.13425999999999996
INFO:root:elite fitness: 0.27248000000000006
INFO:root:Generation: 99
INFO:root:pop fitness: 0.14558
INFO:root:elite fitness: 0.30077333333333334
INFO:root:Generation: 104
INFO:root:pop fitness: 0.14467333333333335
INFO:root:elite fitness: 0.2892133333333333
INFO:root:Generation: 100
INFO:root:pop fitness: 0.14428666666666667
INFO:root:elite fitness: 0.30492
INFO:root:Generation: 105
INFO:root:pop fitness: 0.13488
INFO:root:elite fitness: 0.25427999999999995
INFO:root:Generation: 101
INFO:root:pop fitness: 0.14331999999999998
INFO:root:elite fitness: 0.2603333333333333
INFO:root:Generation: 106
INFO:root:pop fitness: 0.12821999999999997
INFO:root:elite fitness: 0.2805466666666666
INFO:root:Generation: 107
INFO:root:pop fitness: 0.13979333333333333
INFO:root:elite fitness: 0.27842666666666666
INFO:root:Generation: 102
INFO:root:pop fitness: 0.12056666666666667
INFO:root:elite fitness: 0.2606666666666667
INFO:root:Generation: 108
INFO:root:pop fitness: 0.13395333333333334
INFO:root:elite fitness: 0.28104
INFO:root:Generation: 103
INFO:root:pop fitness: 0.13786
INFO:root:elite fitness: 0.29064
INFO:root:Generation: 109
INFO:root:pop fitness: 0.14068000000000003
INFO:root:elite fitness: 0.2753999999999999
INFO:root:Generation: 104
INFO:root:pop fitness: 0.15016000000000002
INFO:root:elite fitness: 0.2745599999999999
INFO:root:Generation: 110
INFO:root:pop fitness: 0.13306666666666667
INFO:root:elite fitness: 0.26339999999999997
INFO:root:Generation: 105
INFO:root:pop fitness: 0.12881333333333334
INFO:root:elite fitness: 0.2649066666666666
INFO:root:Generation: 111
INFO:root:pop fitness: 0.13429999999999997
INFO:root:elite fitness: 0.25589333333333336
INFO:root:Generation: 106
INFO:root:pop fitness: 0.14178000000000002
INFO:root:elite fitness: 0.28396
INFO:root:Generation: 112
INFO:root:pop fitness: 0.14986
INFO:root:elite fitness: 0.2928133333333334
INFO:root:Generation: 107
INFO:root:pop fitness: 0.13714666666666667
INFO:root:elite fitness: 0.2716266666666667
INFO:root:Generation: 113
INFO:root:pop fitness: 0.14366666666666664
INFO:root:elite fitness: 0.30764
INFO:root:Generation: 108
INFO:root:pop fitness: 0.14881333333333335
INFO:root:elite fitness: 0.2873333333333333
INFO:root:Generation: 114
INFO:root:pop fitness: 0.12961999999999999
INFO:root:elite fitness: 0.23340000000000002
INFO:root:Generation: 109
INFO:root:pop fitness: 0.14457333333333333
INFO:root:elite fitness: 0.27712
INFO:root:Generation: 115
INFO:root:pop fitness: 0.14434666666666668
INFO:root:elite fitness: 0.2714
INFO:root:Generation: 110
INFO:root:pop fitness: 0.14711333333333335
INFO:root:elite fitness: 0.2849733333333333
INFO:root:Generation: 116
INFO:root:pop fitness: 0.13386
INFO:root:elite fitness: 0.2425466666666667
INFO:root:Generation: 111
INFO:root:pop fitness: 0.14112666666666668
INFO:root:elite fitness: 0.28068000000000004
INFO:root:Generation: 117
INFO:root:pop fitness: 0.14056666666666667
INFO:root:elite fitness: 0.26813333333333333
INFO:root:Generation: 112
INFO:root:pop fitness: 0.14862
INFO:root:elite fitness: 0.26774666666666663
INFO:root:Generation: 118
INFO:root:pop fitness: 0.14198666666666668
INFO:root:elite fitness: 0.2755599999999999
INFO:root:Generation: 113
INFO:root:pop fitness: 0.15302000000000002
INFO:root:elite fitness: 0.304
INFO:root:Generation: 119
INFO:root:pop fitness: 0.14038
INFO:root:elite fitness: 0.2788266666666667
INFO:root:Generation: 114
INFO:root:pop fitness: 0.1422
INFO:root:elite fitness: 0.2639066666666666
INFO:root:Generation: 120
INFO:root:pop fitness: 0.13649333333333333
INFO:root:elite fitness: 0.2452133333333334
INFO:root:Generation: 115
INFO:root:pop fitness: 0.13918666666666668
INFO:root:elite fitness: 0.26297333333333334
INFO:root:Generation: 121
INFO:root:pop fitness: 0.13352666666666668
INFO:root:elite fitness: 0.2769333333333333
INFO:root:Generation: 122
INFO:root:pop fitness: 0.1498666666666667
INFO:root:elite fitness: 0.30004000000000003
INFO:root:Generation: 116
INFO:root:pop fitness: 0.14298666666666668
INFO:root:elite fitness: 0.3018533333333333
INFO:root:Generation: 123
INFO:root:pop fitness: 0.12522
INFO:root:elite fitness: 0.2492
INFO:root:Generation: 117
INFO:root:pop fitness: 0.14542
INFO:root:elite fitness: 0.2925466666666667
INFO:root:Generation: 124
INFO:root:pop fitness: 0.12
INFO:root:elite fitness: 0.24777333333333337
INFO:root:Generation: 118
INFO:root:pop fitness: 0.14695333333333332
INFO:root:elite fitness: 0.28364
INFO:root:Generation: 125
INFO:root:pop fitness: 0.12617333333333336
INFO:root:elite fitness: 0.2567466666666666
INFO:root:Generation: 119
INFO:root:pop fitness: 0.13765333333333332
INFO:root:elite fitness: 0.28807999999999995
INFO:root:Generation: 126
INFO:root:pop fitness: 0.13908666666666666
INFO:root:elite fitness: 0.26392
INFO:root:Generation: 120
INFO:root:pop fitness: 0.14022
INFO:root:elite fitness: 0.2831466666666666
INFO:root:Generation: 127
INFO:root:pop fitness: 0.1377133333333333
INFO:root:elite fitness: 0.29492000000000007
INFO:root:Generation: 121
INFO:root:pop fitness: 0.12971333333333335
INFO:root:elite fitness: 0.24774666666666667
INFO:root:Generation: 128
INFO:root:pop fitness: 0.13407333333333335
INFO:root:elite fitness: 0.26628000000000007
INFO:root:Generation: 122
INFO:root:pop fitness: 0.14336000000000002
INFO:root:elite fitness: 0.3088266666666667
INFO:root:Generation: 129
INFO:root:pop fitness: 0.1324
INFO:root:elite fitness: 0.2765066666666666
INFO:root:Generation: 123
INFO:root:pop fitness: 0.14924666666666667
INFO:root:elite fitness: 0.28861333333333333
INFO:root:Generation: 130
INFO:root:pop fitness: 0.15316
INFO:root:elite fitness: 0.27509333333333336
INFO:root:Generation: 124
INFO:root:pop fitness: 0.13964
INFO:root:elite fitness: 0.2885066666666667
INFO:root:Generation: 131
INFO:root:pop fitness: 0.16067333333333333
INFO:root:elite fitness: 0.3051733333333333
INFO:root:Generation: 125
INFO:root:pop fitness: 0.12734666666666666
INFO:root:elite fitness: 0.2877733333333333
INFO:root:Generation: 132
INFO:root:pop fitness: 0.13139333333333336
INFO:root:elite fitness: 0.26350666666666667
INFO:root:Generation: 126
INFO:root:pop fitness: 0.14662
INFO:root:elite fitness: 0.3063066666666667
INFO:root:Generation: 133
INFO:root:pop fitness: 0.13784000000000002
INFO:root:elite fitness: 0.23309333333333337
INFO:root:Generation: 127
INFO:root:pop fitness: 0.16027333333333332
INFO:root:elite fitness: 0.32298666666666664
INFO:root:Generation: 134
INFO:root:pop fitness: 0.15746
INFO:root:elite fitness: 0.27757333333333334
INFO:root:Generation: 128
INFO:root:pop fitness: 0.15556
INFO:root:elite fitness: 0.27048
INFO:root:Generation: 135
INFO:root:pop fitness: 0.14146666666666666
INFO:root:elite fitness: 0.2437866666666666
INFO:root:Generation: 129
INFO:root:pop fitness: 0.1606466666666667
INFO:root:elite fitness: 0.28380000000000005
INFO:root:Generation: 136
INFO:root:pop fitness: 0.13932666666666668
INFO:root:elite fitness: 0.27756
INFO:root:Generation: 130
INFO:root:pop fitness: 0.14752
INFO:root:elite fitness: 0.30868
INFO:root:Generation: 137
INFO:root:pop fitness: 0.13497333333333333
INFO:root:elite fitness: 0.2547333333333333
INFO:root:Generation: 138
INFO:root:pop fitness: 0.13579333333333332
INFO:root:elite fitness: 0.2859333333333334
INFO:root:Generation: 131
INFO:root:pop fitness: 0.15678666666666666
INFO:root:elite fitness: 0.30837333333333333
INFO:root:Generation: 139
INFO:root:pop fitness: 0.12902666666666665
INFO:root:elite fitness: 0.27447999999999995
INFO:root:Generation: 132
INFO:root:pop fitness: 0.16737333333333332
INFO:root:elite fitness: 0.3156
INFO:root:Generation: 140
INFO:root:pop fitness: 0.13030666666666665
INFO:root:elite fitness: 0.2539066666666667
INFO:root:Generation: 133
INFO:root:pop fitness: 0.16979333333333332
INFO:root:elite fitness: 0.34603999999999996
INFO:root:Generation: 141
INFO:root:pop fitness: 0.14034666666666668
INFO:root:elite fitness: 0.2817066666666666
INFO:root:Generation: 134
INFO:root:pop fitness: 0.14584666666666668
INFO:root:elite fitness: 0.27774666666666664
INFO:root:Generation: 142
INFO:root:pop fitness: 0.12036666666666666
INFO:root:elite fitness: 0.23676000000000003
INFO:root:Generation: 135
INFO:root:pop fitness: 0.14559333333333332
INFO:root:elite fitness: 0.29730666666666666
INFO:root:Generation: 143
INFO:root:pop fitness: 0.1322266666666667
INFO:root:elite fitness: 0.2660799999999999
INFO:root:Generation: 136
INFO:root:pop fitness: 0.17676666666666663
INFO:root:elite fitness: 0.3278133333333333
INFO:root:Generation: 144
INFO:root:pop fitness: 0.15648666666666666
INFO:root:elite fitness: 0.2903066666666666
INFO:root:Generation: 137
INFO:root:pop fitness: 0.14173333333333335
INFO:root:elite fitness: 0.27406666666666674
INFO:root:Generation: 145
INFO:root:pop fitness: 0.13671333333333333
INFO:root:elite fitness: 0.28931999999999997
INFO:root:Generation: 138
INFO:root:pop fitness: 0.16158666666666666
INFO:root:elite fitness: 0.28813333333333335
INFO:root:Generation: 146
INFO:root:pop fitness: 0.16829999999999998
INFO:root:elite fitness: 0.28537333333333326
INFO:root:Generation: 139
INFO:root:pop fitness: 0.15602
INFO:root:elite fitness: 0.30104
INFO:root:Generation: 147
INFO:root:pop fitness: 0.14887999999999998
INFO:root:elite fitness: 0.28830666666666666
INFO:root:Generation: 140
INFO:root:pop fitness: 0.18202
INFO:root:elite fitness: 0.33381333333333335
INFO:root:Generation: 148
INFO:root:pop fitness: 0.13916
INFO:root:elite fitness: 0.26184
INFO:root:Generation: 141
INFO:root:pop fitness: 0.17228666666666664
INFO:root:elite fitness: 0.3010133333333333
INFO:root:Generation: 149
INFO:root:pop fitness: 0.15182
INFO:root:elite fitness: 0.3043866666666667
INFO:root:Generation: 142
INFO:root:pop fitness: 0.15839999999999999
INFO:root:elite fitness: 0.32592
INFO:root:Generation: 150
INFO:root:pop fitness: 0.13807333333333333
INFO:root:elite fitness: 0.26982666666666666
INFO:root:Generation: 143
INFO:root:pop fitness: 0.16390000000000002
INFO:root:elite fitness: 0.30957333333333337
INFO:root:Generation: 151
INFO:root:pop fitness: 0.14465333333333333
INFO:root:elite fitness: 0.2759466666666667
INFO:root:Generation: 144
INFO:root:pop fitness: 0.14579333333333333
INFO:root:elite fitness: 0.31092
INFO:root:Generation: 152
INFO:root:pop fitness: 0.13814
INFO:root:elite fitness: 0.2827866666666667
INFO:root:Generation: 145
INFO:root:pop fitness: 0.16366666666666668
INFO:root:elite fitness: 0.3055733333333333
INFO:root:Generation: 153
INFO:root:pop fitness: 0.15182666666666667
INFO:root:elite fitness: 0.27787999999999996
INFO:root:Generation: 146
INFO:root:pop fitness: 0.1660533333333333
INFO:root:elite fitness: 0.32875999999999994
INFO:root:Generation: 154
INFO:root:pop fitness: 0.14201333333333332
INFO:root:elite fitness: 0.25986666666666675
INFO:root:Generation: 147
INFO:root:pop fitness: 0.15159999999999998
INFO:root:elite fitness: 0.29629333333333335
INFO:root:Generation: 155
INFO:root:pop fitness: 0.13944666666666666
INFO:root:elite fitness: 0.24446666666666672
INFO:root:Generation: 148
INFO:root:pop fitness: 0.14950666666666668
INFO:root:elite fitness: 0.27314666666666665
INFO:root:Generation: 156
INFO:root:pop fitness: 0.15551333333333334
INFO:root:elite fitness: 0.28852000000000005
INFO:root:Generation: 149
INFO:root:pop fitness: 0.14470000000000002
INFO:root:elite fitness: 0.2854533333333334
INFO:root:Generation: 157
INFO:root:pop fitness: 0.14398666666666668
INFO:root:elite fitness: 0.2693066666666667
INFO:root:Generation: 150
INFO:root:pop fitness: 0.16094
INFO:root:elite fitness: 0.30182666666666663
INFO:root:Generation: 158
INFO:root:pop fitness: 0.13976
INFO:root:elite fitness: 0.2639733333333334
INFO:root:Generation: 159
INFO:root:pop fitness: 0.15122
INFO:root:elite fitness: 0.27862666666666663
INFO:root:Generation: 151
INFO:root:pop fitness: 0.15586
INFO:root:elite fitness: 0.28714666666666666
INFO:root:Generation: 160
INFO:root:pop fitness: 0.15776666666666667
INFO:root:elite fitness: 0.3080666666666666
INFO:root:Generation: 152
INFO:root:pop fitness: 0.13455333333333336
INFO:root:elite fitness: 0.25405333333333324
INFO:root:Generation: 161
INFO:root:pop fitness: 0.15758
INFO:root:elite fitness: 0.3065333333333333
INFO:root:Generation: 153
INFO:root:pop fitness: 0.15048666666666666
INFO:root:elite fitness: 0.2834
INFO:root:Generation: 162
INFO:root:pop fitness: 0.14844
INFO:root:elite fitness: 0.2792666666666666
INFO:root:Generation: 154
INFO:root:pop fitness: 0.14546
INFO:root:elite fitness: 0.28197333333333335
INFO:root:Generation: 163
INFO:root:pop fitness: 0.14453333333333332
INFO:root:elite fitness: 0.27283999999999997
INFO:root:Generation: 155
INFO:root:pop fitness: 0.15554
INFO:root:elite fitness: 0.29269333333333336
INFO:root:Generation: 164
INFO:root:pop fitness: 0.15713999999999997
INFO:root:elite fitness: 0.2713466666666667
INFO:root:Generation: 156
INFO:root:pop fitness: 0.12841999999999998
INFO:root:elite fitness: 0.2413866666666666
INFO:root:Generation: 165
INFO:root:pop fitness: 0.16562666666666667
INFO:root:elite fitness: 0.31205333333333335
INFO:root:Generation: 157
INFO:root:pop fitness: 0.15064666666666665
INFO:root:elite fitness: 0.26746666666666663
INFO:root:Generation: 166
INFO:root:pop fitness: 0.13326666666666667
INFO:root:elite fitness: 0.2619866666666667
INFO:root:Generation: 158
INFO:root:pop fitness: 0.15806
INFO:root:elite fitness: 0.29522666666666664
INFO:root:Generation: 167
INFO:root:pop fitness: 0.1557
INFO:root:elite fitness: 0.29800000000000004
INFO:root:Generation: 159
INFO:root:pop fitness: 0.17942666666666668
INFO:root:elite fitness: 0.3342133333333333
INFO:root:Generation: 168
INFO:root:pop fitness: 0.13252
INFO:root:elite fitness: 0.27296
INFO:root:Generation: 160
INFO:root:pop fitness: 0.14632666666666666
INFO:root:elite fitness: 0.28464000000000006
INFO:root:Generation: 169
INFO:root:pop fitness: 0.1382
INFO:root:elite fitness: 0.24714666666666668
INFO:root:Generation: 161
INFO:root:pop fitness: 0.15532
INFO:root:elite fitness: 0.2850933333333333
INFO:root:Generation: 170
INFO:root:pop fitness: 0.16481333333333334
INFO:root:elite fitness: 0.2948933333333334
INFO:root:Generation: 171
INFO:root:pop fitness: 0.16024
INFO:root:elite fitness: 0.3000266666666667
INFO:root:Generation: 162
INFO:root:pop fitness: 0.1451333333333333
INFO:root:elite fitness: 0.28612
INFO:root:Generation: 172
INFO:root:pop fitness: 0.14997333333333335
INFO:root:elite fitness: 0.27901333333333334
INFO:root:Generation: 163
INFO:root:pop fitness: 0.13895333333333332
INFO:root:elite fitness: 0.2944133333333333
INFO:root:Generation: 173
INFO:root:pop fitness: 0.17323333333333332
INFO:root:elite fitness: 0.31303999999999993
INFO:root:Generation: 164
INFO:root:pop fitness: 0.17052666666666666
INFO:root:elite fitness: 0.31997333333333333
INFO:root:Generation: 174
INFO:root:pop fitness: 0.14490666666666666
INFO:root:elite fitness: 0.27457333333333334
INFO:root:Generation: 165
INFO:root:pop fitness: 0.1522
INFO:root:elite fitness: 0.2902
INFO:root:Generation: 175
INFO:root:pop fitness: 0.14557333333333336
INFO:root:elite fitness: 0.27
INFO:root:Generation: 166
INFO:root:pop fitness: 0.15707333333333334
INFO:root:elite fitness: 0.2904
INFO:root:Generation: 176
INFO:root:pop fitness: 0.15141999999999997
INFO:root:elite fitness: 0.33246666666666663
INFO:root:Generation: 167
INFO:root:pop fitness: 0.15703333333333333
INFO:root:elite fitness: 0.2912666666666667
INFO:root:Generation: 177
INFO:root:pop fitness: 0.14908000000000002
INFO:root:elite fitness: 0.28956
INFO:root:Generation: 168
INFO:root:pop fitness: 0.16648666666666667
INFO:root:elite fitness: 0.2979866666666667
INFO:root:Generation: 178
INFO:root:pop fitness: 0.1341733333333333
INFO:root:elite fitness: 0.25665333333333334
INFO:root:Generation: 169
INFO:root:pop fitness: 0.1386
INFO:root:elite fitness: 0.27593333333333336
INFO:root:Generation: 179
INFO:root:pop fitness: 0.15426666666666666
INFO:root:elite fitness: 0.28416
INFO:root:Generation: 170
INFO:root:pop fitness: 0.15924666666666668
INFO:root:elite fitness: 0.29266666666666663
INFO:root:Generation: 180
INFO:root:pop fitness: 0.14917999999999998
INFO:root:elite fitness: 0.30047999999999997
INFO:root:Generation: 171
INFO:root:pop fitness: 0.16429333333333332
INFO:root:elite fitness: 0.31238666666666665
INFO:root:Generation: 181
INFO:root:pop fitness: 0.14991333333333334
INFO:root:elite fitness: 0.29594666666666675
INFO:root:Generation: 172
INFO:root:pop fitness: 0.14870666666666665
INFO:root:elite fitness: 0.2754533333333334
INFO:root:Generation: 182
INFO:root:pop fitness: 0.16518
INFO:root:elite fitness: 0.2982266666666667
INFO:root:Generation: 173
INFO:root:pop fitness: 0.16970000000000002
INFO:root:elite fitness: 0.30850666666666665
INFO:root:Generation: 183
INFO:root:pop fitness: 0.15319333333333332
INFO:root:elite fitness: 0.27953333333333336
INFO:root:Generation: 174
INFO:root:pop fitness: 0.16178
INFO:root:elite fitness: 0.30226666666666663
INFO:root:Generation: 184
INFO:root:pop fitness: 0.16013333333333335
INFO:root:elite fitness: 0.2951733333333333
INFO:root:Generation: 175
INFO:root:pop fitness: 0.15301333333333333
INFO:root:elite fitness: 0.32592
INFO:root:Generation: 185
INFO:root:pop fitness: 0.14787333333333336
INFO:root:elite fitness: 0.26119999999999993
INFO:root:Generation: 186
INFO:root:pop fitness: 0.15206666666666663
INFO:root:elite fitness: 0.26528
INFO:root:Generation: 176
INFO:root:pop fitness: 0.15214666666666668
INFO:root:elite fitness: 0.28542666666666666
INFO:root:Generation: 187
INFO:root:pop fitness: 0.14664666666666668
INFO:root:elite fitness: 0.2775066666666666
INFO:root:Generation: 177
INFO:root:pop fitness: 0.15532
INFO:root:elite fitness: 0.2857066666666666
INFO:root:Generation: 188
INFO:root:pop fitness: 0.15642
INFO:root:elite fitness: 0.31776
INFO:root:Generation: 178
INFO:root:pop fitness: 0.14913333333333334
INFO:root:elite fitness: 0.27536
INFO:root:Generation: 189
INFO:root:pop fitness: 0.14761333333333335
INFO:root:elite fitness: 0.29497333333333325
INFO:root:Generation: 179
INFO:root:pop fitness: 0.16771999999999998
INFO:root:elite fitness: 0.3232133333333333
INFO:root:Generation: 190
INFO:root:pop fitness: 0.15083333333333335
INFO:root:elite fitness: 0.29692
INFO:root:Generation: 180
INFO:root:pop fitness: 0.15364666666666668
INFO:root:elite fitness: 0.28326666666666667
INFO:root:Generation: 191
INFO:root:pop fitness: 0.13206666666666667
INFO:root:elite fitness: 0.24300000000000002
INFO:root:Generation: 181
INFO:root:pop fitness: 0.16901333333333335
INFO:root:elite fitness: 0.30478666666666665
INFO:root:Generation: 192
INFO:root:pop fitness: 0.14953333333333332
INFO:root:elite fitness: 0.267
INFO:root:Generation: 182
INFO:root:pop fitness: 0.14703333333333332
INFO:root:elite fitness: 0.3054266666666667
INFO:root:Generation: 193
INFO:root:pop fitness: 0.14362000000000003
INFO:root:elite fitness: 0.27762666666666663
INFO:root:Generation: 183
INFO:root:pop fitness: 0.15776666666666667
INFO:root:elite fitness: 0.30766666666666664
INFO:root:Generation: 194
INFO:root:pop fitness: 0.14654666666666666
INFO:root:elite fitness: 0.26664
INFO:root:Generation: 184
INFO:root:pop fitness: 0.15485333333333334
INFO:root:elite fitness: 0.2987066666666667
INFO:root:Generation: 195
INFO:root:pop fitness: 0.16838666666666668
INFO:root:elite fitness: 0.3040133333333333
INFO:root:Generation: 185
INFO:root:pop fitness: 0.1501
INFO:root:elite fitness: 0.29009333333333337
INFO:root:Generation: 196
INFO:root:pop fitness: 0.14898
INFO:root:elite fitness: 0.2825733333333333
INFO:root:Generation: 186
INFO:root:pop fitness: 0.1540133333333333
INFO:root:elite fitness: 0.3113066666666667
INFO:root:Generation: 197
INFO:root:pop fitness: 0.1648933333333333
INFO:root:elite fitness: 0.31653333333333333
INFO:root:Generation: 187
INFO:root:pop fitness: 0.14853333333333335
INFO:root:elite fitness: 0.28078666666666663
INFO:root:Generation: 198
INFO:root:pop fitness: 0.16022
INFO:root:elite fitness: 0.2892533333333333
INFO:root:Generation: 188
INFO:root:pop fitness: 0.1500466666666667
INFO:root:elite fitness: 0.3020133333333333
INFO:root:Generation: 199
INFO:root:pop fitness: 0.16160000000000002
INFO:root:elite fitness: 0.31825333333333333
INFO:root:Generation: 189
INFO:root:pop fitness: 0.16947333333333334
INFO:root:elite fitness: 0.33233333333333337
INFO:root:Generation: 190
INFO:root:pop fitness: 0.14519333333333337
INFO:root:elite fitness: 0.31829333333333326
INFO:root:Generation: 191
INFO:root:pop fitness: 0.1596866666666667
INFO:root:elite fitness: 0.32100000000000006
INFO:root:Generation: 192
INFO:root:pop fitness: 0.14807999999999996
INFO:root:elite fitness: 0.2692800000000001
INFO:root:Generation: 193
INFO:root:pop fitness: 0.15384666666666666
INFO:root:elite fitness: 0.2800266666666667
INFO:root:Generation: 194
INFO:root:pop fitness: 0.14922000000000002
INFO:root:elite fitness: 0.31942666666666664
INFO:root:Generation: 195
INFO:root:pop fitness: 0.15795333333333333
INFO:root:elite fitness: 0.2853733333333333
INFO:root:Generation: 196
INFO:root:pop fitness: 0.1640533333333333
INFO:root:elite fitness: 0.30848
INFO:root:Generation: 197
INFO:root:pop fitness: 0.16114
INFO:root:elite fitness: 0.2922133333333333
INFO:root:Generation: 198
INFO:root:pop fitness: 0.16606
INFO:root:elite fitness: 0.29440000000000005
INFO:root:Generation: 199
INFO:root:pop fitness: 0.18516666666666667
INFO:root:elite fitness: 0.34180000000000005
