INFO:root:run_master: Namespace(arms='10', hidden='8', layers='3', max_gen='200', message='', mutation_mag='0.01', name='resetEnv50_v2', noise=True, pop_size='100', save_result=True, trials='100')
INFO:root:run_master: Namespace(arms='10', hidden='8', layers='3', max_gen='200', message='', mutation_mag='0.01', name='resetEnv50_v2', noise=False, pop_size='100', save_result=True, trials='100')
INFO:root:Generation: 0
INFO:root:pop fitness: 0.10173
INFO:root:elite fitness: 0.11375999999999997
INFO:root:Generation: 0
INFO:root:pop fitness: 0.10012
INFO:root:elite fitness: 0.11456000000000001
INFO:root:Generation: 1
INFO:root:pop fitness: 0.10007999999999997
INFO:root:elite fitness: 0.11536000000000002
INFO:root:Generation: 1
INFO:root:pop fitness: 0.09848999999999998
INFO:root:elite fitness: 0.11264000000000002
INFO:root:Generation: 2
INFO:root:pop fitness: 0.09981000000000001
INFO:root:elite fitness: 0.11716000000000001
INFO:root:Generation: 2
INFO:root:pop fitness: 0.09947999999999999
INFO:root:elite fitness: 0.11758
INFO:root:Generation: 3
INFO:root:pop fitness: 0.09887
INFO:root:elite fitness: 0.11879999999999999
INFO:root:Generation: 4
INFO:root:pop fitness: 0.10328999999999999
INFO:root:elite fitness: 0.11783999999999999
INFO:root:Generation: 3
INFO:root:pop fitness: 0.09888999999999999
INFO:root:elite fitness: 0.11566000000000001
INFO:root:Generation: 5
INFO:root:pop fitness: 0.10031999999999998
INFO:root:elite fitness: 0.12232
INFO:root:Generation: 4
INFO:root:pop fitness: 0.09922999999999998
INFO:root:elite fitness: 0.11686
INFO:root:Generation: 6
INFO:root:pop fitness: 0.09949999999999999
INFO:root:elite fitness: 0.11837999999999999
INFO:root:Generation: 5
INFO:root:pop fitness: 0.09867000000000001
INFO:root:elite fitness: 0.11815999999999999
INFO:root:Generation: 7
INFO:root:pop fitness: 0.10036000000000002
INFO:root:elite fitness: 0.11572
INFO:root:Generation: 6
INFO:root:pop fitness: 0.09529
INFO:root:elite fitness: 0.11434000000000001
INFO:root:Generation: 8
INFO:root:pop fitness: 0.10138000000000004
INFO:root:elite fitness: 0.12452
INFO:root:Generation: 9
INFO:root:pop fitness: 0.10292
INFO:root:elite fitness: 0.13436
INFO:root:Generation: 7
INFO:root:pop fitness: 0.10028000000000001
INFO:root:elite fitness: 0.13083999999999998
INFO:root:Generation: 10
INFO:root:pop fitness: 0.09992000000000002
INFO:root:elite fitness: 0.13082
INFO:root:Generation: 8
INFO:root:pop fitness: 0.09768
INFO:root:elite fitness: 0.12011999999999999
INFO:root:Generation: 11
INFO:root:pop fitness: 0.09964
INFO:root:elite fitness: 0.1243
INFO:root:Generation: 9
INFO:root:pop fitness: 0.09674
INFO:root:elite fitness: 0.11333999999999998
INFO:root:Generation: 12
INFO:root:pop fitness: 0.10250999999999999
INFO:root:elite fitness: 0.13502
INFO:root:Generation: 10
INFO:root:pop fitness: 0.10174000000000001
INFO:root:elite fitness: 0.12968
INFO:root:Generation: 13
INFO:root:pop fitness: 0.10165
INFO:root:elite fitness: 0.13620000000000002
INFO:root:Generation: 11
INFO:root:pop fitness: 0.09970999999999997
INFO:root:elite fitness: 0.12894
INFO:root:Generation: 12
INFO:root:pop fitness: 0.10503999999999998
INFO:root:elite fitness: 0.13346
INFO:root:Generation: 14
INFO:root:pop fitness: 0.09946999999999999
INFO:root:elite fitness: 0.13768
INFO:root:Generation: 13
INFO:root:pop fitness: 0.10256
INFO:root:elite fitness: 0.14706000000000002
INFO:root:Generation: 15
INFO:root:pop fitness: 0.10413
INFO:root:elite fitness: 0.13971999999999998
INFO:root:Generation: 14
INFO:root:pop fitness: 0.10436999999999999
INFO:root:elite fitness: 0.14196
INFO:root:Generation: 16
INFO:root:pop fitness: 0.10402999999999998
INFO:root:elite fitness: 0.1539
INFO:root:Generation: 15
INFO:root:pop fitness: 0.10228999999999999
INFO:root:elite fitness: 0.14152
INFO:root:Generation: 17
INFO:root:pop fitness: 0.10742999999999998
INFO:root:elite fitness: 0.1512
INFO:root:Generation: 16
INFO:root:pop fitness: 0.10087
INFO:root:elite fitness: 0.14836
INFO:root:Generation: 18
INFO:root:pop fitness: 0.09924
INFO:root:elite fitness: 0.14076
INFO:root:Generation: 17
INFO:root:pop fitness: 0.09994999999999997
INFO:root:elite fitness: 0.14438000000000004
INFO:root:Generation: 19
INFO:root:pop fitness: 0.10507000000000001
INFO:root:elite fitness: 0.15556
INFO:root:Generation: 18
INFO:root:pop fitness: 0.10186999999999999
INFO:root:elite fitness: 0.15538
INFO:root:Generation: 20
INFO:root:pop fitness: 0.09984999999999998
INFO:root:elite fitness: 0.13996
INFO:root:Generation: 21
INFO:root:pop fitness: 0.10386000000000001
INFO:root:elite fitness: 0.14842
INFO:root:Generation: 19
INFO:root:pop fitness: 0.09743999999999998
INFO:root:elite fitness: 0.13966
INFO:root:Generation: 22
INFO:root:pop fitness: 0.10091000000000001
INFO:root:elite fitness: 0.15336
INFO:root:Generation: 20
INFO:root:pop fitness: 0.10415
INFO:root:elite fitness: 0.1419
INFO:root:Generation: 23
INFO:root:pop fitness: 0.11255000000000001
INFO:root:elite fitness: 0.16585999999999998
INFO:root:Generation: 24
INFO:root:pop fitness: 0.10216999999999998
INFO:root:elite fitness: 0.14464
INFO:root:Generation: 21
INFO:root:pop fitness: 0.09496000000000002
INFO:root:elite fitness: 0.14718
INFO:root:Generation: 25
INFO:root:pop fitness: 0.10561999999999999
INFO:root:elite fitness: 0.16169999999999998
INFO:root:Generation: 22
INFO:root:pop fitness: 0.10578000000000001
INFO:root:elite fitness: 0.16414
INFO:root:Generation: 26
INFO:root:pop fitness: 0.11703
INFO:root:elite fitness: 0.17804000000000003
INFO:root:Generation: 27
INFO:root:pop fitness: 0.11442000000000001
INFO:root:elite fitness: 0.18418000000000004
INFO:root:Generation: 23
INFO:root:pop fitness: 0.10505
INFO:root:elite fitness: 0.15878
INFO:root:Generation: 28
INFO:root:pop fitness: 0.11875000000000002
INFO:root:elite fitness: 0.19731999999999997
INFO:root:Generation: 29
INFO:root:pop fitness: 0.12457000000000001
INFO:root:elite fitness: 0.21016
INFO:root:Generation: 24
INFO:root:pop fitness: 0.10533000000000001
INFO:root:elite fitness: 0.1635
INFO:root:Generation: 30
INFO:root:pop fitness: 0.12165999999999999
INFO:root:elite fitness: 0.19471999999999998
INFO:root:Generation: 31
INFO:root:pop fitness: 0.11927
INFO:root:elite fitness: 0.20194000000000004
INFO:root:Generation: 25
INFO:root:pop fitness: 0.10194
INFO:root:elite fitness: 0.17060000000000003
INFO:root:Generation: 32
INFO:root:pop fitness: 0.12578
INFO:root:elite fitness: 0.20365999999999995
INFO:root:Generation: 33
INFO:root:pop fitness: 0.11554999999999999
INFO:root:elite fitness: 0.17692
INFO:root:Generation: 26
INFO:root:pop fitness: 0.10729000000000001
INFO:root:elite fitness: 0.1708
INFO:root:Generation: 34
INFO:root:pop fitness: 0.12672999999999995
INFO:root:elite fitness: 0.21077999999999997
INFO:root:Generation: 35
INFO:root:pop fitness: 0.11848000000000003
INFO:root:elite fitness: 0.23816000000000004
INFO:root:Generation: 27
INFO:root:pop fitness: 0.11619000000000002
INFO:root:elite fitness: 0.17918
INFO:root:Generation: 36
INFO:root:pop fitness: 0.12628
INFO:root:elite fitness: 0.20056000000000002
INFO:root:Generation: 28
INFO:root:pop fitness: 0.11863
INFO:root:elite fitness: 0.18882
INFO:root:Generation: 37
INFO:root:pop fitness: 0.13192
INFO:root:elite fitness: 0.20829999999999999
INFO:root:Generation: 29
INFO:root:pop fitness: 0.10838000000000003
INFO:root:elite fitness: 0.17467999999999997
INFO:root:Generation: 38
INFO:root:pop fitness: 0.13452
INFO:root:elite fitness: 0.22748000000000002
INFO:root:Generation: 30
INFO:root:pop fitness: 0.10370000000000001
INFO:root:elite fitness: 0.15777999999999998
INFO:root:Generation: 39
INFO:root:pop fitness: 0.12547999999999998
INFO:root:elite fitness: 0.19686
INFO:root:Generation: 31
INFO:root:pop fitness: 0.11111
INFO:root:elite fitness: 0.18727999999999997
INFO:root:Generation: 40
INFO:root:pop fitness: 0.1255
INFO:root:elite fitness: 0.20137999999999998
INFO:root:Generation: 32
INFO:root:pop fitness: 0.1127
INFO:root:elite fitness: 0.18386000000000002
INFO:root:Generation: 41
INFO:root:pop fitness: 0.12771000000000002
INFO:root:elite fitness: 0.22224
INFO:root:Generation: 33
INFO:root:pop fitness: 0.11148
INFO:root:elite fitness: 0.18956000000000003
INFO:root:Generation: 34
INFO:root:pop fitness: 0.10558
INFO:root:elite fitness: 0.19166
INFO:root:Generation: 42
INFO:root:pop fitness: 0.13126
INFO:root:elite fitness: 0.23204
INFO:root:Generation: 35
INFO:root:pop fitness: 0.11528
INFO:root:elite fitness: 0.17932000000000003
INFO:root:Generation: 43
INFO:root:pop fitness: 0.11850999999999999
INFO:root:elite fitness: 0.21244000000000005
INFO:root:Generation: 44
INFO:root:pop fitness: 0.12678000000000003
INFO:root:elite fitness: 0.18918000000000001
INFO:root:Generation: 36
INFO:root:pop fitness: 0.10962999999999999
INFO:root:elite fitness: 0.19246000000000002
INFO:root:Generation: 45
INFO:root:pop fitness: 0.12372000000000001
INFO:root:elite fitness: 0.21400000000000005
INFO:root:Generation: 37
INFO:root:pop fitness: 0.1145
INFO:root:elite fitness: 0.17926000000000003
INFO:root:Generation: 46
INFO:root:pop fitness: 0.12029000000000004
INFO:root:elite fitness: 0.20324
INFO:root:Generation: 38
INFO:root:pop fitness: 0.12254
INFO:root:elite fitness: 0.19762000000000002
INFO:root:Generation: 47
INFO:root:pop fitness: 0.11914999999999998
INFO:root:elite fitness: 0.19802
INFO:root:Generation: 48
INFO:root:pop fitness: 0.1363
INFO:root:elite fitness: 0.23260000000000003
INFO:root:Generation: 39
INFO:root:pop fitness: 0.11732999999999999
INFO:root:elite fitness: 0.20102000000000003
INFO:root:Generation: 40
INFO:root:pop fitness: 0.1242
INFO:root:elite fitness: 0.20610000000000003
INFO:root:Generation: 49
INFO:root:pop fitness: 0.15089
INFO:root:elite fitness: 0.26222
INFO:root:Generation: 41
INFO:root:pop fitness: 0.11471999999999999
INFO:root:elite fitness: 0.19513999999999998
INFO:root:Generation: 50
INFO:root:pop fitness: 0.14201
INFO:root:elite fitness: 0.23924
INFO:root:Generation: 42
INFO:root:pop fitness: 0.11055999999999999
INFO:root:elite fitness: 0.17456
INFO:root:Generation: 51
INFO:root:pop fitness: 0.12835000000000002
INFO:root:elite fitness: 0.20076
INFO:root:Generation: 43
INFO:root:pop fitness: 0.11518
INFO:root:elite fitness: 0.19094
INFO:root:Generation: 52
INFO:root:pop fitness: 0.14412
INFO:root:elite fitness: 0.2385
INFO:root:Generation: 44
INFO:root:pop fitness: 0.11111
INFO:root:elite fitness: 0.18666
INFO:root:Generation: 53
INFO:root:pop fitness: 0.12530000000000002
INFO:root:elite fitness: 0.25206
INFO:root:Generation: 54
INFO:root:pop fitness: 0.15584999999999996
INFO:root:elite fitness: 0.26892
INFO:root:Generation: 45
INFO:root:pop fitness: 0.10068999999999999
INFO:root:elite fitness: 0.18338000000000002
INFO:root:Generation: 46
INFO:root:pop fitness: 0.10988000000000002
INFO:root:elite fitness: 0.17832
INFO:root:Generation: 55
INFO:root:pop fitness: 0.13541
INFO:root:elite fitness: 0.22554
INFO:root:Generation: 47
INFO:root:pop fitness: 0.12041
INFO:root:elite fitness: 0.20692
INFO:root:Generation: 56
INFO:root:pop fitness: 0.13449999999999998
INFO:root:elite fitness: 0.24642
INFO:root:Generation: 48
INFO:root:pop fitness: 0.12505
INFO:root:elite fitness: 0.22052000000000002
INFO:root:Generation: 49
INFO:root:pop fitness: 0.10880999999999999
INFO:root:elite fitness: 0.18686000000000003
INFO:root:Generation: 57
INFO:root:pop fitness: 0.16425
INFO:root:elite fitness: 0.25998
INFO:root:Generation: 50
INFO:root:pop fitness: 0.12095000000000003
INFO:root:elite fitness: 0.18704
INFO:root:Generation: 58
INFO:root:pop fitness: 0.14795999999999998
INFO:root:elite fitness: 0.2645
INFO:root:Generation: 59
INFO:root:pop fitness: 0.12764000000000003
INFO:root:elite fitness: 0.26418
INFO:root:Generation: 51
INFO:root:pop fitness: 0.11958000000000002
INFO:root:elite fitness: 0.18964000000000003
INFO:root:Generation: 60
INFO:root:pop fitness: 0.15309
INFO:root:elite fitness: 0.24963999999999997
INFO:root:Generation: 61
INFO:root:pop fitness: 0.14967
INFO:root:elite fitness: 0.24139999999999998
INFO:root:Generation: 52
INFO:root:pop fitness: 0.12075
INFO:root:elite fitness: 0.19784
INFO:root:Generation: 62
INFO:root:pop fitness: 0.16335999999999998
INFO:root:elite fitness: 0.283
INFO:root:Generation: 63
INFO:root:pop fitness: 0.14538
INFO:root:elite fitness: 0.24624
INFO:root:Generation: 53
INFO:root:pop fitness: 0.13035000000000002
INFO:root:elite fitness: 0.2046
INFO:root:Generation: 64
INFO:root:pop fitness: 0.14234
INFO:root:elite fitness: 0.24372
INFO:root:Generation: 65
INFO:root:pop fitness: 0.13867000000000002
INFO:root:elite fitness: 0.26566
INFO:root:Generation: 54
INFO:root:pop fitness: 0.13066
INFO:root:elite fitness: 0.22087999999999997
INFO:root:Generation: 66
INFO:root:pop fitness: 0.15455
INFO:root:elite fitness: 0.24458
INFO:root:Generation: 67
INFO:root:pop fitness: 0.14064000000000002
INFO:root:elite fitness: 0.24640000000000004
INFO:root:Generation: 55
INFO:root:pop fitness: 0.12929
INFO:root:elite fitness: 0.20894
INFO:root:Generation: 68
INFO:root:pop fitness: 0.15201
INFO:root:elite fitness: 0.26502000000000003
INFO:root:Generation: 56
INFO:root:pop fitness: 0.12634
INFO:root:elite fitness: 0.21289999999999995
INFO:root:Generation: 69
INFO:root:pop fitness: 0.1303
INFO:root:elite fitness: 0.21533999999999998
INFO:root:Generation: 57
INFO:root:pop fitness: 0.12519
INFO:root:elite fitness: 0.19199999999999995
INFO:root:Generation: 70
INFO:root:pop fitness: 0.15977
INFO:root:elite fitness: 0.26806
INFO:root:Generation: 58
INFO:root:pop fitness: 0.13313000000000003
INFO:root:elite fitness: 0.19542
INFO:root:Generation: 71
INFO:root:pop fitness: 0.15312
INFO:root:elite fitness: 0.27115999999999996
INFO:root:Generation: 59
INFO:root:pop fitness: 0.14785
INFO:root:elite fitness: 0.24852000000000005
INFO:root:Generation: 72
INFO:root:pop fitness: 0.16998999999999997
INFO:root:elite fitness: 0.29672
INFO:root:Generation: 60
INFO:root:pop fitness: 0.13666
INFO:root:elite fitness: 0.25772
INFO:root:Generation: 73
INFO:root:pop fitness: 0.16398999999999997
INFO:root:elite fitness: 0.29178
INFO:root:Generation: 61
INFO:root:pop fitness: 0.13467
INFO:root:elite fitness: 0.21529999999999996
INFO:root:Generation: 74
INFO:root:pop fitness: 0.13597999999999996
INFO:root:elite fitness: 0.2429
INFO:root:Generation: 62
INFO:root:pop fitness: 0.12807000000000002
INFO:root:elite fitness: 0.22432000000000002
INFO:root:Generation: 75
INFO:root:pop fitness: 0.13512000000000002
INFO:root:elite fitness: 0.27154
INFO:root:Generation: 63
INFO:root:pop fitness: 0.13473999999999997
INFO:root:elite fitness: 0.24536000000000002
INFO:root:Generation: 76
INFO:root:pop fitness: 0.15673
INFO:root:elite fitness: 0.31026000000000004
INFO:root:Generation: 64
INFO:root:pop fitness: 0.14789
INFO:root:elite fitness: 0.2371
INFO:root:Generation: 77
INFO:root:pop fitness: 0.14578
INFO:root:elite fitness: 0.26910000000000006
INFO:root:Generation: 65
INFO:root:pop fitness: 0.13288
INFO:root:elite fitness: 0.20293999999999998
INFO:root:Generation: 78
INFO:root:pop fitness: 0.1503
INFO:root:elite fitness: 0.24406
INFO:root:Generation: 66
INFO:root:pop fitness: 0.14076999999999998
INFO:root:elite fitness: 0.25022
INFO:root:Generation: 67
INFO:root:pop fitness: 0.1402
INFO:root:elite fitness: 0.25262000000000007
INFO:root:Generation: 79
INFO:root:pop fitness: 0.15153
INFO:root:elite fitness: 0.27088
INFO:root:Generation: 80
INFO:root:pop fitness: 0.13634000000000002
INFO:root:elite fitness: 0.253
INFO:root:Generation: 68
INFO:root:pop fitness: 0.16119
INFO:root:elite fitness: 0.26598000000000005
INFO:root:Generation: 69
INFO:root:pop fitness: 0.12746
INFO:root:elite fitness: 0.2089
INFO:root:Generation: 81
INFO:root:pop fitness: 0.14963
INFO:root:elite fitness: 0.27274
INFO:root:Generation: 70
INFO:root:pop fitness: 0.14888
INFO:root:elite fitness: 0.2546
INFO:root:Generation: 82
INFO:root:pop fitness: 0.13538
INFO:root:elite fitness: 0.27046000000000003
INFO:root:Generation: 71
INFO:root:pop fitness: 0.153
INFO:root:elite fitness: 0.27212
INFO:root:Generation: 83
INFO:root:pop fitness: 0.14987999999999999
INFO:root:elite fitness: 0.27122
INFO:root:Generation: 72
INFO:root:pop fitness: 0.15336
INFO:root:elite fitness: 0.27
INFO:root:Generation: 84
INFO:root:pop fitness: 0.14261
INFO:root:elite fitness: 0.25826
INFO:root:Generation: 85
INFO:root:pop fitness: 0.16888999999999996
INFO:root:elite fitness: 0.28968000000000005
INFO:root:Generation: 73
INFO:root:pop fitness: 0.14262
INFO:root:elite fitness: 0.25600000000000006
INFO:root:Generation: 86
INFO:root:pop fitness: 0.1362
INFO:root:elite fitness: 0.24778000000000003
INFO:root:Generation: 74
INFO:root:pop fitness: 0.14785
INFO:root:elite fitness: 0.24604000000000004
INFO:root:Generation: 87
INFO:root:pop fitness: 0.16435000000000002
INFO:root:elite fitness: 0.29084
INFO:root:Generation: 88
INFO:root:pop fitness: 0.15857000000000002
INFO:root:elite fitness: 0.28268
INFO:root:Generation: 75
INFO:root:pop fitness: 0.16036999999999998
INFO:root:elite fitness: 0.26348000000000005
INFO:root:Generation: 89
INFO:root:pop fitness: 0.13805
INFO:root:elite fitness: 0.27990000000000004
INFO:root:Generation: 76
INFO:root:pop fitness: 0.14107
INFO:root:elite fitness: 0.24336000000000002
INFO:root:Generation: 90
INFO:root:pop fitness: 0.14817000000000002
INFO:root:elite fitness: 0.27306
INFO:root:Generation: 77
INFO:root:pop fitness: 0.15746000000000002
INFO:root:elite fitness: 0.27186
INFO:root:Generation: 91
INFO:root:pop fitness: 0.16709
INFO:root:elite fitness: 0.31272
INFO:root:Generation: 78
INFO:root:pop fitness: 0.15309
INFO:root:elite fitness: 0.26858
INFO:root:Generation: 92
INFO:root:pop fitness: 0.15139
INFO:root:elite fitness: 0.2591
INFO:root:Generation: 79
INFO:root:pop fitness: 0.14362000000000003
INFO:root:elite fitness: 0.25958000000000003
INFO:root:Generation: 93
INFO:root:pop fitness: 0.15416000000000002
INFO:root:elite fitness: 0.26742000000000005
INFO:root:Generation: 80
INFO:root:pop fitness: 0.15295
INFO:root:elite fitness: 0.25214
INFO:root:Generation: 94
INFO:root:pop fitness: 0.16284
INFO:root:elite fitness: 0.26144
INFO:root:Generation: 81
INFO:root:pop fitness: 0.16237000000000001
INFO:root:elite fitness: 0.25294
INFO:root:Generation: 95
INFO:root:pop fitness: 0.15758
INFO:root:elite fitness: 0.28438
INFO:root:Generation: 96
INFO:root:pop fitness: 0.14788
INFO:root:elite fitness: 0.27906
INFO:root:Generation: 82
INFO:root:pop fitness: 0.15774000000000002
INFO:root:elite fitness: 0.27599999999999997
INFO:root:Generation: 97
INFO:root:pop fitness: 0.16695000000000002
INFO:root:elite fitness: 0.33782
INFO:root:Generation: 83
INFO:root:pop fitness: 0.15961999999999998
INFO:root:elite fitness: 0.26683999999999997
INFO:root:Generation: 98
INFO:root:pop fitness: 0.15816999999999998
INFO:root:elite fitness: 0.32034
INFO:root:Generation: 84
INFO:root:pop fitness: 0.14828000000000002
INFO:root:elite fitness: 0.24344000000000002
INFO:root:Generation: 99
INFO:root:pop fitness: 0.17309000000000002
INFO:root:elite fitness: 0.2928
INFO:root:Generation: 85
INFO:root:pop fitness: 0.14366
INFO:root:elite fitness: 0.26786
INFO:root:Generation: 100
INFO:root:pop fitness: 0.16413
INFO:root:elite fitness: 0.2907
INFO:root:Generation: 86
INFO:root:pop fitness: 0.16796
INFO:root:elite fitness: 0.26286
INFO:root:Generation: 101
INFO:root:pop fitness: 0.17045000000000002
INFO:root:elite fitness: 0.28908
INFO:root:Generation: 102
INFO:root:pop fitness: 0.15252
INFO:root:elite fitness: 0.26031999999999994
INFO:root:Generation: 87
INFO:root:pop fitness: 0.16508000000000003
INFO:root:elite fitness: 0.2748
INFO:root:Generation: 103
INFO:root:pop fitness: 0.17038999999999999
INFO:root:elite fitness: 0.28740000000000004
INFO:root:Generation: 104
INFO:root:pop fitness: 0.18015999999999996
INFO:root:elite fitness: 0.32858
INFO:root:Generation: 88
INFO:root:pop fitness: 0.14836000000000002
INFO:root:elite fitness: 0.25160000000000005
INFO:root:Generation: 105
INFO:root:pop fitness: 0.17664000000000002
INFO:root:elite fitness: 0.30817999999999995
INFO:root:Generation: 106
INFO:root:pop fitness: 0.17070999999999997
INFO:root:elite fitness: 0.28346
INFO:root:Generation: 89
INFO:root:pop fitness: 0.16693000000000002
INFO:root:elite fitness: 0.28064
INFO:root:Generation: 107
INFO:root:pop fitness: 0.17728
INFO:root:elite fitness: 0.29008
INFO:root:Generation: 90
INFO:root:pop fitness: 0.16167
INFO:root:elite fitness: 0.28044
INFO:root:Generation: 108
INFO:root:pop fitness: 0.18276
INFO:root:elite fitness: 0.32634
INFO:root:Generation: 91
INFO:root:pop fitness: 0.15920999999999996
INFO:root:elite fitness: 0.26098
INFO:root:Generation: 109
INFO:root:pop fitness: 0.17823
INFO:root:elite fitness: 0.2852
INFO:root:Generation: 92
INFO:root:pop fitness: 0.17092000000000002
INFO:root:elite fitness: 0.29162000000000005
INFO:root:Generation: 110
INFO:root:pop fitness: 0.17941000000000001
INFO:root:elite fitness: 0.2999799999999999
INFO:root:Generation: 93
INFO:root:pop fitness: 0.15594999999999998
INFO:root:elite fitness: 0.26424
INFO:root:Generation: 111
INFO:root:pop fitness: 0.1838
INFO:root:elite fitness: 0.31445999999999996
INFO:root:Generation: 112
INFO:root:pop fitness: 0.17387
INFO:root:elite fitness: 0.31094
INFO:root:Generation: 94
INFO:root:pop fitness: 0.16467999999999997
INFO:root:elite fitness: 0.27522
INFO:root:Generation: 113
INFO:root:pop fitness: 0.18461000000000002
INFO:root:elite fitness: 0.29928
INFO:root:Generation: 95
INFO:root:pop fitness: 0.16075
INFO:root:elite fitness: 0.31048000000000003
INFO:root:Generation: 114
INFO:root:pop fitness: 0.17613
INFO:root:elite fitness: 0.31132000000000004
INFO:root:Generation: 96
INFO:root:pop fitness: 0.12955
INFO:root:elite fitness: 0.26302
INFO:root:Generation: 97
INFO:root:pop fitness: 0.17851999999999996
INFO:root:elite fitness: 0.3378000000000001
INFO:root:Generation: 115
INFO:root:pop fitness: 0.19012000000000004
INFO:root:elite fitness: 0.3047
INFO:root:Generation: 98
INFO:root:pop fitness: 0.15678000000000003
INFO:root:elite fitness: 0.28642
INFO:root:Generation: 116
INFO:root:pop fitness: 0.17916999999999994
INFO:root:elite fitness: 0.31652
INFO:root:Generation: 117
INFO:root:pop fitness: 0.17244
INFO:root:elite fitness: 0.28092
INFO:root:Generation: 99
INFO:root:pop fitness: 0.16751000000000002
INFO:root:elite fitness: 0.29929999999999995
INFO:root:Generation: 118
INFO:root:pop fitness: 0.17911000000000002
INFO:root:elite fitness: 0.31507999999999997
INFO:root:Generation: 100
INFO:root:pop fitness: 0.15298
INFO:root:elite fitness: 0.27698
INFO:root:Generation: 119
INFO:root:pop fitness: 0.16048
INFO:root:elite fitness: 0.3048
INFO:root:Generation: 120
INFO:root:pop fitness: 0.16292
INFO:root:elite fitness: 0.26642
INFO:root:Generation: 101
INFO:root:pop fitness: 0.16107999999999997
INFO:root:elite fitness: 0.27652
INFO:root:Generation: 121
INFO:root:pop fitness: 0.17948999999999996
INFO:root:elite fitness: 0.30881999999999993
INFO:root:Generation: 122
INFO:root:pop fitness: 0.17794000000000001
INFO:root:elite fitness: 0.27290000000000003
INFO:root:Generation: 102
INFO:root:pop fitness: 0.17158
INFO:root:elite fitness: 0.3208
INFO:root:Generation: 123
INFO:root:pop fitness: 0.18103999999999995
INFO:root:elite fitness: 0.29791999999999996
INFO:root:Generation: 124
INFO:root:pop fitness: 0.18087000000000003
INFO:root:elite fitness: 0.2813
INFO:root:Generation: 103
INFO:root:pop fitness: 0.15606
INFO:root:elite fitness: 0.29025999999999996
INFO:root:Generation: 125
INFO:root:pop fitness: 0.17762
INFO:root:elite fitness: 0.29850000000000004
INFO:root:Generation: 104
INFO:root:pop fitness: 0.13164
INFO:root:elite fitness: 0.23588000000000003
INFO:root:Generation: 126
INFO:root:pop fitness: 0.18520000000000003
INFO:root:elite fitness: 0.33577999999999997
INFO:root:Generation: 105
INFO:root:pop fitness: 0.16775
INFO:root:elite fitness: 0.29799999999999993
INFO:root:Generation: 127
INFO:root:pop fitness: 0.19704
INFO:root:elite fitness: 0.32966
INFO:root:Generation: 128
INFO:root:pop fitness: 0.19569000000000003
INFO:root:elite fitness: 0.33990000000000004
INFO:root:Generation: 106
INFO:root:pop fitness: 0.18007
INFO:root:elite fitness: 0.32172000000000006
INFO:root:Generation: 129
INFO:root:pop fitness: 0.18750000000000003
INFO:root:elite fitness: 0.30916
INFO:root:Generation: 130
INFO:root:pop fitness: 0.17583
INFO:root:elite fitness: 0.31262
INFO:root:Generation: 107
INFO:root:pop fitness: 0.15468
INFO:root:elite fitness: 0.29686
INFO:root:Generation: 131
INFO:root:pop fitness: 0.16658
INFO:root:elite fitness: 0.26432
INFO:root:Generation: 108
INFO:root:pop fitness: 0.18521
INFO:root:elite fitness: 0.29694000000000004
INFO:root:Generation: 132
INFO:root:pop fitness: 0.17628999999999997
INFO:root:elite fitness: 0.28442
INFO:root:Generation: 109
INFO:root:pop fitness: 0.15419
INFO:root:elite fitness: 0.26536000000000004
INFO:root:Generation: 133
INFO:root:pop fitness: 0.17323
INFO:root:elite fitness: 0.27296
INFO:root:Generation: 134
INFO:root:pop fitness: 0.17497000000000004
INFO:root:elite fitness: 0.2687
INFO:root:Generation: 110
INFO:root:pop fitness: 0.16398
INFO:root:elite fitness: 0.30146
INFO:root:Generation: 135
INFO:root:pop fitness: 0.19605
INFO:root:elite fitness: 0.32044000000000006
INFO:root:Generation: 111
INFO:root:pop fitness: 0.14091
INFO:root:elite fitness: 0.26182
INFO:root:Generation: 136
INFO:root:pop fitness: 0.19421
INFO:root:elite fitness: 0.31246
INFO:root:Generation: 112
INFO:root:pop fitness: 0.18139999999999998
INFO:root:elite fitness: 0.29063999999999995
INFO:root:Generation: 137
INFO:root:pop fitness: 0.19238999999999998
INFO:root:elite fitness: 0.3411
INFO:root:Generation: 138
INFO:root:pop fitness: 0.17159000000000002
INFO:root:elite fitness: 0.27502000000000004
INFO:root:Generation: 113
INFO:root:pop fitness: 0.15847
INFO:root:elite fitness: 0.28852
INFO:root:Generation: 139
INFO:root:pop fitness: 0.17933
INFO:root:elite fitness: 0.314
INFO:root:Generation: 140
INFO:root:pop fitness: 0.18242999999999998
INFO:root:elite fitness: 0.30128000000000005
INFO:root:Generation: 114
INFO:root:pop fitness: 0.15053
INFO:root:elite fitness: 0.28408
INFO:root:Generation: 141
INFO:root:pop fitness: 0.17413
INFO:root:elite fitness: 0.29722000000000004
INFO:root:Generation: 115
INFO:root:pop fitness: 0.14551999999999998
INFO:root:elite fitness: 0.2725
INFO:root:Generation: 142
INFO:root:pop fitness: 0.18521999999999994
INFO:root:elite fitness: 0.30814
INFO:root:Generation: 116
INFO:root:pop fitness: 0.12926
INFO:root:elite fitness: 0.26502000000000003
INFO:root:Generation: 143
INFO:root:pop fitness: 0.18719999999999998
INFO:root:elite fitness: 0.30558
INFO:root:Generation: 144
INFO:root:pop fitness: 0.17742000000000002
INFO:root:elite fitness: 0.29192
INFO:root:Generation: 117
INFO:root:pop fitness: 0.15041999999999997
INFO:root:elite fitness: 0.2699
INFO:root:Generation: 145
INFO:root:pop fitness: 0.16754000000000002
INFO:root:elite fitness: 0.2904
INFO:root:Generation: 118
INFO:root:pop fitness: 0.15991999999999998
INFO:root:elite fitness: 0.3046
INFO:root:Generation: 146
INFO:root:pop fitness: 0.18092
INFO:root:elite fitness: 0.30190000000000006
INFO:root:Generation: 147
INFO:root:pop fitness: 0.15918
INFO:root:elite fitness: 0.2672
INFO:root:Generation: 119
INFO:root:pop fitness: 0.16715000000000002
INFO:root:elite fitness: 0.33126
INFO:root:Generation: 148
INFO:root:pop fitness: 0.18944000000000003
INFO:root:elite fitness: 0.30117999999999995
INFO:root:Generation: 120
INFO:root:pop fitness: 0.17715000000000006
INFO:root:elite fitness: 0.3055
INFO:root:Generation: 149
INFO:root:pop fitness: 0.16665000000000002
INFO:root:elite fitness: 0.27584000000000003
INFO:root:Generation: 121
INFO:root:pop fitness: 0.17143000000000005
INFO:root:elite fitness: 0.33174
INFO:root:Generation: 150
INFO:root:pop fitness: 0.18974
INFO:root:elite fitness: 0.31564
INFO:root:Generation: 122
INFO:root:pop fitness: 0.16235
INFO:root:elite fitness: 0.29136
INFO:root:Generation: 151
INFO:root:pop fitness: 0.15550999999999998
INFO:root:elite fitness: 0.26996
INFO:root:Generation: 123
INFO:root:pop fitness: 0.16925
INFO:root:elite fitness: 0.31148
INFO:root:Generation: 152
INFO:root:pop fitness: 0.18629999999999997
INFO:root:elite fitness: 0.325
INFO:root:Generation: 153
INFO:root:pop fitness: 0.18989
INFO:root:elite fitness: 0.3099
INFO:root:Generation: 124
INFO:root:pop fitness: 0.15447999999999998
INFO:root:elite fitness: 0.30150000000000005
INFO:root:Generation: 154
INFO:root:pop fitness: 0.16909
INFO:root:elite fitness: 0.28865999999999997
INFO:root:Generation: 125
INFO:root:pop fitness: 0.16878
INFO:root:elite fitness: 0.29638
INFO:root:Generation: 155
INFO:root:pop fitness: 0.16511000000000003
INFO:root:elite fitness: 0.27891999999999995
INFO:root:Generation: 156
INFO:root:pop fitness: 0.17192999999999997
INFO:root:elite fitness: 0.26708000000000004
INFO:root:Generation: 126
INFO:root:pop fitness: 0.17195
INFO:root:elite fitness: 0.30463999999999997
INFO:root:Generation: 157
INFO:root:pop fitness: 0.18385
INFO:root:elite fitness: 0.29818
INFO:root:Generation: 127
INFO:root:pop fitness: 0.16189
INFO:root:elite fitness: 0.29352000000000006
INFO:root:Generation: 158
INFO:root:pop fitness: 0.18976999999999997
INFO:root:elite fitness: 0.33342000000000005
INFO:root:Generation: 159
INFO:root:pop fitness: 0.1832
INFO:root:elite fitness: 0.3265
INFO:root:Generation: 128
INFO:root:pop fitness: 0.18062
INFO:root:elite fitness: 0.31164
INFO:root:Generation: 160
INFO:root:pop fitness: 0.19192999999999993
INFO:root:elite fitness: 0.31356
INFO:root:Generation: 129
INFO:root:pop fitness: 0.16228
INFO:root:elite fitness: 0.25920000000000004
INFO:root:Generation: 161
INFO:root:pop fitness: 0.19448999999999997
INFO:root:elite fitness: 0.31118
INFO:root:Generation: 130
INFO:root:pop fitness: 0.14896
INFO:root:elite fitness: 0.25788
INFO:root:Generation: 162
INFO:root:pop fitness: 0.1916
INFO:root:elite fitness: 0.31814
INFO:root:Generation: 131
INFO:root:pop fitness: 0.15891
INFO:root:elite fitness: 0.28458
INFO:root:Generation: 163
INFO:root:pop fitness: 0.18944000000000003
INFO:root:elite fitness: 0.32051999999999997
INFO:root:Generation: 132
INFO:root:pop fitness: 0.15086
INFO:root:elite fitness: 0.26405999999999996
INFO:root:Generation: 164
INFO:root:pop fitness: 0.18931
INFO:root:elite fitness: 0.3227
INFO:root:Generation: 133
INFO:root:pop fitness: 0.14405
INFO:root:elite fitness: 0.27236
INFO:root:Generation: 165
INFO:root:pop fitness: 0.19228
INFO:root:elite fitness: 0.30388000000000004
INFO:root:Generation: 134
INFO:root:pop fitness: 0.149
INFO:root:elite fitness: 0.24888000000000002
INFO:root:Generation: 166
INFO:root:pop fitness: 0.1891
INFO:root:elite fitness: 0.3011
INFO:root:Generation: 135
INFO:root:pop fitness: 0.16596
INFO:root:elite fitness: 0.30518000000000006
INFO:root:Generation: 167
INFO:root:pop fitness: 0.16685
INFO:root:elite fitness: 0.29612
INFO:root:Generation: 136
INFO:root:pop fitness: 0.15639
INFO:root:elite fitness: 0.28553999999999996
INFO:root:Generation: 168
INFO:root:pop fitness: 0.18658000000000005
INFO:root:elite fitness: 0.30518000000000006
INFO:root:Generation: 169
INFO:root:pop fitness: 0.18213000000000001
INFO:root:elite fitness: 0.31988
INFO:root:Generation: 137
INFO:root:pop fitness: 0.15961000000000003
INFO:root:elite fitness: 0.2829
INFO:root:Generation: 170
INFO:root:pop fitness: 0.15926
INFO:root:elite fitness: 0.27736
INFO:root:Generation: 138
INFO:root:pop fitness: 0.15647000000000003
INFO:root:elite fitness: 0.27486
INFO:root:Generation: 171
INFO:root:pop fitness: 0.18674000000000002
INFO:root:elite fitness: 0.3202
INFO:root:Generation: 172
INFO:root:pop fitness: 0.18347000000000002
INFO:root:elite fitness: 0.29786
INFO:root:Generation: 139
INFO:root:pop fitness: 0.17343999999999998
INFO:root:elite fitness: 0.30810000000000004
INFO:root:Generation: 173
INFO:root:pop fitness: 0.17282000000000003
INFO:root:elite fitness: 0.25602
INFO:root:Generation: 174
INFO:root:pop fitness: 0.19518000000000005
INFO:root:elite fitness: 0.3193
INFO:root:Generation: 140
INFO:root:pop fitness: 0.17312000000000002
INFO:root:elite fitness: 0.32188
INFO:root:Generation: 175
INFO:root:pop fitness: 0.17232
INFO:root:elite fitness: 0.28552
INFO:root:Generation: 141
INFO:root:pop fitness: 0.16332999999999998
INFO:root:elite fitness: 0.29584
INFO:root:Generation: 176
INFO:root:pop fitness: 0.1754
INFO:root:elite fitness: 0.29272
INFO:root:Generation: 142
INFO:root:pop fitness: 0.16061999999999999
INFO:root:elite fitness: 0.2889
INFO:root:Generation: 177
INFO:root:pop fitness: 0.17956
INFO:root:elite fitness: 0.316
INFO:root:Generation: 178
INFO:root:pop fitness: 0.17462
INFO:root:elite fitness: 0.27854
INFO:root:Generation: 143
INFO:root:pop fitness: 0.16852999999999999
INFO:root:elite fitness: 0.29200000000000004
INFO:root:Generation: 179
INFO:root:pop fitness: 0.20449
INFO:root:elite fitness: 0.34596
INFO:root:Generation: 144
INFO:root:pop fitness: 0.15830000000000002
INFO:root:elite fitness: 0.3258
INFO:root:Generation: 180
INFO:root:pop fitness: 0.1852
INFO:root:elite fitness: 0.30412
INFO:root:Generation: 145
INFO:root:pop fitness: 0.17174999999999996
INFO:root:elite fitness: 0.31932
INFO:root:Generation: 181
INFO:root:pop fitness: 0.18729000000000004
INFO:root:elite fitness: 0.33374000000000004
INFO:root:Generation: 146
INFO:root:pop fitness: 0.16848000000000002
INFO:root:elite fitness: 0.27158
INFO:root:Generation: 182
INFO:root:pop fitness: 0.18031
INFO:root:elite fitness: 0.28456
INFO:root:Generation: 147
INFO:root:pop fitness: 0.18279
INFO:root:elite fitness: 0.32466
INFO:root:Generation: 183
INFO:root:pop fitness: 0.16129000000000002
INFO:root:elite fitness: 0.29292
INFO:root:Generation: 148
INFO:root:pop fitness: 0.15417
INFO:root:elite fitness: 0.30710000000000004
INFO:root:Generation: 184
INFO:root:pop fitness: 0.17741000000000004
INFO:root:elite fitness: 0.31466000000000005
INFO:root:Generation: 149
INFO:root:pop fitness: 0.15711000000000003
INFO:root:elite fitness: 0.25268
INFO:root:Generation: 185
INFO:root:pop fitness: 0.18551000000000006
INFO:root:elite fitness: 0.30802
INFO:root:Generation: 186
INFO:root:pop fitness: 0.1865
INFO:root:elite fitness: 0.29890000000000005
INFO:root:Generation: 150
INFO:root:pop fitness: 0.15797999999999998
INFO:root:elite fitness: 0.30322000000000005
INFO:root:Generation: 187
INFO:root:pop fitness: 0.17851999999999996
INFO:root:elite fitness: 0.32462
INFO:root:Generation: 151
INFO:root:pop fitness: 0.17018
INFO:root:elite fitness: 0.30951999999999996
INFO:root:Generation: 188
INFO:root:pop fitness: 0.20489000000000004
INFO:root:elite fitness: 0.32467999999999997
INFO:root:Generation: 152
INFO:root:pop fitness: 0.15377000000000002
INFO:root:elite fitness: 0.27424
INFO:root:Generation: 189
INFO:root:pop fitness: 0.19607
INFO:root:elite fitness: 0.33224
INFO:root:Generation: 153
INFO:root:pop fitness: 0.16566999999999996
INFO:root:elite fitness: 0.27183999999999997
INFO:root:Generation: 190
INFO:root:pop fitness: 0.18614
INFO:root:elite fitness: 0.29582
INFO:root:Generation: 154
INFO:root:pop fitness: 0.17322000000000004
INFO:root:elite fitness: 0.29992
INFO:root:Generation: 191
INFO:root:pop fitness: 0.21299999999999997
INFO:root:elite fitness: 0.35024
INFO:root:Generation: 155
INFO:root:pop fitness: 0.16189
INFO:root:elite fitness: 0.28582
INFO:root:Generation: 192
INFO:root:pop fitness: 0.18595000000000003
INFO:root:elite fitness: 0.32264
INFO:root:Generation: 156
INFO:root:pop fitness: 0.15774999999999997
INFO:root:elite fitness: 0.30835999999999997
INFO:root:Generation: 193
INFO:root:pop fitness: 0.20498000000000002
INFO:root:elite fitness: 0.33970000000000006
INFO:root:Generation: 157
INFO:root:pop fitness: 0.16082000000000002
INFO:root:elite fitness: 0.30138000000000004
INFO:root:Generation: 194
INFO:root:pop fitness: 0.17249000000000006
INFO:root:elite fitness: 0.2772
INFO:root:Generation: 158
INFO:root:pop fitness: 0.17340999999999998
INFO:root:elite fitness: 0.29466000000000003
INFO:root:Generation: 195
INFO:root:pop fitness: 0.17473
INFO:root:elite fitness: 0.2995
INFO:root:Generation: 196
INFO:root:pop fitness: 0.17666
INFO:root:elite fitness: 0.28904
INFO:root:Generation: 159
INFO:root:pop fitness: 0.15586999999999998
INFO:root:elite fitness: 0.28200000000000003
INFO:root:Generation: 197
INFO:root:pop fitness: 0.19905
INFO:root:elite fitness: 0.32574
INFO:root:Generation: 160
INFO:root:pop fitness: 0.16965
INFO:root:elite fitness: 0.27986
INFO:root:Generation: 198
INFO:root:pop fitness: 0.17495999999999998
INFO:root:elite fitness: 0.29448
INFO:root:Generation: 161
INFO:root:pop fitness: 0.1555
INFO:root:elite fitness: 0.29967999999999995
INFO:root:Generation: 199
INFO:root:pop fitness: 0.18727999999999997
INFO:root:elite fitness: 0.2972
INFO:root:Generation: 162
INFO:root:pop fitness: 0.14508
INFO:root:elite fitness: 0.27574000000000004
INFO:root:Generation: 163
INFO:root:pop fitness: 0.16072
INFO:root:elite fitness: 0.28132
INFO:root:Generation: 164
INFO:root:pop fitness: 0.16341
INFO:root:elite fitness: 0.29526
INFO:root:Generation: 165
INFO:root:pop fitness: 0.14995
INFO:root:elite fitness: 0.25344
INFO:root:Generation: 166
INFO:root:pop fitness: 0.15486
INFO:root:elite fitness: 0.27418
INFO:root:Generation: 167
INFO:root:pop fitness: 0.15572
INFO:root:elite fitness: 0.28253999999999996
INFO:root:Generation: 168
INFO:root:pop fitness: 0.15275
INFO:root:elite fitness: 0.26346
INFO:root:Generation: 169
INFO:root:pop fitness: 0.162
INFO:root:elite fitness: 0.29475999999999997
INFO:root:Generation: 170
INFO:root:pop fitness: 0.14361000000000002
INFO:root:elite fitness: 0.28886
INFO:root:Generation: 171
INFO:root:pop fitness: 0.15627
INFO:root:elite fitness: 0.25598000000000004
INFO:root:Generation: 172
INFO:root:pop fitness: 0.15871000000000002
INFO:root:elite fitness: 0.27690000000000003
INFO:root:Generation: 173
INFO:root:pop fitness: 0.17291
INFO:root:elite fitness: 0.29046
INFO:root:Generation: 174
INFO:root:pop fitness: 0.15110999999999997
INFO:root:elite fitness: 0.27831999999999996
INFO:root:Generation: 175
INFO:root:pop fitness: 0.16306
INFO:root:elite fitness: 0.25978
INFO:root:Generation: 176
INFO:root:pop fitness: 0.16007000000000002
INFO:root:elite fitness: 0.30838
INFO:root:Generation: 177
INFO:root:pop fitness: 0.16520999999999997
INFO:root:elite fitness: 0.27688
INFO:root:Generation: 178
INFO:root:pop fitness: 0.14945000000000003
INFO:root:elite fitness: 0.27136000000000005
INFO:root:Generation: 179
INFO:root:pop fitness: 0.18008000000000002
INFO:root:elite fitness: 0.33535999999999994
INFO:root:Generation: 180
INFO:root:pop fitness: 0.17101000000000002
INFO:root:elite fitness: 0.30419999999999997
INFO:root:Generation: 181
INFO:root:pop fitness: 0.17589
INFO:root:elite fitness: 0.27974
INFO:root:Generation: 182
INFO:root:pop fitness: 0.16273000000000004
INFO:root:elite fitness: 0.26517999999999997
INFO:root:Generation: 183
INFO:root:pop fitness: 0.14993
INFO:root:elite fitness: 0.28656
INFO:root:Generation: 184
INFO:root:pop fitness: 0.16632999999999995
INFO:root:elite fitness: 0.27332
INFO:root:Generation: 185
INFO:root:pop fitness: 0.16056
INFO:root:elite fitness: 0.28300000000000003
INFO:root:Generation: 186
INFO:root:pop fitness: 0.16439
INFO:root:elite fitness: 0.28706
INFO:root:Generation: 187
INFO:root:pop fitness: 0.17667999999999995
INFO:root:elite fitness: 0.28078000000000003
INFO:root:Generation: 188
INFO:root:pop fitness: 0.14684
INFO:root:elite fitness: 0.27916
INFO:root:Generation: 189
INFO:root:pop fitness: 0.15941
INFO:root:elite fitness: 0.2926
INFO:root:Generation: 190
INFO:root:pop fitness: 0.17047
INFO:root:elite fitness: 0.30268000000000006
INFO:root:Generation: 191
INFO:root:pop fitness: 0.15083
INFO:root:elite fitness: 0.27986
INFO:root:Generation: 192
INFO:root:pop fitness: 0.16739000000000004
INFO:root:elite fitness: 0.3151
INFO:root:Generation: 193
INFO:root:pop fitness: 0.15989000000000003
INFO:root:elite fitness: 0.28486
INFO:root:Generation: 194
INFO:root:pop fitness: 0.15647
INFO:root:elite fitness: 0.28952
INFO:root:Generation: 195
INFO:root:pop fitness: 0.17054000000000005
INFO:root:elite fitness: 0.31502
INFO:root:Generation: 196
INFO:root:pop fitness: 0.17336000000000001
INFO:root:elite fitness: 0.32436
INFO:root:Generation: 197
INFO:root:pop fitness: 0.18166000000000004
INFO:root:elite fitness: 0.30134
INFO:root:Generation: 198
INFO:root:pop fitness: 0.17553999999999997
INFO:root:elite fitness: 0.33728
INFO:root:Generation: 199
INFO:root:pop fitness: 0.17414000000000002
INFO:root:elite fitness: 0.31972
