INFO:root:run_master: Namespace(arms='10', hidden='8', layers='3', max_gen='200', message='', mutation_mag='0.1', name='cumulativeRwd', noise=True, pop_size='150', save_result=True, steps='1', trials='100')
INFO:root:run_master: Namespace(arms='10', hidden='8', layers='3', max_gen='200', message='', mutation_mag='0.1', name='cumulativeRwd', noise=False, pop_size='150', save_result=True, steps='1', trials='100')
INFO:root:Generation: 0
INFO:root:pop fitness: 0.5046133333333334
INFO:root:elite fitness: 0.5418533333333334
INFO:root:Generation: 0
INFO:root:pop fitness: 0.5040066666666667
INFO:root:elite fitness: 0.5379466666666667
INFO:root:Generation: 1
INFO:root:pop fitness: 0.5001200000000001
INFO:root:elite fitness: 0.53824
INFO:root:Generation: 1
INFO:root:pop fitness: 0.5039733333333335
INFO:root:elite fitness: 0.5429066666666668
INFO:root:Generation: 2
INFO:root:pop fitness: 0.49616000000000005
INFO:root:elite fitness: 0.5408933333333332
INFO:root:Generation: 2
INFO:root:pop fitness: 0.4985066666666667
INFO:root:elite fitness: 0.54068
INFO:root:Generation: 3
INFO:root:pop fitness: 0.49859333333333333
INFO:root:elite fitness: 0.5403066666666665
INFO:root:Generation: 3
INFO:root:pop fitness: 0.49619333333333326
INFO:root:elite fitness: 0.534
INFO:root:Generation: 4
INFO:root:pop fitness: 0.5000999999999999
INFO:root:elite fitness: 0.5455066666666667
INFO:root:Generation: 4
INFO:root:pop fitness: 0.4974733333333333
INFO:root:elite fitness: 0.5395200000000001
INFO:root:Generation: 5
INFO:root:pop fitness: 0.5003133333333334
INFO:root:elite fitness: 0.5421866666666667
INFO:root:Generation: 5
INFO:root:pop fitness: 0.49722
INFO:root:elite fitness: 0.5488400000000001
INFO:root:Generation: 6
INFO:root:pop fitness: 0.49916666666666665
INFO:root:elite fitness: 0.53996
INFO:root:Generation: 6
INFO:root:pop fitness: 0.5000600000000001
INFO:root:elite fitness: 0.5430933333333334
INFO:root:Generation: 7
INFO:root:pop fitness: 0.5000666666666667
INFO:root:elite fitness: 0.5412933333333334
INFO:root:Generation: 7
INFO:root:pop fitness: 0.4983
INFO:root:elite fitness: 0.5358533333333333
INFO:root:Generation: 8
INFO:root:pop fitness: 0.5057133333333333
INFO:root:elite fitness: 0.5575866666666667
INFO:root:Generation: 8
INFO:root:pop fitness: 0.5067066666666666
INFO:root:elite fitness: 0.54968
INFO:root:Generation: 9
INFO:root:pop fitness: 0.50518
INFO:root:elite fitness: 0.5550133333333334
INFO:root:Generation: 9
INFO:root:pop fitness: 0.49871999999999994
INFO:root:elite fitness: 0.5519466666666665
INFO:root:Generation: 10
INFO:root:pop fitness: 0.5025666666666666
INFO:root:elite fitness: 0.5546000000000001
INFO:root:Generation: 10
INFO:root:pop fitness: 0.5052666666666668
INFO:root:elite fitness: 0.5531066666666666
INFO:root:Generation: 11
INFO:root:pop fitness: 0.49452666666666667
INFO:root:elite fitness: 0.5574533333333332
INFO:root:Generation: 12
INFO:root:pop fitness: 0.50982
INFO:root:elite fitness: 0.5504
INFO:root:Generation: 11
INFO:root:pop fitness: 0.5026133333333334
INFO:root:elite fitness: 0.5574000000000001
INFO:root:Generation: 13
INFO:root:pop fitness: 0.4998200000000001
INFO:root:elite fitness: 0.5616133333333334
INFO:root:Generation: 12
INFO:root:pop fitness: 0.5009333333333332
INFO:root:elite fitness: 0.5587333333333333
INFO:root:Generation: 14
INFO:root:pop fitness: 0.5096599999999999
INFO:root:elite fitness: 0.5826266666666667
INFO:root:Generation: 13
INFO:root:pop fitness: 0.5072866666666668
INFO:root:elite fitness: 0.57596
INFO:root:Generation: 15
INFO:root:pop fitness: 0.5086466666666667
INFO:root:elite fitness: 0.5765466666666667
INFO:root:Generation: 14
INFO:root:pop fitness: 0.5078066666666666
INFO:root:elite fitness: 0.5725733333333334
INFO:root:Generation: 16
INFO:root:pop fitness: 0.50912
INFO:root:elite fitness: 0.5875066666666666
INFO:root:Generation: 15
INFO:root:pop fitness: 0.5069600000000001
INFO:root:elite fitness: 0.5672133333333333
INFO:root:Generation: 17
INFO:root:pop fitness: 0.51746
INFO:root:elite fitness: 0.5970133333333334
INFO:root:Generation: 16
INFO:root:pop fitness: 0.5152599999999999
INFO:root:elite fitness: 0.5990933333333333
INFO:root:Generation: 18
INFO:root:pop fitness: 0.5083266666666666
INFO:root:elite fitness: 0.5840533333333333
INFO:root:Generation: 17
INFO:root:pop fitness: 0.5202866666666669
INFO:root:elite fitness: 0.5912666666666667
INFO:root:Generation: 19
INFO:root:pop fitness: 0.5287133333333333
INFO:root:elite fitness: 0.6100133333333333
INFO:root:Generation: 18
INFO:root:pop fitness: 0.5231199999999999
INFO:root:elite fitness: 0.5898266666666666
INFO:root:Generation: 20
INFO:root:pop fitness: 0.5199000000000001
INFO:root:elite fitness: 0.6154533333333333
INFO:root:Generation: 19
INFO:root:pop fitness: 0.5154933333333335
INFO:root:elite fitness: 0.59288
INFO:root:Generation: 21
INFO:root:pop fitness: 0.52344
INFO:root:elite fitness: 0.6257333333333334
INFO:root:Generation: 22
INFO:root:pop fitness: 0.5297266666666667
INFO:root:elite fitness: 0.6422133333333334
INFO:root:Generation: 20
INFO:root:pop fitness: 0.5289333333333334
INFO:root:elite fitness: 0.6158
INFO:root:Generation: 23
INFO:root:pop fitness: 0.5254
INFO:root:elite fitness: 0.6112799999999999
INFO:root:Generation: 21
INFO:root:pop fitness: 0.5286
INFO:root:elite fitness: 0.6148666666666667
INFO:root:Generation: 24
INFO:root:pop fitness: 0.5276533333333333
INFO:root:elite fitness: 0.6201733333333334
INFO:root:Generation: 22
INFO:root:pop fitness: 0.52674
INFO:root:elite fitness: 0.62684
INFO:root:Generation: 25
INFO:root:pop fitness: 0.5318266666666667
INFO:root:elite fitness: 0.63988
INFO:root:Generation: 23
INFO:root:pop fitness: 0.53498
INFO:root:elite fitness: 0.60908
INFO:root:Generation: 26
INFO:root:pop fitness: 0.5331466666666667
INFO:root:elite fitness: 0.64504
INFO:root:Generation: 24
INFO:root:pop fitness: 0.54278
INFO:root:elite fitness: 0.65196
INFO:root:Generation: 27
INFO:root:pop fitness: 0.52016
INFO:root:elite fitness: 0.6197866666666667
INFO:root:Generation: 25
INFO:root:pop fitness: 0.5383266666666667
INFO:root:elite fitness: 0.6364266666666667
INFO:root:Generation: 28
INFO:root:pop fitness: 0.52494
INFO:root:elite fitness: 0.6370933333333332
INFO:root:Generation: 26
INFO:root:pop fitness: 0.53038
INFO:root:elite fitness: 0.6330266666666666
INFO:root:Generation: 29
INFO:root:pop fitness: 0.53476
INFO:root:elite fitness: 0.6333066666666666
INFO:root:Generation: 27
INFO:root:pop fitness: 0.52794
INFO:root:elite fitness: 0.62824
INFO:root:Generation: 30
INFO:root:pop fitness: 0.5287666666666666
INFO:root:elite fitness: 0.62344
INFO:root:Generation: 28
INFO:root:pop fitness: 0.5455000000000001
INFO:root:elite fitness: 0.6492800000000001
INFO:root:Generation: 31
INFO:root:pop fitness: 0.5262933333333333
INFO:root:elite fitness: 0.6341066666666667
INFO:root:Generation: 29
INFO:root:pop fitness: 0.5359799999999999
INFO:root:elite fitness: 0.6282266666666666
INFO:root:Generation: 32
INFO:root:pop fitness: 0.5421133333333333
INFO:root:elite fitness: 0.6265066666666665
INFO:root:Generation: 30
INFO:root:pop fitness: 0.5266799999999999
INFO:root:elite fitness: 0.6285599999999999
INFO:root:Generation: 33
INFO:root:pop fitness: 0.5435666666666666
INFO:root:elite fitness: 0.64588
INFO:root:Generation: 34
INFO:root:pop fitness: 0.5437866666666668
INFO:root:elite fitness: 0.6412266666666665
INFO:root:Generation: 31
INFO:root:pop fitness: 0.54244
INFO:root:elite fitness: 0.6410666666666666
INFO:root:Generation: 35
INFO:root:pop fitness: 0.5462266666666667
INFO:root:elite fitness: 0.6404666666666667
INFO:root:Generation: 32
INFO:root:pop fitness: 0.5439799999999999
INFO:root:elite fitness: 0.6350933333333334
INFO:root:Generation: 36
INFO:root:pop fitness: 0.5504199999999999
INFO:root:elite fitness: 0.65172
INFO:root:Generation: 33
INFO:root:pop fitness: 0.5513066666666666
INFO:root:elite fitness: 0.6522799999999999
INFO:root:Generation: 37
INFO:root:pop fitness: 0.5504666666666668
INFO:root:elite fitness: 0.6440933333333334
INFO:root:Generation: 34
INFO:root:pop fitness: 0.55734
INFO:root:elite fitness: 0.65892
INFO:root:Generation: 38
INFO:root:pop fitness: 0.5598533333333333
INFO:root:elite fitness: 0.66732
INFO:root:Generation: 35
INFO:root:pop fitness: 0.5632866666666666
INFO:root:elite fitness: 0.6615466666666666
INFO:root:Generation: 39
INFO:root:pop fitness: 0.5521800000000002
INFO:root:elite fitness: 0.65196
INFO:root:Generation: 36
INFO:root:pop fitness: 0.5540200000000001
INFO:root:elite fitness: 0.6627733333333334
INFO:root:Generation: 40
INFO:root:pop fitness: 0.55322
INFO:root:elite fitness: 0.6457200000000001
INFO:root:Generation: 37
INFO:root:pop fitness: 0.5742533333333334
INFO:root:elite fitness: 0.6665466666666666
INFO:root:Generation: 41
INFO:root:pop fitness: 0.5594333333333332
INFO:root:elite fitness: 0.6809333333333334
INFO:root:Generation: 38
INFO:root:pop fitness: 0.5773999999999999
INFO:root:elite fitness: 0.6754533333333334
INFO:root:Generation: 42
INFO:root:pop fitness: 0.5637066666666667
INFO:root:elite fitness: 0.6489466666666667
INFO:root:Generation: 43
INFO:root:pop fitness: 0.5549599999999999
INFO:root:elite fitness: 0.6552933333333333
INFO:root:Generation: 39
INFO:root:pop fitness: 0.5886733333333333
INFO:root:elite fitness: 0.6795066666666667
INFO:root:Generation: 44
INFO:root:pop fitness: 0.5610733333333333
INFO:root:elite fitness: 0.6505866666666665
INFO:root:Generation: 40
INFO:root:pop fitness: 0.5938599999999999
INFO:root:elite fitness: 0.6858399999999999
INFO:root:Generation: 45
INFO:root:pop fitness: 0.56292
INFO:root:elite fitness: 0.6595733333333332
INFO:root:Generation: 41
INFO:root:pop fitness: 0.5886933333333334
INFO:root:elite fitness: 0.6808133333333334
INFO:root:Generation: 46
INFO:root:pop fitness: 0.5563333333333333
INFO:root:elite fitness: 0.6526933333333335
INFO:root:Generation: 42
INFO:root:pop fitness: 0.5798333333333333
INFO:root:elite fitness: 0.6755733333333335
INFO:root:Generation: 47
INFO:root:pop fitness: 0.5664266666666666
INFO:root:elite fitness: 0.6567200000000001
INFO:root:Generation: 43
INFO:root:pop fitness: 0.5974333333333331
INFO:root:elite fitness: 0.7087066666666666
INFO:root:Generation: 48
INFO:root:pop fitness: 0.5672466666666668
INFO:root:elite fitness: 0.6646533333333334
INFO:root:Generation: 44
INFO:root:pop fitness: 0.5899133333333333
INFO:root:elite fitness: 0.67772
INFO:root:Generation: 49
INFO:root:pop fitness: 0.5647066666666668
INFO:root:elite fitness: 0.6581466666666668
INFO:root:Generation: 45
INFO:root:pop fitness: 0.58278
INFO:root:elite fitness: 0.6720666666666667
INFO:root:Generation: 50
INFO:root:pop fitness: 0.5844133333333333
INFO:root:elite fitness: 0.6788799999999999
INFO:root:Generation: 46
INFO:root:pop fitness: 0.5741733333333333
INFO:root:elite fitness: 0.6775333333333334
INFO:root:Generation: 51
INFO:root:pop fitness: 0.5897533333333332
INFO:root:elite fitness: 0.6929333333333333
INFO:root:Generation: 47
INFO:root:pop fitness: 0.5817933333333334
INFO:root:elite fitness: 0.6668933333333333
INFO:root:Generation: 52
INFO:root:pop fitness: 0.5742066666666666
INFO:root:elite fitness: 0.69056
INFO:root:Generation: 48
INFO:root:pop fitness: 0.5848
INFO:root:elite fitness: 0.6915466666666666
INFO:root:Generation: 53
INFO:root:pop fitness: 0.5766133333333333
INFO:root:elite fitness: 0.6742133333333332
INFO:root:Generation: 54
INFO:root:pop fitness: 0.57724
INFO:root:elite fitness: 0.67672
INFO:root:Generation: 49
INFO:root:pop fitness: 0.6025466666666667
INFO:root:elite fitness: 0.6879466666666665
INFO:root:Generation: 55
INFO:root:pop fitness: 0.5880399999999999
INFO:root:elite fitness: 0.6837333333333334
INFO:root:Generation: 50
INFO:root:pop fitness: 0.5859466666666666
INFO:root:elite fitness: 0.6721999999999999
INFO:root:Generation: 56
INFO:root:pop fitness: 0.5847666666666667
INFO:root:elite fitness: 0.6731999999999999
INFO:root:Generation: 51
INFO:root:pop fitness: 0.5918466666666666
INFO:root:elite fitness: 0.7048533333333334
INFO:root:Generation: 57
INFO:root:pop fitness: 0.5831333333333333
INFO:root:elite fitness: 0.6891066666666668
INFO:root:Generation: 52
INFO:root:pop fitness: 0.6056533333333334
INFO:root:elite fitness: 0.7055866666666667
INFO:root:Generation: 58
INFO:root:pop fitness: 0.5897466666666668
INFO:root:elite fitness: 0.66992
INFO:root:Generation: 53
INFO:root:pop fitness: 0.5932466666666666
INFO:root:elite fitness: 0.69628
INFO:root:Generation: 59
INFO:root:pop fitness: 0.5800733333333333
INFO:root:elite fitness: 0.6791466666666668
INFO:root:Generation: 54
INFO:root:pop fitness: 0.5986333333333332
INFO:root:elite fitness: 0.69348
INFO:root:Generation: 60
INFO:root:pop fitness: 0.5842533333333334
INFO:root:elite fitness: 0.6828
INFO:root:Generation: 55
INFO:root:pop fitness: 0.6053333333333333
INFO:root:elite fitness: 0.7089333333333333
INFO:root:Generation: 61
INFO:root:pop fitness: 0.5808599999999999
INFO:root:elite fitness: 0.6799733333333333
INFO:root:Generation: 56
INFO:root:pop fitness: 0.60254
INFO:root:elite fitness: 0.7141066666666666
INFO:root:Generation: 62
INFO:root:pop fitness: 0.5973266666666668
INFO:root:elite fitness: 0.6922
INFO:root:Generation: 57
INFO:root:pop fitness: 0.6115266666666666
INFO:root:elite fitness: 0.7265066666666666
INFO:root:Generation: 63
INFO:root:pop fitness: 0.58222
INFO:root:elite fitness: 0.6844933333333334
INFO:root:Generation: 58
INFO:root:pop fitness: 0.61466
INFO:root:elite fitness: 0.7070133333333333
INFO:root:Generation: 64
INFO:root:pop fitness: 0.6052733333333333
INFO:root:elite fitness: 0.7012933333333334
INFO:root:Generation: 59
INFO:root:pop fitness: 0.5880933333333334
INFO:root:elite fitness: 0.6835733333333333
INFO:root:Generation: 65
INFO:root:pop fitness: 0.5920933333333332
INFO:root:elite fitness: 0.6964266666666666
INFO:root:Generation: 66
INFO:root:pop fitness: 0.5929866666666667
INFO:root:elite fitness: 0.6919600000000001
INFO:root:Generation: 60
INFO:root:pop fitness: 0.6066400000000001
INFO:root:elite fitness: 0.6896533333333333
INFO:root:Generation: 67
INFO:root:pop fitness: 0.60768
INFO:root:elite fitness: 0.6886933333333333
INFO:root:Generation: 61
INFO:root:pop fitness: 0.6065200000000001
INFO:root:elite fitness: 0.70864
INFO:root:Generation: 68
INFO:root:pop fitness: 0.6055266666666667
INFO:root:elite fitness: 0.6830933333333333
INFO:root:Generation: 62
INFO:root:pop fitness: 0.6052933333333335
INFO:root:elite fitness: 0.6936266666666668
INFO:root:Generation: 69
INFO:root:pop fitness: 0.6113133333333334
INFO:root:elite fitness: 0.7149466666666667
INFO:root:Generation: 63
INFO:root:pop fitness: 0.6121066666666667
INFO:root:elite fitness: 0.7044666666666668
INFO:root:Generation: 70
INFO:root:pop fitness: 0.5963466666666667
INFO:root:elite fitness: 0.69784
INFO:root:Generation: 64
INFO:root:pop fitness: 0.6067066666666666
INFO:root:elite fitness: 0.7042933333333332
INFO:root:Generation: 71
INFO:root:pop fitness: 0.5983533333333334
INFO:root:elite fitness: 0.6918933333333332
INFO:root:Generation: 65
INFO:root:pop fitness: 0.6097400000000001
INFO:root:elite fitness: 0.7150933333333334
INFO:root:Generation: 72
INFO:root:pop fitness: 0.60112
INFO:root:elite fitness: 0.7100266666666665
INFO:root:Generation: 66
INFO:root:pop fitness: 0.6042199999999999
INFO:root:elite fitness: 0.7057733333333334
INFO:root:Generation: 73
INFO:root:pop fitness: 0.6068399999999999
INFO:root:elite fitness: 0.7066133333333333
INFO:root:Generation: 67
INFO:root:pop fitness: 0.5988933333333334
INFO:root:elite fitness: 0.6941200000000002
INFO:root:Generation: 74
INFO:root:pop fitness: 0.6005266666666668
INFO:root:elite fitness: 0.6900666666666668
INFO:root:Generation: 68
INFO:root:pop fitness: 0.5957466666666668
INFO:root:elite fitness: 0.7001066666666667
INFO:root:Generation: 75
INFO:root:pop fitness: 0.6084
INFO:root:elite fitness: 0.7210933333333334
INFO:root:Generation: 76
INFO:root:pop fitness: 0.6033333333333333
INFO:root:elite fitness: 0.7003066666666666
INFO:root:Generation: 69
INFO:root:pop fitness: 0.6100266666666667
INFO:root:elite fitness: 0.6978533333333333
INFO:root:Generation: 77
INFO:root:pop fitness: 0.6099733333333333
INFO:root:elite fitness: 0.6996
INFO:root:Generation: 70
INFO:root:pop fitness: 0.6065533333333333
INFO:root:elite fitness: 0.71016
INFO:root:Generation: 78
INFO:root:pop fitness: 0.6087733333333333
INFO:root:elite fitness: 0.7274266666666667
INFO:root:Generation: 71
INFO:root:pop fitness: 0.60624
INFO:root:elite fitness: 0.6981866666666666
INFO:root:Generation: 79
INFO:root:pop fitness: 0.6171066666666667
INFO:root:elite fitness: 0.7106666666666667
INFO:root:Generation: 72
INFO:root:pop fitness: 0.605
INFO:root:elite fitness: 0.6987866666666667
INFO:root:Generation: 80
INFO:root:pop fitness: 0.61152
INFO:root:elite fitness: 0.7105333333333332
INFO:root:Generation: 73
INFO:root:pop fitness: 0.6119933333333333
INFO:root:elite fitness: 0.7098933333333334
INFO:root:Generation: 81
INFO:root:pop fitness: 0.6073066666666666
INFO:root:elite fitness: 0.6913066666666666
INFO:root:Generation: 74
INFO:root:pop fitness: 0.5976466666666667
INFO:root:elite fitness: 0.6985066666666666
INFO:root:Generation: 82
INFO:root:pop fitness: 0.60818
INFO:root:elite fitness: 0.7156666666666666
INFO:root:Generation: 75
INFO:root:pop fitness: 0.6085666666666666
INFO:root:elite fitness: 0.7136266666666665
INFO:root:Generation: 83
INFO:root:pop fitness: 0.6240800000000002
INFO:root:elite fitness: 0.7154266666666667
INFO:root:Generation: 76
INFO:root:pop fitness: 0.6025666666666667
INFO:root:elite fitness: 0.6910133333333334
INFO:root:Generation: 84
INFO:root:pop fitness: 0.6128000000000001
INFO:root:elite fitness: 0.70648
INFO:root:Generation: 77
INFO:root:pop fitness: 0.60216
INFO:root:elite fitness: 0.6965066666666667
INFO:root:Generation: 85
INFO:root:pop fitness: 0.6183133333333334
INFO:root:elite fitness: 0.7171733333333333
INFO:root:Generation: 86
INFO:root:pop fitness: 0.6221133333333333
INFO:root:elite fitness: 0.7096133333333334
INFO:root:Generation: 78
INFO:root:pop fitness: 0.6027733333333334
INFO:root:elite fitness: 0.7036399999999999
INFO:root:Generation: 87
INFO:root:pop fitness: 0.6190866666666667
INFO:root:elite fitness: 0.7212933333333333
INFO:root:Generation: 79
INFO:root:pop fitness: 0.6157266666666668
INFO:root:elite fitness: 0.6929333333333333
INFO:root:Generation: 88
INFO:root:pop fitness: 0.5980800000000002
INFO:root:elite fitness: 0.6938133333333334
INFO:root:Generation: 80
INFO:root:pop fitness: 0.6066
INFO:root:elite fitness: 0.6907733333333334
INFO:root:Generation: 89
INFO:root:pop fitness: 0.6205066666666667
INFO:root:elite fitness: 0.7132266666666667
INFO:root:Generation: 81
INFO:root:pop fitness: 0.6026333333333334
INFO:root:elite fitness: 0.7011333333333334
INFO:root:Generation: 90
INFO:root:pop fitness: 0.6153466666666668
INFO:root:elite fitness: 0.7045333333333332
INFO:root:Generation: 82
INFO:root:pop fitness: 0.6006733333333333
INFO:root:elite fitness: 0.6945866666666666
INFO:root:Generation: 91
INFO:root:pop fitness: 0.6077466666666667
INFO:root:elite fitness: 0.7101066666666668
INFO:root:Generation: 83
INFO:root:pop fitness: 0.59498
INFO:root:elite fitness: 0.6993600000000001
INFO:root:Generation: 92
INFO:root:pop fitness: 0.6220933333333333
INFO:root:elite fitness: 0.7192799999999999
INFO:root:Generation: 84
INFO:root:pop fitness: 0.5932866666666666
INFO:root:elite fitness: 0.6836533333333333
INFO:root:Generation: 93
INFO:root:pop fitness: 0.6249000000000001
INFO:root:elite fitness: 0.7090533333333333
INFO:root:Generation: 85
INFO:root:pop fitness: 0.5956266666666666
INFO:root:elite fitness: 0.71056
INFO:root:Generation: 94
INFO:root:pop fitness: 0.6154466666666667
INFO:root:elite fitness: 0.7081999999999999
INFO:root:Generation: 95
INFO:root:pop fitness: 0.6292466666666666
INFO:root:elite fitness: 0.7257333333333335
INFO:root:Generation: 86
INFO:root:pop fitness: 0.6203666666666667
INFO:root:elite fitness: 0.7182133333333334
INFO:root:Generation: 96
INFO:root:pop fitness: 0.6278533333333333
INFO:root:elite fitness: 0.7279466666666667
INFO:root:Generation: 87
INFO:root:pop fitness: 0.6191133333333333
INFO:root:elite fitness: 0.7135333333333335
INFO:root:Generation: 97
INFO:root:pop fitness: 0.6304066666666667
INFO:root:elite fitness: 0.7201600000000001
INFO:root:Generation: 88
INFO:root:pop fitness: 0.61012
INFO:root:elite fitness: 0.7100666666666666
INFO:root:Generation: 98
INFO:root:pop fitness: 0.6290533333333334
INFO:root:elite fitness: 0.7108533333333333
INFO:root:Generation: 89
INFO:root:pop fitness: 0.6101266666666667
INFO:root:elite fitness: 0.70452
INFO:root:Generation: 99
INFO:root:pop fitness: 0.6460333333333333
INFO:root:elite fitness: 0.7300533333333334
INFO:root:Generation: 90
INFO:root:pop fitness: 0.6061533333333333
INFO:root:elite fitness: 0.7088000000000001
INFO:root:Generation: 100
INFO:root:pop fitness: 0.6401933333333333
INFO:root:elite fitness: 0.7379600000000001
INFO:root:Generation: 91
INFO:root:pop fitness: 0.60986
INFO:root:elite fitness: 0.6979066666666666
INFO:root:Generation: 101
INFO:root:pop fitness: 0.6342933333333334
INFO:root:elite fitness: 0.7352133333333332
INFO:root:Generation: 92
INFO:root:pop fitness: 0.6081599999999999
INFO:root:elite fitness: 0.70648
INFO:root:Generation: 102
INFO:root:pop fitness: 0.6202
INFO:root:elite fitness: 0.7144800000000001
INFO:root:Generation: 93
INFO:root:pop fitness: 0.6101400000000001
INFO:root:elite fitness: 0.7108800000000002
INFO:root:Generation: 103
INFO:root:pop fitness: 0.6263333333333333
INFO:root:elite fitness: 0.70712
INFO:root:Generation: 94
INFO:root:pop fitness: 0.6189666666666667
INFO:root:elite fitness: 0.6979866666666666
INFO:root:Generation: 104
INFO:root:pop fitness: 0.6305466666666666
INFO:root:elite fitness: 0.7292133333333333
INFO:root:Generation: 105
INFO:root:pop fitness: 0.6105266666666668
INFO:root:elite fitness: 0.69268
INFO:root:Generation: 95
INFO:root:pop fitness: 0.6064933333333333
INFO:root:elite fitness: 0.7060133333333334
INFO:root:Generation: 106
INFO:root:pop fitness: 0.6222533333333334
INFO:root:elite fitness: 0.7181600000000001
INFO:root:Generation: 96
INFO:root:pop fitness: 0.6221333333333334
INFO:root:elite fitness: 0.7344133333333333
INFO:root:Generation: 107
INFO:root:pop fitness: 0.6327933333333334
INFO:root:elite fitness: 0.7255866666666666
INFO:root:Generation: 97
INFO:root:pop fitness: 0.6202933333333334
INFO:root:elite fitness: 0.71372
INFO:root:Generation: 108
INFO:root:pop fitness: 0.6238333333333332
INFO:root:elite fitness: 0.7120266666666666
INFO:root:Generation: 98
INFO:root:pop fitness: 0.6253733333333334
INFO:root:elite fitness: 0.7150933333333332
INFO:root:Generation: 109
INFO:root:pop fitness: 0.6219866666666666
INFO:root:elite fitness: 0.7060933333333332
INFO:root:Generation: 99
INFO:root:pop fitness: 0.62192
INFO:root:elite fitness: 0.71984
INFO:root:Generation: 110
INFO:root:pop fitness: 0.6198066666666667
INFO:root:elite fitness: 0.7239866666666667
INFO:root:Generation: 100
INFO:root:pop fitness: 0.6294066666666667
INFO:root:elite fitness: 0.7331866666666667
INFO:root:Generation: 111
INFO:root:pop fitness: 0.6361133333333333
INFO:root:elite fitness: 0.7365733333333333
INFO:root:Generation: 101
INFO:root:pop fitness: 0.6280533333333334
INFO:root:elite fitness: 0.71584
INFO:root:Generation: 112
INFO:root:pop fitness: 0.6361600000000001
INFO:root:elite fitness: 0.7258266666666667
INFO:root:Generation: 102
INFO:root:pop fitness: 0.6243333333333333
INFO:root:elite fitness: 0.71752
INFO:root:Generation: 113
INFO:root:pop fitness: 0.6215266666666666
INFO:root:elite fitness: 0.7156533333333334
INFO:root:Generation: 103
INFO:root:pop fitness: 0.6105799999999999
INFO:root:elite fitness: 0.7078800000000001
INFO:root:Generation: 114
INFO:root:pop fitness: 0.6365933333333332
INFO:root:elite fitness: 0.74252
INFO:root:Generation: 115
INFO:root:pop fitness: 0.6373866666666665
INFO:root:elite fitness: 0.7281466666666667
INFO:root:Generation: 104
INFO:root:pop fitness: 0.6360333333333333
INFO:root:elite fitness: 0.7317733333333333
INFO:root:Generation: 116
INFO:root:pop fitness: 0.6318733333333333
INFO:root:elite fitness: 0.7070533333333333
INFO:root:Generation: 105
INFO:root:pop fitness: 0.6224399999999999
INFO:root:elite fitness: 0.7112133333333334
INFO:root:Generation: 117
INFO:root:pop fitness: 0.6240399999999999
INFO:root:elite fitness: 0.7099466666666666
INFO:root:Generation: 106
INFO:root:pop fitness: 0.6140933333333334
INFO:root:elite fitness: 0.7109466666666665
INFO:root:Generation: 118
INFO:root:pop fitness: 0.6337133333333332
INFO:root:elite fitness: 0.7183599999999999
INFO:root:Generation: 107
INFO:root:pop fitness: 0.62958
INFO:root:elite fitness: 0.7104666666666666
INFO:root:Generation: 119
INFO:root:pop fitness: 0.62598
INFO:root:elite fitness: 0.7210000000000001
INFO:root:Generation: 108
INFO:root:pop fitness: 0.6307133333333333
INFO:root:elite fitness: 0.7157733333333333
INFO:root:Generation: 120
INFO:root:pop fitness: 0.6235133333333334
INFO:root:elite fitness: 0.7186133333333333
INFO:root:Generation: 109
INFO:root:pop fitness: 0.62698
INFO:root:elite fitness: 0.7168133333333334
INFO:root:Generation: 121
INFO:root:pop fitness: 0.6369733333333333
INFO:root:elite fitness: 0.7338133333333332
INFO:root:Generation: 110
INFO:root:pop fitness: 0.6335733333333333
INFO:root:elite fitness: 0.7203333333333333
INFO:root:Generation: 122
INFO:root:pop fitness: 0.6138533333333334
INFO:root:elite fitness: 0.7048533333333333
INFO:root:Generation: 111
INFO:root:pop fitness: 0.6231
INFO:root:elite fitness: 0.7224666666666666
INFO:root:Generation: 123
INFO:root:pop fitness: 0.6356866666666667
INFO:root:elite fitness: 0.7169866666666667
INFO:root:Generation: 112
INFO:root:pop fitness: 0.6208466666666668
INFO:root:elite fitness: 0.7108533333333333
INFO:root:Generation: 124
INFO:root:pop fitness: 0.64008
INFO:root:elite fitness: 0.7378533333333334
INFO:root:Generation: 113
INFO:root:pop fitness: 0.6108133333333332
INFO:root:elite fitness: 0.71324
INFO:root:Generation: 125
INFO:root:pop fitness: 0.634
INFO:root:elite fitness: 0.7284400000000001
INFO:root:Generation: 114
INFO:root:pop fitness: 0.6382933333333334
INFO:root:elite fitness: 0.7392666666666667
INFO:root:Generation: 126
INFO:root:pop fitness: 0.6446600000000001
INFO:root:elite fitness: 0.74776
INFO:root:Generation: 115
INFO:root:pop fitness: 0.6374933333333334
INFO:root:elite fitness: 0.7177600000000001
INFO:root:Generation: 127
INFO:root:pop fitness: 0.6481533333333335
INFO:root:elite fitness: 0.7418666666666666
INFO:root:Generation: 116
INFO:root:pop fitness: 0.6429133333333332
INFO:root:elite fitness: 0.7318133333333334
INFO:root:Generation: 128
INFO:root:pop fitness: 0.63702
INFO:root:elite fitness: 0.7286266666666668
INFO:root:Generation: 129
INFO:root:pop fitness: 0.6339133333333332
INFO:root:elite fitness: 0.7405466666666666
INFO:root:Generation: 117
INFO:root:pop fitness: 0.6231
INFO:root:elite fitness: 0.711
INFO:root:Generation: 130
INFO:root:pop fitness: 0.6366933333333332
INFO:root:elite fitness: 0.7135466666666668
INFO:root:Generation: 118
INFO:root:pop fitness: 0.6277733333333333
INFO:root:elite fitness: 0.7239733333333334
INFO:root:Generation: 131
INFO:root:pop fitness: 0.6430266666666666
INFO:root:elite fitness: 0.7295733333333334
INFO:root:Generation: 119
INFO:root:pop fitness: 0.6239733333333334
INFO:root:elite fitness: 0.7211733333333334
INFO:root:Generation: 132
INFO:root:pop fitness: 0.6454600000000001
INFO:root:elite fitness: 0.72984
INFO:root:Generation: 120
INFO:root:pop fitness: 0.6278266666666668
INFO:root:elite fitness: 0.7142533333333333
INFO:root:Generation: 133
INFO:root:pop fitness: 0.63534
INFO:root:elite fitness: 0.72756
INFO:root:Generation: 121
INFO:root:pop fitness: 0.6302133333333334
INFO:root:elite fitness: 0.7196400000000002
INFO:root:Generation: 134
INFO:root:pop fitness: 0.6362933333333335
INFO:root:elite fitness: 0.72676
INFO:root:Generation: 122
INFO:root:pop fitness: 0.6307799999999999
INFO:root:elite fitness: 0.71788
INFO:root:Generation: 135
INFO:root:pop fitness: 0.6476066666666667
INFO:root:elite fitness: 0.7362933333333334
INFO:root:Generation: 123
INFO:root:pop fitness: 0.62302
INFO:root:elite fitness: 0.7029466666666667
INFO:root:Generation: 136
INFO:root:pop fitness: 0.6332
INFO:root:elite fitness: 0.7255199999999999
INFO:root:Generation: 124
INFO:root:pop fitness: 0.6346533333333334
INFO:root:elite fitness: 0.7247733333333334
INFO:root:Generation: 137
INFO:root:pop fitness: 0.6480466666666668
INFO:root:elite fitness: 0.7345999999999999
INFO:root:Generation: 125
INFO:root:pop fitness: 0.6367066666666666
INFO:root:elite fitness: 0.7337733333333333
INFO:root:Generation: 138
INFO:root:pop fitness: 0.6510933333333333
INFO:root:elite fitness: 0.7333466666666666
INFO:root:Generation: 126
INFO:root:pop fitness: 0.64382
INFO:root:elite fitness: 0.7276133333333334
INFO:root:Generation: 139
INFO:root:pop fitness: 0.6466733333333333
INFO:root:elite fitness: 0.7319066666666666
INFO:root:Generation: 140
INFO:root:pop fitness: 0.6581666666666667
INFO:root:elite fitness: 0.74516
INFO:root:Generation: 127
INFO:root:pop fitness: 0.6464133333333334
INFO:root:elite fitness: 0.731
INFO:root:Generation: 141
INFO:root:pop fitness: 0.6493533333333332
INFO:root:elite fitness: 0.7345866666666667
INFO:root:Generation: 128
INFO:root:pop fitness: 0.6493599999999999
INFO:root:elite fitness: 0.7467466666666666
INFO:root:Generation: 142
INFO:root:pop fitness: 0.6493866666666667
INFO:root:elite fitness: 0.7455333333333334
INFO:root:Generation: 129
INFO:root:pop fitness: 0.6452933333333333
INFO:root:elite fitness: 0.7525466666666667
INFO:root:Generation: 143
INFO:root:pop fitness: 0.6446133333333333
INFO:root:elite fitness: 0.7488799999999999
INFO:root:Generation: 130
INFO:root:pop fitness: 0.6430600000000001
INFO:root:elite fitness: 0.7334666666666667
INFO:root:Generation: 144
INFO:root:pop fitness: 0.6251466666666666
INFO:root:elite fitness: 0.72084
INFO:root:Generation: 131
INFO:root:pop fitness: 0.66118
INFO:root:elite fitness: 0.7535466666666667
INFO:root:Generation: 145
INFO:root:pop fitness: 0.64698
INFO:root:elite fitness: 0.7266666666666667
INFO:root:Generation: 132
INFO:root:pop fitness: 0.6342333333333333
INFO:root:elite fitness: 0.7223866666666667
INFO:root:Generation: 146
INFO:root:pop fitness: 0.6457933333333333
INFO:root:elite fitness: 0.73444
INFO:root:Generation: 133
INFO:root:pop fitness: 0.6491800000000001
INFO:root:elite fitness: 0.749
INFO:root:Generation: 147
INFO:root:pop fitness: 0.6473933333333334
INFO:root:elite fitness: 0.7345466666666668
INFO:root:Generation: 134
INFO:root:pop fitness: 0.6531533333333334
INFO:root:elite fitness: 0.7519066666666667
INFO:root:Generation: 148
INFO:root:pop fitness: 0.6595666666666666
INFO:root:elite fitness: 0.7524266666666668
INFO:root:Generation: 135
INFO:root:pop fitness: 0.6498266666666666
INFO:root:elite fitness: 0.7377733333333334
INFO:root:Generation: 149
INFO:root:pop fitness: 0.6584266666666667
INFO:root:elite fitness: 0.7501066666666667
INFO:root:Generation: 150
INFO:root:pop fitness: 0.6468666666666667
INFO:root:elite fitness: 0.7517733333333334
INFO:root:Generation: 136
INFO:root:pop fitness: 0.6476533333333333
INFO:root:elite fitness: 0.7387733333333334
INFO:root:Generation: 151
INFO:root:pop fitness: 0.6406733333333333
INFO:root:elite fitness: 0.7321199999999999
INFO:root:Generation: 137
INFO:root:pop fitness: 0.65626
INFO:root:elite fitness: 0.7307733333333334
INFO:root:Generation: 152
INFO:root:pop fitness: 0.6431999999999999
INFO:root:elite fitness: 0.7175066666666666
INFO:root:Generation: 138
INFO:root:pop fitness: 0.658
INFO:root:elite fitness: 0.7382000000000001
INFO:root:Generation: 153
INFO:root:pop fitness: 0.6428733333333334
INFO:root:elite fitness: 0.7392266666666668
INFO:root:Generation: 139
INFO:root:pop fitness: 0.6491333333333332
INFO:root:elite fitness: 0.7523066666666667
INFO:root:Generation: 154
INFO:root:pop fitness: 0.6480533333333334
INFO:root:elite fitness: 0.7340933333333334
INFO:root:Generation: 140
INFO:root:pop fitness: 0.6476666666666667
INFO:root:elite fitness: 0.72892
INFO:root:Generation: 155
INFO:root:pop fitness: 0.6375666666666666
INFO:root:elite fitness: 0.7265466666666667
INFO:root:Generation: 141
INFO:root:pop fitness: 0.6472133333333334
INFO:root:elite fitness: 0.7470266666666667
INFO:root:Generation: 156
INFO:root:pop fitness: 0.6443133333333333
INFO:root:elite fitness: 0.7278666666666667
INFO:root:Generation: 142
INFO:root:pop fitness: 0.6541199999999999
INFO:root:elite fitness: 0.7360266666666666
INFO:root:Generation: 157
INFO:root:pop fitness: 0.6400666666666666
INFO:root:elite fitness: 0.7274
INFO:root:Generation: 143
INFO:root:pop fitness: 0.6358933333333332
INFO:root:elite fitness: 0.7338533333333334
INFO:root:Generation: 158
INFO:root:pop fitness: 0.6377066666666668
INFO:root:elite fitness: 0.7224266666666667
INFO:root:Generation: 144
INFO:root:pop fitness: 0.63786
INFO:root:elite fitness: 0.7341333333333333
INFO:root:Generation: 159
INFO:root:pop fitness: 0.6471466666666666
INFO:root:elite fitness: 0.73604
INFO:root:Generation: 160
INFO:root:pop fitness: 0.6418800000000001
INFO:root:elite fitness: 0.7235199999999999
INFO:root:Generation: 145
INFO:root:pop fitness: 0.6485666666666667
INFO:root:elite fitness: 0.7375733333333333
INFO:root:Generation: 161
INFO:root:pop fitness: 0.6398066666666667
INFO:root:elite fitness: 0.7181866666666666
INFO:root:Generation: 146
INFO:root:pop fitness: 0.6482666666666668
INFO:root:elite fitness: 0.7307733333333333
INFO:root:Generation: 162
INFO:root:pop fitness: 0.6475733333333333
INFO:root:elite fitness: 0.74748
INFO:root:Generation: 147
INFO:root:pop fitness: 0.6549533333333334
INFO:root:elite fitness: 0.7475999999999999
INFO:root:Generation: 163
INFO:root:pop fitness: 0.6441666666666667
INFO:root:elite fitness: 0.7315866666666666
INFO:root:Generation: 148
INFO:root:pop fitness: 0.6495933333333334
INFO:root:elite fitness: 0.7398933333333334
INFO:root:Generation: 164
INFO:root:pop fitness: 0.6463266666666667
INFO:root:elite fitness: 0.73624
INFO:root:Generation: 149
INFO:root:pop fitness: 0.6537266666666668
INFO:root:elite fitness: 0.74356
INFO:root:Generation: 165
INFO:root:pop fitness: 0.6443466666666666
INFO:root:elite fitness: 0.7330533333333333
INFO:root:Generation: 150
INFO:root:pop fitness: 0.6538666666666667
INFO:root:elite fitness: 0.7510133333333333
INFO:root:Generation: 166
INFO:root:pop fitness: 0.65036
INFO:root:elite fitness: 0.7533866666666666
INFO:root:Generation: 151
INFO:root:pop fitness: 0.6459333333333335
INFO:root:elite fitness: 0.7472
INFO:root:Generation: 167
INFO:root:pop fitness: 0.66618
INFO:root:elite fitness: 0.76144
INFO:root:Generation: 152
INFO:root:pop fitness: 0.65064
INFO:root:elite fitness: 0.7340933333333333
INFO:root:Generation: 168
INFO:root:pop fitness: 0.65516
INFO:root:elite fitness: 0.7376266666666667
INFO:root:Generation: 169
INFO:root:pop fitness: 0.6514333333333333
INFO:root:elite fitness: 0.7272933333333333
INFO:root:Generation: 153
INFO:root:pop fitness: 0.6574466666666666
INFO:root:elite fitness: 0.7481333333333334
INFO:root:Generation: 170
INFO:root:pop fitness: 0.64734
INFO:root:elite fitness: 0.7350666666666666
INFO:root:Generation: 154
INFO:root:pop fitness: 0.6461333333333334
INFO:root:elite fitness: 0.7563066666666666
INFO:root:Generation: 171
INFO:root:pop fitness: 0.6483466666666667
INFO:root:elite fitness: 0.7323333333333333
INFO:root:Generation: 155
INFO:root:pop fitness: 0.6437666666666666
INFO:root:elite fitness: 0.7293599999999999
INFO:root:Generation: 172
INFO:root:pop fitness: 0.6449533333333333
INFO:root:elite fitness: 0.7341333333333334
INFO:root:Generation: 156
INFO:root:pop fitness: 0.6628333333333334
INFO:root:elite fitness: 0.7378800000000001
INFO:root:Generation: 173
INFO:root:pop fitness: 0.6514266666666667
INFO:root:elite fitness: 0.7340933333333334
INFO:root:Generation: 157
INFO:root:pop fitness: 0.6535133333333333
INFO:root:elite fitness: 0.7449066666666667
INFO:root:Generation: 174
INFO:root:pop fitness: 0.6535133333333334
INFO:root:elite fitness: 0.7414266666666667
INFO:root:Generation: 158
INFO:root:pop fitness: 0.6528666666666667
INFO:root:elite fitness: 0.7402933333333334
INFO:root:Generation: 175
INFO:root:pop fitness: 0.6597266666666667
INFO:root:elite fitness: 0.7517333333333333
INFO:root:Generation: 159
INFO:root:pop fitness: 0.65498
INFO:root:elite fitness: 0.7477466666666667
INFO:root:Generation: 176
INFO:root:pop fitness: 0.65612
INFO:root:elite fitness: 0.7491866666666667
INFO:root:Generation: 160
INFO:root:pop fitness: 0.6572466666666666
INFO:root:elite fitness: 0.7442799999999998
INFO:root:Generation: 177
INFO:root:pop fitness: 0.6500733333333333
INFO:root:elite fitness: 0.7339333333333333
INFO:root:Generation: 161
INFO:root:pop fitness: 0.6448933333333332
INFO:root:elite fitness: 0.7469066666666667
INFO:root:Generation: 178
INFO:root:pop fitness: 0.65094
INFO:root:elite fitness: 0.7437600000000001
INFO:root:Generation: 162
INFO:root:pop fitness: 0.6564599999999999
INFO:root:elite fitness: 0.74208
INFO:root:Generation: 179
INFO:root:pop fitness: 0.6458733333333333
INFO:root:elite fitness: 0.72272
INFO:root:Generation: 163
INFO:root:pop fitness: 0.6462266666666666
INFO:root:elite fitness: 0.7444399999999999
INFO:root:Generation: 180
INFO:root:pop fitness: 0.6456666666666666
INFO:root:elite fitness: 0.7363599999999999
INFO:root:Generation: 181
INFO:root:pop fitness: 0.6445
INFO:root:elite fitness: 0.7358666666666667
INFO:root:Generation: 164
INFO:root:pop fitness: 0.6558599999999999
INFO:root:elite fitness: 0.74968
INFO:root:Generation: 182
INFO:root:pop fitness: 0.6438666666666667
INFO:root:elite fitness: 0.7313999999999999
INFO:root:Generation: 165
INFO:root:pop fitness: 0.6515666666666665
INFO:root:elite fitness: 0.7365333333333334
INFO:root:Generation: 183
INFO:root:pop fitness: 0.6590133333333333
INFO:root:elite fitness: 0.75844
INFO:root:Generation: 166
INFO:root:pop fitness: 0.6652733333333333
INFO:root:elite fitness: 0.7543866666666666
INFO:root:Generation: 184
INFO:root:pop fitness: 0.6559333333333335
INFO:root:elite fitness: 0.7391733333333333
INFO:root:Generation: 167
INFO:root:pop fitness: 0.6519266666666667
INFO:root:elite fitness: 0.7318133333333333
INFO:root:Generation: 185
INFO:root:pop fitness: 0.6580933333333333
INFO:root:elite fitness: 0.7500800000000001
INFO:root:Generation: 168
INFO:root:pop fitness: 0.6559400000000001
INFO:root:elite fitness: 0.7585333333333334
INFO:root:Generation: 186
INFO:root:pop fitness: 0.6520266666666666
INFO:root:elite fitness: 0.7494533333333333
INFO:root:Generation: 169
INFO:root:pop fitness: 0.6677466666666667
INFO:root:elite fitness: 0.7415600000000001
INFO:root:Generation: 187
INFO:root:pop fitness: 0.64048
INFO:root:elite fitness: 0.7322266666666667
INFO:root:Generation: 170
INFO:root:pop fitness: 0.6621066666666665
INFO:root:elite fitness: 0.7451866666666667
INFO:root:Generation: 188
INFO:root:pop fitness: 0.6556666666666666
INFO:root:elite fitness: 0.7405733333333333
INFO:root:Generation: 171
INFO:root:pop fitness: 0.6486533333333333
INFO:root:elite fitness: 0.74744
INFO:root:Generation: 189
INFO:root:pop fitness: 0.65728
INFO:root:elite fitness: 0.7440266666666666
INFO:root:Generation: 190
INFO:root:pop fitness: 0.6568333333333334
INFO:root:elite fitness: 0.7333866666666667
INFO:root:Generation: 172
INFO:root:pop fitness: 0.6497466666666666
INFO:root:elite fitness: 0.7382533333333334
INFO:root:Generation: 191
INFO:root:pop fitness: 0.6529466666666666
INFO:root:elite fitness: 0.7579199999999999
INFO:root:Generation: 173
INFO:root:pop fitness: 0.6526933333333333
INFO:root:elite fitness: 0.7667866666666666
INFO:root:Generation: 192
INFO:root:pop fitness: 0.6522333333333333
INFO:root:elite fitness: 0.74332
INFO:root:Generation: 174
INFO:root:pop fitness: 0.6514866666666668
INFO:root:elite fitness: 0.7346533333333333
INFO:root:Generation: 193
INFO:root:pop fitness: 0.65908
INFO:root:elite fitness: 0.7462933333333334
INFO:root:Generation: 175
INFO:root:pop fitness: 0.6501866666666666
INFO:root:elite fitness: 0.7486533333333333
INFO:root:Generation: 194
INFO:root:pop fitness: 0.6606066666666667
INFO:root:elite fitness: 0.7733733333333335
INFO:root:Generation: 176
INFO:root:pop fitness: 0.6662599999999999
INFO:root:elite fitness: 0.7543066666666666
INFO:root:Generation: 195
INFO:root:pop fitness: 0.6595666666666666
INFO:root:elite fitness: 0.7390399999999999
INFO:root:Generation: 177
INFO:root:pop fitness: 0.6558800000000001
INFO:root:elite fitness: 0.7480933333333333
INFO:root:Generation: 196
INFO:root:pop fitness: 0.6509066666666666
INFO:root:elite fitness: 0.7409466666666666
INFO:root:Generation: 178
INFO:root:pop fitness: 0.65714
INFO:root:elite fitness: 0.7512000000000001
INFO:root:Generation: 197
INFO:root:pop fitness: 0.67126
INFO:root:elite fitness: 0.7661600000000001
INFO:root:Generation: 179
INFO:root:pop fitness: 0.6473866666666667
INFO:root:elite fitness: 0.7276266666666668
INFO:root:Generation: 198
INFO:root:pop fitness: 0.66666
INFO:root:elite fitness: 0.7447066666666666
INFO:root:Generation: 180
INFO:root:pop fitness: 0.65784
INFO:root:elite fitness: 0.7377333333333332
INFO:root:Generation: 199
INFO:root:pop fitness: 0.6527266666666666
INFO:root:elite fitness: 0.73084
INFO:root:Generation: 181
INFO:root:pop fitness: 0.6597933333333333
INFO:root:elite fitness: 0.7553333333333332
INFO:root:Generation: 182
INFO:root:pop fitness: 0.6565533333333333
INFO:root:elite fitness: 0.7446133333333332
INFO:root:Generation: 183
INFO:root:pop fitness: 0.6504066666666667
INFO:root:elite fitness: 0.7422799999999999
INFO:root:Generation: 184
INFO:root:pop fitness: 0.6537133333333335
INFO:root:elite fitness: 0.7407199999999999
INFO:root:Generation: 185
INFO:root:pop fitness: 0.6632600000000001
INFO:root:elite fitness: 0.7426666666666667
INFO:root:Generation: 186
INFO:root:pop fitness: 0.6518999999999999
INFO:root:elite fitness: 0.7274533333333335
INFO:root:Generation: 187
INFO:root:pop fitness: 0.6725
INFO:root:elite fitness: 0.7565200000000001
INFO:root:Generation: 188
INFO:root:pop fitness: 0.6549266666666667
INFO:root:elite fitness: 0.7574400000000001
INFO:root:Generation: 189
INFO:root:pop fitness: 0.6652533333333334
INFO:root:elite fitness: 0.7460533333333333
INFO:root:Generation: 190
INFO:root:pop fitness: 0.65448
INFO:root:elite fitness: 0.7416133333333333
INFO:root:Generation: 191
INFO:root:pop fitness: 0.6483
INFO:root:elite fitness: 0.7454933333333336
INFO:root:Generation: 192
INFO:root:pop fitness: 0.6624666666666666
INFO:root:elite fitness: 0.7498533333333331
INFO:root:Generation: 193
INFO:root:pop fitness: 0.6612933333333334
INFO:root:elite fitness: 0.7539333333333332
INFO:root:Generation: 194
INFO:root:pop fitness: 0.6557533333333333
INFO:root:elite fitness: 0.7389066666666667
INFO:root:Generation: 195
INFO:root:pop fitness: 0.6531066666666667
INFO:root:elite fitness: 0.74212
INFO:root:Generation: 196
INFO:root:pop fitness: 0.65562
INFO:root:elite fitness: 0.7550533333333334
INFO:root:Generation: 197
INFO:root:pop fitness: 0.6633800000000001
INFO:root:elite fitness: 0.7533066666666666
INFO:root:Generation: 198
INFO:root:pop fitness: 0.6704
INFO:root:elite fitness: 0.7529333333333333
INFO:root:Generation: 199
INFO:root:pop fitness: 0.65596
INFO:root:elite fitness: 0.73096
