INFO:root:run_master: Namespace(arms='10', hidden='8', layers='1', max_gen='200', message='', mutation_mag='0.01', name='smpl_diffEnv_v1', noise=False, pop_size='100', save_result=True, trials='100')
INFO:root:run_master: Namespace(arms='10', hidden='8', layers='1', max_gen='200', message='', mutation_mag='0.01', name='smpl_diffEnv_v1', noise=True, pop_size='100', save_result=True, trials='100')
INFO:root:Generation: 0
INFO:root:pop fitness: 0.09869000000000001
INFO:root:elite fitness: 0.1119
INFO:root:Generation: 0
INFO:root:pop fitness: 0.10061
INFO:root:elite fitness: 0.11338
INFO:root:Generation: 1
INFO:root:pop fitness: 0.09889999999999997
INFO:root:elite fitness: 0.11192
INFO:root:Generation: 1
INFO:root:pop fitness: 0.10157
INFO:root:elite fitness: 0.11327999999999999
INFO:root:Generation: 2
INFO:root:pop fitness: 0.10027000000000001
INFO:root:elite fitness: 0.11602000000000003
INFO:root:Generation: 3
INFO:root:pop fitness: 0.10156999999999997
INFO:root:elite fitness: 0.12301999999999999
INFO:root:Generation: 2
INFO:root:pop fitness: 0.09847000000000002
INFO:root:elite fitness: 0.11422
INFO:root:Generation: 4
INFO:root:pop fitness: 0.10492999999999998
INFO:root:elite fitness: 0.12936
INFO:root:Generation: 3
INFO:root:pop fitness: 0.09796999999999999
INFO:root:elite fitness: 0.11734
INFO:root:Generation: 4
INFO:root:pop fitness: 0.09968
INFO:root:elite fitness: 0.1133
INFO:root:Generation: 5
INFO:root:pop fitness: 0.10225000000000001
INFO:root:elite fitness: 0.12739999999999999
INFO:root:Generation: 6
INFO:root:pop fitness: 0.10185000000000001
INFO:root:elite fitness: 0.12804
INFO:root:Generation: 5
INFO:root:pop fitness: 0.10343999999999999
INFO:root:elite fitness: 0.12236000000000001
INFO:root:Generation: 7
INFO:root:pop fitness: 0.1027
INFO:root:elite fitness: 0.13784000000000002
INFO:root:Generation: 6
INFO:root:pop fitness: 0.10038000000000002
INFO:root:elite fitness: 0.11992000000000001
INFO:root:Generation: 8
INFO:root:pop fitness: 0.10321999999999999
INFO:root:elite fitness: 0.13332
INFO:root:Generation: 7
INFO:root:pop fitness: 0.10165
INFO:root:elite fitness: 0.12652000000000002
INFO:root:Generation: 9
INFO:root:pop fitness: 0.10274999999999998
INFO:root:elite fitness: 0.13156
INFO:root:Generation: 8
INFO:root:pop fitness: 0.09845999999999998
INFO:root:elite fitness: 0.12142
INFO:root:Generation: 10
INFO:root:pop fitness: 0.10561
INFO:root:elite fitness: 0.13718
INFO:root:Generation: 11
INFO:root:pop fitness: 0.11150000000000002
INFO:root:elite fitness: 0.14995999999999998
INFO:root:Generation: 9
INFO:root:pop fitness: 0.10472
INFO:root:elite fitness: 0.14008
INFO:root:Generation: 12
INFO:root:pop fitness: 0.10858000000000001
INFO:root:elite fitness: 0.15492
INFO:root:Generation: 10
INFO:root:pop fitness: 0.10913
INFO:root:elite fitness: 0.14764000000000002
INFO:root:Generation: 11
INFO:root:pop fitness: 0.10808000000000001
INFO:root:elite fitness: 0.15597999999999998
INFO:root:Generation: 13
INFO:root:pop fitness: 0.10847000000000001
INFO:root:elite fitness: 0.17384000000000005
INFO:root:Generation: 12
INFO:root:pop fitness: 0.11036
INFO:root:elite fitness: 0.14422000000000001
INFO:root:Generation: 14
INFO:root:pop fitness: 0.11867000000000001
INFO:root:elite fitness: 0.18198
INFO:root:Generation: 13
INFO:root:pop fitness: 0.10540000000000002
INFO:root:elite fitness: 0.15352
INFO:root:Generation: 14
INFO:root:pop fitness: 0.11320000000000001
INFO:root:elite fitness: 0.1522
INFO:root:Generation: 15
INFO:root:pop fitness: 0.12418
INFO:root:elite fitness: 0.19488
INFO:root:Generation: 15
INFO:root:pop fitness: 0.11053
INFO:root:elite fitness: 0.16218
INFO:root:Generation: 16
INFO:root:pop fitness: 0.12433
INFO:root:elite fitness: 0.18956000000000003
INFO:root:Generation: 16
INFO:root:pop fitness: 0.11161
INFO:root:elite fitness: 0.17172
INFO:root:Generation: 17
INFO:root:pop fitness: 0.12492
INFO:root:elite fitness: 0.19694
INFO:root:Generation: 17
INFO:root:pop fitness: 0.11751000000000002
INFO:root:elite fitness: 0.20238
INFO:root:Generation: 18
INFO:root:pop fitness: 0.1267
INFO:root:elite fitness: 0.20694
INFO:root:Generation: 19
INFO:root:pop fitness: 0.12491000000000003
INFO:root:elite fitness: 0.20262
INFO:root:Generation: 18
INFO:root:pop fitness: 0.11504000000000002
INFO:root:elite fitness: 0.18868000000000001
INFO:root:Generation: 19
INFO:root:pop fitness: 0.12706
INFO:root:elite fitness: 0.20572
INFO:root:Generation: 20
INFO:root:pop fitness: 0.12900999999999999
INFO:root:elite fitness: 0.19366
INFO:root:Generation: 20
INFO:root:pop fitness: 0.11655999999999998
INFO:root:elite fitness: 0.1858
INFO:root:Generation: 21
INFO:root:pop fitness: 0.12617
INFO:root:elite fitness: 0.2118
INFO:root:Generation: 22
INFO:root:pop fitness: 0.13052999999999998
INFO:root:elite fitness: 0.2088
INFO:root:Generation: 21
INFO:root:pop fitness: 0.11905999999999997
INFO:root:elite fitness: 0.21986
INFO:root:Generation: 23
INFO:root:pop fitness: 0.13252999999999998
INFO:root:elite fitness: 0.20350000000000001
INFO:root:Generation: 22
INFO:root:pop fitness: 0.12032
INFO:root:elite fitness: 0.19184
INFO:root:Generation: 24
INFO:root:pop fitness: 0.13234
INFO:root:elite fitness: 0.20354
INFO:root:Generation: 23
INFO:root:pop fitness: 0.10920999999999999
INFO:root:elite fitness: 0.17948
INFO:root:Generation: 25
INFO:root:pop fitness: 0.12747
INFO:root:elite fitness: 0.19697999999999996
INFO:root:Generation: 24
INFO:root:pop fitness: 0.11659000000000001
INFO:root:elite fitness: 0.17588
INFO:root:Generation: 26
INFO:root:pop fitness: 0.13935999999999998
INFO:root:elite fitness: 0.21308
INFO:root:Generation: 25
INFO:root:pop fitness: 0.11437
INFO:root:elite fitness: 0.17618000000000003
INFO:root:Generation: 26
INFO:root:pop fitness: 0.12023999999999999
INFO:root:elite fitness: 0.19704
INFO:root:Generation: 27
INFO:root:pop fitness: 0.13618
INFO:root:elite fitness: 0.22238
INFO:root:Generation: 27
INFO:root:pop fitness: 0.12932
INFO:root:elite fitness: 0.1993
INFO:root:Generation: 28
INFO:root:pop fitness: 0.13438
INFO:root:elite fitness: 0.2452
INFO:root:Generation: 28
INFO:root:pop fitness: 0.11914999999999999
INFO:root:elite fitness: 0.19372
INFO:root:Generation: 29
INFO:root:pop fitness: 0.14078
INFO:root:elite fitness: 0.23588000000000003
INFO:root:Generation: 29
INFO:root:pop fitness: 0.13235000000000002
INFO:root:elite fitness: 0.21704
INFO:root:Generation: 30
INFO:root:pop fitness: 0.13657000000000002
INFO:root:elite fitness: 0.21348
INFO:root:Generation: 30
INFO:root:pop fitness: 0.13155999999999998
INFO:root:elite fitness: 0.20634
INFO:root:Generation: 31
INFO:root:pop fitness: 0.14425000000000002
INFO:root:elite fitness: 0.22559999999999994
INFO:root:Generation: 31
INFO:root:pop fitness: 0.14096000000000003
INFO:root:elite fitness: 0.22254000000000002
INFO:root:Generation: 32
INFO:root:pop fitness: 0.14337
INFO:root:elite fitness: 0.22510000000000005
INFO:root:Generation: 32
INFO:root:pop fitness: 0.13634000000000002
INFO:root:elite fitness: 0.22754000000000002
INFO:root:Generation: 33
INFO:root:pop fitness: 0.14703
INFO:root:elite fitness: 0.23366000000000003
INFO:root:Generation: 33
INFO:root:pop fitness: 0.14262
INFO:root:elite fitness: 0.23187999999999998
INFO:root:Generation: 34
INFO:root:pop fitness: 0.1405
INFO:root:elite fitness: 0.21660000000000004
INFO:root:Generation: 34
INFO:root:pop fitness: 0.13662999999999997
INFO:root:elite fitness: 0.20512
INFO:root:Generation: 35
INFO:root:pop fitness: 0.13574999999999998
INFO:root:elite fitness: 0.22846
INFO:root:Generation: 35
INFO:root:pop fitness: 0.13791
INFO:root:elite fitness: 0.23168
INFO:root:Generation: 36
INFO:root:pop fitness: 0.12952
INFO:root:elite fitness: 0.21483999999999998
INFO:root:Generation: 36
INFO:root:pop fitness: 0.15377000000000002
INFO:root:elite fitness: 0.23552
INFO:root:Generation: 37
INFO:root:pop fitness: 0.13518999999999998
INFO:root:elite fitness: 0.20126000000000002
INFO:root:Generation: 37
INFO:root:pop fitness: 0.14984999999999998
INFO:root:elite fitness: 0.2594
INFO:root:Generation: 38
INFO:root:pop fitness: 0.13843
INFO:root:elite fitness: 0.24634
INFO:root:Generation: 38
INFO:root:pop fitness: 0.14446
INFO:root:elite fitness: 0.25495999999999996
INFO:root:Generation: 39
INFO:root:pop fitness: 0.13741
INFO:root:elite fitness: 0.22387999999999997
INFO:root:Generation: 39
INFO:root:pop fitness: 0.14473999999999998
INFO:root:elite fitness: 0.23093999999999998
INFO:root:Generation: 40
INFO:root:pop fitness: 0.13924
INFO:root:elite fitness: 0.21025999999999997
INFO:root:Generation: 40
INFO:root:pop fitness: 0.14978
INFO:root:elite fitness: 0.24546000000000004
INFO:root:Generation: 41
INFO:root:pop fitness: 0.15425999999999998
INFO:root:elite fitness: 0.2607
INFO:root:Generation: 41
INFO:root:pop fitness: 0.14465
INFO:root:elite fitness: 0.22578000000000004
INFO:root:Generation: 42
INFO:root:pop fitness: 0.14623
INFO:root:elite fitness: 0.23070000000000002
INFO:root:Generation: 42
INFO:root:pop fitness: 0.13875
INFO:root:elite fitness: 0.22699999999999998
INFO:root:Generation: 43
INFO:root:pop fitness: 0.16150000000000003
INFO:root:elite fitness: 0.2534
INFO:root:Generation: 43
INFO:root:pop fitness: 0.13751
INFO:root:elite fitness: 0.23436000000000004
INFO:root:Generation: 44
INFO:root:pop fitness: 0.14459
INFO:root:elite fitness: 0.24280000000000002
INFO:root:Generation: 44
INFO:root:pop fitness: 0.14112
INFO:root:elite fitness: 0.25402
INFO:root:Generation: 45
INFO:root:pop fitness: 0.14661
INFO:root:elite fitness: 0.26142
INFO:root:Generation: 45
INFO:root:pop fitness: 0.15068000000000004
INFO:root:elite fitness: 0.24376
INFO:root:Generation: 46
INFO:root:pop fitness: 0.13895
INFO:root:elite fitness: 0.26188
INFO:root:Generation: 46
INFO:root:pop fitness: 0.14926
INFO:root:elite fitness: 0.237
INFO:root:Generation: 47
INFO:root:pop fitness: 0.14214000000000002
INFO:root:elite fitness: 0.24266
INFO:root:Generation: 47
INFO:root:pop fitness: 0.15111999999999998
INFO:root:elite fitness: 0.24852
INFO:root:Generation: 48
INFO:root:pop fitness: 0.1452
INFO:root:elite fitness: 0.25949999999999995
INFO:root:Generation: 49
INFO:root:pop fitness: 0.14891000000000001
INFO:root:elite fitness: 0.24470000000000003
INFO:root:Generation: 48
INFO:root:pop fitness: 0.14544
INFO:root:elite fitness: 0.24804000000000007
INFO:root:Generation: 50
INFO:root:pop fitness: 0.15937
INFO:root:elite fitness: 0.25568
INFO:root:Generation: 49
INFO:root:pop fitness: 0.14776
INFO:root:elite fitness: 0.22942
INFO:root:Generation: 51
INFO:root:pop fitness: 0.14759999999999998
INFO:root:elite fitness: 0.24036000000000002
INFO:root:Generation: 50
INFO:root:pop fitness: 0.15067
INFO:root:elite fitness: 0.22899999999999998
INFO:root:Generation: 52
INFO:root:pop fitness: 0.15613
INFO:root:elite fitness: 0.25921999999999995
INFO:root:Generation: 51
INFO:root:pop fitness: 0.15336
INFO:root:elite fitness: 0.22810000000000002
INFO:root:Generation: 53
INFO:root:pop fitness: 0.14965
INFO:root:elite fitness: 0.24208
INFO:root:Generation: 52
INFO:root:pop fitness: 0.15171999999999997
INFO:root:elite fitness: 0.25754
INFO:root:Generation: 54
INFO:root:pop fitness: 0.15543
INFO:root:elite fitness: 0.25476
INFO:root:Generation: 53
INFO:root:pop fitness: 0.15028999999999998
INFO:root:elite fitness: 0.24084
INFO:root:Generation: 55
INFO:root:pop fitness: 0.14984000000000003
INFO:root:elite fitness: 0.24229999999999996
INFO:root:Generation: 54
INFO:root:pop fitness: 0.14472000000000002
INFO:root:elite fitness: 0.24096
INFO:root:Generation: 56
INFO:root:pop fitness: 0.15449000000000002
INFO:root:elite fitness: 0.26994
INFO:root:Generation: 55
INFO:root:pop fitness: 0.15073
INFO:root:elite fitness: 0.23906000000000005
INFO:root:Generation: 57
INFO:root:pop fitness: 0.15749
INFO:root:elite fitness: 0.25316
INFO:root:Generation: 56
INFO:root:pop fitness: 0.15466
INFO:root:elite fitness: 0.2559
INFO:root:Generation: 58
INFO:root:pop fitness: 0.14951
INFO:root:elite fitness: 0.2458
INFO:root:Generation: 59
INFO:root:pop fitness: 0.15664
INFO:root:elite fitness: 0.25338
INFO:root:Generation: 57
INFO:root:pop fitness: 0.15944
INFO:root:elite fitness: 0.25596
INFO:root:Generation: 60
INFO:root:pop fitness: 0.14135999999999999
INFO:root:elite fitness: 0.2611
INFO:root:Generation: 58
INFO:root:pop fitness: 0.16433
INFO:root:elite fitness: 0.27959999999999996
INFO:root:Generation: 59
INFO:root:pop fitness: 0.15399000000000002
INFO:root:elite fitness: 0.25738
INFO:root:Generation: 61
INFO:root:pop fitness: 0.15242
INFO:root:elite fitness: 0.25778
INFO:root:Generation: 60
INFO:root:pop fitness: 0.14615999999999998
INFO:root:elite fitness: 0.2498
INFO:root:Generation: 62
INFO:root:pop fitness: 0.15394000000000002
INFO:root:elite fitness: 0.25928
INFO:root:Generation: 61
INFO:root:pop fitness: 0.16528
INFO:root:elite fitness: 0.25466
INFO:root:Generation: 63
INFO:root:pop fitness: 0.15584
INFO:root:elite fitness: 0.2748
INFO:root:Generation: 62
INFO:root:pop fitness: 0.14658
INFO:root:elite fitness: 0.23486
INFO:root:Generation: 64
INFO:root:pop fitness: 0.15691
INFO:root:elite fitness: 0.24784000000000003
INFO:root:Generation: 63
INFO:root:pop fitness: 0.14812
INFO:root:elite fitness: 0.24256
INFO:root:Generation: 64
INFO:root:pop fitness: 0.15991
INFO:root:elite fitness: 0.24402000000000001
INFO:root:Generation: 65
INFO:root:pop fitness: 0.15463000000000002
INFO:root:elite fitness: 0.26668
INFO:root:Generation: 65
INFO:root:pop fitness: 0.14634
INFO:root:elite fitness: 0.23022000000000006
INFO:root:Generation: 66
INFO:root:pop fitness: 0.16551000000000002
INFO:root:elite fitness: 0.2536
INFO:root:Generation: 66
INFO:root:pop fitness: 0.15664
INFO:root:elite fitness: 0.26266
INFO:root:Generation: 67
INFO:root:pop fitness: 0.15816
INFO:root:elite fitness: 0.25616000000000005
INFO:root:Generation: 67
INFO:root:pop fitness: 0.16575000000000004
INFO:root:elite fitness: 0.26962
INFO:root:Generation: 68
INFO:root:pop fitness: 0.15618
INFO:root:elite fitness: 0.23914000000000002
INFO:root:Generation: 68
INFO:root:pop fitness: 0.15533999999999998
INFO:root:elite fitness: 0.26964
INFO:root:Generation: 69
INFO:root:pop fitness: 0.15717
INFO:root:elite fitness: 0.2501
INFO:root:Generation: 69
INFO:root:pop fitness: 0.15188999999999997
INFO:root:elite fitness: 0.23314000000000004
INFO:root:Generation: 70
INFO:root:pop fitness: 0.15679999999999997
INFO:root:elite fitness: 0.23385999999999998
INFO:root:Generation: 70
INFO:root:pop fitness: 0.17476000000000003
INFO:root:elite fitness: 0.27428
INFO:root:Generation: 71
INFO:root:pop fitness: 0.15904000000000001
INFO:root:elite fitness: 0.26842000000000005
INFO:root:Generation: 71
INFO:root:pop fitness: 0.17000000000000004
INFO:root:elite fitness: 0.26890000000000003
INFO:root:Generation: 72
INFO:root:pop fitness: 0.16170000000000007
INFO:root:elite fitness: 0.26566
INFO:root:Generation: 72
INFO:root:pop fitness: 0.14989
INFO:root:elite fitness: 0.24545999999999998
INFO:root:Generation: 73
INFO:root:pop fitness: 0.1579
INFO:root:elite fitness: 0.25798
INFO:root:Generation: 73
INFO:root:pop fitness: 0.16253000000000004
INFO:root:elite fitness: 0.27596
INFO:root:Generation: 74
INFO:root:pop fitness: 0.16687000000000002
INFO:root:elite fitness: 0.27159999999999995
INFO:root:Generation: 74
INFO:root:pop fitness: 0.16838999999999998
INFO:root:elite fitness: 0.27862000000000003
INFO:root:Generation: 75
INFO:root:pop fitness: 0.16215000000000004
INFO:root:elite fitness: 0.25762
INFO:root:Generation: 75
INFO:root:pop fitness: 0.15833000000000003
INFO:root:elite fitness: 0.2581
INFO:root:Generation: 76
INFO:root:pop fitness: 0.15872999999999998
INFO:root:elite fitness: 0.27205999999999997
INFO:root:Generation: 76
INFO:root:pop fitness: 0.16219
INFO:root:elite fitness: 0.25671999999999995
INFO:root:Generation: 77
INFO:root:pop fitness: 0.16447000000000006
INFO:root:elite fitness: 0.27908
INFO:root:Generation: 77
INFO:root:pop fitness: 0.16591
INFO:root:elite fitness: 0.27172
INFO:root:Generation: 78
INFO:root:pop fitness: 0.15484
INFO:root:elite fitness: 0.27577999999999997
INFO:root:Generation: 78
INFO:root:pop fitness: 0.16386
INFO:root:elite fitness: 0.26392
INFO:root:Generation: 79
INFO:root:pop fitness: 0.15864
INFO:root:elite fitness: 0.25788
INFO:root:Generation: 79
INFO:root:pop fitness: 0.16285
INFO:root:elite fitness: 0.24931999999999999
INFO:root:Generation: 80
INFO:root:pop fitness: 0.16262999999999997
INFO:root:elite fitness: 0.27042
INFO:root:Generation: 80
INFO:root:pop fitness: 0.16535
INFO:root:elite fitness: 0.2791
INFO:root:Generation: 81
INFO:root:pop fitness: 0.15913
INFO:root:elite fitness: 0.27441999999999994
INFO:root:Generation: 81
INFO:root:pop fitness: 0.16871000000000003
INFO:root:elite fitness: 0.26986
INFO:root:Generation: 82
INFO:root:pop fitness: 0.17493999999999998
INFO:root:elite fitness: 0.27085999999999993
INFO:root:Generation: 82
INFO:root:pop fitness: 0.15801
INFO:root:elite fitness: 0.25438000000000005
INFO:root:Generation: 83
INFO:root:pop fitness: 0.15822
INFO:root:elite fitness: 0.27
INFO:root:Generation: 83
INFO:root:pop fitness: 0.15177000000000002
INFO:root:elite fitness: 0.25476
INFO:root:Generation: 84
INFO:root:pop fitness: 0.16737000000000002
INFO:root:elite fitness: 0.28658
INFO:root:Generation: 84
INFO:root:pop fitness: 0.16213
INFO:root:elite fitness: 0.26456
INFO:root:Generation: 85
INFO:root:pop fitness: 0.16133000000000003
INFO:root:elite fitness: 0.26316
INFO:root:Generation: 85
INFO:root:pop fitness: 0.1558
INFO:root:elite fitness: 0.26448
INFO:root:Generation: 86
INFO:root:pop fitness: 0.16368000000000002
INFO:root:elite fitness: 0.27498
INFO:root:Generation: 86
INFO:root:pop fitness: 0.16757000000000002
INFO:root:elite fitness: 0.27124
INFO:root:Generation: 87
INFO:root:pop fitness: 0.16253
INFO:root:elite fitness: 0.25816
INFO:root:Generation: 87
INFO:root:pop fitness: 0.1631
INFO:root:elite fitness: 0.28204
INFO:root:Generation: 88
INFO:root:pop fitness: 0.15692
INFO:root:elite fitness: 0.25922000000000006
INFO:root:Generation: 88
INFO:root:pop fitness: 0.16177
INFO:root:elite fitness: 0.2682
INFO:root:Generation: 89
INFO:root:pop fitness: 0.16211000000000003
INFO:root:elite fitness: 0.27674
INFO:root:Generation: 89
INFO:root:pop fitness: 0.17393999999999998
INFO:root:elite fitness: 0.2779
INFO:root:Generation: 90
INFO:root:pop fitness: 0.16870000000000004
INFO:root:elite fitness: 0.29062
INFO:root:Generation: 91
INFO:root:pop fitness: 0.15608
INFO:root:elite fitness: 0.28282
INFO:root:Generation: 90
INFO:root:pop fitness: 0.16455999999999998
INFO:root:elite fitness: 0.26486
INFO:root:Generation: 92
INFO:root:pop fitness: 0.16897
INFO:root:elite fitness: 0.2672
INFO:root:Generation: 91
INFO:root:pop fitness: 0.16570999999999997
INFO:root:elite fitness: 0.28142
INFO:root:Generation: 92
INFO:root:pop fitness: 0.16665
INFO:root:elite fitness: 0.26502
INFO:root:Generation: 93
INFO:root:pop fitness: 0.17087
INFO:root:elite fitness: 0.30996
INFO:root:Generation: 94
INFO:root:pop fitness: 0.16695999999999997
INFO:root:elite fitness: 0.28525999999999996
INFO:root:Generation: 93
INFO:root:pop fitness: 0.16208000000000003
INFO:root:elite fitness: 0.26924
INFO:root:Generation: 94
INFO:root:pop fitness: 0.16048
INFO:root:elite fitness: 0.26832000000000006
INFO:root:Generation: 95
INFO:root:pop fitness: 0.17169
INFO:root:elite fitness: 0.27666
INFO:root:Generation: 95
INFO:root:pop fitness: 0.15830000000000002
INFO:root:elite fitness: 0.26471999999999996
INFO:root:Generation: 96
INFO:root:pop fitness: 0.15586000000000003
INFO:root:elite fitness: 0.26245999999999997
INFO:root:Generation: 96
INFO:root:pop fitness: 0.16421
INFO:root:elite fitness: 0.30474
INFO:root:Generation: 97
INFO:root:pop fitness: 0.16007
INFO:root:elite fitness: 0.29036
INFO:root:Generation: 98
INFO:root:pop fitness: 0.17809
INFO:root:elite fitness: 0.28897999999999996
INFO:root:Generation: 97
INFO:root:pop fitness: 0.15136
INFO:root:elite fitness: 0.2745
INFO:root:Generation: 99
INFO:root:pop fitness: 0.16844000000000003
INFO:root:elite fitness: 0.2887
INFO:root:Generation: 98
INFO:root:pop fitness: 0.16142
INFO:root:elite fitness: 0.2620199999999999
INFO:root:Generation: 99
INFO:root:pop fitness: 0.15567999999999999
INFO:root:elite fitness: 0.27327999999999997
INFO:root:Generation: 100
INFO:root:pop fitness: 0.16243000000000002
INFO:root:elite fitness: 0.28802000000000005
INFO:root:Generation: 100
INFO:root:pop fitness: 0.16391999999999998
INFO:root:elite fitness: 0.28132
INFO:root:Generation: 101
INFO:root:pop fitness: 0.16694000000000003
INFO:root:elite fitness: 0.27698
INFO:root:Generation: 102
INFO:root:pop fitness: 0.16425
INFO:root:elite fitness: 0.30226000000000003
INFO:root:Generation: 101
INFO:root:pop fitness: 0.16229000000000002
INFO:root:elite fitness: 0.26736
INFO:root:Generation: 102
INFO:root:pop fitness: 0.17201000000000005
INFO:root:elite fitness: 0.29424
INFO:root:Generation: 103
INFO:root:pop fitness: 0.17223000000000002
INFO:root:elite fitness: 0.27902
INFO:root:Generation: 103
INFO:root:pop fitness: 0.15966000000000002
INFO:root:elite fitness: 0.27526
INFO:root:Generation: 104
INFO:root:pop fitness: 0.16459
INFO:root:elite fitness: 0.28302
INFO:root:Generation: 105
INFO:root:pop fitness: 0.15366000000000002
INFO:root:elite fitness: 0.25083999999999995
INFO:root:Generation: 104
INFO:root:pop fitness: 0.16835
INFO:root:elite fitness: 0.29782
INFO:root:Generation: 106
INFO:root:pop fitness: 0.18307
INFO:root:elite fitness: 0.30616000000000004
INFO:root:Generation: 105
INFO:root:pop fitness: 0.16294999999999998
INFO:root:elite fitness: 0.27082
INFO:root:Generation: 106
INFO:root:pop fitness: 0.16690000000000002
INFO:root:elite fitness: 0.31376000000000004
INFO:root:Generation: 107
INFO:root:pop fitness: 0.16885000000000003
INFO:root:elite fitness: 0.30938000000000004
INFO:root:Generation: 108
INFO:root:pop fitness: 0.17584000000000002
INFO:root:elite fitness: 0.27566
INFO:root:Generation: 107
INFO:root:pop fitness: 0.16463999999999998
INFO:root:elite fitness: 0.28337999999999997
INFO:root:Generation: 109
INFO:root:pop fitness: 0.16140000000000002
INFO:root:elite fitness: 0.26314
INFO:root:Generation: 108
INFO:root:pop fitness: 0.17097000000000004
INFO:root:elite fitness: 0.2928
INFO:root:Generation: 110
INFO:root:pop fitness: 0.16614000000000004
INFO:root:elite fitness: 0.29332
INFO:root:run_master: Namespace(arms='10', hidden='8', layers='1', max_gen='200', message='', mutation_mag='0.01', name='smpl_diffEnv_v1', noise=False, pop_size='100', save_result=True, trials='100')
INFO:root:run_master: Namespace(arms='10', hidden='8', layers='1', max_gen='200', message='', mutation_mag='0.01', name='smpl_diffEnv_v1', noise=True, pop_size='100', save_result=True, trials='100')
INFO:root:Generation: 0
INFO:root:pop fitness: 0.09782
INFO:root:elite fitness: 0.11013999999999999
INFO:root:Generation: 109
INFO:root:pop fitness: 0.17151000000000002
INFO:root:elite fitness: 0.30124
INFO:root:Generation: 0
INFO:root:pop fitness: 0.09949999999999999
INFO:root:elite fitness: 0.11381999999999999
INFO:root:Generation: 111
INFO:root:pop fitness: 0.16654000000000002
INFO:root:elite fitness: 0.28136000000000005
INFO:root:Generation: 1
INFO:root:pop fitness: 0.09963999999999999
INFO:root:elite fitness: 0.11698
INFO:root:Generation: 110
INFO:root:pop fitness: 0.17370999999999998
INFO:root:elite fitness: 0.29696
INFO:root:Generation: 1
INFO:root:pop fitness: 0.09807
INFO:root:elite fitness: 0.11634
INFO:root:Generation: 2
INFO:root:pop fitness: 0.10049000000000002
INFO:root:elite fitness: 0.12186
INFO:root:Generation: 111
INFO:root:pop fitness: 0.1649
INFO:root:elite fitness: 0.27926
INFO:root:Generation: 2
INFO:root:pop fitness: 0.10017000000000004
INFO:root:elite fitness: 0.11896
INFO:root:Generation: 112
INFO:root:pop fitness: 0.16657
INFO:root:elite fitness: 0.28944
INFO:root:Generation: 3
INFO:root:pop fitness: 0.10207
INFO:root:elite fitness: 0.11762
INFO:root:Generation: 3
INFO:root:pop fitness: 0.09984999999999998
INFO:root:elite fitness: 0.12023999999999999
INFO:root:Generation: 112
INFO:root:pop fitness: 0.16202000000000005
INFO:root:elite fitness: 0.27728
INFO:root:Generation: 4
INFO:root:pop fitness: 0.10313999999999998
INFO:root:elite fitness: 0.12177999999999997
INFO:root:Generation: 113
INFO:root:pop fitness: 0.16827999999999999
INFO:root:elite fitness: 0.28485999999999995
INFO:root:Generation: 4
INFO:root:pop fitness: 0.10189999999999999
INFO:root:elite fitness: 0.11882
INFO:root:Generation: 113
INFO:root:pop fitness: 0.17452
INFO:root:elite fitness: 0.31351999999999997
INFO:root:Generation: 5
INFO:root:pop fitness: 0.10205000000000002
INFO:root:elite fitness: 0.12614
INFO:root:Generation: 114
INFO:root:pop fitness: 0.16665
INFO:root:elite fitness: 0.30574
INFO:root:Generation: 5
INFO:root:pop fitness: 0.09618999999999998
INFO:root:elite fitness: 0.11599999999999999
INFO:root:Generation: 6
INFO:root:pop fitness: 0.10190000000000002
INFO:root:elite fitness: 0.12508
INFO:root:Generation: 114
INFO:root:pop fitness: 0.16876999999999998
INFO:root:elite fitness: 0.28092
INFO:root:Generation: 115
INFO:root:pop fitness: 0.16872999999999996
INFO:root:elite fitness: 0.30247999999999997
INFO:root:Generation: 7
INFO:root:pop fitness: 0.10411000000000001
INFO:root:elite fitness: 0.13887999999999998
INFO:root:Generation: 115
INFO:root:pop fitness: 0.16404999999999997
INFO:root:elite fitness: 0.29884
INFO:root:Generation: 6
INFO:root:pop fitness: 0.10534000000000003
INFO:root:elite fitness: 0.1303
INFO:root:Generation: 116
INFO:root:pop fitness: 0.16229
INFO:root:elite fitness: 0.27442000000000005
INFO:root:Generation: 8
INFO:root:pop fitness: 0.10060000000000001
INFO:root:elite fitness: 0.13096
INFO:root:Generation: 116
INFO:root:pop fitness: 0.17321
INFO:root:elite fitness: 0.28808
INFO:root:Generation: 7
INFO:root:pop fitness: 0.09768
INFO:root:elite fitness: 0.13116000000000003
INFO:root:Generation: 117
INFO:root:pop fitness: 0.17556000000000002
INFO:root:elite fitness: 0.28078
INFO:root:Generation: 117
INFO:root:pop fitness: 0.16460999999999998
INFO:root:elite fitness: 0.30488000000000004
INFO:root:Generation: 9
INFO:root:pop fitness: 0.10205
INFO:root:elite fitness: 0.14418
INFO:root:Generation: 8
INFO:root:pop fitness: 0.10478000000000001
INFO:root:elite fitness: 0.13540000000000002
INFO:root:Generation: 118
INFO:root:pop fitness: 0.17597000000000002
INFO:root:elite fitness: 0.28912
INFO:root:Generation: 118
INFO:root:pop fitness: 0.17275
INFO:root:elite fitness: 0.28724
INFO:root:Generation: 10
INFO:root:pop fitness: 0.10983999999999998
INFO:root:elite fitness: 0.14946
INFO:root:Generation: 119
INFO:root:pop fitness: 0.17085000000000006
INFO:root:elite fitness: 0.29388000000000003
INFO:root:Generation: 9
INFO:root:pop fitness: 0.10825000000000001
INFO:root:elite fitness: 0.14538
INFO:root:Generation: 11
INFO:root:pop fitness: 0.10110999999999999
INFO:root:elite fitness: 0.13898
INFO:root:Generation: 120
INFO:root:pop fitness: 0.16342
INFO:root:elite fitness: 0.28795999999999994
INFO:root:Generation: 10
INFO:root:pop fitness: 0.10947999999999998
INFO:root:elite fitness: 0.15070000000000003
INFO:root:Generation: 119
INFO:root:pop fitness: 0.17443000000000006
INFO:root:elite fitness: 0.28774
INFO:root:Generation: 121
INFO:root:pop fitness: 0.16604999999999998
INFO:root:elite fitness: 0.28728
INFO:root:Generation: 12
INFO:root:pop fitness: 0.10435
INFO:root:elite fitness: 0.13858
INFO:root:Generation: 11
INFO:root:pop fitness: 0.10348999999999998
INFO:root:elite fitness: 0.15456
INFO:root:Generation: 122
INFO:root:pop fitness: 0.16005
INFO:root:elite fitness: 0.2668
INFO:root:Generation: 13
INFO:root:pop fitness: 0.10851000000000001
INFO:root:elite fitness: 0.15730000000000002
INFO:root:Generation: 123
INFO:root:pop fitness: 0.17579999999999998
INFO:root:elite fitness: 0.3299
INFO:root:Generation: 12
INFO:root:pop fitness: 0.10669
INFO:root:elite fitness: 0.15482
INFO:root:Generation: 120
INFO:root:pop fitness: 0.17282999999999998
INFO:root:elite fitness: 0.30094
INFO:root:Generation: 14
INFO:root:pop fitness: 0.10502
INFO:root:elite fitness: 0.1512
INFO:root:Generation: 124
INFO:root:pop fitness: 0.17353000000000002
INFO:root:elite fitness: 0.3089
INFO:root:Generation: 121
INFO:root:pop fitness: 0.1716
INFO:root:elite fitness: 0.29382
INFO:root:Generation: 13
INFO:root:pop fitness: 0.10981
INFO:root:elite fitness: 0.15546
INFO:root:Generation: 125
INFO:root:pop fitness: 0.1691
INFO:root:elite fitness: 0.26552000000000003
INFO:root:Generation: 15
INFO:root:pop fitness: 0.11394
INFO:root:elite fitness: 0.16209999999999997
INFO:root:Generation: 122
INFO:root:pop fitness: 0.16909000000000002
INFO:root:elite fitness: 0.28852000000000005
INFO:root:Generation: 14
INFO:root:pop fitness: 0.11013000000000002
INFO:root:elite fitness: 0.15472
INFO:root:Generation: 126
INFO:root:pop fitness: 0.17348
INFO:root:elite fitness: 0.321
INFO:root:Generation: 16
INFO:root:pop fitness: 0.10788999999999999
INFO:root:elite fitness: 0.16424
INFO:root:Generation: 123
INFO:root:pop fitness: 0.17031999999999997
INFO:root:elite fitness: 0.29225999999999996
INFO:root:Generation: 127
INFO:root:pop fitness: 0.1753
INFO:root:elite fitness: 0.30112
INFO:root:Generation: 15
INFO:root:pop fitness: 0.10643000000000001
INFO:root:elite fitness: 0.15052000000000001
INFO:root:Generation: 17
INFO:root:pop fitness: 0.11279000000000002
INFO:root:elite fitness: 0.17187999999999998
INFO:root:Generation: 124
INFO:root:pop fitness: 0.16884000000000005
INFO:root:elite fitness: 0.27544
INFO:root:Generation: 18
INFO:root:pop fitness: 0.11864
INFO:root:elite fitness: 0.18666
INFO:root:Generation: 16
INFO:root:pop fitness: 0.11037
INFO:root:elite fitness: 0.14889999999999998
INFO:root:Generation: 125
INFO:root:pop fitness: 0.17463000000000004
INFO:root:elite fitness: 0.29072
INFO:root:Generation: 19
INFO:root:pop fitness: 0.11005
INFO:root:elite fitness: 0.16554
INFO:root:Generation: 126
INFO:root:pop fitness: 0.16982999999999998
INFO:root:elite fitness: 0.28048
INFO:root:Generation: 17
INFO:root:pop fitness: 0.10247
INFO:root:elite fitness: 0.15676
INFO:root:Generation: 128
INFO:root:pop fitness: 0.16381999999999997
INFO:root:elite fitness: 0.28048
INFO:root:Generation: 20
INFO:root:pop fitness: 0.11917000000000001
INFO:root:elite fitness: 0.18732
INFO:root:Generation: 127
INFO:root:pop fitness: 0.17651
INFO:root:elite fitness: 0.31716
INFO:root:Generation: 18
INFO:root:pop fitness: 0.10510000000000001
INFO:root:elite fitness: 0.15266
INFO:root:Generation: 129
INFO:root:pop fitness: 0.16676000000000002
INFO:root:elite fitness: 0.32671999999999995
INFO:root:Generation: 21
INFO:root:pop fitness: 0.10812
INFO:root:elite fitness: 0.17436
INFO:root:Generation: 128
INFO:root:pop fitness: 0.16437000000000002
INFO:root:elite fitness: 0.26964
INFO:root:Generation: 130
INFO:root:pop fitness: 0.17315999999999995
INFO:root:elite fitness: 0.29908
INFO:root:Generation: 19
INFO:root:pop fitness: 0.10688
INFO:root:elite fitness: 0.16014
INFO:root:Generation: 22
INFO:root:pop fitness: 0.11713999999999998
INFO:root:elite fitness: 0.18252
INFO:root:Generation: 131
INFO:root:pop fitness: 0.17151
INFO:root:elite fitness: 0.32809999999999995
INFO:root:Generation: 20
INFO:root:pop fitness: 0.11020999999999999
INFO:root:elite fitness: 0.17162
INFO:root:Generation: 129
INFO:root:pop fitness: 0.1754
INFO:root:elite fitness: 0.30842
INFO:root:Generation: 23
INFO:root:pop fitness: 0.11996000000000002
INFO:root:elite fitness: 0.18058
INFO:root:Generation: 132
INFO:root:pop fitness: 0.16913
INFO:root:elite fitness: 0.28581999999999996
INFO:root:Generation: 21
INFO:root:pop fitness: 0.11475000000000002
INFO:root:elite fitness: 0.16645999999999997
INFO:root:Generation: 130
INFO:root:pop fitness: 0.17387
INFO:root:elite fitness: 0.30982000000000004
INFO:root:Generation: 24
INFO:root:pop fitness: 0.12827
INFO:root:elite fitness: 0.19808
INFO:root:Generation: 133
INFO:root:pop fitness: 0.17874999999999994
INFO:root:elite fitness: 0.32317999999999997
INFO:root:Generation: 131
INFO:root:pop fitness: 0.17192
INFO:root:elite fitness: 0.3154
INFO:root:Generation: 22
INFO:root:pop fitness: 0.10879
INFO:root:elite fitness: 0.16582
INFO:root:Generation: 25
INFO:root:pop fitness: 0.12078
INFO:root:elite fitness: 0.19
INFO:root:Generation: 134
INFO:root:pop fitness: 0.17788
INFO:root:elite fitness: 0.31912
INFO:root:Generation: 132
INFO:root:pop fitness: 0.17970000000000005
INFO:root:elite fitness: 0.299
INFO:root:Generation: 26
INFO:root:pop fitness: 0.12911999999999998
INFO:root:elite fitness: 0.20433999999999997
INFO:root:Generation: 23
INFO:root:pop fitness: 0.11304
INFO:root:elite fitness: 0.1834
INFO:root:Generation: 135
INFO:root:pop fitness: 0.18676000000000006
INFO:root:elite fitness: 0.31082
INFO:root:Generation: 133
INFO:root:pop fitness: 0.17986000000000002
INFO:root:elite fitness: 0.30388
INFO:root:Generation: 27
INFO:root:pop fitness: 0.14024
INFO:root:elite fitness: 0.20982000000000003
INFO:root:Generation: 24
INFO:root:pop fitness: 0.12076
INFO:root:elite fitness: 0.19147999999999998
INFO:root:Generation: 136
INFO:root:pop fitness: 0.17168000000000005
INFO:root:elite fitness: 0.3351199999999999
INFO:root:Generation: 28
INFO:root:pop fitness: 0.13562000000000002
INFO:root:elite fitness: 0.21914
INFO:root:Generation: 134
INFO:root:pop fitness: 0.17298000000000002
INFO:root:elite fitness: 0.29607999999999995
INFO:root:Generation: 25
INFO:root:pop fitness: 0.11191999999999998
INFO:root:elite fitness: 0.18488
INFO:root:Generation: 137
INFO:root:pop fitness: 0.16805000000000003
INFO:root:elite fitness: 0.30652
INFO:root:Generation: 29
INFO:root:pop fitness: 0.1323
INFO:root:elite fitness: 0.19856000000000001
INFO:root:Generation: 135
INFO:root:pop fitness: 0.17981000000000003
INFO:root:elite fitness: 0.29732
INFO:root:Generation: 26
INFO:root:pop fitness: 0.11648000000000001
INFO:root:elite fitness: 0.19242
INFO:root:Generation: 138
INFO:root:pop fitness: 0.18138999999999997
INFO:root:elite fitness: 0.31692
INFO:root:Generation: 30
INFO:root:pop fitness: 0.13031
INFO:root:elite fitness: 0.22034000000000004
INFO:root:Generation: 139
INFO:root:pop fitness: 0.18462000000000003
INFO:root:elite fitness: 0.33240000000000003
INFO:root:Generation: 136
INFO:root:pop fitness: 0.17731999999999995
INFO:root:elite fitness: 0.29058
INFO:root:Generation: 27
INFO:root:pop fitness: 0.11220000000000001
INFO:root:elite fitness: 0.18491999999999997
INFO:root:Generation: 31
INFO:root:pop fitness: 0.13333
INFO:root:elite fitness: 0.22236
INFO:root:Generation: 137
INFO:root:pop fitness: 0.17514000000000002
INFO:root:elite fitness: 0.2938
INFO:root:Generation: 28
INFO:root:pop fitness: 0.12463
INFO:root:elite fitness: 0.20720000000000002
INFO:root:Generation: 32
INFO:root:pop fitness: 0.13469
INFO:root:elite fitness: 0.25518
INFO:root:Generation: 140
INFO:root:pop fitness: 0.17558999999999997
INFO:root:elite fitness: 0.30641999999999997
INFO:root:Generation: 33
INFO:root:pop fitness: 0.14006
INFO:root:elite fitness: 0.24062
INFO:root:Generation: 29
INFO:root:pop fitness: 0.12703
INFO:root:elite fitness: 0.21001999999999998
INFO:root:Generation: 141
INFO:root:pop fitness: 0.16933
INFO:root:elite fitness: 0.29088
INFO:root:Generation: 138
INFO:root:pop fitness: 0.17687999999999998
INFO:root:elite fitness: 0.29961999999999994
INFO:root:Generation: 30
INFO:root:pop fitness: 0.12739
INFO:root:elite fitness: 0.19210000000000002
INFO:root:Generation: 142
INFO:root:pop fitness: 0.18045999999999998
INFO:root:elite fitness: 0.3093
INFO:root:Generation: 34
INFO:root:pop fitness: 0.13278
INFO:root:elite fitness: 0.22544000000000003
INFO:root:Generation: 139
INFO:root:pop fitness: 0.1751
INFO:root:elite fitness: 0.31078
INFO:root:Generation: 143
INFO:root:pop fitness: 0.16779999999999998
INFO:root:elite fitness: 0.28503999999999996
INFO:root:Generation: 35
INFO:root:pop fitness: 0.13886000000000004
INFO:root:elite fitness: 0.22921999999999998
INFO:root:Generation: 31
INFO:root:pop fitness: 0.11441000000000003
INFO:root:elite fitness: 0.20012
INFO:root:Generation: 140
INFO:root:pop fitness: 0.17315000000000003
INFO:root:elite fitness: 0.30443999999999993
INFO:root:Generation: 36
INFO:root:pop fitness: 0.13995000000000002
INFO:root:elite fitness: 0.21442
INFO:root:Generation: 32
INFO:root:pop fitness: 0.12924000000000002
INFO:root:elite fitness: 0.21824000000000002
INFO:root:Generation: 144
INFO:root:pop fitness: 0.17561999999999997
INFO:root:elite fitness: 0.2919
INFO:root:Generation: 37
INFO:root:pop fitness: 0.13663999999999998
INFO:root:elite fitness: 0.23557999999999993
INFO:root:Generation: 141
INFO:root:pop fitness: 0.17325
INFO:root:elite fitness: 0.29704
INFO:root:Generation: 145
INFO:root:pop fitness: 0.17361000000000001
INFO:root:elite fitness: 0.30142
INFO:root:Generation: 33
INFO:root:pop fitness: 0.12367
INFO:root:elite fitness: 0.19304
INFO:root:Generation: 38
INFO:root:pop fitness: 0.1331
INFO:root:elite fitness: 0.22562
INFO:root:Generation: 142
INFO:root:pop fitness: 0.18203000000000003
INFO:root:elite fitness: 0.29768
INFO:root:Generation: 146
INFO:root:pop fitness: 0.17489000000000002
INFO:root:elite fitness: 0.30276000000000003
INFO:root:Generation: 34
INFO:root:pop fitness: 0.12291000000000002
INFO:root:elite fitness: 0.18661999999999998
INFO:root:Generation: 143
INFO:root:pop fitness: 0.17697
INFO:root:elite fitness: 0.30893999999999994
INFO:root:Generation: 39
INFO:root:pop fitness: 0.13484
INFO:root:elite fitness: 0.24546000000000004
INFO:root:Generation: 147
INFO:root:pop fitness: 0.18462
INFO:root:elite fitness: 0.30186
INFO:root:Generation: 35
INFO:root:pop fitness: 0.12418
INFO:root:elite fitness: 0.20344
INFO:root:Generation: 40
INFO:root:pop fitness: 0.14873999999999998
INFO:root:elite fitness: 0.23154
INFO:root:Generation: 148
INFO:root:pop fitness: 0.18587
INFO:root:elite fitness: 0.33066
INFO:root:Generation: 144
INFO:root:pop fitness: 0.17930000000000007
INFO:root:elite fitness: 0.30345999999999995
INFO:root:Generation: 149
INFO:root:pop fitness: 0.17581
INFO:root:elite fitness: 0.29456000000000004
INFO:root:Generation: 36
INFO:root:pop fitness: 0.12390000000000001
INFO:root:elite fitness: 0.20184000000000005
INFO:root:Generation: 41
INFO:root:pop fitness: 0.14048000000000002
INFO:root:elite fitness: 0.23356000000000002
INFO:root:Generation: 150
INFO:root:pop fitness: 0.18044000000000002
INFO:root:elite fitness: 0.31468
INFO:root:Generation: 42
INFO:root:pop fitness: 0.14733000000000002
INFO:root:elite fitness: 0.21969999999999998
INFO:root:Generation: 37
INFO:root:pop fitness: 0.12090999999999999
INFO:root:elite fitness: 0.21284000000000003
INFO:root:Generation: 145
INFO:root:pop fitness: 0.17488999999999996
INFO:root:elite fitness: 0.29768
INFO:root:Generation: 43
INFO:root:pop fitness: 0.1462
INFO:root:elite fitness: 0.23372
INFO:root:Generation: 38
INFO:root:pop fitness: 0.12018
INFO:root:elite fitness: 0.20682000000000003
INFO:root:Generation: 151
INFO:root:pop fitness: 0.18194000000000002
INFO:root:elite fitness: 0.33610000000000007
INFO:root:Generation: 146
INFO:root:pop fitness: 0.18031000000000003
INFO:root:elite fitness: 0.29661999999999994
INFO:root:Generation: 44
INFO:root:pop fitness: 0.13785
INFO:root:elite fitness: 0.22716
INFO:root:Generation: 39
INFO:root:pop fitness: 0.12625999999999998
INFO:root:elite fitness: 0.20919999999999997
INFO:root:Generation: 152
INFO:root:pop fitness: 0.18251999999999996
INFO:root:elite fitness: 0.309
INFO:root:Generation: 45
INFO:root:pop fitness: 0.14514
INFO:root:elite fitness: 0.24028
INFO:root:Generation: 153
INFO:root:pop fitness: 0.1819
INFO:root:elite fitness: 0.29094000000000003
INFO:root:Generation: 147
INFO:root:pop fitness: 0.19091000000000005
INFO:root:elite fitness: 0.32811999999999997
INFO:root:Generation: 40
INFO:root:pop fitness: 0.11605000000000003
INFO:root:elite fitness: 0.19721999999999998
INFO:root:Generation: 154
INFO:root:pop fitness: 0.18044999999999997
INFO:root:elite fitness: 0.31154
INFO:root:Generation: 46
INFO:root:pop fitness: 0.14536000000000002
INFO:root:elite fitness: 0.24753999999999998
INFO:root:Generation: 155
INFO:root:pop fitness: 0.18743
INFO:root:elite fitness: 0.28622
INFO:root:Generation: 41
INFO:root:pop fitness: 0.12004999999999999
INFO:root:elite fitness: 0.21524
INFO:root:Generation: 47
INFO:root:pop fitness: 0.13722
INFO:root:elite fitness: 0.21932
INFO:root:Generation: 148
INFO:root:pop fitness: 0.17290000000000005
INFO:root:elite fitness: 0.29452
INFO:root:Generation: 156
INFO:root:pop fitness: 0.17919999999999997
INFO:root:elite fitness: 0.30398000000000003
INFO:root:Generation: 48
INFO:root:pop fitness: 0.15021
INFO:root:elite fitness: 0.26242
INFO:root:Generation: 42
INFO:root:pop fitness: 0.12049000000000001
INFO:root:elite fitness: 0.22444000000000003
INFO:root:Generation: 149
INFO:root:pop fitness: 0.17830000000000001
INFO:root:elite fitness: 0.30186
INFO:root:Generation: 157
INFO:root:pop fitness: 0.18037000000000006
INFO:root:elite fitness: 0.31824
INFO:root:Generation: 49
INFO:root:pop fitness: 0.14336000000000002
INFO:root:elite fitness: 0.22462
INFO:root:Generation: 43
INFO:root:pop fitness: 0.12595
INFO:root:elite fitness: 0.23902
INFO:root:Generation: 150
INFO:root:pop fitness: 0.17493999999999996
INFO:root:elite fitness: 0.28331999999999996
INFO:root:Generation: 158
INFO:root:pop fitness: 0.17322000000000004
INFO:root:elite fitness: 0.3144
INFO:root:Generation: 50
INFO:root:pop fitness: 0.14118
INFO:root:elite fitness: 0.22173999999999996
INFO:root:Generation: 151
INFO:root:pop fitness: 0.17911000000000002
INFO:root:elite fitness: 0.30222000000000004
INFO:root:Generation: 44
INFO:root:pop fitness: 0.13036
INFO:root:elite fitness: 0.24026000000000003
INFO:root:Generation: 159
INFO:root:pop fitness: 0.16940999999999998
INFO:root:elite fitness: 0.29924
INFO:root:Generation: 51
INFO:root:pop fitness: 0.15173999999999999
INFO:root:elite fitness: 0.26422
INFO:root:Generation: 45
INFO:root:pop fitness: 0.12959999999999997
INFO:root:elite fitness: 0.21952000000000002
INFO:root:Generation: 152
INFO:root:pop fitness: 0.17778000000000002
INFO:root:elite fitness: 0.2947
INFO:root:Generation: 52
INFO:root:pop fitness: 0.15069999999999997
INFO:root:elite fitness: 0.26128
INFO:root:Generation: 160
INFO:root:pop fitness: 0.18895000000000006
INFO:root:elite fitness: 0.30886
INFO:root:Generation: 46
INFO:root:pop fitness: 0.12633
INFO:root:elite fitness: 0.22362
INFO:root:Generation: 53
INFO:root:pop fitness: 0.15997999999999998
INFO:root:elite fitness: 0.28918000000000005
INFO:root:Generation: 153
INFO:root:pop fitness: 0.17880000000000001
INFO:root:elite fitness: 0.29372
INFO:root:Generation: 161
INFO:root:pop fitness: 0.17959000000000006
INFO:root:elite fitness: 0.29097999999999996
INFO:root:Generation: 47
INFO:root:pop fitness: 0.12512
INFO:root:elite fitness: 0.22888000000000006
INFO:root:Generation: 54
INFO:root:pop fitness: 0.16273999999999997
INFO:root:elite fitness: 0.26314
INFO:root:Generation: 154
INFO:root:pop fitness: 0.17755
INFO:root:elite fitness: 0.29352000000000006
INFO:root:Generation: 162
INFO:root:pop fitness: 0.1812
INFO:root:elite fitness: 0.317
INFO:root:Generation: 55
INFO:root:pop fitness: 0.15364
INFO:root:elite fitness: 0.2742
INFO:root:Generation: 48
INFO:root:pop fitness: 0.12904
INFO:root:elite fitness: 0.24758
INFO:root:Generation: 56
INFO:root:pop fitness: 0.14975
INFO:root:elite fitness: 0.24781999999999996
INFO:root:Generation: 155
INFO:root:pop fitness: 0.18169999999999997
INFO:root:elite fitness: 0.2957
INFO:root:Generation: 49
INFO:root:pop fitness: 0.13735999999999998
INFO:root:elite fitness: 0.24074
INFO:root:Generation: 163
INFO:root:pop fitness: 0.17249000000000003
INFO:root:elite fitness: 0.30339999999999995
INFO:root:Generation: 57
INFO:root:pop fitness: 0.15439000000000003
INFO:root:elite fitness: 0.2519600000000001
INFO:root:Generation: 50
INFO:root:pop fitness: 0.133
INFO:root:elite fitness: 0.24718000000000004
INFO:root:Generation: 156
INFO:root:pop fitness: 0.18407999999999997
INFO:root:elite fitness: 0.29536
INFO:root:Generation: 164
INFO:root:pop fitness: 0.19104000000000007
INFO:root:elite fitness: 0.31145999999999996
INFO:root:Generation: 58
INFO:root:pop fitness: 0.15113
INFO:root:elite fitness: 0.24202
INFO:root:Generation: 157
INFO:root:pop fitness: 0.17609000000000002
INFO:root:elite fitness: 0.30038
INFO:root:Generation: 51
INFO:root:pop fitness: 0.13695000000000002
INFO:root:elite fitness: 0.23200000000000004
INFO:root:Generation: 165
INFO:root:pop fitness: 0.18050000000000005
INFO:root:elite fitness: 0.3171
INFO:root:Generation: 59
INFO:root:pop fitness: 0.16212999999999997
INFO:root:elite fitness: 0.27831999999999996
INFO:root:Generation: 158
INFO:root:pop fitness: 0.17958000000000002
INFO:root:elite fitness: 0.31308
INFO:root:Generation: 52
INFO:root:pop fitness: 0.12396000000000003
INFO:root:elite fitness: 0.21856
INFO:root:Generation: 166
INFO:root:pop fitness: 0.18228999999999998
INFO:root:elite fitness: 0.33344
INFO:root:Generation: 60
INFO:root:pop fitness: 0.16491999999999998
INFO:root:elite fitness: 0.28354
INFO:root:Generation: 167
INFO:root:pop fitness: 0.17855000000000001
INFO:root:elite fitness: 0.29969999999999997
INFO:root:Generation: 53
INFO:root:pop fitness: 0.12480000000000001
INFO:root:elite fitness: 0.21780000000000002
INFO:root:Generation: 61
INFO:root:pop fitness: 0.16863
INFO:root:elite fitness: 0.27431999999999995
INFO:root:Generation: 168
INFO:root:pop fitness: 0.18459000000000003
INFO:root:elite fitness: 0.32770000000000005
INFO:root:Generation: 159
INFO:root:pop fitness: 0.17841999999999994
INFO:root:elite fitness: 0.29429999999999995
INFO:root:Generation: 54
INFO:root:pop fitness: 0.13115
INFO:root:elite fitness: 0.23579999999999998
INFO:root:Generation: 62
INFO:root:pop fitness: 0.16134
INFO:root:elite fitness: 0.26444
INFO:root:Generation: 169
INFO:root:pop fitness: 0.18702
INFO:root:elite fitness: 0.33169999999999994
INFO:root:Generation: 160
INFO:root:pop fitness: 0.18316000000000002
INFO:root:elite fitness: 0.3128
INFO:root:Generation: 63
INFO:root:pop fitness: 0.17108000000000004
INFO:root:elite fitness: 0.2864
INFO:root:Generation: 55
INFO:root:pop fitness: 0.12761
INFO:root:elite fitness: 0.235
INFO:root:Generation: 170
INFO:root:pop fitness: 0.16895
INFO:root:elite fitness: 0.28248
INFO:root:Generation: 161
INFO:root:pop fitness: 0.17853000000000002
INFO:root:elite fitness: 0.29146
INFO:root:Generation: 171
INFO:root:pop fitness: 0.17975000000000002
INFO:root:elite fitness: 0.32524000000000003
INFO:root:Generation: 64
INFO:root:pop fitness: 0.17435000000000003
INFO:root:elite fitness: 0.28428000000000003
INFO:root:Generation: 56
INFO:root:pop fitness: 0.12961999999999999
INFO:root:elite fitness: 0.22884000000000004
INFO:root:Generation: 162
INFO:root:pop fitness: 0.17715
INFO:root:elite fitness: 0.29178
INFO:root:Generation: 172
INFO:root:pop fitness: 0.16748000000000005
INFO:root:elite fitness: 0.28480000000000005
INFO:root:Generation: 65
INFO:root:pop fitness: 0.17204
INFO:root:elite fitness: 0.27798
INFO:root:Generation: 57
INFO:root:pop fitness: 0.13787
INFO:root:elite fitness: 0.23844
INFO:root:Generation: 173
INFO:root:pop fitness: 0.17568999999999999
INFO:root:elite fitness: 0.29118
INFO:root:Generation: 66
INFO:root:pop fitness: 0.17447999999999997
INFO:root:elite fitness: 0.28334000000000004
INFO:root:Generation: 163
INFO:root:pop fitness: 0.17796999999999996
INFO:root:elite fitness: 0.29692
INFO:root:Generation: 58
INFO:root:pop fitness: 0.12778
INFO:root:elite fitness: 0.23271999999999998
INFO:root:Generation: 174
INFO:root:pop fitness: 0.17486000000000002
INFO:root:elite fitness: 0.30106000000000005
INFO:root:Generation: 67
INFO:root:pop fitness: 0.17185000000000003
INFO:root:elite fitness: 0.2837
INFO:root:Generation: 164
INFO:root:pop fitness: 0.17886
INFO:root:elite fitness: 0.28143999999999997
INFO:root:Generation: 59
INFO:root:pop fitness: 0.13416000000000003
INFO:root:elite fitness: 0.21496
INFO:root:Generation: 175
INFO:root:pop fitness: 0.17323
INFO:root:elite fitness: 0.31928
INFO:root:Generation: 68
INFO:root:pop fitness: 0.16943999999999998
INFO:root:elite fitness: 0.30616
INFO:root:Generation: 69
INFO:root:pop fitness: 0.17148
INFO:root:elite fitness: 0.29381999999999997
INFO:root:Generation: 176
INFO:root:pop fitness: 0.18046999999999996
INFO:root:elite fitness: 0.31094
INFO:root:Generation: 60
INFO:root:pop fitness: 0.13357000000000002
INFO:root:elite fitness: 0.23648
INFO:root:Generation: 165
INFO:root:pop fitness: 0.18635000000000002
INFO:root:elite fitness: 0.30676
INFO:root:Generation: 177
INFO:root:pop fitness: 0.18221999999999997
INFO:root:elite fitness: 0.3289
INFO:root:Generation: 70
INFO:root:pop fitness: 0.17750999999999997
INFO:root:elite fitness: 0.30546
INFO:root:Generation: 61
INFO:root:pop fitness: 0.14381
INFO:root:elite fitness: 0.26367999999999997
INFO:root:Generation: 178
INFO:root:pop fitness: 0.17711
INFO:root:elite fitness: 0.3157
INFO:root:Generation: 71
INFO:root:pop fitness: 0.17176999999999992
INFO:root:elite fitness: 0.27246
INFO:root:Generation: 166
INFO:root:pop fitness: 0.18365
INFO:root:elite fitness: 0.3179
INFO:root:Generation: 62
INFO:root:pop fitness: 0.14231
INFO:root:elite fitness: 0.23236
INFO:root:Generation: 179
INFO:root:pop fitness: 0.17559000000000005
INFO:root:elite fitness: 0.30168
INFO:root:Generation: 72
INFO:root:pop fitness: 0.18152000000000001
INFO:root:elite fitness: 0.31243999999999994
INFO:root:Generation: 167
INFO:root:pop fitness: 0.17948
INFO:root:elite fitness: 0.30272
INFO:root:Generation: 180
INFO:root:pop fitness: 0.1753
INFO:root:elite fitness: 0.31532000000000004
INFO:root:Generation: 73
INFO:root:pop fitness: 0.17533
INFO:root:elite fitness: 0.29768
INFO:root:Generation: 63
INFO:root:pop fitness: 0.13927
INFO:root:elite fitness: 0.2452
INFO:root:Generation: 168
INFO:root:pop fitness: 0.18521
INFO:root:elite fitness: 0.28942
INFO:root:Generation: 74
INFO:root:pop fitness: 0.17293000000000003
INFO:root:elite fitness: 0.27988
INFO:root:Generation: 181
INFO:root:pop fitness: 0.18422
INFO:root:elite fitness: 0.31876
INFO:root:Generation: 169
INFO:root:pop fitness: 0.18786999999999998
INFO:root:elite fitness: 0.3034
INFO:root:Generation: 64
INFO:root:pop fitness: 0.14181000000000002
INFO:root:elite fitness: 0.23356000000000002
INFO:root:Generation: 75
INFO:root:pop fitness: 0.16798000000000002
INFO:root:elite fitness: 0.27634000000000003
INFO:root:Generation: 170
INFO:root:pop fitness: 0.18975999999999998
INFO:root:elite fitness: 0.30635999999999997
INFO:root:Generation: 182
INFO:root:pop fitness: 0.18195
INFO:root:elite fitness: 0.32667999999999997
INFO:root:Generation: 65
INFO:root:pop fitness: 0.13125
INFO:root:elite fitness: 0.25338
INFO:root:Generation: 183
INFO:root:pop fitness: 0.17931
INFO:root:elite fitness: 0.33020000000000005
INFO:root:Generation: 76
INFO:root:pop fitness: 0.16974999999999998
INFO:root:elite fitness: 0.28106000000000003
INFO:root:Generation: 66
INFO:root:pop fitness: 0.13541000000000003
INFO:root:elite fitness: 0.25014
INFO:root:Generation: 77
INFO:root:pop fitness: 0.17276999999999995
INFO:root:elite fitness: 0.30016
INFO:root:Generation: 171
INFO:root:pop fitness: 0.18098000000000003
INFO:root:elite fitness: 0.30602
INFO:root:Generation: 184
INFO:root:pop fitness: 0.18566999999999997
INFO:root:elite fitness: 0.32827999999999996
INFO:root:Generation: 67
INFO:root:pop fitness: 0.14302
INFO:root:elite fitness: 0.25967999999999997
INFO:root:Generation: 78
INFO:root:pop fitness: 0.17007999999999998
INFO:root:elite fitness: 0.28906000000000004
INFO:root:Generation: 172
INFO:root:pop fitness: 0.17632
INFO:root:elite fitness: 0.30078000000000005
INFO:root:Generation: 185
INFO:root:pop fitness: 0.18889
INFO:root:elite fitness: 0.3256
INFO:root:Generation: 79
INFO:root:pop fitness: 0.16953999999999997
INFO:root:elite fitness: 0.27656
INFO:root:Generation: 68
INFO:root:pop fitness: 0.15069000000000002
INFO:root:elite fitness: 0.27762000000000003
INFO:root:Generation: 173
INFO:root:pop fitness: 0.18708000000000002
INFO:root:elite fitness: 0.30749999999999994
INFO:root:Generation: 186
INFO:root:pop fitness: 0.18985
INFO:root:elite fitness: 0.33424
INFO:root:Generation: 80
INFO:root:pop fitness: 0.17209999999999998
INFO:root:elite fitness: 0.30386
INFO:root:Generation: 174
INFO:root:pop fitness: 0.18974
INFO:root:elite fitness: 0.31098000000000003
INFO:root:Generation: 69
INFO:root:pop fitness: 0.14769
INFO:root:elite fitness: 0.26006
INFO:root:Generation: 187
INFO:root:pop fitness: 0.18660999999999997
INFO:root:elite fitness: 0.32494
INFO:root:Generation: 175
INFO:root:pop fitness: 0.19079000000000004
INFO:root:elite fitness: 0.30168
INFO:root:Generation: 81
INFO:root:pop fitness: 0.17109
INFO:root:elite fitness: 0.27562000000000003
INFO:root:Generation: 70
INFO:root:pop fitness: 0.14277000000000004
INFO:root:elite fitness: 0.25586
INFO:root:Generation: 188
INFO:root:pop fitness: 0.18334
INFO:root:elite fitness: 0.32226
INFO:root:Generation: 176
INFO:root:pop fitness: 0.18659000000000003
INFO:root:elite fitness: 0.31724
INFO:root:Generation: 82
INFO:root:pop fitness: 0.17971
INFO:root:elite fitness: 0.28872
INFO:root:Generation: 71
INFO:root:pop fitness: 0.13263999999999998
INFO:root:elite fitness: 0.24015999999999998
INFO:root:Generation: 177
INFO:root:pop fitness: 0.19181
INFO:root:elite fitness: 0.3063
INFO:root:Generation: 83
INFO:root:pop fitness: 0.17704
INFO:root:elite fitness: 0.29528000000000004
INFO:root:Generation: 72
INFO:root:pop fitness: 0.14003
INFO:root:elite fitness: 0.25878
INFO:root:Generation: 189
INFO:root:pop fitness: 0.18095
INFO:root:elite fitness: 0.3125
INFO:root:Generation: 84
INFO:root:pop fitness: 0.17286000000000004
INFO:root:elite fitness: 0.29172
INFO:root:Generation: 178
INFO:root:pop fitness: 0.18259
INFO:root:elite fitness: 0.31602
INFO:root:Generation: 73
INFO:root:pop fitness: 0.14444
INFO:root:elite fitness: 0.25186
INFO:root:Generation: 179
INFO:root:pop fitness: 0.17412999999999998
INFO:root:elite fitness: 0.28513999999999995
INFO:root:Generation: 85
INFO:root:pop fitness: 0.17890000000000003
INFO:root:elite fitness: 0.29803999999999997
INFO:root:Generation: 190
INFO:root:pop fitness: 0.18067999999999998
INFO:root:elite fitness: 0.29896000000000006
INFO:root:Generation: 180
INFO:root:pop fitness: 0.18416
INFO:root:elite fitness: 0.29601999999999995
INFO:root:Generation: 74
INFO:root:pop fitness: 0.14850000000000002
INFO:root:elite fitness: 0.26564
INFO:root:Generation: 86
INFO:root:pop fitness: 0.17628
INFO:root:elite fitness: 0.28747999999999996
INFO:root:Generation: 181
INFO:root:pop fitness: 0.19195000000000004
INFO:root:elite fitness: 0.30870000000000003
INFO:root:Generation: 75
INFO:root:pop fitness: 0.15251
INFO:root:elite fitness: 0.25918
INFO:root:Generation: 87
INFO:root:pop fitness: 0.17106
INFO:root:elite fitness: 0.30010000000000003
INFO:root:Generation: 191
INFO:root:pop fitness: 0.18327999999999997
INFO:root:elite fitness: 0.32062000000000007
INFO:root:Generation: 88
INFO:root:pop fitness: 0.16915
INFO:root:elite fitness: 0.28672000000000003
INFO:root:Generation: 76
INFO:root:pop fitness: 0.14547000000000002
INFO:root:elite fitness: 0.26442
INFO:root:Generation: 182
INFO:root:pop fitness: 0.19626000000000005
INFO:root:elite fitness: 0.30546
INFO:root:Generation: 192
INFO:root:pop fitness: 0.18061
INFO:root:elite fitness: 0.29152
INFO:root:Generation: 89
INFO:root:pop fitness: 0.17357
INFO:root:elite fitness: 0.3065
INFO:root:Generation: 183
INFO:root:pop fitness: 0.19462
INFO:root:elite fitness: 0.33037999999999995
INFO:root:Generation: 193
INFO:root:pop fitness: 0.17972
INFO:root:elite fitness: 0.29689999999999994
INFO:root:Generation: 77
INFO:root:pop fitness: 0.15337000000000003
INFO:root:elite fitness: 0.27226
INFO:root:Generation: 90
INFO:root:pop fitness: 0.18141999999999997
INFO:root:elite fitness: 0.33496000000000004
INFO:root:Generation: 194
INFO:root:pop fitness: 0.18550999999999995
INFO:root:elite fitness: 0.3038
INFO:root:Generation: 184
INFO:root:pop fitness: 0.18921000000000002
INFO:root:elite fitness: 0.30804
INFO:root:Generation: 78
INFO:root:pop fitness: 0.14442
INFO:root:elite fitness: 0.26016
INFO:root:Generation: 91
INFO:root:pop fitness: 0.18303
INFO:root:elite fitness: 0.28686
INFO:root:Generation: 195
INFO:root:pop fitness: 0.18814
INFO:root:elite fitness: 0.31100000000000005
INFO:root:Generation: 185
INFO:root:pop fitness: 0.18957999999999997
INFO:root:elite fitness: 0.29914
INFO:root:Generation: 79
INFO:root:pop fitness: 0.14948
INFO:root:elite fitness: 0.25189999999999996
INFO:root:Generation: 196
INFO:root:pop fitness: 0.18819
INFO:root:elite fitness: 0.31392
INFO:root:Generation: 92
INFO:root:pop fitness: 0.17232
INFO:root:elite fitness: 0.28942
INFO:root:Generation: 186
INFO:root:pop fitness: 0.19084
INFO:root:elite fitness: 0.30744
INFO:root:Generation: 80
INFO:root:pop fitness: 0.14773
INFO:root:elite fitness: 0.26099999999999995
INFO:root:Generation: 197
INFO:root:pop fitness: 0.18108000000000002
INFO:root:elite fitness: 0.30674
INFO:root:Generation: 93
INFO:root:pop fitness: 0.17424000000000003
INFO:root:elite fitness: 0.31329999999999997
INFO:root:Generation: 187
INFO:root:pop fitness: 0.18316
INFO:root:elite fitness: 0.29152
INFO:root:Generation: 198
INFO:root:pop fitness: 0.19534999999999997
INFO:root:elite fitness: 0.33386000000000005
INFO:root:Generation: 94
INFO:root:pop fitness: 0.17983999999999997
INFO:root:elite fitness: 0.30032
INFO:root:Generation: 81
INFO:root:pop fitness: 0.14826
INFO:root:elite fitness: 0.2751
INFO:root:Generation: 188
INFO:root:pop fitness: 0.18521
INFO:root:elite fitness: 0.30706
INFO:root:Generation: 199
INFO:root:pop fitness: 0.19494000000000003
INFO:root:elite fitness: 0.34058
INFO:root:Generation: 95
INFO:root:pop fitness: 0.18280000000000002
INFO:root:elite fitness: 0.29292
INFO:root:Generation: 82
INFO:root:pop fitness: 0.15445000000000003
INFO:root:elite fitness: 0.27622
INFO:root:Generation: 189
INFO:root:pop fitness: 0.17978000000000005
INFO:root:elite fitness: 0.32004000000000005
INFO:root:Generation: 96
INFO:root:pop fitness: 0.16993000000000003
INFO:root:elite fitness: 0.28309999999999996
INFO:root:Generation: 83
INFO:root:pop fitness: 0.14296000000000003
INFO:root:elite fitness: 0.25764000000000004
INFO:root:Generation: 190
INFO:root:pop fitness: 0.17291000000000004
INFO:root:elite fitness: 0.28352
INFO:root:Generation: 97
INFO:root:pop fitness: 0.175
INFO:root:elite fitness: 0.30406
INFO:root:Generation: 191
INFO:root:pop fitness: 0.1894
INFO:root:elite fitness: 0.31936
INFO:root:Generation: 84
INFO:root:pop fitness: 0.14188000000000003
INFO:root:elite fitness: 0.25728
INFO:root:Generation: 98
INFO:root:pop fitness: 0.19377
INFO:root:elite fitness: 0.32164000000000004
INFO:root:Generation: 85
INFO:root:pop fitness: 0.14778
INFO:root:elite fitness: 0.2631
INFO:root:Generation: 99
INFO:root:pop fitness: 0.19081999999999996
INFO:root:elite fitness: 0.30466000000000004
INFO:root:Generation: 192
INFO:root:pop fitness: 0.18557
INFO:root:elite fitness: 0.31407999999999997
INFO:root:Generation: 86
INFO:root:pop fitness: 0.14048
INFO:root:elite fitness: 0.23648000000000002
INFO:root:Generation: 100
INFO:root:pop fitness: 0.18916999999999998
INFO:root:elite fitness: 0.30852
INFO:root:Generation: 193
INFO:root:pop fitness: 0.18724000000000005
INFO:root:elite fitness: 0.30906
INFO:root:Generation: 87
INFO:root:pop fitness: 0.13999
INFO:root:elite fitness: 0.25814
INFO:root:Generation: 101
INFO:root:pop fitness: 0.18672999999999998
INFO:root:elite fitness: 0.29345999999999994
INFO:root:Generation: 194
INFO:root:pop fitness: 0.19041
INFO:root:elite fitness: 0.30800000000000005
INFO:root:Generation: 88
INFO:root:pop fitness: 0.13903
INFO:root:elite fitness: 0.26783999999999997
INFO:root:Generation: 102
INFO:root:pop fitness: 0.17709000000000003
INFO:root:elite fitness: 0.29204
INFO:root:Generation: 195
INFO:root:pop fitness: 0.17153000000000002
INFO:root:elite fitness: 0.30054000000000003
INFO:root:Generation: 103
INFO:root:pop fitness: 0.19874000000000003
INFO:root:elite fitness: 0.31264
INFO:root:Generation: 89
INFO:root:pop fitness: 0.14776
INFO:root:elite fitness: 0.27374
INFO:root:Generation: 196
INFO:root:pop fitness: 0.17737999999999998
INFO:root:elite fitness: 0.27554
INFO:root:Generation: 104
INFO:root:pop fitness: 0.17750000000000005
INFO:root:elite fitness: 0.28732
INFO:root:Generation: 90
INFO:root:pop fitness: 0.14597
INFO:root:elite fitness: 0.24074
INFO:root:Generation: 197
INFO:root:pop fitness: 0.18984999999999996
INFO:root:elite fitness: 0.30716
INFO:root:Generation: 105
INFO:root:pop fitness: 0.18794999999999998
INFO:root:elite fitness: 0.31888
INFO:root:Generation: 198
INFO:root:pop fitness: 0.19222000000000006
INFO:root:elite fitness: 0.31886000000000003
INFO:root:Generation: 91
INFO:root:pop fitness: 0.14235
INFO:root:elite fitness: 0.25299999999999995
INFO:root:Generation: 106
INFO:root:pop fitness: 0.19882000000000002
INFO:root:elite fitness: 0.3153
INFO:root:Generation: 199
INFO:root:pop fitness: 0.18419999999999997
INFO:root:elite fitness: 0.31762
INFO:root:Generation: 92
INFO:root:pop fitness: 0.13812000000000002
INFO:root:elite fitness: 0.23380000000000004
INFO:root:Generation: 107
INFO:root:pop fitness: 0.18206
INFO:root:elite fitness: 0.3046
INFO:root:Generation: 93
INFO:root:pop fitness: 0.14841
INFO:root:elite fitness: 0.25036
INFO:root:Generation: 108
INFO:root:pop fitness: 0.18498
INFO:root:elite fitness: 0.31338000000000005
INFO:root:Generation: 94
INFO:root:pop fitness: 0.15356
INFO:root:elite fitness: 0.26292
INFO:root:Generation: 109
INFO:root:pop fitness: 0.17852000000000004
INFO:root:elite fitness: 0.30276
INFO:root:Generation: 95
INFO:root:pop fitness: 0.14339000000000002
INFO:root:elite fitness: 0.24034
INFO:root:Generation: 110
INFO:root:pop fitness: 0.19019000000000005
INFO:root:elite fitness: 0.31964000000000004
INFO:root:Generation: 96
INFO:root:pop fitness: 0.15472
INFO:root:elite fitness: 0.28578
INFO:root:Generation: 111
INFO:root:pop fitness: 0.17991
INFO:root:elite fitness: 0.34970000000000007
INFO:root:Generation: 97
INFO:root:pop fitness: 0.16057
INFO:root:elite fitness: 0.27118
INFO:root:Generation: 112
INFO:root:pop fitness: 0.19587
INFO:root:elite fitness: 0.35278000000000004
INFO:root:Generation: 98
INFO:root:pop fitness: 0.15975
INFO:root:elite fitness: 0.27262000000000003
INFO:root:Generation: 113
INFO:root:pop fitness: 0.1883
INFO:root:elite fitness: 0.3333
INFO:root:Generation: 99
INFO:root:pop fitness: 0.15354
INFO:root:elite fitness: 0.2679
INFO:root:Generation: 114
INFO:root:pop fitness: 0.19060000000000002
INFO:root:elite fitness: 0.35302000000000006
INFO:root:Generation: 100
INFO:root:pop fitness: 0.15075999999999998
INFO:root:elite fitness: 0.26092000000000004
INFO:root:Generation: 115
INFO:root:pop fitness: 0.18956
INFO:root:elite fitness: 0.31304
INFO:root:Generation: 101
INFO:root:pop fitness: 0.15244000000000002
INFO:root:elite fitness: 0.2606
INFO:root:Generation: 116
INFO:root:pop fitness: 0.18831000000000003
INFO:root:elite fitness: 0.30920000000000003
INFO:root:Generation: 102
INFO:root:pop fitness: 0.15303000000000003
INFO:root:elite fitness: 0.26908
INFO:root:Generation: 117
INFO:root:pop fitness: 0.19734000000000002
INFO:root:elite fitness: 0.36066000000000004
INFO:root:Generation: 118
INFO:root:pop fitness: 0.20210999999999998
INFO:root:elite fitness: 0.34784000000000004
INFO:root:Generation: 103
INFO:root:pop fitness: 0.15521000000000001
INFO:root:elite fitness: 0.27192
INFO:root:Generation: 119
INFO:root:pop fitness: 0.19551000000000002
INFO:root:elite fitness: 0.30384
INFO:root:Generation: 104
INFO:root:pop fitness: 0.16527
INFO:root:elite fitness: 0.29812000000000005
INFO:root:Generation: 120
INFO:root:pop fitness: 0.20534000000000002
INFO:root:elite fitness: 0.33771999999999996
INFO:root:Generation: 105
INFO:root:pop fitness: 0.15348
INFO:root:elite fitness: 0.27774
INFO:root:Generation: 121
INFO:root:pop fitness: 0.19079000000000002
INFO:root:elite fitness: 0.30844
INFO:root:Generation: 106
INFO:root:pop fitness: 0.14767
INFO:root:elite fitness: 0.27864000000000005
INFO:root:Generation: 122
INFO:root:pop fitness: 0.19494000000000003
INFO:root:elite fitness: 0.32294000000000006
INFO:root:Generation: 107
INFO:root:pop fitness: 0.15899000000000002
INFO:root:elite fitness: 0.2827
INFO:root:Generation: 123
INFO:root:pop fitness: 0.19743000000000002
INFO:root:elite fitness: 0.3276
INFO:root:Generation: 108
INFO:root:pop fitness: 0.15166000000000002
INFO:root:elite fitness: 0.26364
INFO:root:Generation: 124
INFO:root:pop fitness: 0.19857
INFO:root:elite fitness: 0.33052
INFO:root:Generation: 125
INFO:root:pop fitness: 0.20786000000000004
INFO:root:elite fitness: 0.33916
INFO:root:Generation: 109
INFO:root:pop fitness: 0.15275
INFO:root:elite fitness: 0.26298
INFO:root:Generation: 126
INFO:root:pop fitness: 0.19689000000000004
INFO:root:elite fitness: 0.31312
INFO:root:Generation: 110
INFO:root:pop fitness: 0.16248
INFO:root:elite fitness: 0.27914
INFO:root:Generation: 127
INFO:root:pop fitness: 0.20450000000000002
INFO:root:elite fitness: 0.32482000000000005
INFO:root:Generation: 111
INFO:root:pop fitness: 0.15078000000000003
INFO:root:elite fitness: 0.25906
INFO:root:Generation: 128
INFO:root:pop fitness: 0.19816999999999996
INFO:root:elite fitness: 0.31892
INFO:root:Generation: 112
INFO:root:pop fitness: 0.15179
INFO:root:elite fitness: 0.2753
INFO:root:Generation: 129
INFO:root:pop fitness: 0.20811
INFO:root:elite fitness: 0.3465399999999999
INFO:root:Generation: 113
INFO:root:pop fitness: 0.14362999999999998
INFO:root:elite fitness: 0.2722
INFO:root:Generation: 130
INFO:root:pop fitness: 0.20806999999999998
INFO:root:elite fitness: 0.33184
INFO:root:Generation: 114
INFO:root:pop fitness: 0.15119000000000005
INFO:root:elite fitness: 0.25828
INFO:root:Generation: 131
INFO:root:pop fitness: 0.20426000000000002
INFO:root:elite fitness: 0.31328
INFO:root:Generation: 115
INFO:root:pop fitness: 0.14312000000000002
INFO:root:elite fitness: 0.27434
INFO:root:Generation: 132
INFO:root:pop fitness: 0.20873999999999998
INFO:root:elite fitness: 0.38504000000000005
INFO:root:Generation: 116
INFO:root:pop fitness: 0.15402
INFO:root:elite fitness: 0.30464
INFO:root:Generation: 133
INFO:root:pop fitness: 0.2045
INFO:root:elite fitness: 0.3251
INFO:root:Generation: 117
INFO:root:pop fitness: 0.14202
INFO:root:elite fitness: 0.23174
INFO:root:Generation: 134
INFO:root:pop fitness: 0.19634999999999997
INFO:root:elite fitness: 0.2932
INFO:root:Generation: 118
INFO:root:pop fitness: 0.14530000000000004
INFO:root:elite fitness: 0.26454
INFO:root:Generation: 135
INFO:root:pop fitness: 0.19084
INFO:root:elite fitness: 0.31684
INFO:root:Generation: 136
INFO:root:pop fitness: 0.19493
INFO:root:elite fitness: 0.3385
INFO:root:Generation: 119
INFO:root:pop fitness: 0.14742
INFO:root:elite fitness: 0.27444
INFO:root:Generation: 137
INFO:root:pop fitness: 0.19466999999999995
INFO:root:elite fitness: 0.31983999999999996
INFO:root:Generation: 120
INFO:root:pop fitness: 0.15016999999999997
INFO:root:elite fitness: 0.2801
INFO:root:Generation: 138
INFO:root:pop fitness: 0.19940000000000002
INFO:root:elite fitness: 0.32696
INFO:root:Generation: 121
INFO:root:pop fitness: 0.14486
INFO:root:elite fitness: 0.26892
INFO:root:Generation: 139
INFO:root:pop fitness: 0.20606
INFO:root:elite fitness: 0.32574
INFO:root:Generation: 122
INFO:root:pop fitness: 0.14413
INFO:root:elite fitness: 0.25992
INFO:root:Generation: 140
INFO:root:pop fitness: 0.20799999999999996
INFO:root:elite fitness: 0.35276
INFO:root:Generation: 123
INFO:root:pop fitness: 0.15127
INFO:root:elite fitness: 0.2815
INFO:root:Generation: 141
INFO:root:pop fitness: 0.20824
INFO:root:elite fitness: 0.34820000000000007
INFO:root:Generation: 124
INFO:root:pop fitness: 0.15102000000000002
INFO:root:elite fitness: 0.27432
INFO:root:Generation: 142
INFO:root:pop fitness: 0.20272
INFO:root:elite fitness: 0.3438800000000001
INFO:root:Generation: 125
INFO:root:pop fitness: 0.15276
INFO:root:elite fitness: 0.28128
INFO:root:Generation: 143
INFO:root:pop fitness: 0.2027
INFO:root:elite fitness: 0.32872
INFO:root:Generation: 126
INFO:root:pop fitness: 0.14952
INFO:root:elite fitness: 0.25812000000000007
INFO:root:Generation: 144
INFO:root:pop fitness: 0.19464999999999996
INFO:root:elite fitness: 0.31007999999999997
INFO:root:Generation: 127
INFO:root:pop fitness: 0.14759
INFO:root:elite fitness: 0.24962
INFO:root:Generation: 145
INFO:root:pop fitness: 0.20745999999999998
INFO:root:elite fitness: 0.37270000000000003
INFO:root:Generation: 128
INFO:root:pop fitness: 0.14886999999999997
INFO:root:elite fitness: 0.26376
INFO:root:Generation: 146
INFO:root:pop fitness: 0.20715
INFO:root:elite fitness: 0.32366
INFO:root:Generation: 147
INFO:root:pop fitness: 0.20531
INFO:root:elite fitness: 0.33887999999999996
INFO:root:Generation: 129
INFO:root:pop fitness: 0.14382
INFO:root:elite fitness: 0.25816
INFO:root:Generation: 148
INFO:root:pop fitness: 0.20329
INFO:root:elite fitness: 0.3308
INFO:root:Generation: 130
INFO:root:pop fitness: 0.14765999999999999
INFO:root:elite fitness: 0.2689
INFO:root:Generation: 149
INFO:root:pop fitness: 0.19651
INFO:root:elite fitness: 0.32828
INFO:root:Generation: 131
INFO:root:pop fitness: 0.14967
INFO:root:elite fitness: 0.2627
INFO:root:Generation: 150
INFO:root:pop fitness: 0.19709
INFO:root:elite fitness: 0.29406
INFO:root:Generation: 132
INFO:root:pop fitness: 0.16397999999999996
INFO:root:elite fitness: 0.29131999999999997
INFO:root:Generation: 151
INFO:root:pop fitness: 0.2042
INFO:root:elite fitness: 0.34558
INFO:root:Generation: 133
INFO:root:pop fitness: 0.15453
INFO:root:elite fitness: 0.2607
INFO:root:Generation: 152
INFO:root:pop fitness: 0.21108999999999994
INFO:root:elite fitness: 0.36512000000000006
INFO:root:Generation: 134
INFO:root:pop fitness: 0.15817000000000003
INFO:root:elite fitness: 0.28056000000000003
INFO:root:Generation: 153
INFO:root:pop fitness: 0.20661000000000002
INFO:root:elite fitness: 0.33262
INFO:root:Generation: 135
INFO:root:pop fitness: 0.15529
INFO:root:elite fitness: 0.2615
INFO:root:Generation: 154
INFO:root:pop fitness: 0.20242000000000002
INFO:root:elite fitness: 0.33586
INFO:root:Generation: 136
INFO:root:pop fitness: 0.15169
INFO:root:elite fitness: 0.27166
INFO:root:Generation: 155
INFO:root:pop fitness: 0.20123999999999997
INFO:root:elite fitness: 0.36223999999999995
INFO:root:Generation: 156
INFO:root:pop fitness: 0.19552999999999998
INFO:root:elite fitness: 0.32734
INFO:root:Generation: 137
INFO:root:pop fitness: 0.15069000000000002
INFO:root:elite fitness: 0.26488
INFO:root:Generation: 157
INFO:root:pop fitness: 0.2004
INFO:root:elite fitness: 0.3125
INFO:root:Generation: 138
INFO:root:pop fitness: 0.15188999999999997
INFO:root:elite fitness: 0.26942
INFO:root:Generation: 158
INFO:root:pop fitness: 0.20681999999999995
INFO:root:elite fitness: 0.32462
INFO:root:Generation: 139
INFO:root:pop fitness: 0.15203
INFO:root:elite fitness: 0.25556
INFO:root:Generation: 159
INFO:root:pop fitness: 0.20127000000000003
INFO:root:elite fitness: 0.30400000000000005
INFO:root:Generation: 140
INFO:root:pop fitness: 0.1511
INFO:root:elite fitness: 0.27765999999999996
INFO:root:Generation: 160
INFO:root:pop fitness: 0.19913
INFO:root:elite fitness: 0.30538
INFO:root:Generation: 141
INFO:root:pop fitness: 0.15786999999999998
INFO:root:elite fitness: 0.3025
INFO:root:Generation: 161
INFO:root:pop fitness: 0.19893
INFO:root:elite fitness: 0.32128
INFO:root:Generation: 142
INFO:root:pop fitness: 0.15302
INFO:root:elite fitness: 0.28496
INFO:root:Generation: 162
INFO:root:pop fitness: 0.21151999999999999
INFO:root:elite fitness: 0.32614000000000004
INFO:root:Generation: 143
INFO:root:pop fitness: 0.14393
INFO:root:elite fitness: 0.26324
INFO:root:Generation: 163
INFO:root:pop fitness: 0.19896
INFO:root:elite fitness: 0.3114
INFO:root:Generation: 164
INFO:root:pop fitness: 0.19422000000000003
INFO:root:elite fitness: 0.34556000000000003
INFO:root:Generation: 144
INFO:root:pop fitness: 0.15487
INFO:root:elite fitness: 0.29376
INFO:root:Generation: 165
INFO:root:pop fitness: 0.20120000000000005
INFO:root:elite fitness: 0.36271999999999993
INFO:root:Generation: 145
INFO:root:pop fitness: 0.15381000000000003
INFO:root:elite fitness: 0.26646000000000003
INFO:root:Generation: 166
INFO:root:pop fitness: 0.20352
INFO:root:elite fitness: 0.3177
INFO:root:Generation: 146
INFO:root:pop fitness: 0.14893
INFO:root:elite fitness: 0.2593
INFO:root:Generation: 167
INFO:root:pop fitness: 0.21067999999999998
INFO:root:elite fitness: 0.34013999999999994
INFO:root:Generation: 147
INFO:root:pop fitness: 0.16572999999999996
INFO:root:elite fitness: 0.29202
INFO:root:Generation: 168
INFO:root:pop fitness: 0.21005000000000001
INFO:root:elite fitness: 0.31926000000000004
INFO:root:Generation: 148
INFO:root:pop fitness: 0.15133000000000002
INFO:root:elite fitness: 0.25264
INFO:root:Generation: 169
INFO:root:pop fitness: 0.20581000000000002
INFO:root:elite fitness: 0.33525999999999995
INFO:root:Generation: 149
INFO:root:pop fitness: 0.15907
INFO:root:elite fitness: 0.28371999999999997
INFO:root:Generation: 170
INFO:root:pop fitness: 0.22247
INFO:root:elite fitness: 0.34442
INFO:root:Generation: 171
INFO:root:pop fitness: 0.20545000000000002
INFO:root:elite fitness: 0.33512000000000003
INFO:root:Generation: 150
INFO:root:pop fitness: 0.15863
INFO:root:elite fitness: 0.28856
INFO:root:Generation: 172
INFO:root:pop fitness: 0.19319000000000003
INFO:root:elite fitness: 0.29364
INFO:root:Generation: 151
INFO:root:pop fitness: 0.15995
INFO:root:elite fitness: 0.26876
INFO:root:Generation: 173
INFO:root:pop fitness: 0.21335
INFO:root:elite fitness: 0.34184
INFO:root:Generation: 152
INFO:root:pop fitness: 0.15822
INFO:root:elite fitness: 0.27248
INFO:root:Generation: 174
INFO:root:pop fitness: 0.21169999999999997
INFO:root:elite fitness: 0.36168
INFO:root:Generation: 153
INFO:root:pop fitness: 0.16162999999999997
INFO:root:elite fitness: 0.27848
INFO:root:Generation: 175
INFO:root:pop fitness: 0.19913
INFO:root:elite fitness: 0.33414
INFO:root:Generation: 154
INFO:root:pop fitness: 0.15458
INFO:root:elite fitness: 0.26038
INFO:root:Generation: 176
INFO:root:pop fitness: 0.20573
INFO:root:elite fitness: 0.3422799999999999
INFO:root:Generation: 155
INFO:root:pop fitness: 0.15214
INFO:root:elite fitness: 0.2778
INFO:root:Generation: 177
INFO:root:pop fitness: 0.20337
INFO:root:elite fitness: 0.35794
INFO:root:Generation: 178
INFO:root:pop fitness: 0.20488
INFO:root:elite fitness: 0.35794
INFO:root:Generation: 156
INFO:root:pop fitness: 0.16042
INFO:root:elite fitness: 0.28208
INFO:root:Generation: 179
INFO:root:pop fitness: 0.20891
INFO:root:elite fitness: 0.3461800000000001
INFO:root:Generation: 157
INFO:root:pop fitness: 0.16242
INFO:root:elite fitness: 0.27105999999999997
INFO:root:Generation: 180
INFO:root:pop fitness: 0.2148
INFO:root:elite fitness: 0.35148
INFO:root:Generation: 158
INFO:root:pop fitness: 0.14876999999999999
INFO:root:elite fitness: 0.26467999999999997
INFO:root:Generation: 181
INFO:root:pop fitness: 0.21512000000000003
INFO:root:elite fitness: 0.34830000000000005
INFO:root:Generation: 159
INFO:root:pop fitness: 0.15905999999999998
INFO:root:elite fitness: 0.27482
INFO:root:Generation: 182
INFO:root:pop fitness: 0.20390999999999998
INFO:root:elite fitness: 0.3402800000000001
INFO:root:Generation: 160
INFO:root:pop fitness: 0.15798
INFO:root:elite fitness: 0.26816
INFO:root:Generation: 183
INFO:root:pop fitness: 0.22071000000000002
INFO:root:elite fitness: 0.36514
INFO:root:Generation: 161
INFO:root:pop fitness: 0.15719000000000002
INFO:root:elite fitness: 0.27988
INFO:root:Generation: 184
INFO:root:pop fitness: 0.23575
INFO:root:elite fitness: 0.38818
INFO:root:Generation: 162
INFO:root:pop fitness: 0.15600999999999998
INFO:root:elite fitness: 0.2803
INFO:root:Generation: 185
INFO:root:pop fitness: 0.21806
INFO:root:elite fitness: 0.3261
INFO:root:Generation: 163
INFO:root:pop fitness: 0.15430999999999997
INFO:root:elite fitness: 0.28098
INFO:root:Generation: 186
INFO:root:pop fitness: 0.2164
INFO:root:elite fitness: 0.35336000000000006
INFO:root:Generation: 164
INFO:root:pop fitness: 0.14937
INFO:root:elite fitness: 0.25876
INFO:root:Generation: 187
INFO:root:pop fitness: 0.21778000000000003
INFO:root:elite fitness: 0.33944
INFO:root:Generation: 165
INFO:root:pop fitness: 0.15474
INFO:root:elite fitness: 0.26352
INFO:root:Generation: 188
INFO:root:pop fitness: 0.21381
INFO:root:elite fitness: 0.36744000000000004
INFO:root:Generation: 166
INFO:root:pop fitness: 0.1511
INFO:root:elite fitness: 0.2606
INFO:root:Generation: 189
INFO:root:pop fitness: 0.20919999999999994
INFO:root:elite fitness: 0.33903999999999995
INFO:root:Generation: 167
INFO:root:pop fitness: 0.16460000000000005
INFO:root:elite fitness: 0.27719999999999995
INFO:root:Generation: 190
INFO:root:pop fitness: 0.21027000000000004
INFO:root:elite fitness: 0.32302
INFO:root:Generation: 168
INFO:root:pop fitness: 0.15922999999999998
INFO:root:elite fitness: 0.27194
INFO:root:Generation: 191
INFO:root:pop fitness: 0.21901000000000004
INFO:root:elite fitness: 0.36302
INFO:root:Generation: 192
INFO:root:pop fitness: 0.22023000000000004
INFO:root:elite fitness: 0.36791999999999997
INFO:root:Generation: 169
INFO:root:pop fitness: 0.161
INFO:root:elite fitness: 0.29032
INFO:root:Generation: 193
INFO:root:pop fitness: 0.21970999999999996
INFO:root:elite fitness: 0.33976
INFO:root:Generation: 170
INFO:root:pop fitness: 0.14879
INFO:root:elite fitness: 0.2469
INFO:root:Generation: 194
INFO:root:pop fitness: 0.22152999999999998
INFO:root:elite fitness: 0.35358000000000006
INFO:root:Generation: 171
INFO:root:pop fitness: 0.15309000000000003
INFO:root:elite fitness: 0.28844
INFO:root:Generation: 195
INFO:root:pop fitness: 0.22971
INFO:root:elite fitness: 0.3691799999999999
INFO:root:Generation: 172
INFO:root:pop fitness: 0.15385
INFO:root:elite fitness: 0.26318
INFO:root:Generation: 196
INFO:root:pop fitness: 0.22036
INFO:root:elite fitness: 0.344
INFO:root:Generation: 173
INFO:root:pop fitness: 0.14589
INFO:root:elite fitness: 0.25895999999999997
INFO:root:Generation: 197
INFO:root:pop fitness: 0.20442999999999997
INFO:root:elite fitness: 0.32384
INFO:root:Generation: 174
INFO:root:pop fitness: 0.15255000000000002
INFO:root:elite fitness: 0.26349999999999996
INFO:root:Generation: 198
INFO:root:pop fitness: 0.22492
INFO:root:elite fitness: 0.36124
INFO:root:Generation: 175
INFO:root:pop fitness: 0.16033
INFO:root:elite fitness: 0.26286000000000004
INFO:root:Generation: 199
INFO:root:pop fitness: 0.21035
INFO:root:elite fitness: 0.32030000000000003
INFO:root:Generation: 176
INFO:root:pop fitness: 0.15834
INFO:root:elite fitness: 0.29148
INFO:root:Generation: 177
INFO:root:pop fitness: 0.16052
INFO:root:elite fitness: 0.27404
INFO:root:Generation: 178
INFO:root:pop fitness: 0.16143999999999997
INFO:root:elite fitness: 0.2813
INFO:root:Generation: 179
INFO:root:pop fitness: 0.15442
INFO:root:elite fitness: 0.29475999999999997
INFO:root:Generation: 180
INFO:root:pop fitness: 0.16465999999999997
INFO:root:elite fitness: 0.28518
INFO:root:Generation: 181
INFO:root:pop fitness: 0.15885000000000002
INFO:root:elite fitness: 0.30258
INFO:root:Generation: 182
INFO:root:pop fitness: 0.15169
INFO:root:elite fitness: 0.27093999999999996
INFO:root:Generation: 183
INFO:root:pop fitness: 0.15392999999999998
INFO:root:elite fitness: 0.26004
INFO:root:Generation: 184
INFO:root:pop fitness: 0.16289
INFO:root:elite fitness: 0.3057
INFO:root:Generation: 185
INFO:root:pop fitness: 0.16611
INFO:root:elite fitness: 0.30604
INFO:root:Generation: 186
INFO:root:pop fitness: 0.16236
INFO:root:elite fitness: 0.28104
INFO:root:Generation: 187
INFO:root:pop fitness: 0.15826
INFO:root:elite fitness: 0.28444
INFO:root:Generation: 188
INFO:root:pop fitness: 0.15419999999999998
INFO:root:elite fitness: 0.27512000000000003
INFO:root:Generation: 189
INFO:root:pop fitness: 0.15526
INFO:root:elite fitness: 0.28531999999999996
INFO:root:Generation: 190
INFO:root:pop fitness: 0.15113
INFO:root:elite fitness: 0.27218
INFO:root:Generation: 191
INFO:root:pop fitness: 0.16097
INFO:root:elite fitness: 0.28969999999999996
INFO:root:Generation: 192
INFO:root:pop fitness: 0.15689999999999998
INFO:root:elite fitness: 0.28837999999999997
INFO:root:Generation: 193
INFO:root:pop fitness: 0.15155
INFO:root:elite fitness: 0.27834
INFO:root:Generation: 194
INFO:root:pop fitness: 0.16665999999999997
INFO:root:elite fitness: 0.29518
INFO:root:Generation: 195
INFO:root:pop fitness: 0.15705000000000002
INFO:root:elite fitness: 0.28502
INFO:root:Generation: 196
INFO:root:pop fitness: 0.15943
INFO:root:elite fitness: 0.28608
INFO:root:Generation: 197
INFO:root:pop fitness: 0.16503000000000007
INFO:root:elite fitness: 0.30986
INFO:root:Generation: 198
INFO:root:pop fitness: 0.17251999999999998
INFO:root:elite fitness: 0.30908
INFO:root:Generation: 199
INFO:root:pop fitness: 0.16075
INFO:root:elite fitness: 0.27818000000000004
