INFO:root:run_master: Namespace(arms='10', hidden='16', layers='3', max_gen='200', message='', mutation_mag='0.1', name='resetSteps', noise=False, pop_size='50', save_result=True, steps='1', trials='100')
INFO:root:run_master: Namespace(arms='10', hidden='16', layers='3', max_gen='200', message='', mutation_mag='0.1', name='resetSteps', noise=True, pop_size='50', save_result=True, steps='1', trials='100')
INFO:root:Generation: 0
INFO:root:pop fitness: 0.10060000000000002
INFO:root:elite fitness: 0.11284000000000001
INFO:root:Generation: 0
INFO:root:pop fitness: 0.10125999999999999
INFO:root:elite fitness: 0.11252000000000001
INFO:root:Generation: 1
INFO:root:pop fitness: 0.09824000000000002
INFO:root:elite fitness: 0.10976
INFO:root:Generation: 1
INFO:root:pop fitness: 0.0993
INFO:root:elite fitness: 0.11515999999999998
INFO:root:Generation: 2
INFO:root:pop fitness: 0.09952
INFO:root:elite fitness: 0.11552
INFO:root:Generation: 3
INFO:root:pop fitness: 0.10318000000000001
INFO:root:elite fitness: 0.11912
INFO:root:Generation: 2
INFO:root:pop fitness: 0.09724000000000002
INFO:root:elite fitness: 0.11427999999999999
INFO:root:Generation: 4
INFO:root:pop fitness: 0.09853999999999999
INFO:root:elite fitness: 0.1322
INFO:root:Generation: 5
INFO:root:pop fitness: 0.10168
INFO:root:elite fitness: 0.14048
INFO:root:Generation: 3
INFO:root:pop fitness: 0.09954
INFO:root:elite fitness: 0.11879999999999999
INFO:root:Generation: 6
INFO:root:pop fitness: 0.10394
INFO:root:elite fitness: 0.16448000000000002
INFO:root:Generation: 4
INFO:root:pop fitness: 0.09984000000000001
INFO:root:elite fitness: 0.12652000000000002
INFO:root:Generation: 7
INFO:root:pop fitness: 0.09192
INFO:root:elite fitness: 0.13948
INFO:root:Generation: 5
INFO:root:pop fitness: 0.10622
INFO:root:elite fitness: 0.15364
INFO:root:Generation: 8
INFO:root:pop fitness: 0.09684
INFO:root:elite fitness: 0.185
INFO:root:Generation: 9
INFO:root:pop fitness: 0.09552000000000001
INFO:root:elite fitness: 0.1744
INFO:root:Generation: 6
INFO:root:pop fitness: 0.10242
INFO:root:elite fitness: 0.15567999999999999
INFO:root:Generation: 10
INFO:root:pop fitness: 0.11786000000000002
INFO:root:elite fitness: 0.20104000000000002
INFO:root:Generation: 7
INFO:root:pop fitness: 0.11278
INFO:root:elite fitness: 0.1808
INFO:root:Generation: 11
INFO:root:pop fitness: 0.08858
INFO:root:elite fitness: 0.15503999999999998
INFO:root:Generation: 8
INFO:root:pop fitness: 0.10396
INFO:root:elite fitness: 0.15975999999999999
INFO:root:Generation: 12
INFO:root:pop fitness: 0.09938000000000001
INFO:root:elite fitness: 0.17276
INFO:root:Generation: 9
INFO:root:pop fitness: 0.09308000000000001
INFO:root:elite fitness: 0.15808
INFO:root:Generation: 13
INFO:root:pop fitness: 0.11298
INFO:root:elite fitness: 0.20648000000000002
INFO:root:Generation: 10
INFO:root:pop fitness: 0.10335999999999998
INFO:root:elite fitness: 0.1946
INFO:root:Generation: 14
INFO:root:pop fitness: 0.0792
INFO:root:elite fitness: 0.16652
INFO:root:Generation: 15
INFO:root:pop fitness: 0.09194
INFO:root:elite fitness: 0.18468
INFO:root:Generation: 11
INFO:root:pop fitness: 0.10244000000000002
INFO:root:elite fitness: 0.18216000000000002
INFO:root:Generation: 16
INFO:root:pop fitness: 0.10002000000000001
INFO:root:elite fitness: 0.20416
INFO:root:Generation: 17
INFO:root:pop fitness: 0.11366
INFO:root:elite fitness: 0.1956
INFO:root:Generation: 12
INFO:root:pop fitness: 0.10138000000000001
INFO:root:elite fitness: 0.19936000000000004
INFO:root:Generation: 18
INFO:root:pop fitness: 0.11917999999999998
INFO:root:elite fitness: 0.20972000000000002
INFO:root:Generation: 13
INFO:root:pop fitness: 0.08724
INFO:root:elite fitness: 0.20299999999999996
INFO:root:Generation: 19
INFO:root:pop fitness: 0.10946
INFO:root:elite fitness: 0.20284000000000002
INFO:root:Generation: 20
INFO:root:pop fitness: 0.11464000000000002
INFO:root:elite fitness: 0.21656000000000003
INFO:root:Generation: 14
INFO:root:pop fitness: 0.10822000000000001
INFO:root:elite fitness: 0.22339999999999996
INFO:root:Generation: 21
INFO:root:pop fitness: 0.11075999999999998
INFO:root:elite fitness: 0.22816
INFO:root:Generation: 15
INFO:root:pop fitness: 0.09596
INFO:root:elite fitness: 0.1868
INFO:root:Generation: 22
INFO:root:pop fitness: 0.10371999999999999
INFO:root:elite fitness: 0.19564000000000004
INFO:root:Generation: 23
INFO:root:pop fitness: 0.08742000000000001
INFO:root:elite fitness: 0.20232
INFO:root:Generation: 16
INFO:root:pop fitness: 0.10547999999999998
INFO:root:elite fitness: 0.21259999999999998
INFO:root:Generation: 24
INFO:root:pop fitness: 0.10690000000000001
INFO:root:elite fitness: 0.23983999999999997
INFO:root:Generation: 17
INFO:root:pop fitness: 0.10067999999999999
INFO:root:elite fitness: 0.22696000000000002
INFO:root:Generation: 25
INFO:root:pop fitness: 0.09690000000000001
INFO:root:elite fitness: 0.22572
INFO:root:Generation: 18
INFO:root:pop fitness: 0.10386000000000001
INFO:root:elite fitness: 0.22988
INFO:root:Generation: 26
INFO:root:pop fitness: 0.10618
INFO:root:elite fitness: 0.187
INFO:root:Generation: 19
INFO:root:pop fitness: 0.11562
INFO:root:elite fitness: 0.25284
INFO:root:Generation: 27
INFO:root:pop fitness: 0.10677999999999999
INFO:root:elite fitness: 0.23436
INFO:root:Generation: 28
INFO:root:pop fitness: 0.11076000000000001
INFO:root:elite fitness: 0.21100000000000002
INFO:root:Generation: 20
INFO:root:pop fitness: 0.10854000000000001
INFO:root:elite fitness: 0.24540000000000003
INFO:root:Generation: 29
INFO:root:pop fitness: 0.11686
INFO:root:elite fitness: 0.2146
INFO:root:Generation: 21
INFO:root:pop fitness: 0.11033999999999997
INFO:root:elite fitness: 0.20492000000000002
INFO:root:Generation: 30
INFO:root:pop fitness: 0.09941999999999998
INFO:root:elite fitness: 0.21704
INFO:root:Generation: 22
INFO:root:pop fitness: 0.11304
INFO:root:elite fitness: 0.23060000000000003
INFO:root:Generation: 31
INFO:root:pop fitness: 0.10490000000000001
INFO:root:elite fitness: 0.20759999999999998
INFO:root:Generation: 23
INFO:root:pop fitness: 0.12754000000000001
INFO:root:elite fitness: 0.24123999999999998
INFO:root:Generation: 32
INFO:root:pop fitness: 0.11829999999999999
INFO:root:elite fitness: 0.22875999999999996
INFO:root:Generation: 24
INFO:root:pop fitness: 0.09716000000000001
INFO:root:elite fitness: 0.21388000000000001
INFO:root:Generation: 33
INFO:root:pop fitness: 0.10865999999999999
INFO:root:elite fitness: 0.24547999999999998
INFO:root:Generation: 25
INFO:root:pop fitness: 0.10819999999999999
INFO:root:elite fitness: 0.2592
INFO:root:Generation: 34
INFO:root:pop fitness: 0.10762000000000001
INFO:root:elite fitness: 0.19632000000000002
INFO:root:Generation: 26
INFO:root:pop fitness: 0.11017999999999999
INFO:root:elite fitness: 0.26808
INFO:root:Generation: 35
INFO:root:pop fitness: 0.10996
INFO:root:elite fitness: 0.22604000000000002
INFO:root:Generation: 27
INFO:root:pop fitness: 0.10718
INFO:root:elite fitness: 0.20803999999999997
INFO:root:Generation: 36
INFO:root:pop fitness: 0.11862
INFO:root:elite fitness: 0.27232
INFO:root:Generation: 28
INFO:root:pop fitness: 0.11074
INFO:root:elite fitness: 0.21788
INFO:root:Generation: 37
INFO:root:pop fitness: 0.10318000000000001
INFO:root:elite fitness: 0.27872
INFO:root:Generation: 38
INFO:root:pop fitness: 0.09298000000000001
INFO:root:elite fitness: 0.17788
INFO:root:Generation: 29
INFO:root:pop fitness: 0.08980000000000002
INFO:root:elite fitness: 0.2026
INFO:root:Generation: 39
INFO:root:pop fitness: 0.12136000000000001
INFO:root:elite fitness: 0.24156
INFO:root:Generation: 30
INFO:root:pop fitness: 0.12404
INFO:root:elite fitness: 0.28912
INFO:root:Generation: 40
INFO:root:pop fitness: 0.09572000000000001
INFO:root:elite fitness: 0.22364
INFO:root:Generation: 41
INFO:root:pop fitness: 0.09096
INFO:root:elite fitness: 0.17504000000000006
INFO:root:Generation: 31
INFO:root:pop fitness: 0.10702
INFO:root:elite fitness: 0.20756
INFO:root:Generation: 42
INFO:root:pop fitness: 0.11036
INFO:root:elite fitness: 0.26312
INFO:root:Generation: 32
INFO:root:pop fitness: 0.1233
INFO:root:elite fitness: 0.26608
INFO:root:Generation: 43
INFO:root:pop fitness: 0.12058000000000002
INFO:root:elite fitness: 0.21636
INFO:root:Generation: 44
INFO:root:pop fitness: 0.11312
INFO:root:elite fitness: 0.24380000000000002
INFO:root:Generation: 33
INFO:root:pop fitness: 0.11894
INFO:root:elite fitness: 0.26748
INFO:root:Generation: 45
INFO:root:pop fitness: 0.10045999999999998
INFO:root:elite fitness: 0.20748
INFO:root:Generation: 34
INFO:root:pop fitness: 0.09391999999999999
INFO:root:elite fitness: 0.25204
INFO:root:Generation: 46
INFO:root:pop fitness: 0.12158
INFO:root:elite fitness: 0.24431999999999998
INFO:root:Generation: 47
INFO:root:pop fitness: 0.08616
INFO:root:elite fitness: 0.1832
INFO:root:Generation: 35
INFO:root:pop fitness: 0.10969999999999999
INFO:root:elite fitness: 0.23564
INFO:root:Generation: 48
INFO:root:pop fitness: 0.10572
INFO:root:elite fitness: 0.19235999999999998
INFO:root:Generation: 36
INFO:root:pop fitness: 0.11094000000000001
INFO:root:elite fitness: 0.22875999999999996
INFO:root:Generation: 49
INFO:root:pop fitness: 0.14154000000000003
INFO:root:elite fitness: 0.25239999999999996
INFO:root:Generation: 37
INFO:root:pop fitness: 0.13788
INFO:root:elite fitness: 0.27568
INFO:root:Generation: 50
INFO:root:pop fitness: 0.13402
INFO:root:elite fitness: 0.26904000000000006
INFO:root:Generation: 51
INFO:root:pop fitness: 0.11988000000000001
INFO:root:elite fitness: 0.24959999999999996
INFO:root:Generation: 38
INFO:root:pop fitness: 0.13406
INFO:root:elite fitness: 0.2818
INFO:root:Generation: 52
INFO:root:pop fitness: 0.12486000000000001
INFO:root:elite fitness: 0.23708
INFO:root:Generation: 39
INFO:root:pop fitness: 0.12444
INFO:root:elite fitness: 0.24252
INFO:root:Generation: 53
INFO:root:pop fitness: 0.15296
INFO:root:elite fitness: 0.27468
INFO:root:Generation: 40
INFO:root:pop fitness: 0.12766
INFO:root:elite fitness: 0.21764
INFO:root:Generation: 54
INFO:root:pop fitness: 0.14124000000000003
INFO:root:elite fitness: 0.2714
INFO:root:Generation: 55
INFO:root:pop fitness: 0.12544
INFO:root:elite fitness: 0.25683999999999996
INFO:root:Generation: 41
INFO:root:pop fitness: 0.13594
INFO:root:elite fitness: 0.29624
INFO:root:Generation: 56
INFO:root:pop fitness: 0.14446
INFO:root:elite fitness: 0.25112
INFO:root:Generation: 42
INFO:root:pop fitness: 0.10468
INFO:root:elite fitness: 0.27180000000000004
INFO:root:Generation: 57
INFO:root:pop fitness: 0.15222000000000002
INFO:root:elite fitness: 0.27644
INFO:root:Generation: 43
INFO:root:pop fitness: 0.12588
INFO:root:elite fitness: 0.24548000000000003
INFO:root:Generation: 58
INFO:root:pop fitness: 0.12698
INFO:root:elite fitness: 0.24836
INFO:root:Generation: 59
INFO:root:pop fitness: 0.13518
INFO:root:elite fitness: 0.24836000000000003
INFO:root:Generation: 44
INFO:root:pop fitness: 0.10288
INFO:root:elite fitness: 0.22527999999999998
INFO:root:Generation: 60
INFO:root:pop fitness: 0.13988
INFO:root:elite fitness: 0.30244
INFO:root:Generation: 45
INFO:root:pop fitness: 0.14622
INFO:root:elite fitness: 0.28212
INFO:root:Generation: 61
INFO:root:pop fitness: 0.14062
INFO:root:elite fitness: 0.26692
INFO:root:Generation: 46
INFO:root:pop fitness: 0.11960000000000001
INFO:root:elite fitness: 0.20747999999999997
INFO:root:Generation: 62
INFO:root:pop fitness: 0.13408
INFO:root:elite fitness: 0.30772000000000005
INFO:root:Generation: 63
INFO:root:pop fitness: 0.12082000000000001
INFO:root:elite fitness: 0.22652
INFO:root:Generation: 47
INFO:root:pop fitness: 0.11508000000000002
INFO:root:elite fitness: 0.25288
INFO:root:Generation: 64
INFO:root:pop fitness: 0.1692
INFO:root:elite fitness: 0.31108
INFO:root:Generation: 48
INFO:root:pop fitness: 0.15475999999999998
INFO:root:elite fitness: 0.31079999999999997
INFO:root:Generation: 65
INFO:root:pop fitness: 0.12646000000000002
INFO:root:elite fitness: 0.23800000000000004
INFO:root:Generation: 49
INFO:root:pop fitness: 0.12151999999999999
INFO:root:elite fitness: 0.24288
INFO:root:Generation: 66
INFO:root:pop fitness: 0.17276
INFO:root:elite fitness: 0.32676
INFO:root:Generation: 67
INFO:root:pop fitness: 0.14498
INFO:root:elite fitness: 0.25772
INFO:root:Generation: 50
INFO:root:pop fitness: 0.11470000000000001
INFO:root:elite fitness: 0.2352
INFO:root:Generation: 68
INFO:root:pop fitness: 0.12696
INFO:root:elite fitness: 0.23764000000000002
INFO:root:Generation: 51
INFO:root:pop fitness: 0.14554
INFO:root:elite fitness: 0.27371999999999996
INFO:root:Generation: 69
INFO:root:pop fitness: 0.14506
INFO:root:elite fitness: 0.25892
INFO:root:Generation: 52
INFO:root:pop fitness: 0.15818
INFO:root:elite fitness: 0.26411999999999997
INFO:root:Generation: 70
INFO:root:pop fitness: 0.155
INFO:root:elite fitness: 0.30451999999999996
INFO:root:Generation: 53
INFO:root:pop fitness: 0.14438
INFO:root:elite fitness: 0.25739999999999996
INFO:root:Generation: 71
INFO:root:pop fitness: 0.1555
INFO:root:elite fitness: 0.33192
INFO:root:Generation: 72
INFO:root:pop fitness: 0.14586000000000002
INFO:root:elite fitness: 0.23696
INFO:root:Generation: 54
INFO:root:pop fitness: 0.13238000000000003
INFO:root:elite fitness: 0.28628000000000003
INFO:root:Generation: 73
INFO:root:pop fitness: 0.15910000000000002
INFO:root:elite fitness: 0.29364
INFO:root:Generation: 55
INFO:root:pop fitness: 0.10823999999999998
INFO:root:elite fitness: 0.21015999999999999
INFO:root:Generation: 74
INFO:root:pop fitness: 0.15696
INFO:root:elite fitness: 0.31944
INFO:root:Generation: 75
INFO:root:pop fitness: 0.14288
INFO:root:elite fitness: 0.27488
INFO:root:Generation: 56
INFO:root:pop fitness: 0.13044
INFO:root:elite fitness: 0.24284000000000003
INFO:root:Generation: 76
INFO:root:pop fitness: 0.13112
INFO:root:elite fitness: 0.26272
INFO:root:Generation: 57
INFO:root:pop fitness: 0.09568
INFO:root:elite fitness: 0.23067999999999997
INFO:root:Generation: 77
INFO:root:pop fitness: 0.15382000000000004
INFO:root:elite fitness: 0.31984
INFO:root:Generation: 78
INFO:root:pop fitness: 0.13396
INFO:root:elite fitness: 0.274
INFO:root:Generation: 58
INFO:root:pop fitness: 0.13134
INFO:root:elite fitness: 0.24904
INFO:root:Generation: 79
INFO:root:pop fitness: 0.09971999999999999
INFO:root:elite fitness: 0.21328
INFO:root:Generation: 59
INFO:root:pop fitness: 0.12210000000000001
INFO:root:elite fitness: 0.26652000000000003
INFO:root:Generation: 60
INFO:root:pop fitness: 0.10371999999999999
INFO:root:elite fitness: 0.2014
INFO:root:Generation: 80
INFO:root:pop fitness: 0.14550000000000002
INFO:root:elite fitness: 0.30224000000000006
INFO:root:Generation: 61
INFO:root:pop fitness: 0.12118000000000001
INFO:root:elite fitness: 0.26872
INFO:root:Generation: 81
INFO:root:pop fitness: 0.14959999999999998
INFO:root:elite fitness: 0.24892
INFO:root:Generation: 82
INFO:root:pop fitness: 0.16776
INFO:root:elite fitness: 0.27531999999999995
INFO:root:Generation: 62
INFO:root:pop fitness: 0.11929999999999998
INFO:root:elite fitness: 0.24484000000000003
INFO:root:Generation: 83
INFO:root:pop fitness: 0.14604
INFO:root:elite fitness: 0.25744
INFO:root:Generation: 63
INFO:root:pop fitness: 0.12638000000000002
INFO:root:elite fitness: 0.25736
INFO:root:Generation: 84
INFO:root:pop fitness: 0.14870000000000003
INFO:root:elite fitness: 0.262
INFO:root:Generation: 64
INFO:root:pop fitness: 0.12988
INFO:root:elite fitness: 0.27496
INFO:root:Generation: 65
INFO:root:pop fitness: 0.11306000000000001
INFO:root:elite fitness: 0.23720000000000002
INFO:root:Generation: 85
INFO:root:pop fitness: 0.1202
INFO:root:elite fitness: 0.23224
INFO:root:Generation: 66
INFO:root:pop fitness: 0.1355
INFO:root:elite fitness: 0.26672
INFO:root:Generation: 86
INFO:root:pop fitness: 0.15794
INFO:root:elite fitness: 0.26492
INFO:root:Generation: 67
INFO:root:pop fitness: 0.147
INFO:root:elite fitness: 0.25532000000000005
INFO:root:Generation: 87
INFO:root:pop fitness: 0.1418
INFO:root:elite fitness: 0.2632
INFO:root:Generation: 88
INFO:root:pop fitness: 0.13774
INFO:root:elite fitness: 0.2384
INFO:root:Generation: 68
INFO:root:pop fitness: 0.11679999999999997
INFO:root:elite fitness: 0.26727999999999996
INFO:root:Generation: 89
INFO:root:pop fitness: 0.13776
INFO:root:elite fitness: 0.24896000000000001
INFO:root:Generation: 69
INFO:root:pop fitness: 0.12602
INFO:root:elite fitness: 0.23376000000000002
INFO:root:Generation: 90
INFO:root:pop fitness: 0.13652
INFO:root:elite fitness: 0.26044
INFO:root:Generation: 70
INFO:root:pop fitness: 0.1213
INFO:root:elite fitness: 0.23360000000000003
INFO:root:Generation: 91
INFO:root:pop fitness: 0.13722
INFO:root:elite fitness: 0.28028000000000003
INFO:root:Generation: 71
INFO:root:pop fitness: 0.12744
INFO:root:elite fitness: 0.23036000000000004
INFO:root:Generation: 92
INFO:root:pop fitness: 0.10415999999999999
INFO:root:elite fitness: 0.18939999999999999
INFO:root:Generation: 72
INFO:root:pop fitness: 0.14634
INFO:root:elite fitness: 0.29432
INFO:root:Generation: 93
INFO:root:pop fitness: 0.13672
INFO:root:elite fitness: 0.25299999999999995
INFO:root:Generation: 73
INFO:root:pop fitness: 0.1213
INFO:root:elite fitness: 0.22556
INFO:root:Generation: 94
INFO:root:pop fitness: 0.13224
INFO:root:elite fitness: 0.27732
INFO:root:Generation: 74
INFO:root:pop fitness: 0.12976
INFO:root:elite fitness: 0.26256
INFO:root:Generation: 75
INFO:root:pop fitness: 0.13054
INFO:root:elite fitness: 0.2626
INFO:root:Generation: 95
INFO:root:pop fitness: 0.1241
INFO:root:elite fitness: 0.26520000000000005
INFO:root:Generation: 76
INFO:root:pop fitness: 0.13196
INFO:root:elite fitness: 0.28132
INFO:root:Generation: 96
INFO:root:pop fitness: 0.12860000000000002
INFO:root:elite fitness: 0.25412
INFO:root:Generation: 77
INFO:root:pop fitness: 0.11690000000000002
INFO:root:elite fitness: 0.21136000000000002
INFO:root:Generation: 97
INFO:root:pop fitness: 0.15603999999999998
INFO:root:elite fitness: 0.26408
INFO:root:Generation: 78
INFO:root:pop fitness: 0.12241999999999999
INFO:root:elite fitness: 0.21036
INFO:root:Generation: 98
INFO:root:pop fitness: 0.11912
INFO:root:elite fitness: 0.25088
INFO:root:Generation: 99
INFO:root:pop fitness: 0.12828
INFO:root:elite fitness: 0.24783999999999998
INFO:root:Generation: 79
INFO:root:pop fitness: 0.14626
INFO:root:elite fitness: 0.26456
INFO:root:Generation: 100
INFO:root:pop fitness: 0.16282
INFO:root:elite fitness: 0.29288000000000003
INFO:root:Generation: 80
INFO:root:pop fitness: 0.14084
INFO:root:elite fitness: 0.26808000000000004
INFO:root:Generation: 101
INFO:root:pop fitness: 0.12168000000000001
INFO:root:elite fitness: 0.2502
INFO:root:Generation: 81
INFO:root:pop fitness: 0.11302000000000001
INFO:root:elite fitness: 0.19868000000000002
INFO:root:Generation: 102
INFO:root:pop fitness: 0.12458
INFO:root:elite fitness: 0.22132000000000002
INFO:root:Generation: 103
INFO:root:pop fitness: 0.13736
INFO:root:elite fitness: 0.25976000000000005
INFO:root:Generation: 82
INFO:root:pop fitness: 0.10214000000000001
INFO:root:elite fitness: 0.1934
INFO:root:Generation: 104
INFO:root:pop fitness: 0.11982
INFO:root:elite fitness: 0.23916
INFO:root:Generation: 105
INFO:root:pop fitness: 0.15364
INFO:root:elite fitness: 0.32228
INFO:root:Generation: 83
INFO:root:pop fitness: 0.11535999999999999
INFO:root:elite fitness: 0.22552
INFO:root:Generation: 106
INFO:root:pop fitness: 0.13831999999999997
INFO:root:elite fitness: 0.25915999999999995
INFO:root:Generation: 84
INFO:root:pop fitness: 0.12816
INFO:root:elite fitness: 0.26676
INFO:root:Generation: 107
INFO:root:pop fitness: 0.12544
INFO:root:elite fitness: 0.24608
INFO:root:Generation: 85
INFO:root:pop fitness: 0.13672
INFO:root:elite fitness: 0.2532
INFO:root:Generation: 108
INFO:root:pop fitness: 0.13258
INFO:root:elite fitness: 0.24371999999999996
INFO:root:Generation: 86
INFO:root:pop fitness: 0.13740000000000002
INFO:root:elite fitness: 0.2624
INFO:root:Generation: 109
INFO:root:pop fitness: 0.13632
INFO:root:elite fitness: 0.27556
INFO:root:Generation: 87
INFO:root:pop fitness: 0.12934
INFO:root:elite fitness: 0.24412
INFO:root:Generation: 88
INFO:root:pop fitness: 0.13398
INFO:root:elite fitness: 0.28143999999999997
INFO:root:Generation: 110
INFO:root:pop fitness: 0.16856
INFO:root:elite fitness: 0.27644
INFO:root:Generation: 89
INFO:root:pop fitness: 0.16704
INFO:root:elite fitness: 0.36184
INFO:root:Generation: 111
INFO:root:pop fitness: 0.1494
INFO:root:elite fitness: 0.268
INFO:root:Generation: 90
INFO:root:pop fitness: 0.1288
INFO:root:elite fitness: 0.24404000000000003
INFO:root:Generation: 112
INFO:root:pop fitness: 0.16674
INFO:root:elite fitness: 0.29096
INFO:root:Generation: 91
INFO:root:pop fitness: 0.13484
INFO:root:elite fitness: 0.24184
INFO:root:Generation: 113
INFO:root:pop fitness: 0.13146
INFO:root:elite fitness: 0.28684
INFO:root:Generation: 92
INFO:root:pop fitness: 0.13728
INFO:root:elite fitness: 0.24736
INFO:root:Generation: 114
INFO:root:pop fitness: 0.15416
INFO:root:elite fitness: 0.31636
INFO:root:Generation: 93
INFO:root:pop fitness: 0.14794000000000002
INFO:root:elite fitness: 0.29912000000000005
INFO:root:Generation: 94
INFO:root:pop fitness: 0.14004
INFO:root:elite fitness: 0.27824
INFO:root:Generation: 115
INFO:root:pop fitness: 0.1666
INFO:root:elite fitness: 0.25068
INFO:root:Generation: 95
INFO:root:pop fitness: 0.13024
INFO:root:elite fitness: 0.29524000000000006
INFO:root:Generation: 116
INFO:root:pop fitness: 0.1274
INFO:root:elite fitness: 0.24228000000000002
INFO:root:Generation: 96
INFO:root:pop fitness: 0.15541999999999997
INFO:root:elite fitness: 0.28216
INFO:root:Generation: 117
INFO:root:pop fitness: 0.10912000000000001
INFO:root:elite fitness: 0.19763999999999998
INFO:root:Generation: 118
INFO:root:pop fitness: 0.15766
INFO:root:elite fitness: 0.26016
INFO:root:Generation: 97
INFO:root:pop fitness: 0.13624
INFO:root:elite fitness: 0.25652
INFO:root:Generation: 98
INFO:root:pop fitness: 0.14248
INFO:root:elite fitness: 0.23916
INFO:root:Generation: 119
INFO:root:pop fitness: 0.15896000000000002
INFO:root:elite fitness: 0.33771999999999996
INFO:root:Generation: 99
INFO:root:pop fitness: 0.1506
INFO:root:elite fitness: 0.31816
INFO:root:Generation: 120
INFO:root:pop fitness: 0.12536
INFO:root:elite fitness: 0.25611999999999996
INFO:root:Generation: 100
INFO:root:pop fitness: 0.1505
INFO:root:elite fitness: 0.26664
INFO:root:Generation: 121
INFO:root:pop fitness: 0.12423999999999998
INFO:root:elite fitness: 0.24600000000000002
INFO:root:Generation: 101
INFO:root:pop fitness: 0.13149999999999998
INFO:root:elite fitness: 0.25483999999999996
INFO:root:Generation: 122
INFO:root:pop fitness: 0.12412000000000001
INFO:root:elite fitness: 0.24675999999999998
INFO:root:Generation: 102
INFO:root:pop fitness: 0.14946
INFO:root:elite fitness: 0.295
INFO:root:Generation: 123
INFO:root:pop fitness: 0.1519
INFO:root:elite fitness: 0.28600000000000003
INFO:root:Generation: 103
INFO:root:pop fitness: 0.16948
INFO:root:elite fitness: 0.31676000000000004
INFO:root:Generation: 124
INFO:root:pop fitness: 0.16416
INFO:root:elite fitness: 0.30432
INFO:root:Generation: 125
INFO:root:pop fitness: 0.12905999999999998
INFO:root:elite fitness: 0.3078
INFO:root:Generation: 104
INFO:root:pop fitness: 0.16426000000000002
INFO:root:elite fitness: 0.28931999999999997
INFO:root:Generation: 126
INFO:root:pop fitness: 0.14623999999999998
INFO:root:elite fitness: 0.25128
INFO:root:Generation: 105
INFO:root:pop fitness: 0.17144
INFO:root:elite fitness: 0.29328
INFO:root:Generation: 127
INFO:root:pop fitness: 0.15936
INFO:root:elite fitness: 0.31488
INFO:root:Generation: 106
INFO:root:pop fitness: 0.15560000000000002
INFO:root:elite fitness: 0.32004
INFO:root:Generation: 128
INFO:root:pop fitness: 0.16027999999999998
INFO:root:elite fitness: 0.27040000000000003
INFO:root:Generation: 107
INFO:root:pop fitness: 0.16207999999999997
INFO:root:elite fitness: 0.28204000000000007
INFO:root:Generation: 129
INFO:root:pop fitness: 0.1519
INFO:root:elite fitness: 0.29812
INFO:root:Generation: 108
INFO:root:pop fitness: 0.11112
INFO:root:elite fitness: 0.19799999999999998
INFO:root:Generation: 130
INFO:root:pop fitness: 0.165
INFO:root:elite fitness: 0.28596
INFO:root:Generation: 131
INFO:root:pop fitness: 0.1464
INFO:root:elite fitness: 0.28128
INFO:root:Generation: 109
INFO:root:pop fitness: 0.12854000000000002
INFO:root:elite fitness: 0.25616
INFO:root:Generation: 132
INFO:root:pop fitness: 0.16631999999999997
INFO:root:elite fitness: 0.29376
INFO:root:Generation: 110
INFO:root:pop fitness: 0.1293
INFO:root:elite fitness: 0.24484000000000003
INFO:root:Generation: 133
INFO:root:pop fitness: 0.12633999999999998
INFO:root:elite fitness: 0.2354
INFO:root:Generation: 111
INFO:root:pop fitness: 0.1411
INFO:root:elite fitness: 0.29984
INFO:root:Generation: 134
INFO:root:pop fitness: 0.13462
INFO:root:elite fitness: 0.26067999999999997
INFO:root:Generation: 112
INFO:root:pop fitness: 0.14806
INFO:root:elite fitness: 0.29212000000000005
INFO:root:Generation: 135
INFO:root:pop fitness: 0.13404
INFO:root:elite fitness: 0.23972000000000002
INFO:root:Generation: 136
INFO:root:pop fitness: 0.13557999999999998
INFO:root:elite fitness: 0.23440000000000005
INFO:root:Generation: 113
INFO:root:pop fitness: 0.16192
INFO:root:elite fitness: 0.29524
INFO:root:Generation: 137
INFO:root:pop fitness: 0.18739999999999998
INFO:root:elite fitness: 0.35367999999999994
INFO:root:Generation: 114
INFO:root:pop fitness: 0.18028000000000002
INFO:root:elite fitness: 0.31992
INFO:root:Generation: 138
INFO:root:pop fitness: 0.18182
INFO:root:elite fitness: 0.32332
INFO:root:Generation: 115
INFO:root:pop fitness: 0.1463
INFO:root:elite fitness: 0.28528000000000003
INFO:root:Generation: 139
INFO:root:pop fitness: 0.16259999999999997
INFO:root:elite fitness: 0.26924
INFO:root:Generation: 116
INFO:root:pop fitness: 0.15314
INFO:root:elite fitness: 0.27520000000000006
INFO:root:Generation: 140
INFO:root:pop fitness: 0.17139999999999997
INFO:root:elite fitness: 0.30779999999999996
INFO:root:Generation: 117
INFO:root:pop fitness: 0.15419999999999998
INFO:root:elite fitness: 0.2808
INFO:root:Generation: 141
INFO:root:pop fitness: 0.15326
INFO:root:elite fitness: 0.25432000000000005
INFO:root:Generation: 118
INFO:root:pop fitness: 0.12315999999999999
INFO:root:elite fitness: 0.27040000000000003
INFO:root:Generation: 142
INFO:root:pop fitness: 0.1628
INFO:root:elite fitness: 0.27592
INFO:root:Generation: 143
INFO:root:pop fitness: 0.1875
INFO:root:elite fitness: 0.28668
INFO:root:Generation: 119
INFO:root:pop fitness: 0.17360000000000003
INFO:root:elite fitness: 0.34568
INFO:root:Generation: 120
INFO:root:pop fitness: 0.1379
INFO:root:elite fitness: 0.25784
INFO:root:Generation: 144
INFO:root:pop fitness: 0.16174000000000002
INFO:root:elite fitness: 0.32904000000000005
INFO:root:Generation: 121
INFO:root:pop fitness: 0.13274
INFO:root:elite fitness: 0.26504
INFO:root:Generation: 145
INFO:root:pop fitness: 0.13019999999999998
INFO:root:elite fitness: 0.24392
INFO:root:Generation: 122
INFO:root:pop fitness: 0.12826
INFO:root:elite fitness: 0.30116
INFO:root:Generation: 146
INFO:root:pop fitness: 0.12301999999999999
INFO:root:elite fitness: 0.24008
INFO:root:Generation: 123
INFO:root:pop fitness: 0.14689999999999998
INFO:root:elite fitness: 0.28600000000000003
INFO:root:Generation: 147
INFO:root:pop fitness: 0.10418
INFO:root:elite fitness: 0.2096
INFO:root:Generation: 124
INFO:root:pop fitness: 0.14894
INFO:root:elite fitness: 0.316
INFO:root:Generation: 148
INFO:root:pop fitness: 0.15138000000000001
INFO:root:elite fitness: 0.29988
INFO:root:Generation: 125
INFO:root:pop fitness: 0.13888
INFO:root:elite fitness: 0.29776
INFO:root:Generation: 149
INFO:root:pop fitness: 0.15986
INFO:root:elite fitness: 0.2634
INFO:root:Generation: 126
INFO:root:pop fitness: 0.1426
INFO:root:elite fitness: 0.2874
INFO:root:Generation: 150
INFO:root:pop fitness: 0.15654
INFO:root:elite fitness: 0.28144
INFO:root:Generation: 127
INFO:root:pop fitness: 0.13964000000000001
INFO:root:elite fitness: 0.27740000000000004
INFO:root:Generation: 151
INFO:root:pop fitness: 0.14872000000000002
INFO:root:elite fitness: 0.25152
INFO:root:Generation: 128
INFO:root:pop fitness: 0.1441
INFO:root:elite fitness: 0.26408000000000004
INFO:root:Generation: 152
INFO:root:pop fitness: 0.16974
INFO:root:elite fitness: 0.29024
INFO:root:Generation: 129
INFO:root:pop fitness: 0.16646000000000005
INFO:root:elite fitness: 0.32304
INFO:root:Generation: 153
INFO:root:pop fitness: 0.17567999999999998
INFO:root:elite fitness: 0.3122
INFO:root:Generation: 130
INFO:root:pop fitness: 0.16796
INFO:root:elite fitness: 0.31844
INFO:root:Generation: 154
INFO:root:pop fitness: 0.1668
INFO:root:elite fitness: 0.2754
INFO:root:Generation: 131
INFO:root:pop fitness: 0.12476000000000001
INFO:root:elite fitness: 0.25264
INFO:root:Generation: 155
INFO:root:pop fitness: 0.1727
INFO:root:elite fitness: 0.28108
INFO:root:Generation: 132
INFO:root:pop fitness: 0.17805999999999997
INFO:root:elite fitness: 0.31512000000000007
INFO:root:Generation: 156
INFO:root:pop fitness: 0.17976
INFO:root:elite fitness: 0.30276000000000003
INFO:root:Generation: 133
INFO:root:pop fitness: 0.17495999999999998
INFO:root:elite fitness: 0.27880000000000005
INFO:root:Generation: 157
INFO:root:pop fitness: 0.14888
INFO:root:elite fitness: 0.29144000000000003
INFO:root:Generation: 134
INFO:root:pop fitness: 0.17966000000000001
INFO:root:elite fitness: 0.31744
INFO:root:Generation: 158
INFO:root:pop fitness: 0.18444
INFO:root:elite fitness: 0.37383999999999995
INFO:root:Generation: 135
INFO:root:pop fitness: 0.17598
INFO:root:elite fitness: 0.31276
INFO:root:Generation: 159
INFO:root:pop fitness: 0.15706
INFO:root:elite fitness: 0.33232
INFO:root:Generation: 136
INFO:root:pop fitness: 0.15744
INFO:root:elite fitness: 0.327
INFO:root:Generation: 160
INFO:root:pop fitness: 0.17048
INFO:root:elite fitness: 0.29916
INFO:root:Generation: 137
INFO:root:pop fitness: 0.15806
INFO:root:elite fitness: 0.29016
INFO:root:Generation: 161
INFO:root:pop fitness: 0.17609999999999995
INFO:root:elite fitness: 0.3365600000000001
INFO:root:Generation: 138
INFO:root:pop fitness: 0.14623999999999998
INFO:root:elite fitness: 0.26072
INFO:root:Generation: 162
INFO:root:pop fitness: 0.16699999999999998
INFO:root:elite fitness: 0.31104
INFO:root:Generation: 139
INFO:root:pop fitness: 0.15066000000000002
INFO:root:elite fitness: 0.282
INFO:root:Generation: 163
INFO:root:pop fitness: 0.15036000000000002
INFO:root:elite fitness: 0.32664000000000004
INFO:root:Generation: 140
INFO:root:pop fitness: 0.15346
INFO:root:elite fitness: 0.29596
INFO:root:Generation: 164
INFO:root:pop fitness: 0.14618
INFO:root:elite fitness: 0.23392
INFO:root:Generation: 141
INFO:root:pop fitness: 0.1384
INFO:root:elite fitness: 0.26124
INFO:root:Generation: 165
INFO:root:pop fitness: 0.15918
INFO:root:elite fitness: 0.31416
INFO:root:Generation: 142
INFO:root:pop fitness: 0.13804
INFO:root:elite fitness: 0.25904000000000005
INFO:root:Generation: 166
INFO:root:pop fitness: 0.15961999999999998
INFO:root:elite fitness: 0.29296
INFO:root:Generation: 143
INFO:root:pop fitness: 0.14193999999999998
INFO:root:elite fitness: 0.26504
INFO:root:Generation: 167
INFO:root:pop fitness: 0.15839999999999999
INFO:root:elite fitness: 0.28543999999999997
INFO:root:Generation: 144
INFO:root:pop fitness: 0.12976000000000001
INFO:root:elite fitness: 0.29072
INFO:root:Generation: 168
INFO:root:pop fitness: 0.16376000000000002
INFO:root:elite fitness: 0.32524000000000003
INFO:root:Generation: 169
INFO:root:pop fitness: 0.16393999999999997
INFO:root:elite fitness: 0.30572
INFO:root:Generation: 145
INFO:root:pop fitness: 0.1286
INFO:root:elite fitness: 0.25584
INFO:root:Generation: 170
INFO:root:pop fitness: 0.16158
INFO:root:elite fitness: 0.30556
INFO:root:Generation: 171
INFO:root:pop fitness: 0.18898
INFO:root:elite fitness: 0.34324000000000005
INFO:root:Generation: 146
INFO:root:pop fitness: 0.18181999999999998
INFO:root:elite fitness: 0.29612
INFO:root:Generation: 172
INFO:root:pop fitness: 0.16286
INFO:root:elite fitness: 0.30444000000000004
INFO:root:Generation: 147
INFO:root:pop fitness: 0.14501999999999998
INFO:root:elite fitness: 0.26952000000000004
INFO:root:Generation: 173
INFO:root:pop fitness: 0.16688
INFO:root:elite fitness: 0.26908
INFO:root:Generation: 148
INFO:root:pop fitness: 0.16144000000000003
INFO:root:elite fitness: 0.31128000000000006
INFO:root:Generation: 174
INFO:root:pop fitness: 0.17994
INFO:root:elite fitness: 0.31592000000000003
INFO:root:Generation: 149
INFO:root:pop fitness: 0.15224000000000001
INFO:root:elite fitness: 0.29828
INFO:root:Generation: 175
INFO:root:pop fitness: 0.15692000000000003
INFO:root:elite fitness: 0.30488
INFO:root:Generation: 176
INFO:root:pop fitness: 0.15734
INFO:root:elite fitness: 0.29907999999999996
INFO:root:Generation: 150
INFO:root:pop fitness: 0.13956
INFO:root:elite fitness: 0.3144
INFO:root:Generation: 177
INFO:root:pop fitness: 0.16838
INFO:root:elite fitness: 0.31444
INFO:root:Generation: 151
INFO:root:pop fitness: 0.13906
INFO:root:elite fitness: 0.293
INFO:root:Generation: 178
INFO:root:pop fitness: 0.16254
INFO:root:elite fitness: 0.28576
INFO:root:Generation: 152
INFO:root:pop fitness: 0.12118000000000001
INFO:root:elite fitness: 0.21836000000000003
INFO:root:Generation: 179
INFO:root:pop fitness: 0.18326
INFO:root:elite fitness: 0.30456000000000005
INFO:root:Generation: 180
INFO:root:pop fitness: 0.19154000000000004
INFO:root:elite fitness: 0.37683999999999995
INFO:root:Generation: 153
INFO:root:pop fitness: 0.16188
INFO:root:elite fitness: 0.30356
INFO:root:Generation: 181
INFO:root:pop fitness: 0.15368
INFO:root:elite fitness: 0.3264
INFO:root:Generation: 154
INFO:root:pop fitness: 0.17592000000000002
INFO:root:elite fitness: 0.29992
INFO:root:Generation: 182
INFO:root:pop fitness: 0.16269999999999998
INFO:root:elite fitness: 0.26936
INFO:root:Generation: 155
INFO:root:pop fitness: 0.17611999999999997
INFO:root:elite fitness: 0.30876000000000003
INFO:root:Generation: 183
INFO:root:pop fitness: 0.18378
INFO:root:elite fitness: 0.3539200000000001
INFO:root:Generation: 184
INFO:root:pop fitness: 0.16224
INFO:root:elite fitness: 0.29172000000000003
INFO:root:Generation: 156
INFO:root:pop fitness: 0.1691
INFO:root:elite fitness: 0.27252
INFO:root:Generation: 157
INFO:root:pop fitness: 0.16384
INFO:root:elite fitness: 0.30576000000000003
INFO:root:Generation: 185
INFO:root:pop fitness: 0.17085999999999998
INFO:root:elite fitness: 0.32348
INFO:root:Generation: 186
INFO:root:pop fitness: 0.17153999999999997
INFO:root:elite fitness: 0.28696
INFO:root:Generation: 158
INFO:root:pop fitness: 0.14854
INFO:root:elite fitness: 0.25952
INFO:root:Generation: 187
INFO:root:pop fitness: 0.16346000000000005
INFO:root:elite fitness: 0.30560000000000004
INFO:root:Generation: 159
INFO:root:pop fitness: 0.15392
INFO:root:elite fitness: 0.26
INFO:root:Generation: 188
INFO:root:pop fitness: 0.14121999999999998
INFO:root:elite fitness: 0.27204
INFO:root:Generation: 160
INFO:root:pop fitness: 0.1539
INFO:root:elite fitness: 0.34739999999999993
INFO:root:Generation: 189
INFO:root:pop fitness: 0.17170000000000002
INFO:root:elite fitness: 0.29896000000000006
INFO:root:Generation: 161
INFO:root:pop fitness: 0.14998
INFO:root:elite fitness: 0.26844
INFO:root:Generation: 190
INFO:root:pop fitness: 0.13774
INFO:root:elite fitness: 0.28324
INFO:root:Generation: 162
INFO:root:pop fitness: 0.1575
INFO:root:elite fitness: 0.27359999999999995
INFO:root:Generation: 191
INFO:root:pop fitness: 0.1771
INFO:root:elite fitness: 0.30488000000000004
INFO:root:Generation: 192
INFO:root:pop fitness: 0.15544
INFO:root:elite fitness: 0.32104
INFO:root:Generation: 163
INFO:root:pop fitness: 0.16998000000000002
INFO:root:elite fitness: 0.28232
INFO:root:Generation: 193
INFO:root:pop fitness: 0.14792
INFO:root:elite fitness: 0.27908
INFO:root:Generation: 164
INFO:root:pop fitness: 0.17855999999999997
INFO:root:elite fitness: 0.33456
INFO:root:Generation: 194
INFO:root:pop fitness: 0.16478
INFO:root:elite fitness: 0.3102
INFO:root:Generation: 165
INFO:root:pop fitness: 0.16668
INFO:root:elite fitness: 0.30028000000000005
INFO:root:Generation: 195
INFO:root:pop fitness: 0.14496
INFO:root:elite fitness: 0.27244
INFO:root:Generation: 166
INFO:root:pop fitness: 0.17732000000000003
INFO:root:elite fitness: 0.30508
INFO:root:Generation: 196
INFO:root:pop fitness: 0.15911999999999998
INFO:root:elite fitness: 0.25732
INFO:root:Generation: 167
INFO:root:pop fitness: 0.16380000000000003
INFO:root:elite fitness: 0.34167999999999993
INFO:root:Generation: 197
INFO:root:pop fitness: 0.15045999999999998
INFO:root:elite fitness: 0.26248
INFO:root:Generation: 168
INFO:root:pop fitness: 0.14046
INFO:root:elite fitness: 0.22876000000000002
INFO:root:Generation: 198
INFO:root:pop fitness: 0.13340000000000002
INFO:root:elite fitness: 0.24224
INFO:root:Generation: 169
INFO:root:pop fitness: 0.1492
INFO:root:elite fitness: 0.2632
INFO:root:Generation: 199
INFO:root:pop fitness: 0.17598
INFO:root:elite fitness: 0.29624
INFO:root:Generation: 170
INFO:root:pop fitness: 0.15178
INFO:root:elite fitness: 0.31508
INFO:root:Generation: 171
INFO:root:pop fitness: 0.20331999999999997
INFO:root:elite fitness: 0.38720000000000004
INFO:root:Generation: 172
INFO:root:pop fitness: 0.17104
INFO:root:elite fitness: 0.34188
INFO:root:Generation: 173
INFO:root:pop fitness: 0.16388000000000003
INFO:root:elite fitness: 0.30424
INFO:root:Generation: 174
INFO:root:pop fitness: 0.17516
INFO:root:elite fitness: 0.32572
INFO:root:Generation: 175
INFO:root:pop fitness: 0.16496000000000002
INFO:root:elite fitness: 0.28656
INFO:root:Generation: 176
INFO:root:pop fitness: 0.19814
INFO:root:elite fitness: 0.31151999999999996
INFO:root:Generation: 177
INFO:root:pop fitness: 0.18803999999999998
INFO:root:elite fitness: 0.34647999999999995
INFO:root:Generation: 178
INFO:root:pop fitness: 0.18170000000000003
INFO:root:elite fitness: 0.3286
INFO:root:Generation: 179
INFO:root:pop fitness: 0.17742000000000002
INFO:root:elite fitness: 0.29096000000000005
INFO:root:Generation: 180
INFO:root:pop fitness: 0.17387999999999998
INFO:root:elite fitness: 0.31272
INFO:root:Generation: 181
INFO:root:pop fitness: 0.15842
INFO:root:elite fitness: 0.3136
INFO:root:Generation: 182
INFO:root:pop fitness: 0.16139999999999996
INFO:root:elite fitness: 0.31851999999999997
INFO:root:Generation: 183
INFO:root:pop fitness: 0.16552
INFO:root:elite fitness: 0.30255999999999994
INFO:root:Generation: 184
INFO:root:pop fitness: 0.13094
INFO:root:elite fitness: 0.24952000000000002
INFO:root:Generation: 185
INFO:root:pop fitness: 0.14766
INFO:root:elite fitness: 0.30196000000000006
INFO:root:Generation: 186
INFO:root:pop fitness: 0.13278
INFO:root:elite fitness: 0.32683999999999996
INFO:root:Generation: 187
INFO:root:pop fitness: 0.14936
INFO:root:elite fitness: 0.29704
INFO:root:Generation: 188
INFO:root:pop fitness: 0.1309
INFO:root:elite fitness: 0.2712
INFO:root:Generation: 189
INFO:root:pop fitness: 0.17478000000000002
INFO:root:elite fitness: 0.31528
INFO:root:Generation: 190
INFO:root:pop fitness: 0.11722000000000002
INFO:root:elite fitness: 0.23468
INFO:root:Generation: 191
INFO:root:pop fitness: 0.15367999999999998
INFO:root:elite fitness: 0.3116
INFO:root:Generation: 192
INFO:root:pop fitness: 0.15567999999999999
INFO:root:elite fitness: 0.27771999999999997
INFO:root:Generation: 193
INFO:root:pop fitness: 0.15517999999999998
INFO:root:elite fitness: 0.29188
INFO:root:Generation: 194
INFO:root:pop fitness: 0.15252000000000002
INFO:root:elite fitness: 0.24480000000000002
INFO:root:Generation: 195
INFO:root:pop fitness: 0.17220000000000002
INFO:root:elite fitness: 0.32012
INFO:root:Generation: 196
INFO:root:pop fitness: 0.1758
INFO:root:elite fitness: 0.33176
INFO:root:Generation: 197
INFO:root:pop fitness: 0.12732
INFO:root:elite fitness: 0.2744
INFO:root:Generation: 198
INFO:root:pop fitness: 0.14672
INFO:root:elite fitness: 0.26868
INFO:root:Generation: 199
INFO:root:pop fitness: 0.15688
INFO:root:elite fitness: 0.26336000000000004
