INFO:root:run_master: Namespace(arms='10', hidden='8', layers='1', max_gen='200', message='', mutation_mag='0.1', name='resetEnv50_v2', noise=False, pop_size='100', save_result=True, trials='100')
INFO:root:run_master: Namespace(arms='10', hidden='8', layers='1', max_gen='200', message='', mutation_mag='0.1', name='resetEnv50_v2', noise=True, pop_size='100', save_result=True, trials='100')
INFO:root:Generation: 0
INFO:root:pop fitness: 0.09850999999999999
INFO:root:elite fitness: 0.11439999999999997
INFO:root:Generation: 0
INFO:root:pop fitness: 0.10144000000000002
INFO:root:elite fitness: 0.11156
INFO:root:Generation: 1
INFO:root:pop fitness: 0.10067999999999998
INFO:root:elite fitness: 0.1193
INFO:root:Generation: 1
INFO:root:pop fitness: 0.10039999999999999
INFO:root:elite fitness: 0.11620000000000001
INFO:root:Generation: 2
INFO:root:pop fitness: 0.10118
INFO:root:elite fitness: 0.11571999999999999
INFO:root:Generation: 2
INFO:root:pop fitness: 0.09901999999999997
INFO:root:elite fitness: 0.12038
INFO:root:Generation: 3
INFO:root:pop fitness: 0.09994000000000001
INFO:root:elite fitness: 0.11886
INFO:root:Generation: 3
INFO:root:pop fitness: 0.09937999999999998
INFO:root:elite fitness: 0.11866
INFO:root:Generation: 4
INFO:root:pop fitness: 0.09911000000000003
INFO:root:elite fitness: 0.12406
INFO:root:Generation: 4
INFO:root:pop fitness: 0.09942999999999999
INFO:root:elite fitness: 0.12072
INFO:root:Generation: 5
INFO:root:pop fitness: 0.09986
INFO:root:elite fitness: 0.12752
INFO:root:Generation: 5
INFO:root:pop fitness: 0.10013999999999998
INFO:root:elite fitness: 0.12598
INFO:root:Generation: 6
INFO:root:pop fitness: 0.10157
INFO:root:elite fitness: 0.12918000000000002
INFO:root:Generation: 6
INFO:root:pop fitness: 0.09754999999999998
INFO:root:elite fitness: 0.12032000000000002
INFO:root:Generation: 7
INFO:root:pop fitness: 0.10458
INFO:root:elite fitness: 0.14076
INFO:root:Generation: 7
INFO:root:pop fitness: 0.10213
INFO:root:elite fitness: 0.13726000000000002
INFO:root:Generation: 8
INFO:root:pop fitness: 0.09707999999999999
INFO:root:elite fitness: 0.13218
INFO:root:Generation: 9
INFO:root:pop fitness: 0.10039000000000002
INFO:root:elite fitness: 0.14594000000000001
INFO:root:Generation: 8
INFO:root:pop fitness: 0.09667999999999999
INFO:root:elite fitness: 0.14617999999999998
INFO:root:Generation: 10
INFO:root:pop fitness: 0.10529000000000002
INFO:root:elite fitness: 0.151
INFO:root:Generation: 9
INFO:root:pop fitness: 0.10488
INFO:root:elite fitness: 0.15386
INFO:root:Generation: 11
INFO:root:pop fitness: 0.10531999999999998
INFO:root:elite fitness: 0.15764
INFO:root:Generation: 10
INFO:root:pop fitness: 0.10068000000000003
INFO:root:elite fitness: 0.16462
INFO:root:Generation: 12
INFO:root:pop fitness: 0.09878
INFO:root:elite fitness: 0.15852000000000002
INFO:root:Generation: 11
INFO:root:pop fitness: 0.10563
INFO:root:elite fitness: 0.15644
INFO:root:Generation: 13
INFO:root:pop fitness: 0.10350999999999999
INFO:root:elite fitness: 0.15738000000000002
INFO:root:Generation: 12
INFO:root:pop fitness: 0.10613999999999998
INFO:root:elite fitness: 0.1845
INFO:root:Generation: 14
INFO:root:pop fitness: 0.11449999999999999
INFO:root:elite fitness: 0.18722000000000003
INFO:root:Generation: 13
INFO:root:pop fitness: 0.09803
INFO:root:elite fitness: 0.16132000000000002
INFO:root:Generation: 15
INFO:root:pop fitness: 0.10176
INFO:root:elite fitness: 0.17857999999999996
INFO:root:Generation: 14
INFO:root:pop fitness: 0.10836000000000003
INFO:root:elite fitness: 0.17399999999999996
INFO:root:Generation: 16
INFO:root:pop fitness: 0.11668
INFO:root:elite fitness: 0.18697999999999998
INFO:root:Generation: 15
INFO:root:pop fitness: 0.11371999999999999
INFO:root:elite fitness: 0.17606
INFO:root:Generation: 17
INFO:root:pop fitness: 0.11372000000000002
INFO:root:elite fitness: 0.1975
INFO:root:Generation: 18
INFO:root:pop fitness: 0.11102000000000001
INFO:root:elite fitness: 0.22218
INFO:root:Generation: 16
INFO:root:pop fitness: 0.1003
INFO:root:elite fitness: 0.15948
INFO:root:Generation: 19
INFO:root:pop fitness: 0.10402000000000002
INFO:root:elite fitness: 0.18483999999999998
INFO:root:Generation: 17
INFO:root:pop fitness: 0.10554000000000001
INFO:root:elite fitness: 0.18056000000000005
INFO:root:Generation: 20
INFO:root:pop fitness: 0.10794000000000002
INFO:root:elite fitness: 0.19970000000000002
INFO:root:Generation: 18
INFO:root:pop fitness: 0.11013
INFO:root:elite fitness: 0.20105999999999993
INFO:root:Generation: 21
INFO:root:pop fitness: 0.12237999999999999
INFO:root:elite fitness: 0.21973999999999996
INFO:root:Generation: 19
INFO:root:pop fitness: 0.11238999999999999
INFO:root:elite fitness: 0.1857
INFO:root:Generation: 22
INFO:root:pop fitness: 0.10703999999999998
INFO:root:elite fitness: 0.22010000000000002
INFO:root:Generation: 20
INFO:root:pop fitness: 0.10862
INFO:root:elite fitness: 0.18532000000000004
INFO:root:Generation: 23
INFO:root:pop fitness: 0.11746000000000002
INFO:root:elite fitness: 0.20458
INFO:root:Generation: 21
INFO:root:pop fitness: 0.10183
INFO:root:elite fitness: 0.18131999999999998
INFO:root:Generation: 24
INFO:root:pop fitness: 0.12797
INFO:root:elite fitness: 0.22810000000000002
INFO:root:Generation: 22
INFO:root:pop fitness: 0.10264000000000001
INFO:root:elite fitness: 0.19580000000000003
INFO:root:Generation: 25
INFO:root:pop fitness: 0.13367
INFO:root:elite fitness: 0.24350000000000002
INFO:root:Generation: 26
INFO:root:pop fitness: 0.12447000000000001
INFO:root:elite fitness: 0.22036
INFO:root:Generation: 23
INFO:root:pop fitness: 0.11291999999999999
INFO:root:elite fitness: 0.19155999999999998
INFO:root:Generation: 27
INFO:root:pop fitness: 0.12672
INFO:root:elite fitness: 0.24398
INFO:root:Generation: 24
INFO:root:pop fitness: 0.11785
INFO:root:elite fitness: 0.20902
INFO:root:Generation: 28
INFO:root:pop fitness: 0.13316
INFO:root:elite fitness: 0.23534
INFO:root:Generation: 25
INFO:root:pop fitness: 0.10674000000000002
INFO:root:elite fitness: 0.18317999999999998
INFO:root:Generation: 29
INFO:root:pop fitness: 0.11948
INFO:root:elite fitness: 0.2075
INFO:root:Generation: 26
INFO:root:pop fitness: 0.11596999999999998
INFO:root:elite fitness: 0.21868
INFO:root:Generation: 30
INFO:root:pop fitness: 0.12557000000000001
INFO:root:elite fitness: 0.22260000000000002
INFO:root:Generation: 27
INFO:root:pop fitness: 0.12357
INFO:root:elite fitness: 0.22482
INFO:root:Generation: 31
INFO:root:pop fitness: 0.12411999999999997
INFO:root:elite fitness: 0.24773999999999996
INFO:root:Generation: 28
INFO:root:pop fitness: 0.13036999999999999
INFO:root:elite fitness: 0.23954000000000003
INFO:root:Generation: 32
INFO:root:pop fitness: 0.12185
INFO:root:elite fitness: 0.22710000000000005
INFO:root:Generation: 29
INFO:root:pop fitness: 0.12977
INFO:root:elite fitness: 0.2146
INFO:root:Generation: 33
INFO:root:pop fitness: 0.13817999999999997
INFO:root:elite fitness: 0.23414
INFO:root:Generation: 30
INFO:root:pop fitness: 0.12273000000000002
INFO:root:elite fitness: 0.23468
INFO:root:Generation: 34
INFO:root:pop fitness: 0.13326999999999997
INFO:root:elite fitness: 0.21972000000000005
INFO:root:Generation: 35
INFO:root:pop fitness: 0.13155
INFO:root:elite fitness: 0.25224
INFO:root:Generation: 31
INFO:root:pop fitness: 0.11399000000000001
INFO:root:elite fitness: 0.21911999999999998
INFO:root:Generation: 36
INFO:root:pop fitness: 0.11546000000000001
INFO:root:elite fitness: 0.21547999999999998
INFO:root:Generation: 32
INFO:root:pop fitness: 0.12978
INFO:root:elite fitness: 0.22956
INFO:root:Generation: 37
INFO:root:pop fitness: 0.13916
INFO:root:elite fitness: 0.26278
INFO:root:Generation: 33
INFO:root:pop fitness: 0.10703000000000001
INFO:root:elite fitness: 0.20568
INFO:root:Generation: 38
INFO:root:pop fitness: 0.12439999999999998
INFO:root:elite fitness: 0.2161
INFO:root:Generation: 34
INFO:root:pop fitness: 0.12714999999999999
INFO:root:elite fitness: 0.22939999999999994
INFO:root:Generation: 39
INFO:root:pop fitness: 0.12151999999999999
INFO:root:elite fitness: 0.24362000000000003
INFO:root:Generation: 35
INFO:root:pop fitness: 0.11983
INFO:root:elite fitness: 0.21313999999999997
INFO:root:Generation: 40
INFO:root:pop fitness: 0.134
INFO:root:elite fitness: 0.25787999999999994
INFO:root:Generation: 36
INFO:root:pop fitness: 0.12658000000000003
INFO:root:elite fitness: 0.26352
INFO:root:Generation: 41
INFO:root:pop fitness: 0.12871
INFO:root:elite fitness: 0.22829999999999998
INFO:root:Generation: 37
INFO:root:pop fitness: 0.13136
INFO:root:elite fitness: 0.24652000000000002
INFO:root:Generation: 42
INFO:root:pop fitness: 0.12966999999999998
INFO:root:elite fitness: 0.24073999999999998
INFO:root:Generation: 38
INFO:root:pop fitness: 0.13026
INFO:root:elite fitness: 0.23497999999999997
INFO:root:Generation: 43
INFO:root:pop fitness: 0.11248
INFO:root:elite fitness: 0.21226
INFO:root:Generation: 44
INFO:root:pop fitness: 0.12144
INFO:root:elite fitness: 0.22426000000000001
INFO:root:Generation: 39
INFO:root:pop fitness: 0.12379000000000001
INFO:root:elite fitness: 0.24475999999999998
INFO:root:Generation: 45
INFO:root:pop fitness: 0.13419999999999999
INFO:root:elite fitness: 0.24902000000000002
INFO:root:Generation: 40
INFO:root:pop fitness: 0.11867000000000001
INFO:root:elite fitness: 0.21904000000000004
INFO:root:Generation: 46
INFO:root:pop fitness: 0.12844
INFO:root:elite fitness: 0.21408000000000002
INFO:root:Generation: 41
INFO:root:pop fitness: 0.12503
INFO:root:elite fitness: 0.24304000000000003
INFO:root:Generation: 47
INFO:root:pop fitness: 0.12272
INFO:root:elite fitness: 0.20682000000000003
INFO:root:Generation: 42
INFO:root:pop fitness: 0.13322
INFO:root:elite fitness: 0.24656
INFO:root:Generation: 48
INFO:root:pop fitness: 0.13576
INFO:root:elite fitness: 0.24825999999999998
INFO:root:Generation: 43
INFO:root:pop fitness: 0.12593
INFO:root:elite fitness: 0.22593999999999997
INFO:root:Generation: 49
INFO:root:pop fitness: 0.12985000000000002
INFO:root:elite fitness: 0.23326000000000005
INFO:root:Generation: 44
INFO:root:pop fitness: 0.13548
INFO:root:elite fitness: 0.23450000000000004
INFO:root:Generation: 50
INFO:root:pop fitness: 0.12051
INFO:root:elite fitness: 0.22436000000000003
INFO:root:Generation: 45
INFO:root:pop fitness: 0.12900000000000003
INFO:root:elite fitness: 0.22504000000000002
INFO:root:Generation: 51
INFO:root:pop fitness: 0.11476999999999998
INFO:root:elite fitness: 0.21407999999999994
INFO:root:Generation: 46
INFO:root:pop fitness: 0.12907
INFO:root:elite fitness: 0.22182
INFO:root:Generation: 52
INFO:root:pop fitness: 0.12191999999999999
INFO:root:elite fitness: 0.20395999999999997
INFO:root:Generation: 53
INFO:root:pop fitness: 0.11104000000000001
INFO:root:elite fitness: 0.21792
INFO:root:Generation: 47
INFO:root:pop fitness: 0.13219999999999998
INFO:root:elite fitness: 0.25224
INFO:root:Generation: 54
INFO:root:pop fitness: 0.12452999999999999
INFO:root:elite fitness: 0.21654000000000004
INFO:root:Generation: 48
INFO:root:pop fitness: 0.13078999999999996
INFO:root:elite fitness: 0.23332
INFO:root:Generation: 55
INFO:root:pop fitness: 0.11467000000000002
INFO:root:elite fitness: 0.23623999999999998
INFO:root:Generation: 49
INFO:root:pop fitness: 0.12516
INFO:root:elite fitness: 0.23802
INFO:root:Generation: 56
INFO:root:pop fitness: 0.12902999999999998
INFO:root:elite fitness: 0.26804
INFO:root:Generation: 50
INFO:root:pop fitness: 0.13321999999999998
INFO:root:elite fitness: 0.2579
INFO:root:Generation: 57
INFO:root:pop fitness: 0.14617999999999998
INFO:root:elite fitness: 0.29986
INFO:root:Generation: 51
INFO:root:pop fitness: 0.13454
INFO:root:elite fitness: 0.29204
INFO:root:Generation: 58
INFO:root:pop fitness: 0.13388999999999998
INFO:root:elite fitness: 0.21743999999999997
INFO:root:Generation: 52
INFO:root:pop fitness: 0.14039000000000001
INFO:root:elite fitness: 0.24313999999999997
INFO:root:Generation: 59
INFO:root:pop fitness: 0.13581000000000004
INFO:root:elite fitness: 0.24933999999999998
INFO:root:Generation: 60
INFO:root:pop fitness: 0.12858
INFO:root:elite fitness: 0.2693
INFO:root:Generation: 53
INFO:root:pop fitness: 0.12713999999999998
INFO:root:elite fitness: 0.26992
INFO:root:Generation: 61
INFO:root:pop fitness: 0.13346000000000002
INFO:root:elite fitness: 0.25148
INFO:root:Generation: 54
INFO:root:pop fitness: 0.14689
INFO:root:elite fitness: 0.27808
INFO:root:Generation: 62
INFO:root:pop fitness: 0.14214000000000002
INFO:root:elite fitness: 0.29332
INFO:root:Generation: 55
INFO:root:pop fitness: 0.12406
INFO:root:elite fitness: 0.2706
INFO:root:Generation: 63
INFO:root:pop fitness: 0.13595000000000002
INFO:root:elite fitness: 0.25754
INFO:root:Generation: 56
INFO:root:pop fitness: 0.12000999999999998
INFO:root:elite fitness: 0.21596
INFO:root:Generation: 64
INFO:root:pop fitness: 0.12883
INFO:root:elite fitness: 0.23664
INFO:root:Generation: 57
INFO:root:pop fitness: 0.14099000000000003
INFO:root:elite fitness: 0.26902000000000004
INFO:root:Generation: 65
INFO:root:pop fitness: 0.14483
INFO:root:elite fitness: 0.27196
INFO:root:Generation: 58
INFO:root:pop fitness: 0.16132
INFO:root:elite fitness: 0.30238
INFO:root:Generation: 66
INFO:root:pop fitness: 0.13709000000000002
INFO:root:elite fitness: 0.2412
INFO:root:Generation: 59
INFO:root:pop fitness: 0.1105
INFO:root:elite fitness: 0.20328
INFO:root:Generation: 67
INFO:root:pop fitness: 0.16603999999999997
INFO:root:elite fitness: 0.27794
INFO:root:Generation: 60
INFO:root:pop fitness: 0.12737
INFO:root:elite fitness: 0.23451999999999998
INFO:root:Generation: 68
INFO:root:pop fitness: 0.13707
INFO:root:elite fitness: 0.27566
INFO:root:Generation: 61
INFO:root:pop fitness: 0.12881
INFO:root:elite fitness: 0.25339999999999996
INFO:root:Generation: 69
INFO:root:pop fitness: 0.15716999999999998
INFO:root:elite fitness: 0.27906
INFO:root:Generation: 70
INFO:root:pop fitness: 0.14075
INFO:root:elite fitness: 0.26328
INFO:root:Generation: 62
INFO:root:pop fitness: 0.12811999999999998
INFO:root:elite fitness: 0.24802
INFO:root:Generation: 71
INFO:root:pop fitness: 0.15095
INFO:root:elite fitness: 0.31886
INFO:root:Generation: 63
INFO:root:pop fitness: 0.14144
INFO:root:elite fitness: 0.25014
INFO:root:Generation: 72
INFO:root:pop fitness: 0.13084
INFO:root:elite fitness: 0.24202
INFO:root:Generation: 64
INFO:root:pop fitness: 0.14742
INFO:root:elite fitness: 0.24866
INFO:root:Generation: 73
INFO:root:pop fitness: 0.13906000000000002
INFO:root:elite fitness: 0.24388
INFO:root:Generation: 65
INFO:root:pop fitness: 0.15242999999999998
INFO:root:elite fitness: 0.26218
INFO:root:Generation: 74
INFO:root:pop fitness: 0.14812
INFO:root:elite fitness: 0.26825999999999994
INFO:root:Generation: 66
INFO:root:pop fitness: 0.13391000000000003
INFO:root:elite fitness: 0.24034
INFO:root:Generation: 75
INFO:root:pop fitness: 0.13482
INFO:root:elite fitness: 0.25144
INFO:root:Generation: 67
INFO:root:pop fitness: 0.11579
INFO:root:elite fitness: 0.23254000000000002
INFO:root:Generation: 76
INFO:root:pop fitness: 0.14411000000000002
INFO:root:elite fitness: 0.27516
INFO:root:Generation: 68
INFO:root:pop fitness: 0.13876
INFO:root:elite fitness: 0.25301999999999997
INFO:root:Generation: 77
INFO:root:pop fitness: 0.14429000000000003
INFO:root:elite fitness: 0.27187999999999996
INFO:root:Generation: 69
INFO:root:pop fitness: 0.14758
INFO:root:elite fitness: 0.2829
INFO:root:Generation: 78
INFO:root:pop fitness: 0.14828000000000002
INFO:root:elite fitness: 0.23629999999999995
INFO:root:Generation: 79
INFO:root:pop fitness: 0.16188000000000002
INFO:root:elite fitness: 0.26892
INFO:root:Generation: 70
INFO:root:pop fitness: 0.12268999999999998
INFO:root:elite fitness: 0.24036000000000002
INFO:root:Generation: 80
INFO:root:pop fitness: 0.15742
INFO:root:elite fitness: 0.33124
INFO:root:Generation: 71
INFO:root:pop fitness: 0.13782
INFO:root:elite fitness: 0.25980000000000003
INFO:root:Generation: 81
INFO:root:pop fitness: 0.13912
INFO:root:elite fitness: 0.26739999999999997
INFO:root:Generation: 72
INFO:root:pop fitness: 0.15824
INFO:root:elite fitness: 0.29563999999999996
INFO:root:Generation: 82
INFO:root:pop fitness: 0.13961
INFO:root:elite fitness: 0.24236000000000002
INFO:root:Generation: 73
INFO:root:pop fitness: 0.14179000000000003
INFO:root:elite fitness: 0.28902
INFO:root:Generation: 83
INFO:root:pop fitness: 0.13935
INFO:root:elite fitness: 0.295
INFO:root:Generation: 74
INFO:root:pop fitness: 0.14138
INFO:root:elite fitness: 0.25798
INFO:root:Generation: 84
INFO:root:pop fitness: 0.12282000000000001
INFO:root:elite fitness: 0.27524
INFO:root:Generation: 75
INFO:root:pop fitness: 0.1426
INFO:root:elite fitness: 0.25808
INFO:root:Generation: 85
INFO:root:pop fitness: 0.13256
INFO:root:elite fitness: 0.27058
INFO:root:Generation: 76
INFO:root:pop fitness: 0.14173
INFO:root:elite fitness: 0.25162
INFO:root:Generation: 86
INFO:root:pop fitness: 0.13926000000000002
INFO:root:elite fitness: 0.27318000000000003
INFO:root:Generation: 77
INFO:root:pop fitness: 0.15054
INFO:root:elite fitness: 0.28646
INFO:root:Generation: 87
INFO:root:pop fitness: 0.13044
INFO:root:elite fitness: 0.23503999999999997
INFO:root:Generation: 88
INFO:root:pop fitness: 0.14490999999999998
INFO:root:elite fitness: 0.25006
INFO:root:Generation: 78
INFO:root:pop fitness: 0.14493999999999999
INFO:root:elite fitness: 0.29602
INFO:root:Generation: 89
INFO:root:pop fitness: 0.14113
INFO:root:elite fitness: 0.254
INFO:root:Generation: 79
INFO:root:pop fitness: 0.15768000000000001
INFO:root:elite fitness: 0.2811
INFO:root:Generation: 90
INFO:root:pop fitness: 0.14670000000000002
INFO:root:elite fitness: 0.26698000000000005
INFO:root:Generation: 80
INFO:root:pop fitness: 0.14782
INFO:root:elite fitness: 0.27052
INFO:root:Generation: 91
INFO:root:pop fitness: 0.14908
INFO:root:elite fitness: 0.26156
INFO:root:Generation: 81
INFO:root:pop fitness: 0.16668
INFO:root:elite fitness: 0.27454
INFO:root:Generation: 92
INFO:root:pop fitness: 0.16338999999999998
INFO:root:elite fitness: 0.30398
INFO:root:Generation: 82
INFO:root:pop fitness: 0.15885
INFO:root:elite fitness: 0.27960000000000007
INFO:root:Generation: 93
INFO:root:pop fitness: 0.16427999999999998
INFO:root:elite fitness: 0.2715
INFO:root:Generation: 83
INFO:root:pop fitness: 0.15634000000000003
INFO:root:elite fitness: 0.30567999999999995
INFO:root:Generation: 94
INFO:root:pop fitness: 0.14131
INFO:root:elite fitness: 0.27194
INFO:root:Generation: 84
INFO:root:pop fitness: 0.15213999999999997
INFO:root:elite fitness: 0.27136000000000005
INFO:root:Generation: 95
INFO:root:pop fitness: 0.16337
INFO:root:elite fitness: 0.28872
INFO:root:Generation: 85
INFO:root:pop fitness: 0.15862
INFO:root:elite fitness: 0.27087999999999995
INFO:root:Generation: 96
INFO:root:pop fitness: 0.16987999999999995
INFO:root:elite fitness: 0.27102
INFO:root:Generation: 97
INFO:root:pop fitness: 0.15317999999999998
INFO:root:elite fitness: 0.26368
INFO:root:Generation: 86
INFO:root:pop fitness: 0.15932000000000002
INFO:root:elite fitness: 0.27714
INFO:root:Generation: 98
INFO:root:pop fitness: 0.15328
INFO:root:elite fitness: 0.29069999999999996
INFO:root:Generation: 87
INFO:root:pop fitness: 0.14295
INFO:root:elite fitness: 0.2772
INFO:root:Generation: 99
INFO:root:pop fitness: 0.15795
INFO:root:elite fitness: 0.29036
INFO:root:Generation: 88
INFO:root:pop fitness: 0.15476
INFO:root:elite fitness: 0.28898
INFO:root:Generation: 100
INFO:root:pop fitness: 0.14669999999999997
INFO:root:elite fitness: 0.2679
INFO:root:Generation: 89
INFO:root:pop fitness: 0.1514
INFO:root:elite fitness: 0.2669
INFO:root:Generation: 101
INFO:root:pop fitness: 0.18713000000000002
INFO:root:elite fitness: 0.2951
INFO:root:Generation: 90
INFO:root:pop fitness: 0.16296
INFO:root:elite fitness: 0.28102
INFO:root:Generation: 102
INFO:root:pop fitness: 0.13567999999999997
INFO:root:elite fitness: 0.25906
INFO:root:Generation: 91
INFO:root:pop fitness: 0.15495
INFO:root:elite fitness: 0.2648
INFO:root:Generation: 103
INFO:root:pop fitness: 0.15608
INFO:root:elite fitness: 0.30228
INFO:root:Generation: 92
INFO:root:pop fitness: 0.15320999999999999
INFO:root:elite fitness: 0.27814
INFO:root:Generation: 104
INFO:root:pop fitness: 0.14291
INFO:root:elite fitness: 0.28016
INFO:root:Generation: 105
INFO:root:pop fitness: 0.16733
INFO:root:elite fitness: 0.3036
INFO:root:Generation: 93
INFO:root:pop fitness: 0.16695000000000002
INFO:root:elite fitness: 0.29882000000000003
INFO:root:Generation: 106
INFO:root:pop fitness: 0.14803999999999998
INFO:root:elite fitness: 0.2864
INFO:root:Generation: 94
INFO:root:pop fitness: 0.16271999999999998
INFO:root:elite fitness: 0.30091999999999997
INFO:root:Generation: 107
INFO:root:pop fitness: 0.15636999999999998
INFO:root:elite fitness: 0.28636
INFO:root:Generation: 95
INFO:root:pop fitness: 0.16304000000000002
INFO:root:elite fitness: 0.27762
INFO:root:Generation: 108
INFO:root:pop fitness: 0.13424
INFO:root:elite fitness: 0.243
INFO:root:Generation: 96
INFO:root:pop fitness: 0.16635999999999998
INFO:root:elite fitness: 0.31492000000000003
INFO:root:Generation: 109
INFO:root:pop fitness: 0.14606
INFO:root:elite fitness: 0.27699999999999997
INFO:root:Generation: 97
INFO:root:pop fitness: 0.14867999999999998
INFO:root:elite fitness: 0.29694
INFO:root:Generation: 110
INFO:root:pop fitness: 0.14963999999999997
INFO:root:elite fitness: 0.281
INFO:root:Generation: 98
INFO:root:pop fitness: 0.16151
INFO:root:elite fitness: 0.30128
INFO:root:Generation: 111
INFO:root:pop fitness: 0.15968000000000002
INFO:root:elite fitness: 0.27208000000000004
INFO:root:Generation: 99
INFO:root:pop fitness: 0.15310000000000004
INFO:root:elite fitness: 0.29479999999999995
INFO:root:Generation: 112
INFO:root:pop fitness: 0.15328
INFO:root:elite fitness: 0.26826000000000005
INFO:root:Generation: 113
INFO:root:pop fitness: 0.14700000000000002
INFO:root:elite fitness: 0.27314
INFO:root:Generation: 100
INFO:root:pop fitness: 0.1752
INFO:root:elite fitness: 0.34098
INFO:root:Generation: 114
INFO:root:pop fitness: 0.17293999999999998
INFO:root:elite fitness: 0.32689999999999997
INFO:root:Generation: 101
INFO:root:pop fitness: 0.16607
INFO:root:elite fitness: 0.27818000000000004
INFO:root:Generation: 115
INFO:root:pop fitness: 0.14318
INFO:root:elite fitness: 0.26899999999999996
INFO:root:Generation: 102
INFO:root:pop fitness: 0.15878
INFO:root:elite fitness: 0.30846
INFO:root:Generation: 116
INFO:root:pop fitness: 0.16306
INFO:root:elite fitness: 0.31712
INFO:root:Generation: 103
INFO:root:pop fitness: 0.16874
INFO:root:elite fitness: 0.3389000000000001
INFO:root:Generation: 117
INFO:root:pop fitness: 0.15535
INFO:root:elite fitness: 0.26039999999999996
INFO:root:Generation: 104
INFO:root:pop fitness: 0.16258
INFO:root:elite fitness: 0.29108
INFO:root:Generation: 118
INFO:root:pop fitness: 0.14828000000000002
INFO:root:elite fitness: 0.30782
INFO:root:Generation: 105
INFO:root:pop fitness: 0.15144
INFO:root:elite fitness: 0.29876
INFO:root:Generation: 119
INFO:root:pop fitness: 0.16976000000000002
INFO:root:elite fitness: 0.32772000000000007
INFO:root:Generation: 106
INFO:root:pop fitness: 0.17520000000000002
INFO:root:elite fitness: 0.35605999999999993
INFO:root:Generation: 120
INFO:root:pop fitness: 0.13847
INFO:root:elite fitness: 0.2826
INFO:root:Generation: 107
INFO:root:pop fitness: 0.18591999999999997
INFO:root:elite fitness: 0.34782
INFO:root:Generation: 121
INFO:root:pop fitness: 0.1423
INFO:root:elite fitness: 0.26258000000000004
INFO:root:Generation: 122
INFO:root:pop fitness: 0.15099
INFO:root:elite fitness: 0.26186
INFO:root:Generation: 108
INFO:root:pop fitness: 0.1732
INFO:root:elite fitness: 0.3267
INFO:root:Generation: 123
INFO:root:pop fitness: 0.13840999999999998
INFO:root:elite fitness: 0.26489999999999997
INFO:root:Generation: 109
INFO:root:pop fitness: 0.17705
INFO:root:elite fitness: 0.3416
INFO:root:Generation: 124
INFO:root:pop fitness: 0.14436
INFO:root:elite fitness: 0.27582
INFO:root:Generation: 110
INFO:root:pop fitness: 0.19431
INFO:root:elite fitness: 0.3347400000000001
INFO:root:Generation: 125
INFO:root:pop fitness: 0.14997000000000002
INFO:root:elite fitness: 0.27502
INFO:root:Generation: 111
INFO:root:pop fitness: 0.19347
INFO:root:elite fitness: 0.34446
INFO:root:Generation: 126
INFO:root:pop fitness: 0.13751000000000002
INFO:root:elite fitness: 0.24834
INFO:root:Generation: 112
INFO:root:pop fitness: 0.19948999999999997
INFO:root:elite fitness: 0.35342
INFO:root:Generation: 127
INFO:root:pop fitness: 0.15827000000000002
INFO:root:elite fitness: 0.28354000000000007
INFO:root:Generation: 113
INFO:root:pop fitness: 0.17377000000000004
INFO:root:elite fitness: 0.27496
INFO:root:Generation: 128
INFO:root:pop fitness: 0.14575000000000002
INFO:root:elite fitness: 0.24828000000000003
INFO:root:Generation: 114
INFO:root:pop fitness: 0.1564
INFO:root:elite fitness: 0.24658000000000002
INFO:root:Generation: 129
INFO:root:pop fitness: 0.14854
INFO:root:elite fitness: 0.25132
INFO:root:Generation: 115
INFO:root:pop fitness: 0.16383000000000003
INFO:root:elite fitness: 0.29046
INFO:root:Generation: 130
INFO:root:pop fitness: 0.14495999999999998
INFO:root:elite fitness: 0.25064
INFO:root:Generation: 131
INFO:root:pop fitness: 0.15693
INFO:root:elite fitness: 0.28722000000000003
INFO:root:Generation: 116
INFO:root:pop fitness: 0.16572999999999996
INFO:root:elite fitness: 0.32492
INFO:root:Generation: 132
INFO:root:pop fitness: 0.14567000000000002
INFO:root:elite fitness: 0.25673999999999997
INFO:root:Generation: 117
INFO:root:pop fitness: 0.17196999999999998
INFO:root:elite fitness: 0.33964
INFO:root:Generation: 133
INFO:root:pop fitness: 0.14459999999999998
INFO:root:elite fitness: 0.26045999999999997
INFO:root:Generation: 118
INFO:root:pop fitness: 0.19911
INFO:root:elite fitness: 0.32934
INFO:root:Generation: 134
INFO:root:pop fitness: 0.14415999999999998
INFO:root:elite fitness: 0.26478
INFO:root:Generation: 119
INFO:root:pop fitness: 0.17373999999999998
INFO:root:elite fitness: 0.33982
INFO:root:Generation: 135
INFO:root:pop fitness: 0.16143000000000002
INFO:root:elite fitness: 0.3034
INFO:root:Generation: 120
INFO:root:pop fitness: 0.17154999999999998
INFO:root:elite fitness: 0.29897999999999997
INFO:root:Generation: 136
INFO:root:pop fitness: 0.14848999999999998
INFO:root:elite fitness: 0.2925
INFO:root:Generation: 121
INFO:root:pop fitness: 0.17902
INFO:root:elite fitness: 0.31572
INFO:root:Generation: 137
INFO:root:pop fitness: 0.14726
INFO:root:elite fitness: 0.28222
INFO:root:Generation: 122
INFO:root:pop fitness: 0.19418999999999995
INFO:root:elite fitness: 0.3441400000000001
INFO:root:Generation: 138
INFO:root:pop fitness: 0.15642
INFO:root:elite fitness: 0.29014
INFO:root:Generation: 123
INFO:root:pop fitness: 0.17676999999999998
INFO:root:elite fitness: 0.29944
INFO:root:Generation: 139
INFO:root:pop fitness: 0.16863
INFO:root:elite fitness: 0.30456000000000005
INFO:root:Generation: 124
INFO:root:pop fitness: 0.19134
INFO:root:elite fitness: 0.33128
INFO:root:Generation: 140
INFO:root:pop fitness: 0.15107000000000004
INFO:root:elite fitness: 0.29796
INFO:root:Generation: 141
INFO:root:pop fitness: 0.13732999999999998
INFO:root:elite fitness: 0.28356
INFO:root:Generation: 125
INFO:root:pop fitness: 0.19206999999999996
INFO:root:elite fitness: 0.33104
INFO:root:Generation: 142
INFO:root:pop fitness: 0.15469000000000002
INFO:root:elite fitness: 0.2813
INFO:root:Generation: 126
INFO:root:pop fitness: 0.15792
INFO:root:elite fitness: 0.2884
INFO:root:Generation: 143
INFO:root:pop fitness: 0.17308
INFO:root:elite fitness: 0.32530000000000003
INFO:root:Generation: 127
INFO:root:pop fitness: 0.15271
INFO:root:elite fitness: 0.27615999999999996
INFO:root:Generation: 144
INFO:root:pop fitness: 0.17020000000000002
INFO:root:elite fitness: 0.31688
INFO:root:Generation: 128
INFO:root:pop fitness: 0.16850999999999997
INFO:root:elite fitness: 0.3177
INFO:root:Generation: 145
INFO:root:pop fitness: 0.15022999999999997
INFO:root:elite fitness: 0.29563999999999996
INFO:root:Generation: 129
INFO:root:pop fitness: 0.18709999999999996
INFO:root:elite fitness: 0.34056
INFO:root:Generation: 146
INFO:root:pop fitness: 0.17958
INFO:root:elite fitness: 0.33136000000000004
INFO:root:Generation: 130
INFO:root:pop fitness: 0.15199
INFO:root:elite fitness: 0.28188
INFO:root:Generation: 147
INFO:root:pop fitness: 0.16627999999999996
INFO:root:elite fitness: 0.28374000000000005
INFO:root:Generation: 131
INFO:root:pop fitness: 0.17252000000000003
INFO:root:elite fitness: 0.32278
INFO:root:Generation: 148
INFO:root:pop fitness: 0.14961
INFO:root:elite fitness: 0.26488
INFO:root:Generation: 132
INFO:root:pop fitness: 0.18567
INFO:root:elite fitness: 0.33915999999999996
INFO:root:Generation: 149
INFO:root:pop fitness: 0.15517
INFO:root:elite fitness: 0.31324
INFO:root:Generation: 133
INFO:root:pop fitness: 0.16563
INFO:root:elite fitness: 0.30212000000000006
INFO:root:Generation: 150
INFO:root:pop fitness: 0.17028999999999997
INFO:root:elite fitness: 0.29984
INFO:root:Generation: 151
INFO:root:pop fitness: 0.16195
INFO:root:elite fitness: 0.31108
INFO:root:Generation: 134
INFO:root:pop fitness: 0.16394000000000003
INFO:root:elite fitness: 0.33568
INFO:root:Generation: 152
INFO:root:pop fitness: 0.16723
INFO:root:elite fitness: 0.35015999999999997
INFO:root:Generation: 135
INFO:root:pop fitness: 0.18716000000000002
INFO:root:elite fitness: 0.35346000000000005
INFO:root:Generation: 153
INFO:root:pop fitness: 0.1599
INFO:root:elite fitness: 0.30233999999999994
INFO:root:Generation: 136
INFO:root:pop fitness: 0.17451000000000005
INFO:root:elite fitness: 0.33136000000000004
INFO:root:Generation: 154
INFO:root:pop fitness: 0.17504999999999998
INFO:root:elite fitness: 0.33682
INFO:root:Generation: 137
INFO:root:pop fitness: 0.18481000000000003
INFO:root:elite fitness: 0.31670000000000004
INFO:root:Generation: 155
INFO:root:pop fitness: 0.16997000000000007
INFO:root:elite fitness: 0.3412199999999999
INFO:root:Generation: 138
INFO:root:pop fitness: 0.16747
INFO:root:elite fitness: 0.30338
INFO:root:Generation: 156
INFO:root:pop fitness: 0.16944999999999993
INFO:root:elite fitness: 0.29412
INFO:root:Generation: 139
INFO:root:pop fitness: 0.17377000000000004
INFO:root:elite fitness: 0.31748
INFO:root:Generation: 157
INFO:root:pop fitness: 0.16688999999999996
INFO:root:elite fitness: 0.29455999999999993
INFO:root:Generation: 140
INFO:root:pop fitness: 0.16093
INFO:root:elite fitness: 0.2852
INFO:root:Generation: 158
INFO:root:pop fitness: 0.16706999999999997
INFO:root:elite fitness: 0.33218
INFO:root:Generation: 141
INFO:root:pop fitness: 0.16232000000000002
INFO:root:elite fitness: 0.28158
INFO:root:Generation: 159
INFO:root:pop fitness: 0.16922
INFO:root:elite fitness: 0.30354
INFO:root:Generation: 160
INFO:root:pop fitness: 0.17217
INFO:root:elite fitness: 0.33834000000000003
INFO:root:Generation: 142
INFO:root:pop fitness: 0.19564000000000004
INFO:root:elite fitness: 0.3354
INFO:root:Generation: 161
INFO:root:pop fitness: 0.17360999999999996
INFO:root:elite fitness: 0.30828
INFO:root:Generation: 143
INFO:root:pop fitness: 0.17060000000000003
INFO:root:elite fitness: 0.30882000000000004
INFO:root:Generation: 162
INFO:root:pop fitness: 0.16684
INFO:root:elite fitness: 0.29402000000000006
INFO:root:Generation: 144
INFO:root:pop fitness: 0.18674
INFO:root:elite fitness: 0.31922
INFO:root:Generation: 163
INFO:root:pop fitness: 0.17288
INFO:root:elite fitness: 0.30604000000000003
INFO:root:Generation: 145
INFO:root:pop fitness: 0.18333
INFO:root:elite fitness: 0.32020000000000004
INFO:root:Generation: 164
INFO:root:pop fitness: 0.16044000000000003
INFO:root:elite fitness: 0.28704
INFO:root:Generation: 146
INFO:root:pop fitness: 0.19261
INFO:root:elite fitness: 0.35934
INFO:root:Generation: 165
INFO:root:pop fitness: 0.15647
INFO:root:elite fitness: 0.3149
INFO:root:Generation: 147
INFO:root:pop fitness: 0.17913
INFO:root:elite fitness: 0.3674199999999999
INFO:root:Generation: 166
INFO:root:pop fitness: 0.16235
INFO:root:elite fitness: 0.3188
INFO:root:Generation: 148
INFO:root:pop fitness: 0.17367999999999997
INFO:root:elite fitness: 0.3152
INFO:root:Generation: 167
INFO:root:pop fitness: 0.15186
INFO:root:elite fitness: 0.30778
INFO:root:Generation: 149
INFO:root:pop fitness: 0.18022
INFO:root:elite fitness: 0.35736000000000007
INFO:root:Generation: 168
INFO:root:pop fitness: 0.14329
INFO:root:elite fitness: 0.25282
INFO:root:Generation: 169
INFO:root:pop fitness: 0.17384
INFO:root:elite fitness: 0.32204
INFO:root:Generation: 150
INFO:root:pop fitness: 0.16958
INFO:root:elite fitness: 0.30562
INFO:root:Generation: 170
INFO:root:pop fitness: 0.16625000000000004
INFO:root:elite fitness: 0.29673999999999995
INFO:root:Generation: 151
INFO:root:pop fitness: 0.16734000000000002
INFO:root:elite fitness: 0.29306
INFO:root:Generation: 171
INFO:root:pop fitness: 0.17288
INFO:root:elite fitness: 0.30207999999999996
INFO:root:Generation: 152
INFO:root:pop fitness: 0.19175
INFO:root:elite fitness: 0.32374
INFO:root:Generation: 172
INFO:root:pop fitness: 0.18378
INFO:root:elite fitness: 0.3708000000000001
INFO:root:Generation: 153
INFO:root:pop fitness: 0.19628
INFO:root:elite fitness: 0.34506
INFO:root:Generation: 173
INFO:root:pop fitness: 0.14349
INFO:root:elite fitness: 0.27213999999999994
INFO:root:Generation: 154
INFO:root:pop fitness: 0.19442
INFO:root:elite fitness: 0.32421999999999995
INFO:root:Generation: 174
INFO:root:pop fitness: 0.15591000000000002
INFO:root:elite fitness: 0.2951
INFO:root:Generation: 155
INFO:root:pop fitness: 0.18499000000000002
INFO:root:elite fitness: 0.32144
INFO:root:Generation: 175
INFO:root:pop fitness: 0.16945999999999997
INFO:root:elite fitness: 0.29718000000000006
INFO:root:Generation: 156
INFO:root:pop fitness: 0.17787000000000003
INFO:root:elite fitness: 0.30766000000000004
INFO:root:Generation: 176
INFO:root:pop fitness: 0.15587
INFO:root:elite fitness: 0.26488
INFO:root:Generation: 157
INFO:root:pop fitness: 0.18560000000000001
INFO:root:elite fitness: 0.3025
INFO:root:Generation: 177
INFO:root:pop fitness: 0.15976
INFO:root:elite fitness: 0.31107999999999997
INFO:root:Generation: 158
INFO:root:pop fitness: 0.19081
INFO:root:elite fitness: 0.34265999999999996
INFO:root:Generation: 178
INFO:root:pop fitness: 0.16610999999999998
INFO:root:elite fitness: 0.30544
INFO:root:Generation: 179
INFO:root:pop fitness: 0.16055
INFO:root:elite fitness: 0.3001
INFO:root:Generation: 159
INFO:root:pop fitness: 0.18590999999999996
INFO:root:elite fitness: 0.29954000000000003
INFO:root:Generation: 180
INFO:root:pop fitness: 0.15927999999999998
INFO:root:elite fitness: 0.30162
INFO:root:Generation: 160
INFO:root:pop fitness: 0.21214000000000002
INFO:root:elite fitness: 0.34396
INFO:root:Generation: 181
INFO:root:pop fitness: 0.18695000000000003
INFO:root:elite fitness: 0.32815999999999995
INFO:root:Generation: 161
INFO:root:pop fitness: 0.19013000000000002
INFO:root:elite fitness: 0.3361
INFO:root:Generation: 182
INFO:root:pop fitness: 0.1974
INFO:root:elite fitness: 0.32054000000000005
INFO:root:Generation: 162
INFO:root:pop fitness: 0.18365
INFO:root:elite fitness: 0.33664
INFO:root:Generation: 183
INFO:root:pop fitness: 0.18434999999999999
INFO:root:elite fitness: 0.33033999999999997
INFO:root:Generation: 163
INFO:root:pop fitness: 0.17337000000000002
INFO:root:elite fitness: 0.33418
INFO:root:Generation: 184
INFO:root:pop fitness: 0.18501
INFO:root:elite fitness: 0.30741999999999997
INFO:root:Generation: 164
INFO:root:pop fitness: 0.185
INFO:root:elite fitness: 0.31930000000000003
INFO:root:Generation: 185
INFO:root:pop fitness: 0.17973999999999996
INFO:root:elite fitness: 0.31906
INFO:root:Generation: 165
INFO:root:pop fitness: 0.17473
INFO:root:elite fitness: 0.30383999999999994
INFO:root:Generation: 186
INFO:root:pop fitness: 0.15761
INFO:root:elite fitness: 0.34348
INFO:root:Generation: 187
INFO:root:pop fitness: 0.19287
INFO:root:elite fitness: 0.32608000000000004
INFO:root:Generation: 166
INFO:root:pop fitness: 0.17549999999999996
INFO:root:elite fitness: 0.32421999999999995
INFO:root:Generation: 188
INFO:root:pop fitness: 0.17341
INFO:root:elite fitness: 0.31498
INFO:root:Generation: 167
INFO:root:pop fitness: 0.17428000000000002
INFO:root:elite fitness: 0.34464
INFO:root:Generation: 189
INFO:root:pop fitness: 0.17557000000000003
INFO:root:elite fitness: 0.30579999999999996
INFO:root:Generation: 168
INFO:root:pop fitness: 0.19223
INFO:root:elite fitness: 0.3680199999999999
INFO:root:Generation: 190
INFO:root:pop fitness: 0.17701999999999998
INFO:root:elite fitness: 0.35316000000000003
INFO:root:Generation: 169
INFO:root:pop fitness: 0.18264
INFO:root:elite fitness: 0.34290000000000004
INFO:root:Generation: 191
INFO:root:pop fitness: 0.17195999999999997
INFO:root:elite fitness: 0.30902
INFO:root:Generation: 170
INFO:root:pop fitness: 0.19533000000000006
INFO:root:elite fitness: 0.30550000000000005
INFO:root:Generation: 192
INFO:root:pop fitness: 0.18588000000000002
INFO:root:elite fitness: 0.36788000000000004
INFO:root:Generation: 171
INFO:root:pop fitness: 0.18960000000000005
INFO:root:elite fitness: 0.31194000000000005
INFO:root:Generation: 193
INFO:root:pop fitness: 0.17366
INFO:root:elite fitness: 0.30389999999999995
INFO:root:Generation: 172
INFO:root:pop fitness: 0.18805
INFO:root:elite fitness: 0.31966
INFO:root:Generation: 194
INFO:root:pop fitness: 0.19033999999999998
INFO:root:elite fitness: 0.32812
INFO:root:Generation: 195
INFO:root:pop fitness: 0.17559999999999998
INFO:root:elite fitness: 0.32786000000000004
INFO:root:Generation: 173
INFO:root:pop fitness: 0.19774
INFO:root:elite fitness: 0.32580000000000003
INFO:root:Generation: 196
INFO:root:pop fitness: 0.18458
INFO:root:elite fitness: 0.33396000000000003
INFO:root:Generation: 174
INFO:root:pop fitness: 0.18383
INFO:root:elite fitness: 0.37132
INFO:root:Generation: 197
INFO:root:pop fitness: 0.18441000000000007
INFO:root:elite fitness: 0.31278
INFO:root:Generation: 175
INFO:root:pop fitness: 0.17786000000000002
INFO:root:elite fitness: 0.32897999999999994
INFO:root:Generation: 198
INFO:root:pop fitness: 0.14059000000000002
INFO:root:elite fitness: 0.25229999999999997
INFO:root:Generation: 176
INFO:root:pop fitness: 0.17567
INFO:root:elite fitness: 0.3281
INFO:root:Generation: 199
INFO:root:pop fitness: 0.18669999999999998
INFO:root:elite fitness: 0.34521999999999997
INFO:root:Generation: 177
INFO:root:pop fitness: 0.17611999999999997
INFO:root:elite fitness: 0.30528
INFO:root:Generation: 178
INFO:root:pop fitness: 0.17235000000000003
INFO:root:elite fitness: 0.31526
INFO:root:Generation: 179
INFO:root:pop fitness: 0.21041
INFO:root:elite fitness: 0.3263399999999999
INFO:root:Generation: 180
INFO:root:pop fitness: 0.18754000000000004
INFO:root:elite fitness: 0.33564
INFO:root:Generation: 181
INFO:root:pop fitness: 0.17933000000000004
INFO:root:elite fitness: 0.34344
INFO:root:Generation: 182
INFO:root:pop fitness: 0.17772000000000002
INFO:root:elite fitness: 0.28206000000000003
INFO:root:Generation: 183
INFO:root:pop fitness: 0.18798
INFO:root:elite fitness: 0.3482
INFO:root:Generation: 184
INFO:root:pop fitness: 0.18037999999999996
INFO:root:elite fitness: 0.28456000000000004
INFO:root:Generation: 185
INFO:root:pop fitness: 0.17682000000000003
INFO:root:elite fitness: 0.29040000000000005
INFO:root:Generation: 186
INFO:root:pop fitness: 0.19362000000000001
INFO:root:elite fitness: 0.32553999999999994
INFO:root:Generation: 187
INFO:root:pop fitness: 0.20454000000000006
INFO:root:elite fitness: 0.35436
INFO:root:Generation: 188
INFO:root:pop fitness: 0.18790999999999997
INFO:root:elite fitness: 0.29374
INFO:root:Generation: 189
INFO:root:pop fitness: 0.17990000000000006
INFO:root:elite fitness: 0.31378
INFO:root:Generation: 190
INFO:root:pop fitness: 0.18282000000000004
INFO:root:elite fitness: 0.35052
INFO:root:Generation: 191
INFO:root:pop fitness: 0.17437000000000002
INFO:root:elite fitness: 0.31256000000000006
INFO:root:Generation: 192
INFO:root:pop fitness: 0.17265
INFO:root:elite fitness: 0.32080000000000003
INFO:root:Generation: 193
INFO:root:pop fitness: 0.19322000000000003
INFO:root:elite fitness: 0.32433999999999996
INFO:root:Generation: 194
INFO:root:pop fitness: 0.18363000000000004
INFO:root:elite fitness: 0.31495999999999996
INFO:root:Generation: 195
INFO:root:pop fitness: 0.18030999999999994
INFO:root:elite fitness: 0.36026
INFO:root:Generation: 196
INFO:root:pop fitness: 0.19673000000000002
INFO:root:elite fitness: 0.36162
INFO:root:Generation: 197
INFO:root:pop fitness: 0.18574
INFO:root:elite fitness: 0.33436
INFO:root:Generation: 198
INFO:root:pop fitness: 0.18073
INFO:root:elite fitness: 0.31588
INFO:root:Generation: 199
INFO:root:pop fitness: 0.18743
INFO:root:elite fitness: 0.34173999999999993
