INFO:root:run_master: Namespace(arms='10', hidden='128', layers='1', max_gen='200', message='', mutation_mag='0.1', name='resetSteps', noise=False, pop_size='100', save_result=True, steps='1', trials='100')
INFO:root:run_master: Namespace(arms='10', hidden='128', layers='1', max_gen='200', message='', mutation_mag='0.1', name='resetSteps', noise=True, pop_size='100', save_result=True, steps='1', trials='100')
INFO:root:run_master: Namespace(arms='10', hidden='128', layers='1', max_gen='200', message='', mutation_mag='0.1', name='resetSteps', noise=True, pop_size='100', save_result=True, steps='1', trials='100')
INFO:root:run_master: Namespace(arms='10', hidden='128', layers='1', max_gen='200', message='', mutation_mag='0.1', name='resetSteps', noise=False, pop_size='100', save_result=True, steps='1', trials='100')
INFO:root:Generation: 0
INFO:root:pop fitness: 0.09947
INFO:root:elite fitness: 0.11227999999999999
INFO:root:Generation: 0
INFO:root:pop fitness: 0.10041
INFO:root:elite fitness: 0.11193999999999998
INFO:root:Generation: 0
INFO:root:pop fitness: 0.10137000000000002
INFO:root:elite fitness: 0.11159999999999998
INFO:root:Generation: 0
INFO:root:pop fitness: 0.10011999999999999
INFO:root:elite fitness: 0.1124
INFO:root:Generation: 1
INFO:root:pop fitness: 0.09985999999999999
INFO:root:elite fitness: 0.12872
INFO:root:Generation: 1
INFO:root:pop fitness: 0.09783999999999998
INFO:root:elite fitness: 0.13252
INFO:root:Generation: 1
INFO:root:pop fitness: 0.10543999999999999
INFO:root:elite fitness: 0.15088
INFO:root:Generation: 1
INFO:root:pop fitness: 0.10586999999999998
INFO:root:elite fitness: 0.15624
INFO:root:Generation: 2
INFO:root:pop fitness: 0.09891
INFO:root:elite fitness: 0.1505
INFO:root:Generation: 2
INFO:root:pop fitness: 0.09304
INFO:root:elite fitness: 0.16052
INFO:root:Generation: 2
INFO:root:pop fitness: 0.10938
INFO:root:elite fitness: 0.16412
INFO:root:Generation: 2
INFO:root:pop fitness: 0.09736
INFO:root:elite fitness: 0.16327999999999998
INFO:root:Generation: 3
INFO:root:pop fitness: 0.09701
INFO:root:elite fitness: 0.16
INFO:root:Generation: 3
INFO:root:pop fitness: 0.10742999999999998
INFO:root:elite fitness: 0.20004000000000002
INFO:root:Generation: 3
INFO:root:pop fitness: 0.09073
INFO:root:elite fitness: 0.15168
INFO:root:Generation: 3
INFO:root:pop fitness: 0.10529999999999998
INFO:root:elite fitness: 0.20393999999999998
INFO:root:Generation: 4
INFO:root:pop fitness: 0.09520000000000003
INFO:root:elite fitness: 0.18486
INFO:root:Generation: 4
INFO:root:pop fitness: 0.09846
INFO:root:elite fitness: 0.15838000000000002
INFO:root:Generation: 4
INFO:root:pop fitness: 0.08990999999999999
INFO:root:elite fitness: 0.1684
INFO:root:Generation: 4
INFO:root:pop fitness: 0.10198999999999998
INFO:root:elite fitness: 0.19854000000000002
INFO:root:Generation: 5
INFO:root:pop fitness: 0.11183
INFO:root:elite fitness: 0.21311999999999998
INFO:root:Generation: 5
INFO:root:pop fitness: 0.09902000000000001
INFO:root:elite fitness: 0.19628000000000004
INFO:root:Generation: 5
INFO:root:pop fitness: 0.10853000000000002
INFO:root:elite fitness: 0.20407999999999998
INFO:root:Generation: 5
INFO:root:pop fitness: 0.09220999999999999
INFO:root:elite fitness: 0.17653999999999997
INFO:root:Generation: 6
INFO:root:pop fitness: 0.09405999999999998
INFO:root:elite fitness: 0.17272
INFO:root:Generation: 6
INFO:root:pop fitness: 0.08688999999999998
INFO:root:elite fitness: 0.17044
INFO:root:Generation: 6
INFO:root:pop fitness: 0.09693999999999998
INFO:root:elite fitness: 0.17287999999999998
INFO:root:Generation: 6
INFO:root:pop fitness: 0.09895
INFO:root:elite fitness: 0.19535999999999998
INFO:root:Generation: 7
INFO:root:pop fitness: 0.09905
INFO:root:elite fitness: 0.20200000000000004
INFO:root:Generation: 7
INFO:root:pop fitness: 0.10849
INFO:root:elite fitness: 0.22528000000000004
INFO:root:Generation: 7
INFO:root:pop fitness: 0.11687000000000002
INFO:root:elite fitness: 0.21480000000000005
INFO:root:Generation: 7
INFO:root:pop fitness: 0.10044
INFO:root:elite fitness: 0.2016
INFO:root:Generation: 8
INFO:root:pop fitness: 0.11785
INFO:root:elite fitness: 0.23007999999999995
INFO:root:Generation: 8
INFO:root:pop fitness: 0.10012
INFO:root:elite fitness: 0.19536
INFO:root:Generation: 8
INFO:root:pop fitness: 0.11092000000000002
INFO:root:elite fitness: 0.23586
INFO:root:Generation: 8
INFO:root:pop fitness: 0.10710000000000001
INFO:root:elite fitness: 0.23828000000000002
INFO:root:Generation: 9
INFO:root:pop fitness: 0.10846
INFO:root:elite fitness: 0.20723999999999998
INFO:root:Generation: 9
INFO:root:pop fitness: 0.09404
INFO:root:elite fitness: 0.1971
INFO:root:Generation: 9
INFO:root:pop fitness: 0.10914
INFO:root:elite fitness: 0.20667999999999995
INFO:root:Generation: 9
INFO:root:pop fitness: 0.11385999999999999
INFO:root:elite fitness: 0.22804000000000002
INFO:root:Generation: 10
INFO:root:pop fitness: 0.10380999999999999
INFO:root:elite fitness: 0.21051999999999998
INFO:root:Generation: 10
INFO:root:pop fitness: 0.11107000000000002
INFO:root:elite fitness: 0.21252000000000001
INFO:root:Generation: 10
INFO:root:pop fitness: 0.12164
INFO:root:elite fitness: 0.22426000000000001
INFO:root:Generation: 10
INFO:root:pop fitness: 0.12428000000000003
INFO:root:elite fitness: 0.23740000000000003
INFO:root:Generation: 11
INFO:root:pop fitness: 0.08679
INFO:root:elite fitness: 0.19022000000000003
INFO:root:Generation: 11
INFO:root:pop fitness: 0.11895000000000001
INFO:root:elite fitness: 0.25306
INFO:root:Generation: 11
INFO:root:pop fitness: 0.1052
INFO:root:elite fitness: 0.21832000000000001
INFO:root:Generation: 11
INFO:root:pop fitness: 0.09772
INFO:root:elite fitness: 0.21414000000000002
INFO:root:Generation: 12
INFO:root:pop fitness: 0.10982000000000001
INFO:root:elite fitness: 0.22467999999999996
INFO:root:Generation: 12
INFO:root:pop fitness: 0.10592
INFO:root:elite fitness: 0.21159999999999995
INFO:root:Generation: 12
INFO:root:pop fitness: 0.10367000000000001
INFO:root:elite fitness: 0.21733999999999998
INFO:root:Generation: 12
INFO:root:pop fitness: 0.11075000000000002
INFO:root:elite fitness: 0.20692
INFO:root:Generation: 13
INFO:root:pop fitness: 0.11264000000000002
INFO:root:elite fitness: 0.22640000000000002
INFO:root:Generation: 13
INFO:root:pop fitness: 0.10128999999999999
INFO:root:elite fitness: 0.21586
INFO:root:Generation: 13
INFO:root:pop fitness: 0.10698999999999997
INFO:root:elite fitness: 0.20362000000000002
INFO:root:Generation: 13
INFO:root:pop fitness: 0.11018999999999998
INFO:root:elite fitness: 0.23416000000000003
INFO:root:Generation: 14
INFO:root:pop fitness: 0.09589999999999999
INFO:root:elite fitness: 0.22829999999999998
INFO:root:Generation: 14
INFO:root:pop fitness: 0.09264
INFO:root:elite fitness: 0.20922000000000002
INFO:root:Generation: 14
INFO:root:pop fitness: 0.09039
INFO:root:elite fitness: 0.20919999999999997
INFO:root:Generation: 14
INFO:root:pop fitness: 0.09283999999999999
INFO:root:elite fitness: 0.17668
INFO:root:Generation: 15
INFO:root:pop fitness: 0.11805999999999997
INFO:root:elite fitness: 0.24212
INFO:root:Generation: 15
INFO:root:pop fitness: 0.11123999999999999
INFO:root:elite fitness: 0.22244
INFO:root:Generation: 15
INFO:root:pop fitness: 0.10674000000000002
INFO:root:elite fitness: 0.20264
INFO:root:Generation: 15
INFO:root:pop fitness: 0.10381
INFO:root:elite fitness: 0.18384
INFO:root:Generation: 16
INFO:root:pop fitness: 0.09346
INFO:root:elite fitness: 0.2202
INFO:root:Generation: 16
INFO:root:pop fitness: 0.13088
INFO:root:elite fitness: 0.27172
INFO:root:Generation: 16
INFO:root:pop fitness: 0.08641
INFO:root:elite fitness: 0.18122000000000005
INFO:root:Generation: 17
INFO:root:pop fitness: 0.10888999999999997
INFO:root:elite fitness: 0.23386000000000004
INFO:root:Generation: 17
INFO:root:pop fitness: 0.11998999999999999
INFO:root:elite fitness: 0.2263
INFO:root:Generation: 16
INFO:root:pop fitness: 0.10439000000000004
INFO:root:elite fitness: 0.20286
INFO:root:Generation: 18
INFO:root:pop fitness: 0.10974
INFO:root:elite fitness: 0.22183999999999998
INFO:root:Generation: 18
INFO:root:pop fitness: 0.09278000000000003
INFO:root:elite fitness: 0.19511999999999996
INFO:root:Generation: 17
INFO:root:pop fitness: 0.09454999999999998
INFO:root:elite fitness: 0.18810000000000002
INFO:root:Generation: 17
INFO:root:pop fitness: 0.11810999999999999
INFO:root:elite fitness: 0.24244
INFO:root:Generation: 19
INFO:root:pop fitness: 0.11364999999999999
INFO:root:elite fitness: 0.25276
INFO:root:Generation: 19
INFO:root:pop fitness: 0.1103
INFO:root:elite fitness: 0.22662000000000002
INFO:root:Generation: 18
INFO:root:pop fitness: 0.09003999999999998
INFO:root:elite fitness: 0.18195999999999998
INFO:root:Generation: 18
INFO:root:pop fitness: 0.09998000000000003
INFO:root:elite fitness: 0.22722
INFO:root:Generation: 20
INFO:root:pop fitness: 0.09846
INFO:root:elite fitness: 0.23148
INFO:root:Generation: 20
INFO:root:pop fitness: 0.09631999999999998
INFO:root:elite fitness: 0.2054
INFO:root:Generation: 19
INFO:root:pop fitness: 0.09807
INFO:root:elite fitness: 0.20371999999999996
INFO:root:Generation: 19
INFO:root:pop fitness: 0.10810999999999998
INFO:root:elite fitness: 0.24156
INFO:root:Generation: 21
INFO:root:pop fitness: 0.1101
INFO:root:elite fitness: 0.27052000000000004
INFO:root:Generation: 21
INFO:root:pop fitness: 0.11116999999999999
INFO:root:elite fitness: 0.23365999999999995
INFO:root:Generation: 20
INFO:root:pop fitness: 0.12349000000000002
INFO:root:elite fitness: 0.24518
INFO:root:Generation: 20
INFO:root:pop fitness: 0.12019
INFO:root:elite fitness: 0.2378
INFO:root:Generation: 22
INFO:root:pop fitness: 0.10261999999999999
INFO:root:elite fitness: 0.21596000000000004
INFO:root:Generation: 22
INFO:root:pop fitness: 0.11272000000000001
INFO:root:elite fitness: 0.25452
INFO:root:Generation: 21
INFO:root:pop fitness: 0.10049
INFO:root:elite fitness: 0.21941999999999998
INFO:root:Generation: 21
INFO:root:pop fitness: 0.1152
INFO:root:elite fitness: 0.23868000000000003
INFO:root:Generation: 23
INFO:root:pop fitness: 0.11313000000000001
INFO:root:elite fitness: 0.24416000000000004
INFO:root:Generation: 23
INFO:root:pop fitness: 0.12608
INFO:root:elite fitness: 0.25537999999999994
INFO:root:Generation: 22
INFO:root:pop fitness: 0.10651
INFO:root:elite fitness: 0.21986
INFO:root:Generation: 22
INFO:root:pop fitness: 0.09072000000000001
INFO:root:elite fitness: 0.18342
INFO:root:Generation: 24
INFO:root:pop fitness: 0.11349999999999999
INFO:root:elite fitness: 0.24082
INFO:root:Generation: 24
INFO:root:pop fitness: 0.11074
INFO:root:elite fitness: 0.23491999999999996
INFO:root:Generation: 23
INFO:root:pop fitness: 0.10250999999999999
INFO:root:elite fitness: 0.24134
INFO:root:Generation: 23
INFO:root:pop fitness: 0.12079000000000001
INFO:root:elite fitness: 0.23247999999999996
INFO:root:Generation: 25
INFO:root:pop fitness: 0.12138
INFO:root:elite fitness: 0.23172
INFO:root:Generation: 25
INFO:root:pop fitness: 0.10804
INFO:root:elite fitness: 0.2096
INFO:root:Generation: 24
INFO:root:pop fitness: 0.09728000000000002
INFO:root:elite fitness: 0.21840000000000004
INFO:root:Generation: 24
INFO:root:pop fitness: 0.14095
INFO:root:elite fitness: 0.26976
INFO:root:Generation: 26
INFO:root:pop fitness: 0.11933999999999999
INFO:root:elite fitness: 0.26567999999999997
INFO:root:Generation: 26
INFO:root:pop fitness: 0.11076000000000001
INFO:root:elite fitness: 0.23485999999999996
INFO:root:Generation: 25
INFO:root:pop fitness: 0.08844999999999999
INFO:root:elite fitness: 0.17148
INFO:root:Generation: 27
INFO:root:pop fitness: 0.11320000000000001
INFO:root:elite fitness: 0.24400000000000002
INFO:root:Generation: 27
INFO:root:pop fitness: 0.13113000000000002
INFO:root:elite fitness: 0.24218
INFO:root:Generation: 25
INFO:root:pop fitness: 0.12863999999999998
INFO:root:elite fitness: 0.23978000000000002
INFO:root:Generation: 26
INFO:root:pop fitness: 0.09655
INFO:root:elite fitness: 0.19585999999999998
INFO:root:Generation: 28
INFO:root:pop fitness: 0.11977
INFO:root:elite fitness: 0.25092
INFO:root:Generation: 28
INFO:root:pop fitness: 0.10635
INFO:root:elite fitness: 0.2112
INFO:root:Generation: 26
INFO:root:pop fitness: 0.11319999999999998
INFO:root:elite fitness: 0.23184000000000002
INFO:root:Generation: 27
INFO:root:pop fitness: 0.11797000000000002
INFO:root:elite fitness: 0.22802000000000003
INFO:root:Generation: 29
INFO:root:pop fitness: 0.12126
INFO:root:elite fitness: 0.26402
INFO:root:Generation: 29
INFO:root:pop fitness: 0.12213999999999998
INFO:root:elite fitness: 0.24023999999999998
INFO:root:Generation: 27
INFO:root:pop fitness: 0.11292999999999997
INFO:root:elite fitness: 0.23551999999999995
INFO:root:Generation: 28
INFO:root:pop fitness: 0.10625
INFO:root:elite fitness: 0.22292
INFO:root:Generation: 30
INFO:root:pop fitness: 0.11579
INFO:root:elite fitness: 0.26626
INFO:root:Generation: 30
INFO:root:pop fitness: 0.13233999999999999
INFO:root:elite fitness: 0.28518
INFO:root:Generation: 28
INFO:root:pop fitness: 0.12351000000000001
INFO:root:elite fitness: 0.25214
INFO:root:Generation: 29
INFO:root:pop fitness: 0.12769999999999998
INFO:root:elite fitness: 0.25422
INFO:root:Generation: 31
INFO:root:pop fitness: 0.12651
INFO:root:elite fitness: 0.2645
INFO:root:Generation: 31
INFO:root:pop fitness: 0.11825
INFO:root:elite fitness: 0.22634000000000004
INFO:root:Generation: 29
INFO:root:pop fitness: 0.13093000000000002
INFO:root:elite fitness: 0.2755
INFO:root:Generation: 32
INFO:root:pop fitness: 0.12264000000000001
INFO:root:elite fitness: 0.23842
INFO:root:Generation: 30
INFO:root:pop fitness: 0.12329999999999998
INFO:root:elite fitness: 0.26206
INFO:root:Generation: 32
INFO:root:pop fitness: 0.1151
INFO:root:elite fitness: 0.23920000000000002
INFO:root:Generation: 30
INFO:root:pop fitness: 0.11097
INFO:root:elite fitness: 0.24168
INFO:root:Generation: 33
INFO:root:pop fitness: 0.12584
INFO:root:elite fitness: 0.28116
INFO:root:Generation: 31
INFO:root:pop fitness: 0.1039
INFO:root:elite fitness: 0.23906
INFO:root:Generation: 33
INFO:root:pop fitness: 0.12206999999999998
INFO:root:elite fitness: 0.233
INFO:root:Generation: 31
INFO:root:pop fitness: 0.12157999999999998
INFO:root:elite fitness: 0.23969999999999994
INFO:root:Generation: 34
INFO:root:pop fitness: 0.12174
INFO:root:elite fitness: 0.26169999999999993
INFO:root:Generation: 34
INFO:root:pop fitness: 0.12270999999999999
INFO:root:elite fitness: 0.22768
INFO:root:Generation: 32
INFO:root:pop fitness: 0.12392000000000002
INFO:root:elite fitness: 0.2451
INFO:root:Generation: 32
INFO:root:pop fitness: 0.11574
INFO:root:elite fitness: 0.25370000000000004
INFO:root:Generation: 35
INFO:root:pop fitness: 0.12857000000000002
INFO:root:elite fitness: 0.25352
INFO:root:Generation: 35
INFO:root:pop fitness: 0.12607
INFO:root:elite fitness: 0.24262
INFO:root:Generation: 33
INFO:root:pop fitness: 0.11326
INFO:root:elite fitness: 0.22914
INFO:root:Generation: 33
INFO:root:pop fitness: 0.10936000000000001
INFO:root:elite fitness: 0.21280000000000002
INFO:root:Generation: 36
INFO:root:pop fitness: 0.13799999999999998
INFO:root:elite fitness: 0.29098
INFO:root:Generation: 36
INFO:root:pop fitness: 0.12232
INFO:root:elite fitness: 0.24864
INFO:root:Generation: 34
INFO:root:pop fitness: 0.11739999999999999
INFO:root:elite fitness: 0.24760000000000001
INFO:root:Generation: 34
INFO:root:pop fitness: 0.11034000000000001
INFO:root:elite fitness: 0.24558
INFO:root:Generation: 37
INFO:root:pop fitness: 0.12371999999999998
INFO:root:elite fitness: 0.26902000000000004
INFO:root:Generation: 37
INFO:root:pop fitness: 0.12569
INFO:root:elite fitness: 0.26688
INFO:root:Generation: 35
INFO:root:pop fitness: 0.10987999999999999
INFO:root:elite fitness: 0.25448
INFO:root:Generation: 35
INFO:root:pop fitness: 0.13104
INFO:root:elite fitness: 0.27228
INFO:root:Generation: 38
INFO:root:pop fitness: 0.16333999999999999
INFO:root:elite fitness: 0.3155
INFO:root:Generation: 38
INFO:root:pop fitness: 0.11512
INFO:root:elite fitness: 0.23202
INFO:root:Generation: 36
INFO:root:pop fitness: 0.11992000000000003
INFO:root:elite fitness: 0.23034000000000002
INFO:root:Generation: 36
INFO:root:pop fitness: 0.11545000000000001
INFO:root:elite fitness: 0.21966000000000002
INFO:root:Generation: 39
INFO:root:pop fitness: 0.14766
INFO:root:elite fitness: 0.27418000000000003
INFO:root:Generation: 39
INFO:root:pop fitness: 0.12041000000000002
INFO:root:elite fitness: 0.20534000000000002
INFO:root:Generation: 37
INFO:root:pop fitness: 0.13533
INFO:root:elite fitness: 0.27143999999999996
INFO:root:Generation: 37
INFO:root:pop fitness: 0.11724
INFO:root:elite fitness: 0.25442
INFO:root:Generation: 40
INFO:root:pop fitness: 0.13252
INFO:root:elite fitness: 0.26208000000000004
INFO:root:Generation: 40
INFO:root:pop fitness: 0.13618
INFO:root:elite fitness: 0.26472
INFO:root:Generation: 38
INFO:root:pop fitness: 0.10739000000000003
INFO:root:elite fitness: 0.2346
INFO:root:Generation: 38
INFO:root:pop fitness: 0.10405999999999999
INFO:root:elite fitness: 0.24493999999999996
INFO:root:Generation: 41
INFO:root:pop fitness: 0.12079000000000001
INFO:root:elite fitness: 0.2159
INFO:root:Generation: 41
INFO:root:pop fitness: 0.11477
INFO:root:elite fitness: 0.22476
INFO:root:Generation: 39
INFO:root:pop fitness: 0.12150999999999999
INFO:root:elite fitness: 0.23796
INFO:root:Generation: 39
INFO:root:pop fitness: 0.10855000000000001
INFO:root:elite fitness: 0.21386000000000002
INFO:root:Generation: 42
INFO:root:pop fitness: 0.12734999999999996
INFO:root:elite fitness: 0.27914
INFO:root:Generation: 42
INFO:root:pop fitness: 0.10640000000000001
INFO:root:elite fitness: 0.21323999999999999
INFO:root:Generation: 40
INFO:root:pop fitness: 0.12884
INFO:root:elite fitness: 0.2578
INFO:root:Generation: 43
INFO:root:pop fitness: 0.13806000000000002
INFO:root:elite fitness: 0.24834000000000003
INFO:root:Generation: 40
INFO:root:pop fitness: 0.14192999999999997
INFO:root:elite fitness: 0.29174
INFO:root:Generation: 43
INFO:root:pop fitness: 0.13351000000000002
INFO:root:elite fitness: 0.26054
INFO:root:Generation: 41
INFO:root:pop fitness: 0.13637
INFO:root:elite fitness: 0.24708000000000002
INFO:root:Generation: 44
INFO:root:pop fitness: 0.14147
INFO:root:elite fitness: 0.26886000000000004
INFO:root:Generation: 41
INFO:root:pop fitness: 0.11675
INFO:root:elite fitness: 0.2457
INFO:root:Generation: 44
INFO:root:pop fitness: 0.13591
INFO:root:elite fitness: 0.28116
INFO:root:Generation: 45
INFO:root:pop fitness: 0.13851999999999998
INFO:root:elite fitness: 0.27068000000000003
INFO:root:Generation: 42
INFO:root:pop fitness: 0.11885000000000001
INFO:root:elite fitness: 0.24105999999999997
INFO:root:Generation: 42
INFO:root:pop fitness: 0.11529
INFO:root:elite fitness: 0.22120000000000004
INFO:root:Generation: 45
INFO:root:pop fitness: 0.13503
INFO:root:elite fitness: 0.27386
INFO:root:Generation: 46
INFO:root:pop fitness: 0.16587
INFO:root:elite fitness: 0.30938000000000004
INFO:root:Generation: 43
INFO:root:pop fitness: 0.12445
INFO:root:elite fitness: 0.25368
INFO:root:Generation: 43
INFO:root:pop fitness: 0.11965999999999999
INFO:root:elite fitness: 0.2545
INFO:root:Generation: 46
INFO:root:pop fitness: 0.12218000000000001
INFO:root:elite fitness: 0.25873999999999997
INFO:root:Generation: 47
INFO:root:pop fitness: 0.14336
INFO:root:elite fitness: 0.27112
INFO:root:Generation: 44
INFO:root:pop fitness: 0.12065999999999999
INFO:root:elite fitness: 0.25126
INFO:root:Generation: 44
INFO:root:pop fitness: 0.11066
INFO:root:elite fitness: 0.22224
INFO:root:Generation: 47
INFO:root:pop fitness: 0.13021000000000002
INFO:root:elite fitness: 0.26282
INFO:root:Generation: 48
INFO:root:pop fitness: 0.13579999999999998
INFO:root:elite fitness: 0.24607999999999997
INFO:root:Generation: 45
INFO:root:pop fitness: 0.13354
INFO:root:elite fitness: 0.27703999999999995
INFO:root:Generation: 48
INFO:root:pop fitness: 0.13566
INFO:root:elite fitness: 0.26564
INFO:root:Generation: 45
INFO:root:pop fitness: 0.11528000000000001
INFO:root:elite fitness: 0.23668
INFO:root:Generation: 49
INFO:root:pop fitness: 0.15156
INFO:root:elite fitness: 0.29294
INFO:root:Generation: 49
INFO:root:pop fitness: 0.13466999999999998
INFO:root:elite fitness: 0.25174
INFO:root:Generation: 46
INFO:root:pop fitness: 0.11216999999999999
INFO:root:elite fitness: 0.24144
INFO:root:Generation: 46
INFO:root:pop fitness: 0.12813
INFO:root:elite fitness: 0.23518
INFO:root:Generation: 50
INFO:root:pop fitness: 0.15076
INFO:root:elite fitness: 0.2641
INFO:root:Generation: 50
INFO:root:pop fitness: 0.14323
INFO:root:elite fitness: 0.26888
INFO:root:Generation: 47
INFO:root:pop fitness: 0.10912000000000001
INFO:root:elite fitness: 0.21361999999999998
INFO:root:Generation: 47
INFO:root:pop fitness: 0.13629000000000002
INFO:root:elite fitness: 0.24022
INFO:root:Generation: 51
INFO:root:pop fitness: 0.14207
INFO:root:elite fitness: 0.2797
INFO:root:Generation: 51
INFO:root:pop fitness: 0.1451
INFO:root:elite fitness: 0.2821
INFO:root:Generation: 48
INFO:root:pop fitness: 0.15195999999999998
INFO:root:elite fitness: 0.29523999999999995
INFO:root:Generation: 48
INFO:root:pop fitness: 0.12227
INFO:root:elite fitness: 0.24092000000000002
INFO:root:Generation: 52
INFO:root:pop fitness: 0.15197000000000002
INFO:root:elite fitness: 0.2569
INFO:root:Generation: 52
INFO:root:pop fitness: 0.14919
INFO:root:elite fitness: 0.28876000000000007
INFO:root:Generation: 49
INFO:root:pop fitness: 0.12087000000000002
INFO:root:elite fitness: 0.2418
INFO:root:Generation: 49
INFO:root:pop fitness: 0.12625
INFO:root:elite fitness: 0.23611999999999994
INFO:root:Generation: 53
INFO:root:pop fitness: 0.11878999999999999
INFO:root:elite fitness: 0.22049999999999997
INFO:root:Generation: 53
INFO:root:pop fitness: 0.13306000000000004
INFO:root:elite fitness: 0.2534
INFO:root:Generation: 50
INFO:root:pop fitness: 0.12090999999999998
INFO:root:elite fitness: 0.24169999999999997
INFO:root:Generation: 50
INFO:root:pop fitness: 0.12969
INFO:root:elite fitness: 0.27765999999999996
INFO:root:Generation: 54
INFO:root:pop fitness: 0.14758999999999997
INFO:root:elite fitness: 0.25834
INFO:root:Generation: 54
INFO:root:pop fitness: 0.13129999999999997
INFO:root:elite fitness: 0.24528
INFO:root:Generation: 51
INFO:root:pop fitness: 0.13221000000000002
INFO:root:elite fitness: 0.26664
INFO:root:Generation: 51
INFO:root:pop fitness: 0.14167000000000002
INFO:root:elite fitness: 0.26382000000000005
INFO:root:Generation: 55
INFO:root:pop fitness: 0.15346
INFO:root:elite fitness: 0.28212
INFO:root:Generation: 55
INFO:root:pop fitness: 0.13049999999999998
INFO:root:elite fitness: 0.26992
INFO:root:Generation: 52
INFO:root:pop fitness: 0.12797999999999998
INFO:root:elite fitness: 0.26134
INFO:root:Generation: 52
INFO:root:pop fitness: 0.12143000000000002
INFO:root:elite fitness: 0.22794
INFO:root:Generation: 56
INFO:root:pop fitness: 0.15235000000000004
INFO:root:elite fitness: 0.29946
INFO:root:Generation: 56
INFO:root:pop fitness: 0.13677
INFO:root:elite fitness: 0.25592
INFO:root:Generation: 53
INFO:root:pop fitness: 0.12743000000000002
INFO:root:elite fitness: 0.25816
INFO:root:Generation: 57
INFO:root:pop fitness: 0.15894
INFO:root:elite fitness: 0.31386
INFO:root:Generation: 53
INFO:root:pop fitness: 0.13785999999999998
INFO:root:elite fitness: 0.27777999999999997
INFO:root:Generation: 57
INFO:root:pop fitness: 0.15552000000000002
INFO:root:elite fitness: 0.30276
INFO:root:Generation: 54
INFO:root:pop fitness: 0.13547
INFO:root:elite fitness: 0.28808000000000006
INFO:root:Generation: 58
INFO:root:pop fitness: 0.15056
INFO:root:elite fitness: 0.31902
INFO:root:Generation: 58
INFO:root:pop fitness: 0.14479
INFO:root:elite fitness: 0.25595999999999997
INFO:root:Generation: 54
INFO:root:pop fitness: 0.15911999999999998
INFO:root:elite fitness: 0.31662
INFO:root:Generation: 55
INFO:root:pop fitness: 0.13841
INFO:root:elite fitness: 0.2594
INFO:root:Generation: 59
INFO:root:pop fitness: 0.15621
INFO:root:elite fitness: 0.27244
INFO:root:Generation: 59
INFO:root:pop fitness: 0.14904
INFO:root:elite fitness: 0.28278
INFO:root:Generation: 55
INFO:root:pop fitness: 0.14158
INFO:root:elite fitness: 0.28768000000000005
INFO:root:Generation: 60
INFO:root:pop fitness: 0.15103999999999998
INFO:root:elite fitness: 0.26354000000000005
INFO:root:Generation: 56
INFO:root:pop fitness: 0.12883
INFO:root:elite fitness: 0.2469
INFO:root:Generation: 60
INFO:root:pop fitness: 0.15428
INFO:root:elite fitness: 0.28106000000000003
INFO:root:Generation: 56
INFO:root:pop fitness: 0.12835000000000002
INFO:root:elite fitness: 0.25726
INFO:root:Generation: 61
INFO:root:pop fitness: 0.15837000000000004
INFO:root:elite fitness: 0.27444
INFO:root:Generation: 57
INFO:root:pop fitness: 0.13912000000000002
INFO:root:elite fitness: 0.26918
INFO:root:Generation: 61
INFO:root:pop fitness: 0.15148999999999999
INFO:root:elite fitness: 0.30922000000000005
INFO:root:Generation: 57
INFO:root:pop fitness: 0.14572000000000002
INFO:root:elite fitness: 0.24231999999999998
INFO:root:Generation: 62
INFO:root:pop fitness: 0.15132000000000004
INFO:root:elite fitness: 0.28292
INFO:root:Generation: 62
INFO:root:pop fitness: 0.16177
INFO:root:elite fitness: 0.3008
INFO:root:Generation: 58
INFO:root:pop fitness: 0.14320000000000002
INFO:root:elite fitness: 0.26948000000000005
INFO:root:Generation: 58
INFO:root:pop fitness: 0.1619
INFO:root:elite fitness: 0.2875
INFO:root:Generation: 63
INFO:root:pop fitness: 0.13180000000000003
INFO:root:elite fitness: 0.24785999999999997
INFO:root:Generation: 63
INFO:root:pop fitness: 0.14477
INFO:root:elite fitness: 0.30094
INFO:root:Generation: 59
INFO:root:pop fitness: 0.13988
INFO:root:elite fitness: 0.29324
INFO:root:Generation: 59
INFO:root:pop fitness: 0.12831
INFO:root:elite fitness: 0.24104000000000003
INFO:root:Generation: 64
INFO:root:pop fitness: 0.16272000000000003
INFO:root:elite fitness: 0.32067999999999997
INFO:root:Generation: 64
INFO:root:pop fitness: 0.13628
INFO:root:elite fitness: 0.26322
INFO:root:Generation: 60
INFO:root:pop fitness: 0.13099
INFO:root:elite fitness: 0.23982
INFO:root:Generation: 60
INFO:root:pop fitness: 0.14973
INFO:root:elite fitness: 0.2916
INFO:root:Generation: 65
INFO:root:pop fitness: 0.15831
INFO:root:elite fitness: 0.30810000000000004
INFO:root:Generation: 65
INFO:root:pop fitness: 0.12362999999999999
INFO:root:elite fitness: 0.23546
INFO:root:Generation: 61
INFO:root:pop fitness: 0.13354
INFO:root:elite fitness: 0.23052000000000003
INFO:root:Generation: 61
INFO:root:pop fitness: 0.13675
INFO:root:elite fitness: 0.26926
INFO:root:Generation: 66
INFO:root:pop fitness: 0.14217
INFO:root:elite fitness: 0.28313999999999995
INFO:root:Generation: 66
INFO:root:pop fitness: 0.14740999999999999
INFO:root:elite fitness: 0.31506
INFO:root:Generation: 62
INFO:root:pop fitness: 0.13141
INFO:root:elite fitness: 0.24133999999999997
INFO:root:Generation: 62
INFO:root:pop fitness: 0.11488999999999999
INFO:root:elite fitness: 0.25754
INFO:root:Generation: 67
INFO:root:pop fitness: 0.14398999999999998
INFO:root:elite fitness: 0.28586
INFO:root:Generation: 67
INFO:root:pop fitness: 0.14722000000000002
INFO:root:elite fitness: 0.27428
INFO:root:Generation: 63
INFO:root:pop fitness: 0.14378
INFO:root:elite fitness: 0.28736
INFO:root:Generation: 63
INFO:root:pop fitness: 0.15126
INFO:root:elite fitness: 0.2711
INFO:root:Generation: 68
INFO:root:pop fitness: 0.15181
INFO:root:elite fitness: 0.2904
INFO:root:Generation: 68
INFO:root:pop fitness: 0.13071
INFO:root:elite fitness: 0.27228
INFO:root:Generation: 64
INFO:root:pop fitness: 0.12771999999999997
INFO:root:elite fitness: 0.24700000000000003
INFO:root:Generation: 64
INFO:root:pop fitness: 0.14111
INFO:root:elite fitness: 0.29696
INFO:root:Generation: 69
INFO:root:pop fitness: 0.17584000000000002
INFO:root:elite fitness: 0.32150000000000006
INFO:root:Generation: 69
INFO:root:pop fitness: 0.16000999999999999
INFO:root:elite fitness: 0.30252
INFO:root:Generation: 65
INFO:root:pop fitness: 0.11701999999999999
INFO:root:elite fitness: 0.25094
INFO:root:Generation: 65
INFO:root:pop fitness: 0.14248
INFO:root:elite fitness: 0.30786
INFO:root:Generation: 70
INFO:root:pop fitness: 0.17111
INFO:root:elite fitness: 0.31046
INFO:root:Generation: 70
INFO:root:pop fitness: 0.14942
INFO:root:elite fitness: 0.31402
INFO:root:Generation: 66
INFO:root:pop fitness: 0.13618000000000002
INFO:root:elite fitness: 0.24535999999999997
INFO:root:Generation: 66
INFO:root:pop fitness: 0.15152
INFO:root:elite fitness: 0.29106000000000004
INFO:root:Generation: 71
INFO:root:pop fitness: 0.16493
INFO:root:elite fitness: 0.26782
INFO:root:Generation: 71
INFO:root:pop fitness: 0.14736000000000002
INFO:root:elite fitness: 0.26616
INFO:root:Generation: 67
INFO:root:pop fitness: 0.14190999999999998
INFO:root:elite fitness: 0.26988
INFO:root:Generation: 67
INFO:root:pop fitness: 0.14235
INFO:root:elite fitness: 0.26527999999999996
INFO:root:Generation: 72
INFO:root:pop fitness: 0.16243
INFO:root:elite fitness: 0.298
INFO:root:Generation: 72
INFO:root:pop fitness: 0.16104
INFO:root:elite fitness: 0.30302
INFO:root:Generation: 68
INFO:root:pop fitness: 0.13865
INFO:root:elite fitness: 0.23671999999999996
INFO:root:Generation: 73
INFO:root:pop fitness: 0.16473000000000002
INFO:root:elite fitness: 0.2794
INFO:root:Generation: 68
INFO:root:pop fitness: 0.14194
INFO:root:elite fitness: 0.24736
INFO:root:Generation: 73
INFO:root:pop fitness: 0.16383
INFO:root:elite fitness: 0.29370000000000007
INFO:root:Generation: 69
INFO:root:pop fitness: 0.12514
INFO:root:elite fitness: 0.2339
INFO:root:Generation: 74
INFO:root:pop fitness: 0.16133000000000003
INFO:root:elite fitness: 0.26926
INFO:root:Generation: 69
INFO:root:pop fitness: 0.14278000000000002
INFO:root:elite fitness: 0.30184000000000005
INFO:root:Generation: 74
INFO:root:pop fitness: 0.1602
INFO:root:elite fitness: 0.31044
INFO:root:Generation: 75
INFO:root:pop fitness: 0.16903
INFO:root:elite fitness: 0.31466
INFO:root:Generation: 70
INFO:root:pop fitness: 0.12622
INFO:root:elite fitness: 0.24528000000000005
INFO:root:Generation: 75
INFO:root:pop fitness: 0.15659
INFO:root:elite fitness: 0.29506
INFO:root:Generation: 70
INFO:root:pop fitness: 0.15396
INFO:root:elite fitness: 0.26256
INFO:root:Generation: 76
INFO:root:pop fitness: 0.17550000000000004
INFO:root:elite fitness: 0.31794000000000006
INFO:root:Generation: 71
INFO:root:pop fitness: 0.15588000000000002
INFO:root:elite fitness: 0.29938000000000003
INFO:root:Generation: 76
INFO:root:pop fitness: 0.13722
INFO:root:elite fitness: 0.26314000000000004
INFO:root:Generation: 71
INFO:root:pop fitness: 0.15588000000000002
INFO:root:elite fitness: 0.29712
INFO:root:Generation: 77
INFO:root:pop fitness: 0.15426
INFO:root:elite fitness: 0.29539999999999994
INFO:root:Generation: 77
INFO:root:pop fitness: 0.15430000000000002
INFO:root:elite fitness: 0.27276
INFO:root:Generation: 72
INFO:root:pop fitness: 0.13895
INFO:root:elite fitness: 0.2783
INFO:root:Generation: 72
INFO:root:pop fitness: 0.13232
INFO:root:elite fitness: 0.2605
INFO:root:Generation: 78
INFO:root:pop fitness: 0.15871999999999997
INFO:root:elite fitness: 0.31311999999999995
INFO:root:Generation: 78
INFO:root:pop fitness: 0.16814
INFO:root:elite fitness: 0.31390000000000007
INFO:root:Generation: 73
INFO:root:pop fitness: 0.13623000000000002
INFO:root:elite fitness: 0.27066
INFO:root:Generation: 73
INFO:root:pop fitness: 0.14993
INFO:root:elite fitness: 0.30028
INFO:root:Generation: 79
INFO:root:pop fitness: 0.15463000000000002
INFO:root:elite fitness: 0.29644
INFO:root:Generation: 79
INFO:root:pop fitness: 0.14897999999999997
INFO:root:elite fitness: 0.29601999999999995
INFO:root:Generation: 74
INFO:root:pop fitness: 0.15569
INFO:root:elite fitness: 0.30726
INFO:root:Generation: 74
INFO:root:pop fitness: 0.1441
INFO:root:elite fitness: 0.26058
INFO:root:Generation: 80
INFO:root:pop fitness: 0.15764
INFO:root:elite fitness: 0.28044
INFO:root:Generation: 80
INFO:root:pop fitness: 0.14401
INFO:root:elite fitness: 0.2700199999999999
INFO:root:Generation: 75
INFO:root:pop fitness: 0.14621
INFO:root:elite fitness: 0.28062000000000004
INFO:root:Generation: 75
INFO:root:pop fitness: 0.14713000000000004
INFO:root:elite fitness: 0.25506000000000006
INFO:root:Generation: 81
INFO:root:pop fitness: 0.17917000000000002
INFO:root:elite fitness: 0.31077999999999995
INFO:root:Generation: 81
INFO:root:pop fitness: 0.17246000000000003
INFO:root:elite fitness: 0.31192
INFO:root:Generation: 76
INFO:root:pop fitness: 0.13019000000000003
INFO:root:elite fitness: 0.2584
INFO:root:Generation: 76
INFO:root:pop fitness: 0.13356
INFO:root:elite fitness: 0.27177999999999997
INFO:root:Generation: 82
INFO:root:pop fitness: 0.16155999999999998
INFO:root:elite fitness: 0.28812
INFO:root:Generation: 82
INFO:root:pop fitness: 0.16002000000000002
INFO:root:elite fitness: 0.28584000000000004
INFO:root:Generation: 77
INFO:root:pop fitness: 0.16574000000000003
INFO:root:elite fitness: 0.316
INFO:root:Generation: 77
INFO:root:pop fitness: 0.13565
INFO:root:elite fitness: 0.26092
INFO:root:Generation: 83
INFO:root:pop fitness: 0.16795000000000002
INFO:root:elite fitness: 0.2988
INFO:root:Generation: 83
INFO:root:pop fitness: 0.15267999999999998
INFO:root:elite fitness: 0.2943
INFO:root:Generation: 78
INFO:root:pop fitness: 0.17927000000000004
INFO:root:elite fitness: 0.30122
INFO:root:Generation: 78
INFO:root:pop fitness: 0.13756
INFO:root:elite fitness: 0.26852000000000004
INFO:root:Generation: 84
INFO:root:pop fitness: 0.14401999999999998
INFO:root:elite fitness: 0.27326
INFO:root:Generation: 84
INFO:root:pop fitness: 0.14346
INFO:root:elite fitness: 0.27664
INFO:root:Generation: 79
INFO:root:pop fitness: 0.16205999999999998
INFO:root:elite fitness: 0.325
INFO:root:Generation: 79
INFO:root:pop fitness: 0.13347
INFO:root:elite fitness: 0.27827999999999997
INFO:root:Generation: 85
INFO:root:pop fitness: 0.14775000000000002
INFO:root:elite fitness: 0.26864
INFO:root:Generation: 85
INFO:root:pop fitness: 0.15466
INFO:root:elite fitness: 0.29704
INFO:root:Generation: 80
INFO:root:pop fitness: 0.17336
INFO:root:elite fitness: 0.3014
INFO:root:Generation: 80
INFO:root:pop fitness: 0.14869
INFO:root:elite fitness: 0.3073
INFO:root:Generation: 86
INFO:root:pop fitness: 0.14595
INFO:root:elite fitness: 0.28015999999999996
INFO:root:Generation: 86
INFO:root:pop fitness: 0.15769
INFO:root:elite fitness: 0.31132000000000004
INFO:root:Generation: 81
INFO:root:pop fitness: 0.17398000000000002
INFO:root:elite fitness: 0.32398000000000005
INFO:root:Generation: 81
INFO:root:pop fitness: 0.14567999999999998
INFO:root:elite fitness: 0.287
INFO:root:Generation: 87
INFO:root:pop fitness: 0.15788
INFO:root:elite fitness: 0.27688
INFO:root:Generation: 87
INFO:root:pop fitness: 0.16747
INFO:root:elite fitness: 0.29460000000000003
INFO:root:Generation: 82
INFO:root:pop fitness: 0.18003
INFO:root:elite fitness: 0.29710000000000003
INFO:root:Generation: 88
INFO:root:pop fitness: 0.14644
INFO:root:elite fitness: 0.26483999999999996
INFO:root:Generation: 82
INFO:root:pop fitness: 0.15805999999999998
INFO:root:elite fitness: 0.29184
INFO:root:Generation: 88
INFO:root:pop fitness: 0.17354
INFO:root:elite fitness: 0.33082
INFO:root:Generation: 83
INFO:root:pop fitness: 0.14606000000000002
INFO:root:elite fitness: 0.25278
INFO:root:Generation: 89
INFO:root:pop fitness: 0.16500000000000004
INFO:root:elite fitness: 0.29504
INFO:root:Generation: 83
INFO:root:pop fitness: 0.16069
INFO:root:elite fitness: 0.33524
INFO:root:Generation: 89
INFO:root:pop fitness: 0.16346
INFO:root:elite fitness: 0.27696000000000004
INFO:root:Generation: 90
INFO:root:pop fitness: 0.13878999999999997
INFO:root:elite fitness: 0.26274
INFO:root:Generation: 84
INFO:root:pop fitness: 0.16269999999999998
INFO:root:elite fitness: 0.29998
INFO:root:Generation: 84
INFO:root:pop fitness: 0.15984
INFO:root:elite fitness: 0.30741999999999997
INFO:root:Generation: 90
INFO:root:pop fitness: 0.15883000000000003
INFO:root:elite fitness: 0.26808000000000004
INFO:root:Generation: 91
INFO:root:pop fitness: 0.1481
INFO:root:elite fitness: 0.28122
INFO:root:Generation: 85
INFO:root:pop fitness: 0.16994000000000004
INFO:root:elite fitness: 0.29572
INFO:root:Generation: 91
INFO:root:pop fitness: 0.15077000000000002
INFO:root:elite fitness: 0.27548
INFO:root:Generation: 85
INFO:root:pop fitness: 0.14304
INFO:root:elite fitness: 0.26914
INFO:root:Generation: 92
INFO:root:pop fitness: 0.13619
INFO:root:elite fitness: 0.25873999999999997
INFO:root:Generation: 86
INFO:root:pop fitness: 0.1619
INFO:root:elite fitness: 0.29096
INFO:root:Generation: 92
INFO:root:pop fitness: 0.15783000000000003
INFO:root:elite fitness: 0.28398
INFO:root:Generation: 86
INFO:root:pop fitness: 0.14073000000000002
INFO:root:elite fitness: 0.26306
INFO:root:Generation: 93
INFO:root:pop fitness: 0.15216
INFO:root:elite fitness: 0.26177999999999996
INFO:root:Generation: 87
INFO:root:pop fitness: 0.16871
INFO:root:elite fitness: 0.26256
INFO:root:Generation: 93
INFO:root:pop fitness: 0.14876
INFO:root:elite fitness: 0.26468
INFO:root:Generation: 87
INFO:root:pop fitness: 0.15357000000000004
INFO:root:elite fitness: 0.29401999999999995
INFO:root:Generation: 94
INFO:root:pop fitness: 0.13879000000000002
INFO:root:elite fitness: 0.27747999999999995
INFO:root:Generation: 88
INFO:root:pop fitness: 0.15121
INFO:root:elite fitness: 0.28076
INFO:root:Generation: 94
INFO:root:pop fitness: 0.14730000000000001
INFO:root:elite fitness: 0.27288
INFO:root:Generation: 88
INFO:root:pop fitness: 0.13824999999999998
INFO:root:elite fitness: 0.29396000000000005
INFO:root:Generation: 95
INFO:root:pop fitness: 0.14995
INFO:root:elite fitness: 0.26648
INFO:root:Generation: 89
INFO:root:pop fitness: 0.15744000000000002
INFO:root:elite fitness: 0.29656000000000005
INFO:root:Generation: 95
INFO:root:pop fitness: 0.16445999999999997
INFO:root:elite fitness: 0.3272
INFO:root:Generation: 89
INFO:root:pop fitness: 0.12294000000000001
INFO:root:elite fitness: 0.209
INFO:root:Generation: 96
INFO:root:pop fitness: 0.13632
INFO:root:elite fitness: 0.26008000000000003
INFO:root:Generation: 90
INFO:root:pop fitness: 0.15347000000000002
INFO:root:elite fitness: 0.32328
INFO:root:Generation: 96
INFO:root:pop fitness: 0.15672
INFO:root:elite fitness: 0.30876
INFO:root:Generation: 90
INFO:root:pop fitness: 0.13807
INFO:root:elite fitness: 0.26511999999999997
INFO:root:Generation: 97
INFO:root:pop fitness: 0.1573
INFO:root:elite fitness: 0.28472
INFO:root:Generation: 91
INFO:root:pop fitness: 0.13433
INFO:root:elite fitness: 0.27594
INFO:root:Generation: 97
INFO:root:pop fitness: 0.16040000000000001
INFO:root:elite fitness: 0.27258000000000004
INFO:root:Generation: 91
INFO:root:pop fitness: 0.14411
INFO:root:elite fitness: 0.27562000000000003
INFO:root:Generation: 98
INFO:root:pop fitness: 0.1434
INFO:root:elite fitness: 0.26158000000000003
INFO:root:Generation: 92
INFO:root:pop fitness: 0.16753
INFO:root:elite fitness: 0.29294
INFO:root:Generation: 98
INFO:root:pop fitness: 0.15316000000000002
INFO:root:elite fitness: 0.29262
INFO:root:Generation: 92
INFO:root:pop fitness: 0.13455999999999999
INFO:root:elite fitness: 0.26682
INFO:root:Generation: 99
INFO:root:pop fitness: 0.14722
INFO:root:elite fitness: 0.26048000000000004
INFO:root:Generation: 93
INFO:root:pop fitness: 0.15271
INFO:root:elite fitness: 0.31606
INFO:root:Generation: 99
INFO:root:pop fitness: 0.13788999999999998
INFO:root:elite fitness: 0.26944
INFO:root:Generation: 93
INFO:root:pop fitness: 0.11198000000000001
INFO:root:elite fitness: 0.21562
INFO:root:Generation: 100
INFO:root:pop fitness: 0.14601
INFO:root:elite fitness: 0.2753
INFO:root:Generation: 100
INFO:root:pop fitness: 0.16652
INFO:root:elite fitness: 0.31384
INFO:root:Generation: 94
INFO:root:pop fitness: 0.13776
INFO:root:elite fitness: 0.26558
INFO:root:Generation: 101
INFO:root:pop fitness: 0.13026
INFO:root:elite fitness: 0.23122
INFO:root:Generation: 94
INFO:root:pop fitness: 0.14634
INFO:root:elite fitness: 0.27434000000000003
INFO:root:Generation: 95
INFO:root:pop fitness: 0.14671
INFO:root:elite fitness: 0.28447999999999996
INFO:root:Generation: 101
INFO:root:pop fitness: 0.14155
INFO:root:elite fitness: 0.25204000000000004
INFO:root:Generation: 102
INFO:root:pop fitness: 0.13502
INFO:root:elite fitness: 0.24439999999999998
INFO:root:Generation: 95
INFO:root:pop fitness: 0.1353
INFO:root:elite fitness: 0.24757999999999997
INFO:root:Generation: 102
INFO:root:pop fitness: 0.14925
INFO:root:elite fitness: 0.30894
INFO:root:Generation: 96
INFO:root:pop fitness: 0.16737000000000002
INFO:root:elite fitness: 0.29558
INFO:root:Generation: 103
INFO:root:pop fitness: 0.14713
INFO:root:elite fitness: 0.28128
INFO:root:Generation: 96
INFO:root:pop fitness: 0.14134999999999998
INFO:root:elite fitness: 0.27577999999999997
INFO:root:Generation: 97
INFO:root:pop fitness: 0.16038
INFO:root:elite fitness: 0.30247999999999997
INFO:root:Generation: 103
INFO:root:pop fitness: 0.16075000000000003
INFO:root:elite fitness: 0.3166
INFO:root:Generation: 104
INFO:root:pop fitness: 0.15175
INFO:root:elite fitness: 0.2743
INFO:root:Generation: 97
INFO:root:pop fitness: 0.11793000000000001
INFO:root:elite fitness: 0.22148
INFO:root:Generation: 104
INFO:root:pop fitness: 0.16499
INFO:root:elite fitness: 0.28509999999999996
INFO:root:Generation: 98
INFO:root:pop fitness: 0.16917000000000004
INFO:root:elite fitness: 0.30748
INFO:root:Generation: 105
INFO:root:pop fitness: 0.14401
INFO:root:elite fitness: 0.26146
INFO:root:Generation: 98
INFO:root:pop fitness: 0.14239
INFO:root:elite fitness: 0.3043
INFO:root:Generation: 105
INFO:root:pop fitness: 0.16940000000000002
INFO:root:elite fitness: 0.34684000000000004
INFO:root:Generation: 99
INFO:root:pop fitness: 0.15064
INFO:root:elite fitness: 0.25727999999999995
INFO:root:Generation: 106
INFO:root:pop fitness: 0.12544
INFO:root:elite fitness: 0.2486
INFO:root:Generation: 99
INFO:root:pop fitness: 0.13572
INFO:root:elite fitness: 0.25307999999999997
INFO:root:Generation: 106
INFO:root:pop fitness: 0.15194999999999997
INFO:root:elite fitness: 0.2774
INFO:root:Generation: 100
INFO:root:pop fitness: 0.14076
INFO:root:elite fitness: 0.28138
INFO:root:Generation: 107
INFO:root:pop fitness: 0.15533999999999998
INFO:root:elite fitness: 0.2963
INFO:root:Generation: 100
INFO:root:pop fitness: 0.13052
INFO:root:elite fitness: 0.26756
INFO:root:Generation: 107
INFO:root:pop fitness: 0.16421000000000002
INFO:root:elite fitness: 0.31978000000000006
INFO:root:Generation: 108
INFO:root:pop fitness: 0.16438999999999995
INFO:root:elite fitness: 0.34452000000000005
INFO:root:Generation: 101
INFO:root:pop fitness: 0.16592
INFO:root:elite fitness: 0.31755999999999995
INFO:root:Generation: 101
INFO:root:pop fitness: 0.15078
INFO:root:elite fitness: 0.31828
INFO:root:Generation: 108
INFO:root:pop fitness: 0.16013000000000002
INFO:root:elite fitness: 0.30892
INFO:root:Generation: 109
INFO:root:pop fitness: 0.15243
INFO:root:elite fitness: 0.2805
INFO:root:Generation: 102
INFO:root:pop fitness: 0.15172
INFO:root:elite fitness: 0.3239600000000001
INFO:root:Generation: 102
INFO:root:pop fitness: 0.14975000000000002
INFO:root:elite fitness: 0.27618
INFO:root:Generation: 109
INFO:root:pop fitness: 0.14761999999999997
INFO:root:elite fitness: 0.24949999999999994
INFO:root:Generation: 110
INFO:root:pop fitness: 0.15662
INFO:root:elite fitness: 0.29006000000000004
INFO:root:Generation: 103
INFO:root:pop fitness: 0.13365
INFO:root:elite fitness: 0.26975999999999994
INFO:root:Generation: 103
INFO:root:pop fitness: 0.13635
INFO:root:elite fitness: 0.23447999999999997
INFO:root:Generation: 110
INFO:root:pop fitness: 0.16259
INFO:root:elite fitness: 0.27574000000000004
INFO:root:Generation: 111
INFO:root:pop fitness: 0.13832
INFO:root:elite fitness: 0.25526000000000004
INFO:root:Generation: 104
INFO:root:pop fitness: 0.15956000000000004
INFO:root:elite fitness: 0.30267999999999995
INFO:root:Generation: 111
INFO:root:pop fitness: 0.1518
INFO:root:elite fitness: 0.27354
INFO:root:Generation: 104
INFO:root:pop fitness: 0.15562
INFO:root:elite fitness: 0.31276
INFO:root:Generation: 105
INFO:root:pop fitness: 0.15794
INFO:root:elite fitness: 0.27896
INFO:root:Generation: 112
INFO:root:pop fitness: 0.18488
INFO:root:elite fitness: 0.32708000000000004
INFO:root:Generation: 112
INFO:root:pop fitness: 0.14401000000000003
INFO:root:elite fitness: 0.2801
INFO:root:Generation: 105
INFO:root:pop fitness: 0.15714
INFO:root:elite fitness: 0.31756
INFO:root:Generation: 113
INFO:root:pop fitness: 0.18407
INFO:root:elite fitness: 0.32300000000000006
INFO:root:Generation: 106
INFO:root:pop fitness: 0.14159
INFO:root:elite fitness: 0.27981999999999996
INFO:root:Generation: 113
INFO:root:pop fitness: 0.13335
INFO:root:elite fitness: 0.26031999999999994
INFO:root:Generation: 106
INFO:root:pop fitness: 0.14788
INFO:root:elite fitness: 0.23297999999999994
INFO:root:Generation: 114
INFO:root:pop fitness: 0.15600000000000003
INFO:root:elite fitness: 0.28014000000000006
INFO:root:Generation: 107
INFO:root:pop fitness: 0.17588
INFO:root:elite fitness: 0.31632
INFO:root:Generation: 114
INFO:root:pop fitness: 0.13950000000000004
INFO:root:elite fitness: 0.26752000000000004
INFO:root:Generation: 107
INFO:root:pop fitness: 0.14883999999999997
INFO:root:elite fitness: 0.33165999999999995
INFO:root:Generation: 115
INFO:root:pop fitness: 0.14834999999999998
INFO:root:elite fitness: 0.27974
INFO:root:Generation: 108
INFO:root:pop fitness: 0.16591000000000006
INFO:root:elite fitness: 0.30419999999999997
INFO:root:Generation: 115
INFO:root:pop fitness: 0.15892
INFO:root:elite fitness: 0.30144000000000004
INFO:root:Generation: 108
INFO:root:pop fitness: 0.14531
INFO:root:elite fitness: 0.27968
INFO:root:Generation: 116
INFO:root:pop fitness: 0.14334
INFO:root:elite fitness: 0.27405999999999997
INFO:root:Generation: 109
INFO:root:pop fitness: 0.14429000000000003
INFO:root:elite fitness: 0.28602
INFO:root:Generation: 116
INFO:root:pop fitness: 0.15949000000000002
INFO:root:elite fitness: 0.30004000000000003
INFO:root:Generation: 117
INFO:root:pop fitness: 0.15543
INFO:root:elite fitness: 0.27138000000000007
INFO:root:Generation: 109
INFO:root:pop fitness: 0.15085
INFO:root:elite fitness: 0.29532
INFO:root:Generation: 110
INFO:root:pop fitness: 0.16767000000000004
INFO:root:elite fitness: 0.30426000000000003
INFO:root:Generation: 117
INFO:root:pop fitness: 0.15516000000000002
INFO:root:elite fitness: 0.26256
INFO:root:Generation: 118
INFO:root:pop fitness: 0.17620999999999998
INFO:root:elite fitness: 0.34662
INFO:root:Generation: 110
INFO:root:pop fitness: 0.15536999999999998
INFO:root:elite fitness: 0.29256
INFO:root:Generation: 118
INFO:root:pop fitness: 0.14693
INFO:root:elite fitness: 0.26905999999999997
INFO:root:Generation: 111
INFO:root:pop fitness: 0.14271
INFO:root:elite fitness: 0.28967999999999994
INFO:root:Generation: 119
INFO:root:pop fitness: 0.15351
INFO:root:elite fitness: 0.28518
INFO:root:Generation: 111
INFO:root:pop fitness: 0.13883
INFO:root:elite fitness: 0.267
INFO:root:Generation: 119
INFO:root:pop fitness: 0.16081
INFO:root:elite fitness: 0.3105
INFO:root:Generation: 112
INFO:root:pop fitness: 0.14625
INFO:root:elite fitness: 0.29087999999999997
INFO:root:Generation: 120
INFO:root:pop fitness: 0.16342
INFO:root:elite fitness: 0.28130000000000005
INFO:root:Generation: 120
INFO:root:pop fitness: 0.15932
INFO:root:elite fitness: 0.3177
INFO:root:Generation: 112
INFO:root:pop fitness: 0.13295
INFO:root:elite fitness: 0.28692
INFO:root:Generation: 113
INFO:root:pop fitness: 0.14531999999999998
INFO:root:elite fitness: 0.2761
INFO:root:Generation: 121
INFO:root:pop fitness: 0.17296000000000003
INFO:root:elite fitness: 0.3405
INFO:root:Generation: 121
INFO:root:pop fitness: 0.16773
INFO:root:elite fitness: 0.30816000000000004
INFO:root:Generation: 113
INFO:root:pop fitness: 0.15138
INFO:root:elite fitness: 0.27912
INFO:root:Generation: 114
INFO:root:pop fitness: 0.14537
INFO:root:elite fitness: 0.31884
INFO:root:Generation: 122
INFO:root:pop fitness: 0.18230999999999997
INFO:root:elite fitness: 0.32706
INFO:root:Generation: 122
INFO:root:pop fitness: 0.15793000000000001
INFO:root:elite fitness: 0.27832
INFO:root:Generation: 114
INFO:root:pop fitness: 0.14779
INFO:root:elite fitness: 0.29496
INFO:root:Generation: 115
INFO:root:pop fitness: 0.15698
INFO:root:elite fitness: 0.30357999999999996
INFO:root:Generation: 123
INFO:root:pop fitness: 0.16139000000000003
INFO:root:elite fitness: 0.30463999999999997
INFO:root:Generation: 123
INFO:root:pop fitness: 0.17022000000000007
INFO:root:elite fitness: 0.30412
INFO:root:Generation: 115
INFO:root:pop fitness: 0.13838999999999999
INFO:root:elite fitness: 0.2592
INFO:root:Generation: 116
INFO:root:pop fitness: 0.15405
INFO:root:elite fitness: 0.2663
INFO:root:Generation: 124
INFO:root:pop fitness: 0.17773999999999998
INFO:root:elite fitness: 0.31846
INFO:root:Generation: 124
INFO:root:pop fitness: 0.16565000000000002
INFO:root:elite fitness: 0.30068
INFO:root:Generation: 116
INFO:root:pop fitness: 0.13964
INFO:root:elite fitness: 0.26072
INFO:root:Generation: 125
INFO:root:pop fitness: 0.17886999999999997
INFO:root:elite fitness: 0.31992
INFO:root:Generation: 117
INFO:root:pop fitness: 0.16208999999999998
INFO:root:elite fitness: 0.30594
INFO:root:Generation: 125
INFO:root:pop fitness: 0.16201999999999997
INFO:root:elite fitness: 0.27512000000000003
INFO:root:Generation: 117
INFO:root:pop fitness: 0.15033999999999997
INFO:root:elite fitness: 0.2706
INFO:root:Generation: 126
INFO:root:pop fitness: 0.17962000000000003
INFO:root:elite fitness: 0.3282
INFO:root:Generation: 118
INFO:root:pop fitness: 0.13646
INFO:root:elite fitness: 0.23815999999999998
INFO:root:Generation: 126
INFO:root:pop fitness: 0.15084999999999998
INFO:root:elite fitness: 0.29059999999999997
INFO:root:Generation: 118
INFO:root:pop fitness: 0.15724
INFO:root:elite fitness: 0.31311999999999995
INFO:root:Generation: 127
INFO:root:pop fitness: 0.16771
INFO:root:elite fitness: 0.28424000000000005
INFO:root:Generation: 119
INFO:root:pop fitness: 0.15960999999999997
INFO:root:elite fitness: 0.32952
INFO:root:Generation: 127
INFO:root:pop fitness: 0.15904
INFO:root:elite fitness: 0.28304
INFO:root:Generation: 119
INFO:root:pop fitness: 0.15671000000000002
INFO:root:elite fitness: 0.30106
INFO:root:Generation: 128
INFO:root:pop fitness: 0.18554
INFO:root:elite fitness: 0.34318
INFO:root:Generation: 120
INFO:root:pop fitness: 0.16186999999999999
INFO:root:elite fitness: 0.28696
INFO:root:Generation: 128
INFO:root:pop fitness: 0.16333999999999999
INFO:root:elite fitness: 0.29954000000000003
INFO:root:Generation: 129
INFO:root:pop fitness: 0.18134
INFO:root:elite fitness: 0.30234
INFO:root:Generation: 120
INFO:root:pop fitness: 0.16858
INFO:root:elite fitness: 0.325
INFO:root:Generation: 129
INFO:root:pop fitness: 0.15964
INFO:root:elite fitness: 0.29934
INFO:root:Generation: 121
INFO:root:pop fitness: 0.13256
INFO:root:elite fitness: 0.23908000000000001
INFO:root:Generation: 130
INFO:root:pop fitness: 0.16975
INFO:root:elite fitness: 0.31814000000000003
INFO:root:Generation: 121
INFO:root:pop fitness: 0.14786000000000002
INFO:root:elite fitness: 0.24638000000000002
INFO:root:Generation: 130
INFO:root:pop fitness: 0.16037
INFO:root:elite fitness: 0.2786
INFO:root:Generation: 122
INFO:root:pop fitness: 0.14975000000000002
INFO:root:elite fitness: 0.27386000000000005
INFO:root:Generation: 131
INFO:root:pop fitness: 0.16580000000000003
INFO:root:elite fitness: 0.32188
INFO:root:Generation: 122
INFO:root:pop fitness: 0.17220000000000002
INFO:root:elite fitness: 0.31732
INFO:root:Generation: 131
INFO:root:pop fitness: 0.14204999999999998
INFO:root:elite fitness: 0.27346
INFO:root:Generation: 123
INFO:root:pop fitness: 0.16047
INFO:root:elite fitness: 0.29225999999999996
INFO:root:Generation: 132
INFO:root:pop fitness: 0.15481999999999999
INFO:root:elite fitness: 0.29932
INFO:root:Generation: 132
INFO:root:pop fitness: 0.18033000000000005
INFO:root:elite fitness: 0.30062
INFO:root:Generation: 123
INFO:root:pop fitness: 0.16006
INFO:root:elite fitness: 0.29292
INFO:root:Generation: 124
INFO:root:pop fitness: 0.13763999999999998
INFO:root:elite fitness: 0.28178000000000003
INFO:root:Generation: 133
INFO:root:pop fitness: 0.15996
INFO:root:elite fitness: 0.30808
INFO:root:Generation: 133
INFO:root:pop fitness: 0.16517000000000004
INFO:root:elite fitness: 0.29622000000000004
INFO:root:Generation: 124
INFO:root:pop fitness: 0.14429999999999998
INFO:root:elite fitness: 0.27252000000000004
INFO:root:Generation: 125
INFO:root:pop fitness: 0.1598
INFO:root:elite fitness: 0.29595999999999995
INFO:root:Generation: 134
INFO:root:pop fitness: 0.17986000000000005
INFO:root:elite fitness: 0.30748
INFO:root:Generation: 134
INFO:root:pop fitness: 0.16196000000000002
INFO:root:elite fitness: 0.29375999999999997
INFO:root:Generation: 125
INFO:root:pop fitness: 0.17055000000000003
INFO:root:elite fitness: 0.30704
INFO:root:Generation: 126
INFO:root:pop fitness: 0.14527
INFO:root:elite fitness: 0.2782
INFO:root:Generation: 135
INFO:root:pop fitness: 0.16984000000000002
INFO:root:elite fitness: 0.29368
INFO:root:Generation: 135
INFO:root:pop fitness: 0.1508
INFO:root:elite fitness: 0.29231999999999997
INFO:root:Generation: 126
INFO:root:pop fitness: 0.15191000000000002
INFO:root:elite fitness: 0.272
INFO:root:Generation: 127
INFO:root:pop fitness: 0.14797999999999997
INFO:root:elite fitness: 0.28306
INFO:root:Generation: 136
INFO:root:pop fitness: 0.15897
INFO:root:elite fitness: 0.27566
INFO:root:Generation: 136
INFO:root:pop fitness: 0.15655999999999998
INFO:root:elite fitness: 0.30838
INFO:root:Generation: 127
INFO:root:pop fitness: 0.1441
INFO:root:elite fitness: 0.29902
INFO:root:Generation: 128
INFO:root:pop fitness: 0.15566000000000002
INFO:root:elite fitness: 0.27664
INFO:root:Generation: 137
INFO:root:pop fitness: 0.15957
INFO:root:elite fitness: 0.29622000000000004
INFO:root:Generation: 137
INFO:root:pop fitness: 0.17043999999999998
INFO:root:elite fitness: 0.30614
INFO:root:Generation: 128
INFO:root:pop fitness: 0.12921000000000002
INFO:root:elite fitness: 0.23358
INFO:root:Generation: 138
INFO:root:pop fitness: 0.17006
INFO:root:elite fitness: 0.30204000000000003
INFO:root:Generation: 129
INFO:root:pop fitness: 0.16358999999999999
INFO:root:elite fitness: 0.32031999999999994
INFO:root:Generation: 138
INFO:root:pop fitness: 0.1587
INFO:root:elite fitness: 0.32758
INFO:root:Generation: 129
INFO:root:pop fitness: 0.14859
INFO:root:elite fitness: 0.27152
INFO:root:Generation: 139
INFO:root:pop fitness: 0.17819
INFO:root:elite fitness: 0.31944
INFO:root:Generation: 139
INFO:root:pop fitness: 0.17552999999999996
INFO:root:elite fitness: 0.30964
INFO:root:Generation: 130
INFO:root:pop fitness: 0.14817
INFO:root:elite fitness: 0.27618000000000004
INFO:root:Generation: 130
INFO:root:pop fitness: 0.14625
INFO:root:elite fitness: 0.27044
INFO:root:Generation: 140
INFO:root:pop fitness: 0.19271000000000002
INFO:root:elite fitness: 0.32482
INFO:root:Generation: 140
INFO:root:pop fitness: 0.17817
INFO:root:elite fitness: 0.31943999999999995
INFO:root:Generation: 131
INFO:root:pop fitness: 0.15494000000000002
INFO:root:elite fitness: 0.27724
INFO:root:Generation: 131
INFO:root:pop fitness: 0.14361000000000002
INFO:root:elite fitness: 0.26392000000000004
INFO:root:Generation: 141
INFO:root:pop fitness: 0.18233
INFO:root:elite fitness: 0.33808
INFO:root:Generation: 141
INFO:root:pop fitness: 0.16167
INFO:root:elite fitness: 0.30046
INFO:root:Generation: 132
INFO:root:pop fitness: 0.18232000000000004
INFO:root:elite fitness: 0.3693
INFO:root:Generation: 132
INFO:root:pop fitness: 0.14969000000000002
INFO:root:elite fitness: 0.26126
INFO:root:Generation: 142
INFO:root:pop fitness: 0.16276000000000004
INFO:root:elite fitness: 0.2966
INFO:root:Generation: 142
INFO:root:pop fitness: 0.16184
INFO:root:elite fitness: 0.34458
INFO:root:Generation: 133
INFO:root:pop fitness: 0.16967000000000007
INFO:root:elite fitness: 0.34085999999999994
INFO:root:Generation: 133
INFO:root:pop fitness: 0.15127999999999997
INFO:root:elite fitness: 0.27494
INFO:root:Generation: 143
INFO:root:pop fitness: 0.17484
INFO:root:elite fitness: 0.32558
INFO:root:Generation: 143
INFO:root:pop fitness: 0.15102000000000002
INFO:root:elite fitness: 0.28186
INFO:root:Generation: 134
INFO:root:pop fitness: 0.17475000000000002
INFO:root:elite fitness: 0.31401999999999997
INFO:root:Generation: 134
INFO:root:pop fitness: 0.14489
INFO:root:elite fitness: 0.29616
INFO:root:Generation: 144
INFO:root:pop fitness: 0.16899999999999998
INFO:root:elite fitness: 0.28304
INFO:root:Generation: 144
INFO:root:pop fitness: 0.16394000000000003
INFO:root:elite fitness: 0.31582000000000005
INFO:root:Generation: 135
INFO:root:pop fitness: 0.17421000000000003
INFO:root:elite fitness: 0.32522
INFO:root:Generation: 145
INFO:root:pop fitness: 0.19851000000000008
INFO:root:elite fitness: 0.34534000000000004
INFO:root:Generation: 135
INFO:root:pop fitness: 0.16832000000000005
INFO:root:elite fitness: 0.30628000000000005
INFO:root:Generation: 145
INFO:root:pop fitness: 0.17400000000000002
INFO:root:elite fitness: 0.33771999999999996
INFO:root:Generation: 136
INFO:root:pop fitness: 0.17102
INFO:root:elite fitness: 0.29552
INFO:root:Generation: 146
INFO:root:pop fitness: 0.1809
INFO:root:elite fitness: 0.29846
INFO:root:Generation: 136
INFO:root:pop fitness: 0.16700000000000004
INFO:root:elite fitness: 0.29512
INFO:root:Generation: 146
INFO:root:pop fitness: 0.16839000000000007
INFO:root:elite fitness: 0.34334000000000003
INFO:root:Generation: 137
INFO:root:pop fitness: 0.15950999999999999
INFO:root:elite fitness: 0.33666
INFO:root:Generation: 147
INFO:root:pop fitness: 0.17648000000000003
INFO:root:elite fitness: 0.31887999999999994
INFO:root:Generation: 137
INFO:root:pop fitness: 0.14432999999999999
INFO:root:elite fitness: 0.26698
INFO:root:Generation: 147
INFO:root:pop fitness: 0.18532
INFO:root:elite fitness: 0.32796
INFO:root:Generation: 148
INFO:root:pop fitness: 0.19175
INFO:root:elite fitness: 0.34459999999999996
INFO:root:Generation: 138
INFO:root:pop fitness: 0.17133000000000004
INFO:root:elite fitness: 0.29481999999999997
INFO:root:Generation: 148
INFO:root:pop fitness: 0.18918999999999997
INFO:root:elite fitness: 0.32608
INFO:root:Generation: 138
INFO:root:pop fitness: 0.15909
INFO:root:elite fitness: 0.3121
INFO:root:Generation: 139
INFO:root:pop fitness: 0.17083
INFO:root:elite fitness: 0.29586
INFO:root:Generation: 149
INFO:root:pop fitness: 0.16984000000000005
INFO:root:elite fitness: 0.30029999999999996
INFO:root:Generation: 149
INFO:root:pop fitness: 0.15683999999999998
INFO:root:elite fitness: 0.29372
INFO:root:Generation: 139
INFO:root:pop fitness: 0.1666
INFO:root:elite fitness: 0.32526000000000005
INFO:root:Generation: 140
INFO:root:pop fitness: 0.16163
INFO:root:elite fitness: 0.32238
INFO:root:Generation: 150
INFO:root:pop fitness: 0.19940000000000002
INFO:root:elite fitness: 0.3735000000000001
INFO:root:Generation: 150
INFO:root:pop fitness: 0.15441
INFO:root:elite fitness: 0.28956
INFO:root:Generation: 140
INFO:root:pop fitness: 0.15004
INFO:root:elite fitness: 0.27786
INFO:root:Generation: 151
INFO:root:pop fitness: 0.18445
INFO:root:elite fitness: 0.33730000000000004
INFO:root:Generation: 141
INFO:root:pop fitness: 0.15419
INFO:root:elite fitness: 0.31745999999999996
INFO:root:Generation: 151
INFO:root:pop fitness: 0.16312000000000001
INFO:root:elite fitness: 0.2889
INFO:root:Generation: 141
INFO:root:pop fitness: 0.16906000000000002
INFO:root:elite fitness: 0.32674
INFO:root:Generation: 152
INFO:root:pop fitness: 0.17033999999999996
INFO:root:elite fitness: 0.29422
INFO:root:Generation: 142
INFO:root:pop fitness: 0.15796000000000002
INFO:root:elite fitness: 0.29244
INFO:root:Generation: 152
INFO:root:pop fitness: 0.14776
INFO:root:elite fitness: 0.29231999999999997
INFO:root:Generation: 142
INFO:root:pop fitness: 0.14991000000000002
INFO:root:elite fitness: 0.27926
INFO:root:Generation: 153
INFO:root:pop fitness: 0.16844
INFO:root:elite fitness: 0.30992
INFO:root:Generation: 143
INFO:root:pop fitness: 0.14451
INFO:root:elite fitness: 0.27744
INFO:root:Generation: 153
INFO:root:pop fitness: 0.16505
INFO:root:elite fitness: 0.33504
INFO:root:Generation: 143
INFO:root:pop fitness: 0.1462
INFO:root:elite fitness: 0.27618000000000004
INFO:root:Generation: 154
INFO:root:pop fitness: 0.17307000000000006
INFO:root:elite fitness: 0.31792
INFO:root:Generation: 154
INFO:root:pop fitness: 0.17492000000000002
INFO:root:elite fitness: 0.32444
INFO:root:Generation: 144
INFO:root:pop fitness: 0.15369
INFO:root:elite fitness: 0.2834
INFO:root:Generation: 144
INFO:root:pop fitness: 0.15695
INFO:root:elite fitness: 0.2934
INFO:root:Generation: 155
INFO:root:pop fitness: 0.16223999999999997
INFO:root:elite fitness: 0.30573999999999996
INFO:root:Generation: 145
INFO:root:pop fitness: 0.15935
INFO:root:elite fitness: 0.26364
INFO:root:Generation: 155
INFO:root:pop fitness: 0.16760999999999998
INFO:root:elite fitness: 0.30716
INFO:root:Generation: 145
INFO:root:pop fitness: 0.16158
INFO:root:elite fitness: 0.30992
INFO:root:Generation: 156
INFO:root:pop fitness: 0.17574
INFO:root:elite fitness: 0.33834
INFO:root:Generation: 156
INFO:root:pop fitness: 0.17401000000000003
INFO:root:elite fitness: 0.30635999999999997
INFO:root:Generation: 146
INFO:root:pop fitness: 0.14667
INFO:root:elite fitness: 0.28306
INFO:root:Generation: 157
INFO:root:pop fitness: 0.15676
INFO:root:elite fitness: 0.28150000000000003
INFO:root:Generation: 146
INFO:root:pop fitness: 0.18203
INFO:root:elite fitness: 0.33704
INFO:root:Generation: 157
INFO:root:pop fitness: 0.17577
INFO:root:elite fitness: 0.33690000000000003
INFO:root:Generation: 147
INFO:root:pop fitness: 0.15917
INFO:root:elite fitness: 0.31638
INFO:root:Generation: 158
INFO:root:pop fitness: 0.17803000000000002
INFO:root:elite fitness: 0.33078
INFO:root:Generation: 147
INFO:root:pop fitness: 0.16155999999999998
INFO:root:elite fitness: 0.28522
INFO:root:Generation: 158
INFO:root:pop fitness: 0.17627000000000004
INFO:root:elite fitness: 0.33785999999999994
INFO:root:Generation: 148
INFO:root:pop fitness: 0.15524000000000002
INFO:root:elite fitness: 0.28096
INFO:root:Generation: 159
INFO:root:pop fitness: 0.15688000000000002
INFO:root:elite fitness: 0.29195999999999994
INFO:root:Generation: 148
INFO:root:pop fitness: 0.18826
INFO:root:elite fitness: 0.3423999999999999
INFO:root:Generation: 159
INFO:root:pop fitness: 0.16548
INFO:root:elite fitness: 0.29484000000000005
INFO:root:Generation: 149
INFO:root:pop fitness: 0.13699000000000003
INFO:root:elite fitness: 0.23912000000000003
INFO:root:Generation: 160
INFO:root:pop fitness: 0.16262999999999997
INFO:root:elite fitness: 0.32816
INFO:root:Generation: 160
INFO:root:pop fitness: 0.18383000000000002
INFO:root:elite fitness: 0.37504000000000004
INFO:root:Generation: 149
INFO:root:pop fitness: 0.15847
INFO:root:elite fitness: 0.30322
INFO:root:Generation: 150
INFO:root:pop fitness: 0.15661999999999998
INFO:root:elite fitness: 0.2985
INFO:root:Generation: 161
INFO:root:pop fitness: 0.18856
INFO:root:elite fitness: 0.3127
INFO:root:Generation: 161
INFO:root:pop fitness: 0.18783000000000002
INFO:root:elite fitness: 0.34263999999999994
INFO:root:Generation: 150
INFO:root:pop fitness: 0.13602999999999998
INFO:root:elite fitness: 0.25326000000000004
INFO:root:Generation: 162
INFO:root:pop fitness: 0.15837
INFO:root:elite fitness: 0.29651999999999995
INFO:root:Generation: 151
INFO:root:pop fitness: 0.151
INFO:root:elite fitness: 0.28037999999999996
INFO:root:Generation: 162
INFO:root:pop fitness: 0.18866
INFO:root:elite fitness: 0.3483799999999999
INFO:root:Generation: 151
INFO:root:pop fitness: 0.15542999999999998
INFO:root:elite fitness: 0.26624000000000003
INFO:root:Generation: 163
INFO:root:pop fitness: 0.18244000000000005
INFO:root:elite fitness: 0.32415999999999995
INFO:root:Generation: 152
INFO:root:pop fitness: 0.18565
INFO:root:elite fitness: 0.33436
INFO:root:Generation: 163
INFO:root:pop fitness: 0.17441000000000006
INFO:root:elite fitness: 0.32454
INFO:root:Generation: 152
INFO:root:pop fitness: 0.13019
INFO:root:elite fitness: 0.2909999999999999
INFO:root:Generation: 164
INFO:root:pop fitness: 0.16429
INFO:root:elite fitness: 0.28614
INFO:root:Generation: 153
INFO:root:pop fitness: 0.16883000000000004
INFO:root:elite fitness: 0.29236
INFO:root:Generation: 164
INFO:root:pop fitness: 0.17737000000000003
INFO:root:elite fitness: 0.33640000000000003
INFO:root:Generation: 153
INFO:root:pop fitness: 0.1399
INFO:root:elite fitness: 0.25522
INFO:root:Generation: 165
INFO:root:pop fitness: 0.17457999999999996
INFO:root:elite fitness: 0.31335999999999997
INFO:root:Generation: 154
INFO:root:pop fitness: 0.13806
INFO:root:elite fitness: 0.2607999999999999
INFO:root:Generation: 165
INFO:root:pop fitness: 0.18476000000000004
INFO:root:elite fitness: 0.3519
INFO:root:Generation: 166
INFO:root:pop fitness: 0.17581000000000002
INFO:root:elite fitness: 0.31783999999999996
INFO:root:Generation: 154
INFO:root:pop fitness: 0.14296
INFO:root:elite fitness: 0.3062
INFO:root:Generation: 155
INFO:root:pop fitness: 0.14351999999999998
INFO:root:elite fitness: 0.25257999999999997
INFO:root:Generation: 166
INFO:root:pop fitness: 0.1831800000000001
INFO:root:elite fitness: 0.37211999999999995
INFO:root:Generation: 167
INFO:root:pop fitness: 0.15931
INFO:root:elite fitness: 0.31186
INFO:root:Generation: 155
INFO:root:pop fitness: 0.1401
INFO:root:elite fitness: 0.27943999999999997
INFO:root:Generation: 156
INFO:root:pop fitness: 0.16725
INFO:root:elite fitness: 0.28956
INFO:root:Generation: 167
INFO:root:pop fitness: 0.16419000000000003
INFO:root:elite fitness: 0.29314
INFO:root:Generation: 168
INFO:root:pop fitness: 0.16525
INFO:root:elite fitness: 0.275
INFO:root:Generation: 156
INFO:root:pop fitness: 0.16104000000000002
INFO:root:elite fitness: 0.29340000000000005
INFO:root:Generation: 157
INFO:root:pop fitness: 0.16404
INFO:root:elite fitness: 0.30174
INFO:root:Generation: 168
INFO:root:pop fitness: 0.18652999999999997
INFO:root:elite fitness: 0.34781999999999996
INFO:root:Generation: 169
INFO:root:pop fitness: 0.17415000000000005
INFO:root:elite fitness: 0.30294
INFO:root:Generation: 157
INFO:root:pop fitness: 0.14953
INFO:root:elite fitness: 0.29513999999999996
INFO:root:Generation: 158
INFO:root:pop fitness: 0.17152000000000003
INFO:root:elite fitness: 0.32222
INFO:root:Generation: 169
INFO:root:pop fitness: 0.1955
INFO:root:elite fitness: 0.34108
INFO:root:Generation: 170
INFO:root:pop fitness: 0.15359
INFO:root:elite fitness: 0.2839
INFO:root:Generation: 158
INFO:root:pop fitness: 0.17809
INFO:root:elite fitness: 0.32722
INFO:root:Generation: 159
INFO:root:pop fitness: 0.16259
INFO:root:elite fitness: 0.2741
INFO:root:Generation: 170
INFO:root:pop fitness: 0.1848
INFO:root:elite fitness: 0.31538
INFO:root:Generation: 171
INFO:root:pop fitness: 0.18613
INFO:root:elite fitness: 0.31876
INFO:root:Generation: 160
INFO:root:pop fitness: 0.17015000000000005
INFO:root:elite fitness: 0.28824
INFO:root:Generation: 171
INFO:root:pop fitness: 0.17970000000000005
INFO:root:elite fitness: 0.3349
INFO:root:Generation: 159
INFO:root:pop fitness: 0.16144999999999998
INFO:root:elite fitness: 0.31762
INFO:root:Generation: 172
INFO:root:pop fitness: 0.18414999999999995
INFO:root:elite fitness: 0.30748000000000003
INFO:root:Generation: 172
INFO:root:pop fitness: 0.17944
INFO:root:elite fitness: 0.2902
INFO:root:Generation: 160
INFO:root:pop fitness: 0.17111
INFO:root:elite fitness: 0.3483799999999999
INFO:root:Generation: 161
INFO:root:pop fitness: 0.17016000000000006
INFO:root:elite fitness: 0.28532
INFO:root:Generation: 173
INFO:root:pop fitness: 0.17478
INFO:root:elite fitness: 0.32224
INFO:root:Generation: 173
INFO:root:pop fitness: 0.17553999999999997
INFO:root:elite fitness: 0.31436
INFO:root:Generation: 161
INFO:root:pop fitness: 0.15814000000000003
INFO:root:elite fitness: 0.2994
INFO:root:Generation: 162
INFO:root:pop fitness: 0.16005
INFO:root:elite fitness: 0.3189
INFO:root:Generation: 174
INFO:root:pop fitness: 0.18354000000000004
INFO:root:elite fitness: 0.32293999999999995
INFO:root:Generation: 174
INFO:root:pop fitness: 0.16987000000000005
INFO:root:elite fitness: 0.31384000000000006
INFO:root:Generation: 162
INFO:root:pop fitness: 0.17248999999999998
INFO:root:elite fitness: 0.3195
INFO:root:Generation: 175
INFO:root:pop fitness: 0.16993
INFO:root:elite fitness: 0.32770000000000005
INFO:root:Generation: 163
INFO:root:pop fitness: 0.17631
INFO:root:elite fitness: 0.33986
INFO:root:Generation: 175
INFO:root:pop fitness: 0.17962
INFO:root:elite fitness: 0.32938
INFO:root:Generation: 176
INFO:root:pop fitness: 0.19047
INFO:root:elite fitness: 0.35068
INFO:root:Generation: 163
INFO:root:pop fitness: 0.16765999999999995
INFO:root:elite fitness: 0.28494
INFO:root:Generation: 164
INFO:root:pop fitness: 0.16119000000000003
INFO:root:elite fitness: 0.28304
INFO:root:Generation: 176
INFO:root:pop fitness: 0.18401999999999996
INFO:root:elite fitness: 0.34092
INFO:root:Generation: 177
INFO:root:pop fitness: 0.18162000000000006
INFO:root:elite fitness: 0.30221999999999993
INFO:root:Generation: 164
INFO:root:pop fitness: 0.18648000000000003
INFO:root:elite fitness: 0.36967999999999995
INFO:root:Generation: 165
INFO:root:pop fitness: 0.16699999999999995
INFO:root:elite fitness: 0.3115
INFO:root:Generation: 177
INFO:root:pop fitness: 0.16407
INFO:root:elite fitness: 0.27937999999999996
INFO:root:Generation: 178
INFO:root:pop fitness: 0.18618
INFO:root:elite fitness: 0.33368000000000003
INFO:root:Generation: 166
INFO:root:pop fitness: 0.17627000000000004
INFO:root:elite fitness: 0.33825999999999995
INFO:root:Generation: 165
INFO:root:pop fitness: 0.16861
INFO:root:elite fitness: 0.30954
INFO:root:Generation: 178
INFO:root:pop fitness: 0.18916999999999998
INFO:root:elite fitness: 0.34758
INFO:root:Generation: 179
INFO:root:pop fitness: 0.19177000000000002
INFO:root:elite fitness: 0.3187
INFO:root:Generation: 167
INFO:root:pop fitness: 0.17976
INFO:root:elite fitness: 0.37620000000000003
INFO:root:Generation: 166
INFO:root:pop fitness: 0.19130000000000003
INFO:root:elite fitness: 0.3451600000000001
INFO:root:Generation: 179
INFO:root:pop fitness: 0.16801000000000002
INFO:root:elite fitness: 0.29319999999999996
INFO:root:Generation: 180
INFO:root:pop fitness: 0.17255000000000004
INFO:root:elite fitness: 0.31428
INFO:root:Generation: 168
INFO:root:pop fitness: 0.1725
INFO:root:elite fitness: 0.33205999999999997
INFO:root:Generation: 167
INFO:root:pop fitness: 0.17130999999999996
INFO:root:elite fitness: 0.31311999999999995
INFO:root:Generation: 180
INFO:root:pop fitness: 0.16205000000000003
INFO:root:elite fitness: 0.30657999999999996
INFO:root:Generation: 181
INFO:root:pop fitness: 0.16787
INFO:root:elite fitness: 0.2932
INFO:root:Generation: 169
INFO:root:pop fitness: 0.16259
INFO:root:elite fitness: 0.31811999999999996
INFO:root:Generation: 168
INFO:root:pop fitness: 0.17467
INFO:root:elite fitness: 0.34974000000000005
INFO:root:Generation: 181
INFO:root:pop fitness: 0.15958000000000003
INFO:root:elite fitness: 0.2638
INFO:root:Generation: 182
INFO:root:pop fitness: 0.18364
INFO:root:elite fitness: 0.29896
INFO:root:Generation: 170
INFO:root:pop fitness: 0.18106000000000005
INFO:root:elite fitness: 0.30402
INFO:root:Generation: 169
INFO:root:pop fitness: 0.17864000000000005
INFO:root:elite fitness: 0.3424999999999999
INFO:root:Generation: 183
INFO:root:pop fitness: 0.15489
INFO:root:elite fitness: 0.30806
INFO:root:Generation: 182
INFO:root:pop fitness: 0.16315
INFO:root:elite fitness: 0.26421999999999995
INFO:root:Generation: 171
INFO:root:pop fitness: 0.17889000000000002
INFO:root:elite fitness: 0.3222
INFO:root:Generation: 183
INFO:root:pop fitness: 0.16951
INFO:root:elite fitness: 0.30726
INFO:root:Generation: 170
INFO:root:pop fitness: 0.17476999999999998
INFO:root:elite fitness: 0.31614000000000003
INFO:root:Generation: 184
INFO:root:pop fitness: 0.17901000000000003
INFO:root:elite fitness: 0.32844
INFO:root:Generation: 172
INFO:root:pop fitness: 0.16245
INFO:root:elite fitness: 0.29857999999999996
INFO:root:Generation: 184
INFO:root:pop fitness: 0.17602000000000004
INFO:root:elite fitness: 0.33614000000000005
INFO:root:Generation: 185
INFO:root:pop fitness: 0.15893999999999997
INFO:root:elite fitness: 0.27852
INFO:root:Generation: 171
INFO:root:pop fitness: 0.1494
INFO:root:elite fitness: 0.28224000000000005
INFO:root:Generation: 185
INFO:root:pop fitness: 0.17053000000000001
INFO:root:elite fitness: 0.29208
INFO:root:Generation: 173
INFO:root:pop fitness: 0.15855
INFO:root:elite fitness: 0.2828
INFO:root:Generation: 186
INFO:root:pop fitness: 0.16207000000000002
INFO:root:elite fitness: 0.30627999999999994
INFO:root:Generation: 172
INFO:root:pop fitness: 0.17789
INFO:root:elite fitness: 0.3274
INFO:root:Generation: 186
INFO:root:pop fitness: 0.17989
INFO:root:elite fitness: 0.30436
INFO:root:Generation: 187
INFO:root:pop fitness: 0.19103
INFO:root:elite fitness: 0.33257999999999993
INFO:root:Generation: 174
INFO:root:pop fitness: 0.17007999999999998
INFO:root:elite fitness: 0.30573999999999996
INFO:root:Generation: 173
INFO:root:pop fitness: 0.17721
INFO:root:elite fitness: 0.32036000000000003
INFO:root:Generation: 187
INFO:root:pop fitness: 0.16533
INFO:root:elite fitness: 0.28113999999999995
INFO:root:Generation: 188
INFO:root:pop fitness: 0.16776999999999997
INFO:root:elite fitness: 0.27688
INFO:root:Generation: 175
INFO:root:pop fitness: 0.15565
INFO:root:elite fitness: 0.26938
INFO:root:Generation: 174
INFO:root:pop fitness: 0.14756000000000002
INFO:root:elite fitness: 0.29038
INFO:root:Generation: 188
INFO:root:pop fitness: 0.17687999999999998
INFO:root:elite fitness: 0.30782
INFO:root:Generation: 189
INFO:root:pop fitness: 0.16491
INFO:root:elite fitness: 0.32937999999999995
INFO:root:Generation: 176
INFO:root:pop fitness: 0.15126
INFO:root:elite fitness: 0.31695999999999996
INFO:root:Generation: 175
INFO:root:pop fitness: 0.18753
INFO:root:elite fitness: 0.34813999999999995
INFO:root:Generation: 189
INFO:root:pop fitness: 0.17551000000000003
INFO:root:elite fitness: 0.33020000000000005
INFO:root:Generation: 190
INFO:root:pop fitness: 0.17115
INFO:root:elite fitness: 0.31628
INFO:root:Generation: 177
INFO:root:pop fitness: 0.15277000000000002
INFO:root:elite fitness: 0.3173
INFO:root:Generation: 176
INFO:root:pop fitness: 0.16901
INFO:root:elite fitness: 0.3075399999999999
INFO:root:Generation: 190
INFO:root:pop fitness: 0.18086000000000002
INFO:root:elite fitness: 0.31606
INFO:root:Generation: 191
INFO:root:pop fitness: 0.18564
INFO:root:elite fitness: 0.34926
INFO:root:Generation: 178
INFO:root:pop fitness: 0.1635
INFO:root:elite fitness: 0.3186
INFO:root:Generation: 177
INFO:root:pop fitness: 0.15196
INFO:root:elite fitness: 0.2814
INFO:root:Generation: 191
INFO:root:pop fitness: 0.19533
INFO:root:elite fitness: 0.3494400000000001
INFO:root:Generation: 192
INFO:root:pop fitness: 0.18861000000000006
INFO:root:elite fitness: 0.31806000000000006
INFO:root:Generation: 179
INFO:root:pop fitness: 0.16901000000000002
INFO:root:elite fitness: 0.32802
INFO:root:Generation: 178
INFO:root:pop fitness: 0.17003000000000001
INFO:root:elite fitness: 0.30861999999999995
INFO:root:Generation: 192
INFO:root:pop fitness: 0.16482
INFO:root:elite fitness: 0.30488000000000004
INFO:root:Generation: 193
INFO:root:pop fitness: 0.17946
INFO:root:elite fitness: 0.309
INFO:root:Generation: 180
INFO:root:pop fitness: 0.15233
INFO:root:elite fitness: 0.29874
INFO:root:Generation: 193
INFO:root:pop fitness: 0.20855999999999997
INFO:root:elite fitness: 0.36920000000000003
INFO:root:Generation: 179
INFO:root:pop fitness: 0.17711000000000005
INFO:root:elite fitness: 0.31314
INFO:root:Generation: 194
INFO:root:pop fitness: 0.16659
INFO:root:elite fitness: 0.304
INFO:root:Generation: 181
INFO:root:pop fitness: 0.16003
INFO:root:elite fitness: 0.27402
INFO:root:Generation: 194
INFO:root:pop fitness: 0.17684999999999998
INFO:root:elite fitness: 0.32588
INFO:root:Generation: 180
INFO:root:pop fitness: 0.15005999999999997
INFO:root:elite fitness: 0.30044
INFO:root:Generation: 195
INFO:root:pop fitness: 0.18046000000000004
INFO:root:elite fitness: 0.3266800000000001
INFO:root:Generation: 195
INFO:root:pop fitness: 0.17956
INFO:root:elite fitness: 0.31544
INFO:root:Generation: 182
INFO:root:pop fitness: 0.17078
INFO:root:elite fitness: 0.3046
INFO:root:Generation: 181
INFO:root:pop fitness: 0.18362000000000006
INFO:root:elite fitness: 0.31484
INFO:root:Generation: 196
INFO:root:pop fitness: 0.17018000000000005
INFO:root:elite fitness: 0.32026
INFO:root:Generation: 196
INFO:root:pop fitness: 0.18016000000000001
INFO:root:elite fitness: 0.30798000000000003
INFO:root:Generation: 183
INFO:root:pop fitness: 0.14865
INFO:root:elite fitness: 0.27742
INFO:root:Generation: 197
INFO:root:pop fitness: 0.16895
INFO:root:elite fitness: 0.31244
INFO:root:Generation: 182
INFO:root:pop fitness: 0.1784
INFO:root:elite fitness: 0.31717999999999996
INFO:root:Generation: 197
INFO:root:pop fitness: 0.18223
INFO:root:elite fitness: 0.32234
INFO:root:Generation: 184
INFO:root:pop fitness: 0.17042000000000002
INFO:root:elite fitness: 0.33182
INFO:root:Generation: 198
INFO:root:pop fitness: 0.18112999999999996
INFO:root:elite fitness: 0.32362
INFO:root:Generation: 183
INFO:root:pop fitness: 0.16734000000000002
INFO:root:elite fitness: 0.28524
INFO:root:Generation: 198
INFO:root:pop fitness: 0.18944999999999998
INFO:root:elite fitness: 0.35507999999999995
INFO:root:Generation: 185
INFO:root:pop fitness: 0.17112000000000002
INFO:root:elite fitness: 0.33355999999999997
INFO:root:Generation: 199
INFO:root:pop fitness: 0.19836
INFO:root:elite fitness: 0.35398
INFO:root:Generation: 184
INFO:root:pop fitness: 0.15733000000000003
INFO:root:elite fitness: 0.31218
INFO:root:Generation: 199
INFO:root:pop fitness: 0.19130000000000005
INFO:root:elite fitness: 0.3541
INFO:root:Generation: 186
INFO:root:pop fitness: 0.16865000000000002
INFO:root:elite fitness: 0.29572
INFO:root:Generation: 185
INFO:root:pop fitness: 0.15821999999999997
INFO:root:elite fitness: 0.32899999999999996
INFO:root:Generation: 187
INFO:root:pop fitness: 0.17502000000000004
INFO:root:elite fitness: 0.3446
INFO:root:Generation: 186
INFO:root:pop fitness: 0.15118
INFO:root:elite fitness: 0.32802
INFO:root:Generation: 188
INFO:root:pop fitness: 0.17632
INFO:root:elite fitness: 0.32153999999999994
INFO:root:Generation: 187
INFO:root:pop fitness: 0.17085
INFO:root:elite fitness: 0.3158000000000001
INFO:root:Generation: 189
INFO:root:pop fitness: 0.18654000000000004
INFO:root:elite fitness: 0.3377800000000001
INFO:root:Generation: 188
INFO:root:pop fitness: 0.16455999999999998
INFO:root:elite fitness: 0.32422000000000006
INFO:root:Generation: 190
INFO:root:pop fitness: 0.18216000000000002
INFO:root:elite fitness: 0.33698000000000006
INFO:root:Generation: 189
INFO:root:pop fitness: 0.17257000000000006
INFO:root:elite fitness: 0.33848
INFO:root:Generation: 191
INFO:root:pop fitness: 0.19993
INFO:root:elite fitness: 0.34208
INFO:root:Generation: 190
INFO:root:pop fitness: 0.15063
INFO:root:elite fitness: 0.3191
INFO:root:Generation: 192
INFO:root:pop fitness: 0.18386
INFO:root:elite fitness: 0.31356
INFO:root:Generation: 191
INFO:root:pop fitness: 0.18041000000000001
INFO:root:elite fitness: 0.3387
INFO:root:Generation: 193
INFO:root:pop fitness: 0.19363999999999998
INFO:root:elite fitness: 0.31716000000000005
INFO:root:Generation: 192
INFO:root:pop fitness: 0.14976
INFO:root:elite fitness: 0.31677999999999995
INFO:root:Generation: 194
INFO:root:pop fitness: 0.16962000000000002
INFO:root:elite fitness: 0.33456
INFO:root:Generation: 193
INFO:root:pop fitness: 0.17115000000000002
INFO:root:elite fitness: 0.32400000000000007
INFO:root:Generation: 195
INFO:root:pop fitness: 0.18222000000000005
INFO:root:elite fitness: 0.29668
INFO:root:Generation: 194
INFO:root:pop fitness: 0.16177
INFO:root:elite fitness: 0.30233999999999994
INFO:root:Generation: 196
INFO:root:pop fitness: 0.17513
INFO:root:elite fitness: 0.29654
INFO:root:Generation: 195
INFO:root:pop fitness: 0.15386
INFO:root:elite fitness: 0.29972
INFO:root:Generation: 197
INFO:root:pop fitness: 0.15969
INFO:root:elite fitness: 0.28256000000000003
INFO:root:Generation: 196
INFO:root:pop fitness: 0.17643999999999999
INFO:root:elite fitness: 0.32638000000000006
INFO:root:Generation: 198
INFO:root:pop fitness: 0.17381999999999997
INFO:root:elite fitness: 0.30486
INFO:root:Generation: 197
INFO:root:pop fitness: 0.17722000000000002
INFO:root:elite fitness: 0.34096
INFO:root:Generation: 199
INFO:root:pop fitness: 0.16021000000000002
INFO:root:elite fitness: 0.30182
INFO:root:Generation: 198
INFO:root:pop fitness: 0.19100000000000006
INFO:root:elite fitness: 0.35391999999999996
INFO:root:Generation: 199
INFO:root:pop fitness: 0.17990000000000003
INFO:root:elite fitness: 0.32498
