INFO:root:run_master: Namespace(arms='10', hidden='16', layers='1', max_gen='200', message='', mutation_mag='0.1', name='cumulativeRwd', noise=True, pop_size='150', save_result=True, steps='1', trials='100')
INFO:root:run_master: Namespace(arms='10', hidden='16', layers='1', max_gen='200', message='', mutation_mag='0.1', name='cumulativeRwd', noise=False, pop_size='150', save_result=True, steps='1', trials='100')
INFO:root:Generation: 0
INFO:root:pop fitness: 0.49576000000000003
INFO:root:elite fitness: 0.5308266666666668
INFO:root:Generation: 0
INFO:root:pop fitness: 0.49867999999999996
INFO:root:elite fitness: 0.5378933333333333
INFO:root:Generation: 1
INFO:root:pop fitness: 0.4990333333333333
INFO:root:elite fitness: 0.53848
INFO:root:Generation: 1
INFO:root:pop fitness: 0.5001533333333333
INFO:root:elite fitness: 0.5376666666666666
INFO:root:Generation: 2
INFO:root:pop fitness: 0.5021800000000001
INFO:root:elite fitness: 0.5397733333333334
INFO:root:Generation: 2
INFO:root:pop fitness: 0.5004200000000001
INFO:root:elite fitness: 0.5406266666666667
INFO:root:Generation: 3
INFO:root:pop fitness: 0.5006933333333333
INFO:root:elite fitness: 0.5434266666666666
INFO:root:Generation: 3
INFO:root:pop fitness: 0.50086
INFO:root:elite fitness: 0.5446533333333332
INFO:root:Generation: 4
INFO:root:pop fitness: 0.5014333333333333
INFO:root:elite fitness: 0.5533733333333334
INFO:root:Generation: 4
INFO:root:pop fitness: 0.49649333333333334
INFO:root:elite fitness: 0.5416533333333333
INFO:root:Generation: 5
INFO:root:pop fitness: 0.4968466666666666
INFO:root:elite fitness: 0.5433466666666666
INFO:root:Generation: 5
INFO:root:pop fitness: 0.50134
INFO:root:elite fitness: 0.5488133333333334
INFO:root:Generation: 6
INFO:root:pop fitness: 0.5053533333333333
INFO:root:elite fitness: 0.5591866666666667
INFO:root:Generation: 6
INFO:root:pop fitness: 0.5081199999999999
INFO:root:elite fitness: 0.5673733333333334
INFO:root:Generation: 7
INFO:root:pop fitness: 0.5005266666666667
INFO:root:elite fitness: 0.55
INFO:root:Generation: 7
INFO:root:pop fitness: 0.5069466666666667
INFO:root:elite fitness: 0.5603333333333333
INFO:root:Generation: 8
INFO:root:pop fitness: 0.5060466666666668
INFO:root:elite fitness: 0.5662933333333332
INFO:root:Generation: 9
INFO:root:pop fitness: 0.50672
INFO:root:elite fitness: 0.5738933333333335
INFO:root:Generation: 8
INFO:root:pop fitness: 0.5060266666666666
INFO:root:elite fitness: 0.5599333333333332
INFO:root:Generation: 10
INFO:root:pop fitness: 0.5085133333333335
INFO:root:elite fitness: 0.5759733333333332
INFO:root:Generation: 9
INFO:root:pop fitness: 0.5020333333333333
INFO:root:elite fitness: 0.5563066666666666
INFO:root:Generation: 11
INFO:root:pop fitness: 0.5072733333333332
INFO:root:elite fitness: 0.5796533333333332
INFO:root:Generation: 10
INFO:root:pop fitness: 0.5196933333333333
INFO:root:elite fitness: 0.5926266666666667
INFO:root:Generation: 12
INFO:root:pop fitness: 0.5193599999999999
INFO:root:elite fitness: 0.5989066666666667
INFO:root:Generation: 11
INFO:root:pop fitness: 0.5279533333333333
INFO:root:elite fitness: 0.5986666666666666
INFO:root:Generation: 13
INFO:root:pop fitness: 0.5183133333333333
INFO:root:elite fitness: 0.6069066666666667
INFO:root:Generation: 12
INFO:root:pop fitness: 0.5245333333333333
INFO:root:elite fitness: 0.5992400000000001
INFO:root:Generation: 14
INFO:root:pop fitness: 0.5147266666666667
INFO:root:elite fitness: 0.6064133333333334
INFO:root:Generation: 13
INFO:root:pop fitness: 0.5259866666666666
INFO:root:elite fitness: 0.6168266666666666
INFO:root:Generation: 15
INFO:root:pop fitness: 0.5173
INFO:root:elite fitness: 0.6052399999999999
INFO:root:Generation: 14
INFO:root:pop fitness: 0.5366666666666666
INFO:root:elite fitness: 0.61948
INFO:root:Generation: 16
INFO:root:pop fitness: 0.5374466666666666
INFO:root:elite fitness: 0.6138
INFO:root:Generation: 15
INFO:root:pop fitness: 0.5268466666666666
INFO:root:elite fitness: 0.6145466666666668
INFO:root:Generation: 17
INFO:root:pop fitness: 0.5313399999999999
INFO:root:elite fitness: 0.6073200000000001
INFO:root:Generation: 18
INFO:root:pop fitness: 0.52654
INFO:root:elite fitness: 0.6271866666666667
INFO:root:Generation: 16
INFO:root:pop fitness: 0.5326533333333335
INFO:root:elite fitness: 0.6109333333333333
INFO:root:Generation: 19
INFO:root:pop fitness: 0.5366533333333333
INFO:root:elite fitness: 0.6115200000000001
INFO:root:Generation: 17
INFO:root:pop fitness: 0.5425200000000001
INFO:root:elite fitness: 0.624
INFO:root:Generation: 20
INFO:root:pop fitness: 0.5418666666666667
INFO:root:elite fitness: 0.6392933333333333
INFO:root:Generation: 18
INFO:root:pop fitness: 0.5388333333333333
INFO:root:elite fitness: 0.6252133333333333
INFO:root:Generation: 21
INFO:root:pop fitness: 0.5531999999999999
INFO:root:elite fitness: 0.6497066666666667
INFO:root:Generation: 19
INFO:root:pop fitness: 0.5425333333333333
INFO:root:elite fitness: 0.6246800000000001
INFO:root:Generation: 22
INFO:root:pop fitness: 0.5729
INFO:root:elite fitness: 0.6750266666666667
INFO:root:Generation: 20
INFO:root:pop fitness: 0.5449933333333333
INFO:root:elite fitness: 0.6295066666666668
INFO:root:Generation: 23
INFO:root:pop fitness: 0.5729333333333333
INFO:root:elite fitness: 0.66316
INFO:root:Generation: 21
INFO:root:pop fitness: 0.5466333333333334
INFO:root:elite fitness: 0.6526400000000001
INFO:root:Generation: 24
INFO:root:pop fitness: 0.5855066666666667
INFO:root:elite fitness: 0.6686933333333334
INFO:root:Generation: 22
INFO:root:pop fitness: 0.5586133333333333
INFO:root:elite fitness: 0.6547333333333334
INFO:root:Generation: 25
INFO:root:pop fitness: 0.57382
INFO:root:elite fitness: 0.6726666666666667
INFO:root:Generation: 26
INFO:root:pop fitness: 0.5736266666666667
INFO:root:elite fitness: 0.6689866666666666
INFO:root:Generation: 23
INFO:root:pop fitness: 0.5494266666666667
INFO:root:elite fitness: 0.642
INFO:root:Generation: 27
INFO:root:pop fitness: 0.5727466666666667
INFO:root:elite fitness: 0.6649600000000001
INFO:root:Generation: 24
INFO:root:pop fitness: 0.5610733333333333
INFO:root:elite fitness: 0.6510933333333333
INFO:root:Generation: 28
INFO:root:pop fitness: 0.5850666666666666
INFO:root:elite fitness: 0.6848933333333332
INFO:root:Generation: 25
INFO:root:pop fitness: 0.5692266666666665
INFO:root:elite fitness: 0.6512933333333334
INFO:root:Generation: 29
INFO:root:pop fitness: 0.5862400000000001
INFO:root:elite fitness: 0.6857333333333333
INFO:root:Generation: 26
INFO:root:pop fitness: 0.5710533333333333
INFO:root:elite fitness: 0.6677466666666666
INFO:root:Generation: 30
INFO:root:pop fitness: 0.5830533333333334
INFO:root:elite fitness: 0.67084
INFO:root:Generation: 27
INFO:root:pop fitness: 0.57126
INFO:root:elite fitness: 0.6562133333333333
INFO:root:Generation: 31
INFO:root:pop fitness: 0.5887800000000001
INFO:root:elite fitness: 0.6708933333333333
INFO:root:Generation: 28
INFO:root:pop fitness: 0.5691533333333333
INFO:root:elite fitness: 0.6632266666666667
INFO:root:Generation: 32
INFO:root:pop fitness: 0.5954066666666668
INFO:root:elite fitness: 0.6934400000000001
INFO:root:Generation: 29
INFO:root:pop fitness: 0.5796399999999999
INFO:root:elite fitness: 0.66236
INFO:root:Generation: 33
INFO:root:pop fitness: 0.6040733333333334
INFO:root:elite fitness: 0.7021866666666666
INFO:root:Generation: 34
INFO:root:pop fitness: 0.5899266666666666
INFO:root:elite fitness: 0.6912933333333332
INFO:root:Generation: 30
INFO:root:pop fitness: 0.57524
INFO:root:elite fitness: 0.6641199999999999
INFO:root:Generation: 35
INFO:root:pop fitness: 0.6051733333333335
INFO:root:elite fitness: 0.6903866666666666
INFO:root:Generation: 31
INFO:root:pop fitness: 0.5769066666666667
INFO:root:elite fitness: 0.67012
INFO:root:Generation: 36
INFO:root:pop fitness: 0.5985400000000001
INFO:root:elite fitness: 0.6814133333333333
INFO:root:Generation: 32
INFO:root:pop fitness: 0.5795333333333333
INFO:root:elite fitness: 0.6705066666666666
INFO:root:Generation: 37
INFO:root:pop fitness: 0.57956
INFO:root:elite fitness: 0.6766266666666667
INFO:root:Generation: 33
INFO:root:pop fitness: 0.5757733333333332
INFO:root:elite fitness: 0.6581733333333333
INFO:root:Generation: 38
INFO:root:pop fitness: 0.5937066666666667
INFO:root:elite fitness: 0.6846000000000001
INFO:root:Generation: 34
INFO:root:pop fitness: 0.5802
INFO:root:elite fitness: 0.6632266666666666
INFO:root:Generation: 39
INFO:root:pop fitness: 0.6033599999999999
INFO:root:elite fitness: 0.67964
INFO:root:Generation: 35
INFO:root:pop fitness: 0.5784466666666668
INFO:root:elite fitness: 0.67624
INFO:root:Generation: 40
INFO:root:pop fitness: 0.5979466666666666
INFO:root:elite fitness: 0.69372
INFO:root:Generation: 36
INFO:root:pop fitness: 0.5741466666666666
INFO:root:elite fitness: 0.6740266666666667
INFO:root:Generation: 41
INFO:root:pop fitness: 0.60058
INFO:root:elite fitness: 0.7007066666666666
INFO:root:Generation: 37
INFO:root:pop fitness: 0.5802333333333333
INFO:root:elite fitness: 0.6699733333333333
INFO:root:Generation: 42
INFO:root:pop fitness: 0.5954666666666667
INFO:root:elite fitness: 0.6853066666666666
INFO:root:Generation: 43
INFO:root:pop fitness: 0.5937666666666668
INFO:root:elite fitness: 0.6909733333333333
INFO:root:Generation: 38
INFO:root:pop fitness: 0.5862666666666666
INFO:root:elite fitness: 0.68168
INFO:root:Generation: 44
INFO:root:pop fitness: 0.60556
INFO:root:elite fitness: 0.6961466666666667
INFO:root:Generation: 39
INFO:root:pop fitness: 0.5785199999999999
INFO:root:elite fitness: 0.6733066666666666
INFO:root:Generation: 45
INFO:root:pop fitness: 0.59832
INFO:root:elite fitness: 0.6931733333333334
INFO:root:Generation: 40
INFO:root:pop fitness: 0.5806266666666666
INFO:root:elite fitness: 0.68572
INFO:root:Generation: 46
INFO:root:pop fitness: 0.5916600000000001
INFO:root:elite fitness: 0.6964933333333333
INFO:root:Generation: 41
INFO:root:pop fitness: 0.5884066666666666
INFO:root:elite fitness: 0.6848399999999999
INFO:root:Generation: 47
INFO:root:pop fitness: 0.6102933333333334
INFO:root:elite fitness: 0.7103066666666668
INFO:root:Generation: 42
INFO:root:pop fitness: 0.5931333333333333
INFO:root:elite fitness: 0.6690400000000001
INFO:root:Generation: 48
INFO:root:pop fitness: 0.6028
INFO:root:elite fitness: 0.7022133333333332
INFO:root:Generation: 43
INFO:root:pop fitness: 0.5953933333333334
INFO:root:elite fitness: 0.68884
INFO:root:Generation: 49
INFO:root:pop fitness: 0.60314
INFO:root:elite fitness: 0.7111733333333333
INFO:root:Generation: 44
INFO:root:pop fitness: 0.5966866666666668
INFO:root:elite fitness: 0.6799866666666667
INFO:root:Generation: 50
INFO:root:pop fitness: 0.5991933333333332
INFO:root:elite fitness: 0.7072933333333334
INFO:root:Generation: 51
INFO:root:pop fitness: 0.6204066666666666
INFO:root:elite fitness: 0.70516
INFO:root:Generation: 45
INFO:root:pop fitness: 0.60028
INFO:root:elite fitness: 0.7075333333333333
INFO:root:Generation: 52
INFO:root:pop fitness: 0.6230933333333333
INFO:root:elite fitness: 0.6994
INFO:root:Generation: 46
INFO:root:pop fitness: 0.6029199999999999
INFO:root:elite fitness: 0.6984533333333335
INFO:root:Generation: 53
INFO:root:pop fitness: 0.61922
INFO:root:elite fitness: 0.7123466666666666
INFO:root:Generation: 47
INFO:root:pop fitness: 0.6043266666666667
INFO:root:elite fitness: 0.6991733333333334
INFO:root:Generation: 54
INFO:root:pop fitness: 0.6271066666666667
INFO:root:elite fitness: 0.7201600000000001
INFO:root:Generation: 48
INFO:root:pop fitness: 0.5936800000000001
INFO:root:elite fitness: 0.70156
INFO:root:Generation: 55
INFO:root:pop fitness: 0.6274866666666667
INFO:root:elite fitness: 0.7311466666666666
INFO:root:Generation: 49
INFO:root:pop fitness: 0.5967933333333334
INFO:root:elite fitness: 0.6926266666666666
INFO:root:Generation: 56
INFO:root:pop fitness: 0.6348599999999999
INFO:root:elite fitness: 0.72104
INFO:root:Generation: 50
INFO:root:pop fitness: 0.5832466666666666
INFO:root:elite fitness: 0.6857066666666667
INFO:root:Generation: 57
INFO:root:pop fitness: 0.6319666666666666
INFO:root:elite fitness: 0.7150266666666666
INFO:root:Generation: 51
INFO:root:pop fitness: 0.5994933333333333
INFO:root:elite fitness: 0.6844533333333334
INFO:root:Generation: 58
INFO:root:pop fitness: 0.6364266666666667
INFO:root:elite fitness: 0.7281733333333333
INFO:root:Generation: 59
INFO:root:pop fitness: 0.6219066666666667
INFO:root:elite fitness: 0.7059333333333332
INFO:root:Generation: 52
INFO:root:pop fitness: 0.60604
INFO:root:elite fitness: 0.7081866666666667
INFO:root:Generation: 60
INFO:root:pop fitness: 0.6260800000000001
INFO:root:elite fitness: 0.7174
INFO:root:Generation: 53
INFO:root:pop fitness: 0.6049466666666666
INFO:root:elite fitness: 0.7122666666666667
INFO:root:Generation: 61
INFO:root:pop fitness: 0.6402466666666667
INFO:root:elite fitness: 0.72148
INFO:root:Generation: 54
INFO:root:pop fitness: 0.6015666666666666
INFO:root:elite fitness: 0.70064
INFO:root:Generation: 62
INFO:root:pop fitness: 0.6312800000000001
INFO:root:elite fitness: 0.7453066666666667
INFO:root:Generation: 55
INFO:root:pop fitness: 0.6059800000000001
INFO:root:elite fitness: 0.7023866666666667
INFO:root:Generation: 63
INFO:root:pop fitness: 0.6316933333333333
INFO:root:elite fitness: 0.7250933333333334
INFO:root:Generation: 56
INFO:root:pop fitness: 0.6009066666666666
INFO:root:elite fitness: 0.7004933333333333
INFO:root:Generation: 64
INFO:root:pop fitness: 0.6350866666666667
INFO:root:elite fitness: 0.7217866666666666
INFO:root:Generation: 57
INFO:root:pop fitness: 0.5981199999999999
INFO:root:elite fitness: 0.6983733333333333
INFO:root:Generation: 65
INFO:root:pop fitness: 0.6242666666666666
INFO:root:elite fitness: 0.72436
INFO:root:Generation: 58
INFO:root:pop fitness: 0.61924
INFO:root:elite fitness: 0.7138666666666666
INFO:root:Generation: 66
INFO:root:pop fitness: 0.6281866666666667
INFO:root:elite fitness: 0.7302133333333333
INFO:root:Generation: 59
INFO:root:pop fitness: 0.6071733333333333
INFO:root:elite fitness: 0.7045600000000001
INFO:root:Generation: 67
INFO:root:pop fitness: 0.6383066666666667
INFO:root:elite fitness: 0.7425733333333335
INFO:root:Generation: 68
INFO:root:pop fitness: 0.6430266666666667
INFO:root:elite fitness: 0.7307600000000001
INFO:root:Generation: 60
INFO:root:pop fitness: 0.6098333333333333
INFO:root:elite fitness: 0.7064533333333334
INFO:root:Generation: 69
INFO:root:pop fitness: 0.63012
INFO:root:elite fitness: 0.72124
INFO:root:Generation: 61
INFO:root:pop fitness: 0.6103266666666666
INFO:root:elite fitness: 0.71204
INFO:root:Generation: 70
INFO:root:pop fitness: 0.6376866666666667
INFO:root:elite fitness: 0.7215466666666667
INFO:root:Generation: 62
INFO:root:pop fitness: 0.6057266666666667
INFO:root:elite fitness: 0.7047733333333333
INFO:root:Generation: 71
INFO:root:pop fitness: 0.6368266666666667
INFO:root:elite fitness: 0.7336799999999999
INFO:root:Generation: 63
INFO:root:pop fitness: 0.6116400000000001
INFO:root:elite fitness: 0.7166266666666667
INFO:root:Generation: 72
INFO:root:pop fitness: 0.6470733333333334
INFO:root:elite fitness: 0.7477733333333335
INFO:root:Generation: 64
INFO:root:pop fitness: 0.6244
INFO:root:elite fitness: 0.7307066666666666
INFO:root:Generation: 73
INFO:root:pop fitness: 0.6472
INFO:root:elite fitness: 0.7467066666666666
INFO:root:Generation: 65
INFO:root:pop fitness: 0.6248733333333335
INFO:root:elite fitness: 0.70432
INFO:root:Generation: 74
INFO:root:pop fitness: 0.64944
INFO:root:elite fitness: 0.7423200000000001
INFO:root:Generation: 66
INFO:root:pop fitness: 0.6349933333333333
INFO:root:elite fitness: 0.7394399999999999
INFO:root:Generation: 75
INFO:root:pop fitness: 0.6488133333333334
INFO:root:elite fitness: 0.7229333333333333
INFO:root:Generation: 76
INFO:root:pop fitness: 0.6325066666666667
INFO:root:elite fitness: 0.7196666666666667
INFO:root:Generation: 67
INFO:root:pop fitness: 0.6256066666666668
INFO:root:elite fitness: 0.71984
INFO:root:Generation: 77
INFO:root:pop fitness: 0.63722
INFO:root:elite fitness: 0.7228266666666666
INFO:root:Generation: 68
INFO:root:pop fitness: 0.6195866666666666
INFO:root:elite fitness: 0.7102133333333334
INFO:root:Generation: 78
INFO:root:pop fitness: 0.6368733333333334
INFO:root:elite fitness: 0.7302
INFO:root:Generation: 69
INFO:root:pop fitness: 0.6148333333333333
INFO:root:elite fitness: 0.71616
INFO:root:Generation: 79
INFO:root:pop fitness: 0.6374666666666666
INFO:root:elite fitness: 0.72564
INFO:root:Generation: 70
INFO:root:pop fitness: 0.6423866666666667
INFO:root:elite fitness: 0.7327866666666666
INFO:root:Generation: 80
INFO:root:pop fitness: 0.6323733333333333
INFO:root:elite fitness: 0.7354266666666667
INFO:root:Generation: 71
INFO:root:pop fitness: 0.6453333333333333
INFO:root:elite fitness: 0.7444666666666667
INFO:root:Generation: 81
INFO:root:pop fitness: 0.6367600000000001
INFO:root:elite fitness: 0.7173866666666665
INFO:root:Generation: 72
INFO:root:pop fitness: 0.6253799999999999
INFO:root:elite fitness: 0.7172266666666667
INFO:root:Generation: 82
INFO:root:pop fitness: 0.6434
INFO:root:elite fitness: 0.725
INFO:root:Generation: 73
INFO:root:pop fitness: 0.6273066666666666
INFO:root:elite fitness: 0.7320266666666667
INFO:root:Generation: 83
INFO:root:pop fitness: 0.6556066666666667
INFO:root:elite fitness: 0.7457866666666667
INFO:root:Generation: 74
INFO:root:pop fitness: 0.6383533333333334
INFO:root:elite fitness: 0.7136133333333334
INFO:root:Generation: 84
INFO:root:pop fitness: 0.64662
INFO:root:elite fitness: 0.7259466666666665
INFO:root:Generation: 85
INFO:root:pop fitness: 0.6407333333333334
INFO:root:elite fitness: 0.7268933333333333
INFO:root:Generation: 75
INFO:root:pop fitness: 0.6439133333333334
INFO:root:elite fitness: 0.7283466666666666
INFO:root:Generation: 86
INFO:root:pop fitness: 0.634
INFO:root:elite fitness: 0.7410266666666666
INFO:root:Generation: 76
INFO:root:pop fitness: 0.6203533333333333
INFO:root:elite fitness: 0.7097999999999999
INFO:root:Generation: 87
INFO:root:pop fitness: 0.6380666666666667
INFO:root:elite fitness: 0.7216133333333333
INFO:root:Generation: 77
INFO:root:pop fitness: 0.6249933333333333
INFO:root:elite fitness: 0.7132666666666666
INFO:root:Generation: 88
INFO:root:pop fitness: 0.6496599999999999
INFO:root:elite fitness: 0.7287199999999999
INFO:root:Generation: 78
INFO:root:pop fitness: 0.6384333333333333
INFO:root:elite fitness: 0.7230933333333333
INFO:root:Generation: 89
INFO:root:pop fitness: 0.6476733333333333
INFO:root:elite fitness: 0.7316266666666665
INFO:root:Generation: 79
INFO:root:pop fitness: 0.6398
INFO:root:elite fitness: 0.7324666666666667
INFO:root:Generation: 90
INFO:root:pop fitness: 0.64134
INFO:root:elite fitness: 0.7275066666666667
INFO:root:Generation: 80
INFO:root:pop fitness: 0.6411133333333333
INFO:root:elite fitness: 0.72096
INFO:root:Generation: 91
INFO:root:pop fitness: 0.6454
INFO:root:elite fitness: 0.7248666666666665
INFO:root:Generation: 92
INFO:root:pop fitness: 0.6442533333333333
INFO:root:elite fitness: 0.7370666666666666
INFO:root:Generation: 81
INFO:root:pop fitness: 0.6248133333333334
INFO:root:elite fitness: 0.7223333333333334
INFO:root:Generation: 93
INFO:root:pop fitness: 0.6475133333333334
INFO:root:elite fitness: 0.7448666666666666
INFO:root:Generation: 82
INFO:root:pop fitness: 0.6289933333333333
INFO:root:elite fitness: 0.7050399999999999
INFO:root:Generation: 94
INFO:root:pop fitness: 0.65864
INFO:root:elite fitness: 0.7591866666666666
INFO:root:Generation: 83
INFO:root:pop fitness: 0.6307133333333333
INFO:root:elite fitness: 0.7113866666666667
INFO:root:Generation: 95
INFO:root:pop fitness: 0.6413933333333334
INFO:root:elite fitness: 0.7299066666666667
INFO:root:Generation: 84
INFO:root:pop fitness: 0.6326466666666668
INFO:root:elite fitness: 0.7243066666666668
INFO:root:Generation: 96
INFO:root:pop fitness: 0.6470333333333332
INFO:root:elite fitness: 0.7386666666666667
INFO:root:Generation: 85
INFO:root:pop fitness: 0.6396333333333333
INFO:root:elite fitness: 0.7328933333333332
INFO:root:Generation: 97
INFO:root:pop fitness: 0.6501533333333334
INFO:root:elite fitness: 0.7357866666666666
INFO:root:Generation: 86
INFO:root:pop fitness: 0.629
INFO:root:elite fitness: 0.7255466666666667
INFO:root:Generation: 98
INFO:root:pop fitness: 0.6515733333333332
INFO:root:elite fitness: 0.73836
INFO:root:Generation: 87
INFO:root:pop fitness: 0.6328666666666666
INFO:root:elite fitness: 0.7185333333333335
INFO:root:Generation: 99
INFO:root:pop fitness: 0.65128
INFO:root:elite fitness: 0.7444533333333333
INFO:root:Generation: 88
INFO:root:pop fitness: 0.6377600000000001
INFO:root:elite fitness: 0.7234400000000001
INFO:root:Generation: 100
INFO:root:pop fitness: 0.64508
INFO:root:elite fitness: 0.7289066666666666
INFO:root:Generation: 89
INFO:root:pop fitness: 0.6324066666666667
INFO:root:elite fitness: 0.7125866666666667
INFO:root:Generation: 101
INFO:root:pop fitness: 0.64918
INFO:root:elite fitness: 0.7270266666666668
INFO:root:Generation: 90
INFO:root:pop fitness: 0.65012
INFO:root:elite fitness: 0.7212
INFO:root:Generation: 102
INFO:root:pop fitness: 0.6537733333333333
INFO:root:elite fitness: 0.7388666666666667
INFO:root:Generation: 103
INFO:root:pop fitness: 0.6593000000000001
INFO:root:elite fitness: 0.7413599999999999
INFO:root:Generation: 91
INFO:root:pop fitness: 0.6437333333333334
INFO:root:elite fitness: 0.7274666666666668
INFO:root:Generation: 104
INFO:root:pop fitness: 0.64706
INFO:root:elite fitness: 0.7308000000000001
INFO:root:Generation: 92
INFO:root:pop fitness: 0.6481266666666666
INFO:root:elite fitness: 0.7296533333333334
INFO:root:Generation: 105
INFO:root:pop fitness: 0.6497733333333334
INFO:root:elite fitness: 0.7356400000000001
INFO:root:Generation: 93
INFO:root:pop fitness: 0.6332066666666666
INFO:root:elite fitness: 0.7291866666666666
INFO:root:Generation: 106
INFO:root:pop fitness: 0.6544666666666665
INFO:root:elite fitness: 0.7433866666666668
INFO:root:Generation: 94
INFO:root:pop fitness: 0.6445133333333333
INFO:root:elite fitness: 0.7341733333333331
INFO:root:Generation: 107
INFO:root:pop fitness: 0.6602533333333334
INFO:root:elite fitness: 0.74332
INFO:root:Generation: 95
INFO:root:pop fitness: 0.6444066666666667
INFO:root:elite fitness: 0.7498133333333333
INFO:root:Generation: 108
INFO:root:pop fitness: 0.6498266666666667
INFO:root:elite fitness: 0.74028
INFO:root:Generation: 96
INFO:root:pop fitness: 0.6414666666666666
INFO:root:elite fitness: 0.7255866666666667
INFO:root:Generation: 109
INFO:root:pop fitness: 0.6484666666666667
INFO:root:elite fitness: 0.7497333333333334
INFO:root:Generation: 97
INFO:root:pop fitness: 0.65306
INFO:root:elite fitness: 0.7292666666666666
INFO:root:Generation: 110
INFO:root:pop fitness: 0.6498133333333334
INFO:root:elite fitness: 0.73436
INFO:root:Generation: 111
INFO:root:pop fitness: 0.6632399999999999
INFO:root:elite fitness: 0.7578000000000001
INFO:root:Generation: 98
INFO:root:pop fitness: 0.6309066666666666
INFO:root:elite fitness: 0.7168933333333333
INFO:root:Generation: 112
INFO:root:pop fitness: 0.6543333333333333
INFO:root:elite fitness: 0.7385599999999999
INFO:root:Generation: 99
INFO:root:pop fitness: 0.6229666666666667
INFO:root:elite fitness: 0.7241199999999999
INFO:root:Generation: 113
INFO:root:pop fitness: 0.6575733333333333
INFO:root:elite fitness: 0.7395333333333334
INFO:root:Generation: 100
INFO:root:pop fitness: 0.6371933333333334
INFO:root:elite fitness: 0.72244
INFO:root:Generation: 114
INFO:root:pop fitness: 0.6558266666666667
INFO:root:elite fitness: 0.7544266666666668
INFO:root:Generation: 101
INFO:root:pop fitness: 0.6305
INFO:root:elite fitness: 0.7154
INFO:root:Generation: 115
INFO:root:pop fitness: 0.6485933333333332
INFO:root:elite fitness: 0.7475333333333333
INFO:root:Generation: 102
INFO:root:pop fitness: 0.6354866666666668
INFO:root:elite fitness: 0.7186666666666666
INFO:root:Generation: 116
INFO:root:pop fitness: 0.6549533333333333
INFO:root:elite fitness: 0.7475999999999999
INFO:root:Generation: 103
INFO:root:pop fitness: 0.6432666666666668
INFO:root:elite fitness: 0.7305866666666666
INFO:root:Generation: 117
INFO:root:pop fitness: 0.6408933333333334
INFO:root:elite fitness: 0.72536
INFO:root:Generation: 104
INFO:root:pop fitness: 0.64404
INFO:root:elite fitness: 0.7409466666666668
INFO:root:Generation: 118
INFO:root:pop fitness: 0.6482733333333335
INFO:root:elite fitness: 0.7426
INFO:root:Generation: 119
INFO:root:pop fitness: 0.6630666666666667
INFO:root:elite fitness: 0.7396666666666666
INFO:root:Generation: 105
INFO:root:pop fitness: 0.6436533333333333
INFO:root:elite fitness: 0.7322133333333334
INFO:root:Generation: 120
INFO:root:pop fitness: 0.6568066666666665
INFO:root:elite fitness: 0.7531199999999999
INFO:root:Generation: 106
INFO:root:pop fitness: 0.6384266666666666
INFO:root:elite fitness: 0.7240666666666666
INFO:root:Generation: 121
INFO:root:pop fitness: 0.6674666666666667
INFO:root:elite fitness: 0.7630933333333333
INFO:root:Generation: 107
INFO:root:pop fitness: 0.6399466666666667
INFO:root:elite fitness: 0.7253333333333333
INFO:root:Generation: 122
INFO:root:pop fitness: 0.6629933333333334
INFO:root:elite fitness: 0.7566266666666667
INFO:root:Generation: 108
INFO:root:pop fitness: 0.6444933333333331
INFO:root:elite fitness: 0.73624
INFO:root:Generation: 123
INFO:root:pop fitness: 0.65782
INFO:root:elite fitness: 0.7468133333333333
INFO:root:Generation: 109
INFO:root:pop fitness: 0.6475466666666667
INFO:root:elite fitness: 0.7263866666666667
INFO:root:Generation: 124
INFO:root:pop fitness: 0.6541666666666667
INFO:root:elite fitness: 0.7429066666666666
INFO:root:Generation: 110
INFO:root:pop fitness: 0.6313866666666667
INFO:root:elite fitness: 0.7199466666666666
INFO:root:Generation: 125
INFO:root:pop fitness: 0.6486266666666668
INFO:root:elite fitness: 0.74304
INFO:root:Generation: 111
INFO:root:pop fitness: 0.6272466666666666
INFO:root:elite fitness: 0.7282
INFO:root:Generation: 126
INFO:root:pop fitness: 0.6579666666666667
INFO:root:elite fitness: 0.7488933333333334
INFO:root:Generation: 112
INFO:root:pop fitness: 0.6340266666666667
INFO:root:elite fitness: 0.7278666666666668
INFO:root:Generation: 127
INFO:root:pop fitness: 0.6492133333333334
INFO:root:elite fitness: 0.7399066666666666
INFO:root:Generation: 128
INFO:root:pop fitness: 0.6586533333333333
INFO:root:elite fitness: 0.7464799999999999
INFO:root:Generation: 113
INFO:root:pop fitness: 0.6314066666666667
INFO:root:elite fitness: 0.7253333333333333
INFO:root:Generation: 129
INFO:root:pop fitness: 0.6396599999999999
INFO:root:elite fitness: 0.7333599999999999
INFO:root:Generation: 114
INFO:root:pop fitness: 0.6337133333333332
INFO:root:elite fitness: 0.7441599999999999
INFO:root:Generation: 130
INFO:root:pop fitness: 0.6464000000000001
INFO:root:elite fitness: 0.7272933333333333
INFO:root:Generation: 115
INFO:root:pop fitness: 0.64122
INFO:root:elite fitness: 0.7286266666666666
INFO:root:Generation: 131
INFO:root:pop fitness: 0.6496533333333334
INFO:root:elite fitness: 0.7346533333333334
INFO:root:Generation: 116
INFO:root:pop fitness: 0.63976
INFO:root:elite fitness: 0.7254
INFO:root:Generation: 132
INFO:root:pop fitness: 0.6557266666666667
INFO:root:elite fitness: 0.7494666666666666
INFO:root:Generation: 117
INFO:root:pop fitness: 0.6469466666666667
INFO:root:elite fitness: 0.7351199999999999
INFO:root:Generation: 133
INFO:root:pop fitness: 0.6644533333333333
INFO:root:elite fitness: 0.74332
INFO:root:Generation: 118
INFO:root:pop fitness: 0.6506466666666667
INFO:root:elite fitness: 0.7373066666666667
INFO:root:Generation: 134
INFO:root:pop fitness: 0.6611133333333333
INFO:root:elite fitness: 0.7356400000000001
INFO:root:Generation: 119
INFO:root:pop fitness: 0.65684
INFO:root:elite fitness: 0.7485333333333334
INFO:root:Generation: 135
INFO:root:pop fitness: 0.6555266666666666
INFO:root:elite fitness: 0.7312133333333334
INFO:root:Generation: 136
INFO:root:pop fitness: 0.6591733333333334
INFO:root:elite fitness: 0.7415999999999999
INFO:root:Generation: 120
INFO:root:pop fitness: 0.6411600000000001
INFO:root:elite fitness: 0.7297333333333332
INFO:root:Generation: 137
INFO:root:pop fitness: 0.6633333333333333
INFO:root:elite fitness: 0.7524933333333332
INFO:root:Generation: 121
INFO:root:pop fitness: 0.6396866666666667
INFO:root:elite fitness: 0.7140666666666666
INFO:root:Generation: 138
INFO:root:pop fitness: 0.65822
INFO:root:elite fitness: 0.7374
INFO:root:Generation: 122
INFO:root:pop fitness: 0.6443600000000002
INFO:root:elite fitness: 0.7474533333333333
INFO:root:Generation: 139
INFO:root:pop fitness: 0.66044
INFO:root:elite fitness: 0.7434266666666667
INFO:root:Generation: 123
INFO:root:pop fitness: 0.6498866666666667
INFO:root:elite fitness: 0.7288399999999999
INFO:root:Generation: 140
INFO:root:pop fitness: 0.65742
INFO:root:elite fitness: 0.7461733333333335
INFO:root:Generation: 124
INFO:root:pop fitness: 0.6303399999999999
INFO:root:elite fitness: 0.71868
INFO:root:Generation: 141
INFO:root:pop fitness: 0.6663066666666666
INFO:root:elite fitness: 0.7459866666666667
INFO:root:Generation: 125
INFO:root:pop fitness: 0.6466866666666666
INFO:root:elite fitness: 0.72804
INFO:root:Generation: 142
INFO:root:pop fitness: 0.6573333333333333
INFO:root:elite fitness: 0.7457866666666667
INFO:root:Generation: 126
INFO:root:pop fitness: 0.6453533333333333
INFO:root:elite fitness: 0.7365333333333333
INFO:root:Generation: 143
INFO:root:pop fitness: 0.6583733333333334
INFO:root:elite fitness: 0.7533466666666665
INFO:root:Generation: 127
INFO:root:pop fitness: 0.6520266666666666
INFO:root:elite fitness: 0.7229333333333333
INFO:root:Generation: 144
INFO:root:pop fitness: 0.66096
INFO:root:elite fitness: 0.7381066666666666
INFO:root:Generation: 145
INFO:root:pop fitness: 0.6637133333333334
INFO:root:elite fitness: 0.7536933333333333
INFO:root:Generation: 128
INFO:root:pop fitness: 0.6367066666666666
INFO:root:elite fitness: 0.7354133333333334
INFO:root:Generation: 146
INFO:root:pop fitness: 0.6615866666666667
INFO:root:elite fitness: 0.7488933333333333
INFO:root:Generation: 129
INFO:root:pop fitness: 0.6479466666666667
INFO:root:elite fitness: 0.7294533333333333
INFO:root:Generation: 147
INFO:root:pop fitness: 0.6570533333333333
INFO:root:elite fitness: 0.7434133333333334
INFO:root:Generation: 130
INFO:root:pop fitness: 0.652
INFO:root:elite fitness: 0.73732
INFO:root:Generation: 148
INFO:root:pop fitness: 0.6659733333333333
INFO:root:elite fitness: 0.74912
INFO:root:Generation: 131
INFO:root:pop fitness: 0.63504
INFO:root:elite fitness: 0.7383466666666666
INFO:root:Generation: 149
INFO:root:pop fitness: 0.66878
INFO:root:elite fitness: 0.7600933333333333
INFO:root:Generation: 132
INFO:root:pop fitness: 0.6433733333333334
INFO:root:elite fitness: 0.7412133333333334
INFO:root:Generation: 150
INFO:root:pop fitness: 0.6614466666666667
INFO:root:elite fitness: 0.7408133333333333
INFO:root:Generation: 133
INFO:root:pop fitness: 0.6476133333333333
INFO:root:elite fitness: 0.7391333333333334
INFO:root:Generation: 151
INFO:root:pop fitness: 0.6549466666666666
INFO:root:elite fitness: 0.7348000000000001
INFO:root:Generation: 134
INFO:root:pop fitness: 0.6533800000000001
INFO:root:elite fitness: 0.7366133333333331
INFO:root:Generation: 152
INFO:root:pop fitness: 0.65858
INFO:root:elite fitness: 0.7467999999999999
INFO:root:Generation: 135
INFO:root:pop fitness: 0.6350066666666667
INFO:root:elite fitness: 0.7322666666666667
INFO:root:Generation: 153
INFO:root:pop fitness: 0.6515933333333334
INFO:root:elite fitness: 0.7509333333333335
INFO:root:Generation: 154
INFO:root:pop fitness: 0.6579
INFO:root:elite fitness: 0.7468533333333333
INFO:root:Generation: 136
INFO:root:pop fitness: 0.6601066666666667
INFO:root:elite fitness: 0.7508133333333332
INFO:root:Generation: 155
INFO:root:pop fitness: 0.6520866666666666
INFO:root:elite fitness: 0.7343733333333333
INFO:root:Generation: 137
INFO:root:pop fitness: 0.6421733333333333
INFO:root:elite fitness: 0.7207466666666666
INFO:root:Generation: 156
INFO:root:pop fitness: 0.6604466666666666
INFO:root:elite fitness: 0.7395866666666666
INFO:root:Generation: 138
INFO:root:pop fitness: 0.6564933333333335
INFO:root:elite fitness: 0.7425733333333334
INFO:root:Generation: 157
INFO:root:pop fitness: 0.6572933333333333
INFO:root:elite fitness: 0.7460266666666666
INFO:root:Generation: 139
INFO:root:pop fitness: 0.6471133333333333
INFO:root:elite fitness: 0.7451866666666667
INFO:root:Generation: 158
INFO:root:pop fitness: 0.6722733333333333
INFO:root:elite fitness: 0.7583733333333335
INFO:root:Generation: 140
INFO:root:pop fitness: 0.6548933333333334
INFO:root:elite fitness: 0.7437199999999999
INFO:root:Generation: 159
INFO:root:pop fitness: 0.66138
INFO:root:elite fitness: 0.7499733333333333
INFO:root:Generation: 141
INFO:root:pop fitness: 0.6485266666666667
INFO:root:elite fitness: 0.7308799999999999
INFO:root:Generation: 160
INFO:root:pop fitness: 0.6615066666666667
INFO:root:elite fitness: 0.7454133333333333
INFO:root:Generation: 142
INFO:root:pop fitness: 0.6436933333333333
INFO:root:elite fitness: 0.72084
INFO:root:Generation: 161
INFO:root:pop fitness: 0.6708466666666666
INFO:root:elite fitness: 0.7627733333333333
INFO:root:Generation: 143
INFO:root:pop fitness: 0.63786
INFO:root:elite fitness: 0.7141866666666667
INFO:root:Generation: 162
INFO:root:pop fitness: 0.6679533333333332
INFO:root:elite fitness: 0.7604133333333333
INFO:root:Generation: 163
INFO:root:pop fitness: 0.6564800000000001
INFO:root:elite fitness: 0.7496666666666667
INFO:root:Generation: 144
INFO:root:pop fitness: 0.65114
INFO:root:elite fitness: 0.7481066666666666
INFO:root:Generation: 164
INFO:root:pop fitness: 0.6512933333333334
INFO:root:elite fitness: 0.7384
INFO:root:Generation: 145
INFO:root:pop fitness: 0.6536799999999999
INFO:root:elite fitness: 0.73416
INFO:root:Generation: 165
INFO:root:pop fitness: 0.66474
INFO:root:elite fitness: 0.7417866666666666
INFO:root:Generation: 146
INFO:root:pop fitness: 0.6528799999999999
INFO:root:elite fitness: 0.7318666666666667
INFO:root:Generation: 166
INFO:root:pop fitness: 0.6589933333333334
INFO:root:elite fitness: 0.7492399999999999
INFO:root:Generation: 147
INFO:root:pop fitness: 0.6491933333333333
INFO:root:elite fitness: 0.7452666666666667
INFO:root:Generation: 167
INFO:root:pop fitness: 0.6681866666666667
INFO:root:elite fitness: 0.7475333333333333
INFO:root:Generation: 148
INFO:root:pop fitness: 0.6554133333333333
INFO:root:elite fitness: 0.74536
INFO:root:Generation: 168
INFO:root:pop fitness: 0.6631199999999999
INFO:root:elite fitness: 0.7362000000000001
INFO:root:Generation: 149
INFO:root:pop fitness: 0.6572533333333332
INFO:root:elite fitness: 0.7435866666666665
INFO:root:Generation: 169
INFO:root:pop fitness: 0.6619133333333332
INFO:root:elite fitness: 0.7558533333333334
INFO:root:Generation: 150
INFO:root:pop fitness: 0.6570933333333333
INFO:root:elite fitness: 0.7415866666666666
INFO:root:Generation: 170
INFO:root:pop fitness: 0.6468733333333334
INFO:root:elite fitness: 0.7309733333333334
INFO:root:Generation: 151
INFO:root:pop fitness: 0.6490333333333334
INFO:root:elite fitness: 0.7287466666666665
INFO:root:Generation: 171
INFO:root:pop fitness: 0.6564399999999999
INFO:root:elite fitness: 0.73988
INFO:root:Generation: 152
INFO:root:pop fitness: 0.645
INFO:root:elite fitness: 0.7246266666666668
INFO:root:Generation: 172
INFO:root:pop fitness: 0.6583533333333333
INFO:root:elite fitness: 0.7432666666666665
INFO:root:Generation: 173
INFO:root:pop fitness: 0.6704
INFO:root:elite fitness: 0.7534533333333333
INFO:root:Generation: 153
INFO:root:pop fitness: 0.6592066666666667
INFO:root:elite fitness: 0.74536
INFO:root:Generation: 174
INFO:root:pop fitness: 0.6550466666666666
INFO:root:elite fitness: 0.7550533333333334
INFO:root:Generation: 154
INFO:root:pop fitness: 0.6445333333333334
INFO:root:elite fitness: 0.7211066666666667
INFO:root:Generation: 175
INFO:root:pop fitness: 0.6580933333333333
INFO:root:elite fitness: 0.7596666666666667
INFO:root:Generation: 155
INFO:root:pop fitness: 0.6342399999999999
INFO:root:elite fitness: 0.7115199999999999
INFO:root:Generation: 176
INFO:root:pop fitness: 0.66472
INFO:root:elite fitness: 0.7354666666666667
INFO:root:Generation: 156
INFO:root:pop fitness: 0.6466999999999999
INFO:root:elite fitness: 0.7303733333333333
INFO:root:Generation: 177
INFO:root:pop fitness: 0.6595866666666665
INFO:root:elite fitness: 0.7511733333333334
INFO:root:Generation: 157
INFO:root:pop fitness: 0.66162
INFO:root:elite fitness: 0.7360666666666668
INFO:root:Generation: 178
INFO:root:pop fitness: 0.6758333333333333
INFO:root:elite fitness: 0.7611600000000001
INFO:root:Generation: 158
INFO:root:pop fitness: 0.6466466666666668
INFO:root:elite fitness: 0.7362933333333334
INFO:root:Generation: 179
INFO:root:pop fitness: 0.65642
INFO:root:elite fitness: 0.7489066666666666
INFO:root:Generation: 180
INFO:root:pop fitness: 0.6667799999999999
INFO:root:elite fitness: 0.7505866666666666
INFO:root:Generation: 159
INFO:root:pop fitness: 0.6547933333333333
INFO:root:elite fitness: 0.7402533333333333
INFO:root:Generation: 181
INFO:root:pop fitness: 0.66428
INFO:root:elite fitness: 0.7544533333333333
INFO:root:Generation: 160
INFO:root:pop fitness: 0.6448533333333333
INFO:root:elite fitness: 0.72316
INFO:root:Generation: 182
INFO:root:pop fitness: 0.6590600000000001
INFO:root:elite fitness: 0.7485066666666667
INFO:root:Generation: 161
INFO:root:pop fitness: 0.65102
INFO:root:elite fitness: 0.7315733333333333
INFO:root:Generation: 183
INFO:root:pop fitness: 0.6599333333333331
INFO:root:elite fitness: 0.7537066666666666
INFO:root:Generation: 162
INFO:root:pop fitness: 0.6535266666666666
INFO:root:elite fitness: 0.7460933333333334
INFO:root:Generation: 184
INFO:root:pop fitness: 0.6627333333333333
INFO:root:elite fitness: 0.75028
INFO:root:Generation: 163
INFO:root:pop fitness: 0.64964
INFO:root:elite fitness: 0.73144
INFO:root:Generation: 185
INFO:root:pop fitness: 0.66852
INFO:root:elite fitness: 0.7372
INFO:root:Generation: 164
INFO:root:pop fitness: 0.6559866666666667
INFO:root:elite fitness: 0.7405866666666666
INFO:root:Generation: 186
INFO:root:pop fitness: 0.6621533333333333
INFO:root:elite fitness: 0.74212
INFO:root:Generation: 165
INFO:root:pop fitness: 0.6429400000000001
INFO:root:elite fitness: 0.7296800000000001
INFO:root:Generation: 187
INFO:root:pop fitness: 0.6650066666666667
INFO:root:elite fitness: 0.7419866666666667
INFO:root:Generation: 166
INFO:root:pop fitness: 0.6480000000000001
INFO:root:elite fitness: 0.7398133333333333
INFO:root:Generation: 188
INFO:root:pop fitness: 0.6596733333333333
INFO:root:elite fitness: 0.73704
INFO:root:Generation: 189
INFO:root:pop fitness: 0.6592399999999999
INFO:root:elite fitness: 0.7458133333333333
INFO:root:Generation: 167
INFO:root:pop fitness: 0.6506666666666667
INFO:root:elite fitness: 0.7349333333333333
INFO:root:Generation: 190
INFO:root:pop fitness: 0.6567
INFO:root:elite fitness: 0.74956
INFO:root:Generation: 168
INFO:root:pop fitness: 0.6478533333333333
INFO:root:elite fitness: 0.7331733333333332
INFO:root:Generation: 191
INFO:root:pop fitness: 0.6624133333333334
INFO:root:elite fitness: 0.7462533333333332
INFO:root:Generation: 169
INFO:root:pop fitness: 0.6394466666666667
INFO:root:elite fitness: 0.7351333333333334
INFO:root:Generation: 192
INFO:root:pop fitness: 0.6670733333333333
INFO:root:elite fitness: 0.7357199999999999
INFO:root:Generation: 170
INFO:root:pop fitness: 0.6469
INFO:root:elite fitness: 0.74012
INFO:root:Generation: 193
INFO:root:pop fitness: 0.6703733333333334
INFO:root:elite fitness: 0.7478799999999999
INFO:root:Generation: 171
INFO:root:pop fitness: 0.64566
INFO:root:elite fitness: 0.7498
INFO:root:Generation: 194
INFO:root:pop fitness: 0.6617866666666666
INFO:root:elite fitness: 0.7536666666666666
INFO:root:Generation: 172
INFO:root:pop fitness: 0.6485599999999999
INFO:root:elite fitness: 0.7348533333333334
INFO:root:Generation: 195
INFO:root:pop fitness: 0.6723
INFO:root:elite fitness: 0.7609066666666666
INFO:root:Generation: 173
INFO:root:pop fitness: 0.6617933333333333
INFO:root:elite fitness: 0.7451066666666666
INFO:root:Generation: 196
INFO:root:pop fitness: 0.6649733333333334
INFO:root:elite fitness: 0.73152
INFO:root:Generation: 174
INFO:root:pop fitness: 0.6544333333333333
INFO:root:elite fitness: 0.7367066666666666
INFO:root:Generation: 197
INFO:root:pop fitness: 0.66068
INFO:root:elite fitness: 0.7534533333333334
INFO:root:Generation: 198
INFO:root:pop fitness: 0.6540866666666667
INFO:root:elite fitness: 0.7494
INFO:root:Generation: 175
INFO:root:pop fitness: 0.6488066666666666
INFO:root:elite fitness: 0.7410533333333332
INFO:root:Generation: 199
INFO:root:pop fitness: 0.6558533333333333
INFO:root:elite fitness: 0.7532933333333334
INFO:root:Generation: 176
INFO:root:pop fitness: 0.6534266666666667
INFO:root:elite fitness: 0.7421333333333333
INFO:root:Generation: 177
INFO:root:pop fitness: 0.65416
INFO:root:elite fitness: 0.7484266666666667
INFO:root:Generation: 178
INFO:root:pop fitness: 0.6526066666666666
INFO:root:elite fitness: 0.7451066666666666
INFO:root:Generation: 179
INFO:root:pop fitness: 0.6573466666666667
INFO:root:elite fitness: 0.7443333333333333
INFO:root:Generation: 180
INFO:root:pop fitness: 0.65778
INFO:root:elite fitness: 0.7495999999999999
INFO:root:Generation: 181
INFO:root:pop fitness: 0.6540266666666668
INFO:root:elite fitness: 0.7407066666666667
INFO:root:Generation: 182
INFO:root:pop fitness: 0.6607533333333333
INFO:root:elite fitness: 0.7575066666666666
INFO:root:Generation: 183
INFO:root:pop fitness: 0.6580466666666667
INFO:root:elite fitness: 0.7445866666666667
INFO:root:Generation: 184
INFO:root:pop fitness: 0.6419466666666667
INFO:root:elite fitness: 0.7315466666666667
INFO:root:Generation: 185
INFO:root:pop fitness: 0.6543800000000001
INFO:root:elite fitness: 0.7481866666666668
INFO:root:Generation: 186
INFO:root:pop fitness: 0.6570333333333331
INFO:root:elite fitness: 0.7610133333333334
INFO:root:Generation: 187
INFO:root:pop fitness: 0.6597066666666667
INFO:root:elite fitness: 0.7399333333333333
INFO:root:Generation: 188
INFO:root:pop fitness: 0.6534133333333333
INFO:root:elite fitness: 0.7573333333333333
INFO:root:Generation: 189
INFO:root:pop fitness: 0.6542733333333334
INFO:root:elite fitness: 0.7462400000000001
INFO:root:Generation: 190
INFO:root:pop fitness: 0.6556599999999999
INFO:root:elite fitness: 0.72612
INFO:root:Generation: 191
INFO:root:pop fitness: 0.6421666666666666
INFO:root:elite fitness: 0.7411333333333332
INFO:root:Generation: 192
INFO:root:pop fitness: 0.6477999999999999
INFO:root:elite fitness: 0.7249866666666667
INFO:root:Generation: 193
INFO:root:pop fitness: 0.6544333333333333
INFO:root:elite fitness: 0.75408
INFO:root:Generation: 194
INFO:root:pop fitness: 0.65334
INFO:root:elite fitness: 0.7405466666666666
INFO:root:Generation: 195
INFO:root:pop fitness: 0.6557200000000001
INFO:root:elite fitness: 0.7486666666666666
INFO:root:Generation: 196
INFO:root:pop fitness: 0.6511399999999999
INFO:root:elite fitness: 0.7420933333333333
INFO:root:Generation: 197
INFO:root:pop fitness: 0.6554
INFO:root:elite fitness: 0.7509600000000001
INFO:root:Generation: 198
INFO:root:pop fitness: 0.6507799999999999
INFO:root:elite fitness: 0.7564666666666666
INFO:root:Generation: 199
INFO:root:pop fitness: 0.6573933333333334
INFO:root:elite fitness: 0.7338933333333333
