INFO:root:run_master: Namespace(arms='10', hidden='32', layers='1', max_gen='200', message='', mutation_mag='0.01', name='nonStationary_v2', noise=False, pop_size='50', save_result=True, trials='100')
INFO:root:run_master: Namespace(arms='10', hidden='32', layers='1', max_gen='200', message='', mutation_mag='0.01', name='nonStationary_v2', noise=True, pop_size='50', save_result=True, trials='100')
INFO:root:Generation: 0
INFO:root:pop fitness: 0.10072
INFO:root:elite fitness: 0.11364
INFO:root:Generation: 0
INFO:root:pop fitness: 0.10090000000000002
INFO:root:elite fitness: 0.11292000000000002
INFO:root:Generation: 1
INFO:root:pop fitness: 0.09932
INFO:root:elite fitness: 0.10824
INFO:root:Generation: 1
INFO:root:pop fitness: 0.09795999999999999
INFO:root:elite fitness: 0.1146
INFO:root:Generation: 2
INFO:root:pop fitness: 0.10192
INFO:root:elite fitness: 0.1182
INFO:root:Generation: 2
INFO:root:pop fitness: 0.09882000000000002
INFO:root:elite fitness: 0.11723999999999998
INFO:root:Generation: 3
INFO:root:pop fitness: 0.09914000000000002
INFO:root:elite fitness: 0.11888
INFO:root:Generation: 3
INFO:root:pop fitness: 0.10028000000000001
INFO:root:elite fitness: 0.13092000000000004
INFO:root:Generation: 4
INFO:root:pop fitness: 0.1057
INFO:root:elite fitness: 0.13068
INFO:root:Generation: 5
INFO:root:pop fitness: 0.09993999999999997
INFO:root:elite fitness: 0.13308
INFO:root:Generation: 4
INFO:root:pop fitness: 0.10572
INFO:root:elite fitness: 0.13343999999999998
INFO:root:Generation: 6
INFO:root:pop fitness: 0.09944000000000001
INFO:root:elite fitness: 0.134
INFO:root:Generation: 5
INFO:root:pop fitness: 0.10287999999999999
INFO:root:elite fitness: 0.13772
INFO:root:Generation: 7
INFO:root:pop fitness: 0.09849999999999999
INFO:root:elite fitness: 0.12251999999999999
INFO:root:Generation: 6
INFO:root:pop fitness: 0.1003
INFO:root:elite fitness: 0.13444
INFO:root:Generation: 8
INFO:root:pop fitness: 0.10264
INFO:root:elite fitness: 0.13996
INFO:root:Generation: 7
INFO:root:pop fitness: 0.10165999999999999
INFO:root:elite fitness: 0.14452
INFO:root:Generation: 9
INFO:root:pop fitness: 0.10015999999999999
INFO:root:elite fitness: 0.14616
INFO:root:Generation: 8
INFO:root:pop fitness: 0.11288000000000001
INFO:root:elite fitness: 0.15552000000000002
INFO:root:Generation: 10
INFO:root:pop fitness: 0.10668
INFO:root:elite fitness: 0.16355999999999998
INFO:root:Generation: 9
INFO:root:pop fitness: 0.10018
INFO:root:elite fitness: 0.1576
INFO:root:Generation: 11
INFO:root:pop fitness: 0.10436
INFO:root:elite fitness: 0.1818
INFO:root:Generation: 10
INFO:root:pop fitness: 0.11764000000000001
INFO:root:elite fitness: 0.19027999999999998
INFO:root:Generation: 12
INFO:root:pop fitness: 0.11018000000000003
INFO:root:elite fitness: 0.14488
INFO:root:Generation: 13
INFO:root:pop fitness: 0.11190000000000001
INFO:root:elite fitness: 0.16880000000000003
INFO:root:Generation: 11
INFO:root:pop fitness: 0.10931999999999997
INFO:root:elite fitness: 0.15156
INFO:root:Generation: 14
INFO:root:pop fitness: 0.1063
INFO:root:elite fitness: 0.16688
INFO:root:Generation: 12
INFO:root:pop fitness: 0.09331999999999999
INFO:root:elite fitness: 0.1866
INFO:root:Generation: 15
INFO:root:pop fitness: 0.10384000000000002
INFO:root:elite fitness: 0.16484
INFO:root:Generation: 13
INFO:root:pop fitness: 0.10723999999999999
INFO:root:elite fitness: 0.17912
INFO:root:Generation: 16
INFO:root:pop fitness: 0.10660000000000001
INFO:root:elite fitness: 0.18332
INFO:root:Generation: 17
INFO:root:pop fitness: 0.11488000000000001
INFO:root:elite fitness: 0.17832
INFO:root:Generation: 14
INFO:root:pop fitness: 0.12036
INFO:root:elite fitness: 0.18508
INFO:root:Generation: 18
INFO:root:pop fitness: 0.12075999999999999
INFO:root:elite fitness: 0.18511999999999998
INFO:root:Generation: 15
INFO:root:pop fitness: 0.12300000000000001
INFO:root:elite fitness: 0.18756
INFO:root:Generation: 19
INFO:root:pop fitness: 0.10164000000000001
INFO:root:elite fitness: 0.1718
INFO:root:Generation: 16
INFO:root:pop fitness: 0.12240000000000001
INFO:root:elite fitness: 0.22424
INFO:root:Generation: 20
INFO:root:pop fitness: 0.09540000000000001
INFO:root:elite fitness: 0.1386
INFO:root:Generation: 17
INFO:root:pop fitness: 0.13254000000000002
INFO:root:elite fitness: 0.22672
INFO:root:Generation: 21
INFO:root:pop fitness: 0.11662
INFO:root:elite fitness: 0.18028
INFO:root:Generation: 22
INFO:root:pop fitness: 0.11469999999999998
INFO:root:elite fitness: 0.20576000000000005
INFO:root:Generation: 18
INFO:root:pop fitness: 0.10835999999999997
INFO:root:elite fitness: 0.20431999999999997
INFO:root:Generation: 23
INFO:root:pop fitness: 0.11822
INFO:root:elite fitness: 0.19384000000000004
INFO:root:Generation: 19
INFO:root:pop fitness: 0.13970000000000002
INFO:root:elite fitness: 0.21207999999999994
INFO:root:Generation: 24
INFO:root:pop fitness: 0.11295999999999998
INFO:root:elite fitness: 0.19672
INFO:root:Generation: 25
INFO:root:pop fitness: 0.12198
INFO:root:elite fitness: 0.19835999999999998
INFO:root:Generation: 20
INFO:root:pop fitness: 0.12469999999999999
INFO:root:elite fitness: 0.1834
INFO:root:Generation: 26
INFO:root:pop fitness: 0.11916000000000002
INFO:root:elite fitness: 0.21004
INFO:root:Generation: 21
INFO:root:pop fitness: 0.12106
INFO:root:elite fitness: 0.22568000000000002
INFO:root:Generation: 27
INFO:root:pop fitness: 0.12666
INFO:root:elite fitness: 0.19752000000000003
INFO:root:Generation: 22
INFO:root:pop fitness: 0.12168
INFO:root:elite fitness: 0.19260000000000002
INFO:root:Generation: 28
INFO:root:pop fitness: 0.12198
INFO:root:elite fitness: 0.19856000000000001
INFO:root:Generation: 29
INFO:root:pop fitness: 0.13088
INFO:root:elite fitness: 0.20100000000000004
INFO:root:Generation: 23
INFO:root:pop fitness: 0.12777999999999998
INFO:root:elite fitness: 0.2158
INFO:root:Generation: 30
INFO:root:pop fitness: 0.12468
INFO:root:elite fitness: 0.21764
INFO:root:Generation: 24
INFO:root:pop fitness: 0.13848000000000002
INFO:root:elite fitness: 0.22552
INFO:root:Generation: 31
INFO:root:pop fitness: 0.12518
INFO:root:elite fitness: 0.21407999999999996
INFO:root:Generation: 25
INFO:root:pop fitness: 0.13260000000000002
INFO:root:elite fitness: 0.20456
INFO:root:Generation: 32
INFO:root:pop fitness: 0.11952
INFO:root:elite fitness: 0.17867999999999998
INFO:root:Generation: 26
INFO:root:pop fitness: 0.11001999999999999
INFO:root:elite fitness: 0.16596
INFO:root:Generation: 33
INFO:root:pop fitness: 0.13666000000000003
INFO:root:elite fitness: 0.20248000000000002
INFO:root:Generation: 27
INFO:root:pop fitness: 0.11200000000000002
INFO:root:elite fitness: 0.19316000000000003
INFO:root:Generation: 34
INFO:root:pop fitness: 0.12564
INFO:root:elite fitness: 0.21292000000000003
INFO:root:Generation: 28
INFO:root:pop fitness: 0.12646
INFO:root:elite fitness: 0.23424
INFO:root:Generation: 35
INFO:root:pop fitness: 0.12014
INFO:root:elite fitness: 0.18384
INFO:root:Generation: 29
INFO:root:pop fitness: 0.1324
INFO:root:elite fitness: 0.21595999999999996
INFO:root:Generation: 36
INFO:root:pop fitness: 0.12922
INFO:root:elite fitness: 0.2106
INFO:root:Generation: 30
INFO:root:pop fitness: 0.15036
INFO:root:elite fitness: 0.24284
INFO:root:Generation: 37
INFO:root:pop fitness: 0.13016
INFO:root:elite fitness: 0.20443999999999998
INFO:root:Generation: 31
INFO:root:pop fitness: 0.14838
INFO:root:elite fitness: 0.25367999999999996
INFO:root:Generation: 38
INFO:root:pop fitness: 0.13524
INFO:root:elite fitness: 0.23108
INFO:root:Generation: 32
INFO:root:pop fitness: 0.12514
INFO:root:elite fitness: 0.23156
INFO:root:Generation: 39
INFO:root:pop fitness: 0.12534
INFO:root:elite fitness: 0.19712
INFO:root:Generation: 33
INFO:root:pop fitness: 0.12724
INFO:root:elite fitness: 0.20515999999999998
INFO:root:Generation: 40
INFO:root:pop fitness: 0.12459999999999999
INFO:root:elite fitness: 0.21100000000000002
INFO:root:Generation: 34
INFO:root:pop fitness: 0.14504
INFO:root:elite fitness: 0.24639999999999998
INFO:root:Generation: 41
INFO:root:pop fitness: 0.1194
INFO:root:elite fitness: 0.1718
INFO:root:Generation: 35
INFO:root:pop fitness: 0.14194000000000004
INFO:root:elite fitness: 0.25088
INFO:root:Generation: 42
INFO:root:pop fitness: 0.09426
INFO:root:elite fitness: 0.15636
INFO:root:Generation: 36
INFO:root:pop fitness: 0.13384000000000001
INFO:root:elite fitness: 0.21475999999999998
INFO:root:Generation: 43
INFO:root:pop fitness: 0.11252000000000001
INFO:root:elite fitness: 0.20052
INFO:root:Generation: 37
INFO:root:pop fitness: 0.15072000000000002
INFO:root:elite fitness: 0.25811999999999996
INFO:root:Generation: 44
INFO:root:pop fitness: 0.12282
INFO:root:elite fitness: 0.18495999999999999
INFO:root:Generation: 38
INFO:root:pop fitness: 0.1442
INFO:root:elite fitness: 0.23431999999999997
INFO:root:Generation: 45
INFO:root:pop fitness: 0.12772
INFO:root:elite fitness: 0.20484
INFO:root:Generation: 39
INFO:root:pop fitness: 0.1516
INFO:root:elite fitness: 0.23027999999999998
INFO:root:Generation: 46
INFO:root:pop fitness: 0.12006
INFO:root:elite fitness: 0.18628
INFO:root:Generation: 40
INFO:root:pop fitness: 0.13906000000000002
INFO:root:elite fitness: 0.2346
INFO:root:Generation: 47
INFO:root:pop fitness: 0.11724000000000002
INFO:root:elite fitness: 0.18992
INFO:root:Generation: 48
INFO:root:pop fitness: 0.11588000000000001
INFO:root:elite fitness: 0.19488
INFO:root:Generation: 41
INFO:root:pop fitness: 0.15118
INFO:root:elite fitness: 0.25824
INFO:root:Generation: 49
INFO:root:pop fitness: 0.12596
INFO:root:elite fitness: 0.22536
INFO:root:Generation: 42
INFO:root:pop fitness: 0.1309
INFO:root:elite fitness: 0.20176000000000002
INFO:root:Generation: 50
INFO:root:pop fitness: 0.12038
INFO:root:elite fitness: 0.1946
INFO:root:Generation: 43
INFO:root:pop fitness: 0.14416
INFO:root:elite fitness: 0.25544
INFO:root:Generation: 51
INFO:root:pop fitness: 0.13108
INFO:root:elite fitness: 0.21028000000000002
INFO:root:Generation: 44
INFO:root:pop fitness: 0.14722
INFO:root:elite fitness: 0.25956
INFO:root:Generation: 52
INFO:root:pop fitness: 0.12514
INFO:root:elite fitness: 0.21312
INFO:root:Generation: 45
INFO:root:pop fitness: 0.13608
INFO:root:elite fitness: 0.23464
INFO:root:Generation: 53
INFO:root:pop fitness: 0.13124
INFO:root:elite fitness: 0.23216
INFO:root:Generation: 46
INFO:root:pop fitness: 0.1389
INFO:root:elite fitness: 0.25332
INFO:root:Generation: 54
INFO:root:pop fitness: 0.13442
INFO:root:elite fitness: 0.20152
INFO:root:Generation: 47
INFO:root:pop fitness: 0.13606
INFO:root:elite fitness: 0.24291999999999997
INFO:root:Generation: 55
INFO:root:pop fitness: 0.14146
INFO:root:elite fitness: 0.23051999999999995
INFO:root:Generation: 56
INFO:root:pop fitness: 0.13192
INFO:root:elite fitness: 0.23379999999999998
INFO:root:Generation: 48
INFO:root:pop fitness: 0.15716
INFO:root:elite fitness: 0.25788
INFO:root:Generation: 57
INFO:root:pop fitness: 0.14282000000000003
INFO:root:elite fitness: 0.22400000000000003
INFO:root:Generation: 49
INFO:root:pop fitness: 0.13278
INFO:root:elite fitness: 0.22520000000000004
INFO:root:Generation: 58
INFO:root:pop fitness: 0.13660000000000003
INFO:root:elite fitness: 0.23972000000000002
INFO:root:Generation: 50
INFO:root:pop fitness: 0.13496
INFO:root:elite fitness: 0.2284
INFO:root:Generation: 59
INFO:root:pop fitness: 0.13636
INFO:root:elite fitness: 0.24656
INFO:root:Generation: 51
INFO:root:pop fitness: 0.13708
INFO:root:elite fitness: 0.22215999999999997
INFO:root:Generation: 60
INFO:root:pop fitness: 0.13699999999999998
INFO:root:elite fitness: 0.22407999999999997
INFO:root:Generation: 61
INFO:root:pop fitness: 0.13602
INFO:root:elite fitness: 0.21791999999999997
INFO:root:Generation: 52
INFO:root:pop fitness: 0.1382
INFO:root:elite fitness: 0.24204000000000003
INFO:root:Generation: 62
INFO:root:pop fitness: 0.13146000000000002
INFO:root:elite fitness: 0.20171999999999998
INFO:root:Generation: 53
INFO:root:pop fitness: 0.1371
INFO:root:elite fitness: 0.22596
INFO:root:Generation: 63
INFO:root:pop fitness: 0.14866
INFO:root:elite fitness: 0.26164000000000004
INFO:root:Generation: 54
INFO:root:pop fitness: 0.12632000000000002
INFO:root:elite fitness: 0.22628
INFO:root:Generation: 64
INFO:root:pop fitness: 0.14548
INFO:root:elite fitness: 0.27464
INFO:root:Generation: 65
INFO:root:pop fitness: 0.13962
INFO:root:elite fitness: 0.20944000000000002
INFO:root:Generation: 55
INFO:root:pop fitness: 0.12194
INFO:root:elite fitness: 0.19692
INFO:root:Generation: 66
INFO:root:pop fitness: 0.13494
INFO:root:elite fitness: 0.2078
INFO:root:Generation: 56
INFO:root:pop fitness: 0.13958
INFO:root:elite fitness: 0.253
INFO:root:Generation: 67
INFO:root:pop fitness: 0.12762
INFO:root:elite fitness: 0.18583999999999995
INFO:root:Generation: 57
INFO:root:pop fitness: 0.12744
INFO:root:elite fitness: 0.23108000000000004
INFO:root:Generation: 68
INFO:root:pop fitness: 0.15164000000000002
INFO:root:elite fitness: 0.23512
INFO:root:Generation: 69
INFO:root:pop fitness: 0.13384000000000001
INFO:root:elite fitness: 0.19759999999999997
INFO:root:Generation: 58
INFO:root:pop fitness: 0.14244
INFO:root:elite fitness: 0.26076000000000005
INFO:root:Generation: 70
INFO:root:pop fitness: 0.13408
INFO:root:elite fitness: 0.19744
INFO:root:Generation: 59
INFO:root:pop fitness: 0.13304
INFO:root:elite fitness: 0.23288
INFO:root:Generation: 71
INFO:root:pop fitness: 0.1416
INFO:root:elite fitness: 0.26464000000000004
INFO:root:Generation: 60
INFO:root:pop fitness: 0.14022
INFO:root:elite fitness: 0.22016000000000002
INFO:root:Generation: 72
INFO:root:pop fitness: 0.13504000000000002
INFO:root:elite fitness: 0.22976
INFO:root:Generation: 61
INFO:root:pop fitness: 0.13176
INFO:root:elite fitness: 0.20892
INFO:root:Generation: 73
INFO:root:pop fitness: 0.1462
INFO:root:elite fitness: 0.25007999999999997
INFO:root:Generation: 62
INFO:root:pop fitness: 0.15864
INFO:root:elite fitness: 0.24703999999999998
INFO:root:Generation: 74
INFO:root:pop fitness: 0.14588
INFO:root:elite fitness: 0.24692
INFO:root:Generation: 63
INFO:root:pop fitness: 0.11896
INFO:root:elite fitness: 0.19736
INFO:root:Generation: 75
INFO:root:pop fitness: 0.12273999999999999
INFO:root:elite fitness: 0.20639999999999997
INFO:root:Generation: 76
INFO:root:pop fitness: 0.12661999999999998
INFO:root:elite fitness: 0.21479999999999996
INFO:root:Generation: 64
INFO:root:pop fitness: 0.1395
INFO:root:elite fitness: 0.22519999999999998
INFO:root:Generation: 77
INFO:root:pop fitness: 0.13218
INFO:root:elite fitness: 0.19948
INFO:root:Generation: 65
INFO:root:pop fitness: 0.14546
INFO:root:elite fitness: 0.24692000000000003
INFO:root:Generation: 78
INFO:root:pop fitness: 0.15603999999999998
INFO:root:elite fitness: 0.25736
INFO:root:Generation: 66
INFO:root:pop fitness: 0.12918000000000002
INFO:root:elite fitness: 0.21104
INFO:root:Generation: 79
INFO:root:pop fitness: 0.13668
INFO:root:elite fitness: 0.23700000000000002
INFO:root:Generation: 67
INFO:root:pop fitness: 0.12264000000000001
INFO:root:elite fitness: 0.22856
INFO:root:Generation: 80
INFO:root:pop fitness: 0.12218
INFO:root:elite fitness: 0.19832000000000005
INFO:root:Generation: 68
INFO:root:pop fitness: 0.14958
INFO:root:elite fitness: 0.24392
INFO:root:Generation: 81
INFO:root:pop fitness: 0.11361999999999998
INFO:root:elite fitness: 0.18484
INFO:root:Generation: 69
INFO:root:pop fitness: 0.16971999999999998
INFO:root:elite fitness: 0.3244
INFO:root:Generation: 82
INFO:root:pop fitness: 0.14634
INFO:root:elite fitness: 0.23123999999999995
INFO:root:Generation: 70
INFO:root:pop fitness: 0.13312000000000002
INFO:root:elite fitness: 0.24992
INFO:root:Generation: 83
INFO:root:pop fitness: 0.13418
INFO:root:elite fitness: 0.235
INFO:root:Generation: 71
INFO:root:pop fitness: 0.15514
INFO:root:elite fitness: 0.25223999999999996
INFO:root:Generation: 84
INFO:root:pop fitness: 0.14761999999999997
INFO:root:elite fitness: 0.2262
INFO:root:Generation: 72
INFO:root:pop fitness: 0.14618
INFO:root:elite fitness: 0.23984000000000003
INFO:root:Generation: 85
INFO:root:pop fitness: 0.14138
INFO:root:elite fitness: 0.24787999999999996
INFO:root:Generation: 86
INFO:root:pop fitness: 0.13334000000000001
INFO:root:elite fitness: 0.23987999999999995
INFO:root:Generation: 73
INFO:root:pop fitness: 0.13344
INFO:root:elite fitness: 0.23544
INFO:root:Generation: 87
INFO:root:pop fitness: 0.11864000000000001
INFO:root:elite fitness: 0.22355999999999998
INFO:root:Generation: 74
INFO:root:pop fitness: 0.1598
INFO:root:elite fitness: 0.26932
INFO:root:Generation: 88
INFO:root:pop fitness: 0.15106
INFO:root:elite fitness: 0.22667999999999996
INFO:root:Generation: 75
INFO:root:pop fitness: 0.12954
INFO:root:elite fitness: 0.2536
INFO:root:Generation: 89
INFO:root:pop fitness: 0.13088
INFO:root:elite fitness: 0.23168
INFO:root:Generation: 76
INFO:root:pop fitness: 0.14342
INFO:root:elite fitness: 0.23088
INFO:root:Generation: 90
INFO:root:pop fitness: 0.14746
INFO:root:elite fitness: 0.25932
INFO:root:Generation: 77
INFO:root:pop fitness: 0.16794
INFO:root:elite fitness: 0.28712
INFO:root:Generation: 91
INFO:root:pop fitness: 0.14336000000000002
INFO:root:elite fitness: 0.23504000000000005
INFO:root:Generation: 78
INFO:root:pop fitness: 0.13954
INFO:root:elite fitness: 0.24036000000000002
INFO:root:Generation: 92
INFO:root:pop fitness: 0.11205999999999999
INFO:root:elite fitness: 0.20043999999999998
INFO:root:Generation: 79
INFO:root:pop fitness: 0.15346
INFO:root:elite fitness: 0.23344
INFO:root:Generation: 93
INFO:root:pop fitness: 0.1292
INFO:root:elite fitness: 0.21960000000000002
INFO:root:Generation: 80
INFO:root:pop fitness: 0.13463999999999998
INFO:root:elite fitness: 0.25104
INFO:root:Generation: 94
INFO:root:pop fitness: 0.12736
INFO:root:elite fitness: 0.25388
INFO:root:Generation: 81
INFO:root:pop fitness: 0.12832
INFO:root:elite fitness: 0.21960000000000002
INFO:root:Generation: 95
INFO:root:pop fitness: 0.12874
INFO:root:elite fitness: 0.20348
INFO:root:Generation: 82
INFO:root:pop fitness: 0.15136000000000002
INFO:root:elite fitness: 0.25544
INFO:root:Generation: 96
INFO:root:pop fitness: 0.13298
INFO:root:elite fitness: 0.21712
INFO:root:Generation: 83
INFO:root:pop fitness: 0.14407999999999999
INFO:root:elite fitness: 0.24792000000000003
INFO:root:Generation: 97
INFO:root:pop fitness: 0.14722
INFO:root:elite fitness: 0.23996000000000003
INFO:root:Generation: 84
INFO:root:pop fitness: 0.14655999999999997
INFO:root:elite fitness: 0.26080000000000003
INFO:root:Generation: 98
INFO:root:pop fitness: 0.14836
INFO:root:elite fitness: 0.23544
INFO:root:Generation: 85
INFO:root:pop fitness: 0.15986
INFO:root:elite fitness: 0.27428
INFO:root:Generation: 99
INFO:root:pop fitness: 0.12669999999999998
INFO:root:elite fitness: 0.19228
INFO:root:Generation: 86
INFO:root:pop fitness: 0.12744
INFO:root:elite fitness: 0.22108
INFO:root:Generation: 100
INFO:root:pop fitness: 0.14574
INFO:root:elite fitness: 0.2318
INFO:root:Generation: 87
INFO:root:pop fitness: 0.14792000000000002
INFO:root:elite fitness: 0.2108
INFO:root:Generation: 101
INFO:root:pop fitness: 0.13836
INFO:root:elite fitness: 0.24423999999999998
INFO:root:Generation: 88
INFO:root:pop fitness: 0.16216
INFO:root:elite fitness: 0.24151999999999998
INFO:root:Generation: 102
INFO:root:pop fitness: 0.13924
INFO:root:elite fitness: 0.21587999999999996
INFO:root:Generation: 89
INFO:root:pop fitness: 0.17356000000000002
INFO:root:elite fitness: 0.31164000000000003
INFO:root:Generation: 103
INFO:root:pop fitness: 0.1228
INFO:root:elite fitness: 0.24908000000000002
INFO:root:Generation: 90
INFO:root:pop fitness: 0.1569
INFO:root:elite fitness: 0.28444
INFO:root:Generation: 104
INFO:root:pop fitness: 0.13712
INFO:root:elite fitness: 0.23759999999999998
INFO:root:Generation: 91
INFO:root:pop fitness: 0.14422000000000001
INFO:root:elite fitness: 0.22604
INFO:root:Generation: 105
INFO:root:pop fitness: 0.14748
INFO:root:elite fitness: 0.2586
INFO:root:Generation: 92
INFO:root:pop fitness: 0.15464
INFO:root:elite fitness: 0.24392000000000003
INFO:root:Generation: 106
INFO:root:pop fitness: 0.12411999999999997
INFO:root:elite fitness: 0.24712
INFO:root:Generation: 93
INFO:root:pop fitness: 0.15411999999999998
INFO:root:elite fitness: 0.25172
INFO:root:Generation: 107
INFO:root:pop fitness: 0.13118
INFO:root:elite fitness: 0.22588
INFO:root:Generation: 94
INFO:root:pop fitness: 0.15274
INFO:root:elite fitness: 0.24396
INFO:root:Generation: 108
INFO:root:pop fitness: 0.12561999999999998
INFO:root:elite fitness: 0.20692000000000005
INFO:root:Generation: 95
INFO:root:pop fitness: 0.15656
INFO:root:elite fitness: 0.25376
INFO:root:Generation: 109
INFO:root:pop fitness: 0.1277
INFO:root:elite fitness: 0.22839999999999996
INFO:root:Generation: 96
INFO:root:pop fitness: 0.1514
INFO:root:elite fitness: 0.23271999999999998
INFO:root:Generation: 110
INFO:root:pop fitness: 0.13172
INFO:root:elite fitness: 0.21584
INFO:root:Generation: 111
INFO:root:pop fitness: 0.11002
INFO:root:elite fitness: 0.1772
INFO:root:Generation: 97
INFO:root:pop fitness: 0.15738
INFO:root:elite fitness: 0.26959999999999995
INFO:root:Generation: 112
INFO:root:pop fitness: 0.12536
INFO:root:elite fitness: 0.209
INFO:root:Generation: 98
INFO:root:pop fitness: 0.16358
INFO:root:elite fitness: 0.25231999999999993
INFO:root:Generation: 113
INFO:root:pop fitness: 0.14742
INFO:root:elite fitness: 0.27324000000000004
INFO:root:Generation: 99
INFO:root:pop fitness: 0.15889999999999999
INFO:root:elite fitness: 0.23271999999999998
INFO:root:Generation: 114
INFO:root:pop fitness: 0.13522
INFO:root:elite fitness: 0.23364000000000001
INFO:root:Generation: 100
INFO:root:pop fitness: 0.16694000000000003
INFO:root:elite fitness: 0.26167999999999997
INFO:root:Generation: 115
INFO:root:pop fitness: 0.12592
INFO:root:elite fitness: 0.22207999999999997
INFO:root:Generation: 101
INFO:root:pop fitness: 0.17030000000000003
INFO:root:elite fitness: 0.26816
INFO:root:Generation: 116
INFO:root:pop fitness: 0.16298
INFO:root:elite fitness: 0.2712
INFO:root:Generation: 117
INFO:root:pop fitness: 0.1341
INFO:root:elite fitness: 0.23600000000000002
INFO:root:Generation: 102
INFO:root:pop fitness: 0.16584
INFO:root:elite fitness: 0.32612
INFO:root:Generation: 118
INFO:root:pop fitness: 0.15266
INFO:root:elite fitness: 0.22360000000000002
INFO:root:Generation: 103
INFO:root:pop fitness: 0.15567999999999999
INFO:root:elite fitness: 0.22652
INFO:root:Generation: 119
INFO:root:pop fitness: 0.15092000000000003
INFO:root:elite fitness: 0.2542
INFO:root:Generation: 104
INFO:root:pop fitness: 0.16147999999999998
INFO:root:elite fitness: 0.27212
INFO:root:Generation: 120
INFO:root:pop fitness: 0.14476
INFO:root:elite fitness: 0.22699999999999998
INFO:root:Generation: 105
INFO:root:pop fitness: 0.15466000000000002
INFO:root:elite fitness: 0.2584
INFO:root:Generation: 121
INFO:root:pop fitness: 0.14888
INFO:root:elite fitness: 0.22552
INFO:root:Generation: 106
INFO:root:pop fitness: 0.16186
INFO:root:elite fitness: 0.26272
INFO:root:Generation: 122
INFO:root:pop fitness: 0.14386
INFO:root:elite fitness: 0.23168000000000002
INFO:root:Generation: 107
INFO:root:pop fitness: 0.14588000000000004
INFO:root:elite fitness: 0.23468
INFO:root:Generation: 123
INFO:root:pop fitness: 0.13204000000000002
INFO:root:elite fitness: 0.24356000000000003
INFO:root:Generation: 108
INFO:root:pop fitness: 0.1406
INFO:root:elite fitness: 0.22224
INFO:root:Generation: 124
INFO:root:pop fitness: 0.14392000000000002
INFO:root:elite fitness: 0.2414
INFO:root:Generation: 125
INFO:root:pop fitness: 0.13928
INFO:root:elite fitness: 0.23656000000000002
INFO:root:Generation: 109
INFO:root:pop fitness: 0.1367
INFO:root:elite fitness: 0.22468
INFO:root:Generation: 126
INFO:root:pop fitness: 0.14602
INFO:root:elite fitness: 0.20915999999999996
INFO:root:Generation: 110
INFO:root:pop fitness: 0.13874
INFO:root:elite fitness: 0.23927999999999996
INFO:root:Generation: 111
INFO:root:pop fitness: 0.15156
INFO:root:elite fitness: 0.27448
INFO:root:Generation: 127
INFO:root:pop fitness: 0.14648000000000003
INFO:root:elite fitness: 0.23299999999999998
INFO:root:Generation: 128
INFO:root:pop fitness: 0.14444
INFO:root:elite fitness: 0.2618
INFO:root:Generation: 112
INFO:root:pop fitness: 0.14121999999999998
INFO:root:elite fitness: 0.2384
INFO:root:Generation: 129
INFO:root:pop fitness: 0.13164
INFO:root:elite fitness: 0.21435999999999997
INFO:root:Generation: 113
INFO:root:pop fitness: 0.16414
INFO:root:elite fitness: 0.2672
INFO:root:Generation: 130
INFO:root:pop fitness: 0.15008000000000002
INFO:root:elite fitness: 0.23268
INFO:root:Generation: 114
INFO:root:pop fitness: 0.1522
INFO:root:elite fitness: 0.23459999999999998
INFO:root:Generation: 131
INFO:root:pop fitness: 0.1296
INFO:root:elite fitness: 0.21836000000000003
INFO:root:Generation: 115
INFO:root:pop fitness: 0.16268000000000002
INFO:root:elite fitness: 0.28356
INFO:root:Generation: 132
INFO:root:pop fitness: 0.16641999999999998
INFO:root:elite fitness: 0.28108
INFO:root:Generation: 116
INFO:root:pop fitness: 0.15448000000000003
INFO:root:elite fitness: 0.24971999999999997
INFO:root:Generation: 133
INFO:root:pop fitness: 0.15344000000000002
INFO:root:elite fitness: 0.24744
INFO:root:Generation: 117
INFO:root:pop fitness: 0.16984
INFO:root:elite fitness: 0.30628
INFO:root:Generation: 134
INFO:root:pop fitness: 0.1617
INFO:root:elite fitness: 0.26704000000000006
INFO:root:Generation: 135
INFO:root:pop fitness: 0.15288000000000002
INFO:root:elite fitness: 0.2364
INFO:root:Generation: 118
INFO:root:pop fitness: 0.16579999999999998
INFO:root:elite fitness: 0.29216000000000003
INFO:root:Generation: 136
INFO:root:pop fitness: 0.15172
INFO:root:elite fitness: 0.21748
INFO:root:Generation: 119
INFO:root:pop fitness: 0.16354
INFO:root:elite fitness: 0.24644000000000002
INFO:root:Generation: 120
INFO:root:pop fitness: 0.15094000000000002
INFO:root:elite fitness: 0.23692
INFO:root:Generation: 137
INFO:root:pop fitness: 0.14992
INFO:root:elite fitness: 0.23264000000000004
INFO:root:Generation: 121
INFO:root:pop fitness: 0.171
INFO:root:elite fitness: 0.27776
INFO:root:Generation: 138
INFO:root:pop fitness: 0.16268000000000002
INFO:root:elite fitness: 0.24055999999999997
INFO:root:Generation: 122
INFO:root:pop fitness: 0.15738
INFO:root:elite fitness: 0.25628000000000006
INFO:root:Generation: 139
INFO:root:pop fitness: 0.16034000000000004
INFO:root:elite fitness: 0.258
INFO:root:Generation: 123
INFO:root:pop fitness: 0.1545
INFO:root:elite fitness: 0.2376
INFO:root:Generation: 140
INFO:root:pop fitness: 0.18622
INFO:root:elite fitness: 0.29792
INFO:root:Generation: 124
INFO:root:pop fitness: 0.17092000000000002
INFO:root:elite fitness: 0.28084
INFO:root:Generation: 141
INFO:root:pop fitness: 0.15933999999999998
INFO:root:elite fitness: 0.2756
INFO:root:Generation: 125
INFO:root:pop fitness: 0.16261999999999996
INFO:root:elite fitness: 0.23659999999999998
INFO:root:Generation: 142
INFO:root:pop fitness: 0.15288000000000002
INFO:root:elite fitness: 0.23567999999999997
INFO:root:Generation: 126
INFO:root:pop fitness: 0.15699999999999997
INFO:root:elite fitness: 0.27604
INFO:root:Generation: 143
INFO:root:pop fitness: 0.16515999999999997
INFO:root:elite fitness: 0.27636000000000005
INFO:root:Generation: 127
INFO:root:pop fitness: 0.19313999999999998
INFO:root:elite fitness: 0.29732
INFO:root:Generation: 144
INFO:root:pop fitness: 0.15245999999999998
INFO:root:elite fitness: 0.25971999999999995
INFO:root:Generation: 128
INFO:root:pop fitness: 0.16702000000000003
INFO:root:elite fitness: 0.25296
INFO:root:Generation: 145
INFO:root:pop fitness: 0.15975999999999999
INFO:root:elite fitness: 0.26483999999999996
INFO:root:Generation: 129
INFO:root:pop fitness: 0.16240000000000002
INFO:root:elite fitness: 0.29644
INFO:root:Generation: 146
INFO:root:pop fitness: 0.14668
INFO:root:elite fitness: 0.25980000000000003
INFO:root:Generation: 130
INFO:root:pop fitness: 0.15708
INFO:root:elite fitness: 0.20808
INFO:root:Generation: 147
INFO:root:pop fitness: 0.15202
INFO:root:elite fitness: 0.22724000000000003
INFO:root:Generation: 131
INFO:root:pop fitness: 0.17754
INFO:root:elite fitness: 0.28264
INFO:root:Generation: 148
INFO:root:pop fitness: 0.1619
INFO:root:elite fitness: 0.2512
INFO:root:Generation: 132
INFO:root:pop fitness: 0.17212
INFO:root:elite fitness: 0.26176
INFO:root:Generation: 149
INFO:root:pop fitness: 0.13913999999999999
INFO:root:elite fitness: 0.23995999999999998
INFO:root:Generation: 133
INFO:root:pop fitness: 0.16986
INFO:root:elite fitness: 0.33524
INFO:root:Generation: 150
INFO:root:pop fitness: 0.16552
INFO:root:elite fitness: 0.26276
INFO:root:Generation: 134
INFO:root:pop fitness: 0.1542
INFO:root:elite fitness: 0.24715999999999996
INFO:root:Generation: 151
INFO:root:pop fitness: 0.15453999999999998
INFO:root:elite fitness: 0.27244
INFO:root:Generation: 135
INFO:root:pop fitness: 0.14922000000000002
INFO:root:elite fitness: 0.25724
INFO:root:Generation: 152
INFO:root:pop fitness: 0.16677999999999998
INFO:root:elite fitness: 0.27940000000000004
INFO:root:Generation: 136
INFO:root:pop fitness: 0.13848000000000002
INFO:root:elite fitness: 0.23344
INFO:root:Generation: 153
INFO:root:pop fitness: 0.16308
INFO:root:elite fitness: 0.26872
INFO:root:Generation: 137
INFO:root:pop fitness: 0.14959999999999998
INFO:root:elite fitness: 0.23544
INFO:root:Generation: 154
INFO:root:pop fitness: 0.16564
INFO:root:elite fitness: 0.26768000000000003
INFO:root:Generation: 138
INFO:root:pop fitness: 0.17446
INFO:root:elite fitness: 0.26255999999999996
INFO:root:Generation: 155
INFO:root:pop fitness: 0.17112000000000002
INFO:root:elite fitness: 0.27676
INFO:root:Generation: 139
INFO:root:pop fitness: 0.16305999999999998
INFO:root:elite fitness: 0.28416
INFO:root:Generation: 156
INFO:root:pop fitness: 0.16152
INFO:root:elite fitness: 0.24275999999999998
INFO:root:Generation: 140
INFO:root:pop fitness: 0.1772
INFO:root:elite fitness: 0.28996
INFO:root:Generation: 157
INFO:root:pop fitness: 0.15294
INFO:root:elite fitness: 0.23984000000000003
INFO:root:Generation: 141
INFO:root:pop fitness: 0.15771999999999997
INFO:root:elite fitness: 0.273
INFO:root:Generation: 158
INFO:root:pop fitness: 0.15938
INFO:root:elite fitness: 0.26536000000000004
INFO:root:Generation: 142
INFO:root:pop fitness: 0.16376000000000002
INFO:root:elite fitness: 0.267
INFO:root:Generation: 159
INFO:root:pop fitness: 0.15544000000000002
INFO:root:elite fitness: 0.25688
INFO:root:Generation: 143
INFO:root:pop fitness: 0.15858
INFO:root:elite fitness: 0.27088
INFO:root:Generation: 160
INFO:root:pop fitness: 0.17238
INFO:root:elite fitness: 0.2498
INFO:root:Generation: 144
INFO:root:pop fitness: 0.14587999999999998
INFO:root:elite fitness: 0.24236000000000002
INFO:root:Generation: 161
INFO:root:pop fitness: 0.16366000000000003
INFO:root:elite fitness: 0.29196
INFO:root:Generation: 145
INFO:root:pop fitness: 0.15444000000000002
INFO:root:elite fitness: 0.2742
INFO:root:Generation: 162
INFO:root:pop fitness: 0.14044
INFO:root:elite fitness: 0.21484000000000003
INFO:root:Generation: 146
INFO:root:pop fitness: 0.15118
INFO:root:elite fitness: 0.23675999999999997
INFO:root:Generation: 163
INFO:root:pop fitness: 0.1516
INFO:root:elite fitness: 0.25855999999999996
INFO:root:Generation: 147
INFO:root:pop fitness: 0.16426000000000002
INFO:root:elite fitness: 0.27252
INFO:root:Generation: 164
INFO:root:pop fitness: 0.16176
INFO:root:elite fitness: 0.24916
INFO:root:Generation: 148
INFO:root:pop fitness: 0.16912
INFO:root:elite fitness: 0.25964
INFO:root:Generation: 149
INFO:root:pop fitness: 0.16066
INFO:root:elite fitness: 0.25872
INFO:root:Generation: 165
INFO:root:pop fitness: 0.17462000000000003
INFO:root:elite fitness: 0.26084
INFO:root:Generation: 150
INFO:root:pop fitness: 0.18305999999999997
INFO:root:elite fitness: 0.29963999999999996
INFO:root:Generation: 166
INFO:root:pop fitness: 0.1696
INFO:root:elite fitness: 0.28224
INFO:root:Generation: 151
INFO:root:pop fitness: 0.17797999999999997
INFO:root:elite fitness: 0.28724
INFO:root:Generation: 167
INFO:root:pop fitness: 0.15810000000000002
INFO:root:elite fitness: 0.27024000000000004
INFO:root:Generation: 152
INFO:root:pop fitness: 0.15672
INFO:root:elite fitness: 0.25659999999999994
INFO:root:Generation: 168
INFO:root:pop fitness: 0.16956
INFO:root:elite fitness: 0.27908000000000005
INFO:root:Generation: 153
INFO:root:pop fitness: 0.17882
INFO:root:elite fitness: 0.27459999999999996
INFO:root:Generation: 169
INFO:root:pop fitness: 0.16440000000000002
INFO:root:elite fitness: 0.24880000000000002
INFO:root:Generation: 154
INFO:root:pop fitness: 0.16462
INFO:root:elite fitness: 0.24719999999999998
INFO:root:Generation: 170
INFO:root:pop fitness: 0.14612
INFO:root:elite fitness: 0.24916
INFO:root:Generation: 155
INFO:root:pop fitness: 0.13948
INFO:root:elite fitness: 0.22440000000000002
INFO:root:Generation: 171
INFO:root:pop fitness: 0.13858000000000004
INFO:root:elite fitness: 0.22607999999999998
INFO:root:Generation: 156
INFO:root:pop fitness: 0.19376000000000004
INFO:root:elite fitness: 0.27088
INFO:root:Generation: 172
INFO:root:pop fitness: 0.16412000000000002
INFO:root:elite fitness: 0.25648
INFO:root:Generation: 157
INFO:root:pop fitness: 0.17449999999999996
INFO:root:elite fitness: 0.27492
INFO:root:Generation: 173
INFO:root:pop fitness: 0.15696000000000002
INFO:root:elite fitness: 0.33344
INFO:root:Generation: 158
INFO:root:pop fitness: 0.17999999999999997
INFO:root:elite fitness: 0.29032
INFO:root:Generation: 174
INFO:root:pop fitness: 0.17144
INFO:root:elite fitness: 0.26012
INFO:root:Generation: 159
INFO:root:pop fitness: 0.17264
INFO:root:elite fitness: 0.26588000000000006
INFO:root:Generation: 175
INFO:root:pop fitness: 0.15924000000000002
INFO:root:elite fitness: 0.23532
INFO:root:Generation: 160
INFO:root:pop fitness: 0.18802
INFO:root:elite fitness: 0.3038
INFO:root:Generation: 176
INFO:root:pop fitness: 0.14572
INFO:root:elite fitness: 0.23424
INFO:root:Generation: 161
INFO:root:pop fitness: 0.17006
INFO:root:elite fitness: 0.29824
INFO:root:Generation: 177
INFO:root:pop fitness: 0.14946
INFO:root:elite fitness: 0.22916
INFO:root:Generation: 162
INFO:root:pop fitness: 0.17768
INFO:root:elite fitness: 0.28240000000000004
INFO:root:Generation: 178
INFO:root:pop fitness: 0.1555
INFO:root:elite fitness: 0.23440000000000003
INFO:root:Generation: 163
INFO:root:pop fitness: 0.1634
INFO:root:elite fitness: 0.2868
INFO:root:Generation: 179
INFO:root:pop fitness: 0.15689999999999998
INFO:root:elite fitness: 0.26655999999999996
INFO:root:Generation: 164
INFO:root:pop fitness: 0.16998000000000002
INFO:root:elite fitness: 0.2824
INFO:root:Generation: 180
INFO:root:pop fitness: 0.13478
INFO:root:elite fitness: 0.25120000000000003
INFO:root:Generation: 165
INFO:root:pop fitness: 0.16951999999999995
INFO:root:elite fitness: 0.25708
INFO:root:Generation: 181
INFO:root:pop fitness: 0.1467
INFO:root:elite fitness: 0.23888
INFO:root:Generation: 166
INFO:root:pop fitness: 0.15888
INFO:root:elite fitness: 0.26828
INFO:root:Generation: 182
INFO:root:pop fitness: 0.15073999999999999
INFO:root:elite fitness: 0.22604
INFO:root:Generation: 167
INFO:root:pop fitness: 0.16688000000000003
INFO:root:elite fitness: 0.25388
INFO:root:Generation: 183
INFO:root:pop fitness: 0.16386
INFO:root:elite fitness: 0.25192
INFO:root:Generation: 168
INFO:root:pop fitness: 0.1604
INFO:root:elite fitness: 0.29296
INFO:root:Generation: 169
INFO:root:pop fitness: 0.17552
INFO:root:elite fitness: 0.27952
INFO:root:Generation: 184
INFO:root:pop fitness: 0.16143999999999997
INFO:root:elite fitness: 0.29396
INFO:root:Generation: 170
INFO:root:pop fitness: 0.14684
INFO:root:elite fitness: 0.23424
INFO:root:Generation: 185
INFO:root:pop fitness: 0.16606
INFO:root:elite fitness: 0.24911999999999998
INFO:root:Generation: 171
INFO:root:pop fitness: 0.17186000000000004
INFO:root:elite fitness: 0.28424
INFO:root:Generation: 186
INFO:root:pop fitness: 0.1647
INFO:root:elite fitness: 0.24052000000000004
INFO:root:Generation: 172
INFO:root:pop fitness: 0.17674
INFO:root:elite fitness: 0.30152
INFO:root:Generation: 187
INFO:root:pop fitness: 0.15574
INFO:root:elite fitness: 0.27887999999999996
INFO:root:Generation: 173
INFO:root:pop fitness: 0.16212
INFO:root:elite fitness: 0.23972000000000002
INFO:root:Generation: 188
INFO:root:pop fitness: 0.14611999999999997
INFO:root:elite fitness: 0.20068000000000005
INFO:root:Generation: 174
INFO:root:pop fitness: 0.17912
INFO:root:elite fitness: 0.27576
INFO:root:Generation: 189
INFO:root:pop fitness: 0.1636
INFO:root:elite fitness: 0.30608
INFO:root:Generation: 190
INFO:root:pop fitness: 0.15486
INFO:root:elite fitness: 0.24836000000000003
INFO:root:Generation: 175
INFO:root:pop fitness: 0.17773999999999998
INFO:root:elite fitness: 0.27148
INFO:root:Generation: 191
INFO:root:pop fitness: 0.16721999999999998
INFO:root:elite fitness: 0.27076
INFO:root:Generation: 176
INFO:root:pop fitness: 0.18864000000000003
INFO:root:elite fitness: 0.30424
INFO:root:Generation: 192
INFO:root:pop fitness: 0.15639999999999998
INFO:root:elite fitness: 0.2278
INFO:root:Generation: 177
INFO:root:pop fitness: 0.16224
INFO:root:elite fitness: 0.24179999999999996
INFO:root:Generation: 178
INFO:root:pop fitness: 0.16166
INFO:root:elite fitness: 0.25551999999999997
INFO:root:Generation: 193
INFO:root:pop fitness: 0.14544
INFO:root:elite fitness: 0.23032000000000002
INFO:root:Generation: 179
INFO:root:pop fitness: 0.18242
INFO:root:elite fitness: 0.27520000000000006
INFO:root:Generation: 194
INFO:root:pop fitness: 0.13648000000000002
INFO:root:elite fitness: 0.22676
INFO:root:Generation: 180
INFO:root:pop fitness: 0.20328
INFO:root:elite fitness: 0.31303999999999993
INFO:root:Generation: 195
INFO:root:pop fitness: 0.14606
INFO:root:elite fitness: 0.25007999999999997
INFO:root:Generation: 181
INFO:root:pop fitness: 0.17680000000000004
INFO:root:elite fitness: 0.2998
INFO:root:Generation: 196
INFO:root:pop fitness: 0.15689999999999998
INFO:root:elite fitness: 0.2554
INFO:root:Generation: 182
INFO:root:pop fitness: 0.16519999999999999
INFO:root:elite fitness: 0.28987999999999997
INFO:root:Generation: 197
INFO:root:pop fitness: 0.18059999999999996
INFO:root:elite fitness: 0.28384
INFO:root:Generation: 183
INFO:root:pop fitness: 0.1745
INFO:root:elite fitness: 0.26483999999999996
INFO:root:Generation: 198
INFO:root:pop fitness: 0.15621999999999997
INFO:root:elite fitness: 0.2744
INFO:root:Generation: 184
INFO:root:pop fitness: 0.18434
INFO:root:elite fitness: 0.29960000000000003
INFO:root:Generation: 199
INFO:root:pop fitness: 0.16276
INFO:root:elite fitness: 0.27192
INFO:root:Generation: 185
INFO:root:pop fitness: 0.18356000000000003
INFO:root:elite fitness: 0.30852
INFO:root:Generation: 186
INFO:root:pop fitness: 0.18419999999999997
INFO:root:elite fitness: 0.31772
INFO:root:Generation: 187
INFO:root:pop fitness: 0.16015999999999997
INFO:root:elite fitness: 0.25424
INFO:root:Generation: 188
INFO:root:pop fitness: 0.16592
INFO:root:elite fitness: 0.27408
INFO:root:Generation: 189
INFO:root:pop fitness: 0.17649999999999996
INFO:root:elite fitness: 0.33083999999999997
INFO:root:Generation: 190
INFO:root:pop fitness: 0.18244
INFO:root:elite fitness: 0.29856
INFO:root:Generation: 191
INFO:root:pop fitness: 0.17658
INFO:root:elite fitness: 0.28687999999999997
INFO:root:Generation: 192
INFO:root:pop fitness: 0.17923999999999995
INFO:root:elite fitness: 0.28508
INFO:root:Generation: 193
INFO:root:pop fitness: 0.1734
INFO:root:elite fitness: 0.30412
INFO:root:Generation: 194
INFO:root:pop fitness: 0.18538
INFO:root:elite fitness: 0.27724000000000004
INFO:root:Generation: 195
INFO:root:pop fitness: 0.18280000000000002
INFO:root:elite fitness: 0.27872
INFO:root:Generation: 196
INFO:root:pop fitness: 0.15706
INFO:root:elite fitness: 0.27652
INFO:root:Generation: 197
INFO:root:pop fitness: 0.18780000000000002
INFO:root:elite fitness: 0.2734
INFO:root:Generation: 198
INFO:root:pop fitness: 0.18960000000000002
INFO:root:elite fitness: 0.27908000000000005
INFO:root:Generation: 199
INFO:root:pop fitness: 0.17542
INFO:root:elite fitness: 0.25412
