INFO:root:run_master: Namespace(arms='10', hidden='16', layers='3', max_gen='200', message='', mutation_mag='0.01', name='cumulativeRwd', noise=True, pop_size='150', save_result=True, steps='1', trials='100')
INFO:root:run_master: Namespace(arms='10', hidden='16', layers='3', max_gen='200', message='', mutation_mag='0.01', name='cumulativeRwd', noise=False, pop_size='150', save_result=True, steps='1', trials='100')
INFO:root:Generation: 0
INFO:root:pop fitness: 0.4980399999999999
INFO:root:elite fitness: 0.5400533333333334
INFO:root:Generation: 0
INFO:root:pop fitness: 0.5000066666666667
INFO:root:elite fitness: 0.5357466666666667
INFO:root:Generation: 1
INFO:root:pop fitness: 0.50124
INFO:root:elite fitness: 0.53864
INFO:root:Generation: 1
INFO:root:pop fitness: 0.49675333333333327
INFO:root:elite fitness: 0.5366666666666667
INFO:root:Generation: 2
INFO:root:pop fitness: 0.49911333333333335
INFO:root:elite fitness: 0.5379466666666667
INFO:root:Generation: 2
INFO:root:pop fitness: 0.49929333333333337
INFO:root:elite fitness: 0.5382666666666667
INFO:root:Generation: 3
INFO:root:pop fitness: 0.4981266666666667
INFO:root:elite fitness: 0.5320266666666666
INFO:root:Generation: 3
INFO:root:pop fitness: 0.49985999999999997
INFO:root:elite fitness: 0.5424533333333333
INFO:root:Generation: 4
INFO:root:pop fitness: 0.4993866666666667
INFO:root:elite fitness: 0.5457866666666666
INFO:root:Generation: 4
INFO:root:pop fitness: 0.4974866666666666
INFO:root:elite fitness: 0.5332133333333333
INFO:root:Generation: 5
INFO:root:pop fitness: 0.49396666666666667
INFO:root:elite fitness: 0.5295866666666665
INFO:root:Generation: 5
INFO:root:pop fitness: 0.49972
INFO:root:elite fitness: 0.5422133333333334
INFO:root:Generation: 6
INFO:root:pop fitness: 0.50472
INFO:root:elite fitness: 0.5503733333333333
INFO:root:Generation: 6
INFO:root:pop fitness: 0.50346
INFO:root:elite fitness: 0.5491733333333335
INFO:root:Generation: 7
INFO:root:pop fitness: 0.49885999999999997
INFO:root:elite fitness: 0.5460133333333334
INFO:root:Generation: 7
INFO:root:pop fitness: 0.50334
INFO:root:elite fitness: 0.5598533333333333
INFO:root:Generation: 8
INFO:root:pop fitness: 0.5013666666666666
INFO:root:elite fitness: 0.55128
INFO:root:Generation: 9
INFO:root:pop fitness: 0.49718
INFO:root:elite fitness: 0.5412933333333333
INFO:root:Generation: 8
INFO:root:pop fitness: 0.5059133333333333
INFO:root:elite fitness: 0.5672400000000001
INFO:root:Generation: 10
INFO:root:pop fitness: 0.49633333333333335
INFO:root:elite fitness: 0.54532
INFO:root:Generation: 9
INFO:root:pop fitness: 0.5158466666666667
INFO:root:elite fitness: 0.5783733333333333
INFO:root:Generation: 11
INFO:root:pop fitness: 0.5080666666666667
INFO:root:elite fitness: 0.5855333333333334
INFO:root:Generation: 10
INFO:root:pop fitness: 0.5190199999999999
INFO:root:elite fitness: 0.59828
INFO:root:Generation: 12
INFO:root:pop fitness: 0.5082066666666666
INFO:root:elite fitness: 0.5627333333333335
INFO:root:Generation: 11
INFO:root:pop fitness: 0.5172866666666666
INFO:root:elite fitness: 0.5932000000000001
INFO:root:Generation: 13
INFO:root:pop fitness: 0.5159733333333333
INFO:root:elite fitness: 0.5923600000000001
INFO:root:Generation: 12
INFO:root:pop fitness: 0.5185333333333333
INFO:root:elite fitness: 0.5919733333333334
INFO:root:Generation: 14
INFO:root:pop fitness: 0.5074533333333333
INFO:root:elite fitness: 0.5814666666666666
INFO:root:Generation: 13
INFO:root:pop fitness: 0.5335266666666666
INFO:root:elite fitness: 0.6124933333333333
INFO:root:Generation: 15
INFO:root:pop fitness: 0.51508
INFO:root:elite fitness: 0.5797333333333334
INFO:root:Generation: 14
INFO:root:pop fitness: 0.5373200000000001
INFO:root:elite fitness: 0.6145466666666667
INFO:root:Generation: 16
INFO:root:pop fitness: 0.51974
INFO:root:elite fitness: 0.60096
INFO:root:Generation: 15
INFO:root:pop fitness: 0.5406066666666667
INFO:root:elite fitness: 0.6150666666666667
INFO:root:Generation: 17
INFO:root:pop fitness: 0.5232800000000001
INFO:root:elite fitness: 0.5923999999999999
INFO:root:Generation: 16
INFO:root:pop fitness: 0.5413866666666667
INFO:root:elite fitness: 0.6179733333333334
INFO:root:Generation: 18
INFO:root:pop fitness: 0.5266866666666666
INFO:root:elite fitness: 0.6028533333333334
INFO:root:Generation: 19
INFO:root:pop fitness: 0.51826
INFO:root:elite fitness: 0.5889333333333333
INFO:root:Generation: 17
INFO:root:pop fitness: 0.5394
INFO:root:elite fitness: 0.61624
INFO:root:Generation: 20
INFO:root:pop fitness: 0.5239199999999999
INFO:root:elite fitness: 0.6010533333333334
INFO:root:Generation: 18
INFO:root:pop fitness: 0.5460999999999999
INFO:root:elite fitness: 0.6259333333333333
INFO:root:Generation: 21
INFO:root:pop fitness: 0.5265733333333332
INFO:root:elite fitness: 0.6072266666666665
INFO:root:Generation: 19
INFO:root:pop fitness: 0.5531200000000001
INFO:root:elite fitness: 0.62388
INFO:root:Generation: 22
INFO:root:pop fitness: 0.5357799999999999
INFO:root:elite fitness: 0.61284
INFO:root:Generation: 20
INFO:root:pop fitness: 0.5455933333333334
INFO:root:elite fitness: 0.6303200000000001
INFO:root:Generation: 23
INFO:root:pop fitness: 0.5367799999999999
INFO:root:elite fitness: 0.6268933333333333
INFO:root:Generation: 21
INFO:root:pop fitness: 0.5404
INFO:root:elite fitness: 0.6167333333333334
INFO:root:Generation: 24
INFO:root:pop fitness: 0.5300333333333335
INFO:root:elite fitness: 0.62164
INFO:root:Generation: 22
INFO:root:pop fitness: 0.54538
INFO:root:elite fitness: 0.6480266666666666
INFO:root:Generation: 25
INFO:root:pop fitness: 0.5365733333333332
INFO:root:elite fitness: 0.6224933333333333
INFO:root:Generation: 23
INFO:root:pop fitness: 0.5557199999999999
INFO:root:elite fitness: 0.6273333333333334
INFO:root:Generation: 26
INFO:root:pop fitness: 0.5445266666666667
INFO:root:elite fitness: 0.6344666666666667
INFO:root:Generation: 24
INFO:root:pop fitness: 0.56532
INFO:root:elite fitness: 0.6558133333333335
INFO:root:Generation: 27
INFO:root:pop fitness: 0.5485733333333332
INFO:root:elite fitness: 0.6511066666666667
INFO:root:Generation: 25
INFO:root:pop fitness: 0.5691066666666666
INFO:root:elite fitness: 0.66372
INFO:root:Generation: 28
INFO:root:pop fitness: 0.55916
INFO:root:elite fitness: 0.6502666666666667
INFO:root:Generation: 29
INFO:root:pop fitness: 0.5711599999999999
INFO:root:elite fitness: 0.6493466666666666
INFO:root:Generation: 26
INFO:root:pop fitness: 0.56256
INFO:root:elite fitness: 0.6622533333333332
INFO:root:Generation: 30
INFO:root:pop fitness: 0.5626466666666666
INFO:root:elite fitness: 0.6440400000000002
INFO:root:Generation: 27
INFO:root:pop fitness: 0.5700733333333333
INFO:root:elite fitness: 0.6659466666666667
INFO:root:Generation: 31
INFO:root:pop fitness: 0.5631733333333334
INFO:root:elite fitness: 0.6560266666666665
INFO:root:Generation: 28
INFO:root:pop fitness: 0.5980933333333334
INFO:root:elite fitness: 0.6774000000000001
INFO:root:Generation: 32
INFO:root:pop fitness: 0.5729599999999999
INFO:root:elite fitness: 0.6675066666666666
INFO:root:Generation: 29
INFO:root:pop fitness: 0.5775866666666667
INFO:root:elite fitness: 0.6527466666666667
INFO:root:Generation: 33
INFO:root:pop fitness: 0.5655600000000001
INFO:root:elite fitness: 0.6517733333333334
INFO:root:Generation: 30
INFO:root:pop fitness: 0.5834266666666666
INFO:root:elite fitness: 0.6817333333333332
INFO:root:Generation: 34
INFO:root:pop fitness: 0.5831533333333333
INFO:root:elite fitness: 0.6653333333333333
INFO:root:Generation: 31
INFO:root:pop fitness: 0.5900333333333334
INFO:root:elite fitness: 0.6785866666666667
INFO:root:Generation: 35
INFO:root:pop fitness: 0.5710866666666665
INFO:root:elite fitness: 0.6609200000000001
INFO:root:Generation: 32
INFO:root:pop fitness: 0.5844066666666666
INFO:root:elite fitness: 0.6609466666666668
INFO:root:Generation: 36
INFO:root:pop fitness: 0.5819066666666667
INFO:root:elite fitness: 0.6696666666666667
INFO:root:Generation: 33
INFO:root:pop fitness: 0.5933733333333333
INFO:root:elite fitness: 0.6747466666666667
INFO:root:Generation: 37
INFO:root:pop fitness: 0.5729266666666666
INFO:root:elite fitness: 0.6630000000000001
INFO:root:Generation: 38
INFO:root:pop fitness: 0.5836866666666667
INFO:root:elite fitness: 0.6716133333333334
INFO:root:Generation: 34
INFO:root:pop fitness: 0.5866266666666666
INFO:root:elite fitness: 0.6768266666666668
INFO:root:Generation: 39
INFO:root:pop fitness: 0.5733866666666667
INFO:root:elite fitness: 0.66012
INFO:root:Generation: 35
INFO:root:pop fitness: 0.5758466666666667
INFO:root:elite fitness: 0.6681066666666666
INFO:root:Generation: 40
INFO:root:pop fitness: 0.5851866666666666
INFO:root:elite fitness: 0.6732133333333333
INFO:root:Generation: 36
INFO:root:pop fitness: 0.5971266666666666
INFO:root:elite fitness: 0.6938533333333332
INFO:root:Generation: 41
INFO:root:pop fitness: 0.59302
INFO:root:elite fitness: 0.6979733333333334
INFO:root:Generation: 37
INFO:root:pop fitness: 0.595
INFO:root:elite fitness: 0.66996
INFO:root:Generation: 42
INFO:root:pop fitness: 0.5981933333333334
INFO:root:elite fitness: 0.6900666666666667
INFO:root:Generation: 38
INFO:root:pop fitness: 0.5927399999999999
INFO:root:elite fitness: 0.6732933333333334
INFO:root:Generation: 43
INFO:root:pop fitness: 0.5882799999999999
INFO:root:elite fitness: 0.6804800000000001
INFO:root:Generation: 39
INFO:root:pop fitness: 0.5953333333333334
INFO:root:elite fitness: 0.6723066666666666
INFO:root:Generation: 44
INFO:root:pop fitness: 0.59818
INFO:root:elite fitness: 0.6899466666666666
INFO:root:Generation: 40
INFO:root:pop fitness: 0.5818733333333332
INFO:root:elite fitness: 0.6726800000000001
INFO:root:Generation: 45
INFO:root:pop fitness: 0.5915466666666667
INFO:root:elite fitness: 0.6837733333333332
INFO:root:Generation: 41
INFO:root:pop fitness: 0.5857466666666666
INFO:root:elite fitness: 0.68364
INFO:root:Generation: 46
INFO:root:pop fitness: 0.5993266666666667
INFO:root:elite fitness: 0.68396
INFO:root:Generation: 42
INFO:root:pop fitness: 0.5807266666666667
INFO:root:elite fitness: 0.6737333333333333
INFO:root:Generation: 47
INFO:root:pop fitness: 0.60756
INFO:root:elite fitness: 0.7002266666666666
INFO:root:Generation: 48
INFO:root:pop fitness: 0.6026266666666668
INFO:root:elite fitness: 0.6988933333333334
INFO:root:Generation: 43
INFO:root:pop fitness: 0.5863066666666666
INFO:root:elite fitness: 0.6802266666666666
INFO:root:Generation: 49
INFO:root:pop fitness: 0.6185533333333333
INFO:root:elite fitness: 0.7012
INFO:root:Generation: 44
INFO:root:pop fitness: 0.5947066666666666
INFO:root:elite fitness: 0.6789733333333334
INFO:root:Generation: 50
INFO:root:pop fitness: 0.6104333333333333
INFO:root:elite fitness: 0.7154133333333332
INFO:root:Generation: 45
INFO:root:pop fitness: 0.5977066666666667
INFO:root:elite fitness: 0.6804933333333333
INFO:root:Generation: 51
INFO:root:pop fitness: 0.5940066666666667
INFO:root:elite fitness: 0.6896533333333333
INFO:root:Generation: 46
INFO:root:pop fitness: 0.6065333333333334
INFO:root:elite fitness: 0.6865866666666667
INFO:root:Generation: 52
INFO:root:pop fitness: 0.6145
INFO:root:elite fitness: 0.7190799999999999
INFO:root:Generation: 47
INFO:root:pop fitness: 0.6081733333333333
INFO:root:elite fitness: 0.6992533333333334
INFO:root:Generation: 53
INFO:root:pop fitness: 0.6022200000000001
INFO:root:elite fitness: 0.6892800000000001
INFO:root:Generation: 48
INFO:root:pop fitness: 0.6163066666666668
INFO:root:elite fitness: 0.6949599999999999
INFO:root:Generation: 54
INFO:root:pop fitness: 0.6066400000000001
INFO:root:elite fitness: 0.6954933333333332
INFO:root:Generation: 49
INFO:root:pop fitness: 0.6101733333333335
INFO:root:elite fitness: 0.7034266666666668
INFO:root:Generation: 55
INFO:root:pop fitness: 0.6040266666666667
INFO:root:elite fitness: 0.7036266666666666
INFO:root:Generation: 50
INFO:root:pop fitness: 0.6158866666666667
INFO:root:elite fitness: 0.69944
INFO:root:Generation: 56
INFO:root:pop fitness: 0.6159466666666668
INFO:root:elite fitness: 0.7292666666666667
INFO:root:Generation: 51
INFO:root:pop fitness: 0.6270066666666666
INFO:root:elite fitness: 0.7187066666666666
INFO:root:Generation: 57
INFO:root:pop fitness: 0.6036866666666666
INFO:root:elite fitness: 0.7152266666666667
INFO:root:Generation: 58
INFO:root:pop fitness: 0.6095333333333333
INFO:root:elite fitness: 0.7038266666666667
INFO:root:Generation: 52
INFO:root:pop fitness: 0.6135066666666668
INFO:root:elite fitness: 0.7036
INFO:root:Generation: 59
INFO:root:pop fitness: 0.60948
INFO:root:elite fitness: 0.6936133333333333
INFO:root:Generation: 53
INFO:root:pop fitness: 0.6224666666666667
INFO:root:elite fitness: 0.7106133333333333
INFO:root:Generation: 60
INFO:root:pop fitness: 0.6195066666666665
INFO:root:elite fitness: 0.7213466666666668
INFO:root:Generation: 54
INFO:root:pop fitness: 0.6158199999999999
INFO:root:elite fitness: 0.7140666666666666
INFO:root:Generation: 61
INFO:root:pop fitness: 0.6179133333333333
INFO:root:elite fitness: 0.6830133333333334
INFO:root:Generation: 55
INFO:root:pop fitness: 0.6205133333333334
INFO:root:elite fitness: 0.7057866666666667
INFO:root:Generation: 62
INFO:root:pop fitness: 0.6055533333333333
INFO:root:elite fitness: 0.7004
INFO:root:Generation: 56
INFO:root:pop fitness: 0.6209333333333332
INFO:root:elite fitness: 0.70864
INFO:root:Generation: 63
INFO:root:pop fitness: 0.6154666666666666
INFO:root:elite fitness: 0.7179333333333332
INFO:root:Generation: 57
INFO:root:pop fitness: 0.61782
INFO:root:elite fitness: 0.7056133333333332
INFO:root:Generation: 64
INFO:root:pop fitness: 0.6125333333333333
INFO:root:elite fitness: 0.7051999999999999
INFO:root:Generation: 65
INFO:root:pop fitness: 0.6213066666666667
INFO:root:elite fitness: 0.7172266666666667
INFO:root:Generation: 58
INFO:root:pop fitness: 0.6276466666666667
INFO:root:elite fitness: 0.7128666666666666
INFO:root:Generation: 66
INFO:root:pop fitness: 0.6046599999999999
INFO:root:elite fitness: 0.70468
INFO:root:Generation: 59
INFO:root:pop fitness: 0.6225066666666667
INFO:root:elite fitness: 0.7242666666666666
INFO:root:Generation: 67
INFO:root:pop fitness: 0.61656
INFO:root:elite fitness: 0.7113866666666666
INFO:root:Generation: 60
INFO:root:pop fitness: 0.6259866666666667
INFO:root:elite fitness: 0.70656
INFO:root:Generation: 68
INFO:root:pop fitness: 0.6097666666666667
INFO:root:elite fitness: 0.7152933333333334
INFO:root:Generation: 61
INFO:root:pop fitness: 0.62834
INFO:root:elite fitness: 0.6983066666666666
INFO:root:Generation: 69
INFO:root:pop fitness: 0.6333000000000001
INFO:root:elite fitness: 0.7178
INFO:root:Generation: 62
INFO:root:pop fitness: 0.6314533333333333
INFO:root:elite fitness: 0.7252
INFO:root:Generation: 70
INFO:root:pop fitness: 0.6059
INFO:root:elite fitness: 0.6889200000000001
INFO:root:Generation: 63
INFO:root:pop fitness: 0.6413
INFO:root:elite fitness: 0.7370000000000001
INFO:root:Generation: 71
INFO:root:pop fitness: 0.6154866666666666
INFO:root:elite fitness: 0.71776
INFO:root:Generation: 64
INFO:root:pop fitness: 0.6360533333333334
INFO:root:elite fitness: 0.7280133333333333
INFO:root:Generation: 72
INFO:root:pop fitness: 0.64026
INFO:root:elite fitness: 0.7357733333333333
INFO:root:Generation: 65
INFO:root:pop fitness: 0.6381066666666667
INFO:root:elite fitness: 0.7356666666666666
INFO:root:Generation: 73
INFO:root:pop fitness: 0.6411133333333333
INFO:root:elite fitness: 0.7258933333333334
INFO:root:Generation: 74
INFO:root:pop fitness: 0.6275666666666666
INFO:root:elite fitness: 0.7289066666666667
INFO:root:Generation: 66
INFO:root:pop fitness: 0.6387
INFO:root:elite fitness: 0.7246933333333334
INFO:root:Generation: 75
INFO:root:pop fitness: 0.6262666666666666
INFO:root:elite fitness: 0.7225333333333334
INFO:root:Generation: 67
INFO:root:pop fitness: 0.6377733333333333
INFO:root:elite fitness: 0.7276133333333333
INFO:root:Generation: 76
INFO:root:pop fitness: 0.6308933333333332
INFO:root:elite fitness: 0.7302666666666666
INFO:root:Generation: 68
INFO:root:pop fitness: 0.6510666666666667
INFO:root:elite fitness: 0.7342666666666666
INFO:root:Generation: 77
INFO:root:pop fitness: 0.62176
INFO:root:elite fitness: 0.7207600000000001
INFO:root:Generation: 69
INFO:root:pop fitness: 0.6405799999999999
INFO:root:elite fitness: 0.7226933333333333
INFO:root:Generation: 78
INFO:root:pop fitness: 0.6294799999999999
INFO:root:elite fitness: 0.7158399999999999
INFO:root:Generation: 70
INFO:root:pop fitness: 0.6498266666666668
INFO:root:elite fitness: 0.7419333333333333
INFO:root:Generation: 79
INFO:root:pop fitness: 0.6391866666666668
INFO:root:elite fitness: 0.7352000000000001
INFO:root:Generation: 71
INFO:root:pop fitness: 0.6457866666666666
INFO:root:elite fitness: 0.7302133333333333
INFO:root:Generation: 80
INFO:root:pop fitness: 0.6289333333333333
INFO:root:elite fitness: 0.72476
INFO:root:Generation: 72
INFO:root:pop fitness: 0.6339133333333332
INFO:root:elite fitness: 0.7096133333333333
INFO:root:Generation: 81
INFO:root:pop fitness: 0.6282533333333333
INFO:root:elite fitness: 0.72952
INFO:root:Generation: 73
INFO:root:pop fitness: 0.6507333333333333
INFO:root:elite fitness: 0.72856
INFO:root:Generation: 82
INFO:root:pop fitness: 0.6173
INFO:root:elite fitness: 0.6927066666666667
INFO:root:Generation: 74
INFO:root:pop fitness: 0.6374400000000001
INFO:root:elite fitness: 0.7319333333333333
INFO:root:Generation: 83
INFO:root:pop fitness: 0.6468133333333334
INFO:root:elite fitness: 0.74688
INFO:root:Generation: 84
INFO:root:pop fitness: 0.6440199999999999
INFO:root:elite fitness: 0.7305999999999999
INFO:root:Generation: 75
INFO:root:pop fitness: 0.636
INFO:root:elite fitness: 0.7201599999999999
INFO:root:Generation: 85
INFO:root:pop fitness: 0.6267866666666667
INFO:root:elite fitness: 0.7271466666666667
INFO:root:Generation: 76
INFO:root:pop fitness: 0.63
INFO:root:elite fitness: 0.7127866666666666
INFO:root:Generation: 86
INFO:root:pop fitness: 0.6454799999999999
INFO:root:elite fitness: 0.7415866666666666
INFO:root:Generation: 77
INFO:root:pop fitness: 0.63
INFO:root:elite fitness: 0.7118933333333334
INFO:root:Generation: 87
INFO:root:pop fitness: 0.64472
INFO:root:elite fitness: 0.7212133333333333
INFO:root:Generation: 78
INFO:root:pop fitness: 0.62804
INFO:root:elite fitness: 0.7121866666666666
INFO:root:Generation: 88
INFO:root:pop fitness: 0.6342933333333334
INFO:root:elite fitness: 0.7215066666666665
INFO:root:Generation: 79
INFO:root:pop fitness: 0.6360200000000001
INFO:root:elite fitness: 0.7267199999999999
INFO:root:Generation: 89
INFO:root:pop fitness: 0.6447866666666666
INFO:root:elite fitness: 0.7360133333333333
INFO:root:Generation: 80
INFO:root:pop fitness: 0.6347
INFO:root:elite fitness: 0.71852
INFO:root:Generation: 90
INFO:root:pop fitness: 0.6379533333333334
INFO:root:elite fitness: 0.7206533333333333
INFO:root:Generation: 81
INFO:root:pop fitness: 0.6357333333333334
INFO:root:elite fitness: 0.7260000000000001
INFO:root:Generation: 91
INFO:root:pop fitness: 0.6362133333333333
INFO:root:elite fitness: 0.73036
INFO:root:Generation: 82
INFO:root:pop fitness: 0.63538
INFO:root:elite fitness: 0.7289866666666668
INFO:root:Generation: 92
INFO:root:pop fitness: 0.6413
INFO:root:elite fitness: 0.72716
INFO:root:Generation: 93
INFO:root:pop fitness: 0.64502
INFO:root:elite fitness: 0.7395066666666666
INFO:root:Generation: 83
INFO:root:pop fitness: 0.6319599999999999
INFO:root:elite fitness: 0.72604
INFO:root:Generation: 94
INFO:root:pop fitness: 0.64202
INFO:root:elite fitness: 0.7383466666666667
INFO:root:Generation: 84
INFO:root:pop fitness: 0.6455733333333333
INFO:root:elite fitness: 0.7293866666666666
INFO:root:Generation: 95
INFO:root:pop fitness: 0.6402266666666666
INFO:root:elite fitness: 0.7253866666666666
INFO:root:Generation: 85
INFO:root:pop fitness: 0.6472333333333334
INFO:root:elite fitness: 0.7409199999999999
INFO:root:Generation: 96
INFO:root:pop fitness: 0.6538933333333333
INFO:root:elite fitness: 0.7389733333333335
INFO:root:Generation: 86
INFO:root:pop fitness: 0.6338333333333332
INFO:root:elite fitness: 0.7270666666666666
INFO:root:Generation: 97
INFO:root:pop fitness: 0.6453933333333333
INFO:root:elite fitness: 0.7300933333333333
INFO:root:Generation: 87
INFO:root:pop fitness: 0.6464399999999999
INFO:root:elite fitness: 0.7305733333333333
INFO:root:Generation: 98
INFO:root:pop fitness: 0.6420933333333333
INFO:root:elite fitness: 0.7320933333333333
INFO:root:Generation: 88
INFO:root:pop fitness: 0.6408533333333334
INFO:root:elite fitness: 0.7218133333333334
INFO:root:Generation: 99
INFO:root:pop fitness: 0.6377733333333333
INFO:root:elite fitness: 0.7166266666666667
INFO:root:Generation: 89
INFO:root:pop fitness: 0.6372266666666666
INFO:root:elite fitness: 0.7299066666666668
INFO:root:Generation: 100
INFO:root:pop fitness: 0.6454333333333333
INFO:root:elite fitness: 0.7422400000000001
INFO:root:Generation: 90
INFO:root:pop fitness: 0.6455533333333333
INFO:root:elite fitness: 0.73024
INFO:root:Generation: 101
INFO:root:pop fitness: 0.65138
INFO:root:elite fitness: 0.7338800000000001
INFO:root:Generation: 91
INFO:root:pop fitness: 0.64302
INFO:root:elite fitness: 0.7347466666666667
INFO:root:Generation: 102
INFO:root:pop fitness: 0.6489933333333334
INFO:root:elite fitness: 0.7388800000000001
INFO:root:Generation: 92
INFO:root:pop fitness: 0.6549133333333333
INFO:root:elite fitness: 0.7372666666666666
INFO:root:Generation: 103
INFO:root:pop fitness: 0.6437799999999999
INFO:root:elite fitness: 0.7237333333333333
INFO:root:Generation: 104
INFO:root:pop fitness: 0.6448133333333333
INFO:root:elite fitness: 0.7244800000000001
INFO:root:Generation: 93
INFO:root:pop fitness: 0.6454266666666666
INFO:root:elite fitness: 0.7317466666666665
INFO:root:Generation: 105
INFO:root:pop fitness: 0.6457400000000001
INFO:root:elite fitness: 0.7448266666666666
INFO:root:Generation: 94
INFO:root:pop fitness: 0.6542000000000001
INFO:root:elite fitness: 0.7354266666666667
INFO:root:Generation: 106
INFO:root:pop fitness: 0.6495066666666666
INFO:root:elite fitness: 0.7422266666666667
INFO:root:Generation: 95
INFO:root:pop fitness: 0.6551799999999999
INFO:root:elite fitness: 0.7416266666666668
INFO:root:Generation: 107
INFO:root:pop fitness: 0.64484
INFO:root:elite fitness: 0.7357466666666668
INFO:root:Generation: 96
INFO:root:pop fitness: 0.6490600000000001
INFO:root:elite fitness: 0.73136
INFO:root:Generation: 108
INFO:root:pop fitness: 0.6601400000000001
INFO:root:elite fitness: 0.7387333333333334
INFO:root:Generation: 97
INFO:root:pop fitness: 0.6501533333333334
INFO:root:elite fitness: 0.7387466666666667
INFO:root:Generation: 109
INFO:root:pop fitness: 0.6486733333333332
INFO:root:elite fitness: 0.7324799999999999
INFO:root:Generation: 98
INFO:root:pop fitness: 0.6487866666666665
INFO:root:elite fitness: 0.73196
INFO:root:Generation: 110
INFO:root:pop fitness: 0.6424666666666667
INFO:root:elite fitness: 0.72532
INFO:root:Generation: 99
INFO:root:pop fitness: 0.65976
INFO:root:elite fitness: 0.75492
INFO:root:Generation: 111
INFO:root:pop fitness: 0.64672
INFO:root:elite fitness: 0.7233333333333334
INFO:root:Generation: 100
INFO:root:pop fitness: 0.6465866666666666
INFO:root:elite fitness: 0.7417066666666666
INFO:root:Generation: 112
INFO:root:pop fitness: 0.6487933333333332
INFO:root:elite fitness: 0.7304
INFO:root:Generation: 101
INFO:root:pop fitness: 0.6519533333333334
INFO:root:elite fitness: 0.73844
INFO:root:Generation: 113
INFO:root:pop fitness: 0.64524
INFO:root:elite fitness: 0.73912
INFO:root:Generation: 102
INFO:root:pop fitness: 0.65436
INFO:root:elite fitness: 0.7476133333333334
INFO:root:Generation: 114
INFO:root:pop fitness: 0.65438
INFO:root:elite fitness: 0.7494666666666666
INFO:root:Generation: 103
INFO:root:pop fitness: 0.64746
INFO:root:elite fitness: 0.7386800000000001
INFO:root:Generation: 115
INFO:root:pop fitness: 0.6484533333333333
INFO:root:elite fitness: 0.7336133333333331
INFO:root:Generation: 116
INFO:root:pop fitness: 0.6478533333333333
INFO:root:elite fitness: 0.74748
INFO:root:Generation: 104
INFO:root:pop fitness: 0.6589333333333334
INFO:root:elite fitness: 0.74932
INFO:root:Generation: 117
INFO:root:pop fitness: 0.6440266666666666
INFO:root:elite fitness: 0.7343733333333333
INFO:root:Generation: 105
INFO:root:pop fitness: 0.6483733333333334
INFO:root:elite fitness: 0.7124933333333332
INFO:root:Generation: 118
INFO:root:pop fitness: 0.6378999999999999
INFO:root:elite fitness: 0.7319866666666667
INFO:root:Generation: 106
INFO:root:pop fitness: 0.65466
INFO:root:elite fitness: 0.7295333333333333
INFO:root:Generation: 119
INFO:root:pop fitness: 0.6424866666666667
INFO:root:elite fitness: 0.7252133333333333
INFO:root:Generation: 107
INFO:root:pop fitness: 0.6556133333333333
INFO:root:elite fitness: 0.7484533333333333
INFO:root:Generation: 120
INFO:root:pop fitness: 0.6411133333333333
INFO:root:elite fitness: 0.7221066666666666
INFO:root:Generation: 108
INFO:root:pop fitness: 0.6519266666666668
INFO:root:elite fitness: 0.7265466666666667
INFO:root:Generation: 121
INFO:root:pop fitness: 0.6264599999999999
INFO:root:elite fitness: 0.7171200000000001
INFO:root:Generation: 109
INFO:root:pop fitness: 0.6654933333333333
INFO:root:elite fitness: 0.75364
INFO:root:Generation: 122
INFO:root:pop fitness: 0.6406000000000001
INFO:root:elite fitness: 0.7226933333333333
INFO:root:Generation: 110
INFO:root:pop fitness: 0.6489733333333334
INFO:root:elite fitness: 0.7375066666666666
INFO:root:Generation: 123
INFO:root:pop fitness: 0.6389600000000001
INFO:root:elite fitness: 0.7319599999999998
INFO:root:Generation: 111
INFO:root:pop fitness: 0.6510666666666667
INFO:root:elite fitness: 0.7348133333333333
INFO:root:Generation: 124
INFO:root:pop fitness: 0.6444266666666667
INFO:root:elite fitness: 0.7400533333333333
INFO:root:Generation: 112
INFO:root:pop fitness: 0.6524266666666667
INFO:root:elite fitness: 0.7269333333333333
INFO:root:Generation: 125
INFO:root:pop fitness: 0.6317466666666667
INFO:root:elite fitness: 0.7177733333333334
INFO:root:Generation: 113
INFO:root:pop fitness: 0.66508
INFO:root:elite fitness: 0.7417066666666666
INFO:root:Generation: 126
INFO:root:pop fitness: 0.6500666666666668
INFO:root:elite fitness: 0.7379466666666666
INFO:root:Generation: 127
INFO:root:pop fitness: 0.6465133333333333
INFO:root:elite fitness: 0.741
INFO:root:Generation: 114
INFO:root:pop fitness: 0.6570466666666668
INFO:root:elite fitness: 0.74736
INFO:root:Generation: 128
INFO:root:pop fitness: 0.6482600000000001
INFO:root:elite fitness: 0.7388133333333332
INFO:root:Generation: 115
INFO:root:pop fitness: 0.6492133333333334
INFO:root:elite fitness: 0.7297866666666666
INFO:root:Generation: 129
INFO:root:pop fitness: 0.65354
INFO:root:elite fitness: 0.7437600000000001
INFO:root:Generation: 116
INFO:root:pop fitness: 0.6402
INFO:root:elite fitness: 0.7177466666666668
INFO:root:Generation: 130
INFO:root:pop fitness: 0.6523266666666667
INFO:root:elite fitness: 0.7426
INFO:root:Generation: 117
INFO:root:pop fitness: 0.6505066666666667
INFO:root:elite fitness: 0.7328266666666667
INFO:root:Generation: 131
INFO:root:pop fitness: 0.64496
INFO:root:elite fitness: 0.7280933333333334
INFO:root:Generation: 118
INFO:root:pop fitness: 0.6625666666666666
INFO:root:elite fitness: 0.75304
INFO:root:Generation: 132
INFO:root:pop fitness: 0.6477599999999999
INFO:root:elite fitness: 0.7339599999999998
INFO:root:Generation: 119
INFO:root:pop fitness: 0.64544
INFO:root:elite fitness: 0.7194533333333333
INFO:root:Generation: 133
INFO:root:pop fitness: 0.6607000000000001
INFO:root:elite fitness: 0.7388266666666666
INFO:root:Generation: 120
INFO:root:pop fitness: 0.6440333333333332
INFO:root:elite fitness: 0.7229733333333334
INFO:root:Generation: 134
INFO:root:pop fitness: 0.65318
INFO:root:elite fitness: 0.7242133333333334
INFO:root:Generation: 121
INFO:root:pop fitness: 0.6439466666666668
INFO:root:elite fitness: 0.7329733333333333
INFO:root:Generation: 135
INFO:root:pop fitness: 0.6623533333333333
INFO:root:elite fitness: 0.7611199999999999
INFO:root:Generation: 122
INFO:root:pop fitness: 0.6508133333333335
INFO:root:elite fitness: 0.7481199999999999
INFO:root:Generation: 136
INFO:root:pop fitness: 0.66992
INFO:root:elite fitness: 0.7507466666666667
INFO:root:Generation: 123
INFO:root:pop fitness: 0.6438733333333333
INFO:root:elite fitness: 0.7363333333333333
INFO:root:Generation: 137
INFO:root:pop fitness: 0.6728933333333333
INFO:root:elite fitness: 0.7599333333333332
INFO:root:Generation: 138
INFO:root:pop fitness: 0.66988
INFO:root:elite fitness: 0.7416000000000001
INFO:root:Generation: 124
INFO:root:pop fitness: 0.6641333333333334
INFO:root:elite fitness: 0.7613333333333333
INFO:root:Generation: 139
INFO:root:pop fitness: 0.66904
INFO:root:elite fitness: 0.75436
INFO:root:Generation: 125
INFO:root:pop fitness: 0.6454733333333333
INFO:root:elite fitness: 0.7391066666666667
INFO:root:Generation: 140
INFO:root:pop fitness: 0.6678666666666667
INFO:root:elite fitness: 0.7431733333333334
INFO:root:Generation: 126
INFO:root:pop fitness: 0.6414266666666667
INFO:root:elite fitness: 0.7339866666666668
INFO:root:Generation: 141
INFO:root:pop fitness: 0.6675666666666666
INFO:root:elite fitness: 0.75424
INFO:root:Generation: 127
INFO:root:pop fitness: 0.6542399999999999
INFO:root:elite fitness: 0.73728
INFO:root:Generation: 142
INFO:root:pop fitness: 0.6688933333333333
INFO:root:elite fitness: 0.74916
INFO:root:Generation: 128
INFO:root:pop fitness: 0.6486599999999999
INFO:root:elite fitness: 0.73648
INFO:root:Generation: 143
INFO:root:pop fitness: 0.6756066666666667
INFO:root:elite fitness: 0.7677200000000001
INFO:root:Generation: 129
INFO:root:pop fitness: 0.6586599999999999
INFO:root:elite fitness: 0.7366133333333333
INFO:root:Generation: 144
INFO:root:pop fitness: 0.6768466666666666
INFO:root:elite fitness: 0.7639600000000002
INFO:root:Generation: 130
INFO:root:pop fitness: 0.6499866666666666
INFO:root:elite fitness: 0.7388266666666666
INFO:root:Generation: 145
INFO:root:pop fitness: 0.6733066666666667
INFO:root:elite fitness: 0.7573600000000001
INFO:root:Generation: 131
INFO:root:pop fitness: 0.6471266666666667
INFO:root:elite fitness: 0.7413333333333333
INFO:root:Generation: 146
INFO:root:pop fitness: 0.6698933333333333
INFO:root:elite fitness: 0.7356400000000001
INFO:root:Generation: 132
INFO:root:pop fitness: 0.6544666666666666
INFO:root:elite fitness: 0.7407333333333335
INFO:root:Generation: 147
INFO:root:pop fitness: 0.6743800000000001
INFO:root:elite fitness: 0.7593733333333332
INFO:root:Generation: 148
INFO:root:pop fitness: 0.6682866666666666
INFO:root:elite fitness: 0.75336
INFO:root:Generation: 133
INFO:root:pop fitness: 0.65674
INFO:root:elite fitness: 0.7396
INFO:root:Generation: 149
INFO:root:pop fitness: 0.6713133333333333
INFO:root:elite fitness: 0.7652933333333334
INFO:root:Generation: 134
INFO:root:pop fitness: 0.6441266666666666
INFO:root:elite fitness: 0.74548
INFO:root:Generation: 150
INFO:root:pop fitness: 0.6696733333333333
INFO:root:elite fitness: 0.7498133333333333
INFO:root:Generation: 135
INFO:root:pop fitness: 0.6527333333333333
INFO:root:elite fitness: 0.7397733333333333
INFO:root:Generation: 151
INFO:root:pop fitness: 0.6605333333333332
INFO:root:elite fitness: 0.7399466666666666
INFO:root:Generation: 136
INFO:root:pop fitness: 0.6576866666666666
INFO:root:elite fitness: 0.7444400000000001
INFO:root:Generation: 152
INFO:root:pop fitness: 0.6598
INFO:root:elite fitness: 0.7526133333333334
INFO:root:Generation: 137
INFO:root:pop fitness: 0.6407266666666668
INFO:root:elite fitness: 0.7169866666666666
INFO:root:Generation: 153
INFO:root:pop fitness: 0.6665866666666665
INFO:root:elite fitness: 0.7368266666666666
INFO:root:Generation: 138
INFO:root:pop fitness: 0.6476066666666666
INFO:root:elite fitness: 0.7488933333333333
INFO:root:Generation: 154
INFO:root:pop fitness: 0.6770466666666667
INFO:root:elite fitness: 0.75516
INFO:root:Generation: 139
INFO:root:pop fitness: 0.6499266666666667
INFO:root:elite fitness: 0.7484133333333334
INFO:root:Generation: 155
INFO:root:pop fitness: 0.6791666666666667
INFO:root:elite fitness: 0.75528
INFO:root:Generation: 140
INFO:root:pop fitness: 0.6522866666666666
INFO:root:elite fitness: 0.7424933333333334
INFO:root:Generation: 156
INFO:root:pop fitness: 0.6683
INFO:root:elite fitness: 0.7601333333333333
INFO:root:Generation: 141
INFO:root:pop fitness: 0.6406466666666667
INFO:root:elite fitness: 0.7294400000000001
INFO:root:Generation: 157
INFO:root:pop fitness: 0.6844866666666667
INFO:root:elite fitness: 0.76232
INFO:root:Generation: 158
INFO:root:pop fitness: 0.6661933333333333
INFO:root:elite fitness: 0.7443066666666667
INFO:root:Generation: 142
INFO:root:pop fitness: 0.6456600000000001
INFO:root:elite fitness: 0.7410133333333334
INFO:root:Generation: 159
INFO:root:pop fitness: 0.6880733333333333
INFO:root:elite fitness: 0.7616133333333335
INFO:root:Generation: 143
INFO:root:pop fitness: 0.6455866666666666
INFO:root:elite fitness: 0.7372
INFO:root:Generation: 160
INFO:root:pop fitness: 0.6698
INFO:root:elite fitness: 0.7674533333333334
INFO:root:Generation: 144
INFO:root:pop fitness: 0.6522
INFO:root:elite fitness: 0.7266666666666666
INFO:root:Generation: 161
INFO:root:pop fitness: 0.6802333333333334
INFO:root:elite fitness: 0.7693866666666667
INFO:root:Generation: 145
INFO:root:pop fitness: 0.6495133333333333
INFO:root:elite fitness: 0.7445333333333333
INFO:root:Generation: 162
INFO:root:pop fitness: 0.6738733333333332
INFO:root:elite fitness: 0.75628
INFO:root:Generation: 146
INFO:root:pop fitness: 0.64876
INFO:root:elite fitness: 0.7396799999999999
INFO:root:Generation: 163
INFO:root:pop fitness: 0.67922
INFO:root:elite fitness: 0.77132
INFO:root:Generation: 147
INFO:root:pop fitness: 0.6546466666666667
INFO:root:elite fitness: 0.7397466666666668
INFO:root:Generation: 164
INFO:root:pop fitness: 0.6759533333333333
INFO:root:elite fitness: 0.74452
INFO:root:Generation: 148
INFO:root:pop fitness: 0.6562466666666665
INFO:root:elite fitness: 0.7305999999999999
INFO:root:Generation: 165
INFO:root:pop fitness: 0.6642
INFO:root:elite fitness: 0.7420533333333332
INFO:root:Generation: 149
INFO:root:pop fitness: 0.6606866666666668
INFO:root:elite fitness: 0.7410799999999998
INFO:root:Generation: 166
INFO:root:pop fitness: 0.6666266666666667
INFO:root:elite fitness: 0.7472799999999999
INFO:root:Generation: 150
INFO:root:pop fitness: 0.6520666666666667
INFO:root:elite fitness: 0.7351333333333333
INFO:root:Generation: 167
INFO:root:pop fitness: 0.6814866666666668
INFO:root:elite fitness: 0.7726666666666667
INFO:root:Generation: 151
INFO:root:pop fitness: 0.6671333333333334
INFO:root:elite fitness: 0.7608533333333334
INFO:root:Generation: 168
INFO:root:pop fitness: 0.6633800000000001
INFO:root:elite fitness: 0.7484000000000001
INFO:root:Generation: 152
INFO:root:pop fitness: 0.6525266666666666
INFO:root:elite fitness: 0.7481066666666667
INFO:root:Generation: 169
INFO:root:pop fitness: 0.6740066666666666
INFO:root:elite fitness: 0.7544533333333334
INFO:root:Generation: 153
INFO:root:pop fitness: 0.6481933333333333
INFO:root:elite fitness: 0.7288399999999999
INFO:root:Generation: 170
INFO:root:pop fitness: 0.6850266666666666
INFO:root:elite fitness: 0.7580533333333332
INFO:root:Generation: 154
INFO:root:pop fitness: 0.6439133333333332
INFO:root:elite fitness: 0.7278933333333333
INFO:root:Generation: 171
INFO:root:pop fitness: 0.6714533333333332
INFO:root:elite fitness: 0.7409333333333332
INFO:root:Generation: 172
INFO:root:pop fitness: 0.67242
INFO:root:elite fitness: 0.7556933333333334
INFO:root:Generation: 155
INFO:root:pop fitness: 0.6500466666666667
INFO:root:elite fitness: 0.73672
INFO:root:Generation: 173
INFO:root:pop fitness: 0.6637866666666667
INFO:root:elite fitness: 0.7575066666666667
INFO:root:Generation: 156
INFO:root:pop fitness: 0.6596533333333334
INFO:root:elite fitness: 0.7565333333333334
INFO:root:Generation: 174
INFO:root:pop fitness: 0.6793399999999999
INFO:root:elite fitness: 0.7609600000000001
INFO:root:Generation: 157
INFO:root:pop fitness: 0.6590533333333334
INFO:root:elite fitness: 0.7501866666666666
INFO:root:Generation: 175
INFO:root:pop fitness: 0.6698733333333333
INFO:root:elite fitness: 0.74772
INFO:root:Generation: 158
INFO:root:pop fitness: 0.6460933333333333
INFO:root:elite fitness: 0.7376933333333334
INFO:root:Generation: 176
INFO:root:pop fitness: 0.6742
INFO:root:elite fitness: 0.7530266666666667
INFO:root:Generation: 159
INFO:root:pop fitness: 0.6579599999999999
INFO:root:elite fitness: 0.75224
INFO:root:Generation: 177
INFO:root:pop fitness: 0.6706933333333335
INFO:root:elite fitness: 0.7487466666666667
INFO:root:Generation: 160
INFO:root:pop fitness: 0.6499933333333333
INFO:root:elite fitness: 0.7374533333333335
INFO:root:Generation: 178
INFO:root:pop fitness: 0.6809533333333332
INFO:root:elite fitness: 0.7608
INFO:root:Generation: 161
INFO:root:pop fitness: 0.6515266666666667
INFO:root:elite fitness: 0.7410533333333333
INFO:root:Generation: 179
INFO:root:pop fitness: 0.67752
INFO:root:elite fitness: 0.7485733333333333
INFO:root:Generation: 162
INFO:root:pop fitness: 0.6542333333333332
INFO:root:elite fitness: 0.7506133333333332
INFO:root:Generation: 180
INFO:root:pop fitness: 0.6751666666666666
INFO:root:elite fitness: 0.7589999999999999
INFO:root:Generation: 163
INFO:root:pop fitness: 0.6598066666666667
INFO:root:elite fitness: 0.7382666666666666
INFO:root:Generation: 181
INFO:root:pop fitness: 0.6780333333333334
INFO:root:elite fitness: 0.7558266666666666
INFO:root:Generation: 164
INFO:root:pop fitness: 0.6502933333333332
INFO:root:elite fitness: 0.7330666666666668
INFO:root:Generation: 182
INFO:root:pop fitness: 0.6846333333333334
INFO:root:elite fitness: 0.7597066666666666
INFO:root:Generation: 165
INFO:root:pop fitness: 0.6476000000000001
INFO:root:elite fitness: 0.7282133333333334
INFO:root:Generation: 183
INFO:root:pop fitness: 0.6636
INFO:root:elite fitness: 0.7408666666666667
INFO:root:Generation: 184
INFO:root:pop fitness: 0.6756199999999999
INFO:root:elite fitness: 0.7645733333333333
INFO:root:Generation: 166
INFO:root:pop fitness: 0.6510733333333334
INFO:root:elite fitness: 0.7339066666666666
INFO:root:Generation: 185
INFO:root:pop fitness: 0.6659533333333333
INFO:root:elite fitness: 0.7503599999999999
INFO:root:Generation: 167
INFO:root:pop fitness: 0.6439533333333334
INFO:root:elite fitness: 0.7283466666666666
INFO:root:Generation: 186
INFO:root:pop fitness: 0.6664133333333333
INFO:root:elite fitness: 0.7483066666666667
INFO:root:Generation: 168
INFO:root:pop fitness: 0.6630066666666666
INFO:root:elite fitness: 0.7472933333333333
INFO:root:Generation: 187
INFO:root:pop fitness: 0.6774133333333333
INFO:root:elite fitness: 0.7654933333333334
INFO:root:Generation: 169
INFO:root:pop fitness: 0.6490066666666666
INFO:root:elite fitness: 0.7389866666666668
INFO:root:Generation: 188
INFO:root:pop fitness: 0.6751
INFO:root:elite fitness: 0.7621866666666666
INFO:root:Generation: 170
INFO:root:pop fitness: 0.65936
INFO:root:elite fitness: 0.7534533333333332
INFO:root:Generation: 189
INFO:root:pop fitness: 0.6744999999999999
INFO:root:elite fitness: 0.7586799999999999
INFO:root:Generation: 171
INFO:root:pop fitness: 0.64872
INFO:root:elite fitness: 0.7420266666666667
INFO:root:Generation: 190
INFO:root:pop fitness: 0.6873933333333334
INFO:root:elite fitness: 0.7598266666666667
INFO:root:Generation: 172
INFO:root:pop fitness: 0.6443266666666667
INFO:root:elite fitness: 0.7287066666666666
INFO:root:Generation: 191
INFO:root:pop fitness: 0.6814399999999999
INFO:root:elite fitness: 0.75968
INFO:root:Generation: 173
INFO:root:pop fitness: 0.6570466666666666
INFO:root:elite fitness: 0.74124
INFO:root:Generation: 192
INFO:root:pop fitness: 0.6778733333333332
INFO:root:elite fitness: 0.7609866666666667
INFO:root:Generation: 174
INFO:root:pop fitness: 0.6419
INFO:root:elite fitness: 0.7287333333333333
INFO:root:Generation: 193
INFO:root:pop fitness: 0.6793466666666665
INFO:root:elite fitness: 0.7532800000000002
INFO:root:Generation: 175
INFO:root:pop fitness: 0.64802
INFO:root:elite fitness: 0.7330533333333333
INFO:root:Generation: 194
INFO:root:pop fitness: 0.6700666666666666
INFO:root:elite fitness: 0.7434666666666665
INFO:root:Generation: 176
INFO:root:pop fitness: 0.6496
INFO:root:elite fitness: 0.7281466666666666
INFO:root:Generation: 195
INFO:root:pop fitness: 0.6841400000000001
INFO:root:elite fitness: 0.7641733333333333
INFO:root:Generation: 177
INFO:root:pop fitness: 0.65054
INFO:root:elite fitness: 0.7349466666666666
INFO:root:Generation: 196
INFO:root:pop fitness: 0.6858000000000001
INFO:root:elite fitness: 0.7794933333333334
INFO:root:Generation: 197
INFO:root:pop fitness: 0.6866533333333333
INFO:root:elite fitness: 0.7589733333333333
INFO:root:Generation: 178
INFO:root:pop fitness: 0.6475333333333334
INFO:root:elite fitness: 0.7363333333333333
INFO:root:Generation: 198
INFO:root:pop fitness: 0.6907333333333332
INFO:root:elite fitness: 0.7833733333333331
INFO:root:Generation: 179
INFO:root:pop fitness: 0.6513666666666668
INFO:root:elite fitness: 0.7288933333333333
INFO:root:Generation: 199
INFO:root:pop fitness: 0.69918
INFO:root:elite fitness: 0.7660266666666666
INFO:root:Generation: 180
INFO:root:pop fitness: 0.6516466666666666
INFO:root:elite fitness: 0.7295333333333333
INFO:root:Generation: 181
INFO:root:pop fitness: 0.6539133333333333
INFO:root:elite fitness: 0.7335066666666665
INFO:root:Generation: 182
INFO:root:pop fitness: 0.6542133333333333
INFO:root:elite fitness: 0.7433466666666665
INFO:root:Generation: 183
INFO:root:pop fitness: 0.6483466666666666
INFO:root:elite fitness: 0.732
INFO:root:Generation: 184
INFO:root:pop fitness: 0.6483333333333334
INFO:root:elite fitness: 0.7380400000000001
INFO:root:Generation: 185
INFO:root:pop fitness: 0.65676
INFO:root:elite fitness: 0.7407866666666666
INFO:root:Generation: 186
INFO:root:pop fitness: 0.6576800000000002
INFO:root:elite fitness: 0.7345866666666667
INFO:root:Generation: 187
INFO:root:pop fitness: 0.6422866666666666
INFO:root:elite fitness: 0.72464
INFO:root:Generation: 188
INFO:root:pop fitness: 0.6493133333333334
INFO:root:elite fitness: 0.7324
INFO:root:Generation: 189
INFO:root:pop fitness: 0.6424733333333333
INFO:root:elite fitness: 0.7486533333333333
INFO:root:Generation: 190
INFO:root:pop fitness: 0.66558
INFO:root:elite fitness: 0.7563200000000001
INFO:root:Generation: 191
INFO:root:pop fitness: 0.6741333333333334
INFO:root:elite fitness: 0.7582800000000001
INFO:root:Generation: 192
INFO:root:pop fitness: 0.6607933333333333
INFO:root:elite fitness: 0.7497333333333334
INFO:root:Generation: 193
INFO:root:pop fitness: 0.6639200000000001
INFO:root:elite fitness: 0.7451066666666666
INFO:root:Generation: 194
INFO:root:pop fitness: 0.6525666666666666
INFO:root:elite fitness: 0.74564
INFO:root:Generation: 195
INFO:root:pop fitness: 0.65144
INFO:root:elite fitness: 0.7376666666666666
INFO:root:Generation: 196
INFO:root:pop fitness: 0.66272
INFO:root:elite fitness: 0.7489333333333333
INFO:root:Generation: 197
INFO:root:pop fitness: 0.6569866666666667
INFO:root:elite fitness: 0.7398799999999999
INFO:root:Generation: 198
INFO:root:pop fitness: 0.65196
INFO:root:elite fitness: 0.7311466666666665
INFO:root:Generation: 199
INFO:root:pop fitness: 0.6626933333333334
INFO:root:elite fitness: 0.7520000000000001
