INFO:root:run_master: Namespace(arms='10', hidden='128', layers='1', max_gen='200', message='', mutation_mag='0.01', name='cumulativeRwd', noise=True, pop_size='100', save_result=True, steps='1', trials='100')
INFO:root:run_master: Namespace(arms='10', hidden='128', layers='1', max_gen='200', message='', mutation_mag='0.01', name='cumulativeRwd', noise=False, pop_size='100', save_result=True, steps='1', trials='100')
INFO:root:Generation: 0
INFO:root:pop fitness: 0.50886
INFO:root:elite fitness: 0.5575200000000001
INFO:root:Generation: 0
INFO:root:pop fitness: 0.49906000000000006
INFO:root:elite fitness: 0.5365000000000001
INFO:root:Generation: 1
INFO:root:pop fitness: 0.4998099999999999
INFO:root:elite fitness: 0.54856
INFO:root:Generation: 1
INFO:root:pop fitness: 0.50405
INFO:root:elite fitness: 0.54786
INFO:root:Generation: 2
INFO:root:pop fitness: 0.50925
INFO:root:elite fitness: 0.56076
INFO:root:Generation: 2
INFO:root:pop fitness: 0.5105299999999999
INFO:root:elite fitness: 0.5737000000000001
INFO:root:Generation: 3
INFO:root:pop fitness: 0.49827999999999995
INFO:root:elite fitness: 0.5665399999999999
INFO:root:Generation: 3
INFO:root:pop fitness: 0.51654
INFO:root:elite fitness: 0.58126
INFO:root:Generation: 4
INFO:root:pop fitness: 0.51129
INFO:root:elite fitness: 0.59676
INFO:root:Generation: 4
INFO:root:pop fitness: 0.51437
INFO:root:elite fitness: 0.5916600000000001
INFO:root:Generation: 5
INFO:root:pop fitness: 0.5158
INFO:root:elite fitness: 0.61268
INFO:root:Generation: 5
INFO:root:pop fitness: 0.51827
INFO:root:elite fitness: 0.5908599999999999
INFO:root:Generation: 6
INFO:root:pop fitness: 0.50486
INFO:root:elite fitness: 0.60314
INFO:root:Generation: 6
INFO:root:pop fitness: 0.52522
INFO:root:elite fitness: 0.60836
INFO:root:Generation: 7
INFO:root:pop fitness: 0.5202600000000001
INFO:root:elite fitness: 0.60728
INFO:root:Generation: 7
INFO:root:pop fitness: 0.5092
INFO:root:elite fitness: 0.6099
INFO:root:Generation: 8
INFO:root:pop fitness: 0.53487
INFO:root:elite fitness: 0.6177799999999999
INFO:root:Generation: 8
INFO:root:pop fitness: 0.54035
INFO:root:elite fitness: 0.6419400000000001
INFO:root:Generation: 9
INFO:root:pop fitness: 0.52921
INFO:root:elite fitness: 0.6293
INFO:root:Generation: 9
INFO:root:pop fitness: 0.5443300000000001
INFO:root:elite fitness: 0.6268
INFO:root:Generation: 10
INFO:root:pop fitness: 0.53036
INFO:root:elite fitness: 0.6339
INFO:root:Generation: 10
INFO:root:pop fitness: 0.53058
INFO:root:elite fitness: 0.6494199999999999
INFO:root:Generation: 11
INFO:root:pop fitness: 0.54208
INFO:root:elite fitness: 0.63058
INFO:root:Generation: 11
INFO:root:pop fitness: 0.5475599999999999
INFO:root:elite fitness: 0.64908
INFO:root:Generation: 12
INFO:root:pop fitness: 0.5445800000000001
INFO:root:elite fitness: 0.65006
INFO:root:Generation: 12
INFO:root:pop fitness: 0.54266
INFO:root:elite fitness: 0.6361399999999999
INFO:root:Generation: 13
INFO:root:pop fitness: 0.54783
INFO:root:elite fitness: 0.66256
INFO:root:Generation: 14
INFO:root:pop fitness: 0.54954
INFO:root:elite fitness: 0.6558999999999999
INFO:root:Generation: 13
INFO:root:pop fitness: 0.5467599999999999
INFO:root:elite fitness: 0.6438600000000001
INFO:root:Generation: 14
INFO:root:pop fitness: 0.54403
INFO:root:elite fitness: 0.65704
INFO:root:Generation: 15
INFO:root:pop fitness: 0.56121
INFO:root:elite fitness: 0.64546
INFO:root:Generation: 15
INFO:root:pop fitness: 0.58089
INFO:root:elite fitness: 0.6813400000000001
INFO:root:Generation: 16
INFO:root:pop fitness: 0.5573199999999999
INFO:root:elite fitness: 0.6709400000000001
INFO:root:Generation: 17
INFO:root:pop fitness: 0.5608099999999999
INFO:root:elite fitness: 0.6787800000000002
INFO:root:Generation: 16
INFO:root:pop fitness: 0.5527700000000001
INFO:root:elite fitness: 0.67598
INFO:root:Generation: 18
INFO:root:pop fitness: 0.55522
INFO:root:elite fitness: 0.6715200000000001
INFO:root:Generation: 17
INFO:root:pop fitness: 0.57071
INFO:root:elite fitness: 0.6652600000000001
INFO:root:Generation: 19
INFO:root:pop fitness: 0.56588
INFO:root:elite fitness: 0.65802
INFO:root:Generation: 18
INFO:root:pop fitness: 0.5772399999999999
INFO:root:elite fitness: 0.6825200000000001
INFO:root:Generation: 20
INFO:root:pop fitness: 0.58605
INFO:root:elite fitness: 0.6855
INFO:root:Generation: 19
INFO:root:pop fitness: 0.56096
INFO:root:elite fitness: 0.6561199999999999
INFO:root:Generation: 21
INFO:root:pop fitness: 0.5670299999999999
INFO:root:elite fitness: 0.6727000000000001
INFO:root:Generation: 20
INFO:root:pop fitness: 0.5645
INFO:root:elite fitness: 0.6557199999999999
INFO:root:Generation: 22
INFO:root:pop fitness: 0.56907
INFO:root:elite fitness: 0.67756
INFO:root:Generation: 21
INFO:root:pop fitness: 0.56483
INFO:root:elite fitness: 0.65032
INFO:root:Generation: 23
INFO:root:pop fitness: 0.5755199999999999
INFO:root:elite fitness: 0.66062
INFO:root:Generation: 22
INFO:root:pop fitness: 0.56922
INFO:root:elite fitness: 0.69836
INFO:root:Generation: 24
INFO:root:pop fitness: 0.57401
INFO:root:elite fitness: 0.67396
INFO:root:Generation: 23
INFO:root:pop fitness: 0.60371
INFO:root:elite fitness: 0.6860200000000001
INFO:root:Generation: 25
INFO:root:pop fitness: 0.57404
INFO:root:elite fitness: 0.66534
INFO:root:Generation: 24
INFO:root:pop fitness: 0.5695899999999999
INFO:root:elite fitness: 0.6706400000000001
INFO:root:Generation: 26
INFO:root:pop fitness: 0.57468
INFO:root:elite fitness: 0.69604
INFO:root:Generation: 27
INFO:root:pop fitness: 0.58338
INFO:root:elite fitness: 0.66752
INFO:root:Generation: 25
INFO:root:pop fitness: 0.58481
INFO:root:elite fitness: 0.69686
INFO:root:Generation: 28
INFO:root:pop fitness: 0.5802100000000001
INFO:root:elite fitness: 0.67526
INFO:root:Generation: 26
INFO:root:pop fitness: 0.57753
INFO:root:elite fitness: 0.69084
INFO:root:Generation: 29
INFO:root:pop fitness: 0.6007699999999999
INFO:root:elite fitness: 0.71388
INFO:root:Generation: 27
INFO:root:pop fitness: 0.5743600000000001
INFO:root:elite fitness: 0.6735400000000001
INFO:root:Generation: 30
INFO:root:pop fitness: 0.58049
INFO:root:elite fitness: 0.6860200000000001
INFO:root:Generation: 28
INFO:root:pop fitness: 0.5896300000000001
INFO:root:elite fitness: 0.6805800000000001
INFO:root:Generation: 31
INFO:root:pop fitness: 0.5744199999999999
INFO:root:elite fitness: 0.6813400000000001
INFO:root:Generation: 29
INFO:root:pop fitness: 0.5918399999999999
INFO:root:elite fitness: 0.6867399999999999
INFO:root:Generation: 32
INFO:root:pop fitness: 0.61822
INFO:root:elite fitness: 0.7193800000000001
INFO:root:Generation: 30
INFO:root:pop fitness: 0.5835999999999999
INFO:root:elite fitness: 0.6912600000000001
INFO:root:Generation: 33
INFO:root:pop fitness: 0.59089
INFO:root:elite fitness: 0.7357600000000001
INFO:root:Generation: 31
INFO:root:pop fitness: 0.5855700000000001
INFO:root:elite fitness: 0.7192599999999999
INFO:root:Generation: 34
INFO:root:pop fitness: 0.5972
INFO:root:elite fitness: 0.6936
INFO:root:Generation: 32
INFO:root:pop fitness: 0.58518
INFO:root:elite fitness: 0.70884
INFO:root:Generation: 35
INFO:root:pop fitness: 0.5933400000000001
INFO:root:elite fitness: 0.68622
INFO:root:Generation: 33
INFO:root:pop fitness: 0.6001299999999999
INFO:root:elite fitness: 0.7017000000000002
INFO:root:Generation: 36
INFO:root:pop fitness: 0.5892600000000001
INFO:root:elite fitness: 0.7028399999999999
INFO:root:Generation: 34
INFO:root:pop fitness: 0.5977600000000001
INFO:root:elite fitness: 0.7182999999999999
INFO:root:Generation: 37
INFO:root:pop fitness: 0.58184
INFO:root:elite fitness: 0.6804400000000002
INFO:root:Generation: 35
INFO:root:pop fitness: 0.5966999999999999
INFO:root:elite fitness: 0.6871600000000001
INFO:root:Generation: 38
INFO:root:pop fitness: 0.6012299999999998
INFO:root:elite fitness: 0.6796599999999999
INFO:root:Generation: 36
INFO:root:pop fitness: 0.61753
INFO:root:elite fitness: 0.72716
INFO:root:Generation: 39
INFO:root:pop fitness: 0.5853299999999999
INFO:root:elite fitness: 0.6716799999999999
INFO:root:Generation: 37
INFO:root:pop fitness: 0.61917
INFO:root:elite fitness: 0.71702
INFO:root:Generation: 40
INFO:root:pop fitness: 0.5991000000000001
INFO:root:elite fitness: 0.70404
INFO:root:Generation: 41
INFO:root:pop fitness: 0.59552
INFO:root:elite fitness: 0.7138599999999999
INFO:root:Generation: 38
INFO:root:pop fitness: 0.6043
INFO:root:elite fitness: 0.7043200000000001
INFO:root:Generation: 42
INFO:root:pop fitness: 0.59011
INFO:root:elite fitness: 0.6937399999999999
INFO:root:Generation: 39
INFO:root:pop fitness: 0.6204
INFO:root:elite fitness: 0.71068
INFO:root:Generation: 43
INFO:root:pop fitness: 0.5856899999999999
INFO:root:elite fitness: 0.6894800000000001
INFO:root:Generation: 40
INFO:root:pop fitness: 0.6187
INFO:root:elite fitness: 0.7106600000000001
INFO:root:Generation: 44
INFO:root:pop fitness: 0.6098199999999999
INFO:root:elite fitness: 0.7086
INFO:root:Generation: 41
INFO:root:pop fitness: 0.6035
INFO:root:elite fitness: 0.69672
INFO:root:Generation: 45
INFO:root:pop fitness: 0.5986100000000001
INFO:root:elite fitness: 0.6909399999999999
INFO:root:Generation: 42
INFO:root:pop fitness: 0.6183400000000001
INFO:root:elite fitness: 0.7102999999999998
INFO:root:Generation: 46
INFO:root:pop fitness: 0.6174
INFO:root:elite fitness: 0.7207000000000001
INFO:root:Generation: 43
INFO:root:pop fitness: 0.6158800000000001
INFO:root:elite fitness: 0.7045600000000001
INFO:root:Generation: 47
INFO:root:pop fitness: 0.61255
INFO:root:elite fitness: 0.7166599999999999
INFO:root:Generation: 44
INFO:root:pop fitness: 0.6003799999999999
INFO:root:elite fitness: 0.69688
INFO:root:Generation: 48
INFO:root:pop fitness: 0.63044
INFO:root:elite fitness: 0.7193400000000001
INFO:root:Generation: 45
INFO:root:pop fitness: 0.61876
INFO:root:elite fitness: 0.70648
INFO:root:Generation: 49
INFO:root:pop fitness: 0.61651
INFO:root:elite fitness: 0.7228999999999999
INFO:root:Generation: 46
INFO:root:pop fitness: 0.6203
INFO:root:elite fitness: 0.7208199999999999
INFO:root:Generation: 50
INFO:root:pop fitness: 0.6158800000000001
INFO:root:elite fitness: 0.7027599999999999
INFO:root:Generation: 47
INFO:root:pop fitness: 0.61632
INFO:root:elite fitness: 0.7074600000000001
INFO:root:Generation: 51
INFO:root:pop fitness: 0.6321800000000001
INFO:root:elite fitness: 0.72722
INFO:root:Generation: 48
INFO:root:pop fitness: 0.61086
INFO:root:elite fitness: 0.71048
INFO:root:Generation: 52
INFO:root:pop fitness: 0.63804
INFO:root:elite fitness: 0.73216
INFO:root:Generation: 49
INFO:root:pop fitness: 0.61924
INFO:root:elite fitness: 0.7223200000000002
INFO:root:Generation: 53
INFO:root:pop fitness: 0.6357299999999999
INFO:root:elite fitness: 0.7269599999999999
INFO:root:Generation: 54
INFO:root:pop fitness: 0.62018
INFO:root:elite fitness: 0.7114999999999999
INFO:root:Generation: 50
INFO:root:pop fitness: 0.6406499999999999
INFO:root:elite fitness: 0.7311000000000001
INFO:root:Generation: 55
INFO:root:pop fitness: 0.63615
INFO:root:elite fitness: 0.7260599999999999
INFO:root:Generation: 51
INFO:root:pop fitness: 0.63775
INFO:root:elite fitness: 0.7293999999999999
INFO:root:Generation: 56
INFO:root:pop fitness: 0.6368
INFO:root:elite fitness: 0.7267600000000002
INFO:root:Generation: 52
INFO:root:pop fitness: 0.64058
INFO:root:elite fitness: 0.7385199999999998
INFO:root:Generation: 57
INFO:root:pop fitness: 0.61429
INFO:root:elite fitness: 0.70666
INFO:root:Generation: 53
INFO:root:pop fitness: 0.62881
INFO:root:elite fitness: 0.7290599999999999
INFO:root:Generation: 58
INFO:root:pop fitness: 0.63469
INFO:root:elite fitness: 0.7127599999999998
INFO:root:Generation: 54
INFO:root:pop fitness: 0.6354699999999999
INFO:root:elite fitness: 0.7080799999999999
INFO:root:Generation: 59
INFO:root:pop fitness: 0.6315299999999999
INFO:root:elite fitness: 0.73008
INFO:root:Generation: 55
INFO:root:pop fitness: 0.6229300000000001
INFO:root:elite fitness: 0.7266199999999999
INFO:root:Generation: 60
INFO:root:pop fitness: 0.6297200000000001
INFO:root:elite fitness: 0.7245400000000001
INFO:root:Generation: 56
INFO:root:pop fitness: 0.6329
INFO:root:elite fitness: 0.7326799999999999
INFO:root:Generation: 61
INFO:root:pop fitness: 0.6206499999999999
INFO:root:elite fitness: 0.7023999999999999
INFO:root:Generation: 57
INFO:root:pop fitness: 0.63812
INFO:root:elite fitness: 0.73588
INFO:root:Generation: 62
INFO:root:pop fitness: 0.6297999999999999
INFO:root:elite fitness: 0.7211799999999999
INFO:root:Generation: 63
INFO:root:pop fitness: 0.6320100000000001
INFO:root:elite fitness: 0.7351599999999999
INFO:root:Generation: 58
INFO:root:pop fitness: 0.6502700000000001
INFO:root:elite fitness: 0.7290799999999998
INFO:root:Generation: 64
INFO:root:pop fitness: 0.6346500000000002
INFO:root:elite fitness: 0.74862
INFO:root:Generation: 59
INFO:root:pop fitness: 0.62977
INFO:root:elite fitness: 0.7205199999999999
INFO:root:Generation: 65
INFO:root:pop fitness: 0.62192
INFO:root:elite fitness: 0.69432
INFO:root:Generation: 60
INFO:root:pop fitness: 0.6217900000000001
INFO:root:elite fitness: 0.69876
INFO:root:Generation: 66
INFO:root:pop fitness: 0.63054
INFO:root:elite fitness: 0.71306
INFO:root:Generation: 61
INFO:root:pop fitness: 0.65241
INFO:root:elite fitness: 0.7579
INFO:root:Generation: 67
INFO:root:pop fitness: 0.62817
INFO:root:elite fitness: 0.71726
INFO:root:Generation: 62
INFO:root:pop fitness: 0.64296
INFO:root:elite fitness: 0.71746
INFO:root:Generation: 68
INFO:root:pop fitness: 0.6280199999999999
INFO:root:elite fitness: 0.7104
INFO:root:Generation: 63
INFO:root:pop fitness: 0.63318
INFO:root:elite fitness: 0.73842
INFO:root:Generation: 69
INFO:root:pop fitness: 0.62274
INFO:root:elite fitness: 0.71226
INFO:root:Generation: 64
INFO:root:pop fitness: 0.64387
INFO:root:elite fitness: 0.7235799999999999
INFO:root:Generation: 70
INFO:root:pop fitness: 0.63095
INFO:root:elite fitness: 0.7284
INFO:root:Generation: 65
INFO:root:pop fitness: 0.63799
INFO:root:elite fitness: 0.74114
INFO:root:Generation: 71
INFO:root:pop fitness: 0.6342200000000001
INFO:root:elite fitness: 0.7078800000000001
INFO:root:Generation: 66
INFO:root:pop fitness: 0.6307
INFO:root:elite fitness: 0.7221799999999999
INFO:root:Generation: 72
INFO:root:pop fitness: 0.63639
INFO:root:elite fitness: 0.72418
INFO:root:Generation: 73
INFO:root:pop fitness: 0.6447300000000001
INFO:root:elite fitness: 0.7510600000000001
INFO:root:Generation: 67
INFO:root:pop fitness: 0.6336799999999999
INFO:root:elite fitness: 0.7370399999999999
INFO:root:Generation: 74
INFO:root:pop fitness: 0.6520999999999999
INFO:root:elite fitness: 0.7443
INFO:root:Generation: 68
INFO:root:pop fitness: 0.6499499999999999
INFO:root:elite fitness: 0.7278
INFO:root:Generation: 75
INFO:root:pop fitness: 0.64055
INFO:root:elite fitness: 0.7269200000000001
INFO:root:Generation: 69
INFO:root:pop fitness: 0.63656
INFO:root:elite fitness: 0.73056
INFO:root:Generation: 76
INFO:root:pop fitness: 0.6415700000000001
INFO:root:elite fitness: 0.7297199999999999
INFO:root:Generation: 70
INFO:root:pop fitness: 0.6505799999999999
INFO:root:elite fitness: 0.7457600000000001
INFO:root:Generation: 77
INFO:root:pop fitness: 0.6297199999999998
INFO:root:elite fitness: 0.7153200000000001
INFO:root:Generation: 71
INFO:root:pop fitness: 0.64569
INFO:root:elite fitness: 0.7324
INFO:root:Generation: 78
INFO:root:pop fitness: 0.63873
INFO:root:elite fitness: 0.7213200000000001
INFO:root:Generation: 72
INFO:root:pop fitness: 0.6443099999999999
INFO:root:elite fitness: 0.7503399999999999
INFO:root:Generation: 79
INFO:root:pop fitness: 0.6346800000000001
INFO:root:elite fitness: 0.7294200000000001
INFO:root:Generation: 73
INFO:root:pop fitness: 0.6585599999999999
INFO:root:elite fitness: 0.7531599999999998
INFO:root:Generation: 80
INFO:root:pop fitness: 0.64693
INFO:root:elite fitness: 0.7329800000000002
INFO:root:Generation: 74
INFO:root:pop fitness: 0.66152
INFO:root:elite fitness: 0.7487999999999999
INFO:root:Generation: 81
INFO:root:pop fitness: 0.65681
INFO:root:elite fitness: 0.7520600000000001
INFO:root:Generation: 75
INFO:root:pop fitness: 0.65947
INFO:root:elite fitness: 0.74638
INFO:root:Generation: 82
INFO:root:pop fitness: 0.6454900000000001
INFO:root:elite fitness: 0.7365400000000001
INFO:root:Generation: 76
INFO:root:pop fitness: 0.65941
INFO:root:elite fitness: 0.73638
INFO:root:Generation: 83
INFO:root:pop fitness: 0.6518100000000001
INFO:root:elite fitness: 0.7409000000000002
INFO:root:Generation: 77
INFO:root:pop fitness: 0.6553600000000002
INFO:root:elite fitness: 0.75216
INFO:root:Generation: 84
INFO:root:pop fitness: 0.67215
INFO:root:elite fitness: 0.75858
INFO:root:Generation: 78
INFO:root:pop fitness: 0.65634
INFO:root:elite fitness: 0.74208
INFO:root:Generation: 85
INFO:root:pop fitness: 0.6483
INFO:root:elite fitness: 0.7379399999999999
INFO:root:Generation: 79
INFO:root:pop fitness: 0.6665000000000001
INFO:root:elite fitness: 0.7580800000000001
INFO:root:Generation: 86
INFO:root:pop fitness: 0.6536
INFO:root:elite fitness: 0.7339
INFO:root:Generation: 87
INFO:root:pop fitness: 0.65177
INFO:root:elite fitness: 0.7517000000000001
INFO:root:Generation: 80
INFO:root:pop fitness: 0.6576899999999999
INFO:root:elite fitness: 0.72884
INFO:root:Generation: 88
INFO:root:pop fitness: 0.6496999999999999
INFO:root:elite fitness: 0.7500799999999999
INFO:root:Generation: 81
INFO:root:pop fitness: 0.6518200000000001
INFO:root:elite fitness: 0.7533000000000001
INFO:root:Generation: 89
INFO:root:pop fitness: 0.66998
INFO:root:elite fitness: 0.7634599999999999
INFO:root:Generation: 82
INFO:root:pop fitness: 0.6630099999999999
INFO:root:elite fitness: 0.73866
INFO:root:Generation: 90
INFO:root:pop fitness: 0.6561
INFO:root:elite fitness: 0.7565999999999999
INFO:root:Generation: 83
INFO:root:pop fitness: 0.6497899999999999
INFO:root:elite fitness: 0.7391000000000001
INFO:root:Generation: 91
INFO:root:pop fitness: 0.6533599999999998
INFO:root:elite fitness: 0.75044
INFO:root:Generation: 84
INFO:root:pop fitness: 0.65909
INFO:root:elite fitness: 0.7435999999999998
INFO:root:Generation: 92
INFO:root:pop fitness: 0.6747499999999998
INFO:root:elite fitness: 0.75264
INFO:root:Generation: 85
INFO:root:pop fitness: 0.6500099999999999
INFO:root:elite fitness: 0.72218
INFO:root:Generation: 93
INFO:root:pop fitness: 0.6840400000000001
INFO:root:elite fitness: 0.76004
INFO:root:Generation: 86
INFO:root:pop fitness: 0.6402599999999999
INFO:root:elite fitness: 0.7389399999999999
INFO:root:Generation: 94
INFO:root:pop fitness: 0.65774
INFO:root:elite fitness: 0.7696600000000001
INFO:root:Generation: 95
INFO:root:pop fitness: 0.67345
INFO:root:elite fitness: 0.7554
INFO:root:Generation: 87
INFO:root:pop fitness: 0.64461
INFO:root:elite fitness: 0.7292000000000001
INFO:root:Generation: 96
INFO:root:pop fitness: 0.6930100000000001
INFO:root:elite fitness: 0.7875
INFO:root:Generation: 88
INFO:root:pop fitness: 0.68506
INFO:root:elite fitness: 0.7659199999999999
INFO:root:Generation: 97
INFO:root:pop fitness: 0.6871700000000002
INFO:root:elite fitness: 0.7738799999999999
INFO:root:Generation: 89
INFO:root:pop fitness: 0.65916
INFO:root:elite fitness: 0.7424199999999999
INFO:root:Generation: 98
INFO:root:pop fitness: 0.68092
INFO:root:elite fitness: 0.765
INFO:root:Generation: 90
INFO:root:pop fitness: 0.66014
INFO:root:elite fitness: 0.74946
INFO:root:Generation: 99
INFO:root:pop fitness: 0.68291
INFO:root:elite fitness: 0.75928
INFO:root:Generation: 91
INFO:root:pop fitness: 0.6494000000000001
INFO:root:elite fitness: 0.74222
INFO:root:Generation: 100
INFO:root:pop fitness: 0.6624400000000001
INFO:root:elite fitness: 0.7680400000000001
INFO:root:Generation: 92
INFO:root:pop fitness: 0.6545599999999999
INFO:root:elite fitness: 0.74528
INFO:root:Generation: 101
INFO:root:pop fitness: 0.6651200000000002
INFO:root:elite fitness: 0.7382599999999999
INFO:root:Generation: 93
INFO:root:pop fitness: 0.64278
INFO:root:elite fitness: 0.7219000000000001
INFO:root:Generation: 102
INFO:root:pop fitness: 0.67241
INFO:root:elite fitness: 0.75068
INFO:root:Generation: 94
INFO:root:pop fitness: 0.6440600000000001
INFO:root:elite fitness: 0.7487999999999999
INFO:root:Generation: 103
INFO:root:pop fitness: 0.66461
INFO:root:elite fitness: 0.7384400000000001
INFO:root:Generation: 95
INFO:root:pop fitness: 0.66026
INFO:root:elite fitness: 0.7479199999999999
INFO:root:Generation: 104
INFO:root:pop fitness: 0.6809700000000002
INFO:root:elite fitness: 0.77346
INFO:root:Generation: 105
INFO:root:pop fitness: 0.66419
INFO:root:elite fitness: 0.737
INFO:root:Generation: 96
INFO:root:pop fitness: 0.6656800000000002
INFO:root:elite fitness: 0.7636799999999999
INFO:root:Generation: 106
INFO:root:pop fitness: 0.65705
INFO:root:elite fitness: 0.7438799999999999
INFO:root:Generation: 97
INFO:root:pop fitness: 0.66565
INFO:root:elite fitness: 0.7568999999999998
INFO:root:Generation: 107
INFO:root:pop fitness: 0.6521400000000002
INFO:root:elite fitness: 0.7571800000000001
INFO:root:Generation: 98
INFO:root:pop fitness: 0.6674599999999999
INFO:root:elite fitness: 0.7574799999999999
INFO:root:Generation: 108
INFO:root:pop fitness: 0.67065
INFO:root:elite fitness: 0.7636799999999999
INFO:root:Generation: 99
INFO:root:pop fitness: 0.65888
INFO:root:elite fitness: 0.7494000000000001
INFO:root:Generation: 109
INFO:root:pop fitness: 0.6730799999999999
INFO:root:elite fitness: 0.7568199999999998
INFO:root:Generation: 100
INFO:root:pop fitness: 0.66388
INFO:root:elite fitness: 0.7565599999999999
INFO:root:Generation: 110
INFO:root:pop fitness: 0.66458
INFO:root:elite fitness: 0.7469000000000001
INFO:root:Generation: 101
INFO:root:pop fitness: 0.66291
INFO:root:elite fitness: 0.76372
INFO:root:Generation: 111
INFO:root:pop fitness: 0.65937
INFO:root:elite fitness: 0.75204
INFO:root:Generation: 102
INFO:root:pop fitness: 0.6469799999999999
INFO:root:elite fitness: 0.7308199999999998
INFO:root:Generation: 112
INFO:root:pop fitness: 0.6699599999999998
INFO:root:elite fitness: 0.7715000000000001
INFO:root:Generation: 103
INFO:root:pop fitness: 0.6478599999999999
INFO:root:elite fitness: 0.7359799999999999
INFO:root:Generation: 113
INFO:root:pop fitness: 0.6642800000000001
INFO:root:elite fitness: 0.7370599999999999
INFO:root:Generation: 104
INFO:root:pop fitness: 0.65566
INFO:root:elite fitness: 0.7270400000000001
INFO:root:Generation: 114
INFO:root:pop fitness: 0.6623500000000001
INFO:root:elite fitness: 0.73786
INFO:root:Generation: 115
INFO:root:pop fitness: 0.66853
INFO:root:elite fitness: 0.74012
INFO:root:Generation: 105
INFO:root:pop fitness: 0.6501899999999999
INFO:root:elite fitness: 0.7339199999999999
INFO:root:Generation: 116
INFO:root:pop fitness: 0.65287
INFO:root:elite fitness: 0.7549199999999999
INFO:root:Generation: 106
INFO:root:pop fitness: 0.62982
INFO:root:elite fitness: 0.7131799999999999
INFO:root:Generation: 117
INFO:root:pop fitness: 0.66592
INFO:root:elite fitness: 0.7619400000000001
INFO:root:Generation: 107
INFO:root:pop fitness: 0.6438600000000001
INFO:root:elite fitness: 0.74006
INFO:root:Generation: 118
INFO:root:pop fitness: 0.66649
INFO:root:elite fitness: 0.74102
INFO:root:Generation: 108
INFO:root:pop fitness: 0.65634
INFO:root:elite fitness: 0.7424599999999999
INFO:root:Generation: 119
INFO:root:pop fitness: 0.67488
INFO:root:elite fitness: 0.7556400000000001
INFO:root:Generation: 109
INFO:root:pop fitness: 0.65502
INFO:root:elite fitness: 0.7580199999999999
INFO:root:Generation: 120
INFO:root:pop fitness: 0.6708
INFO:root:elite fitness: 0.74362
INFO:root:Generation: 110
INFO:root:pop fitness: 0.65892
INFO:root:elite fitness: 0.7540799999999999
INFO:root:Generation: 121
INFO:root:pop fitness: 0.6642600000000001
INFO:root:elite fitness: 0.74582
INFO:root:Generation: 111
INFO:root:pop fitness: 0.66365
INFO:root:elite fitness: 0.7422399999999999
INFO:root:Generation: 122
INFO:root:pop fitness: 0.6585099999999998
INFO:root:elite fitness: 0.73836
INFO:root:Generation: 123
INFO:root:pop fitness: 0.6503999999999999
INFO:root:elite fitness: 0.7410199999999999
INFO:root:Generation: 112
INFO:root:pop fitness: 0.65747
INFO:root:elite fitness: 0.7404799999999999
INFO:root:Generation: 124
INFO:root:pop fitness: 0.6528499999999999
INFO:root:elite fitness: 0.7366000000000001
INFO:root:Generation: 113
INFO:root:pop fitness: 0.65898
INFO:root:elite fitness: 0.7588400000000002
INFO:root:Generation: 125
INFO:root:pop fitness: 0.66661
INFO:root:elite fitness: 0.7472200000000001
INFO:root:Generation: 114
INFO:root:pop fitness: 0.64441
INFO:root:elite fitness: 0.7297399999999999
INFO:root:Generation: 126
INFO:root:pop fitness: 0.6675
INFO:root:elite fitness: 0.75378
INFO:root:Generation: 115
INFO:root:pop fitness: 0.6450599999999999
INFO:root:elite fitness: 0.7323200000000001
INFO:root:Generation: 127
INFO:root:pop fitness: 0.6745099999999999
INFO:root:elite fitness: 0.7730400000000001
INFO:root:Generation: 116
INFO:root:pop fitness: 0.64469
INFO:root:elite fitness: 0.7330999999999999
INFO:root:Generation: 128
INFO:root:pop fitness: 0.66913
INFO:root:elite fitness: 0.7629
INFO:root:Generation: 117
INFO:root:pop fitness: 0.64522
INFO:root:elite fitness: 0.7467000000000001
INFO:root:Generation: 129
INFO:root:pop fitness: 0.6752999999999997
INFO:root:elite fitness: 0.7596
INFO:root:Generation: 118
INFO:root:pop fitness: 0.64114
INFO:root:elite fitness: 0.72808
INFO:root:Generation: 130
INFO:root:pop fitness: 0.6749500000000002
INFO:root:elite fitness: 0.76312
INFO:root:Generation: 119
INFO:root:pop fitness: 0.6627900000000001
INFO:root:elite fitness: 0.7330399999999999
INFO:root:Generation: 131
INFO:root:pop fitness: 0.6652
INFO:root:elite fitness: 0.75692
INFO:root:Generation: 120
INFO:root:pop fitness: 0.64274
INFO:root:elite fitness: 0.72688
INFO:root:Generation: 132
INFO:root:pop fitness: 0.6789000000000001
INFO:root:elite fitness: 0.7586799999999999
INFO:root:Generation: 133
INFO:root:pop fitness: 0.67384
INFO:root:elite fitness: 0.7458400000000001
INFO:root:Generation: 121
INFO:root:pop fitness: 0.6729
INFO:root:elite fitness: 0.7630999999999999
INFO:root:Generation: 134
INFO:root:pop fitness: 0.67051
INFO:root:elite fitness: 0.74556
INFO:root:Generation: 122
INFO:root:pop fitness: 0.6427299999999999
INFO:root:elite fitness: 0.73332
INFO:root:Generation: 135
INFO:root:pop fitness: 0.6624200000000002
INFO:root:elite fitness: 0.7413599999999999
INFO:root:Generation: 123
INFO:root:pop fitness: 0.65204
INFO:root:elite fitness: 0.7296600000000001
INFO:root:Generation: 136
INFO:root:pop fitness: 0.6576000000000001
INFO:root:elite fitness: 0.7339999999999999
INFO:root:Generation: 124
INFO:root:pop fitness: 0.6504499999999999
INFO:root:elite fitness: 0.7436400000000001
INFO:root:Generation: 137
INFO:root:pop fitness: 0.65601
INFO:root:elite fitness: 0.7457599999999998
INFO:root:Generation: 125
INFO:root:pop fitness: 0.66769
INFO:root:elite fitness: 0.7591000000000001
INFO:root:Generation: 138
INFO:root:pop fitness: 0.66938
INFO:root:elite fitness: 0.7553799999999999
INFO:root:Generation: 126
INFO:root:pop fitness: 0.6502499999999999
INFO:root:elite fitness: 0.7361
INFO:root:Generation: 139
INFO:root:pop fitness: 0.6698999999999999
INFO:root:elite fitness: 0.7496200000000001
INFO:root:Generation: 127
INFO:root:pop fitness: 0.64762
INFO:root:elite fitness: 0.7426599999999999
INFO:root:Generation: 140
INFO:root:pop fitness: 0.67487
INFO:root:elite fitness: 0.7551000000000001
INFO:root:Generation: 128
INFO:root:pop fitness: 0.6598199999999999
INFO:root:elite fitness: 0.7519199999999999
INFO:root:Generation: 141
INFO:root:pop fitness: 0.6672199999999998
INFO:root:elite fitness: 0.7603399999999999
INFO:root:Generation: 129
INFO:root:pop fitness: 0.6738399999999999
INFO:root:elite fitness: 0.7646999999999999
INFO:root:Generation: 142
INFO:root:pop fitness: 0.68029
INFO:root:elite fitness: 0.7546600000000001
INFO:root:Generation: 130
INFO:root:pop fitness: 0.6474599999999999
INFO:root:elite fitness: 0.73942
INFO:root:Generation: 143
INFO:root:pop fitness: 0.6798099999999999
INFO:root:elite fitness: 0.7606
INFO:root:Generation: 144
INFO:root:pop fitness: 0.6779599999999998
INFO:root:elite fitness: 0.75784
INFO:root:Generation: 131
INFO:root:pop fitness: 0.6347400000000001
INFO:root:elite fitness: 0.7278600000000002
INFO:root:Generation: 145
INFO:root:pop fitness: 0.66559
INFO:root:elite fitness: 0.7597199999999998
INFO:root:Generation: 132
INFO:root:pop fitness: 0.65022
INFO:root:elite fitness: 0.7424000000000001
INFO:root:Generation: 146
INFO:root:pop fitness: 0.6644599999999999
INFO:root:elite fitness: 0.7413000000000001
INFO:root:Generation: 133
INFO:root:pop fitness: 0.6418900000000001
INFO:root:elite fitness: 0.72844
INFO:root:Generation: 147
INFO:root:pop fitness: 0.6757199999999998
INFO:root:elite fitness: 0.7487599999999999
INFO:root:Generation: 134
INFO:root:pop fitness: 0.63489
INFO:root:elite fitness: 0.7254600000000001
INFO:root:Generation: 148
INFO:root:pop fitness: 0.6781300000000001
INFO:root:elite fitness: 0.76074
INFO:root:Generation: 135
INFO:root:pop fitness: 0.65851
INFO:root:elite fitness: 0.73322
INFO:root:Generation: 149
INFO:root:pop fitness: 0.6662199999999998
INFO:root:elite fitness: 0.7525799999999999
INFO:root:Generation: 136
INFO:root:pop fitness: 0.65158
INFO:root:elite fitness: 0.7380200000000001
INFO:root:Generation: 150
INFO:root:pop fitness: 0.67161
INFO:root:elite fitness: 0.75236
INFO:root:Generation: 137
INFO:root:pop fitness: 0.6458400000000001
INFO:root:elite fitness: 0.7219200000000001
INFO:root:Generation: 151
INFO:root:pop fitness: 0.66323
INFO:root:elite fitness: 0.7403399999999999
INFO:root:Generation: 138
INFO:root:pop fitness: 0.6519799999999999
INFO:root:elite fitness: 0.73398
INFO:root:Generation: 152
INFO:root:pop fitness: 0.6653299999999999
INFO:root:elite fitness: 0.76268
INFO:root:Generation: 139
INFO:root:pop fitness: 0.6523400000000001
INFO:root:elite fitness: 0.7314999999999999
INFO:root:Generation: 153
INFO:root:pop fitness: 0.6609100000000001
INFO:root:elite fitness: 0.7547400000000001
INFO:root:Generation: 140
INFO:root:pop fitness: 0.66294
INFO:root:elite fitness: 0.73326
INFO:root:Generation: 154
INFO:root:pop fitness: 0.6562799999999999
INFO:root:elite fitness: 0.73988
INFO:root:Generation: 155
INFO:root:pop fitness: 0.6663999999999999
INFO:root:elite fitness: 0.7514599999999999
INFO:root:Generation: 141
INFO:root:pop fitness: 0.6553999999999999
INFO:root:elite fitness: 0.7315999999999998
INFO:root:Generation: 156
INFO:root:pop fitness: 0.65793
INFO:root:elite fitness: 0.7598799999999999
INFO:root:Generation: 142
INFO:root:pop fitness: 0.6541899999999999
INFO:root:elite fitness: 0.7418399999999999
INFO:root:Generation: 157
INFO:root:pop fitness: 0.6577000000000001
INFO:root:elite fitness: 0.74792
INFO:root:Generation: 143
INFO:root:pop fitness: 0.6513499999999999
INFO:root:elite fitness: 0.7374600000000001
INFO:root:Generation: 158
INFO:root:pop fitness: 0.66586
INFO:root:elite fitness: 0.7491600000000002
INFO:root:Generation: 144
INFO:root:pop fitness: 0.65968
INFO:root:elite fitness: 0.7559599999999999
INFO:root:Generation: 159
INFO:root:pop fitness: 0.6752800000000001
INFO:root:elite fitness: 0.76566
INFO:root:Generation: 145
INFO:root:pop fitness: 0.6491800000000001
INFO:root:elite fitness: 0.7417999999999999
INFO:root:Generation: 160
INFO:root:pop fitness: 0.67816
INFO:root:elite fitness: 0.7624599999999999
INFO:root:Generation: 146
INFO:root:pop fitness: 0.66143
INFO:root:elite fitness: 0.7569800000000001
INFO:root:Generation: 161
INFO:root:pop fitness: 0.6709800000000001
INFO:root:elite fitness: 0.76692
INFO:root:Generation: 147
INFO:root:pop fitness: 0.66094
INFO:root:elite fitness: 0.76208
INFO:root:Generation: 162
INFO:root:pop fitness: 0.66947
INFO:root:elite fitness: 0.7559599999999999
INFO:root:Generation: 148
INFO:root:pop fitness: 0.65011
INFO:root:elite fitness: 0.7298600000000001
INFO:root:Generation: 163
INFO:root:pop fitness: 0.67887
INFO:root:elite fitness: 0.75012
INFO:root:Generation: 149
INFO:root:pop fitness: 0.64628
INFO:root:elite fitness: 0.7372600000000001
INFO:root:Generation: 164
INFO:root:pop fitness: 0.6782400000000002
INFO:root:elite fitness: 0.78024
INFO:root:Generation: 150
INFO:root:pop fitness: 0.64704
INFO:root:elite fitness: 0.73494
INFO:root:Generation: 165
INFO:root:pop fitness: 0.6831599999999999
INFO:root:elite fitness: 0.7612400000000001
INFO:root:Generation: 151
INFO:root:pop fitness: 0.6584499999999999
INFO:root:elite fitness: 0.76116
INFO:root:Generation: 166
INFO:root:pop fitness: 0.67539
INFO:root:elite fitness: 0.7702600000000001
INFO:root:Generation: 167
INFO:root:pop fitness: 0.67337
INFO:root:elite fitness: 0.78364
INFO:root:Generation: 152
INFO:root:pop fitness: 0.6493300000000001
INFO:root:elite fitness: 0.7384999999999999
INFO:root:Generation: 168
INFO:root:pop fitness: 0.66926
INFO:root:elite fitness: 0.75196
INFO:root:Generation: 153
INFO:root:pop fitness: 0.6524499999999999
INFO:root:elite fitness: 0.73898
INFO:root:Generation: 169
INFO:root:pop fitness: 0.68239
INFO:root:elite fitness: 0.7680800000000001
INFO:root:Generation: 154
INFO:root:pop fitness: 0.66131
INFO:root:elite fitness: 0.7553
INFO:root:Generation: 170
INFO:root:pop fitness: 0.67378
INFO:root:elite fitness: 0.76118
INFO:root:Generation: 155
INFO:root:pop fitness: 0.65882
INFO:root:elite fitness: 0.74824
INFO:root:Generation: 171
INFO:root:pop fitness: 0.67698
INFO:root:elite fitness: 0.75698
INFO:root:Generation: 156
INFO:root:pop fitness: 0.6592600000000001
INFO:root:elite fitness: 0.7446600000000001
INFO:root:Generation: 172
INFO:root:pop fitness: 0.66214
INFO:root:elite fitness: 0.76394
INFO:root:Generation: 157
INFO:root:pop fitness: 0.6668599999999999
INFO:root:elite fitness: 0.72772
INFO:root:Generation: 173
INFO:root:pop fitness: 0.67777
INFO:root:elite fitness: 0.7628
INFO:root:Generation: 158
INFO:root:pop fitness: 0.6627199999999999
INFO:root:elite fitness: 0.7610800000000001
INFO:root:Generation: 174
INFO:root:pop fitness: 0.6877599999999999
INFO:root:elite fitness: 0.77184
INFO:root:Generation: 159
INFO:root:pop fitness: 0.65996
INFO:root:elite fitness: 0.7474799999999999
INFO:root:Generation: 175
INFO:root:pop fitness: 0.6751600000000001
INFO:root:elite fitness: 0.7681600000000001
INFO:root:Generation: 160
INFO:root:pop fitness: 0.6613
INFO:root:elite fitness: 0.7533999999999998
INFO:root:Generation: 176
INFO:root:pop fitness: 0.66779
INFO:root:elite fitness: 0.7577799999999999
INFO:root:Generation: 177
INFO:root:pop fitness: 0.6835199999999999
INFO:root:elite fitness: 0.7759599999999999
INFO:root:Generation: 161
INFO:root:pop fitness: 0.6655600000000002
INFO:root:elite fitness: 0.76132
INFO:root:Generation: 178
INFO:root:pop fitness: 0.6716500000000001
INFO:root:elite fitness: 0.7354400000000001
INFO:root:Generation: 162
INFO:root:pop fitness: 0.6766800000000001
INFO:root:elite fitness: 0.7619799999999999
INFO:root:Generation: 179
INFO:root:pop fitness: 0.6678499999999998
INFO:root:elite fitness: 0.7789200000000001
INFO:root:Generation: 163
INFO:root:pop fitness: 0.66747
INFO:root:elite fitness: 0.75176
INFO:root:Generation: 180
INFO:root:pop fitness: 0.66657
INFO:root:elite fitness: 0.7512599999999999
INFO:root:Generation: 164
INFO:root:pop fitness: 0.6595299999999998
INFO:root:elite fitness: 0.7425399999999999
INFO:root:Generation: 181
INFO:root:pop fitness: 0.6716899999999998
INFO:root:elite fitness: 0.76162
INFO:root:Generation: 165
INFO:root:pop fitness: 0.66184
INFO:root:elite fitness: 0.74192
INFO:root:Generation: 182
INFO:root:pop fitness: 0.6692500000000001
INFO:root:elite fitness: 0.75874
INFO:root:Generation: 166
INFO:root:pop fitness: 0.66199
INFO:root:elite fitness: 0.7468600000000001
INFO:root:Generation: 183
INFO:root:pop fitness: 0.67305
INFO:root:elite fitness: 0.74952
INFO:root:Generation: 167
INFO:root:pop fitness: 0.65346
INFO:root:elite fitness: 0.7503200000000001
INFO:root:Generation: 184
INFO:root:pop fitness: 0.6730400000000002
INFO:root:elite fitness: 0.7661600000000002
INFO:root:Generation: 185
INFO:root:pop fitness: 0.6746300000000001
INFO:root:elite fitness: 0.76188
INFO:root:Generation: 168
INFO:root:pop fitness: 0.65536
INFO:root:elite fitness: 0.73536
INFO:root:Generation: 186
INFO:root:pop fitness: 0.6791000000000001
INFO:root:elite fitness: 0.7719
INFO:root:Generation: 169
INFO:root:pop fitness: 0.6601
INFO:root:elite fitness: 0.7332
INFO:root:Generation: 187
INFO:root:pop fitness: 0.6698899999999999
INFO:root:elite fitness: 0.7602599999999998
INFO:root:Generation: 170
INFO:root:pop fitness: 0.6616099999999999
INFO:root:elite fitness: 0.75786
INFO:root:Generation: 188
INFO:root:pop fitness: 0.6657800000000001
INFO:root:elite fitness: 0.76704
INFO:root:Generation: 171
INFO:root:pop fitness: 0.6661500000000001
INFO:root:elite fitness: 0.7546600000000001
INFO:root:Generation: 189
INFO:root:pop fitness: 0.6692199999999999
INFO:root:elite fitness: 0.7523399999999999
INFO:root:Generation: 172
INFO:root:pop fitness: 0.66724
INFO:root:elite fitness: 0.7654400000000001
INFO:root:Generation: 190
INFO:root:pop fitness: 0.6723299999999999
INFO:root:elite fitness: 0.7660399999999999
INFO:root:Generation: 173
INFO:root:pop fitness: 0.66888
INFO:root:elite fitness: 0.7709
INFO:root:Generation: 191
INFO:root:pop fitness: 0.6741599999999999
INFO:root:elite fitness: 0.75704
INFO:root:Generation: 174
INFO:root:pop fitness: 0.6668199999999999
INFO:root:elite fitness: 0.7569600000000001
INFO:root:Generation: 192
INFO:root:pop fitness: 0.65839
INFO:root:elite fitness: 0.7549200000000001
INFO:root:Generation: 175
INFO:root:pop fitness: 0.6727199999999999
INFO:root:elite fitness: 0.75286
INFO:root:Generation: 193
INFO:root:pop fitness: 0.6827999999999999
INFO:root:elite fitness: 0.7724199999999999
INFO:root:Generation: 194
INFO:root:pop fitness: 0.67361
INFO:root:elite fitness: 0.7528400000000001
INFO:root:Generation: 176
INFO:root:pop fitness: 0.66247
INFO:root:elite fitness: 0.75288
INFO:root:Generation: 195
INFO:root:pop fitness: 0.66466
INFO:root:elite fitness: 0.75006
INFO:root:Generation: 177
INFO:root:pop fitness: 0.65288
INFO:root:elite fitness: 0.7558
INFO:root:Generation: 196
INFO:root:pop fitness: 0.66362
INFO:root:elite fitness: 0.7475400000000001
INFO:root:Generation: 178
INFO:root:pop fitness: 0.6622399999999999
INFO:root:elite fitness: 0.7367199999999999
INFO:root:Generation: 197
INFO:root:pop fitness: 0.6714
INFO:root:elite fitness: 0.7373999999999999
INFO:root:Generation: 179
INFO:root:pop fitness: 0.6623
INFO:root:elite fitness: 0.7524199999999999
INFO:root:Generation: 198
INFO:root:pop fitness: 0.67915
INFO:root:elite fitness: 0.76044
INFO:root:Generation: 180
INFO:root:pop fitness: 0.6624000000000001
INFO:root:elite fitness: 0.7548999999999999
INFO:root:Generation: 199
INFO:root:pop fitness: 0.6733800000000001
INFO:root:elite fitness: 0.7662199999999999
INFO:root:Generation: 181
INFO:root:pop fitness: 0.6557299999999999
INFO:root:elite fitness: 0.74838
INFO:root:Generation: 182
INFO:root:pop fitness: 0.66854
INFO:root:elite fitness: 0.7501599999999999
INFO:root:Generation: 183
INFO:root:pop fitness: 0.6699699999999998
INFO:root:elite fitness: 0.7529399999999999
INFO:root:Generation: 184
INFO:root:pop fitness: 0.66521
INFO:root:elite fitness: 0.76036
INFO:root:Generation: 185
INFO:root:pop fitness: 0.66149
INFO:root:elite fitness: 0.7462200000000001
INFO:root:Generation: 186
INFO:root:pop fitness: 0.6593199999999999
INFO:root:elite fitness: 0.7432799999999999
INFO:root:Generation: 187
INFO:root:pop fitness: 0.65116
INFO:root:elite fitness: 0.76378
INFO:root:Generation: 188
INFO:root:pop fitness: 0.6560100000000001
INFO:root:elite fitness: 0.7411600000000002
INFO:root:Generation: 189
INFO:root:pop fitness: 0.65596
INFO:root:elite fitness: 0.74186
INFO:root:Generation: 190
INFO:root:pop fitness: 0.6511
INFO:root:elite fitness: 0.73744
INFO:root:Generation: 191
INFO:root:pop fitness: 0.6665899999999999
INFO:root:elite fitness: 0.7505199999999997
INFO:root:Generation: 192
INFO:root:pop fitness: 0.67163
INFO:root:elite fitness: 0.7428199999999999
INFO:root:Generation: 193
INFO:root:pop fitness: 0.6736299999999998
INFO:root:elite fitness: 0.7684799999999998
INFO:root:Generation: 194
INFO:root:pop fitness: 0.6629299999999999
INFO:root:elite fitness: 0.7641600000000001
INFO:root:Generation: 195
INFO:root:pop fitness: 0.67293
INFO:root:elite fitness: 0.74918
INFO:root:Generation: 196
INFO:root:pop fitness: 0.6572200000000001
INFO:root:elite fitness: 0.73614
INFO:root:Generation: 197
INFO:root:pop fitness: 0.6454
INFO:root:elite fitness: 0.7532800000000002
INFO:root:Generation: 198
INFO:root:pop fitness: 0.66053
INFO:root:elite fitness: 0.7444399999999999
INFO:root:Generation: 199
INFO:root:pop fitness: 0.66226
INFO:root:elite fitness: 0.7491600000000002
