INFO:root:run_master: Namespace(arms='10', hidden='64', layers='3', max_gen='200', message='', mutation_mag='0.01', name='resetSteps', noise=False, pop_size='100', save_result=True, steps='3', trials='100')
INFO:root:run_master: Namespace(arms='10', hidden='64', layers='3', max_gen='200', message='', mutation_mag='0.01', name='resetSteps', noise=True, pop_size='100', save_result=True, steps='3', trials='100')
INFO:root:Generation: 0
INFO:root:pop fitness: 0.10082999999999999
INFO:root:elite fitness: 0.11090000000000001
INFO:root:Generation: 0
INFO:root:pop fitness: 0.09788999999999999
INFO:root:elite fitness: 0.10825999999999998
INFO:root:Generation: 1
INFO:root:pop fitness: 0.0972
INFO:root:elite fitness: 0.11289999999999999
INFO:root:Generation: 1
INFO:root:pop fitness: 0.10296
INFO:root:elite fitness: 0.12616000000000002
INFO:root:Generation: 2
INFO:root:pop fitness: 0.10567000000000001
INFO:root:elite fitness: 0.1641
INFO:root:Generation: 2
INFO:root:pop fitness: 0.10773999999999999
INFO:root:elite fitness: 0.1634
INFO:root:Generation: 3
INFO:root:pop fitness: 0.10573
INFO:root:elite fitness: 0.16218
INFO:root:Generation: 3
INFO:root:pop fitness: 0.09849999999999999
INFO:root:elite fitness: 0.16164
INFO:root:Generation: 4
INFO:root:pop fitness: 0.10904
INFO:root:elite fitness: 0.18882000000000004
INFO:root:Generation: 4
INFO:root:pop fitness: 0.11087999999999999
INFO:root:elite fitness: 0.20489999999999997
INFO:root:Generation: 5
INFO:root:pop fitness: 0.08499000000000001
INFO:root:elite fitness: 0.16924000000000003
INFO:root:Generation: 5
INFO:root:pop fitness: 0.10962
INFO:root:elite fitness: 0.21936
INFO:root:Generation: 6
INFO:root:pop fitness: 0.09430999999999999
INFO:root:elite fitness: 0.17568
INFO:root:Generation: 6
INFO:root:pop fitness: 0.1106
INFO:root:elite fitness: 0.19249999999999998
INFO:root:Generation: 7
INFO:root:pop fitness: 0.10583000000000001
INFO:root:elite fitness: 0.2
INFO:root:Generation: 7
INFO:root:pop fitness: 0.09667000000000002
INFO:root:elite fitness: 0.188
INFO:root:Generation: 8
INFO:root:pop fitness: 0.10042
INFO:root:elite fitness: 0.2029
INFO:root:Generation: 8
INFO:root:pop fitness: 0.10402000000000002
INFO:root:elite fitness: 0.21319999999999997
INFO:root:Generation: 9
INFO:root:pop fitness: 0.09935
INFO:root:elite fitness: 0.19572
INFO:root:Generation: 9
INFO:root:pop fitness: 0.09760000000000002
INFO:root:elite fitness: 0.21646
INFO:root:Generation: 10
INFO:root:pop fitness: 0.11410000000000001
INFO:root:elite fitness: 0.22413999999999998
INFO:root:Generation: 10
INFO:root:pop fitness: 0.08936
INFO:root:elite fitness: 0.17726000000000003
INFO:root:Generation: 11
INFO:root:pop fitness: 0.10374000000000003
INFO:root:elite fitness: 0.18539999999999998
INFO:root:Generation: 11
INFO:root:pop fitness: 0.11924
INFO:root:elite fitness: 0.25566
INFO:root:Generation: 12
INFO:root:pop fitness: 0.10536000000000001
INFO:root:elite fitness: 0.18674
INFO:root:Generation: 12
INFO:root:pop fitness: 0.11260000000000002
INFO:root:elite fitness: 0.21584000000000003
INFO:root:Generation: 13
INFO:root:pop fitness: 0.10163
INFO:root:elite fitness: 0.19252
INFO:root:Generation: 13
INFO:root:pop fitness: 0.12381000000000002
INFO:root:elite fitness: 0.26258000000000004
INFO:root:Generation: 14
INFO:root:pop fitness: 0.09714999999999999
INFO:root:elite fitness: 0.21492
INFO:root:Generation: 14
INFO:root:pop fitness: 0.09822000000000002
INFO:root:elite fitness: 0.27486000000000005
INFO:root:Generation: 15
INFO:root:pop fitness: 0.10525000000000001
INFO:root:elite fitness: 0.23206000000000004
INFO:root:Generation: 15
INFO:root:pop fitness: 0.10359999999999997
INFO:root:elite fitness: 0.21242
INFO:root:Generation: 16
INFO:root:pop fitness: 0.10862999999999999
INFO:root:elite fitness: 0.21303999999999995
INFO:root:Generation: 16
INFO:root:pop fitness: 0.10083
INFO:root:elite fitness: 0.22791999999999998
INFO:root:Generation: 17
INFO:root:pop fitness: 0.10769999999999999
INFO:root:elite fitness: 0.21564
INFO:root:Generation: 18
INFO:root:pop fitness: 0.10001000000000002
INFO:root:elite fitness: 0.18842000000000003
INFO:root:Generation: 17
INFO:root:pop fitness: 0.11453999999999999
INFO:root:elite fitness: 0.22166
INFO:root:Generation: 19
INFO:root:pop fitness: 0.12521000000000002
INFO:root:elite fitness: 0.26839999999999997
INFO:root:Generation: 18
INFO:root:pop fitness: 0.12846999999999997
INFO:root:elite fitness: 0.25327999999999995
INFO:root:Generation: 20
INFO:root:pop fitness: 0.11463000000000001
INFO:root:elite fitness: 0.22517999999999996
INFO:root:Generation: 19
INFO:root:pop fitness: 0.12402
INFO:root:elite fitness: 0.23929999999999998
INFO:root:Generation: 21
INFO:root:pop fitness: 0.13147
INFO:root:elite fitness: 0.24817999999999998
INFO:root:Generation: 20
INFO:root:pop fitness: 0.12667
INFO:root:elite fitness: 0.24246
INFO:root:Generation: 22
INFO:root:pop fitness: 0.11564
INFO:root:elite fitness: 0.23966
INFO:root:Generation: 21
INFO:root:pop fitness: 0.11574999999999999
INFO:root:elite fitness: 0.25666000000000005
INFO:root:Generation: 23
INFO:root:pop fitness: 0.11918999999999999
INFO:root:elite fitness: 0.26478
INFO:root:Generation: 22
INFO:root:pop fitness: 0.11460000000000001
INFO:root:elite fitness: 0.21975999999999998
INFO:root:Generation: 24
INFO:root:pop fitness: 0.10167000000000001
INFO:root:elite fitness: 0.22128000000000003
INFO:root:Generation: 23
INFO:root:pop fitness: 0.12382
INFO:root:elite fitness: 0.25554
INFO:root:Generation: 25
INFO:root:pop fitness: 0.11678
INFO:root:elite fitness: 0.23349999999999999
INFO:root:Generation: 24
INFO:root:pop fitness: 0.11759000000000003
INFO:root:elite fitness: 0.27036
INFO:root:Generation: 26
INFO:root:pop fitness: 0.11566999999999998
INFO:root:elite fitness: 0.21634
INFO:root:Generation: 25
INFO:root:pop fitness: 0.13523000000000002
INFO:root:elite fitness: 0.23884
INFO:root:Generation: 27
INFO:root:pop fitness: 0.12316
INFO:root:elite fitness: 0.26215999999999995
INFO:root:Generation: 26
INFO:root:pop fitness: 0.11921000000000002
INFO:root:elite fitness: 0.21988
INFO:root:Generation: 28
INFO:root:pop fitness: 0.12133000000000001
INFO:root:elite fitness: 0.22858
INFO:root:Generation: 27
INFO:root:pop fitness: 0.10665
INFO:root:elite fitness: 0.21818
INFO:root:Generation: 29
INFO:root:pop fitness: 0.10937
INFO:root:elite fitness: 0.24712000000000003
INFO:root:Generation: 28
INFO:root:pop fitness: 0.10190999999999997
INFO:root:elite fitness: 0.21156
INFO:root:Generation: 30
INFO:root:pop fitness: 0.12226
INFO:root:elite fitness: 0.25148000000000004
INFO:root:Generation: 29
INFO:root:pop fitness: 0.10604000000000001
INFO:root:elite fitness: 0.24285999999999996
INFO:root:Generation: 31
INFO:root:pop fitness: 0.11498999999999998
INFO:root:elite fitness: 0.23236
INFO:root:Generation: 30
INFO:root:pop fitness: 0.10934000000000003
INFO:root:elite fitness: 0.22668
INFO:root:Generation: 32
INFO:root:pop fitness: 0.14265
INFO:root:elite fitness: 0.28674000000000005
INFO:root:Generation: 31
INFO:root:pop fitness: 0.12092999999999998
INFO:root:elite fitness: 0.23224
INFO:root:Generation: 33
INFO:root:pop fitness: 0.13748
INFO:root:elite fitness: 0.2625
INFO:root:Generation: 32
INFO:root:pop fitness: 0.13185
INFO:root:elite fitness: 0.24762
INFO:root:Generation: 34
INFO:root:pop fitness: 0.13541999999999998
INFO:root:elite fitness: 0.28997999999999996
INFO:root:Generation: 33
INFO:root:pop fitness: 0.11835000000000001
INFO:root:elite fitness: 0.2271
INFO:root:Generation: 35
INFO:root:pop fitness: 0.12320999999999999
INFO:root:elite fitness: 0.25314
INFO:root:Generation: 34
INFO:root:pop fitness: 0.12460999999999998
INFO:root:elite fitness: 0.22676000000000002
INFO:root:Generation: 36
INFO:root:pop fitness: 0.12068999999999999
INFO:root:elite fitness: 0.23396
INFO:root:Generation: 37
INFO:root:pop fitness: 0.09894
INFO:root:elite fitness: 0.2106
INFO:root:Generation: 35
INFO:root:pop fitness: 0.11591999999999998
INFO:root:elite fitness: 0.22571999999999995
INFO:root:Generation: 38
INFO:root:pop fitness: 0.14004999999999998
INFO:root:elite fitness: 0.2748
INFO:root:Generation: 36
INFO:root:pop fitness: 0.11679
INFO:root:elite fitness: 0.22122
INFO:root:Generation: 39
INFO:root:pop fitness: 0.13354
INFO:root:elite fitness: 0.26482
INFO:root:Generation: 37
INFO:root:pop fitness: 0.12124999999999998
INFO:root:elite fitness: 0.23984000000000003
INFO:root:Generation: 40
INFO:root:pop fitness: 0.13095
INFO:root:elite fitness: 0.26177999999999996
INFO:root:Generation: 38
INFO:root:pop fitness: 0.14129
INFO:root:elite fitness: 0.26721999999999996
INFO:root:Generation: 41
INFO:root:pop fitness: 0.1343
INFO:root:elite fitness: 0.24682
INFO:root:Generation: 39
INFO:root:pop fitness: 0.12996000000000002
INFO:root:elite fitness: 0.24590000000000004
INFO:root:Generation: 42
INFO:root:pop fitness: 0.12096
INFO:root:elite fitness: 0.25366
INFO:root:Generation: 40
INFO:root:pop fitness: 0.12682000000000002
INFO:root:elite fitness: 0.24108000000000004
INFO:root:Generation: 43
INFO:root:pop fitness: 0.12916999999999998
INFO:root:elite fitness: 0.25998
INFO:root:Generation: 41
INFO:root:pop fitness: 0.14281
INFO:root:elite fitness: 0.285
INFO:root:Generation: 44
INFO:root:pop fitness: 0.13469
INFO:root:elite fitness: 0.24558000000000002
INFO:root:Generation: 42
INFO:root:pop fitness: 0.12355000000000002
INFO:root:elite fitness: 0.27504
INFO:root:Generation: 45
INFO:root:pop fitness: 0.10484000000000002
INFO:root:elite fitness: 0.22580000000000003
INFO:root:Generation: 43
INFO:root:pop fitness: 0.11787999999999998
INFO:root:elite fitness: 0.2369
INFO:root:Generation: 46
INFO:root:pop fitness: 0.13985
INFO:root:elite fitness: 0.27338
INFO:root:Generation: 44
INFO:root:pop fitness: 0.13535000000000003
INFO:root:elite fitness: 0.28134
INFO:root:Generation: 47
INFO:root:pop fitness: 0.12535999999999997
INFO:root:elite fitness: 0.22244
INFO:root:Generation: 45
INFO:root:pop fitness: 0.11492
INFO:root:elite fitness: 0.22113999999999998
INFO:root:Generation: 48
INFO:root:pop fitness: 0.13747
INFO:root:elite fitness: 0.27018000000000003
INFO:root:Generation: 46
INFO:root:pop fitness: 0.12893000000000002
INFO:root:elite fitness: 0.23201999999999998
INFO:root:Generation: 49
INFO:root:pop fitness: 0.11147
INFO:root:elite fitness: 0.22444
INFO:root:Generation: 47
INFO:root:pop fitness: 0.13172
INFO:root:elite fitness: 0.26646000000000003
INFO:root:Generation: 50
INFO:root:pop fitness: 0.12272999999999999
INFO:root:elite fitness: 0.22693999999999995
INFO:root:Generation: 48
INFO:root:pop fitness: 0.11564999999999999
INFO:root:elite fitness: 0.23648
INFO:root:Generation: 51
INFO:root:pop fitness: 0.11956
INFO:root:elite fitness: 0.22769999999999999
INFO:root:Generation: 49
INFO:root:pop fitness: 0.10946000000000002
INFO:root:elite fitness: 0.20901999999999998
INFO:root:Generation: 52
INFO:root:pop fitness: 0.12883
INFO:root:elite fitness: 0.24830000000000002
INFO:root:Generation: 50
INFO:root:pop fitness: 0.13068
INFO:root:elite fitness: 0.2447
INFO:root:Generation: 53
INFO:root:pop fitness: 0.12533
INFO:root:elite fitness: 0.26378
INFO:root:Generation: 51
INFO:root:pop fitness: 0.14911
INFO:root:elite fitness: 0.27359999999999995
INFO:root:Generation: 54
INFO:root:pop fitness: 0.13545
INFO:root:elite fitness: 0.26564000000000004
INFO:root:Generation: 52
INFO:root:pop fitness: 0.16768000000000008
INFO:root:elite fitness: 0.28114
INFO:root:Generation: 55
INFO:root:pop fitness: 0.12534
INFO:root:elite fitness: 0.26072
INFO:root:Generation: 56
INFO:root:pop fitness: 0.1439
INFO:root:elite fitness: 0.27212000000000003
INFO:root:Generation: 53
INFO:root:pop fitness: 0.14924
INFO:root:elite fitness: 0.2711
INFO:root:Generation: 57
INFO:root:pop fitness: 0.15191
INFO:root:elite fitness: 0.2699
INFO:root:Generation: 54
INFO:root:pop fitness: 0.14930000000000002
INFO:root:elite fitness: 0.29186
INFO:root:Generation: 58
INFO:root:pop fitness: 0.13479000000000002
INFO:root:elite fitness: 0.2717
INFO:root:Generation: 55
INFO:root:pop fitness: 0.13568999999999998
INFO:root:elite fitness: 0.26977999999999996
INFO:root:Generation: 59
INFO:root:pop fitness: 0.13737
INFO:root:elite fitness: 0.28044
INFO:root:Generation: 56
INFO:root:pop fitness: 0.13982
INFO:root:elite fitness: 0.2706
INFO:root:Generation: 60
INFO:root:pop fitness: 0.14777
INFO:root:elite fitness: 0.24905999999999998
INFO:root:Generation: 57
INFO:root:pop fitness: 0.14217999999999997
INFO:root:elite fitness: 0.29410000000000003
INFO:root:Generation: 61
INFO:root:pop fitness: 0.12782
INFO:root:elite fitness: 0.27376
INFO:root:Generation: 58
INFO:root:pop fitness: 0.1432
INFO:root:elite fitness: 0.2776
INFO:root:Generation: 62
INFO:root:pop fitness: 0.12779
INFO:root:elite fitness: 0.24755999999999997
INFO:root:Generation: 59
INFO:root:pop fitness: 0.14272
INFO:root:elite fitness: 0.28922
INFO:root:Generation: 63
INFO:root:pop fitness: 0.1482
INFO:root:elite fitness: 0.27458
INFO:root:Generation: 60
INFO:root:pop fitness: 0.14607
INFO:root:elite fitness: 0.26786
INFO:root:Generation: 64
INFO:root:pop fitness: 0.16344
INFO:root:elite fitness: 0.29976
INFO:root:Generation: 61
INFO:root:pop fitness: 0.12664
INFO:root:elite fitness: 0.24850000000000003
INFO:root:Generation: 65
INFO:root:pop fitness: 0.14120999999999997
INFO:root:elite fitness: 0.26586000000000004
INFO:root:Generation: 62
INFO:root:pop fitness: 0.15530999999999998
INFO:root:elite fitness: 0.29412000000000005
INFO:root:Generation: 66
INFO:root:pop fitness: 0.14814999999999998
INFO:root:elite fitness: 0.28146
INFO:root:Generation: 63
INFO:root:pop fitness: 0.15562
INFO:root:elite fitness: 0.2772
INFO:root:Generation: 67
INFO:root:pop fitness: 0.14712
INFO:root:elite fitness: 0.27958
INFO:root:Generation: 64
INFO:root:pop fitness: 0.14314
INFO:root:elite fitness: 0.26749999999999996
INFO:root:Generation: 68
INFO:root:pop fitness: 0.14257999999999998
INFO:root:elite fitness: 0.2964
INFO:root:Generation: 65
INFO:root:pop fitness: 0.14944999999999997
INFO:root:elite fitness: 0.2692
INFO:root:Generation: 69
INFO:root:pop fitness: 0.1436
INFO:root:elite fitness: 0.30246
INFO:root:Generation: 66
INFO:root:pop fitness: 0.13828
INFO:root:elite fitness: 0.29178
INFO:root:Generation: 70
INFO:root:pop fitness: 0.16131
INFO:root:elite fitness: 0.28226
INFO:root:Generation: 67
INFO:root:pop fitness: 0.15412
INFO:root:elite fitness: 0.28352
INFO:root:Generation: 71
INFO:root:pop fitness: 0.15771000000000002
INFO:root:elite fitness: 0.30488
INFO:root:Generation: 68
INFO:root:pop fitness: 0.14841000000000001
INFO:root:elite fitness: 0.27434000000000003
INFO:root:Generation: 72
INFO:root:pop fitness: 0.15427
INFO:root:elite fitness: 0.32173999999999997
INFO:root:Generation: 69
INFO:root:pop fitness: 0.15972
INFO:root:elite fitness: 0.29228000000000004
INFO:root:Generation: 73
INFO:root:pop fitness: 0.13666999999999999
INFO:root:elite fitness: 0.26788
INFO:root:Generation: 74
INFO:root:pop fitness: 0.15786
INFO:root:elite fitness: 0.29019999999999996
INFO:root:Generation: 70
INFO:root:pop fitness: 0.13661
INFO:root:elite fitness: 0.29279999999999995
INFO:root:Generation: 75
INFO:root:pop fitness: 0.16149000000000002
INFO:root:elite fitness: 0.30744
INFO:root:Generation: 71
INFO:root:pop fitness: 0.15304
INFO:root:elite fitness: 0.29666
INFO:root:Generation: 76
INFO:root:pop fitness: 0.1452
INFO:root:elite fitness: 0.3083
INFO:root:Generation: 72
INFO:root:pop fitness: 0.15294000000000002
INFO:root:elite fitness: 0.27080000000000004
INFO:root:Generation: 77
INFO:root:pop fitness: 0.15664999999999998
INFO:root:elite fitness: 0.30462
INFO:root:Generation: 73
INFO:root:pop fitness: 0.14183
INFO:root:elite fitness: 0.28307999999999994
INFO:root:Generation: 78
INFO:root:pop fitness: 0.13312
INFO:root:elite fitness: 0.30154
INFO:root:Generation: 74
INFO:root:pop fitness: 0.14785
INFO:root:elite fitness: 0.31448
INFO:root:Generation: 79
INFO:root:pop fitness: 0.1399
INFO:root:elite fitness: 0.28120000000000006
INFO:root:Generation: 75
INFO:root:pop fitness: 0.12829
INFO:root:elite fitness: 0.27893999999999997
INFO:root:Generation: 80
INFO:root:pop fitness: 0.16985999999999998
INFO:root:elite fitness: 0.31918
INFO:root:Generation: 76
INFO:root:pop fitness: 0.16168
INFO:root:elite fitness: 0.27990000000000004
INFO:root:Generation: 81
INFO:root:pop fitness: 0.15854
INFO:root:elite fitness: 0.29988
INFO:root:Generation: 77
INFO:root:pop fitness: 0.14644
INFO:root:elite fitness: 0.28422000000000003
INFO:root:Generation: 82
INFO:root:pop fitness: 0.15966
INFO:root:elite fitness: 0.29838
INFO:root:Generation: 78
INFO:root:pop fitness: 0.15728999999999999
INFO:root:elite fitness: 0.30267999999999995
INFO:root:Generation: 83
INFO:root:pop fitness: 0.14407999999999999
INFO:root:elite fitness: 0.25279999999999997
INFO:root:Generation: 79
INFO:root:pop fitness: 0.13971
INFO:root:elite fitness: 0.28313999999999995
INFO:root:Generation: 84
INFO:root:pop fitness: 0.13443000000000002
INFO:root:elite fitness: 0.26692
INFO:root:Generation: 80
INFO:root:pop fitness: 0.15003000000000002
INFO:root:elite fitness: 0.27536000000000005
INFO:root:Generation: 85
INFO:root:pop fitness: 0.14269
INFO:root:elite fitness: 0.28114
INFO:root:Generation: 81
INFO:root:pop fitness: 0.15721
INFO:root:elite fitness: 0.30554000000000003
INFO:root:Generation: 86
INFO:root:pop fitness: 0.14859999999999998
INFO:root:elite fitness: 0.29558
INFO:root:Generation: 82
INFO:root:pop fitness: 0.13445
INFO:root:elite fitness: 0.27052
INFO:root:Generation: 87
INFO:root:pop fitness: 0.13419000000000003
INFO:root:elite fitness: 0.27678
INFO:root:Generation: 83
INFO:root:pop fitness: 0.11038
INFO:root:elite fitness: 0.21908000000000002
INFO:root:Generation: 88
INFO:root:pop fitness: 0.14376
INFO:root:elite fitness: 0.27916
INFO:root:Generation: 84
INFO:root:pop fitness: 0.12167
INFO:root:elite fitness: 0.24952
INFO:root:Generation: 89
INFO:root:pop fitness: 0.12884
INFO:root:elite fitness: 0.25722
INFO:root:Generation: 85
INFO:root:pop fitness: 0.14769000000000002
INFO:root:elite fitness: 0.28184
INFO:root:Generation: 90
INFO:root:pop fitness: 0.13417
INFO:root:elite fitness: 0.27690000000000003
INFO:root:Generation: 91
INFO:root:pop fitness: 0.14362
INFO:root:elite fitness: 0.26769999999999994
INFO:root:Generation: 86
INFO:root:pop fitness: 0.14743
INFO:root:elite fitness: 0.26946000000000003
INFO:root:Generation: 92
INFO:root:pop fitness: 0.13252
INFO:root:elite fitness: 0.27162
INFO:root:Generation: 87
INFO:root:pop fitness: 0.14354
INFO:root:elite fitness: 0.25738000000000005
INFO:root:Generation: 93
INFO:root:pop fitness: 0.13977000000000003
INFO:root:elite fitness: 0.25784
INFO:root:Generation: 88
INFO:root:pop fitness: 0.15462
INFO:root:elite fitness: 0.29106000000000004
INFO:root:Generation: 94
INFO:root:pop fitness: 0.14266
INFO:root:elite fitness: 0.28408
INFO:root:Generation: 89
INFO:root:pop fitness: 0.14931
INFO:root:elite fitness: 0.29900000000000004
INFO:root:Generation: 95
INFO:root:pop fitness: 0.14912
INFO:root:elite fitness: 0.28714
INFO:root:Generation: 90
INFO:root:pop fitness: 0.14737
INFO:root:elite fitness: 0.26784
INFO:root:Generation: 96
INFO:root:pop fitness: 0.14031999999999997
INFO:root:elite fitness: 0.28648
INFO:root:Generation: 91
INFO:root:pop fitness: 0.15643
INFO:root:elite fitness: 0.27862000000000003
INFO:root:Generation: 97
INFO:root:pop fitness: 0.12652
INFO:root:elite fitness: 0.28578
INFO:root:Generation: 92
INFO:root:pop fitness: 0.16853000000000004
INFO:root:elite fitness: 0.30814
INFO:root:Generation: 98
INFO:root:pop fitness: 0.13945
INFO:root:elite fitness: 0.25616
INFO:root:Generation: 93
INFO:root:pop fitness: 0.14579
INFO:root:elite fitness: 0.27788
INFO:root:Generation: 99
INFO:root:pop fitness: 0.12501
INFO:root:elite fitness: 0.23506
INFO:root:Generation: 94
INFO:root:pop fitness: 0.16903999999999997
INFO:root:elite fitness: 0.34143999999999997
INFO:root:Generation: 100
INFO:root:pop fitness: 0.15520999999999996
INFO:root:elite fitness: 0.30684
INFO:root:Generation: 95
INFO:root:pop fitness: 0.17086
INFO:root:elite fitness: 0.30879999999999996
INFO:root:Generation: 101
INFO:root:pop fitness: 0.14348
INFO:root:elite fitness: 0.28782
INFO:root:Generation: 96
INFO:root:pop fitness: 0.16137
INFO:root:elite fitness: 0.30938
INFO:root:Generation: 102
INFO:root:pop fitness: 0.15635000000000002
INFO:root:elite fitness: 0.27548
INFO:root:Generation: 97
INFO:root:pop fitness: 0.13984
INFO:root:elite fitness: 0.32926
INFO:root:Generation: 103
INFO:root:pop fitness: 0.14672
INFO:root:elite fitness: 0.29278
INFO:root:Generation: 98
INFO:root:pop fitness: 0.14862999999999998
INFO:root:elite fitness: 0.24883999999999998
INFO:root:Generation: 104
INFO:root:pop fitness: 0.16555
INFO:root:elite fitness: 0.28547999999999996
INFO:root:Generation: 99
INFO:root:pop fitness: 0.13921
INFO:root:elite fitness: 0.27099999999999996
INFO:root:Generation: 105
INFO:root:pop fitness: 0.15780000000000002
INFO:root:elite fitness: 0.3256
INFO:root:Generation: 100
INFO:root:pop fitness: 0.1491
INFO:root:elite fitness: 0.29291999999999996
INFO:root:Generation: 106
INFO:root:pop fitness: 0.15311
INFO:root:elite fitness: 0.27968
INFO:root:Generation: 101
INFO:root:pop fitness: 0.1475
INFO:root:elite fitness: 0.25288
INFO:root:Generation: 107
INFO:root:pop fitness: 0.15181999999999998
INFO:root:elite fitness: 0.28706
INFO:root:Generation: 102
INFO:root:pop fitness: 0.15168999999999996
INFO:root:elite fitness: 0.29412000000000005
INFO:root:Generation: 108
INFO:root:pop fitness: 0.14187999999999998
INFO:root:elite fitness: 0.27881999999999996
INFO:root:Generation: 103
INFO:root:pop fitness: 0.16247
INFO:root:elite fitness: 0.28102
INFO:root:Generation: 109
INFO:root:pop fitness: 0.15735
INFO:root:elite fitness: 0.29766000000000004
INFO:root:Generation: 104
INFO:root:pop fitness: 0.14937
INFO:root:elite fitness: 0.30188000000000004
INFO:root:Generation: 110
INFO:root:pop fitness: 0.13942
INFO:root:elite fitness: 0.28018
INFO:root:Generation: 105
INFO:root:pop fitness: 0.17198
INFO:root:elite fitness: 0.31894
INFO:root:Generation: 111
INFO:root:pop fitness: 0.13395
INFO:root:elite fitness: 0.26576
INFO:root:Generation: 106
INFO:root:pop fitness: 0.13381
INFO:root:elite fitness: 0.29178000000000004
INFO:root:Generation: 112
INFO:root:pop fitness: 0.15689000000000003
INFO:root:elite fitness: 0.30146
INFO:root:Generation: 113
INFO:root:pop fitness: 0.13332
INFO:root:elite fitness: 0.27398
INFO:root:Generation: 107
INFO:root:pop fitness: 0.15233000000000002
INFO:root:elite fitness: 0.32038000000000005
INFO:root:Generation: 114
INFO:root:pop fitness: 0.13571999999999998
INFO:root:elite fitness: 0.27925999999999995
INFO:root:Generation: 108
INFO:root:pop fitness: 0.13886
INFO:root:elite fitness: 0.25964
INFO:root:Generation: 115
INFO:root:pop fitness: 0.12872000000000003
INFO:root:elite fitness: 0.26626
INFO:root:Generation: 109
INFO:root:pop fitness: 0.14820000000000003
INFO:root:elite fitness: 0.3243
INFO:root:Generation: 116
INFO:root:pop fitness: 0.14361000000000002
INFO:root:elite fitness: 0.29231999999999997
INFO:root:Generation: 110
INFO:root:pop fitness: 0.14987999999999999
INFO:root:elite fitness: 0.28096
INFO:root:Generation: 117
INFO:root:pop fitness: 0.14234
INFO:root:elite fitness: 0.25522
INFO:root:Generation: 111
INFO:root:pop fitness: 0.13565
INFO:root:elite fitness: 0.25958000000000003
INFO:root:Generation: 118
INFO:root:pop fitness: 0.16356
INFO:root:elite fitness: 0.29026
INFO:root:Generation: 112
INFO:root:pop fitness: 0.15736
INFO:root:elite fitness: 0.2977
INFO:root:Generation: 119
INFO:root:pop fitness: 0.13903
INFO:root:elite fitness: 0.25117999999999996
INFO:root:Generation: 113
INFO:root:pop fitness: 0.14214000000000002
INFO:root:elite fitness: 0.2819
INFO:root:Generation: 120
INFO:root:pop fitness: 0.13704999999999998
INFO:root:elite fitness: 0.26662
INFO:root:Generation: 114
INFO:root:pop fitness: 0.14487
INFO:root:elite fitness: 0.29246
INFO:root:Generation: 121
INFO:root:pop fitness: 0.14482
INFO:root:elite fitness: 0.26986
INFO:root:Generation: 115
INFO:root:pop fitness: 0.14532
INFO:root:elite fitness: 0.28322
INFO:root:Generation: 122
INFO:root:pop fitness: 0.15410000000000001
INFO:root:elite fitness: 0.26986
INFO:root:Generation: 116
INFO:root:pop fitness: 0.13315
INFO:root:elite fitness: 0.26128
INFO:root:Generation: 123
INFO:root:pop fitness: 0.16615
INFO:root:elite fitness: 0.32088
INFO:root:Generation: 117
INFO:root:pop fitness: 0.14294
INFO:root:elite fitness: 0.26424
INFO:root:Generation: 124
INFO:root:pop fitness: 0.14126
INFO:root:elite fitness: 0.28436
INFO:root:Generation: 118
INFO:root:pop fitness: 0.15312
INFO:root:elite fitness: 0.33254
INFO:root:Generation: 125
INFO:root:pop fitness: 0.13767000000000001
INFO:root:elite fitness: 0.30516000000000004
INFO:root:Generation: 119
INFO:root:pop fitness: 0.16610000000000003
INFO:root:elite fitness: 0.3409400000000001
INFO:root:Generation: 126
INFO:root:pop fitness: 0.14221000000000003
INFO:root:elite fitness: 0.28026
INFO:root:Generation: 120
INFO:root:pop fitness: 0.15036000000000002
INFO:root:elite fitness: 0.30949999999999994
INFO:root:Generation: 127
INFO:root:pop fitness: 0.17155
INFO:root:elite fitness: 0.30963999999999997
INFO:root:Generation: 121
INFO:root:pop fitness: 0.13568999999999998
INFO:root:elite fitness: 0.28096000000000004
INFO:root:Generation: 128
INFO:root:pop fitness: 0.15686
INFO:root:elite fitness: 0.29072000000000003
INFO:root:Generation: 122
INFO:root:pop fitness: 0.13788000000000003
INFO:root:elite fitness: 0.29856
INFO:root:Generation: 129
INFO:root:pop fitness: 0.17364000000000004
INFO:root:elite fitness: 0.35246
INFO:root:Generation: 123
INFO:root:pop fitness: 0.14245999999999998
INFO:root:elite fitness: 0.28744
INFO:root:Generation: 130
INFO:root:pop fitness: 0.15123
INFO:root:elite fitness: 0.26959999999999995
INFO:root:Generation: 124
INFO:root:pop fitness: 0.15199000000000001
INFO:root:elite fitness: 0.29228
INFO:root:Generation: 131
INFO:root:pop fitness: 0.15299
INFO:root:elite fitness: 0.28878
INFO:root:Generation: 125
INFO:root:pop fitness: 0.16937000000000002
INFO:root:elite fitness: 0.32076
INFO:root:Generation: 132
INFO:root:pop fitness: 0.14467
INFO:root:elite fitness: 0.23163999999999998
INFO:root:Generation: 126
INFO:root:pop fitness: 0.14292000000000002
INFO:root:elite fitness: 0.29044000000000003
INFO:root:Generation: 133
INFO:root:pop fitness: 0.14974999999999997
INFO:root:elite fitness: 0.29612
INFO:root:Generation: 127
INFO:root:pop fitness: 0.15212
INFO:root:elite fitness: 0.29626
INFO:root:Generation: 134
INFO:root:pop fitness: 0.12800999999999998
INFO:root:elite fitness: 0.23354
INFO:root:Generation: 135
INFO:root:pop fitness: 0.13221000000000002
INFO:root:elite fitness: 0.22968
INFO:root:Generation: 128
INFO:root:pop fitness: 0.16394000000000003
INFO:root:elite fitness: 0.31507999999999997
INFO:root:Generation: 136
INFO:root:pop fitness: 0.14931
INFO:root:elite fitness: 0.27878000000000003
INFO:root:Generation: 129
INFO:root:pop fitness: 0.15647
INFO:root:elite fitness: 0.27902
INFO:root:Generation: 137
INFO:root:pop fitness: 0.16320000000000004
INFO:root:elite fitness: 0.30413999999999997
INFO:root:Generation: 130
INFO:root:pop fitness: 0.14989
INFO:root:elite fitness: 0.30044
INFO:root:Generation: 138
INFO:root:pop fitness: 0.16506000000000004
INFO:root:elite fitness: 0.31548
INFO:root:Generation: 131
INFO:root:pop fitness: 0.14423999999999998
INFO:root:elite fitness: 0.27381999999999995
INFO:root:Generation: 139
INFO:root:pop fitness: 0.14636
INFO:root:elite fitness: 0.2609
INFO:root:Generation: 132
INFO:root:pop fitness: 0.14824
INFO:root:elite fitness: 0.27280000000000004
INFO:root:Generation: 140
INFO:root:pop fitness: 0.16284
INFO:root:elite fitness: 0.31384
INFO:root:Generation: 133
INFO:root:pop fitness: 0.15349
INFO:root:elite fitness: 0.29492
INFO:root:Generation: 141
INFO:root:pop fitness: 0.16023999999999997
INFO:root:elite fitness: 0.28342
INFO:root:Generation: 134
INFO:root:pop fitness: 0.16055
INFO:root:elite fitness: 0.27166
INFO:root:Generation: 142
INFO:root:pop fitness: 0.16222
INFO:root:elite fitness: 0.28886
INFO:root:Generation: 135
INFO:root:pop fitness: 0.14822000000000002
INFO:root:elite fitness: 0.24592
INFO:root:Generation: 143
INFO:root:pop fitness: 0.16435
INFO:root:elite fitness: 0.30526
INFO:root:Generation: 136
INFO:root:pop fitness: 0.15727000000000002
INFO:root:elite fitness: 0.26724
INFO:root:Generation: 144
INFO:root:pop fitness: 0.14462
INFO:root:elite fitness: 0.27468
INFO:root:Generation: 137
INFO:root:pop fitness: 0.18115000000000003
INFO:root:elite fitness: 0.31005999999999995
INFO:root:Generation: 145
INFO:root:pop fitness: 0.14604000000000003
INFO:root:elite fitness: 0.25382
INFO:root:Generation: 138
INFO:root:pop fitness: 0.16606000000000004
INFO:root:elite fitness: 0.28875999999999996
INFO:root:Generation: 146
INFO:root:pop fitness: 0.16253
INFO:root:elite fitness: 0.28482
INFO:root:Generation: 139
INFO:root:pop fitness: 0.13713999999999998
INFO:root:elite fitness: 0.2725
INFO:root:Generation: 147
INFO:root:pop fitness: 0.15728999999999999
INFO:root:elite fitness: 0.29612
INFO:root:Generation: 140
INFO:root:pop fitness: 0.15563
INFO:root:elite fitness: 0.29704
INFO:root:Generation: 148
INFO:root:pop fitness: 0.16077999999999995
INFO:root:elite fitness: 0.3055
INFO:root:Generation: 141
INFO:root:pop fitness: 0.16412
INFO:root:elite fitness: 0.30418
INFO:root:Generation: 149
INFO:root:pop fitness: 0.16442
INFO:root:elite fitness: 0.33068
INFO:root:Generation: 142
INFO:root:pop fitness: 0.17217000000000005
INFO:root:elite fitness: 0.28925999999999996
INFO:root:Generation: 150
INFO:root:pop fitness: 0.15991
INFO:root:elite fitness: 0.29014
INFO:root:Generation: 143
INFO:root:pop fitness: 0.17704999999999999
INFO:root:elite fitness: 0.30736
INFO:root:Generation: 151
INFO:root:pop fitness: 0.15836999999999998
INFO:root:elite fitness: 0.26754
INFO:root:Generation: 144
INFO:root:pop fitness: 0.15269
INFO:root:elite fitness: 0.26944
INFO:root:Generation: 152
INFO:root:pop fitness: 0.15242
INFO:root:elite fitness: 0.30984
INFO:root:Generation: 145
INFO:root:pop fitness: 0.14141
INFO:root:elite fitness: 0.24876
INFO:root:Generation: 153
INFO:root:pop fitness: 0.14131000000000002
INFO:root:elite fitness: 0.28856
INFO:root:Generation: 154
INFO:root:pop fitness: 0.16338
INFO:root:elite fitness: 0.31829999999999997
INFO:root:Generation: 146
INFO:root:pop fitness: 0.17049000000000003
INFO:root:elite fitness: 0.29308
INFO:root:Generation: 155
INFO:root:pop fitness: 0.14389
INFO:root:elite fitness: 0.28462000000000004
INFO:root:Generation: 147
INFO:root:pop fitness: 0.14814
INFO:root:elite fitness: 0.32358
INFO:root:Generation: 156
INFO:root:pop fitness: 0.14968
INFO:root:elite fitness: 0.28156
INFO:root:Generation: 148
INFO:root:pop fitness: 0.15414
INFO:root:elite fitness: 0.27126
INFO:root:Generation: 157
INFO:root:pop fitness: 0.13218
INFO:root:elite fitness: 0.29114000000000007
INFO:root:Generation: 149
INFO:root:pop fitness: 0.16063
INFO:root:elite fitness: 0.30892
INFO:root:Generation: 158
INFO:root:pop fitness: 0.13726000000000002
INFO:root:elite fitness: 0.27532
INFO:root:Generation: 150
INFO:root:pop fitness: 0.14814000000000002
INFO:root:elite fitness: 0.26884
INFO:root:Generation: 159
INFO:root:pop fitness: 0.14375
INFO:root:elite fitness: 0.31166000000000005
INFO:root:Generation: 151
INFO:root:pop fitness: 0.14973
INFO:root:elite fitness: 0.30386
INFO:root:Generation: 160
INFO:root:pop fitness: 0.14717000000000002
INFO:root:elite fitness: 0.2953
INFO:root:Generation: 152
INFO:root:pop fitness: 0.15699
INFO:root:elite fitness: 0.29186
INFO:root:Generation: 161
INFO:root:pop fitness: 0.15538
INFO:root:elite fitness: 0.2868
INFO:root:Generation: 153
INFO:root:pop fitness: 0.14321000000000003
INFO:root:elite fitness: 0.2808
INFO:root:Generation: 162
INFO:root:pop fitness: 0.14122
INFO:root:elite fitness: 0.25446
INFO:root:Generation: 154
INFO:root:pop fitness: 0.14497000000000002
INFO:root:elite fitness: 0.28065999999999997
INFO:root:Generation: 163
INFO:root:pop fitness: 0.15209999999999999
INFO:root:elite fitness: 0.2905
INFO:root:Generation: 155
INFO:root:pop fitness: 0.13853
INFO:root:elite fitness: 0.2692
INFO:root:Generation: 164
INFO:root:pop fitness: 0.14897
INFO:root:elite fitness: 0.27937999999999996
INFO:root:Generation: 156
INFO:root:pop fitness: 0.14386000000000002
INFO:root:elite fitness: 0.29556
INFO:root:Generation: 165
INFO:root:pop fitness: 0.14897
INFO:root:elite fitness: 0.263
INFO:root:Generation: 157
INFO:root:pop fitness: 0.16158
INFO:root:elite fitness: 0.2939
INFO:root:Generation: 166
INFO:root:pop fitness: 0.15317999999999998
INFO:root:elite fitness: 0.2976
INFO:root:Generation: 158
INFO:root:pop fitness: 0.16116
INFO:root:elite fitness: 0.29958
INFO:root:Generation: 167
INFO:root:pop fitness: 0.15056000000000003
INFO:root:elite fitness: 0.30912
INFO:root:Generation: 159
INFO:root:pop fitness: 0.16399
INFO:root:elite fitness: 0.33464000000000005
INFO:root:Generation: 168
INFO:root:pop fitness: 0.15244000000000002
INFO:root:elite fitness: 0.28546
INFO:root:Generation: 160
INFO:root:pop fitness: 0.15011
INFO:root:elite fitness: 0.3052
INFO:root:Generation: 169
INFO:root:pop fitness: 0.13844
INFO:root:elite fitness: 0.273
INFO:root:Generation: 161
INFO:root:pop fitness: 0.15456999999999999
INFO:root:elite fitness: 0.30956
INFO:root:Generation: 170
INFO:root:pop fitness: 0.14120000000000002
INFO:root:elite fitness: 0.28019999999999995
INFO:root:Generation: 162
INFO:root:pop fitness: 0.16652000000000006
INFO:root:elite fitness: 0.30602
INFO:root:Generation: 171
INFO:root:pop fitness: 0.14286
INFO:root:elite fitness: 0.29094000000000003
INFO:root:Generation: 163
INFO:root:pop fitness: 0.14742999999999998
INFO:root:elite fitness: 0.25664000000000003
INFO:root:Generation: 172
INFO:root:pop fitness: 0.14885
INFO:root:elite fitness: 0.27072
INFO:root:Generation: 164
INFO:root:pop fitness: 0.16094999999999998
INFO:root:elite fitness: 0.31079999999999997
INFO:root:Generation: 173
INFO:root:pop fitness: 0.15335000000000001
INFO:root:elite fitness: 0.3284
INFO:root:Generation: 165
INFO:root:pop fitness: 0.14259
INFO:root:elite fitness: 0.29018
INFO:root:Generation: 174
INFO:root:pop fitness: 0.172
INFO:root:elite fitness: 0.31686000000000003
INFO:root:Generation: 166
INFO:root:pop fitness: 0.16013
INFO:root:elite fitness: 0.28518
INFO:root:Generation: 175
INFO:root:pop fitness: 0.15583
INFO:root:elite fitness: 0.3085
INFO:root:Generation: 176
INFO:root:pop fitness: 0.16314000000000003
INFO:root:elite fitness: 0.3176
INFO:root:Generation: 167
INFO:root:pop fitness: 0.16967
INFO:root:elite fitness: 0.32514
INFO:root:Generation: 177
INFO:root:pop fitness: 0.16996
INFO:root:elite fitness: 0.32777999999999996
INFO:root:Generation: 168
INFO:root:pop fitness: 0.16285
INFO:root:elite fitness: 0.2987
INFO:root:Generation: 178
INFO:root:pop fitness: 0.16509000000000001
INFO:root:elite fitness: 0.30145999999999995
INFO:root:Generation: 169
INFO:root:pop fitness: 0.14284000000000002
INFO:root:elite fitness: 0.2799
INFO:root:Generation: 179
INFO:root:pop fitness: 0.16063
INFO:root:elite fitness: 0.31701999999999997
INFO:root:Generation: 170
INFO:root:pop fitness: 0.16065000000000002
INFO:root:elite fitness: 0.30916
INFO:root:Generation: 180
INFO:root:pop fitness: 0.17562999999999998
INFO:root:elite fitness: 0.30928
INFO:root:Generation: 171
INFO:root:pop fitness: 0.15045
INFO:root:elite fitness: 0.28225999999999996
INFO:root:Generation: 181
INFO:root:pop fitness: 0.15042999999999998
INFO:root:elite fitness: 0.28832
INFO:root:Generation: 172
INFO:root:pop fitness: 0.15777
INFO:root:elite fitness: 0.29568
INFO:root:Generation: 182
INFO:root:pop fitness: 0.14319
INFO:root:elite fitness: 0.27346000000000004
INFO:root:Generation: 173
INFO:root:pop fitness: 0.16396000000000005
INFO:root:elite fitness: 0.29175999999999996
INFO:root:Generation: 183
INFO:root:pop fitness: 0.15581
INFO:root:elite fitness: 0.30398
INFO:root:Generation: 174
INFO:root:pop fitness: 0.16198000000000004
INFO:root:elite fitness: 0.2833
INFO:root:Generation: 184
INFO:root:pop fitness: 0.15597
INFO:root:elite fitness: 0.25914000000000004
INFO:root:Generation: 175
INFO:root:pop fitness: 0.17585
INFO:root:elite fitness: 0.32966
INFO:root:Generation: 185
INFO:root:pop fitness: 0.13590000000000002
INFO:root:elite fitness: 0.28553999999999996
INFO:root:Generation: 176
INFO:root:pop fitness: 0.17445
INFO:root:elite fitness: 0.31898
INFO:root:Generation: 186
INFO:root:pop fitness: 0.14862
INFO:root:elite fitness: 0.28802
INFO:root:Generation: 177
INFO:root:pop fitness: 0.16328000000000004
INFO:root:elite fitness: 0.2976
INFO:root:Generation: 187
INFO:root:pop fitness: 0.14875
INFO:root:elite fitness: 0.2903
INFO:root:Generation: 178
INFO:root:pop fitness: 0.16006000000000004
INFO:root:elite fitness: 0.30295999999999995
INFO:root:Generation: 188
INFO:root:pop fitness: 0.15107
INFO:root:elite fitness: 0.25738
INFO:root:Generation: 179
INFO:root:pop fitness: 0.17010999999999998
INFO:root:elite fitness: 0.3413800000000001
INFO:root:Generation: 189
INFO:root:pop fitness: 0.1517
INFO:root:elite fitness: 0.28162
INFO:root:Generation: 180
INFO:root:pop fitness: 0.1586
INFO:root:elite fitness: 0.32167999999999997
INFO:root:Generation: 190
INFO:root:pop fitness: 0.16159
INFO:root:elite fitness: 0.30652
INFO:root:Generation: 181
INFO:root:pop fitness: 0.1609
INFO:root:elite fitness: 0.32166000000000006
INFO:root:Generation: 191
INFO:root:pop fitness: 0.15084
INFO:root:elite fitness: 0.27752000000000004
INFO:root:Generation: 182
INFO:root:pop fitness: 0.14131
INFO:root:elite fitness: 0.29308
INFO:root:Generation: 192
INFO:root:pop fitness: 0.14759
INFO:root:elite fitness: 0.28114000000000006
INFO:root:Generation: 183
INFO:root:pop fitness: 0.15091000000000002
INFO:root:elite fitness: 0.27956
INFO:root:Generation: 193
INFO:root:pop fitness: 0.14800000000000002
INFO:root:elite fitness: 0.25636
INFO:root:Generation: 184
INFO:root:pop fitness: 0.15593
INFO:root:elite fitness: 0.29698
INFO:root:Generation: 194
INFO:root:pop fitness: 0.14576
INFO:root:elite fitness: 0.29816
INFO:root:Generation: 195
INFO:root:pop fitness: 0.16207000000000005
INFO:root:elite fitness: 0.32704
INFO:root:Generation: 185
INFO:root:pop fitness: 0.16023999999999997
INFO:root:elite fitness: 0.31636000000000003
INFO:root:Generation: 196
INFO:root:pop fitness: 0.1603
INFO:root:elite fitness: 0.28851999999999994
INFO:root:Generation: 186
INFO:root:pop fitness: 0.16431000000000004
INFO:root:elite fitness: 0.31274
INFO:root:Generation: 197
INFO:root:pop fitness: 0.17106000000000005
INFO:root:elite fitness: 0.3257
INFO:root:Generation: 187
INFO:root:pop fitness: 0.13984
INFO:root:elite fitness: 0.28336
INFO:root:Generation: 198
INFO:root:pop fitness: 0.16596
INFO:root:elite fitness: 0.28112
INFO:root:Generation: 188
INFO:root:pop fitness: 0.14004000000000003
INFO:root:elite fitness: 0.29816
INFO:root:Generation: 199
INFO:root:pop fitness: 0.16085000000000002
INFO:root:elite fitness: 0.33248000000000005
INFO:root:Generation: 189
INFO:root:pop fitness: 0.14561999999999997
INFO:root:elite fitness: 0.27238
INFO:root:Generation: 190
INFO:root:pop fitness: 0.14114000000000002
INFO:root:elite fitness: 0.27149999999999996
INFO:root:Generation: 191
INFO:root:pop fitness: 0.16154
INFO:root:elite fitness: 0.30558
INFO:root:Generation: 192
INFO:root:pop fitness: 0.15943000000000002
INFO:root:elite fitness: 0.30142
INFO:root:Generation: 193
INFO:root:pop fitness: 0.16625999999999996
INFO:root:elite fitness: 0.33147999999999994
INFO:root:Generation: 194
INFO:root:pop fitness: 0.16152999999999998
INFO:root:elite fitness: 0.3145
INFO:root:Generation: 195
INFO:root:pop fitness: 0.16429
INFO:root:elite fitness: 0.3093
INFO:root:Generation: 196
INFO:root:pop fitness: 0.19119000000000003
INFO:root:elite fitness: 0.31871999999999995
INFO:root:Generation: 197
INFO:root:pop fitness: 0.17986000000000002
INFO:root:elite fitness: 0.33928
INFO:root:Generation: 198
INFO:root:pop fitness: 0.16737000000000002
INFO:root:elite fitness: 0.31112
INFO:root:Generation: 199
INFO:root:pop fitness: 0.17204000000000005
INFO:root:elite fitness: 0.31389999999999996
